[2025-03-12T13:44:55.348+0000] {processor.py:186} INFO - Started process (PID=198) to work on /opt/airflow/dags/create_dag_with_python_operator.py
[2025-03-12T13:44:55.350+0000] {processor.py:914} INFO - Processing file /opt/airflow/dags/create_dag_with_python_operator.py for tasks to queue
[2025-03-12T13:44:55.352+0000] {logging_mixin.py:190} INFO - [2025-03-12T13:44:55.352+0000] {dagbag.py:588} INFO - Filling up the DagBag from /opt/airflow/dags/create_dag_with_python_operator.py
[2025-03-12T13:44:55.374+0000] {processor.py:925} INFO - DAG(s) 'A_First_dag_python_operator_v02' retrieved from /opt/airflow/dags/create_dag_with_python_operator.py
[2025-03-12T13:44:55.507+0000] {logging_mixin.py:190} INFO - [2025-03-12T13:44:55.507+0000] {override.py:1912} INFO - Created Permission View: can edit on DAG:A_First_dag_python_operator_v02
[2025-03-12T13:44:55.517+0000] {logging_mixin.py:190} INFO - [2025-03-12T13:44:55.517+0000] {override.py:1912} INFO - Created Permission View: can delete on DAG:A_First_dag_python_operator_v02
[2025-03-12T13:44:55.525+0000] {logging_mixin.py:190} INFO - [2025-03-12T13:44:55.525+0000] {override.py:1912} INFO - Created Permission View: can read on DAG:A_First_dag_python_operator_v02
[2025-03-12T13:44:55.541+0000] {logging_mixin.py:190} INFO - [2025-03-12T13:44:55.540+0000] {override.py:1912} INFO - Created Permission View: can delete on DAG Run:A_First_dag_python_operator_v02
[2025-03-12T13:44:55.555+0000] {logging_mixin.py:190} INFO - [2025-03-12T13:44:55.549+0000] {override.py:1912} INFO - Created Permission View: menu access on DAG Run:A_First_dag_python_operator_v02
[2025-03-12T13:44:55.571+0000] {logging_mixin.py:190} INFO - [2025-03-12T13:44:55.570+0000] {override.py:1912} INFO - Created Permission View: can create on DAG Run:A_First_dag_python_operator_v02
[2025-03-12T13:44:55.578+0000] {logging_mixin.py:190} INFO - [2025-03-12T13:44:55.578+0000] {override.py:1912} INFO - Created Permission View: can read on DAG Run:A_First_dag_python_operator_v02
[2025-03-12T13:44:55.579+0000] {logging_mixin.py:190} INFO - [2025-03-12T13:44:55.579+0000] {dag.py:3239} INFO - Sync 1 DAGs
[2025-03-12T13:44:55.602+0000] {logging_mixin.py:190} INFO - [2025-03-12T13:44:55.602+0000] {dag.py:3262} INFO - Creating ORM DAG for A_First_dag_python_operator_v02
[2025-03-12T13:44:55.616+0000] {logging_mixin.py:190} INFO - [2025-03-12T13:44:55.616+0000] {dag.py:4180} INFO - Setting next_dagrun for A_First_dag_python_operator_v02 to 2025-03-09 00:00:00+00:00, run_after=2025-03-16 00:00:00+00:00
[2025-03-12T13:44:55.635+0000] {processor.py:208} INFO - Processing /opt/airflow/dags/create_dag_with_python_operator.py took 0.293 seconds
[2025-03-12T13:45:26.311+0000] {processor.py:186} INFO - Started process (PID=504) to work on /opt/airflow/dags/create_dag_with_python_operator.py
[2025-03-12T13:45:26.312+0000] {processor.py:914} INFO - Processing file /opt/airflow/dags/create_dag_with_python_operator.py for tasks to queue
[2025-03-12T13:45:26.314+0000] {logging_mixin.py:190} INFO - [2025-03-12T13:45:26.314+0000] {dagbag.py:588} INFO - Filling up the DagBag from /opt/airflow/dags/create_dag_with_python_operator.py
[2025-03-12T13:45:26.325+0000] {processor.py:925} INFO - DAG(s) 'A_First_dag_python_operator_v02' retrieved from /opt/airflow/dags/create_dag_with_python_operator.py
[2025-03-12T13:45:26.338+0000] {logging_mixin.py:190} INFO - [2025-03-12T13:45:26.338+0000] {dag.py:3239} INFO - Sync 1 DAGs
[2025-03-12T13:45:26.354+0000] {logging_mixin.py:190} INFO - [2025-03-12T13:45:26.354+0000] {dag.py:4180} INFO - Setting next_dagrun for A_First_dag_python_operator_v02 to 2025-03-09 00:00:00+00:00, run_after=2025-03-16 00:00:00+00:00
[2025-03-12T13:45:26.368+0000] {processor.py:208} INFO - Processing /opt/airflow/dags/create_dag_with_python_operator.py took 0.061 seconds
[2025-03-12T13:45:56.998+0000] {processor.py:186} INFO - Started process (PID=810) to work on /opt/airflow/dags/create_dag_with_python_operator.py
[2025-03-12T13:45:56.999+0000] {processor.py:914} INFO - Processing file /opt/airflow/dags/create_dag_with_python_operator.py for tasks to queue
[2025-03-12T13:45:57.001+0000] {logging_mixin.py:190} INFO - [2025-03-12T13:45:57.000+0000] {dagbag.py:588} INFO - Filling up the DagBag from /opt/airflow/dags/create_dag_with_python_operator.py
[2025-03-12T13:45:57.013+0000] {processor.py:925} INFO - DAG(s) 'A_First_dag_python_operator_v02' retrieved from /opt/airflow/dags/create_dag_with_python_operator.py
[2025-03-12T13:45:57.027+0000] {logging_mixin.py:190} INFO - [2025-03-12T13:45:57.027+0000] {dag.py:3239} INFO - Sync 1 DAGs
[2025-03-12T13:45:57.043+0000] {logging_mixin.py:190} INFO - [2025-03-12T13:45:57.042+0000] {dag.py:4180} INFO - Setting next_dagrun for A_First_dag_python_operator_v02 to 2025-03-09 00:00:00+00:00, run_after=2025-03-16 00:00:00+00:00
[2025-03-12T13:45:57.058+0000] {processor.py:208} INFO - Processing /opt/airflow/dags/create_dag_with_python_operator.py took 0.065 seconds
[2025-03-12T13:47:00.930+0000] {processor.py:186} INFO - Started process (PID=183) to work on /opt/airflow/dags/create_dag_with_python_operator.py
[2025-03-12T13:47:00.931+0000] {processor.py:914} INFO - Processing file /opt/airflow/dags/create_dag_with_python_operator.py for tasks to queue
[2025-03-12T13:47:00.933+0000] {logging_mixin.py:190} INFO - [2025-03-12T13:47:00.933+0000] {dagbag.py:588} INFO - Filling up the DagBag from /opt/airflow/dags/create_dag_with_python_operator.py
[2025-03-12T13:47:00.950+0000] {processor.py:925} INFO - DAG(s) 'A_First_dag_python_operator_v02' retrieved from /opt/airflow/dags/create_dag_with_python_operator.py
[2025-03-12T13:47:00.974+0000] {logging_mixin.py:190} INFO - [2025-03-12T13:47:00.974+0000] {dag.py:3239} INFO - Sync 1 DAGs
[2025-03-12T13:47:01.000+0000] {logging_mixin.py:190} INFO - [2025-03-12T13:47:01.000+0000] {dag.py:4180} INFO - Setting next_dagrun for A_First_dag_python_operator_v02 to 2025-03-09 00:00:00+00:00, run_after=2025-03-16 00:00:00+00:00
[2025-03-12T13:47:01.020+0000] {processor.py:208} INFO - Processing /opt/airflow/dags/create_dag_with_python_operator.py took 0.095 seconds
[2025-03-12T13:47:31.194+0000] {processor.py:186} INFO - Started process (PID=491) to work on /opt/airflow/dags/create_dag_with_python_operator.py
[2025-03-12T13:47:31.194+0000] {processor.py:914} INFO - Processing file /opt/airflow/dags/create_dag_with_python_operator.py for tasks to queue
[2025-03-12T13:47:31.196+0000] {logging_mixin.py:190} INFO - [2025-03-12T13:47:31.196+0000] {dagbag.py:588} INFO - Filling up the DagBag from /opt/airflow/dags/create_dag_with_python_operator.py
[2025-03-12T13:47:31.208+0000] {processor.py:925} INFO - DAG(s) 'A_First_dag_python_operator_v02' retrieved from /opt/airflow/dags/create_dag_with_python_operator.py
[2025-03-12T13:47:31.222+0000] {logging_mixin.py:190} INFO - [2025-03-12T13:47:31.222+0000] {dag.py:3239} INFO - Sync 1 DAGs
[2025-03-12T13:47:31.239+0000] {logging_mixin.py:190} INFO - [2025-03-12T13:47:31.239+0000] {dag.py:4180} INFO - Setting next_dagrun for A_First_dag_python_operator_v02 to 2025-03-09 00:00:00+00:00, run_after=2025-03-16 00:00:00+00:00
[2025-03-12T13:47:31.255+0000] {processor.py:208} INFO - Processing /opt/airflow/dags/create_dag_with_python_operator.py took 0.066 seconds
[2025-03-12T13:48:01.438+0000] {processor.py:186} INFO - Started process (PID=797) to work on /opt/airflow/dags/create_dag_with_python_operator.py
[2025-03-12T13:48:01.439+0000] {processor.py:914} INFO - Processing file /opt/airflow/dags/create_dag_with_python_operator.py for tasks to queue
[2025-03-12T13:48:01.441+0000] {logging_mixin.py:190} INFO - [2025-03-12T13:48:01.441+0000] {dagbag.py:588} INFO - Filling up the DagBag from /opt/airflow/dags/create_dag_with_python_operator.py
[2025-03-12T13:48:01.460+0000] {processor.py:925} INFO - DAG(s) 'A_First_dag_python_operator_v02' retrieved from /opt/airflow/dags/create_dag_with_python_operator.py
[2025-03-12T13:48:01.475+0000] {logging_mixin.py:190} INFO - [2025-03-12T13:48:01.475+0000] {dag.py:3239} INFO - Sync 1 DAGs
[2025-03-12T13:48:01.494+0000] {logging_mixin.py:190} INFO - [2025-03-12T13:48:01.494+0000] {dag.py:4180} INFO - Setting next_dagrun for A_First_dag_python_operator_v02 to 2025-03-09 00:00:00+00:00, run_after=2025-03-16 00:00:00+00:00
[2025-03-12T13:48:01.511+0000] {processor.py:208} INFO - Processing /opt/airflow/dags/create_dag_with_python_operator.py took 0.077 seconds
[2025-03-12T13:48:31.760+0000] {processor.py:186} INFO - Started process (PID=1103) to work on /opt/airflow/dags/create_dag_with_python_operator.py
[2025-03-12T13:48:31.760+0000] {processor.py:914} INFO - Processing file /opt/airflow/dags/create_dag_with_python_operator.py for tasks to queue
[2025-03-12T13:48:31.762+0000] {logging_mixin.py:190} INFO - [2025-03-12T13:48:31.762+0000] {dagbag.py:588} INFO - Filling up the DagBag from /opt/airflow/dags/create_dag_with_python_operator.py
[2025-03-12T13:48:31.774+0000] {processor.py:925} INFO - DAG(s) 'A_First_dag_python_operator_v02' retrieved from /opt/airflow/dags/create_dag_with_python_operator.py
[2025-03-12T13:48:31.787+0000] {logging_mixin.py:190} INFO - [2025-03-12T13:48:31.787+0000] {dag.py:3239} INFO - Sync 1 DAGs
[2025-03-12T13:48:31.804+0000] {logging_mixin.py:190} INFO - [2025-03-12T13:48:31.804+0000] {dag.py:4180} INFO - Setting next_dagrun for A_First_dag_python_operator_v02 to 2025-03-09 00:00:00+00:00, run_after=2025-03-16 00:00:00+00:00
[2025-03-12T13:48:31.820+0000] {processor.py:208} INFO - Processing /opt/airflow/dags/create_dag_with_python_operator.py took 0.065 seconds
[2025-03-12T13:49:02.418+0000] {processor.py:186} INFO - Started process (PID=1410) to work on /opt/airflow/dags/create_dag_with_python_operator.py
[2025-03-12T13:49:02.419+0000] {processor.py:914} INFO - Processing file /opt/airflow/dags/create_dag_with_python_operator.py for tasks to queue
[2025-03-12T13:49:02.421+0000] {logging_mixin.py:190} INFO - [2025-03-12T13:49:02.421+0000] {dagbag.py:588} INFO - Filling up the DagBag from /opt/airflow/dags/create_dag_with_python_operator.py
[2025-03-12T13:49:02.432+0000] {processor.py:925} INFO - DAG(s) 'A_First_dag_python_operator_v02' retrieved from /opt/airflow/dags/create_dag_with_python_operator.py
[2025-03-12T13:49:02.447+0000] {logging_mixin.py:190} INFO - [2025-03-12T13:49:02.446+0000] {dag.py:3239} INFO - Sync 1 DAGs
[2025-03-12T13:49:02.464+0000] {logging_mixin.py:190} INFO - [2025-03-12T13:49:02.464+0000] {dag.py:4180} INFO - Setting next_dagrun for A_First_dag_python_operator_v02 to 2025-03-09 00:00:00+00:00, run_after=2025-03-16 00:00:00+00:00
[2025-03-12T13:49:02.481+0000] {processor.py:208} INFO - Processing /opt/airflow/dags/create_dag_with_python_operator.py took 0.067 seconds
[2025-03-12T13:49:33.253+0000] {processor.py:186} INFO - Started process (PID=1716) to work on /opt/airflow/dags/create_dag_with_python_operator.py
[2025-03-12T13:49:33.254+0000] {processor.py:914} INFO - Processing file /opt/airflow/dags/create_dag_with_python_operator.py for tasks to queue
[2025-03-12T13:49:33.255+0000] {logging_mixin.py:190} INFO - [2025-03-12T13:49:33.255+0000] {dagbag.py:588} INFO - Filling up the DagBag from /opt/airflow/dags/create_dag_with_python_operator.py
[2025-03-12T13:49:33.267+0000] {processor.py:925} INFO - DAG(s) 'A_First_dag_python_operator_v02' retrieved from /opt/airflow/dags/create_dag_with_python_operator.py
[2025-03-12T13:49:33.281+0000] {logging_mixin.py:190} INFO - [2025-03-12T13:49:33.281+0000] {dag.py:3239} INFO - Sync 1 DAGs
[2025-03-12T13:49:33.298+0000] {logging_mixin.py:190} INFO - [2025-03-12T13:49:33.298+0000] {dag.py:4180} INFO - Setting next_dagrun for A_First_dag_python_operator_v02 to 2025-03-09 00:00:00+00:00, run_after=2025-03-16 00:00:00+00:00
[2025-03-12T13:49:33.313+0000] {processor.py:208} INFO - Processing /opt/airflow/dags/create_dag_with_python_operator.py took 0.064 seconds
[2025-03-12T13:50:06.089+0000] {processor.py:186} INFO - Started process (PID=2022) to work on /opt/airflow/dags/create_dag_with_python_operator.py
[2025-03-12T13:50:06.090+0000] {processor.py:914} INFO - Processing file /opt/airflow/dags/create_dag_with_python_operator.py for tasks to queue
[2025-03-12T13:50:06.091+0000] {logging_mixin.py:190} INFO - [2025-03-12T13:50:06.091+0000] {dagbag.py:588} INFO - Filling up the DagBag from /opt/airflow/dags/create_dag_with_python_operator.py
[2025-03-12T13:50:06.102+0000] {processor.py:925} INFO - DAG(s) 'A_First_dag_python_operator_v02' retrieved from /opt/airflow/dags/create_dag_with_python_operator.py
[2025-03-12T13:50:06.115+0000] {logging_mixin.py:190} INFO - [2025-03-12T13:50:06.115+0000] {dag.py:3239} INFO - Sync 1 DAGs
[2025-03-12T13:50:06.131+0000] {logging_mixin.py:190} INFO - [2025-03-12T13:50:06.131+0000] {dag.py:4180} INFO - Setting next_dagrun for A_First_dag_python_operator_v02 to 2025-03-09 00:00:00+00:00, run_after=2025-03-16 00:00:00+00:00
[2025-03-12T13:50:06.144+0000] {processor.py:208} INFO - Processing /opt/airflow/dags/create_dag_with_python_operator.py took 0.059 seconds
[2025-03-12T13:50:40.190+0000] {processor.py:186} INFO - Started process (PID=2329) to work on /opt/airflow/dags/create_dag_with_python_operator.py
[2025-03-12T13:50:40.191+0000] {processor.py:914} INFO - Processing file /opt/airflow/dags/create_dag_with_python_operator.py for tasks to queue
[2025-03-12T13:50:40.193+0000] {logging_mixin.py:190} INFO - [2025-03-12T13:50:40.193+0000] {dagbag.py:588} INFO - Filling up the DagBag from /opt/airflow/dags/create_dag_with_python_operator.py
[2025-03-12T13:50:40.225+0000] {processor.py:925} INFO - DAG(s) 'A_First_dag_python_operator_v02' retrieved from /opt/airflow/dags/create_dag_with_python_operator.py
[2025-03-12T13:50:40.267+0000] {logging_mixin.py:190} INFO - [2025-03-12T13:50:40.265+0000] {dag.py:3239} INFO - Sync 1 DAGs
[2025-03-12T13:50:40.302+0000] {logging_mixin.py:190} INFO - [2025-03-12T13:50:40.301+0000] {dag.py:4180} INFO - Setting next_dagrun for A_First_dag_python_operator_v02 to 2025-03-09 00:00:00+00:00, run_after=2025-03-16 00:00:00+00:00
[2025-03-12T13:50:40.323+0000] {processor.py:208} INFO - Processing /opt/airflow/dags/create_dag_with_python_operator.py took 0.139 seconds
[2025-03-12T13:51:13.196+0000] {processor.py:186} INFO - Started process (PID=2635) to work on /opt/airflow/dags/create_dag_with_python_operator.py
[2025-03-12T13:51:13.196+0000] {processor.py:914} INFO - Processing file /opt/airflow/dags/create_dag_with_python_operator.py for tasks to queue
[2025-03-12T13:51:13.199+0000] {logging_mixin.py:190} INFO - [2025-03-12T13:51:13.198+0000] {dagbag.py:588} INFO - Filling up the DagBag from /opt/airflow/dags/create_dag_with_python_operator.py
[2025-03-12T13:51:13.213+0000] {processor.py:925} INFO - DAG(s) 'A_First_dag_python_operator_v02' retrieved from /opt/airflow/dags/create_dag_with_python_operator.py
[2025-03-12T13:51:13.226+0000] {logging_mixin.py:190} INFO - [2025-03-12T13:51:13.226+0000] {dag.py:3239} INFO - Sync 1 DAGs
[2025-03-12T13:51:13.245+0000] {logging_mixin.py:190} INFO - [2025-03-12T13:51:13.245+0000] {dag.py:4180} INFO - Setting next_dagrun for A_First_dag_python_operator_v02 to 2025-03-09 00:00:00+00:00, run_after=2025-03-16 00:00:00+00:00
[2025-03-12T13:51:13.265+0000] {processor.py:208} INFO - Processing /opt/airflow/dags/create_dag_with_python_operator.py took 0.073 seconds
[2025-03-12T13:51:45.923+0000] {processor.py:186} INFO - Started process (PID=2941) to work on /opt/airflow/dags/create_dag_with_python_operator.py
[2025-03-12T13:51:45.924+0000] {processor.py:914} INFO - Processing file /opt/airflow/dags/create_dag_with_python_operator.py for tasks to queue
[2025-03-12T13:51:45.926+0000] {logging_mixin.py:190} INFO - [2025-03-12T13:51:45.926+0000] {dagbag.py:588} INFO - Filling up the DagBag from /opt/airflow/dags/create_dag_with_python_operator.py
[2025-03-12T13:51:45.940+0000] {processor.py:925} INFO - DAG(s) 'A_First_dag_python_operator_v02' retrieved from /opt/airflow/dags/create_dag_with_python_operator.py
[2025-03-12T13:51:45.956+0000] {logging_mixin.py:190} INFO - [2025-03-12T13:51:45.956+0000] {dag.py:3239} INFO - Sync 1 DAGs
[2025-03-12T13:51:45.975+0000] {logging_mixin.py:190} INFO - [2025-03-12T13:51:45.975+0000] {dag.py:4180} INFO - Setting next_dagrun for A_First_dag_python_operator_v02 to 2025-03-09 00:00:00+00:00, run_after=2025-03-16 00:00:00+00:00
[2025-03-12T13:51:45.991+0000] {processor.py:208} INFO - Processing /opt/airflow/dags/create_dag_with_python_operator.py took 0.072 seconds
[2025-03-12T13:52:19.904+0000] {processor.py:186} INFO - Started process (PID=3247) to work on /opt/airflow/dags/create_dag_with_python_operator.py
[2025-03-12T13:52:19.905+0000] {processor.py:914} INFO - Processing file /opt/airflow/dags/create_dag_with_python_operator.py for tasks to queue
[2025-03-12T13:52:19.907+0000] {logging_mixin.py:190} INFO - [2025-03-12T13:52:19.907+0000] {dagbag.py:588} INFO - Filling up the DagBag from /opt/airflow/dags/create_dag_with_python_operator.py
[2025-03-12T13:52:19.921+0000] {processor.py:925} INFO - DAG(s) 'A_First_dag_python_operator_v02' retrieved from /opt/airflow/dags/create_dag_with_python_operator.py
[2025-03-12T13:52:19.936+0000] {logging_mixin.py:190} INFO - [2025-03-12T13:52:19.936+0000] {dag.py:3239} INFO - Sync 1 DAGs
[2025-03-12T13:52:19.970+0000] {logging_mixin.py:190} INFO - [2025-03-12T13:52:19.969+0000] {dag.py:4180} INFO - Setting next_dagrun for A_First_dag_python_operator_v02 to 2025-03-09 00:00:00+00:00, run_after=2025-03-16 00:00:00+00:00
[2025-03-12T13:52:19.987+0000] {processor.py:208} INFO - Processing /opt/airflow/dags/create_dag_with_python_operator.py took 0.087 seconds
[2025-03-12T13:52:53.442+0000] {processor.py:186} INFO - Started process (PID=3553) to work on /opt/airflow/dags/create_dag_with_python_operator.py
[2025-03-12T13:52:53.443+0000] {processor.py:914} INFO - Processing file /opt/airflow/dags/create_dag_with_python_operator.py for tasks to queue
[2025-03-12T13:52:53.445+0000] {logging_mixin.py:190} INFO - [2025-03-12T13:52:53.445+0000] {dagbag.py:588} INFO - Filling up the DagBag from /opt/airflow/dags/create_dag_with_python_operator.py
[2025-03-12T13:52:53.470+0000] {processor.py:925} INFO - DAG(s) 'A_First_dag_python_operator_v02' retrieved from /opt/airflow/dags/create_dag_with_python_operator.py
[2025-03-12T13:52:53.495+0000] {logging_mixin.py:190} INFO - [2025-03-12T13:52:53.494+0000] {dag.py:3239} INFO - Sync 1 DAGs
[2025-03-12T13:52:53.524+0000] {logging_mixin.py:190} INFO - [2025-03-12T13:52:53.524+0000] {dag.py:4180} INFO - Setting next_dagrun for A_First_dag_python_operator_v02 to 2025-03-09 00:00:00+00:00, run_after=2025-03-16 00:00:00+00:00
[2025-03-12T13:52:53.548+0000] {processor.py:208} INFO - Processing /opt/airflow/dags/create_dag_with_python_operator.py took 0.113 seconds
[2025-03-12T13:53:25.928+0000] {processor.py:186} INFO - Started process (PID=3859) to work on /opt/airflow/dags/create_dag_with_python_operator.py
[2025-03-12T13:53:25.929+0000] {processor.py:914} INFO - Processing file /opt/airflow/dags/create_dag_with_python_operator.py for tasks to queue
[2025-03-12T13:53:25.932+0000] {logging_mixin.py:190} INFO - [2025-03-12T13:53:25.931+0000] {dagbag.py:588} INFO - Filling up the DagBag from /opt/airflow/dags/create_dag_with_python_operator.py
[2025-03-12T13:53:25.945+0000] {processor.py:925} INFO - DAG(s) 'A_First_dag_python_operator_v02' retrieved from /opt/airflow/dags/create_dag_with_python_operator.py
[2025-03-12T13:53:25.961+0000] {logging_mixin.py:190} INFO - [2025-03-12T13:53:25.961+0000] {dag.py:3239} INFO - Sync 1 DAGs
[2025-03-12T13:53:25.985+0000] {logging_mixin.py:190} INFO - [2025-03-12T13:53:25.984+0000] {dag.py:4180} INFO - Setting next_dagrun for A_First_dag_python_operator_v02 to 2025-03-09 00:00:00+00:00, run_after=2025-03-16 00:00:00+00:00
[2025-03-12T13:53:26.005+0000] {processor.py:208} INFO - Processing /opt/airflow/dags/create_dag_with_python_operator.py took 0.081 seconds
[2025-03-12T13:53:59.539+0000] {processor.py:186} INFO - Started process (PID=4165) to work on /opt/airflow/dags/create_dag_with_python_operator.py
[2025-03-12T13:53:59.540+0000] {processor.py:914} INFO - Processing file /opt/airflow/dags/create_dag_with_python_operator.py for tasks to queue
[2025-03-12T13:53:59.541+0000] {logging_mixin.py:190} INFO - [2025-03-12T13:53:59.541+0000] {dagbag.py:588} INFO - Filling up the DagBag from /opt/airflow/dags/create_dag_with_python_operator.py
[2025-03-12T13:53:59.555+0000] {processor.py:925} INFO - DAG(s) 'A_First_dag_python_operator_v02' retrieved from /opt/airflow/dags/create_dag_with_python_operator.py
[2025-03-12T13:53:59.570+0000] {logging_mixin.py:190} INFO - [2025-03-12T13:53:59.570+0000] {dag.py:3239} INFO - Sync 1 DAGs
[2025-03-12T13:53:59.588+0000] {logging_mixin.py:190} INFO - [2025-03-12T13:53:59.588+0000] {dag.py:4180} INFO - Setting next_dagrun for A_First_dag_python_operator_v02 to 2025-03-09 00:00:00+00:00, run_after=2025-03-16 00:00:00+00:00
[2025-03-12T13:53:59.606+0000] {processor.py:208} INFO - Processing /opt/airflow/dags/create_dag_with_python_operator.py took 0.073 seconds
[2025-03-12T13:54:32.769+0000] {processor.py:186} INFO - Started process (PID=4471) to work on /opt/airflow/dags/create_dag_with_python_operator.py
[2025-03-12T13:54:32.770+0000] {processor.py:914} INFO - Processing file /opt/airflow/dags/create_dag_with_python_operator.py for tasks to queue
[2025-03-12T13:54:32.773+0000] {logging_mixin.py:190} INFO - [2025-03-12T13:54:32.773+0000] {dagbag.py:588} INFO - Filling up the DagBag from /opt/airflow/dags/create_dag_with_python_operator.py
[2025-03-12T13:54:32.791+0000] {processor.py:925} INFO - DAG(s) 'A_First_dag_python_operator_v02' retrieved from /opt/airflow/dags/create_dag_with_python_operator.py
[2025-03-12T13:54:32.808+0000] {logging_mixin.py:190} INFO - [2025-03-12T13:54:32.808+0000] {dag.py:3239} INFO - Sync 1 DAGs
[2025-03-12T13:54:32.828+0000] {logging_mixin.py:190} INFO - [2025-03-12T13:54:32.828+0000] {dag.py:4180} INFO - Setting next_dagrun for A_First_dag_python_operator_v02 to 2025-03-09 00:00:00+00:00, run_after=2025-03-16 00:00:00+00:00
[2025-03-12T13:54:32.845+0000] {processor.py:208} INFO - Processing /opt/airflow/dags/create_dag_with_python_operator.py took 0.081 seconds
[2025-03-12T13:55:06.870+0000] {processor.py:186} INFO - Started process (PID=4777) to work on /opt/airflow/dags/create_dag_with_python_operator.py
[2025-03-12T13:55:06.871+0000] {processor.py:914} INFO - Processing file /opt/airflow/dags/create_dag_with_python_operator.py for tasks to queue
[2025-03-12T13:55:06.873+0000] {logging_mixin.py:190} INFO - [2025-03-12T13:55:06.873+0000] {dagbag.py:588} INFO - Filling up the DagBag from /opt/airflow/dags/create_dag_with_python_operator.py
[2025-03-12T13:55:06.889+0000] {processor.py:925} INFO - DAG(s) 'A_First_dag_python_operator_v02' retrieved from /opt/airflow/dags/create_dag_with_python_operator.py
[2025-03-12T13:55:06.907+0000] {logging_mixin.py:190} INFO - [2025-03-12T13:55:06.907+0000] {dag.py:3239} INFO - Sync 1 DAGs
[2025-03-12T13:55:06.934+0000] {logging_mixin.py:190} INFO - [2025-03-12T13:55:06.933+0000] {dag.py:4180} INFO - Setting next_dagrun for A_First_dag_python_operator_v02 to 2025-03-09 00:00:00+00:00, run_after=2025-03-16 00:00:00+00:00
[2025-03-12T13:55:06.954+0000] {processor.py:208} INFO - Processing /opt/airflow/dags/create_dag_with_python_operator.py took 0.089 seconds
[2025-03-12T13:55:39.366+0000] {processor.py:186} INFO - Started process (PID=5083) to work on /opt/airflow/dags/create_dag_with_python_operator.py
[2025-03-12T13:55:39.367+0000] {processor.py:914} INFO - Processing file /opt/airflow/dags/create_dag_with_python_operator.py for tasks to queue
[2025-03-12T13:55:39.369+0000] {logging_mixin.py:190} INFO - [2025-03-12T13:55:39.368+0000] {dagbag.py:588} INFO - Filling up the DagBag from /opt/airflow/dags/create_dag_with_python_operator.py
[2025-03-12T13:55:39.389+0000] {processor.py:925} INFO - DAG(s) 'A_First_dag_python_operator_v02' retrieved from /opt/airflow/dags/create_dag_with_python_operator.py
[2025-03-12T13:55:39.407+0000] {logging_mixin.py:190} INFO - [2025-03-12T13:55:39.407+0000] {dag.py:3239} INFO - Sync 1 DAGs
[2025-03-12T13:55:39.423+0000] {logging_mixin.py:190} INFO - [2025-03-12T13:55:39.423+0000] {dag.py:4180} INFO - Setting next_dagrun for A_First_dag_python_operator_v02 to 2025-03-09 00:00:00+00:00, run_after=2025-03-16 00:00:00+00:00
[2025-03-12T13:55:39.440+0000] {processor.py:208} INFO - Processing /opt/airflow/dags/create_dag_with_python_operator.py took 0.079 seconds
[2025-03-12T13:56:13.143+0000] {processor.py:186} INFO - Started process (PID=5389) to work on /opt/airflow/dags/create_dag_with_python_operator.py
[2025-03-12T13:56:13.143+0000] {processor.py:914} INFO - Processing file /opt/airflow/dags/create_dag_with_python_operator.py for tasks to queue
[2025-03-12T13:56:13.145+0000] {logging_mixin.py:190} INFO - [2025-03-12T13:56:13.145+0000] {dagbag.py:588} INFO - Filling up the DagBag from /opt/airflow/dags/create_dag_with_python_operator.py
[2025-03-12T13:56:13.158+0000] {processor.py:925} INFO - DAG(s) 'A_First_dag_python_operator_v02' retrieved from /opt/airflow/dags/create_dag_with_python_operator.py
[2025-03-12T13:56:13.173+0000] {logging_mixin.py:190} INFO - [2025-03-12T13:56:13.173+0000] {dag.py:3239} INFO - Sync 1 DAGs
[2025-03-12T13:56:13.196+0000] {logging_mixin.py:190} INFO - [2025-03-12T13:56:13.196+0000] {dag.py:4180} INFO - Setting next_dagrun for A_First_dag_python_operator_v02 to 2025-03-09 00:00:00+00:00, run_after=2025-03-16 00:00:00+00:00
[2025-03-12T13:56:13.215+0000] {processor.py:208} INFO - Processing /opt/airflow/dags/create_dag_with_python_operator.py took 0.077 seconds
[2025-03-12T13:56:46.400+0000] {processor.py:186} INFO - Started process (PID=5695) to work on /opt/airflow/dags/create_dag_with_python_operator.py
[2025-03-12T13:56:46.401+0000] {processor.py:914} INFO - Processing file /opt/airflow/dags/create_dag_with_python_operator.py for tasks to queue
[2025-03-12T13:56:46.404+0000] {logging_mixin.py:190} INFO - [2025-03-12T13:56:46.404+0000] {dagbag.py:588} INFO - Filling up the DagBag from /opt/airflow/dags/create_dag_with_python_operator.py
[2025-03-12T13:56:46.422+0000] {processor.py:925} INFO - DAG(s) 'A_First_dag_python_operator_v02' retrieved from /opt/airflow/dags/create_dag_with_python_operator.py
[2025-03-12T13:56:46.439+0000] {logging_mixin.py:190} INFO - [2025-03-12T13:56:46.439+0000] {dag.py:3239} INFO - Sync 1 DAGs
[2025-03-12T13:56:46.456+0000] {logging_mixin.py:190} INFO - [2025-03-12T13:56:46.456+0000] {dag.py:4180} INFO - Setting next_dagrun for A_First_dag_python_operator_v02 to 2025-03-09 00:00:00+00:00, run_after=2025-03-16 00:00:00+00:00
[2025-03-12T13:56:46.473+0000] {processor.py:208} INFO - Processing /opt/airflow/dags/create_dag_with_python_operator.py took 0.078 seconds
[2025-03-12T13:57:19.921+0000] {processor.py:186} INFO - Started process (PID=6001) to work on /opt/airflow/dags/create_dag_with_python_operator.py
[2025-03-12T13:57:19.922+0000] {processor.py:914} INFO - Processing file /opt/airflow/dags/create_dag_with_python_operator.py for tasks to queue
[2025-03-12T13:57:19.923+0000] {logging_mixin.py:190} INFO - [2025-03-12T13:57:19.923+0000] {dagbag.py:588} INFO - Filling up the DagBag from /opt/airflow/dags/create_dag_with_python_operator.py
[2025-03-12T13:57:19.935+0000] {processor.py:925} INFO - DAG(s) 'A_First_dag_python_operator_v02' retrieved from /opt/airflow/dags/create_dag_with_python_operator.py
[2025-03-12T13:57:19.948+0000] {logging_mixin.py:190} INFO - [2025-03-12T13:57:19.948+0000] {dag.py:3239} INFO - Sync 1 DAGs
[2025-03-12T13:57:19.964+0000] {logging_mixin.py:190} INFO - [2025-03-12T13:57:19.964+0000] {dag.py:4180} INFO - Setting next_dagrun for A_First_dag_python_operator_v02 to 2025-03-09 00:00:00+00:00, run_after=2025-03-16 00:00:00+00:00
[2025-03-12T13:57:19.980+0000] {processor.py:208} INFO - Processing /opt/airflow/dags/create_dag_with_python_operator.py took 0.063 seconds
[2025-03-12T13:57:53.538+0000] {processor.py:186} INFO - Started process (PID=6307) to work on /opt/airflow/dags/create_dag_with_python_operator.py
[2025-03-12T13:57:53.539+0000] {processor.py:914} INFO - Processing file /opt/airflow/dags/create_dag_with_python_operator.py for tasks to queue
[2025-03-12T13:57:53.540+0000] {logging_mixin.py:190} INFO - [2025-03-12T13:57:53.540+0000] {dagbag.py:588} INFO - Filling up the DagBag from /opt/airflow/dags/create_dag_with_python_operator.py
[2025-03-12T13:57:53.552+0000] {processor.py:925} INFO - DAG(s) 'A_First_dag_python_operator_v02' retrieved from /opt/airflow/dags/create_dag_with_python_operator.py
[2025-03-12T13:57:53.565+0000] {logging_mixin.py:190} INFO - [2025-03-12T13:57:53.564+0000] {dag.py:3239} INFO - Sync 1 DAGs
[2025-03-12T13:57:53.581+0000] {logging_mixin.py:190} INFO - [2025-03-12T13:57:53.581+0000] {dag.py:4180} INFO - Setting next_dagrun for A_First_dag_python_operator_v02 to 2025-03-09 00:00:00+00:00, run_after=2025-03-16 00:00:00+00:00
[2025-03-12T13:57:53.597+0000] {processor.py:208} INFO - Processing /opt/airflow/dags/create_dag_with_python_operator.py took 0.063 seconds
[2025-03-12T13:58:26.585+0000] {processor.py:186} INFO - Started process (PID=6613) to work on /opt/airflow/dags/create_dag_with_python_operator.py
[2025-03-12T13:58:26.586+0000] {processor.py:914} INFO - Processing file /opt/airflow/dags/create_dag_with_python_operator.py for tasks to queue
[2025-03-12T13:58:26.587+0000] {logging_mixin.py:190} INFO - [2025-03-12T13:58:26.587+0000] {dagbag.py:588} INFO - Filling up the DagBag from /opt/airflow/dags/create_dag_with_python_operator.py
[2025-03-12T13:58:26.599+0000] {processor.py:925} INFO - DAG(s) 'A_First_dag_python_operator_v02' retrieved from /opt/airflow/dags/create_dag_with_python_operator.py
[2025-03-12T13:58:26.613+0000] {logging_mixin.py:190} INFO - [2025-03-12T13:58:26.613+0000] {dag.py:3239} INFO - Sync 1 DAGs
[2025-03-12T13:58:26.628+0000] {logging_mixin.py:190} INFO - [2025-03-12T13:58:26.628+0000] {dag.py:4180} INFO - Setting next_dagrun for A_First_dag_python_operator_v02 to 2025-03-09 00:00:00+00:00, run_after=2025-03-16 00:00:00+00:00
[2025-03-12T13:58:26.645+0000] {processor.py:208} INFO - Processing /opt/airflow/dags/create_dag_with_python_operator.py took 0.064 seconds
[2025-03-12T13:58:59.899+0000] {processor.py:186} INFO - Started process (PID=6919) to work on /opt/airflow/dags/create_dag_with_python_operator.py
[2025-03-12T13:58:59.900+0000] {processor.py:914} INFO - Processing file /opt/airflow/dags/create_dag_with_python_operator.py for tasks to queue
[2025-03-12T13:58:59.902+0000] {logging_mixin.py:190} INFO - [2025-03-12T13:58:59.901+0000] {dagbag.py:588} INFO - Filling up the DagBag from /opt/airflow/dags/create_dag_with_python_operator.py
[2025-03-12T13:58:59.916+0000] {processor.py:925} INFO - DAG(s) 'A_First_dag_python_operator_v02' retrieved from /opt/airflow/dags/create_dag_with_python_operator.py
[2025-03-12T13:58:59.930+0000] {logging_mixin.py:190} INFO - [2025-03-12T13:58:59.930+0000] {dag.py:3239} INFO - Sync 1 DAGs
[2025-03-12T13:58:59.948+0000] {logging_mixin.py:190} INFO - [2025-03-12T13:58:59.948+0000] {dag.py:4180} INFO - Setting next_dagrun for A_First_dag_python_operator_v02 to 2025-03-09 00:00:00+00:00, run_after=2025-03-16 00:00:00+00:00
[2025-03-12T13:58:59.964+0000] {processor.py:208} INFO - Processing /opt/airflow/dags/create_dag_with_python_operator.py took 0.070 seconds
[2025-03-12T13:59:32.994+0000] {processor.py:186} INFO - Started process (PID=7225) to work on /opt/airflow/dags/create_dag_with_python_operator.py
[2025-03-12T13:59:32.995+0000] {processor.py:914} INFO - Processing file /opt/airflow/dags/create_dag_with_python_operator.py for tasks to queue
[2025-03-12T13:59:32.997+0000] {logging_mixin.py:190} INFO - [2025-03-12T13:59:32.997+0000] {dagbag.py:588} INFO - Filling up the DagBag from /opt/airflow/dags/create_dag_with_python_operator.py
[2025-03-12T13:59:33.011+0000] {processor.py:925} INFO - DAG(s) 'A_First_dag_python_operator_v02' retrieved from /opt/airflow/dags/create_dag_with_python_operator.py
[2025-03-12T13:59:33.025+0000] {logging_mixin.py:190} INFO - [2025-03-12T13:59:33.025+0000] {dag.py:3239} INFO - Sync 1 DAGs
[2025-03-12T13:59:33.041+0000] {logging_mixin.py:190} INFO - [2025-03-12T13:59:33.041+0000] {dag.py:4180} INFO - Setting next_dagrun for A_First_dag_python_operator_v02 to 2025-03-09 00:00:00+00:00, run_after=2025-03-16 00:00:00+00:00
[2025-03-12T13:59:33.058+0000] {processor.py:208} INFO - Processing /opt/airflow/dags/create_dag_with_python_operator.py took 0.068 seconds
[2025-03-12T14:00:06.752+0000] {processor.py:186} INFO - Started process (PID=7531) to work on /opt/airflow/dags/create_dag_with_python_operator.py
[2025-03-12T14:00:06.752+0000] {processor.py:914} INFO - Processing file /opt/airflow/dags/create_dag_with_python_operator.py for tasks to queue
[2025-03-12T14:00:06.754+0000] {logging_mixin.py:190} INFO - [2025-03-12T14:00:06.754+0000] {dagbag.py:588} INFO - Filling up the DagBag from /opt/airflow/dags/create_dag_with_python_operator.py
[2025-03-12T14:00:06.766+0000] {processor.py:925} INFO - DAG(s) 'A_First_dag_python_operator_v02' retrieved from /opt/airflow/dags/create_dag_with_python_operator.py
[2025-03-12T14:00:06.781+0000] {logging_mixin.py:190} INFO - [2025-03-12T14:00:06.780+0000] {dag.py:3239} INFO - Sync 1 DAGs
[2025-03-12T14:00:06.796+0000] {logging_mixin.py:190} INFO - [2025-03-12T14:00:06.796+0000] {dag.py:4180} INFO - Setting next_dagrun for A_First_dag_python_operator_v02 to 2025-03-09 00:00:00+00:00, run_after=2025-03-16 00:00:00+00:00
[2025-03-12T14:00:06.812+0000] {processor.py:208} INFO - Processing /opt/airflow/dags/create_dag_with_python_operator.py took 0.064 seconds
[2025-03-12T14:00:39.507+0000] {processor.py:186} INFO - Started process (PID=7837) to work on /opt/airflow/dags/create_dag_with_python_operator.py
[2025-03-12T14:00:39.508+0000] {processor.py:914} INFO - Processing file /opt/airflow/dags/create_dag_with_python_operator.py for tasks to queue
[2025-03-12T14:00:39.509+0000] {logging_mixin.py:190} INFO - [2025-03-12T14:00:39.509+0000] {dagbag.py:588} INFO - Filling up the DagBag from /opt/airflow/dags/create_dag_with_python_operator.py
[2025-03-12T14:00:39.524+0000] {processor.py:925} INFO - DAG(s) 'A_First_dag_python_operator_v02' retrieved from /opt/airflow/dags/create_dag_with_python_operator.py
[2025-03-12T14:00:39.540+0000] {logging_mixin.py:190} INFO - [2025-03-12T14:00:39.539+0000] {dag.py:3239} INFO - Sync 1 DAGs
[2025-03-12T14:00:39.560+0000] {logging_mixin.py:190} INFO - [2025-03-12T14:00:39.560+0000] {dag.py:4180} INFO - Setting next_dagrun for A_First_dag_python_operator_v02 to 2025-03-09 00:00:00+00:00, run_after=2025-03-16 00:00:00+00:00
[2025-03-12T14:00:39.576+0000] {processor.py:208} INFO - Processing /opt/airflow/dags/create_dag_with_python_operator.py took 0.074 seconds
[2025-03-12T14:01:13.236+0000] {processor.py:186} INFO - Started process (PID=8143) to work on /opt/airflow/dags/create_dag_with_python_operator.py
[2025-03-12T14:01:13.236+0000] {processor.py:914} INFO - Processing file /opt/airflow/dags/create_dag_with_python_operator.py for tasks to queue
[2025-03-12T14:01:13.238+0000] {logging_mixin.py:190} INFO - [2025-03-12T14:01:13.238+0000] {dagbag.py:588} INFO - Filling up the DagBag from /opt/airflow/dags/create_dag_with_python_operator.py
[2025-03-12T14:01:13.250+0000] {processor.py:925} INFO - DAG(s) 'A_First_dag_python_operator_v02' retrieved from /opt/airflow/dags/create_dag_with_python_operator.py
[2025-03-12T14:01:13.264+0000] {logging_mixin.py:190} INFO - [2025-03-12T14:01:13.264+0000] {dag.py:3239} INFO - Sync 1 DAGs
[2025-03-12T14:01:13.282+0000] {logging_mixin.py:190} INFO - [2025-03-12T14:01:13.282+0000] {dag.py:4180} INFO - Setting next_dagrun for A_First_dag_python_operator_v02 to 2025-03-09 00:00:00+00:00, run_after=2025-03-16 00:00:00+00:00
[2025-03-12T14:01:13.298+0000] {processor.py:208} INFO - Processing /opt/airflow/dags/create_dag_with_python_operator.py took 0.067 seconds
[2025-03-12T14:01:46.246+0000] {processor.py:186} INFO - Started process (PID=8450) to work on /opt/airflow/dags/create_dag_with_python_operator.py
[2025-03-12T14:01:46.247+0000] {processor.py:914} INFO - Processing file /opt/airflow/dags/create_dag_with_python_operator.py for tasks to queue
[2025-03-12T14:01:46.249+0000] {logging_mixin.py:190} INFO - [2025-03-12T14:01:46.248+0000] {dagbag.py:588} INFO - Filling up the DagBag from /opt/airflow/dags/create_dag_with_python_operator.py
[2025-03-12T14:01:46.262+0000] {processor.py:925} INFO - DAG(s) 'A_First_dag_python_operator_v02' retrieved from /opt/airflow/dags/create_dag_with_python_operator.py
[2025-03-12T14:01:46.277+0000] {logging_mixin.py:190} INFO - [2025-03-12T14:01:46.277+0000] {dag.py:3239} INFO - Sync 1 DAGs
[2025-03-12T14:01:46.295+0000] {logging_mixin.py:190} INFO - [2025-03-12T14:01:46.295+0000] {dag.py:4180} INFO - Setting next_dagrun for A_First_dag_python_operator_v02 to 2025-03-09 00:00:00+00:00, run_after=2025-03-16 00:00:00+00:00
[2025-03-12T14:01:46.314+0000] {processor.py:208} INFO - Processing /opt/airflow/dags/create_dag_with_python_operator.py took 0.073 seconds
[2025-03-12T14:02:20.068+0000] {processor.py:186} INFO - Started process (PID=8756) to work on /opt/airflow/dags/create_dag_with_python_operator.py
[2025-03-12T14:02:20.068+0000] {processor.py:914} INFO - Processing file /opt/airflow/dags/create_dag_with_python_operator.py for tasks to queue
[2025-03-12T14:02:20.070+0000] {logging_mixin.py:190} INFO - [2025-03-12T14:02:20.070+0000] {dagbag.py:588} INFO - Filling up the DagBag from /opt/airflow/dags/create_dag_with_python_operator.py
[2025-03-12T14:02:20.084+0000] {processor.py:925} INFO - DAG(s) 'A_First_dag_python_operator_v02' retrieved from /opt/airflow/dags/create_dag_with_python_operator.py
[2025-03-12T14:02:20.107+0000] {logging_mixin.py:190} INFO - [2025-03-12T14:02:20.107+0000] {dag.py:3239} INFO - Sync 1 DAGs
[2025-03-12T14:02:20.146+0000] {logging_mixin.py:190} INFO - [2025-03-12T14:02:20.146+0000] {dag.py:4180} INFO - Setting next_dagrun for A_First_dag_python_operator_v02 to 2025-03-09 00:00:00+00:00, run_after=2025-03-16 00:00:00+00:00
[2025-03-12T14:02:20.171+0000] {processor.py:208} INFO - Processing /opt/airflow/dags/create_dag_with_python_operator.py took 0.107 seconds
[2025-03-12T14:02:53.123+0000] {processor.py:186} INFO - Started process (PID=9062) to work on /opt/airflow/dags/create_dag_with_python_operator.py
[2025-03-12T14:02:53.124+0000] {processor.py:914} INFO - Processing file /opt/airflow/dags/create_dag_with_python_operator.py for tasks to queue
[2025-03-12T14:02:53.126+0000] {logging_mixin.py:190} INFO - [2025-03-12T14:02:53.126+0000] {dagbag.py:588} INFO - Filling up the DagBag from /opt/airflow/dags/create_dag_with_python_operator.py
[2025-03-12T14:02:53.140+0000] {processor.py:925} INFO - DAG(s) 'A_First_dag_python_operator_v02' retrieved from /opt/airflow/dags/create_dag_with_python_operator.py
[2025-03-12T14:02:53.155+0000] {logging_mixin.py:190} INFO - [2025-03-12T14:02:53.155+0000] {dag.py:3239} INFO - Sync 1 DAGs
[2025-03-12T14:02:53.171+0000] {logging_mixin.py:190} INFO - [2025-03-12T14:02:53.171+0000] {dag.py:4180} INFO - Setting next_dagrun for A_First_dag_python_operator_v02 to 2025-03-09 00:00:00+00:00, run_after=2025-03-16 00:00:00+00:00
[2025-03-12T14:02:53.186+0000] {processor.py:208} INFO - Processing /opt/airflow/dags/create_dag_with_python_operator.py took 0.067 seconds
[2025-03-12T14:03:26.168+0000] {processor.py:186} INFO - Started process (PID=9368) to work on /opt/airflow/dags/create_dag_with_python_operator.py
[2025-03-12T14:03:26.169+0000] {processor.py:914} INFO - Processing file /opt/airflow/dags/create_dag_with_python_operator.py for tasks to queue
[2025-03-12T14:03:26.170+0000] {logging_mixin.py:190} INFO - [2025-03-12T14:03:26.170+0000] {dagbag.py:588} INFO - Filling up the DagBag from /opt/airflow/dags/create_dag_with_python_operator.py
[2025-03-12T14:03:26.183+0000] {processor.py:925} INFO - DAG(s) 'A_First_dag_python_operator_v02' retrieved from /opt/airflow/dags/create_dag_with_python_operator.py
[2025-03-12T14:03:26.200+0000] {logging_mixin.py:190} INFO - [2025-03-12T14:03:26.200+0000] {dag.py:3239} INFO - Sync 1 DAGs
[2025-03-12T14:03:26.219+0000] {logging_mixin.py:190} INFO - [2025-03-12T14:03:26.219+0000] {dag.py:4180} INFO - Setting next_dagrun for A_First_dag_python_operator_v02 to 2025-03-09 00:00:00+00:00, run_after=2025-03-16 00:00:00+00:00
[2025-03-12T14:03:26.237+0000] {processor.py:208} INFO - Processing /opt/airflow/dags/create_dag_with_python_operator.py took 0.073 seconds
[2025-03-12T14:04:00.114+0000] {processor.py:186} INFO - Started process (PID=9672) to work on /opt/airflow/dags/create_dag_with_python_operator.py
[2025-03-12T14:04:00.115+0000] {processor.py:914} INFO - Processing file /opt/airflow/dags/create_dag_with_python_operator.py for tasks to queue
[2025-03-12T14:04:00.117+0000] {logging_mixin.py:190} INFO - [2025-03-12T14:04:00.117+0000] {dagbag.py:588} INFO - Filling up the DagBag from /opt/airflow/dags/create_dag_with_python_operator.py
[2025-03-12T14:04:00.132+0000] {processor.py:925} INFO - DAG(s) 'A_First_dag_python_operator_v02' retrieved from /opt/airflow/dags/create_dag_with_python_operator.py
[2025-03-12T14:04:00.150+0000] {logging_mixin.py:190} INFO - [2025-03-12T14:04:00.150+0000] {dag.py:3239} INFO - Sync 1 DAGs
[2025-03-12T14:04:00.172+0000] {logging_mixin.py:190} INFO - [2025-03-12T14:04:00.171+0000] {dag.py:4180} INFO - Setting next_dagrun for A_First_dag_python_operator_v02 to 2025-03-09 00:00:00+00:00, run_after=2025-03-16 00:00:00+00:00
[2025-03-12T14:04:00.191+0000] {processor.py:208} INFO - Processing /opt/airflow/dags/create_dag_with_python_operator.py took 0.082 seconds
[2025-03-12T14:04:32.588+0000] {processor.py:186} INFO - Started process (PID=9978) to work on /opt/airflow/dags/create_dag_with_python_operator.py
[2025-03-12T14:04:32.589+0000] {processor.py:914} INFO - Processing file /opt/airflow/dags/create_dag_with_python_operator.py for tasks to queue
[2025-03-12T14:04:32.591+0000] {logging_mixin.py:190} INFO - [2025-03-12T14:04:32.591+0000] {dagbag.py:588} INFO - Filling up the DagBag from /opt/airflow/dags/create_dag_with_python_operator.py
[2025-03-12T14:04:32.603+0000] {processor.py:925} INFO - DAG(s) 'A_First_dag_python_operator_v02' retrieved from /opt/airflow/dags/create_dag_with_python_operator.py
[2025-03-12T14:04:32.619+0000] {logging_mixin.py:190} INFO - [2025-03-12T14:04:32.619+0000] {dag.py:3239} INFO - Sync 1 DAGs
[2025-03-12T14:04:32.639+0000] {logging_mixin.py:190} INFO - [2025-03-12T14:04:32.639+0000] {dag.py:4180} INFO - Setting next_dagrun for A_First_dag_python_operator_v02 to 2025-03-09 00:00:00+00:00, run_after=2025-03-16 00:00:00+00:00
[2025-03-12T14:04:32.659+0000] {processor.py:208} INFO - Processing /opt/airflow/dags/create_dag_with_python_operator.py took 0.075 seconds
[2025-03-12T14:05:06.073+0000] {processor.py:186} INFO - Started process (PID=10284) to work on /opt/airflow/dags/create_dag_with_python_operator.py
[2025-03-12T14:05:06.074+0000] {processor.py:914} INFO - Processing file /opt/airflow/dags/create_dag_with_python_operator.py for tasks to queue
[2025-03-12T14:05:06.077+0000] {logging_mixin.py:190} INFO - [2025-03-12T14:05:06.077+0000] {dagbag.py:588} INFO - Filling up the DagBag from /opt/airflow/dags/create_dag_with_python_operator.py
[2025-03-12T14:05:06.095+0000] {processor.py:925} INFO - DAG(s) 'A_First_dag_python_operator_v02' retrieved from /opt/airflow/dags/create_dag_with_python_operator.py
[2025-03-12T14:05:06.113+0000] {logging_mixin.py:190} INFO - [2025-03-12T14:05:06.113+0000] {dag.py:3239} INFO - Sync 1 DAGs
[2025-03-12T14:05:06.133+0000] {logging_mixin.py:190} INFO - [2025-03-12T14:05:06.133+0000] {dag.py:4180} INFO - Setting next_dagrun for A_First_dag_python_operator_v02 to 2025-03-09 00:00:00+00:00, run_after=2025-03-16 00:00:00+00:00
[2025-03-12T14:05:06.149+0000] {processor.py:208} INFO - Processing /opt/airflow/dags/create_dag_with_python_operator.py took 0.080 seconds
[2025-03-12T14:05:40.003+0000] {processor.py:186} INFO - Started process (PID=10597) to work on /opt/airflow/dags/create_dag_with_python_operator.py
[2025-03-12T14:05:40.004+0000] {processor.py:914} INFO - Processing file /opt/airflow/dags/create_dag_with_python_operator.py for tasks to queue
[2025-03-12T14:05:40.006+0000] {logging_mixin.py:190} INFO - [2025-03-12T14:05:40.006+0000] {dagbag.py:588} INFO - Filling up the DagBag from /opt/airflow/dags/create_dag_with_python_operator.py
[2025-03-12T14:05:40.018+0000] {processor.py:925} INFO - DAG(s) 'A_First_dag_python_operator_v02' retrieved from /opt/airflow/dags/create_dag_with_python_operator.py
[2025-03-12T14:05:40.032+0000] {logging_mixin.py:190} INFO - [2025-03-12T14:05:40.032+0000] {dag.py:3239} INFO - Sync 1 DAGs
[2025-03-12T14:05:40.051+0000] {logging_mixin.py:190} INFO - [2025-03-12T14:05:40.050+0000] {dag.py:4180} INFO - Setting next_dagrun for A_First_dag_python_operator_v02 to 2025-03-09 00:00:00+00:00, run_after=2025-03-16 00:00:00+00:00
[2025-03-12T14:05:40.066+0000] {processor.py:208} INFO - Processing /opt/airflow/dags/create_dag_with_python_operator.py took 0.067 seconds
[2025-03-12T14:06:12.738+0000] {processor.py:186} INFO - Started process (PID=10903) to work on /opt/airflow/dags/create_dag_with_python_operator.py
[2025-03-12T14:06:12.738+0000] {processor.py:914} INFO - Processing file /opt/airflow/dags/create_dag_with_python_operator.py for tasks to queue
[2025-03-12T14:06:12.740+0000] {logging_mixin.py:190} INFO - [2025-03-12T14:06:12.740+0000] {dagbag.py:588} INFO - Filling up the DagBag from /opt/airflow/dags/create_dag_with_python_operator.py
[2025-03-12T14:06:12.759+0000] {processor.py:925} INFO - DAG(s) 'A_First_dag_python_operator_v02' retrieved from /opt/airflow/dags/create_dag_with_python_operator.py
[2025-03-12T14:06:12.783+0000] {logging_mixin.py:190} INFO - [2025-03-12T14:06:12.783+0000] {dag.py:3239} INFO - Sync 1 DAGs
[2025-03-12T14:06:12.811+0000] {logging_mixin.py:190} INFO - [2025-03-12T14:06:12.810+0000] {dag.py:4180} INFO - Setting next_dagrun for A_First_dag_python_operator_v02 to 2025-03-09 00:00:00+00:00, run_after=2025-03-16 00:00:00+00:00
[2025-03-12T14:06:12.834+0000] {processor.py:208} INFO - Processing /opt/airflow/dags/create_dag_with_python_operator.py took 0.102 seconds
[2025-03-12T14:06:46.572+0000] {processor.py:186} INFO - Started process (PID=11209) to work on /opt/airflow/dags/create_dag_with_python_operator.py
[2025-03-12T14:06:46.573+0000] {processor.py:914} INFO - Processing file /opt/airflow/dags/create_dag_with_python_operator.py for tasks to queue
[2025-03-12T14:06:46.575+0000] {logging_mixin.py:190} INFO - [2025-03-12T14:06:46.575+0000] {dagbag.py:588} INFO - Filling up the DagBag from /opt/airflow/dags/create_dag_with_python_operator.py
[2025-03-12T14:06:46.590+0000] {processor.py:925} INFO - DAG(s) 'A_First_dag_python_operator_v02' retrieved from /opt/airflow/dags/create_dag_with_python_operator.py
[2025-03-12T14:06:46.608+0000] {logging_mixin.py:190} INFO - [2025-03-12T14:06:46.608+0000] {dag.py:3239} INFO - Sync 1 DAGs
[2025-03-12T14:06:46.627+0000] {logging_mixin.py:190} INFO - [2025-03-12T14:06:46.627+0000] {dag.py:4180} INFO - Setting next_dagrun for A_First_dag_python_operator_v02 to 2025-03-09 00:00:00+00:00, run_after=2025-03-16 00:00:00+00:00
[2025-03-12T14:06:46.643+0000] {processor.py:208} INFO - Processing /opt/airflow/dags/create_dag_with_python_operator.py took 0.075 seconds
[2025-03-12T14:07:20.286+0000] {processor.py:186} INFO - Started process (PID=11515) to work on /opt/airflow/dags/create_dag_with_python_operator.py
[2025-03-12T14:07:20.286+0000] {processor.py:914} INFO - Processing file /opt/airflow/dags/create_dag_with_python_operator.py for tasks to queue
[2025-03-12T14:07:20.288+0000] {logging_mixin.py:190} INFO - [2025-03-12T14:07:20.288+0000] {dagbag.py:588} INFO - Filling up the DagBag from /opt/airflow/dags/create_dag_with_python_operator.py
[2025-03-12T14:07:20.301+0000] {processor.py:925} INFO - DAG(s) 'A_First_dag_python_operator_v02' retrieved from /opt/airflow/dags/create_dag_with_python_operator.py
[2025-03-12T14:07:20.316+0000] {logging_mixin.py:190} INFO - [2025-03-12T14:07:20.316+0000] {dag.py:3239} INFO - Sync 1 DAGs
[2025-03-12T14:07:20.335+0000] {logging_mixin.py:190} INFO - [2025-03-12T14:07:20.334+0000] {dag.py:4180} INFO - Setting next_dagrun for A_First_dag_python_operator_v02 to 2025-03-09 00:00:00+00:00, run_after=2025-03-16 00:00:00+00:00
[2025-03-12T14:07:20.352+0000] {processor.py:208} INFO - Processing /opt/airflow/dags/create_dag_with_python_operator.py took 0.071 seconds
[2025-03-12T14:07:53.123+0000] {processor.py:186} INFO - Started process (PID=11821) to work on /opt/airflow/dags/create_dag_with_python_operator.py
[2025-03-12T14:07:53.124+0000] {processor.py:914} INFO - Processing file /opt/airflow/dags/create_dag_with_python_operator.py for tasks to queue
[2025-03-12T14:07:53.126+0000] {logging_mixin.py:190} INFO - [2025-03-12T14:07:53.126+0000] {dagbag.py:588} INFO - Filling up the DagBag from /opt/airflow/dags/create_dag_with_python_operator.py
[2025-03-12T14:07:53.141+0000] {processor.py:925} INFO - DAG(s) 'A_First_dag_python_operator_v02' retrieved from /opt/airflow/dags/create_dag_with_python_operator.py
[2025-03-12T14:07:53.159+0000] {logging_mixin.py:190} INFO - [2025-03-12T14:07:53.158+0000] {dag.py:3239} INFO - Sync 1 DAGs
[2025-03-12T14:07:53.186+0000] {logging_mixin.py:190} INFO - [2025-03-12T14:07:53.186+0000] {dag.py:4180} INFO - Setting next_dagrun for A_First_dag_python_operator_v02 to 2025-03-09 00:00:00+00:00, run_after=2025-03-16 00:00:00+00:00
[2025-03-12T14:07:53.208+0000] {processor.py:208} INFO - Processing /opt/airflow/dags/create_dag_with_python_operator.py took 0.090 seconds
[2025-03-12T14:08:26.974+0000] {processor.py:186} INFO - Started process (PID=12127) to work on /opt/airflow/dags/create_dag_with_python_operator.py
[2025-03-12T14:08:26.974+0000] {processor.py:914} INFO - Processing file /opt/airflow/dags/create_dag_with_python_operator.py for tasks to queue
[2025-03-12T14:08:26.976+0000] {logging_mixin.py:190} INFO - [2025-03-12T14:08:26.976+0000] {dagbag.py:588} INFO - Filling up the DagBag from /opt/airflow/dags/create_dag_with_python_operator.py
[2025-03-12T14:08:26.990+0000] {processor.py:925} INFO - DAG(s) 'A_First_dag_python_operator_v02' retrieved from /opt/airflow/dags/create_dag_with_python_operator.py
[2025-03-12T14:08:27.006+0000] {logging_mixin.py:190} INFO - [2025-03-12T14:08:27.005+0000] {dag.py:3239} INFO - Sync 1 DAGs
[2025-03-12T14:08:27.021+0000] {logging_mixin.py:190} INFO - [2025-03-12T14:08:27.020+0000] {dag.py:4180} INFO - Setting next_dagrun for A_First_dag_python_operator_v02 to 2025-03-09 00:00:00+00:00, run_after=2025-03-16 00:00:00+00:00
[2025-03-12T14:08:27.037+0000] {processor.py:208} INFO - Processing /opt/airflow/dags/create_dag_with_python_operator.py took 0.067 seconds
[2025-03-12T14:09:00.017+0000] {processor.py:186} INFO - Started process (PID=12433) to work on /opt/airflow/dags/create_dag_with_python_operator.py
[2025-03-12T14:09:00.018+0000] {processor.py:914} INFO - Processing file /opt/airflow/dags/create_dag_with_python_operator.py for tasks to queue
[2025-03-12T14:09:00.020+0000] {logging_mixin.py:190} INFO - [2025-03-12T14:09:00.019+0000] {dagbag.py:588} INFO - Filling up the DagBag from /opt/airflow/dags/create_dag_with_python_operator.py
[2025-03-12T14:09:00.034+0000] {processor.py:925} INFO - DAG(s) 'A_First_dag_python_operator_v02' retrieved from /opt/airflow/dags/create_dag_with_python_operator.py
[2025-03-12T14:09:00.050+0000] {logging_mixin.py:190} INFO - [2025-03-12T14:09:00.050+0000] {dag.py:3239} INFO - Sync 1 DAGs
[2025-03-12T14:09:00.067+0000] {logging_mixin.py:190} INFO - [2025-03-12T14:09:00.066+0000] {dag.py:4180} INFO - Setting next_dagrun for A_First_dag_python_operator_v02 to 2025-03-09 00:00:00+00:00, run_after=2025-03-16 00:00:00+00:00
[2025-03-12T14:09:00.084+0000] {processor.py:208} INFO - Processing /opt/airflow/dags/create_dag_with_python_operator.py took 0.072 seconds
[2025-03-12T14:09:33.544+0000] {processor.py:186} INFO - Started process (PID=12739) to work on /opt/airflow/dags/create_dag_with_python_operator.py
[2025-03-12T14:09:33.545+0000] {processor.py:914} INFO - Processing file /opt/airflow/dags/create_dag_with_python_operator.py for tasks to queue
[2025-03-12T14:09:33.547+0000] {logging_mixin.py:190} INFO - [2025-03-12T14:09:33.547+0000] {dagbag.py:588} INFO - Filling up the DagBag from /opt/airflow/dags/create_dag_with_python_operator.py
[2025-03-12T14:09:33.561+0000] {processor.py:925} INFO - DAG(s) 'A_First_dag_python_operator_v02' retrieved from /opt/airflow/dags/create_dag_with_python_operator.py
[2025-03-12T14:09:33.578+0000] {logging_mixin.py:190} INFO - [2025-03-12T14:09:33.578+0000] {dag.py:3239} INFO - Sync 1 DAGs
[2025-03-12T14:09:33.596+0000] {logging_mixin.py:190} INFO - [2025-03-12T14:09:33.596+0000] {dag.py:4180} INFO - Setting next_dagrun for A_First_dag_python_operator_v02 to 2025-03-09 00:00:00+00:00, run_after=2025-03-16 00:00:00+00:00
[2025-03-12T14:09:33.613+0000] {processor.py:208} INFO - Processing /opt/airflow/dags/create_dag_with_python_operator.py took 0.073 seconds
[2025-03-12T14:10:06.477+0000] {processor.py:186} INFO - Started process (PID=13045) to work on /opt/airflow/dags/create_dag_with_python_operator.py
[2025-03-12T14:10:06.478+0000] {processor.py:914} INFO - Processing file /opt/airflow/dags/create_dag_with_python_operator.py for tasks to queue
[2025-03-12T14:10:06.481+0000] {logging_mixin.py:190} INFO - [2025-03-12T14:10:06.480+0000] {dagbag.py:588} INFO - Filling up the DagBag from /opt/airflow/dags/create_dag_with_python_operator.py
[2025-03-12T14:10:06.498+0000] {processor.py:925} INFO - DAG(s) 'A_First_dag_python_operator_v02' retrieved from /opt/airflow/dags/create_dag_with_python_operator.py
[2025-03-12T14:10:06.515+0000] {logging_mixin.py:190} INFO - [2025-03-12T14:10:06.514+0000] {dag.py:3239} INFO - Sync 1 DAGs
[2025-03-12T14:10:06.534+0000] {logging_mixin.py:190} INFO - [2025-03-12T14:10:06.534+0000] {dag.py:4180} INFO - Setting next_dagrun for A_First_dag_python_operator_v02 to 2025-03-09 00:00:00+00:00, run_after=2025-03-16 00:00:00+00:00
[2025-03-12T14:10:06.550+0000] {processor.py:208} INFO - Processing /opt/airflow/dags/create_dag_with_python_operator.py took 0.077 seconds
[2025-03-12T14:10:39.415+0000] {processor.py:186} INFO - Started process (PID=13351) to work on /opt/airflow/dags/create_dag_with_python_operator.py
[2025-03-12T14:10:39.416+0000] {processor.py:914} INFO - Processing file /opt/airflow/dags/create_dag_with_python_operator.py for tasks to queue
[2025-03-12T14:10:39.418+0000] {logging_mixin.py:190} INFO - [2025-03-12T14:10:39.418+0000] {dagbag.py:588} INFO - Filling up the DagBag from /opt/airflow/dags/create_dag_with_python_operator.py
[2025-03-12T14:10:39.432+0000] {processor.py:925} INFO - DAG(s) 'A_First_dag_python_operator_v02' retrieved from /opt/airflow/dags/create_dag_with_python_operator.py
[2025-03-12T14:10:39.446+0000] {logging_mixin.py:190} INFO - [2025-03-12T14:10:39.446+0000] {dag.py:3239} INFO - Sync 1 DAGs
[2025-03-12T14:10:39.463+0000] {logging_mixin.py:190} INFO - [2025-03-12T14:10:39.463+0000] {dag.py:4180} INFO - Setting next_dagrun for A_First_dag_python_operator_v02 to 2025-03-09 00:00:00+00:00, run_after=2025-03-16 00:00:00+00:00
[2025-03-12T14:10:39.480+0000] {processor.py:208} INFO - Processing /opt/airflow/dags/create_dag_with_python_operator.py took 0.070 seconds
[2025-03-12T14:11:13.312+0000] {processor.py:186} INFO - Started process (PID=13657) to work on /opt/airflow/dags/create_dag_with_python_operator.py
[2025-03-12T14:11:13.313+0000] {processor.py:914} INFO - Processing file /opt/airflow/dags/create_dag_with_python_operator.py for tasks to queue
[2025-03-12T14:11:13.315+0000] {logging_mixin.py:190} INFO - [2025-03-12T14:11:13.314+0000] {dagbag.py:588} INFO - Filling up the DagBag from /opt/airflow/dags/create_dag_with_python_operator.py
[2025-03-12T14:11:13.333+0000] {processor.py:925} INFO - DAG(s) 'A_First_dag_python_operator_v02' retrieved from /opt/airflow/dags/create_dag_with_python_operator.py
[2025-03-12T14:11:13.352+0000] {logging_mixin.py:190} INFO - [2025-03-12T14:11:13.351+0000] {dag.py:3239} INFO - Sync 1 DAGs
[2025-03-12T14:11:13.377+0000] {logging_mixin.py:190} INFO - [2025-03-12T14:11:13.377+0000] {dag.py:4180} INFO - Setting next_dagrun for A_First_dag_python_operator_v02 to 2025-03-09 00:00:00+00:00, run_after=2025-03-16 00:00:00+00:00
[2025-03-12T14:11:13.394+0000] {processor.py:208} INFO - Processing /opt/airflow/dags/create_dag_with_python_operator.py took 0.089 seconds
[2025-03-12T14:11:46.479+0000] {processor.py:186} INFO - Started process (PID=13964) to work on /opt/airflow/dags/create_dag_with_python_operator.py
[2025-03-12T14:11:46.480+0000] {processor.py:914} INFO - Processing file /opt/airflow/dags/create_dag_with_python_operator.py for tasks to queue
[2025-03-12T14:11:46.482+0000] {logging_mixin.py:190} INFO - [2025-03-12T14:11:46.482+0000] {dagbag.py:588} INFO - Filling up the DagBag from /opt/airflow/dags/create_dag_with_python_operator.py
[2025-03-12T14:11:46.498+0000] {processor.py:925} INFO - DAG(s) 'A_First_dag_python_operator_v02' retrieved from /opt/airflow/dags/create_dag_with_python_operator.py
[2025-03-12T14:11:46.517+0000] {logging_mixin.py:190} INFO - [2025-03-12T14:11:46.516+0000] {dag.py:3239} INFO - Sync 1 DAGs
[2025-03-12T14:11:46.550+0000] {logging_mixin.py:190} INFO - [2025-03-12T14:11:46.550+0000] {dag.py:4180} INFO - Setting next_dagrun for A_First_dag_python_operator_v02 to 2025-03-09 00:00:00+00:00, run_after=2025-03-16 00:00:00+00:00
[2025-03-12T14:11:46.577+0000] {processor.py:208} INFO - Processing /opt/airflow/dags/create_dag_with_python_operator.py took 0.103 seconds
[2025-03-12T14:12:20.551+0000] {processor.py:186} INFO - Started process (PID=14270) to work on /opt/airflow/dags/create_dag_with_python_operator.py
[2025-03-12T14:12:20.552+0000] {processor.py:914} INFO - Processing file /opt/airflow/dags/create_dag_with_python_operator.py for tasks to queue
[2025-03-12T14:12:20.555+0000] {logging_mixin.py:190} INFO - [2025-03-12T14:12:20.554+0000] {dagbag.py:588} INFO - Filling up the DagBag from /opt/airflow/dags/create_dag_with_python_operator.py
[2025-03-12T14:12:20.577+0000] {processor.py:925} INFO - DAG(s) 'A_First_dag_python_operator_v02' retrieved from /opt/airflow/dags/create_dag_with_python_operator.py
[2025-03-12T14:12:20.602+0000] {logging_mixin.py:190} INFO - [2025-03-12T14:12:20.601+0000] {dag.py:3239} INFO - Sync 1 DAGs
[2025-03-12T14:12:20.634+0000] {logging_mixin.py:190} INFO - [2025-03-12T14:12:20.633+0000] {dag.py:4180} INFO - Setting next_dagrun for A_First_dag_python_operator_v02 to 2025-03-09 00:00:00+00:00, run_after=2025-03-16 00:00:00+00:00
[2025-03-12T14:12:20.659+0000] {processor.py:208} INFO - Processing /opt/airflow/dags/create_dag_with_python_operator.py took 0.118 seconds
[2025-03-12T14:14:00.045+0000] {processor.py:186} INFO - Started process (PID=199) to work on /opt/airflow/dags/create_dag_with_python_operator.py
[2025-03-12T14:14:00.047+0000] {processor.py:914} INFO - Processing file /opt/airflow/dags/create_dag_with_python_operator.py for tasks to queue
[2025-03-12T14:14:00.050+0000] {logging_mixin.py:190} INFO - [2025-03-12T14:14:00.049+0000] {dagbag.py:588} INFO - Filling up the DagBag from /opt/airflow/dags/create_dag_with_python_operator.py
[2025-03-12T14:14:00.069+0000] {processor.py:925} INFO - DAG(s) 'A_First_dag_python_operator_v02' retrieved from /opt/airflow/dags/create_dag_with_python_operator.py
[2025-03-12T14:14:00.188+0000] {logging_mixin.py:190} INFO - [2025-03-12T14:14:00.187+0000] {override.py:1912} INFO - Created Permission View: can read on DAG:A_First_dag_python_operator_v02
[2025-03-12T14:14:00.199+0000] {logging_mixin.py:190} INFO - [2025-03-12T14:14:00.199+0000] {override.py:1912} INFO - Created Permission View: can edit on DAG:A_First_dag_python_operator_v02
[2025-03-12T14:14:00.206+0000] {logging_mixin.py:190} INFO - [2025-03-12T14:14:00.206+0000] {override.py:1912} INFO - Created Permission View: can delete on DAG:A_First_dag_python_operator_v02
[2025-03-12T14:14:00.215+0000] {logging_mixin.py:190} INFO - [2025-03-12T14:14:00.214+0000] {override.py:1912} INFO - Created Permission View: can create on DAG Run:A_First_dag_python_operator_v02
[2025-03-12T14:14:00.223+0000] {logging_mixin.py:190} INFO - [2025-03-12T14:14:00.222+0000] {override.py:1912} INFO - Created Permission View: can read on DAG Run:A_First_dag_python_operator_v02
[2025-03-12T14:14:00.230+0000] {logging_mixin.py:190} INFO - [2025-03-12T14:14:00.230+0000] {override.py:1912} INFO - Created Permission View: menu access on DAG Run:A_First_dag_python_operator_v02
[2025-03-12T14:14:00.238+0000] {logging_mixin.py:190} INFO - [2025-03-12T14:14:00.238+0000] {override.py:1912} INFO - Created Permission View: can delete on DAG Run:A_First_dag_python_operator_v02
[2025-03-12T14:14:00.239+0000] {logging_mixin.py:190} INFO - [2025-03-12T14:14:00.239+0000] {dag.py:3239} INFO - Sync 1 DAGs
[2025-03-12T14:14:00.253+0000] {logging_mixin.py:190} INFO - [2025-03-12T14:14:00.253+0000] {dag.py:3262} INFO - Creating ORM DAG for A_First_dag_python_operator_v02
[2025-03-12T14:14:00.264+0000] {logging_mixin.py:190} INFO - [2025-03-12T14:14:00.264+0000] {dag.py:4180} INFO - Setting next_dagrun for A_First_dag_python_operator_v02 to 2025-03-09 00:00:00+00:00, run_after=2025-03-16 00:00:00+00:00
[2025-03-12T14:14:00.284+0000] {processor.py:208} INFO - Processing /opt/airflow/dags/create_dag_with_python_operator.py took 0.245 seconds
[2025-03-12T14:14:32.829+0000] {processor.py:186} INFO - Started process (PID=505) to work on /opt/airflow/dags/create_dag_with_python_operator.py
[2025-03-12T14:14:32.830+0000] {processor.py:914} INFO - Processing file /opt/airflow/dags/create_dag_with_python_operator.py for tasks to queue
[2025-03-12T14:14:32.832+0000] {logging_mixin.py:190} INFO - [2025-03-12T14:14:32.831+0000] {dagbag.py:588} INFO - Filling up the DagBag from /opt/airflow/dags/create_dag_with_python_operator.py
[2025-03-12T14:14:32.843+0000] {processor.py:925} INFO - DAG(s) 'A_First_dag_python_operator_v02' retrieved from /opt/airflow/dags/create_dag_with_python_operator.py
[2025-03-12T14:14:32.859+0000] {logging_mixin.py:190} INFO - [2025-03-12T14:14:32.859+0000] {dag.py:3239} INFO - Sync 1 DAGs
[2025-03-12T14:14:32.878+0000] {logging_mixin.py:190} INFO - [2025-03-12T14:14:32.878+0000] {dag.py:4180} INFO - Setting next_dagrun for A_First_dag_python_operator_v02 to 2025-03-09 00:00:00+00:00, run_after=2025-03-16 00:00:00+00:00
[2025-03-12T14:14:32.893+0000] {processor.py:208} INFO - Processing /opt/airflow/dags/create_dag_with_python_operator.py took 0.068 seconds
[2025-03-12T14:15:06.690+0000] {processor.py:186} INFO - Started process (PID=811) to work on /opt/airflow/dags/create_dag_with_python_operator.py
[2025-03-12T14:15:06.691+0000] {processor.py:914} INFO - Processing file /opt/airflow/dags/create_dag_with_python_operator.py for tasks to queue
[2025-03-12T14:15:06.693+0000] {logging_mixin.py:190} INFO - [2025-03-12T14:15:06.693+0000] {dagbag.py:588} INFO - Filling up the DagBag from /opt/airflow/dags/create_dag_with_python_operator.py
[2025-03-12T14:15:06.705+0000] {processor.py:925} INFO - DAG(s) 'A_First_dag_python_operator_v02' retrieved from /opt/airflow/dags/create_dag_with_python_operator.py
[2025-03-12T14:15:06.719+0000] {logging_mixin.py:190} INFO - [2025-03-12T14:15:06.719+0000] {dag.py:3239} INFO - Sync 1 DAGs
[2025-03-12T14:15:06.737+0000] {logging_mixin.py:190} INFO - [2025-03-12T14:15:06.736+0000] {dag.py:4180} INFO - Setting next_dagrun for A_First_dag_python_operator_v02 to 2025-03-09 00:00:00+00:00, run_after=2025-03-16 00:00:00+00:00
[2025-03-12T14:15:06.754+0000] {processor.py:208} INFO - Processing /opt/airflow/dags/create_dag_with_python_operator.py took 0.069 seconds
[2025-03-12T14:15:40.399+0000] {processor.py:186} INFO - Started process (PID=1117) to work on /opt/airflow/dags/create_dag_with_python_operator.py
[2025-03-12T14:15:40.400+0000] {processor.py:914} INFO - Processing file /opt/airflow/dags/create_dag_with_python_operator.py for tasks to queue
[2025-03-12T14:15:40.402+0000] {logging_mixin.py:190} INFO - [2025-03-12T14:15:40.401+0000] {dagbag.py:588} INFO - Filling up the DagBag from /opt/airflow/dags/create_dag_with_python_operator.py
[2025-03-12T14:15:40.415+0000] {processor.py:925} INFO - DAG(s) 'A_First_dag_python_operator_v02' retrieved from /opt/airflow/dags/create_dag_with_python_operator.py
[2025-03-12T14:15:40.431+0000] {logging_mixin.py:190} INFO - [2025-03-12T14:15:40.431+0000] {dag.py:3239} INFO - Sync 1 DAGs
[2025-03-12T14:15:40.452+0000] {logging_mixin.py:190} INFO - [2025-03-12T14:15:40.452+0000] {dag.py:4180} INFO - Setting next_dagrun for A_First_dag_python_operator_v02 to 2025-03-09 00:00:00+00:00, run_after=2025-03-16 00:00:00+00:00
[2025-03-12T14:15:40.472+0000] {processor.py:208} INFO - Processing /opt/airflow/dags/create_dag_with_python_operator.py took 0.078 seconds
[2025-03-12T14:16:13.506+0000] {processor.py:186} INFO - Started process (PID=1423) to work on /opt/airflow/dags/create_dag_with_python_operator.py
[2025-03-12T14:16:13.507+0000] {processor.py:914} INFO - Processing file /opt/airflow/dags/create_dag_with_python_operator.py for tasks to queue
[2025-03-12T14:16:13.509+0000] {logging_mixin.py:190} INFO - [2025-03-12T14:16:13.508+0000] {dagbag.py:588} INFO - Filling up the DagBag from /opt/airflow/dags/create_dag_with_python_operator.py
[2025-03-12T14:16:13.522+0000] {processor.py:925} INFO - DAG(s) 'A_First_dag_python_operator_v02' retrieved from /opt/airflow/dags/create_dag_with_python_operator.py
[2025-03-12T14:16:13.536+0000] {logging_mixin.py:190} INFO - [2025-03-12T14:16:13.536+0000] {dag.py:3239} INFO - Sync 1 DAGs
[2025-03-12T14:16:13.552+0000] {logging_mixin.py:190} INFO - [2025-03-12T14:16:13.552+0000] {dag.py:4180} INFO - Setting next_dagrun for A_First_dag_python_operator_v02 to 2025-03-09 00:00:00+00:00, run_after=2025-03-16 00:00:00+00:00
[2025-03-12T14:16:13.569+0000] {processor.py:208} INFO - Processing /opt/airflow/dags/create_dag_with_python_operator.py took 0.069 seconds
[2025-03-12T14:16:47.029+0000] {processor.py:186} INFO - Started process (PID=1730) to work on /opt/airflow/dags/create_dag_with_python_operator.py
[2025-03-12T14:16:47.030+0000] {processor.py:914} INFO - Processing file /opt/airflow/dags/create_dag_with_python_operator.py for tasks to queue
[2025-03-12T14:16:47.032+0000] {logging_mixin.py:190} INFO - [2025-03-12T14:16:47.032+0000] {dagbag.py:588} INFO - Filling up the DagBag from /opt/airflow/dags/create_dag_with_python_operator.py
[2025-03-12T14:16:47.047+0000] {processor.py:925} INFO - DAG(s) 'A_First_dag_python_operator_v02' retrieved from /opt/airflow/dags/create_dag_with_python_operator.py
[2025-03-12T14:16:47.061+0000] {logging_mixin.py:190} INFO - [2025-03-12T14:16:47.061+0000] {dag.py:3239} INFO - Sync 1 DAGs
[2025-03-12T14:16:47.078+0000] {logging_mixin.py:190} INFO - [2025-03-12T14:16:47.078+0000] {dag.py:4180} INFO - Setting next_dagrun for A_First_dag_python_operator_v02 to 2025-03-09 00:00:00+00:00, run_after=2025-03-16 00:00:00+00:00
[2025-03-12T14:16:47.094+0000] {processor.py:208} INFO - Processing /opt/airflow/dags/create_dag_with_python_operator.py took 0.069 seconds
[2025-03-12T14:17:20.135+0000] {processor.py:186} INFO - Started process (PID=2036) to work on /opt/airflow/dags/create_dag_with_python_operator.py
[2025-03-12T14:17:20.136+0000] {processor.py:914} INFO - Processing file /opt/airflow/dags/create_dag_with_python_operator.py for tasks to queue
[2025-03-12T14:17:20.138+0000] {logging_mixin.py:190} INFO - [2025-03-12T14:17:20.138+0000] {dagbag.py:588} INFO - Filling up the DagBag from /opt/airflow/dags/create_dag_with_python_operator.py
[2025-03-12T14:17:20.149+0000] {processor.py:925} INFO - DAG(s) 'A_First_dag_python_operator_v02' retrieved from /opt/airflow/dags/create_dag_with_python_operator.py
[2025-03-12T14:17:20.164+0000] {logging_mixin.py:190} INFO - [2025-03-12T14:17:20.164+0000] {dag.py:3239} INFO - Sync 1 DAGs
[2025-03-12T14:17:20.184+0000] {logging_mixin.py:190} INFO - [2025-03-12T14:17:20.184+0000] {dag.py:4180} INFO - Setting next_dagrun for A_First_dag_python_operator_v02 to 2025-03-09 00:00:00+00:00, run_after=2025-03-16 00:00:00+00:00
[2025-03-12T14:17:20.201+0000] {processor.py:208} INFO - Processing /opt/airflow/dags/create_dag_with_python_operator.py took 0.070 seconds
[2025-03-12T14:17:53.535+0000] {processor.py:186} INFO - Started process (PID=2342) to work on /opt/airflow/dags/create_dag_with_python_operator.py
[2025-03-12T14:17:53.536+0000] {processor.py:914} INFO - Processing file /opt/airflow/dags/create_dag_with_python_operator.py for tasks to queue
[2025-03-12T14:17:53.538+0000] {logging_mixin.py:190} INFO - [2025-03-12T14:17:53.538+0000] {dagbag.py:588} INFO - Filling up the DagBag from /opt/airflow/dags/create_dag_with_python_operator.py
[2025-03-12T14:17:53.555+0000] {processor.py:925} INFO - DAG(s) 'A_First_dag_python_operator_v02' retrieved from /opt/airflow/dags/create_dag_with_python_operator.py
[2025-03-12T14:17:53.572+0000] {logging_mixin.py:190} INFO - [2025-03-12T14:17:53.572+0000] {dag.py:3239} INFO - Sync 1 DAGs
[2025-03-12T14:17:53.590+0000] {logging_mixin.py:190} INFO - [2025-03-12T14:17:53.590+0000] {dag.py:4180} INFO - Setting next_dagrun for A_First_dag_python_operator_v02 to 2025-03-09 00:00:00+00:00, run_after=2025-03-16 00:00:00+00:00
[2025-03-12T14:17:53.606+0000] {processor.py:208} INFO - Processing /opt/airflow/dags/create_dag_with_python_operator.py took 0.077 seconds
[2025-03-12T14:18:26.911+0000] {processor.py:186} INFO - Started process (PID=2648) to work on /opt/airflow/dags/create_dag_with_python_operator.py
[2025-03-12T14:18:26.911+0000] {processor.py:914} INFO - Processing file /opt/airflow/dags/create_dag_with_python_operator.py for tasks to queue
[2025-03-12T14:18:26.913+0000] {logging_mixin.py:190} INFO - [2025-03-12T14:18:26.913+0000] {dagbag.py:588} INFO - Filling up the DagBag from /opt/airflow/dags/create_dag_with_python_operator.py
[2025-03-12T14:18:26.925+0000] {processor.py:925} INFO - DAG(s) 'A_First_dag_python_operator_v02' retrieved from /opt/airflow/dags/create_dag_with_python_operator.py
[2025-03-12T14:18:26.939+0000] {logging_mixin.py:190} INFO - [2025-03-12T14:18:26.939+0000] {dag.py:3239} INFO - Sync 1 DAGs
[2025-03-12T14:18:26.958+0000] {logging_mixin.py:190} INFO - [2025-03-12T14:18:26.957+0000] {dag.py:4180} INFO - Setting next_dagrun for A_First_dag_python_operator_v02 to 2025-03-09 00:00:00+00:00, run_after=2025-03-16 00:00:00+00:00
[2025-03-12T14:18:26.975+0000] {processor.py:208} INFO - Processing /opt/airflow/dags/create_dag_with_python_operator.py took 0.069 seconds
[2025-03-12T14:18:59.648+0000] {processor.py:186} INFO - Started process (PID=2954) to work on /opt/airflow/dags/create_dag_with_python_operator.py
[2025-03-12T14:18:59.649+0000] {processor.py:914} INFO - Processing file /opt/airflow/dags/create_dag_with_python_operator.py for tasks to queue
[2025-03-12T14:18:59.650+0000] {logging_mixin.py:190} INFO - [2025-03-12T14:18:59.650+0000] {dagbag.py:588} INFO - Filling up the DagBag from /opt/airflow/dags/create_dag_with_python_operator.py
[2025-03-12T14:18:59.664+0000] {processor.py:925} INFO - DAG(s) 'A_First_dag_python_operator_v02' retrieved from /opt/airflow/dags/create_dag_with_python_operator.py
[2025-03-12T14:18:59.678+0000] {logging_mixin.py:190} INFO - [2025-03-12T14:18:59.678+0000] {dag.py:3239} INFO - Sync 1 DAGs
[2025-03-12T14:18:59.694+0000] {logging_mixin.py:190} INFO - [2025-03-12T14:18:59.694+0000] {dag.py:4180} INFO - Setting next_dagrun for A_First_dag_python_operator_v02 to 2025-03-09 00:00:00+00:00, run_after=2025-03-16 00:00:00+00:00
[2025-03-12T14:18:59.710+0000] {processor.py:208} INFO - Processing /opt/airflow/dags/create_dag_with_python_operator.py took 0.066 seconds
[2025-03-12T14:19:33.702+0000] {processor.py:186} INFO - Started process (PID=3260) to work on /opt/airflow/dags/create_dag_with_python_operator.py
[2025-03-12T14:19:33.703+0000] {processor.py:914} INFO - Processing file /opt/airflow/dags/create_dag_with_python_operator.py for tasks to queue
[2025-03-12T14:19:33.705+0000] {logging_mixin.py:190} INFO - [2025-03-12T14:19:33.705+0000] {dagbag.py:588} INFO - Filling up the DagBag from /opt/airflow/dags/create_dag_with_python_operator.py
[2025-03-12T14:19:33.719+0000] {processor.py:925} INFO - DAG(s) 'A_First_dag_python_operator_v02' retrieved from /opt/airflow/dags/create_dag_with_python_operator.py
[2025-03-12T14:19:33.736+0000] {logging_mixin.py:190} INFO - [2025-03-12T14:19:33.735+0000] {dag.py:3239} INFO - Sync 1 DAGs
[2025-03-12T14:19:33.754+0000] {logging_mixin.py:190} INFO - [2025-03-12T14:19:33.754+0000] {dag.py:4180} INFO - Setting next_dagrun for A_First_dag_python_operator_v02 to 2025-03-09 00:00:00+00:00, run_after=2025-03-16 00:00:00+00:00
[2025-03-12T14:19:33.771+0000] {processor.py:208} INFO - Processing /opt/airflow/dags/create_dag_with_python_operator.py took 0.074 seconds
[2025-03-12T15:46:00.071+0000] {processor.py:186} INFO - Started process (PID=195) to work on /opt/airflow/dags/create_dag_with_python_operator.py
[2025-03-12T15:46:00.072+0000] {processor.py:914} INFO - Processing file /opt/airflow/dags/create_dag_with_python_operator.py for tasks to queue
[2025-03-12T15:46:00.075+0000] {logging_mixin.py:190} INFO - [2025-03-12T15:46:00.074+0000] {dagbag.py:588} INFO - Filling up the DagBag from /opt/airflow/dags/create_dag_with_python_operator.py
[2025-03-12T15:46:00.108+0000] {processor.py:925} INFO - DAG(s) 'A_First_dag_python_operator_v02' retrieved from /opt/airflow/dags/create_dag_with_python_operator.py
[2025-03-12T15:46:00.152+0000] {logging_mixin.py:190} INFO - [2025-03-12T15:46:00.152+0000] {dag.py:3239} INFO - Sync 1 DAGs
[2025-03-12T15:46:00.188+0000] {logging_mixin.py:190} INFO - [2025-03-12T15:46:00.188+0000] {dag.py:4180} INFO - Setting next_dagrun for A_First_dag_python_operator_v02 to 2025-03-09 00:00:00+00:00, run_after=2025-03-16 00:00:00+00:00
[2025-03-12T15:46:00.214+0000] {processor.py:208} INFO - Processing /opt/airflow/dags/create_dag_with_python_operator.py took 0.151 seconds
[2025-03-12T15:46:31.008+0000] {processor.py:186} INFO - Started process (PID=221) to work on /opt/airflow/dags/create_dag_with_python_operator.py
[2025-03-12T15:46:31.009+0000] {processor.py:914} INFO - Processing file /opt/airflow/dags/create_dag_with_python_operator.py for tasks to queue
[2025-03-12T15:46:31.011+0000] {logging_mixin.py:190} INFO - [2025-03-12T15:46:31.011+0000] {dagbag.py:588} INFO - Filling up the DagBag from /opt/airflow/dags/create_dag_with_python_operator.py
[2025-03-12T15:46:31.028+0000] {processor.py:925} INFO - DAG(s) 'A_First_dag_python_operator_v02' retrieved from /opt/airflow/dags/create_dag_with_python_operator.py
[2025-03-12T15:46:31.050+0000] {logging_mixin.py:190} INFO - [2025-03-12T15:46:31.050+0000] {dag.py:3239} INFO - Sync 1 DAGs
[2025-03-12T15:46:31.070+0000] {logging_mixin.py:190} INFO - [2025-03-12T15:46:31.070+0000] {dag.py:4180} INFO - Setting next_dagrun for A_First_dag_python_operator_v02 to 2025-03-09 00:00:00+00:00, run_after=2025-03-16 00:00:00+00:00
[2025-03-12T15:46:31.086+0000] {processor.py:208} INFO - Processing /opt/airflow/dags/create_dag_with_python_operator.py took 0.082 seconds
[2025-03-12T15:47:02.028+0000] {processor.py:186} INFO - Started process (PID=250) to work on /opt/airflow/dags/create_dag_with_python_operator.py
[2025-03-12T15:47:02.029+0000] {processor.py:914} INFO - Processing file /opt/airflow/dags/create_dag_with_python_operator.py for tasks to queue
[2025-03-12T15:47:02.031+0000] {logging_mixin.py:190} INFO - [2025-03-12T15:47:02.030+0000] {dagbag.py:588} INFO - Filling up the DagBag from /opt/airflow/dags/create_dag_with_python_operator.py
[2025-03-12T15:47:02.044+0000] {processor.py:925} INFO - DAG(s) 'A_First_dag_python_operator_v02' retrieved from /opt/airflow/dags/create_dag_with_python_operator.py
[2025-03-12T15:47:02.066+0000] {logging_mixin.py:190} INFO - [2025-03-12T15:47:02.065+0000] {dag.py:3239} INFO - Sync 1 DAGs
[2025-03-12T15:47:02.087+0000] {logging_mixin.py:190} INFO - [2025-03-12T15:47:02.086+0000] {dag.py:4180} INFO - Setting next_dagrun for A_First_dag_python_operator_v02 to 2025-03-09 00:00:00+00:00, run_after=2025-03-16 00:00:00+00:00
[2025-03-12T15:47:02.105+0000] {processor.py:208} INFO - Processing /opt/airflow/dags/create_dag_with_python_operator.py took 0.081 seconds
[2025-03-12T15:47:32.985+0000] {processor.py:186} INFO - Started process (PID=279) to work on /opt/airflow/dags/create_dag_with_python_operator.py
[2025-03-12T15:47:32.986+0000] {processor.py:914} INFO - Processing file /opt/airflow/dags/create_dag_with_python_operator.py for tasks to queue
[2025-03-12T15:47:32.988+0000] {logging_mixin.py:190} INFO - [2025-03-12T15:47:32.988+0000] {dagbag.py:588} INFO - Filling up the DagBag from /opt/airflow/dags/create_dag_with_python_operator.py
[2025-03-12T15:47:33.011+0000] {processor.py:925} INFO - DAG(s) 'A_First_dag_python_operator_v02' retrieved from /opt/airflow/dags/create_dag_with_python_operator.py
[2025-03-12T15:47:33.036+0000] {logging_mixin.py:190} INFO - [2025-03-12T15:47:33.035+0000] {dag.py:3239} INFO - Sync 1 DAGs
[2025-03-12T15:47:33.060+0000] {logging_mixin.py:190} INFO - [2025-03-12T15:47:33.060+0000] {dag.py:4180} INFO - Setting next_dagrun for A_First_dag_python_operator_v02 to 2025-03-09 00:00:00+00:00, run_after=2025-03-16 00:00:00+00:00
[2025-03-12T15:47:33.078+0000] {processor.py:208} INFO - Processing /opt/airflow/dags/create_dag_with_python_operator.py took 0.100 seconds
[2025-03-12T15:48:03.903+0000] {processor.py:186} INFO - Started process (PID=305) to work on /opt/airflow/dags/create_dag_with_python_operator.py
[2025-03-12T15:48:03.904+0000] {processor.py:914} INFO - Processing file /opt/airflow/dags/create_dag_with_python_operator.py for tasks to queue
[2025-03-12T15:48:03.906+0000] {logging_mixin.py:190} INFO - [2025-03-12T15:48:03.906+0000] {dagbag.py:588} INFO - Filling up the DagBag from /opt/airflow/dags/create_dag_with_python_operator.py
[2025-03-12T15:48:03.927+0000] {processor.py:925} INFO - DAG(s) 'A_First_dag_python_operator_v02' retrieved from /opt/airflow/dags/create_dag_with_python_operator.py
[2025-03-12T15:48:03.949+0000] {logging_mixin.py:190} INFO - [2025-03-12T15:48:03.949+0000] {dag.py:3239} INFO - Sync 1 DAGs
[2025-03-12T15:48:03.972+0000] {logging_mixin.py:190} INFO - [2025-03-12T15:48:03.972+0000] {dag.py:4180} INFO - Setting next_dagrun for A_First_dag_python_operator_v02 to 2025-03-09 00:00:00+00:00, run_after=2025-03-16 00:00:00+00:00
[2025-03-12T15:48:03.991+0000] {processor.py:208} INFO - Processing /opt/airflow/dags/create_dag_with_python_operator.py took 0.093 seconds
[2025-03-12T15:48:34.878+0000] {processor.py:186} INFO - Started process (PID=331) to work on /opt/airflow/dags/create_dag_with_python_operator.py
[2025-03-12T15:48:34.879+0000] {processor.py:914} INFO - Processing file /opt/airflow/dags/create_dag_with_python_operator.py for tasks to queue
[2025-03-12T15:48:34.881+0000] {logging_mixin.py:190} INFO - [2025-03-12T15:48:34.881+0000] {dagbag.py:588} INFO - Filling up the DagBag from /opt/airflow/dags/create_dag_with_python_operator.py
[2025-03-12T15:48:34.897+0000] {processor.py:925} INFO - DAG(s) 'A_First_dag_python_operator_v02' retrieved from /opt/airflow/dags/create_dag_with_python_operator.py
[2025-03-12T15:48:34.918+0000] {logging_mixin.py:190} INFO - [2025-03-12T15:48:34.918+0000] {dag.py:3239} INFO - Sync 1 DAGs
[2025-03-12T15:48:34.941+0000] {logging_mixin.py:190} INFO - [2025-03-12T15:48:34.941+0000] {dag.py:4180} INFO - Setting next_dagrun for A_First_dag_python_operator_v02 to 2025-03-09 00:00:00+00:00, run_after=2025-03-16 00:00:00+00:00
[2025-03-12T15:48:34.958+0000] {processor.py:208} INFO - Processing /opt/airflow/dags/create_dag_with_python_operator.py took 0.085 seconds
[2025-03-12T15:49:07.944+0000] {processor.py:186} INFO - Started process (PID=361) to work on /opt/airflow/dags/create_dag_with_python_operator.py
[2025-03-12T15:49:07.944+0000] {processor.py:914} INFO - Processing file /opt/airflow/dags/create_dag_with_python_operator.py for tasks to queue
[2025-03-12T15:49:07.946+0000] {logging_mixin.py:190} INFO - [2025-03-12T15:49:07.946+0000] {dagbag.py:588} INFO - Filling up the DagBag from /opt/airflow/dags/create_dag_with_python_operator.py
[2025-03-12T15:49:07.963+0000] {processor.py:925} INFO - DAG(s) 'A_First_dag_python_operator_v02' retrieved from /opt/airflow/dags/create_dag_with_python_operator.py
[2025-03-12T15:49:07.985+0000] {logging_mixin.py:190} INFO - [2025-03-12T15:49:07.985+0000] {dag.py:3239} INFO - Sync 1 DAGs
[2025-03-12T15:49:08.005+0000] {logging_mixin.py:190} INFO - [2025-03-12T15:49:08.004+0000] {dag.py:4180} INFO - Setting next_dagrun for A_First_dag_python_operator_v02 to 2025-03-09 00:00:00+00:00, run_after=2025-03-16 00:00:00+00:00
[2025-03-12T15:49:08.021+0000] {processor.py:208} INFO - Processing /opt/airflow/dags/create_dag_with_python_operator.py took 0.082 seconds
[2025-03-12T15:49:40.992+0000] {processor.py:186} INFO - Started process (PID=387) to work on /opt/airflow/dags/create_dag_with_python_operator.py
[2025-03-12T15:49:40.993+0000] {processor.py:914} INFO - Processing file /opt/airflow/dags/create_dag_with_python_operator.py for tasks to queue
[2025-03-12T15:49:40.995+0000] {logging_mixin.py:190} INFO - [2025-03-12T15:49:40.995+0000] {dagbag.py:588} INFO - Filling up the DagBag from /opt/airflow/dags/create_dag_with_python_operator.py
[2025-03-12T15:49:41.012+0000] {processor.py:925} INFO - DAG(s) 'A_First_dag_python_operator_v02' retrieved from /opt/airflow/dags/create_dag_with_python_operator.py
[2025-03-12T15:49:41.031+0000] {logging_mixin.py:190} INFO - [2025-03-12T15:49:41.031+0000] {dag.py:3239} INFO - Sync 1 DAGs
[2025-03-12T15:49:41.048+0000] {logging_mixin.py:190} INFO - [2025-03-12T15:49:41.048+0000] {dag.py:4180} INFO - Setting next_dagrun for A_First_dag_python_operator_v02 to 2025-03-09 00:00:00+00:00, run_after=2025-03-16 00:00:00+00:00
[2025-03-12T15:49:41.063+0000] {processor.py:208} INFO - Processing /opt/airflow/dags/create_dag_with_python_operator.py took 0.076 seconds
[2025-03-12T15:50:13.999+0000] {processor.py:186} INFO - Started process (PID=413) to work on /opt/airflow/dags/create_dag_with_python_operator.py
[2025-03-12T15:50:14.000+0000] {processor.py:914} INFO - Processing file /opt/airflow/dags/create_dag_with_python_operator.py for tasks to queue
[2025-03-12T15:50:14.002+0000] {logging_mixin.py:190} INFO - [2025-03-12T15:50:14.002+0000] {dagbag.py:588} INFO - Filling up the DagBag from /opt/airflow/dags/create_dag_with_python_operator.py
[2025-03-12T15:50:14.018+0000] {processor.py:925} INFO - DAG(s) 'A_First_dag_python_operator_v02' retrieved from /opt/airflow/dags/create_dag_with_python_operator.py
[2025-03-12T15:50:14.041+0000] {logging_mixin.py:190} INFO - [2025-03-12T15:50:14.041+0000] {dag.py:3239} INFO - Sync 1 DAGs
[2025-03-12T15:50:14.060+0000] {logging_mixin.py:190} INFO - [2025-03-12T15:50:14.060+0000] {dag.py:4180} INFO - Setting next_dagrun for A_First_dag_python_operator_v02 to 2025-03-09 00:00:00+00:00, run_after=2025-03-16 00:00:00+00:00
[2025-03-12T15:50:14.076+0000] {processor.py:208} INFO - Processing /opt/airflow/dags/create_dag_with_python_operator.py took 0.082 seconds
[2025-03-12T15:50:47.964+0000] {processor.py:186} INFO - Started process (PID=439) to work on /opt/airflow/dags/create_dag_with_python_operator.py
[2025-03-12T15:50:47.965+0000] {processor.py:914} INFO - Processing file /opt/airflow/dags/create_dag_with_python_operator.py for tasks to queue
[2025-03-12T15:50:47.967+0000] {logging_mixin.py:190} INFO - [2025-03-12T15:50:47.966+0000] {dagbag.py:588} INFO - Filling up the DagBag from /opt/airflow/dags/create_dag_with_python_operator.py
[2025-03-12T15:50:47.978+0000] {processor.py:925} INFO - DAG(s) 'A_First_dag_python_operator_v02' retrieved from /opt/airflow/dags/create_dag_with_python_operator.py
[2025-03-12T15:50:48.000+0000] {logging_mixin.py:190} INFO - [2025-03-12T15:50:48.000+0000] {dag.py:3239} INFO - Sync 1 DAGs
[2025-03-12T15:50:48.020+0000] {logging_mixin.py:190} INFO - [2025-03-12T15:50:48.020+0000] {dag.py:4180} INFO - Setting next_dagrun for A_First_dag_python_operator_v02 to 2025-03-09 00:00:00+00:00, run_after=2025-03-16 00:00:00+00:00
[2025-03-12T15:50:48.036+0000] {processor.py:208} INFO - Processing /opt/airflow/dags/create_dag_with_python_operator.py took 0.076 seconds
[2025-03-12T15:51:21.081+0000] {processor.py:186} INFO - Started process (PID=468) to work on /opt/airflow/dags/create_dag_with_python_operator.py
[2025-03-12T15:51:21.082+0000] {processor.py:914} INFO - Processing file /opt/airflow/dags/create_dag_with_python_operator.py for tasks to queue
[2025-03-12T15:51:21.084+0000] {logging_mixin.py:190} INFO - [2025-03-12T15:51:21.083+0000] {dagbag.py:588} INFO - Filling up the DagBag from /opt/airflow/dags/create_dag_with_python_operator.py
[2025-03-12T15:51:21.098+0000] {processor.py:925} INFO - DAG(s) 'A_First_dag_python_operator_v02' retrieved from /opt/airflow/dags/create_dag_with_python_operator.py
[2025-03-12T15:51:21.118+0000] {logging_mixin.py:190} INFO - [2025-03-12T15:51:21.118+0000] {dag.py:3239} INFO - Sync 1 DAGs
[2025-03-12T15:51:21.139+0000] {logging_mixin.py:190} INFO - [2025-03-12T15:51:21.139+0000] {dag.py:4180} INFO - Setting next_dagrun for A_First_dag_python_operator_v02 to 2025-03-09 00:00:00+00:00, run_after=2025-03-16 00:00:00+00:00
[2025-03-12T15:51:21.152+0000] {processor.py:208} INFO - Processing /opt/airflow/dags/create_dag_with_python_operator.py took 0.076 seconds
[2025-03-12T15:51:54.107+0000] {processor.py:186} INFO - Started process (PID=494) to work on /opt/airflow/dags/create_dag_with_python_operator.py
[2025-03-12T15:51:54.108+0000] {processor.py:914} INFO - Processing file /opt/airflow/dags/create_dag_with_python_operator.py for tasks to queue
[2025-03-12T15:51:54.110+0000] {logging_mixin.py:190} INFO - [2025-03-12T15:51:54.110+0000] {dagbag.py:588} INFO - Filling up the DagBag from /opt/airflow/dags/create_dag_with_python_operator.py
[2025-03-12T15:51:54.128+0000] {processor.py:925} INFO - DAG(s) 'A_First_dag_python_operator_v02' retrieved from /opt/airflow/dags/create_dag_with_python_operator.py
[2025-03-12T15:51:54.151+0000] {logging_mixin.py:190} INFO - [2025-03-12T15:51:54.151+0000] {dag.py:3239} INFO - Sync 1 DAGs
[2025-03-12T15:51:54.173+0000] {logging_mixin.py:190} INFO - [2025-03-12T15:51:54.173+0000] {dag.py:4180} INFO - Setting next_dagrun for A_First_dag_python_operator_v02 to 2025-03-09 00:00:00+00:00, run_after=2025-03-16 00:00:00+00:00
[2025-03-12T15:51:54.187+0000] {processor.py:208} INFO - Processing /opt/airflow/dags/create_dag_with_python_operator.py took 0.084 seconds
[2025-03-12T15:52:27.282+0000] {processor.py:186} INFO - Started process (PID=520) to work on /opt/airflow/dags/create_dag_with_python_operator.py
[2025-03-12T15:52:27.283+0000] {processor.py:914} INFO - Processing file /opt/airflow/dags/create_dag_with_python_operator.py for tasks to queue
[2025-03-12T15:52:27.285+0000] {logging_mixin.py:190} INFO - [2025-03-12T15:52:27.285+0000] {dagbag.py:588} INFO - Filling up the DagBag from /opt/airflow/dags/create_dag_with_python_operator.py
[2025-03-12T15:52:27.303+0000] {processor.py:925} INFO - DAG(s) 'A_First_dag_python_operator_v02' retrieved from /opt/airflow/dags/create_dag_with_python_operator.py
[2025-03-12T15:52:27.322+0000] {logging_mixin.py:190} INFO - [2025-03-12T15:52:27.322+0000] {dag.py:3239} INFO - Sync 1 DAGs
[2025-03-12T15:52:27.338+0000] {logging_mixin.py:190} INFO - [2025-03-12T15:52:27.338+0000] {dag.py:4180} INFO - Setting next_dagrun for A_First_dag_python_operator_v02 to 2025-03-09 00:00:00+00:00, run_after=2025-03-16 00:00:00+00:00
[2025-03-12T15:52:27.354+0000] {processor.py:208} INFO - Processing /opt/airflow/dags/create_dag_with_python_operator.py took 0.077 seconds
[2025-03-12T15:53:01.408+0000] {processor.py:186} INFO - Started process (PID=546) to work on /opt/airflow/dags/create_dag_with_python_operator.py
[2025-03-12T15:53:01.409+0000] {processor.py:914} INFO - Processing file /opt/airflow/dags/create_dag_with_python_operator.py for tasks to queue
[2025-03-12T15:53:01.412+0000] {logging_mixin.py:190} INFO - [2025-03-12T15:53:01.411+0000] {dagbag.py:588} INFO - Filling up the DagBag from /opt/airflow/dags/create_dag_with_python_operator.py
[2025-03-12T15:53:01.431+0000] {processor.py:925} INFO - DAG(s) 'A_First_dag_python_operator_v02' retrieved from /opt/airflow/dags/create_dag_with_python_operator.py
[2025-03-12T15:53:01.450+0000] {logging_mixin.py:190} INFO - [2025-03-12T15:53:01.450+0000] {dag.py:3239} INFO - Sync 1 DAGs
[2025-03-12T15:53:01.467+0000] {logging_mixin.py:190} INFO - [2025-03-12T15:53:01.467+0000] {dag.py:4180} INFO - Setting next_dagrun for A_First_dag_python_operator_v02 to 2025-03-09 00:00:00+00:00, run_after=2025-03-16 00:00:00+00:00
[2025-03-12T15:53:01.482+0000] {processor.py:208} INFO - Processing /opt/airflow/dags/create_dag_with_python_operator.py took 0.079 seconds
[2025-03-12T15:53:34.396+0000] {processor.py:186} INFO - Started process (PID=575) to work on /opt/airflow/dags/create_dag_with_python_operator.py
[2025-03-12T15:53:34.397+0000] {processor.py:914} INFO - Processing file /opt/airflow/dags/create_dag_with_python_operator.py for tasks to queue
[2025-03-12T15:53:34.399+0000] {logging_mixin.py:190} INFO - [2025-03-12T15:53:34.399+0000] {dagbag.py:588} INFO - Filling up the DagBag from /opt/airflow/dags/create_dag_with_python_operator.py
[2025-03-12T15:53:34.415+0000] {processor.py:925} INFO - DAG(s) 'A_First_dag_python_operator_v02' retrieved from /opt/airflow/dags/create_dag_with_python_operator.py
[2025-03-12T15:53:34.435+0000] {logging_mixin.py:190} INFO - [2025-03-12T15:53:34.435+0000] {dag.py:3239} INFO - Sync 1 DAGs
[2025-03-12T15:53:34.452+0000] {logging_mixin.py:190} INFO - [2025-03-12T15:53:34.452+0000] {dag.py:4180} INFO - Setting next_dagrun for A_First_dag_python_operator_v02 to 2025-03-09 00:00:00+00:00, run_after=2025-03-16 00:00:00+00:00
[2025-03-12T15:53:34.468+0000] {processor.py:208} INFO - Processing /opt/airflow/dags/create_dag_with_python_operator.py took 0.076 seconds
[2025-03-12T15:54:07.477+0000] {processor.py:186} INFO - Started process (PID=601) to work on /opt/airflow/dags/create_dag_with_python_operator.py
[2025-03-12T15:54:07.478+0000] {processor.py:914} INFO - Processing file /opt/airflow/dags/create_dag_with_python_operator.py for tasks to queue
[2025-03-12T15:54:07.480+0000] {logging_mixin.py:190} INFO - [2025-03-12T15:54:07.480+0000] {dagbag.py:588} INFO - Filling up the DagBag from /opt/airflow/dags/create_dag_with_python_operator.py
[2025-03-12T15:54:07.500+0000] {processor.py:925} INFO - DAG(s) 'A_First_dag_python_operator_v02' retrieved from /opt/airflow/dags/create_dag_with_python_operator.py
[2025-03-12T15:54:07.521+0000] {logging_mixin.py:190} INFO - [2025-03-12T15:54:07.520+0000] {dag.py:3239} INFO - Sync 1 DAGs
[2025-03-12T15:54:07.540+0000] {logging_mixin.py:190} INFO - [2025-03-12T15:54:07.540+0000] {dag.py:4180} INFO - Setting next_dagrun for A_First_dag_python_operator_v02 to 2025-03-09 00:00:00+00:00, run_after=2025-03-16 00:00:00+00:00
[2025-03-12T15:54:07.556+0000] {processor.py:208} INFO - Processing /opt/airflow/dags/create_dag_with_python_operator.py took 0.083 seconds
[2025-03-12T15:54:40.635+0000] {processor.py:186} INFO - Started process (PID=627) to work on /opt/airflow/dags/create_dag_with_python_operator.py
[2025-03-12T15:54:40.636+0000] {processor.py:914} INFO - Processing file /opt/airflow/dags/create_dag_with_python_operator.py for tasks to queue
[2025-03-12T15:54:40.638+0000] {logging_mixin.py:190} INFO - [2025-03-12T15:54:40.638+0000] {dagbag.py:588} INFO - Filling up the DagBag from /opt/airflow/dags/create_dag_with_python_operator.py
[2025-03-12T15:54:40.653+0000] {processor.py:925} INFO - DAG(s) 'A_First_dag_python_operator_v02' retrieved from /opt/airflow/dags/create_dag_with_python_operator.py
[2025-03-12T15:54:40.671+0000] {logging_mixin.py:190} INFO - [2025-03-12T15:54:40.671+0000] {dag.py:3239} INFO - Sync 1 DAGs
[2025-03-12T15:54:40.688+0000] {logging_mixin.py:190} INFO - [2025-03-12T15:54:40.688+0000] {dag.py:4180} INFO - Setting next_dagrun for A_First_dag_python_operator_v02 to 2025-03-09 00:00:00+00:00, run_after=2025-03-16 00:00:00+00:00
[2025-03-12T15:54:40.703+0000] {processor.py:208} INFO - Processing /opt/airflow/dags/create_dag_with_python_operator.py took 0.072 seconds
[2025-03-12T15:55:14.670+0000] {processor.py:186} INFO - Started process (PID=656) to work on /opt/airflow/dags/create_dag_with_python_operator.py
[2025-03-12T15:55:14.671+0000] {processor.py:914} INFO - Processing file /opt/airflow/dags/create_dag_with_python_operator.py for tasks to queue
[2025-03-12T15:55:14.673+0000] {logging_mixin.py:190} INFO - [2025-03-12T15:55:14.673+0000] {dagbag.py:588} INFO - Filling up the DagBag from /opt/airflow/dags/create_dag_with_python_operator.py
[2025-03-12T15:55:14.689+0000] {processor.py:925} INFO - DAG(s) 'A_First_dag_python_operator_v02' retrieved from /opt/airflow/dags/create_dag_with_python_operator.py
[2025-03-12T15:55:14.712+0000] {logging_mixin.py:190} INFO - [2025-03-12T15:55:14.711+0000] {dag.py:3239} INFO - Sync 1 DAGs
[2025-03-12T15:55:14.730+0000] {logging_mixin.py:190} INFO - [2025-03-12T15:55:14.730+0000] {dag.py:4180} INFO - Setting next_dagrun for A_First_dag_python_operator_v02 to 2025-03-09 00:00:00+00:00, run_after=2025-03-16 00:00:00+00:00
[2025-03-12T15:55:14.745+0000] {processor.py:208} INFO - Processing /opt/airflow/dags/create_dag_with_python_operator.py took 0.079 seconds
[2025-03-12T15:55:47.696+0000] {processor.py:186} INFO - Started process (PID=682) to work on /opt/airflow/dags/create_dag_with_python_operator.py
[2025-03-12T15:55:47.697+0000] {processor.py:914} INFO - Processing file /opt/airflow/dags/create_dag_with_python_operator.py for tasks to queue
[2025-03-12T15:55:47.699+0000] {logging_mixin.py:190} INFO - [2025-03-12T15:55:47.699+0000] {dagbag.py:588} INFO - Filling up the DagBag from /opt/airflow/dags/create_dag_with_python_operator.py
[2025-03-12T15:55:47.716+0000] {processor.py:925} INFO - DAG(s) 'A_First_dag_python_operator_v02' retrieved from /opt/airflow/dags/create_dag_with_python_operator.py
[2025-03-12T15:55:47.734+0000] {logging_mixin.py:190} INFO - [2025-03-12T15:55:47.734+0000] {dag.py:3239} INFO - Sync 1 DAGs
[2025-03-12T15:55:47.753+0000] {logging_mixin.py:190} INFO - [2025-03-12T15:55:47.752+0000] {dag.py:4180} INFO - Setting next_dagrun for A_First_dag_python_operator_v02 to 2025-03-09 00:00:00+00:00, run_after=2025-03-16 00:00:00+00:00
[2025-03-12T15:55:47.768+0000] {processor.py:208} INFO - Processing /opt/airflow/dags/create_dag_with_python_operator.py took 0.077 seconds
[2025-03-12T15:56:20.776+0000] {processor.py:186} INFO - Started process (PID=708) to work on /opt/airflow/dags/create_dag_with_python_operator.py
[2025-03-12T15:56:20.776+0000] {processor.py:914} INFO - Processing file /opt/airflow/dags/create_dag_with_python_operator.py for tasks to queue
[2025-03-12T15:56:20.778+0000] {logging_mixin.py:190} INFO - [2025-03-12T15:56:20.778+0000] {dagbag.py:588} INFO - Filling up the DagBag from /opt/airflow/dags/create_dag_with_python_operator.py
[2025-03-12T15:56:20.794+0000] {processor.py:925} INFO - DAG(s) 'A_First_dag_python_operator_v02' retrieved from /opt/airflow/dags/create_dag_with_python_operator.py
[2025-03-12T15:56:20.812+0000] {logging_mixin.py:190} INFO - [2025-03-12T15:56:20.812+0000] {dag.py:3239} INFO - Sync 1 DAGs
[2025-03-12T15:56:20.831+0000] {logging_mixin.py:190} INFO - [2025-03-12T15:56:20.831+0000] {dag.py:4180} INFO - Setting next_dagrun for A_First_dag_python_operator_v02 to 2025-03-09 00:00:00+00:00, run_after=2025-03-16 00:00:00+00:00
[2025-03-12T15:56:20.847+0000] {processor.py:208} INFO - Processing /opt/airflow/dags/create_dag_with_python_operator.py took 0.076 seconds
[2025-03-12T15:56:53.829+0000] {processor.py:186} INFO - Started process (PID=734) to work on /opt/airflow/dags/create_dag_with_python_operator.py
[2025-03-12T15:56:53.830+0000] {processor.py:914} INFO - Processing file /opt/airflow/dags/create_dag_with_python_operator.py for tasks to queue
[2025-03-12T15:56:53.832+0000] {logging_mixin.py:190} INFO - [2025-03-12T15:56:53.831+0000] {dagbag.py:588} INFO - Filling up the DagBag from /opt/airflow/dags/create_dag_with_python_operator.py
[2025-03-12T15:56:53.846+0000] {processor.py:925} INFO - DAG(s) 'A_First_dag_python_operator_v02' retrieved from /opt/airflow/dags/create_dag_with_python_operator.py
[2025-03-12T15:56:53.868+0000] {logging_mixin.py:190} INFO - [2025-03-12T15:56:53.868+0000] {dag.py:3239} INFO - Sync 1 DAGs
[2025-03-12T15:56:53.889+0000] {logging_mixin.py:190} INFO - [2025-03-12T15:56:53.889+0000] {dag.py:4180} INFO - Setting next_dagrun for A_First_dag_python_operator_v02 to 2025-03-09 00:00:00+00:00, run_after=2025-03-16 00:00:00+00:00
[2025-03-12T15:56:53.903+0000] {processor.py:208} INFO - Processing /opt/airflow/dags/create_dag_with_python_operator.py took 0.079 seconds
[2025-03-12T15:57:27.967+0000] {processor.py:186} INFO - Started process (PID=761) to work on /opt/airflow/dags/create_dag_with_python_operator.py
[2025-03-12T15:57:27.968+0000] {processor.py:914} INFO - Processing file /opt/airflow/dags/create_dag_with_python_operator.py for tasks to queue
[2025-03-12T15:57:27.970+0000] {logging_mixin.py:190} INFO - [2025-03-12T15:57:27.970+0000] {dagbag.py:588} INFO - Filling up the DagBag from /opt/airflow/dags/create_dag_with_python_operator.py
[2025-03-12T15:57:27.985+0000] {processor.py:925} INFO - DAG(s) 'A_First_dag_python_operator_v02' retrieved from /opt/airflow/dags/create_dag_with_python_operator.py
[2025-03-12T15:57:28.003+0000] {logging_mixin.py:190} INFO - [2025-03-12T15:57:28.003+0000] {dag.py:3239} INFO - Sync 1 DAGs
[2025-03-12T15:57:28.020+0000] {logging_mixin.py:190} INFO - [2025-03-12T15:57:28.020+0000] {dag.py:4180} INFO - Setting next_dagrun for A_First_dag_python_operator_v02 to 2025-03-09 00:00:00+00:00, run_after=2025-03-16 00:00:00+00:00
[2025-03-12T15:57:28.035+0000] {processor.py:208} INFO - Processing /opt/airflow/dags/create_dag_with_python_operator.py took 0.073 seconds
