[2025-03-12T13:44:54.840+0000] {processor.py:186} INFO - Started process (PID=191) to work on /opt/airflow/dags/dag_with_taskflow_api.py
[2025-03-12T13:44:54.841+0000] {processor.py:914} INFO - Processing file /opt/airflow/dags/dag_with_taskflow_api.py for tasks to queue
[2025-03-12T13:44:54.844+0000] {logging_mixin.py:190} INFO - [2025-03-12T13:44:54.843+0000] {dagbag.py:588} INFO - Filling up the DagBag from /opt/airflow/dags/dag_with_taskflow_api.py
[2025-03-12T13:44:54.864+0000] {processor.py:925} INFO - DAG(s) 'A_dag_with_taskflow_api_v01' retrieved from /opt/airflow/dags/dag_with_taskflow_api.py
[2025-03-12T13:44:55.093+0000] {logging_mixin.py:190} INFO - [2025-03-12T13:44:55.092+0000] {override.py:1912} INFO - Created Permission View: can edit on DAG:A_dag_with_taskflow_api_v01
[2025-03-12T13:44:55.104+0000] {logging_mixin.py:190} INFO - [2025-03-12T13:44:55.103+0000] {override.py:1912} INFO - Created Permission View: can delete on DAG:A_dag_with_taskflow_api_v01
[2025-03-12T13:44:55.143+0000] {logging_mixin.py:190} INFO - [2025-03-12T13:44:55.142+0000] {override.py:1912} INFO - Created Permission View: can read on DAG:A_dag_with_taskflow_api_v01
[2025-03-12T13:44:55.173+0000] {logging_mixin.py:190} INFO - [2025-03-12T13:44:55.172+0000] {override.py:1912} INFO - Created Permission View: can delete on DAG Run:A_dag_with_taskflow_api_v01
[2025-03-12T13:44:55.216+0000] {logging_mixin.py:190} INFO - [2025-03-12T13:44:55.215+0000] {override.py:1912} INFO - Created Permission View: menu access on DAG Run:A_dag_with_taskflow_api_v01
[2025-03-12T13:44:55.228+0000] {logging_mixin.py:190} INFO - [2025-03-12T13:44:55.228+0000] {override.py:1912} INFO - Created Permission View: can create on DAG Run:A_dag_with_taskflow_api_v01
[2025-03-12T13:44:55.243+0000] {logging_mixin.py:190} INFO - [2025-03-12T13:44:55.242+0000] {override.py:1912} INFO - Created Permission View: can read on DAG Run:A_dag_with_taskflow_api_v01
[2025-03-12T13:44:55.244+0000] {logging_mixin.py:190} INFO - [2025-03-12T13:44:55.244+0000] {dag.py:3239} INFO - Sync 1 DAGs
[2025-03-12T13:44:55.268+0000] {logging_mixin.py:190} INFO - [2025-03-12T13:44:55.268+0000] {dag.py:3262} INFO - Creating ORM DAG for A_dag_with_taskflow_api_v01
[2025-03-12T13:44:55.282+0000] {logging_mixin.py:190} INFO - [2025-03-12T13:44:55.282+0000] {dag.py:4180} INFO - Setting next_dagrun for A_dag_with_taskflow_api_v01 to 2025-03-07 00:00:00+00:00, run_after=2025-03-08 00:00:00+00:00
[2025-03-12T13:44:55.301+0000] {processor.py:208} INFO - Processing /opt/airflow/dags/dag_with_taskflow_api.py took 0.465 seconds
[2025-03-12T13:45:26.218+0000] {processor.py:186} INFO - Started process (PID=497) to work on /opt/airflow/dags/dag_with_taskflow_api.py
[2025-03-12T13:45:26.219+0000] {processor.py:914} INFO - Processing file /opt/airflow/dags/dag_with_taskflow_api.py for tasks to queue
[2025-03-12T13:45:26.221+0000] {logging_mixin.py:190} INFO - [2025-03-12T13:45:26.220+0000] {dagbag.py:588} INFO - Filling up the DagBag from /opt/airflow/dags/dag_with_taskflow_api.py
[2025-03-12T13:45:26.235+0000] {processor.py:925} INFO - DAG(s) 'A_dag_with_taskflow_api_v01' retrieved from /opt/airflow/dags/dag_with_taskflow_api.py
[2025-03-12T13:45:26.250+0000] {logging_mixin.py:190} INFO - [2025-03-12T13:45:26.250+0000] {dag.py:3239} INFO - Sync 1 DAGs
[2025-03-12T13:45:26.270+0000] {logging_mixin.py:190} INFO - [2025-03-12T13:45:26.269+0000] {dag.py:4180} INFO - Setting next_dagrun for A_dag_with_taskflow_api_v01 to 2025-03-07 00:00:00+00:00, run_after=2025-03-08 00:00:00+00:00
[2025-03-12T13:45:26.286+0000] {processor.py:208} INFO - Processing /opt/airflow/dags/dag_with_taskflow_api.py took 0.073 seconds
[2025-03-12T13:45:56.907+0000] {processor.py:186} INFO - Started process (PID=803) to work on /opt/airflow/dags/dag_with_taskflow_api.py
[2025-03-12T13:45:56.908+0000] {processor.py:914} INFO - Processing file /opt/airflow/dags/dag_with_taskflow_api.py for tasks to queue
[2025-03-12T13:45:56.910+0000] {logging_mixin.py:190} INFO - [2025-03-12T13:45:56.910+0000] {dagbag.py:588} INFO - Filling up the DagBag from /opt/airflow/dags/dag_with_taskflow_api.py
[2025-03-12T13:45:56.923+0000] {processor.py:925} INFO - DAG(s) 'A_dag_with_taskflow_api_v01' retrieved from /opt/airflow/dags/dag_with_taskflow_api.py
[2025-03-12T13:45:56.936+0000] {logging_mixin.py:190} INFO - [2025-03-12T13:45:56.936+0000] {dag.py:3239} INFO - Sync 1 DAGs
[2025-03-12T13:45:56.951+0000] {logging_mixin.py:190} INFO - [2025-03-12T13:45:56.951+0000] {dag.py:4180} INFO - Setting next_dagrun for A_dag_with_taskflow_api_v01 to 2025-03-07 00:00:00+00:00, run_after=2025-03-08 00:00:00+00:00
[2025-03-12T13:45:56.967+0000] {processor.py:208} INFO - Processing /opt/airflow/dags/dag_with_taskflow_api.py took 0.065 seconds
[2025-03-12T13:47:00.812+0000] {processor.py:186} INFO - Started process (PID=178) to work on /opt/airflow/dags/dag_with_taskflow_api.py
[2025-03-12T13:47:00.813+0000] {processor.py:914} INFO - Processing file /opt/airflow/dags/dag_with_taskflow_api.py for tasks to queue
[2025-03-12T13:47:00.815+0000] {logging_mixin.py:190} INFO - [2025-03-12T13:47:00.815+0000] {dagbag.py:588} INFO - Filling up the DagBag from /opt/airflow/dags/dag_with_taskflow_api.py
[2025-03-12T13:47:00.840+0000] {processor.py:925} INFO - DAG(s) 'A_dag_with_taskflow_api_v01' retrieved from /opt/airflow/dags/dag_with_taskflow_api.py
[2025-03-12T13:47:00.871+0000] {logging_mixin.py:190} INFO - [2025-03-12T13:47:00.871+0000] {dag.py:3239} INFO - Sync 1 DAGs
[2025-03-12T13:47:00.897+0000] {logging_mixin.py:190} INFO - [2025-03-12T13:47:00.897+0000] {dag.py:4180} INFO - Setting next_dagrun for A_dag_with_taskflow_api_v01 to 2025-03-07 00:00:00+00:00, run_after=2025-03-08 00:00:00+00:00
[2025-03-12T13:47:00.915+0000] {processor.py:208} INFO - Processing /opt/airflow/dags/dag_with_taskflow_api.py took 0.110 seconds
[2025-03-12T13:47:31.103+0000] {processor.py:186} INFO - Started process (PID=484) to work on /opt/airflow/dags/dag_with_taskflow_api.py
[2025-03-12T13:47:31.104+0000] {processor.py:914} INFO - Processing file /opt/airflow/dags/dag_with_taskflow_api.py for tasks to queue
[2025-03-12T13:47:31.105+0000] {logging_mixin.py:190} INFO - [2025-03-12T13:47:31.105+0000] {dagbag.py:588} INFO - Filling up the DagBag from /opt/airflow/dags/dag_with_taskflow_api.py
[2025-03-12T13:47:31.118+0000] {processor.py:925} INFO - DAG(s) 'A_dag_with_taskflow_api_v01' retrieved from /opt/airflow/dags/dag_with_taskflow_api.py
[2025-03-12T13:47:31.132+0000] {logging_mixin.py:190} INFO - [2025-03-12T13:47:31.132+0000] {dag.py:3239} INFO - Sync 1 DAGs
[2025-03-12T13:47:31.150+0000] {logging_mixin.py:190} INFO - [2025-03-12T13:47:31.150+0000] {dag.py:4180} INFO - Setting next_dagrun for A_dag_with_taskflow_api_v01 to 2025-03-07 00:00:00+00:00, run_after=2025-03-08 00:00:00+00:00
[2025-03-12T13:47:31.167+0000] {processor.py:208} INFO - Processing /opt/airflow/dags/dag_with_taskflow_api.py took 0.069 seconds
[2025-03-12T13:48:01.332+0000] {processor.py:186} INFO - Started process (PID=790) to work on /opt/airflow/dags/dag_with_taskflow_api.py
[2025-03-12T13:48:01.333+0000] {processor.py:914} INFO - Processing file /opt/airflow/dags/dag_with_taskflow_api.py for tasks to queue
[2025-03-12T13:48:01.334+0000] {logging_mixin.py:190} INFO - [2025-03-12T13:48:01.334+0000] {dagbag.py:588} INFO - Filling up the DagBag from /opt/airflow/dags/dag_with_taskflow_api.py
[2025-03-12T13:48:01.349+0000] {processor.py:925} INFO - DAG(s) 'A_dag_with_taskflow_api_v01' retrieved from /opt/airflow/dags/dag_with_taskflow_api.py
[2025-03-12T13:48:01.363+0000] {logging_mixin.py:190} INFO - [2025-03-12T13:48:01.363+0000] {dag.py:3239} INFO - Sync 1 DAGs
[2025-03-12T13:48:01.382+0000] {logging_mixin.py:190} INFO - [2025-03-12T13:48:01.382+0000] {dag.py:4180} INFO - Setting next_dagrun for A_dag_with_taskflow_api_v01 to 2025-03-07 00:00:00+00:00, run_after=2025-03-08 00:00:00+00:00
[2025-03-12T13:48:01.401+0000] {processor.py:208} INFO - Processing /opt/airflow/dags/dag_with_taskflow_api.py took 0.074 seconds
[2025-03-12T13:48:31.669+0000] {processor.py:186} INFO - Started process (PID=1096) to work on /opt/airflow/dags/dag_with_taskflow_api.py
[2025-03-12T13:48:31.670+0000] {processor.py:914} INFO - Processing file /opt/airflow/dags/dag_with_taskflow_api.py for tasks to queue
[2025-03-12T13:48:31.672+0000] {logging_mixin.py:190} INFO - [2025-03-12T13:48:31.672+0000] {dagbag.py:588} INFO - Filling up the DagBag from /opt/airflow/dags/dag_with_taskflow_api.py
[2025-03-12T13:48:31.684+0000] {processor.py:925} INFO - DAG(s) 'A_dag_with_taskflow_api_v01' retrieved from /opt/airflow/dags/dag_with_taskflow_api.py
[2025-03-12T13:48:31.698+0000] {logging_mixin.py:190} INFO - [2025-03-12T13:48:31.698+0000] {dag.py:3239} INFO - Sync 1 DAGs
[2025-03-12T13:48:31.715+0000] {logging_mixin.py:190} INFO - [2025-03-12T13:48:31.715+0000] {dag.py:4180} INFO - Setting next_dagrun for A_dag_with_taskflow_api_v01 to 2025-03-07 00:00:00+00:00, run_after=2025-03-08 00:00:00+00:00
[2025-03-12T13:48:31.731+0000] {processor.py:208} INFO - Processing /opt/airflow/dags/dag_with_taskflow_api.py took 0.066 seconds
[2025-03-12T13:49:02.328+0000] {processor.py:186} INFO - Started process (PID=1403) to work on /opt/airflow/dags/dag_with_taskflow_api.py
[2025-03-12T13:49:02.329+0000] {processor.py:914} INFO - Processing file /opt/airflow/dags/dag_with_taskflow_api.py for tasks to queue
[2025-03-12T13:49:02.331+0000] {logging_mixin.py:190} INFO - [2025-03-12T13:49:02.331+0000] {dagbag.py:588} INFO - Filling up the DagBag from /opt/airflow/dags/dag_with_taskflow_api.py
[2025-03-12T13:49:02.343+0000] {processor.py:925} INFO - DAG(s) 'A_dag_with_taskflow_api_v01' retrieved from /opt/airflow/dags/dag_with_taskflow_api.py
[2025-03-12T13:49:02.357+0000] {logging_mixin.py:190} INFO - [2025-03-12T13:49:02.357+0000] {dag.py:3239} INFO - Sync 1 DAGs
[2025-03-12T13:49:02.375+0000] {logging_mixin.py:190} INFO - [2025-03-12T13:49:02.375+0000] {dag.py:4180} INFO - Setting next_dagrun for A_dag_with_taskflow_api_v01 to 2025-03-07 00:00:00+00:00, run_after=2025-03-08 00:00:00+00:00
[2025-03-12T13:49:02.392+0000] {processor.py:208} INFO - Processing /opt/airflow/dags/dag_with_taskflow_api.py took 0.068 seconds
[2025-03-12T13:49:33.168+0000] {processor.py:186} INFO - Started process (PID=1709) to work on /opt/airflow/dags/dag_with_taskflow_api.py
[2025-03-12T13:49:33.168+0000] {processor.py:914} INFO - Processing file /opt/airflow/dags/dag_with_taskflow_api.py for tasks to queue
[2025-03-12T13:49:33.170+0000] {logging_mixin.py:190} INFO - [2025-03-12T13:49:33.170+0000] {dagbag.py:588} INFO - Filling up the DagBag from /opt/airflow/dags/dag_with_taskflow_api.py
[2025-03-12T13:49:33.183+0000] {processor.py:925} INFO - DAG(s) 'A_dag_with_taskflow_api_v01' retrieved from /opt/airflow/dags/dag_with_taskflow_api.py
[2025-03-12T13:49:33.197+0000] {logging_mixin.py:190} INFO - [2025-03-12T13:49:33.197+0000] {dag.py:3239} INFO - Sync 1 DAGs
[2025-03-12T13:49:33.214+0000] {logging_mixin.py:190} INFO - [2025-03-12T13:49:33.214+0000] {dag.py:4180} INFO - Setting next_dagrun for A_dag_with_taskflow_api_v01 to 2025-03-07 00:00:00+00:00, run_after=2025-03-08 00:00:00+00:00
[2025-03-12T13:49:33.232+0000] {processor.py:208} INFO - Processing /opt/airflow/dags/dag_with_taskflow_api.py took 0.068 seconds
[2025-03-12T13:50:05.993+0000] {processor.py:186} INFO - Started process (PID=2015) to work on /opt/airflow/dags/dag_with_taskflow_api.py
[2025-03-12T13:50:05.993+0000] {processor.py:914} INFO - Processing file /opt/airflow/dags/dag_with_taskflow_api.py for tasks to queue
[2025-03-12T13:50:05.995+0000] {logging_mixin.py:190} INFO - [2025-03-12T13:50:05.995+0000] {dagbag.py:588} INFO - Filling up the DagBag from /opt/airflow/dags/dag_with_taskflow_api.py
[2025-03-12T13:50:06.010+0000] {processor.py:925} INFO - DAG(s) 'A_dag_with_taskflow_api_v01' retrieved from /opt/airflow/dags/dag_with_taskflow_api.py
[2025-03-12T13:50:06.024+0000] {logging_mixin.py:190} INFO - [2025-03-12T13:50:06.024+0000] {dag.py:3239} INFO - Sync 1 DAGs
[2025-03-12T13:50:06.043+0000] {logging_mixin.py:190} INFO - [2025-03-12T13:50:06.043+0000] {dag.py:4180} INFO - Setting next_dagrun for A_dag_with_taskflow_api_v01 to 2025-03-07 00:00:00+00:00, run_after=2025-03-08 00:00:00+00:00
[2025-03-12T13:50:06.059+0000] {processor.py:208} INFO - Processing /opt/airflow/dags/dag_with_taskflow_api.py took 0.070 seconds
[2025-03-12T13:50:40.072+0000] {processor.py:186} INFO - Started process (PID=2322) to work on /opt/airflow/dags/dag_with_taskflow_api.py
[2025-03-12T13:50:40.074+0000] {processor.py:914} INFO - Processing file /opt/airflow/dags/dag_with_taskflow_api.py for tasks to queue
[2025-03-12T13:50:40.076+0000] {logging_mixin.py:190} INFO - [2025-03-12T13:50:40.076+0000] {dagbag.py:588} INFO - Filling up the DagBag from /opt/airflow/dags/dag_with_taskflow_api.py
[2025-03-12T13:50:40.096+0000] {processor.py:925} INFO - DAG(s) 'A_dag_with_taskflow_api_v01' retrieved from /opt/airflow/dags/dag_with_taskflow_api.py
[2025-03-12T13:50:40.122+0000] {logging_mixin.py:190} INFO - [2025-03-12T13:50:40.122+0000] {dag.py:3239} INFO - Sync 1 DAGs
[2025-03-12T13:50:40.146+0000] {logging_mixin.py:190} INFO - [2025-03-12T13:50:40.146+0000] {dag.py:4180} INFO - Setting next_dagrun for A_dag_with_taskflow_api_v01 to 2025-03-07 00:00:00+00:00, run_after=2025-03-08 00:00:00+00:00
[2025-03-12T13:50:40.167+0000] {processor.py:208} INFO - Processing /opt/airflow/dags/dag_with_taskflow_api.py took 0.100 seconds
[2025-03-12T13:51:13.100+0000] {processor.py:186} INFO - Started process (PID=2628) to work on /opt/airflow/dags/dag_with_taskflow_api.py
[2025-03-12T13:51:13.101+0000] {processor.py:914} INFO - Processing file /opt/airflow/dags/dag_with_taskflow_api.py for tasks to queue
[2025-03-12T13:51:13.103+0000] {logging_mixin.py:190} INFO - [2025-03-12T13:51:13.103+0000] {dagbag.py:588} INFO - Filling up the DagBag from /opt/airflow/dags/dag_with_taskflow_api.py
[2025-03-12T13:51:13.119+0000] {processor.py:925} INFO - DAG(s) 'A_dag_with_taskflow_api_v01' retrieved from /opt/airflow/dags/dag_with_taskflow_api.py
[2025-03-12T13:51:13.134+0000] {logging_mixin.py:190} INFO - [2025-03-12T13:51:13.134+0000] {dag.py:3239} INFO - Sync 1 DAGs
[2025-03-12T13:51:13.153+0000] {logging_mixin.py:190} INFO - [2025-03-12T13:51:13.153+0000] {dag.py:4180} INFO - Setting next_dagrun for A_dag_with_taskflow_api_v01 to 2025-03-07 00:00:00+00:00, run_after=2025-03-08 00:00:00+00:00
[2025-03-12T13:51:13.167+0000] {processor.py:208} INFO - Processing /opt/airflow/dags/dag_with_taskflow_api.py took 0.072 seconds
[2025-03-12T13:51:45.826+0000] {processor.py:186} INFO - Started process (PID=2934) to work on /opt/airflow/dags/dag_with_taskflow_api.py
[2025-03-12T13:51:45.827+0000] {processor.py:914} INFO - Processing file /opt/airflow/dags/dag_with_taskflow_api.py for tasks to queue
[2025-03-12T13:51:45.829+0000] {logging_mixin.py:190} INFO - [2025-03-12T13:51:45.829+0000] {dagbag.py:588} INFO - Filling up the DagBag from /opt/airflow/dags/dag_with_taskflow_api.py
[2025-03-12T13:51:45.843+0000] {processor.py:925} INFO - DAG(s) 'A_dag_with_taskflow_api_v01' retrieved from /opt/airflow/dags/dag_with_taskflow_api.py
[2025-03-12T13:51:45.858+0000] {logging_mixin.py:190} INFO - [2025-03-12T13:51:45.858+0000] {dag.py:3239} INFO - Sync 1 DAGs
[2025-03-12T13:51:45.878+0000] {logging_mixin.py:190} INFO - [2025-03-12T13:51:45.878+0000] {dag.py:4180} INFO - Setting next_dagrun for A_dag_with_taskflow_api_v01 to 2025-03-07 00:00:00+00:00, run_after=2025-03-08 00:00:00+00:00
[2025-03-12T13:51:45.894+0000] {processor.py:208} INFO - Processing /opt/airflow/dags/dag_with_taskflow_api.py took 0.073 seconds
[2025-03-12T13:52:19.801+0000] {processor.py:186} INFO - Started process (PID=3240) to work on /opt/airflow/dags/dag_with_taskflow_api.py
[2025-03-12T13:52:19.802+0000] {processor.py:914} INFO - Processing file /opt/airflow/dags/dag_with_taskflow_api.py for tasks to queue
[2025-03-12T13:52:19.804+0000] {logging_mixin.py:190} INFO - [2025-03-12T13:52:19.803+0000] {dagbag.py:588} INFO - Filling up the DagBag from /opt/airflow/dags/dag_with_taskflow_api.py
[2025-03-12T13:52:19.816+0000] {processor.py:925} INFO - DAG(s) 'A_dag_with_taskflow_api_v01' retrieved from /opt/airflow/dags/dag_with_taskflow_api.py
[2025-03-12T13:52:19.830+0000] {logging_mixin.py:190} INFO - [2025-03-12T13:52:19.830+0000] {dag.py:3239} INFO - Sync 1 DAGs
[2025-03-12T13:52:19.853+0000] {logging_mixin.py:190} INFO - [2025-03-12T13:52:19.853+0000] {dag.py:4180} INFO - Setting next_dagrun for A_dag_with_taskflow_api_v01 to 2025-03-07 00:00:00+00:00, run_after=2025-03-08 00:00:00+00:00
[2025-03-12T13:52:19.876+0000] {processor.py:208} INFO - Processing /opt/airflow/dags/dag_with_taskflow_api.py took 0.079 seconds
[2025-03-12T13:52:53.295+0000] {processor.py:186} INFO - Started process (PID=3546) to work on /opt/airflow/dags/dag_with_taskflow_api.py
[2025-03-12T13:52:53.297+0000] {processor.py:914} INFO - Processing file /opt/airflow/dags/dag_with_taskflow_api.py for tasks to queue
[2025-03-12T13:52:53.299+0000] {logging_mixin.py:190} INFO - [2025-03-12T13:52:53.299+0000] {dagbag.py:588} INFO - Filling up the DagBag from /opt/airflow/dags/dag_with_taskflow_api.py
[2025-03-12T13:52:53.321+0000] {processor.py:925} INFO - DAG(s) 'A_dag_with_taskflow_api_v01' retrieved from /opt/airflow/dags/dag_with_taskflow_api.py
[2025-03-12T13:52:53.345+0000] {logging_mixin.py:190} INFO - [2025-03-12T13:52:53.344+0000] {dag.py:3239} INFO - Sync 1 DAGs
[2025-03-12T13:52:53.374+0000] {logging_mixin.py:190} INFO - [2025-03-12T13:52:53.374+0000] {dag.py:4180} INFO - Setting next_dagrun for A_dag_with_taskflow_api_v01 to 2025-03-07 00:00:00+00:00, run_after=2025-03-08 00:00:00+00:00
[2025-03-12T13:52:53.395+0000] {processor.py:208} INFO - Processing /opt/airflow/dags/dag_with_taskflow_api.py took 0.106 seconds
[2025-03-12T13:53:25.822+0000] {processor.py:186} INFO - Started process (PID=3852) to work on /opt/airflow/dags/dag_with_taskflow_api.py
[2025-03-12T13:53:25.823+0000] {processor.py:914} INFO - Processing file /opt/airflow/dags/dag_with_taskflow_api.py for tasks to queue
[2025-03-12T13:53:25.825+0000] {logging_mixin.py:190} INFO - [2025-03-12T13:53:25.825+0000] {dagbag.py:588} INFO - Filling up the DagBag from /opt/airflow/dags/dag_with_taskflow_api.py
[2025-03-12T13:53:25.841+0000] {processor.py:925} INFO - DAG(s) 'A_dag_with_taskflow_api_v01' retrieved from /opt/airflow/dags/dag_with_taskflow_api.py
[2025-03-12T13:53:25.857+0000] {logging_mixin.py:190} INFO - [2025-03-12T13:53:25.857+0000] {dag.py:3239} INFO - Sync 1 DAGs
[2025-03-12T13:53:25.876+0000] {logging_mixin.py:190} INFO - [2025-03-12T13:53:25.876+0000] {dag.py:4180} INFO - Setting next_dagrun for A_dag_with_taskflow_api_v01 to 2025-03-07 00:00:00+00:00, run_after=2025-03-08 00:00:00+00:00
[2025-03-12T13:53:25.892+0000] {processor.py:208} INFO - Processing /opt/airflow/dags/dag_with_taskflow_api.py took 0.073 seconds
[2025-03-12T13:53:59.436+0000] {processor.py:186} INFO - Started process (PID=4158) to work on /opt/airflow/dags/dag_with_taskflow_api.py
[2025-03-12T13:53:59.436+0000] {processor.py:914} INFO - Processing file /opt/airflow/dags/dag_with_taskflow_api.py for tasks to queue
[2025-03-12T13:53:59.438+0000] {logging_mixin.py:190} INFO - [2025-03-12T13:53:59.438+0000] {dagbag.py:588} INFO - Filling up the DagBag from /opt/airflow/dags/dag_with_taskflow_api.py
[2025-03-12T13:53:59.453+0000] {processor.py:925} INFO - DAG(s) 'A_dag_with_taskflow_api_v01' retrieved from /opt/airflow/dags/dag_with_taskflow_api.py
[2025-03-12T13:53:59.467+0000] {logging_mixin.py:190} INFO - [2025-03-12T13:53:59.467+0000] {dag.py:3239} INFO - Sync 1 DAGs
[2025-03-12T13:53:59.485+0000] {logging_mixin.py:190} INFO - [2025-03-12T13:53:59.485+0000] {dag.py:4180} INFO - Setting next_dagrun for A_dag_with_taskflow_api_v01 to 2025-03-07 00:00:00+00:00, run_after=2025-03-08 00:00:00+00:00
[2025-03-12T13:53:59.502+0000] {processor.py:208} INFO - Processing /opt/airflow/dags/dag_with_taskflow_api.py took 0.071 seconds
[2025-03-12T13:54:32.664+0000] {processor.py:186} INFO - Started process (PID=4464) to work on /opt/airflow/dags/dag_with_taskflow_api.py
[2025-03-12T13:54:32.665+0000] {processor.py:914} INFO - Processing file /opt/airflow/dags/dag_with_taskflow_api.py for tasks to queue
[2025-03-12T13:54:32.667+0000] {logging_mixin.py:190} INFO - [2025-03-12T13:54:32.667+0000] {dagbag.py:588} INFO - Filling up the DagBag from /opt/airflow/dags/dag_with_taskflow_api.py
[2025-03-12T13:54:32.683+0000] {processor.py:925} INFO - DAG(s) 'A_dag_with_taskflow_api_v01' retrieved from /opt/airflow/dags/dag_with_taskflow_api.py
[2025-03-12T13:54:32.698+0000] {logging_mixin.py:190} INFO - [2025-03-12T13:54:32.698+0000] {dag.py:3239} INFO - Sync 1 DAGs
[2025-03-12T13:54:32.719+0000] {logging_mixin.py:190} INFO - [2025-03-12T13:54:32.719+0000] {dag.py:4180} INFO - Setting next_dagrun for A_dag_with_taskflow_api_v01 to 2025-03-07 00:00:00+00:00, run_after=2025-03-08 00:00:00+00:00
[2025-03-12T13:54:32.735+0000] {processor.py:208} INFO - Processing /opt/airflow/dags/dag_with_taskflow_api.py took 0.075 seconds
[2025-03-12T13:55:06.763+0000] {processor.py:186} INFO - Started process (PID=4770) to work on /opt/airflow/dags/dag_with_taskflow_api.py
[2025-03-12T13:55:06.764+0000] {processor.py:914} INFO - Processing file /opt/airflow/dags/dag_with_taskflow_api.py for tasks to queue
[2025-03-12T13:55:06.766+0000] {logging_mixin.py:190} INFO - [2025-03-12T13:55:06.765+0000] {dagbag.py:588} INFO - Filling up the DagBag from /opt/airflow/dags/dag_with_taskflow_api.py
[2025-03-12T13:55:06.782+0000] {processor.py:925} INFO - DAG(s) 'A_dag_with_taskflow_api_v01' retrieved from /opt/airflow/dags/dag_with_taskflow_api.py
[2025-03-12T13:55:06.800+0000] {logging_mixin.py:190} INFO - [2025-03-12T13:55:06.799+0000] {dag.py:3239} INFO - Sync 1 DAGs
[2025-03-12T13:55:06.822+0000] {logging_mixin.py:190} INFO - [2025-03-12T13:55:06.822+0000] {dag.py:4180} INFO - Setting next_dagrun for A_dag_with_taskflow_api_v01 to 2025-03-07 00:00:00+00:00, run_after=2025-03-08 00:00:00+00:00
[2025-03-12T13:55:06.839+0000] {processor.py:208} INFO - Processing /opt/airflow/dags/dag_with_taskflow_api.py took 0.083 seconds
[2025-03-12T13:55:39.247+0000] {processor.py:186} INFO - Started process (PID=5076) to work on /opt/airflow/dags/dag_with_taskflow_api.py
[2025-03-12T13:55:39.248+0000] {processor.py:914} INFO - Processing file /opt/airflow/dags/dag_with_taskflow_api.py for tasks to queue
[2025-03-12T13:55:39.250+0000] {logging_mixin.py:190} INFO - [2025-03-12T13:55:39.249+0000] {dagbag.py:588} INFO - Filling up the DagBag from /opt/airflow/dags/dag_with_taskflow_api.py
[2025-03-12T13:55:39.266+0000] {processor.py:925} INFO - DAG(s) 'A_dag_with_taskflow_api_v01' retrieved from /opt/airflow/dags/dag_with_taskflow_api.py
[2025-03-12T13:55:39.281+0000] {logging_mixin.py:190} INFO - [2025-03-12T13:55:39.281+0000] {dag.py:3239} INFO - Sync 1 DAGs
[2025-03-12T13:55:39.304+0000] {logging_mixin.py:190} INFO - [2025-03-12T13:55:39.304+0000] {dag.py:4180} INFO - Setting next_dagrun for A_dag_with_taskflow_api_v01 to 2025-03-07 00:00:00+00:00, run_after=2025-03-08 00:00:00+00:00
[2025-03-12T13:55:39.321+0000] {processor.py:208} INFO - Processing /opt/airflow/dags/dag_with_taskflow_api.py took 0.079 seconds
[2025-03-12T13:56:13.050+0000] {processor.py:186} INFO - Started process (PID=5382) to work on /opt/airflow/dags/dag_with_taskflow_api.py
[2025-03-12T13:56:13.051+0000] {processor.py:914} INFO - Processing file /opt/airflow/dags/dag_with_taskflow_api.py for tasks to queue
[2025-03-12T13:56:13.053+0000] {logging_mixin.py:190} INFO - [2025-03-12T13:56:13.053+0000] {dagbag.py:588} INFO - Filling up the DagBag from /opt/airflow/dags/dag_with_taskflow_api.py
[2025-03-12T13:56:13.069+0000] {processor.py:925} INFO - DAG(s) 'A_dag_with_taskflow_api_v01' retrieved from /opt/airflow/dags/dag_with_taskflow_api.py
[2025-03-12T13:56:13.088+0000] {logging_mixin.py:190} INFO - [2025-03-12T13:56:13.088+0000] {dag.py:3239} INFO - Sync 1 DAGs
[2025-03-12T13:56:13.106+0000] {logging_mixin.py:190} INFO - [2025-03-12T13:56:13.106+0000] {dag.py:4180} INFO - Setting next_dagrun for A_dag_with_taskflow_api_v01 to 2025-03-07 00:00:00+00:00, run_after=2025-03-08 00:00:00+00:00
[2025-03-12T13:56:13.121+0000] {processor.py:208} INFO - Processing /opt/airflow/dags/dag_with_taskflow_api.py took 0.075 seconds
[2025-03-12T13:56:46.293+0000] {processor.py:186} INFO - Started process (PID=5688) to work on /opt/airflow/dags/dag_with_taskflow_api.py
[2025-03-12T13:56:46.293+0000] {processor.py:914} INFO - Processing file /opt/airflow/dags/dag_with_taskflow_api.py for tasks to queue
[2025-03-12T13:56:46.295+0000] {logging_mixin.py:190} INFO - [2025-03-12T13:56:46.295+0000] {dagbag.py:588} INFO - Filling up the DagBag from /opt/airflow/dags/dag_with_taskflow_api.py
[2025-03-12T13:56:46.311+0000] {processor.py:925} INFO - DAG(s) 'A_dag_with_taskflow_api_v01' retrieved from /opt/airflow/dags/dag_with_taskflow_api.py
[2025-03-12T13:56:46.326+0000] {logging_mixin.py:190} INFO - [2025-03-12T13:56:46.326+0000] {dag.py:3239} INFO - Sync 1 DAGs
[2025-03-12T13:56:46.345+0000] {logging_mixin.py:190} INFO - [2025-03-12T13:56:46.345+0000] {dag.py:4180} INFO - Setting next_dagrun for A_dag_with_taskflow_api_v01 to 2025-03-07 00:00:00+00:00, run_after=2025-03-08 00:00:00+00:00
[2025-03-12T13:56:46.362+0000] {processor.py:208} INFO - Processing /opt/airflow/dags/dag_with_taskflow_api.py took 0.073 seconds
[2025-03-12T13:57:19.824+0000] {processor.py:186} INFO - Started process (PID=5994) to work on /opt/airflow/dags/dag_with_taskflow_api.py
[2025-03-12T13:57:19.825+0000] {processor.py:914} INFO - Processing file /opt/airflow/dags/dag_with_taskflow_api.py for tasks to queue
[2025-03-12T13:57:19.827+0000] {logging_mixin.py:190} INFO - [2025-03-12T13:57:19.827+0000] {dagbag.py:588} INFO - Filling up the DagBag from /opt/airflow/dags/dag_with_taskflow_api.py
[2025-03-12T13:57:19.842+0000] {processor.py:925} INFO - DAG(s) 'A_dag_with_taskflow_api_v01' retrieved from /opt/airflow/dags/dag_with_taskflow_api.py
[2025-03-12T13:57:19.858+0000] {logging_mixin.py:190} INFO - [2025-03-12T13:57:19.857+0000] {dag.py:3239} INFO - Sync 1 DAGs
[2025-03-12T13:57:19.876+0000] {logging_mixin.py:190} INFO - [2025-03-12T13:57:19.876+0000] {dag.py:4180} INFO - Setting next_dagrun for A_dag_with_taskflow_api_v01 to 2025-03-07 00:00:00+00:00, run_after=2025-03-08 00:00:00+00:00
[2025-03-12T13:57:19.893+0000] {processor.py:208} INFO - Processing /opt/airflow/dags/dag_with_taskflow_api.py took 0.074 seconds
[2025-03-12T13:57:53.456+0000] {processor.py:186} INFO - Started process (PID=6300) to work on /opt/airflow/dags/dag_with_taskflow_api.py
[2025-03-12T13:57:53.457+0000] {processor.py:914} INFO - Processing file /opt/airflow/dags/dag_with_taskflow_api.py for tasks to queue
[2025-03-12T13:57:53.458+0000] {logging_mixin.py:190} INFO - [2025-03-12T13:57:53.458+0000] {dagbag.py:588} INFO - Filling up the DagBag from /opt/airflow/dags/dag_with_taskflow_api.py
[2025-03-12T13:57:53.470+0000] {processor.py:925} INFO - DAG(s) 'A_dag_with_taskflow_api_v01' retrieved from /opt/airflow/dags/dag_with_taskflow_api.py
[2025-03-12T13:57:53.483+0000] {logging_mixin.py:190} INFO - [2025-03-12T13:57:53.483+0000] {dag.py:3239} INFO - Sync 1 DAGs
[2025-03-12T13:57:53.500+0000] {logging_mixin.py:190} INFO - [2025-03-12T13:57:53.499+0000] {dag.py:4180} INFO - Setting next_dagrun for A_dag_with_taskflow_api_v01 to 2025-03-07 00:00:00+00:00, run_after=2025-03-08 00:00:00+00:00
[2025-03-12T13:57:53.513+0000] {processor.py:208} INFO - Processing /opt/airflow/dags/dag_with_taskflow_api.py took 0.061 seconds
[2025-03-12T13:58:26.491+0000] {processor.py:186} INFO - Started process (PID=6606) to work on /opt/airflow/dags/dag_with_taskflow_api.py
[2025-03-12T13:58:26.492+0000] {processor.py:914} INFO - Processing file /opt/airflow/dags/dag_with_taskflow_api.py for tasks to queue
[2025-03-12T13:58:26.494+0000] {logging_mixin.py:190} INFO - [2025-03-12T13:58:26.494+0000] {dagbag.py:588} INFO - Filling up the DagBag from /opt/airflow/dags/dag_with_taskflow_api.py
[2025-03-12T13:58:26.512+0000] {processor.py:925} INFO - DAG(s) 'A_dag_with_taskflow_api_v01' retrieved from /opt/airflow/dags/dag_with_taskflow_api.py
[2025-03-12T13:58:26.527+0000] {logging_mixin.py:190} INFO - [2025-03-12T13:58:26.527+0000] {dag.py:3239} INFO - Sync 1 DAGs
[2025-03-12T13:58:26.546+0000] {logging_mixin.py:190} INFO - [2025-03-12T13:58:26.546+0000] {dag.py:4180} INFO - Setting next_dagrun for A_dag_with_taskflow_api_v01 to 2025-03-07 00:00:00+00:00, run_after=2025-03-08 00:00:00+00:00
[2025-03-12T13:58:26.562+0000] {processor.py:208} INFO - Processing /opt/airflow/dags/dag_with_taskflow_api.py took 0.075 seconds
[2025-03-12T13:58:59.796+0000] {processor.py:186} INFO - Started process (PID=6912) to work on /opt/airflow/dags/dag_with_taskflow_api.py
[2025-03-12T13:58:59.797+0000] {processor.py:914} INFO - Processing file /opt/airflow/dags/dag_with_taskflow_api.py for tasks to queue
[2025-03-12T13:58:59.799+0000] {logging_mixin.py:190} INFO - [2025-03-12T13:58:59.798+0000] {dagbag.py:588} INFO - Filling up the DagBag from /opt/airflow/dags/dag_with_taskflow_api.py
[2025-03-12T13:58:59.811+0000] {processor.py:925} INFO - DAG(s) 'A_dag_with_taskflow_api_v01' retrieved from /opt/airflow/dags/dag_with_taskflow_api.py
[2025-03-12T13:58:59.827+0000] {logging_mixin.py:190} INFO - [2025-03-12T13:58:59.827+0000] {dag.py:3239} INFO - Sync 1 DAGs
[2025-03-12T13:58:59.845+0000] {logging_mixin.py:190} INFO - [2025-03-12T13:58:59.845+0000] {dag.py:4180} INFO - Setting next_dagrun for A_dag_with_taskflow_api_v01 to 2025-03-07 00:00:00+00:00, run_after=2025-03-08 00:00:00+00:00
[2025-03-12T13:58:59.861+0000] {processor.py:208} INFO - Processing /opt/airflow/dags/dag_with_taskflow_api.py took 0.069 seconds
[2025-03-12T13:59:32.898+0000] {processor.py:186} INFO - Started process (PID=7218) to work on /opt/airflow/dags/dag_with_taskflow_api.py
[2025-03-12T13:59:32.899+0000] {processor.py:914} INFO - Processing file /opt/airflow/dags/dag_with_taskflow_api.py for tasks to queue
[2025-03-12T13:59:32.902+0000] {logging_mixin.py:190} INFO - [2025-03-12T13:59:32.901+0000] {dagbag.py:588} INFO - Filling up the DagBag from /opt/airflow/dags/dag_with_taskflow_api.py
[2025-03-12T13:59:32.914+0000] {processor.py:925} INFO - DAG(s) 'A_dag_with_taskflow_api_v01' retrieved from /opt/airflow/dags/dag_with_taskflow_api.py
[2025-03-12T13:59:32.929+0000] {logging_mixin.py:190} INFO - [2025-03-12T13:59:32.928+0000] {dag.py:3239} INFO - Sync 1 DAGs
[2025-03-12T13:59:32.946+0000] {logging_mixin.py:190} INFO - [2025-03-12T13:59:32.946+0000] {dag.py:4180} INFO - Setting next_dagrun for A_dag_with_taskflow_api_v01 to 2025-03-07 00:00:00+00:00, run_after=2025-03-08 00:00:00+00:00
[2025-03-12T13:59:32.962+0000] {processor.py:208} INFO - Processing /opt/airflow/dags/dag_with_taskflow_api.py took 0.068 seconds
[2025-03-12T14:00:06.663+0000] {processor.py:186} INFO - Started process (PID=7524) to work on /opt/airflow/dags/dag_with_taskflow_api.py
[2025-03-12T14:00:06.664+0000] {processor.py:914} INFO - Processing file /opt/airflow/dags/dag_with_taskflow_api.py for tasks to queue
[2025-03-12T14:00:06.666+0000] {logging_mixin.py:190} INFO - [2025-03-12T14:00:06.665+0000] {dagbag.py:588} INFO - Filling up the DagBag from /opt/airflow/dags/dag_with_taskflow_api.py
[2025-03-12T14:00:06.677+0000] {processor.py:925} INFO - DAG(s) 'A_dag_with_taskflow_api_v01' retrieved from /opt/airflow/dags/dag_with_taskflow_api.py
[2025-03-12T14:00:06.690+0000] {logging_mixin.py:190} INFO - [2025-03-12T14:00:06.690+0000] {dag.py:3239} INFO - Sync 1 DAGs
[2025-03-12T14:00:06.707+0000] {logging_mixin.py:190} INFO - [2025-03-12T14:00:06.707+0000] {dag.py:4180} INFO - Setting next_dagrun for A_dag_with_taskflow_api_v01 to 2025-03-07 00:00:00+00:00, run_after=2025-03-08 00:00:00+00:00
[2025-03-12T14:00:06.723+0000] {processor.py:208} INFO - Processing /opt/airflow/dags/dag_with_taskflow_api.py took 0.064 seconds
[2025-03-12T14:00:39.392+0000] {processor.py:186} INFO - Started process (PID=7830) to work on /opt/airflow/dags/dag_with_taskflow_api.py
[2025-03-12T14:00:39.394+0000] {processor.py:914} INFO - Processing file /opt/airflow/dags/dag_with_taskflow_api.py for tasks to queue
[2025-03-12T14:00:39.397+0000] {logging_mixin.py:190} INFO - [2025-03-12T14:00:39.396+0000] {dagbag.py:588} INFO - Filling up the DagBag from /opt/airflow/dags/dag_with_taskflow_api.py
[2025-03-12T14:00:39.415+0000] {processor.py:925} INFO - DAG(s) 'A_dag_with_taskflow_api_v01' retrieved from /opt/airflow/dags/dag_with_taskflow_api.py
[2025-03-12T14:00:39.433+0000] {logging_mixin.py:190} INFO - [2025-03-12T14:00:39.433+0000] {dag.py:3239} INFO - Sync 1 DAGs
[2025-03-12T14:00:39.455+0000] {logging_mixin.py:190} INFO - [2025-03-12T14:00:39.455+0000] {dag.py:4180} INFO - Setting next_dagrun for A_dag_with_taskflow_api_v01 to 2025-03-07 00:00:00+00:00, run_after=2025-03-08 00:00:00+00:00
[2025-03-12T14:00:39.470+0000] {processor.py:208} INFO - Processing /opt/airflow/dags/dag_with_taskflow_api.py took 0.086 seconds
[2025-03-12T14:01:13.152+0000] {processor.py:186} INFO - Started process (PID=8136) to work on /opt/airflow/dags/dag_with_taskflow_api.py
[2025-03-12T14:01:13.153+0000] {processor.py:914} INFO - Processing file /opt/airflow/dags/dag_with_taskflow_api.py for tasks to queue
[2025-03-12T14:01:13.154+0000] {logging_mixin.py:190} INFO - [2025-03-12T14:01:13.154+0000] {dagbag.py:588} INFO - Filling up the DagBag from /opt/airflow/dags/dag_with_taskflow_api.py
[2025-03-12T14:01:13.167+0000] {processor.py:925} INFO - DAG(s) 'A_dag_with_taskflow_api_v01' retrieved from /opt/airflow/dags/dag_with_taskflow_api.py
[2025-03-12T14:01:13.180+0000] {logging_mixin.py:190} INFO - [2025-03-12T14:01:13.180+0000] {dag.py:3239} INFO - Sync 1 DAGs
[2025-03-12T14:01:13.196+0000] {logging_mixin.py:190} INFO - [2025-03-12T14:01:13.196+0000] {dag.py:4180} INFO - Setting next_dagrun for A_dag_with_taskflow_api_v01 to 2025-03-07 00:00:00+00:00, run_after=2025-03-08 00:00:00+00:00
[2025-03-12T14:01:13.212+0000] {processor.py:208} INFO - Processing /opt/airflow/dags/dag_with_taskflow_api.py took 0.064 seconds
[2025-03-12T14:01:46.151+0000] {processor.py:186} INFO - Started process (PID=8443) to work on /opt/airflow/dags/dag_with_taskflow_api.py
[2025-03-12T14:01:46.152+0000] {processor.py:914} INFO - Processing file /opt/airflow/dags/dag_with_taskflow_api.py for tasks to queue
[2025-03-12T14:01:46.154+0000] {logging_mixin.py:190} INFO - [2025-03-12T14:01:46.153+0000] {dagbag.py:588} INFO - Filling up the DagBag from /opt/airflow/dags/dag_with_taskflow_api.py
[2025-03-12T14:01:46.165+0000] {processor.py:925} INFO - DAG(s) 'A_dag_with_taskflow_api_v01' retrieved from /opt/airflow/dags/dag_with_taskflow_api.py
[2025-03-12T14:01:46.178+0000] {logging_mixin.py:190} INFO - [2025-03-12T14:01:46.178+0000] {dag.py:3239} INFO - Sync 1 DAGs
[2025-03-12T14:01:46.195+0000] {logging_mixin.py:190} INFO - [2025-03-12T14:01:46.195+0000] {dag.py:4180} INFO - Setting next_dagrun for A_dag_with_taskflow_api_v01 to 2025-03-07 00:00:00+00:00, run_after=2025-03-08 00:00:00+00:00
[2025-03-12T14:01:46.211+0000] {processor.py:208} INFO - Processing /opt/airflow/dags/dag_with_taskflow_api.py took 0.064 seconds
[2025-03-12T14:02:19.978+0000] {processor.py:186} INFO - Started process (PID=8749) to work on /opt/airflow/dags/dag_with_taskflow_api.py
[2025-03-12T14:02:19.979+0000] {processor.py:914} INFO - Processing file /opt/airflow/dags/dag_with_taskflow_api.py for tasks to queue
[2025-03-12T14:02:19.981+0000] {logging_mixin.py:190} INFO - [2025-03-12T14:02:19.981+0000] {dagbag.py:588} INFO - Filling up the DagBag from /opt/airflow/dags/dag_with_taskflow_api.py
[2025-03-12T14:02:19.994+0000] {processor.py:925} INFO - DAG(s) 'A_dag_with_taskflow_api_v01' retrieved from /opt/airflow/dags/dag_with_taskflow_api.py
[2025-03-12T14:02:20.008+0000] {logging_mixin.py:190} INFO - [2025-03-12T14:02:20.008+0000] {dag.py:3239} INFO - Sync 1 DAGs
[2025-03-12T14:02:20.026+0000] {logging_mixin.py:190} INFO - [2025-03-12T14:02:20.026+0000] {dag.py:4180} INFO - Setting next_dagrun for A_dag_with_taskflow_api_v01 to 2025-03-07 00:00:00+00:00, run_after=2025-03-08 00:00:00+00:00
[2025-03-12T14:02:20.042+0000] {processor.py:208} INFO - Processing /opt/airflow/dags/dag_with_taskflow_api.py took 0.069 seconds
[2025-03-12T14:02:53.030+0000] {processor.py:186} INFO - Started process (PID=9055) to work on /opt/airflow/dags/dag_with_taskflow_api.py
[2025-03-12T14:02:53.030+0000] {processor.py:914} INFO - Processing file /opt/airflow/dags/dag_with_taskflow_api.py for tasks to queue
[2025-03-12T14:02:53.032+0000] {logging_mixin.py:190} INFO - [2025-03-12T14:02:53.032+0000] {dagbag.py:588} INFO - Filling up the DagBag from /opt/airflow/dags/dag_with_taskflow_api.py
[2025-03-12T14:02:53.046+0000] {processor.py:925} INFO - DAG(s) 'A_dag_with_taskflow_api_v01' retrieved from /opt/airflow/dags/dag_with_taskflow_api.py
[2025-03-12T14:02:53.059+0000] {logging_mixin.py:190} INFO - [2025-03-12T14:02:53.059+0000] {dag.py:3239} INFO - Sync 1 DAGs
[2025-03-12T14:02:53.076+0000] {logging_mixin.py:190} INFO - [2025-03-12T14:02:53.075+0000] {dag.py:4180} INFO - Setting next_dagrun for A_dag_with_taskflow_api_v01 to 2025-03-07 00:00:00+00:00, run_after=2025-03-08 00:00:00+00:00
[2025-03-12T14:02:53.091+0000] {processor.py:208} INFO - Processing /opt/airflow/dags/dag_with_taskflow_api.py took 0.066 seconds
[2025-03-12T14:03:26.075+0000] {processor.py:186} INFO - Started process (PID=9361) to work on /opt/airflow/dags/dag_with_taskflow_api.py
[2025-03-12T14:03:26.076+0000] {processor.py:914} INFO - Processing file /opt/airflow/dags/dag_with_taskflow_api.py for tasks to queue
[2025-03-12T14:03:26.078+0000] {logging_mixin.py:190} INFO - [2025-03-12T14:03:26.078+0000] {dagbag.py:588} INFO - Filling up the DagBag from /opt/airflow/dags/dag_with_taskflow_api.py
[2025-03-12T14:03:26.090+0000] {processor.py:925} INFO - DAG(s) 'A_dag_with_taskflow_api_v01' retrieved from /opt/airflow/dags/dag_with_taskflow_api.py
[2025-03-12T14:03:26.108+0000] {logging_mixin.py:190} INFO - [2025-03-12T14:03:26.108+0000] {dag.py:3239} INFO - Sync 1 DAGs
[2025-03-12T14:03:26.128+0000] {logging_mixin.py:190} INFO - [2025-03-12T14:03:26.127+0000] {dag.py:4180} INFO - Setting next_dagrun for A_dag_with_taskflow_api_v01 to 2025-03-07 00:00:00+00:00, run_after=2025-03-08 00:00:00+00:00
[2025-03-12T14:03:26.144+0000] {processor.py:208} INFO - Processing /opt/airflow/dags/dag_with_taskflow_api.py took 0.074 seconds
[2025-03-12T14:04:00.105+0000] {processor.py:186} INFO - Started process (PID=9669) to work on /opt/airflow/dags/dag_with_taskflow_api.py
[2025-03-12T14:04:00.106+0000] {processor.py:914} INFO - Processing file /opt/airflow/dags/dag_with_taskflow_api.py for tasks to queue
[2025-03-12T14:04:00.108+0000] {logging_mixin.py:190} INFO - [2025-03-12T14:04:00.108+0000] {dagbag.py:588} INFO - Filling up the DagBag from /opt/airflow/dags/dag_with_taskflow_api.py
[2025-03-12T14:04:00.123+0000] {processor.py:925} INFO - DAG(s) 'A_dag_with_taskflow_api_v01' retrieved from /opt/airflow/dags/dag_with_taskflow_api.py
[2025-03-12T14:04:00.140+0000] {logging_mixin.py:190} INFO - [2025-03-12T14:04:00.140+0000] {dag.py:3239} INFO - Sync 1 DAGs
[2025-03-12T14:04:00.160+0000] {logging_mixin.py:190} INFO - [2025-03-12T14:04:00.160+0000] {dag.py:4180} INFO - Setting next_dagrun for A_dag_with_taskflow_api_v01 to 2025-03-07 00:00:00+00:00, run_after=2025-03-08 00:00:00+00:00
[2025-03-12T14:04:00.182+0000] {processor.py:208} INFO - Processing /opt/airflow/dags/dag_with_taskflow_api.py took 0.081 seconds
[2025-03-12T14:04:32.581+0000] {processor.py:186} INFO - Started process (PID=9975) to work on /opt/airflow/dags/dag_with_taskflow_api.py
[2025-03-12T14:04:32.581+0000] {processor.py:914} INFO - Processing file /opt/airflow/dags/dag_with_taskflow_api.py for tasks to queue
[2025-03-12T14:04:32.583+0000] {logging_mixin.py:190} INFO - [2025-03-12T14:04:32.583+0000] {dagbag.py:588} INFO - Filling up the DagBag from /opt/airflow/dags/dag_with_taskflow_api.py
[2025-03-12T14:04:32.596+0000] {processor.py:925} INFO - DAG(s) 'A_dag_with_taskflow_api_v01' retrieved from /opt/airflow/dags/dag_with_taskflow_api.py
[2025-03-12T14:04:32.611+0000] {logging_mixin.py:190} INFO - [2025-03-12T14:04:32.610+0000] {dag.py:3239} INFO - Sync 1 DAGs
[2025-03-12T14:04:32.631+0000] {logging_mixin.py:190} INFO - [2025-03-12T14:04:32.631+0000] {dag.py:4180} INFO - Setting next_dagrun for A_dag_with_taskflow_api_v01 to 2025-03-07 00:00:00+00:00, run_after=2025-03-08 00:00:00+00:00
[2025-03-12T14:04:32.649+0000] {processor.py:208} INFO - Processing /opt/airflow/dags/dag_with_taskflow_api.py took 0.073 seconds
[2025-03-12T14:05:06.066+0000] {processor.py:186} INFO - Started process (PID=10281) to work on /opt/airflow/dags/dag_with_taskflow_api.py
[2025-03-12T14:05:06.067+0000] {processor.py:914} INFO - Processing file /opt/airflow/dags/dag_with_taskflow_api.py for tasks to queue
[2025-03-12T14:05:06.070+0000] {logging_mixin.py:190} INFO - [2025-03-12T14:05:06.069+0000] {dagbag.py:588} INFO - Filling up the DagBag from /opt/airflow/dags/dag_with_taskflow_api.py
[2025-03-12T14:05:06.089+0000] {processor.py:925} INFO - DAG(s) 'A_dag_with_taskflow_api_v01' retrieved from /opt/airflow/dags/dag_with_taskflow_api.py
[2025-03-12T14:05:06.109+0000] {logging_mixin.py:190} INFO - [2025-03-12T14:05:06.108+0000] {dag.py:3239} INFO - Sync 1 DAGs
[2025-03-12T14:05:06.127+0000] {logging_mixin.py:190} INFO - [2025-03-12T14:05:06.127+0000] {dag.py:4180} INFO - Setting next_dagrun for A_dag_with_taskflow_api_v01 to 2025-03-07 00:00:00+00:00, run_after=2025-03-08 00:00:00+00:00
[2025-03-12T14:05:06.144+0000] {processor.py:208} INFO - Processing /opt/airflow/dags/dag_with_taskflow_api.py took 0.083 seconds
[2025-03-12T14:05:39.913+0000] {processor.py:186} INFO - Started process (PID=10590) to work on /opt/airflow/dags/dag_with_taskflow_api.py
[2025-03-12T14:05:39.914+0000] {processor.py:914} INFO - Processing file /opt/airflow/dags/dag_with_taskflow_api.py for tasks to queue
[2025-03-12T14:05:39.916+0000] {logging_mixin.py:190} INFO - [2025-03-12T14:05:39.915+0000] {dagbag.py:588} INFO - Filling up the DagBag from /opt/airflow/dags/dag_with_taskflow_api.py
[2025-03-12T14:05:39.928+0000] {processor.py:925} INFO - DAG(s) 'A_dag_with_taskflow_api_v01' retrieved from /opt/airflow/dags/dag_with_taskflow_api.py
[2025-03-12T14:05:39.942+0000] {logging_mixin.py:190} INFO - [2025-03-12T14:05:39.942+0000] {dag.py:3239} INFO - Sync 1 DAGs
[2025-03-12T14:05:39.959+0000] {logging_mixin.py:190} INFO - [2025-03-12T14:05:39.959+0000] {dag.py:4180} INFO - Setting next_dagrun for A_dag_with_taskflow_api_v01 to 2025-03-07 00:00:00+00:00, run_after=2025-03-08 00:00:00+00:00
[2025-03-12T14:05:39.975+0000] {processor.py:208} INFO - Processing /opt/airflow/dags/dag_with_taskflow_api.py took 0.066 seconds
[2025-03-12T14:06:12.635+0000] {processor.py:186} INFO - Started process (PID=10896) to work on /opt/airflow/dags/dag_with_taskflow_api.py
[2025-03-12T14:06:12.636+0000] {processor.py:914} INFO - Processing file /opt/airflow/dags/dag_with_taskflow_api.py for tasks to queue
[2025-03-12T14:06:12.638+0000] {logging_mixin.py:190} INFO - [2025-03-12T14:06:12.638+0000] {dagbag.py:588} INFO - Filling up the DagBag from /opt/airflow/dags/dag_with_taskflow_api.py
[2025-03-12T14:06:12.653+0000] {processor.py:925} INFO - DAG(s) 'A_dag_with_taskflow_api_v01' retrieved from /opt/airflow/dags/dag_with_taskflow_api.py
[2025-03-12T14:06:12.669+0000] {logging_mixin.py:190} INFO - [2025-03-12T14:06:12.668+0000] {dag.py:3239} INFO - Sync 1 DAGs
[2025-03-12T14:06:12.685+0000] {logging_mixin.py:190} INFO - [2025-03-12T14:06:12.685+0000] {dag.py:4180} INFO - Setting next_dagrun for A_dag_with_taskflow_api_v01 to 2025-03-07 00:00:00+00:00, run_after=2025-03-08 00:00:00+00:00
[2025-03-12T14:06:12.702+0000] {processor.py:208} INFO - Processing /opt/airflow/dags/dag_with_taskflow_api.py took 0.072 seconds
[2025-03-12T14:06:46.468+0000] {processor.py:186} INFO - Started process (PID=11202) to work on /opt/airflow/dags/dag_with_taskflow_api.py
[2025-03-12T14:06:46.469+0000] {processor.py:914} INFO - Processing file /opt/airflow/dags/dag_with_taskflow_api.py for tasks to queue
[2025-03-12T14:06:46.472+0000] {logging_mixin.py:190} INFO - [2025-03-12T14:06:46.471+0000] {dagbag.py:588} INFO - Filling up the DagBag from /opt/airflow/dags/dag_with_taskflow_api.py
[2025-03-12T14:06:46.493+0000] {processor.py:925} INFO - DAG(s) 'A_dag_with_taskflow_api_v01' retrieved from /opt/airflow/dags/dag_with_taskflow_api.py
[2025-03-12T14:06:46.510+0000] {logging_mixin.py:190} INFO - [2025-03-12T14:06:46.510+0000] {dag.py:3239} INFO - Sync 1 DAGs
[2025-03-12T14:06:46.530+0000] {logging_mixin.py:190} INFO - [2025-03-12T14:06:46.529+0000] {dag.py:4180} INFO - Setting next_dagrun for A_dag_with_taskflow_api_v01 to 2025-03-07 00:00:00+00:00, run_after=2025-03-08 00:00:00+00:00
[2025-03-12T14:06:46.547+0000] {processor.py:208} INFO - Processing /opt/airflow/dags/dag_with_taskflow_api.py took 0.088 seconds
[2025-03-12T14:07:20.176+0000] {processor.py:186} INFO - Started process (PID=11508) to work on /opt/airflow/dags/dag_with_taskflow_api.py
[2025-03-12T14:07:20.177+0000] {processor.py:914} INFO - Processing file /opt/airflow/dags/dag_with_taskflow_api.py for tasks to queue
[2025-03-12T14:07:20.178+0000] {logging_mixin.py:190} INFO - [2025-03-12T14:07:20.178+0000] {dagbag.py:588} INFO - Filling up the DagBag from /opt/airflow/dags/dag_with_taskflow_api.py
[2025-03-12T14:07:20.197+0000] {processor.py:925} INFO - DAG(s) 'A_dag_with_taskflow_api_v01' retrieved from /opt/airflow/dags/dag_with_taskflow_api.py
[2025-03-12T14:07:20.214+0000] {logging_mixin.py:190} INFO - [2025-03-12T14:07:20.214+0000] {dag.py:3239} INFO - Sync 1 DAGs
[2025-03-12T14:07:20.232+0000] {logging_mixin.py:190} INFO - [2025-03-12T14:07:20.232+0000] {dag.py:4180} INFO - Setting next_dagrun for A_dag_with_taskflow_api_v01 to 2025-03-07 00:00:00+00:00, run_after=2025-03-08 00:00:00+00:00
[2025-03-12T14:07:20.252+0000] {processor.py:208} INFO - Processing /opt/airflow/dags/dag_with_taskflow_api.py took 0.081 seconds
[2025-03-12T14:07:53.008+0000] {processor.py:186} INFO - Started process (PID=11814) to work on /opt/airflow/dags/dag_with_taskflow_api.py
[2025-03-12T14:07:53.009+0000] {processor.py:914} INFO - Processing file /opt/airflow/dags/dag_with_taskflow_api.py for tasks to queue
[2025-03-12T14:07:53.011+0000] {logging_mixin.py:190} INFO - [2025-03-12T14:07:53.011+0000] {dagbag.py:588} INFO - Filling up the DagBag from /opt/airflow/dags/dag_with_taskflow_api.py
[2025-03-12T14:07:53.028+0000] {processor.py:925} INFO - DAG(s) 'A_dag_with_taskflow_api_v01' retrieved from /opt/airflow/dags/dag_with_taskflow_api.py
[2025-03-12T14:07:53.046+0000] {logging_mixin.py:190} INFO - [2025-03-12T14:07:53.045+0000] {dag.py:3239} INFO - Sync 1 DAGs
[2025-03-12T14:07:53.068+0000] {logging_mixin.py:190} INFO - [2025-03-12T14:07:53.068+0000] {dag.py:4180} INFO - Setting next_dagrun for A_dag_with_taskflow_api_v01 to 2025-03-07 00:00:00+00:00, run_after=2025-03-08 00:00:00+00:00
[2025-03-12T14:07:53.085+0000] {processor.py:208} INFO - Processing /opt/airflow/dags/dag_with_taskflow_api.py took 0.082 seconds
[2025-03-12T14:08:26.887+0000] {processor.py:186} INFO - Started process (PID=12120) to work on /opt/airflow/dags/dag_with_taskflow_api.py
[2025-03-12T14:08:26.888+0000] {processor.py:914} INFO - Processing file /opt/airflow/dags/dag_with_taskflow_api.py for tasks to queue
[2025-03-12T14:08:26.890+0000] {logging_mixin.py:190} INFO - [2025-03-12T14:08:26.889+0000] {dagbag.py:588} INFO - Filling up the DagBag from /opt/airflow/dags/dag_with_taskflow_api.py
[2025-03-12T14:08:26.902+0000] {processor.py:925} INFO - DAG(s) 'A_dag_with_taskflow_api_v01' retrieved from /opt/airflow/dags/dag_with_taskflow_api.py
[2025-03-12T14:08:26.915+0000] {logging_mixin.py:190} INFO - [2025-03-12T14:08:26.915+0000] {dag.py:3239} INFO - Sync 1 DAGs
[2025-03-12T14:08:26.930+0000] {logging_mixin.py:190} INFO - [2025-03-12T14:08:26.930+0000] {dag.py:4180} INFO - Setting next_dagrun for A_dag_with_taskflow_api_v01 to 2025-03-07 00:00:00+00:00, run_after=2025-03-08 00:00:00+00:00
[2025-03-12T14:08:26.946+0000] {processor.py:208} INFO - Processing /opt/airflow/dags/dag_with_taskflow_api.py took 0.062 seconds
[2025-03-12T14:08:59.921+0000] {processor.py:186} INFO - Started process (PID=12426) to work on /opt/airflow/dags/dag_with_taskflow_api.py
[2025-03-12T14:08:59.921+0000] {processor.py:914} INFO - Processing file /opt/airflow/dags/dag_with_taskflow_api.py for tasks to queue
[2025-03-12T14:08:59.923+0000] {logging_mixin.py:190} INFO - [2025-03-12T14:08:59.923+0000] {dagbag.py:588} INFO - Filling up the DagBag from /opt/airflow/dags/dag_with_taskflow_api.py
[2025-03-12T14:08:59.936+0000] {processor.py:925} INFO - DAG(s) 'A_dag_with_taskflow_api_v01' retrieved from /opt/airflow/dags/dag_with_taskflow_api.py
[2025-03-12T14:08:59.951+0000] {logging_mixin.py:190} INFO - [2025-03-12T14:08:59.951+0000] {dag.py:3239} INFO - Sync 1 DAGs
[2025-03-12T14:08:59.968+0000] {logging_mixin.py:190} INFO - [2025-03-12T14:08:59.968+0000] {dag.py:4180} INFO - Setting next_dagrun for A_dag_with_taskflow_api_v01 to 2025-03-07 00:00:00+00:00, run_after=2025-03-08 00:00:00+00:00
[2025-03-12T14:08:59.984+0000] {processor.py:208} INFO - Processing /opt/airflow/dags/dag_with_taskflow_api.py took 0.068 seconds
[2025-03-12T14:09:33.436+0000] {processor.py:186} INFO - Started process (PID=12732) to work on /opt/airflow/dags/dag_with_taskflow_api.py
[2025-03-12T14:09:33.438+0000] {processor.py:914} INFO - Processing file /opt/airflow/dags/dag_with_taskflow_api.py for tasks to queue
[2025-03-12T14:09:33.440+0000] {logging_mixin.py:190} INFO - [2025-03-12T14:09:33.440+0000] {dagbag.py:588} INFO - Filling up the DagBag from /opt/airflow/dags/dag_with_taskflow_api.py
[2025-03-12T14:09:33.453+0000] {processor.py:925} INFO - DAG(s) 'A_dag_with_taskflow_api_v01' retrieved from /opt/airflow/dags/dag_with_taskflow_api.py
[2025-03-12T14:09:33.469+0000] {logging_mixin.py:190} INFO - [2025-03-12T14:09:33.469+0000] {dag.py:3239} INFO - Sync 1 DAGs
[2025-03-12T14:09:33.488+0000] {logging_mixin.py:190} INFO - [2025-03-12T14:09:33.488+0000] {dag.py:4180} INFO - Setting next_dagrun for A_dag_with_taskflow_api_v01 to 2025-03-07 00:00:00+00:00, run_after=2025-03-08 00:00:00+00:00
[2025-03-12T14:09:33.508+0000] {processor.py:208} INFO - Processing /opt/airflow/dags/dag_with_taskflow_api.py took 0.076 seconds
[2025-03-12T14:10:06.374+0000] {processor.py:186} INFO - Started process (PID=13038) to work on /opt/airflow/dags/dag_with_taskflow_api.py
[2025-03-12T14:10:06.375+0000] {processor.py:914} INFO - Processing file /opt/airflow/dags/dag_with_taskflow_api.py for tasks to queue
[2025-03-12T14:10:06.377+0000] {logging_mixin.py:190} INFO - [2025-03-12T14:10:06.377+0000] {dagbag.py:588} INFO - Filling up the DagBag from /opt/airflow/dags/dag_with_taskflow_api.py
[2025-03-12T14:10:06.396+0000] {processor.py:925} INFO - DAG(s) 'A_dag_with_taskflow_api_v01' retrieved from /opt/airflow/dags/dag_with_taskflow_api.py
[2025-03-12T14:10:06.412+0000] {logging_mixin.py:190} INFO - [2025-03-12T14:10:06.412+0000] {dag.py:3239} INFO - Sync 1 DAGs
[2025-03-12T14:10:06.434+0000] {logging_mixin.py:190} INFO - [2025-03-12T14:10:06.434+0000] {dag.py:4180} INFO - Setting next_dagrun for A_dag_with_taskflow_api_v01 to 2025-03-07 00:00:00+00:00, run_after=2025-03-08 00:00:00+00:00
[2025-03-12T14:10:06.452+0000] {processor.py:208} INFO - Processing /opt/airflow/dags/dag_with_taskflow_api.py took 0.085 seconds
[2025-03-12T14:10:39.309+0000] {processor.py:186} INFO - Started process (PID=13344) to work on /opt/airflow/dags/dag_with_taskflow_api.py
[2025-03-12T14:10:39.310+0000] {processor.py:914} INFO - Processing file /opt/airflow/dags/dag_with_taskflow_api.py for tasks to queue
[2025-03-12T14:10:39.312+0000] {logging_mixin.py:190} INFO - [2025-03-12T14:10:39.311+0000] {dagbag.py:588} INFO - Filling up the DagBag from /opt/airflow/dags/dag_with_taskflow_api.py
[2025-03-12T14:10:39.327+0000] {processor.py:925} INFO - DAG(s) 'A_dag_with_taskflow_api_v01' retrieved from /opt/airflow/dags/dag_with_taskflow_api.py
[2025-03-12T14:10:39.343+0000] {logging_mixin.py:190} INFO - [2025-03-12T14:10:39.343+0000] {dag.py:3239} INFO - Sync 1 DAGs
[2025-03-12T14:10:39.362+0000] {logging_mixin.py:190} INFO - [2025-03-12T14:10:39.362+0000] {dag.py:4180} INFO - Setting next_dagrun for A_dag_with_taskflow_api_v01 to 2025-03-07 00:00:00+00:00, run_after=2025-03-08 00:00:00+00:00
[2025-03-12T14:10:39.381+0000] {processor.py:208} INFO - Processing /opt/airflow/dags/dag_with_taskflow_api.py took 0.076 seconds
[2025-03-12T14:11:13.190+0000] {processor.py:186} INFO - Started process (PID=13650) to work on /opt/airflow/dags/dag_with_taskflow_api.py
[2025-03-12T14:11:13.191+0000] {processor.py:914} INFO - Processing file /opt/airflow/dags/dag_with_taskflow_api.py for tasks to queue
[2025-03-12T14:11:13.194+0000] {logging_mixin.py:190} INFO - [2025-03-12T14:11:13.193+0000] {dagbag.py:588} INFO - Filling up the DagBag from /opt/airflow/dags/dag_with_taskflow_api.py
[2025-03-12T14:11:13.211+0000] {processor.py:925} INFO - DAG(s) 'A_dag_with_taskflow_api_v01' retrieved from /opt/airflow/dags/dag_with_taskflow_api.py
[2025-03-12T14:11:13.230+0000] {logging_mixin.py:190} INFO - [2025-03-12T14:11:13.230+0000] {dag.py:3239} INFO - Sync 1 DAGs
[2025-03-12T14:11:13.256+0000] {logging_mixin.py:190} INFO - [2025-03-12T14:11:13.255+0000] {dag.py:4180} INFO - Setting next_dagrun for A_dag_with_taskflow_api_v01 to 2025-03-07 00:00:00+00:00, run_after=2025-03-08 00:00:00+00:00
[2025-03-12T14:11:13.273+0000] {processor.py:208} INFO - Processing /opt/airflow/dags/dag_with_taskflow_api.py took 0.092 seconds
[2025-03-12T14:11:46.378+0000] {processor.py:186} INFO - Started process (PID=13957) to work on /opt/airflow/dags/dag_with_taskflow_api.py
[2025-03-12T14:11:46.379+0000] {processor.py:914} INFO - Processing file /opt/airflow/dags/dag_with_taskflow_api.py for tasks to queue
[2025-03-12T14:11:46.381+0000] {logging_mixin.py:190} INFO - [2025-03-12T14:11:46.381+0000] {dagbag.py:588} INFO - Filling up the DagBag from /opt/airflow/dags/dag_with_taskflow_api.py
[2025-03-12T14:11:46.397+0000] {processor.py:925} INFO - DAG(s) 'A_dag_with_taskflow_api_v01' retrieved from /opt/airflow/dags/dag_with_taskflow_api.py
[2025-03-12T14:11:46.410+0000] {logging_mixin.py:190} INFO - [2025-03-12T14:11:46.410+0000] {dag.py:3239} INFO - Sync 1 DAGs
[2025-03-12T14:11:46.428+0000] {logging_mixin.py:190} INFO - [2025-03-12T14:11:46.428+0000] {dag.py:4180} INFO - Setting next_dagrun for A_dag_with_taskflow_api_v01 to 2025-03-07 00:00:00+00:00, run_after=2025-03-08 00:00:00+00:00
[2025-03-12T14:11:46.442+0000] {processor.py:208} INFO - Processing /opt/airflow/dags/dag_with_taskflow_api.py took 0.068 seconds
[2025-03-12T14:12:20.359+0000] {processor.py:186} INFO - Started process (PID=14263) to work on /opt/airflow/dags/dag_with_taskflow_api.py
[2025-03-12T14:12:20.361+0000] {processor.py:914} INFO - Processing file /opt/airflow/dags/dag_with_taskflow_api.py for tasks to queue
[2025-03-12T14:12:20.363+0000] {logging_mixin.py:190} INFO - [2025-03-12T14:12:20.363+0000] {dagbag.py:588} INFO - Filling up the DagBag from /opt/airflow/dags/dag_with_taskflow_api.py
[2025-03-12T14:12:20.384+0000] {processor.py:925} INFO - DAG(s) 'A_dag_with_taskflow_api_v01' retrieved from /opt/airflow/dags/dag_with_taskflow_api.py
[2025-03-12T14:12:20.409+0000] {logging_mixin.py:190} INFO - [2025-03-12T14:12:20.409+0000] {dag.py:3239} INFO - Sync 1 DAGs
[2025-03-12T14:12:20.441+0000] {logging_mixin.py:190} INFO - [2025-03-12T14:12:20.440+0000] {dag.py:4180} INFO - Setting next_dagrun for A_dag_with_taskflow_api_v01 to 2025-03-07 00:00:00+00:00, run_after=2025-03-08 00:00:00+00:00
[2025-03-12T14:12:20.460+0000] {processor.py:208} INFO - Processing /opt/airflow/dags/dag_with_taskflow_api.py took 0.106 seconds
[2025-03-12T14:13:59.543+0000] {processor.py:186} INFO - Started process (PID=192) to work on /opt/airflow/dags/dag_with_taskflow_api.py
[2025-03-12T14:13:59.548+0000] {processor.py:914} INFO - Processing file /opt/airflow/dags/dag_with_taskflow_api.py for tasks to queue
[2025-03-12T14:13:59.552+0000] {logging_mixin.py:190} INFO - [2025-03-12T14:13:59.551+0000] {dagbag.py:588} INFO - Filling up the DagBag from /opt/airflow/dags/dag_with_taskflow_api.py
[2025-03-12T14:13:59.583+0000] {processor.py:925} INFO - DAG(s) 'A_dag_with_taskflow_api_v01' retrieved from /opt/airflow/dags/dag_with_taskflow_api.py
[2025-03-12T14:13:59.864+0000] {logging_mixin.py:190} INFO - [2025-03-12T14:13:59.863+0000] {override.py:1912} INFO - Created Permission View: can read on DAG:A_dag_with_taskflow_api_v01
[2025-03-12T14:13:59.879+0000] {logging_mixin.py:190} INFO - [2025-03-12T14:13:59.878+0000] {override.py:1912} INFO - Created Permission View: can edit on DAG:A_dag_with_taskflow_api_v01
[2025-03-12T14:13:59.890+0000] {logging_mixin.py:190} INFO - [2025-03-12T14:13:59.889+0000] {override.py:1912} INFO - Created Permission View: can delete on DAG:A_dag_with_taskflow_api_v01
[2025-03-12T14:13:59.900+0000] {logging_mixin.py:190} INFO - [2025-03-12T14:13:59.899+0000] {override.py:1912} INFO - Created Permission View: can create on DAG Run:A_dag_with_taskflow_api_v01
[2025-03-12T14:13:59.926+0000] {logging_mixin.py:190} INFO - [2025-03-12T14:13:59.925+0000] {override.py:1912} INFO - Created Permission View: can read on DAG Run:A_dag_with_taskflow_api_v01
[2025-03-12T14:13:59.935+0000] {logging_mixin.py:190} INFO - [2025-03-12T14:13:59.935+0000] {override.py:1912} INFO - Created Permission View: menu access on DAG Run:A_dag_with_taskflow_api_v01
[2025-03-12T14:13:59.947+0000] {logging_mixin.py:190} INFO - [2025-03-12T14:13:59.947+0000] {override.py:1912} INFO - Created Permission View: can delete on DAG Run:A_dag_with_taskflow_api_v01
[2025-03-12T14:13:59.949+0000] {logging_mixin.py:190} INFO - [2025-03-12T14:13:59.949+0000] {dag.py:3239} INFO - Sync 1 DAGs
[2025-03-12T14:13:59.965+0000] {logging_mixin.py:190} INFO - [2025-03-12T14:13:59.965+0000] {dag.py:3262} INFO - Creating ORM DAG for A_dag_with_taskflow_api_v01
[2025-03-12T14:13:59.980+0000] {logging_mixin.py:190} INFO - [2025-03-12T14:13:59.980+0000] {dag.py:4180} INFO - Setting next_dagrun for A_dag_with_taskflow_api_v01 to 2025-03-07 00:00:00+00:00, run_after=2025-03-08 00:00:00+00:00
[2025-03-12T14:13:59.998+0000] {processor.py:208} INFO - Processing /opt/airflow/dags/dag_with_taskflow_api.py took 0.466 seconds
[2025-03-12T14:14:32.719+0000] {processor.py:186} INFO - Started process (PID=498) to work on /opt/airflow/dags/dag_with_taskflow_api.py
[2025-03-12T14:14:32.720+0000] {processor.py:914} INFO - Processing file /opt/airflow/dags/dag_with_taskflow_api.py for tasks to queue
[2025-03-12T14:14:32.723+0000] {logging_mixin.py:190} INFO - [2025-03-12T14:14:32.722+0000] {dagbag.py:588} INFO - Filling up the DagBag from /opt/airflow/dags/dag_with_taskflow_api.py
[2025-03-12T14:14:32.736+0000] {processor.py:925} INFO - DAG(s) 'A_dag_with_taskflow_api_v01' retrieved from /opt/airflow/dags/dag_with_taskflow_api.py
[2025-03-12T14:14:32.754+0000] {logging_mixin.py:190} INFO - [2025-03-12T14:14:32.754+0000] {dag.py:3239} INFO - Sync 1 DAGs
[2025-03-12T14:14:32.775+0000] {logging_mixin.py:190} INFO - [2025-03-12T14:14:32.775+0000] {dag.py:4180} INFO - Setting next_dagrun for A_dag_with_taskflow_api_v01 to 2025-03-07 00:00:00+00:00, run_after=2025-03-08 00:00:00+00:00
[2025-03-12T14:14:32.792+0000] {processor.py:208} INFO - Processing /opt/airflow/dags/dag_with_taskflow_api.py took 0.078 seconds
[2025-03-12T14:15:06.596+0000] {processor.py:186} INFO - Started process (PID=804) to work on /opt/airflow/dags/dag_with_taskflow_api.py
[2025-03-12T14:15:06.596+0000] {processor.py:914} INFO - Processing file /opt/airflow/dags/dag_with_taskflow_api.py for tasks to queue
[2025-03-12T14:15:06.598+0000] {logging_mixin.py:190} INFO - [2025-03-12T14:15:06.598+0000] {dagbag.py:588} INFO - Filling up the DagBag from /opt/airflow/dags/dag_with_taskflow_api.py
[2025-03-12T14:15:06.611+0000] {processor.py:925} INFO - DAG(s) 'A_dag_with_taskflow_api_v01' retrieved from /opt/airflow/dags/dag_with_taskflow_api.py
[2025-03-12T14:15:06.625+0000] {logging_mixin.py:190} INFO - [2025-03-12T14:15:06.625+0000] {dag.py:3239} INFO - Sync 1 DAGs
[2025-03-12T14:15:06.646+0000] {logging_mixin.py:190} INFO - [2025-03-12T14:15:06.646+0000] {dag.py:4180} INFO - Setting next_dagrun for A_dag_with_taskflow_api_v01 to 2025-03-07 00:00:00+00:00, run_after=2025-03-08 00:00:00+00:00
[2025-03-12T14:15:06.665+0000] {processor.py:208} INFO - Processing /opt/airflow/dags/dag_with_taskflow_api.py took 0.074 seconds
[2025-03-12T14:15:40.259+0000] {processor.py:186} INFO - Started process (PID=1110) to work on /opt/airflow/dags/dag_with_taskflow_api.py
[2025-03-12T14:15:40.260+0000] {processor.py:914} INFO - Processing file /opt/airflow/dags/dag_with_taskflow_api.py for tasks to queue
[2025-03-12T14:15:40.262+0000] {logging_mixin.py:190} INFO - [2025-03-12T14:15:40.262+0000] {dagbag.py:588} INFO - Filling up the DagBag from /opt/airflow/dags/dag_with_taskflow_api.py
[2025-03-12T14:15:40.276+0000] {processor.py:925} INFO - DAG(s) 'A_dag_with_taskflow_api_v01' retrieved from /opt/airflow/dags/dag_with_taskflow_api.py
[2025-03-12T14:15:40.292+0000] {logging_mixin.py:190} INFO - [2025-03-12T14:15:40.291+0000] {dag.py:3239} INFO - Sync 1 DAGs
[2025-03-12T14:15:40.310+0000] {logging_mixin.py:190} INFO - [2025-03-12T14:15:40.310+0000] {dag.py:4180} INFO - Setting next_dagrun for A_dag_with_taskflow_api_v01 to 2025-03-07 00:00:00+00:00, run_after=2025-03-08 00:00:00+00:00
[2025-03-12T14:15:40.358+0000] {processor.py:208} INFO - Processing /opt/airflow/dags/dag_with_taskflow_api.py took 0.104 seconds
[2025-03-12T14:16:13.419+0000] {processor.py:186} INFO - Started process (PID=1416) to work on /opt/airflow/dags/dag_with_taskflow_api.py
[2025-03-12T14:16:13.419+0000] {processor.py:914} INFO - Processing file /opt/airflow/dags/dag_with_taskflow_api.py for tasks to queue
[2025-03-12T14:16:13.421+0000] {logging_mixin.py:190} INFO - [2025-03-12T14:16:13.421+0000] {dagbag.py:588} INFO - Filling up the DagBag from /opt/airflow/dags/dag_with_taskflow_api.py
[2025-03-12T14:16:13.434+0000] {processor.py:925} INFO - DAG(s) 'A_dag_with_taskflow_api_v01' retrieved from /opt/airflow/dags/dag_with_taskflow_api.py
[2025-03-12T14:16:13.448+0000] {logging_mixin.py:190} INFO - [2025-03-12T14:16:13.448+0000] {dag.py:3239} INFO - Sync 1 DAGs
[2025-03-12T14:16:13.464+0000] {logging_mixin.py:190} INFO - [2025-03-12T14:16:13.464+0000] {dag.py:4180} INFO - Setting next_dagrun for A_dag_with_taskflow_api_v01 to 2025-03-07 00:00:00+00:00, run_after=2025-03-08 00:00:00+00:00
[2025-03-12T14:16:13.480+0000] {processor.py:208} INFO - Processing /opt/airflow/dags/dag_with_taskflow_api.py took 0.067 seconds
[2025-03-12T14:16:46.929+0000] {processor.py:186} INFO - Started process (PID=1723) to work on /opt/airflow/dags/dag_with_taskflow_api.py
[2025-03-12T14:16:46.930+0000] {processor.py:914} INFO - Processing file /opt/airflow/dags/dag_with_taskflow_api.py for tasks to queue
[2025-03-12T14:16:46.932+0000] {logging_mixin.py:190} INFO - [2025-03-12T14:16:46.932+0000] {dagbag.py:588} INFO - Filling up the DagBag from /opt/airflow/dags/dag_with_taskflow_api.py
[2025-03-12T14:16:46.947+0000] {processor.py:925} INFO - DAG(s) 'A_dag_with_taskflow_api_v01' retrieved from /opt/airflow/dags/dag_with_taskflow_api.py
[2025-03-12T14:16:46.962+0000] {logging_mixin.py:190} INFO - [2025-03-12T14:16:46.962+0000] {dag.py:3239} INFO - Sync 1 DAGs
[2025-03-12T14:16:46.984+0000] {logging_mixin.py:190} INFO - [2025-03-12T14:16:46.984+0000] {dag.py:4180} INFO - Setting next_dagrun for A_dag_with_taskflow_api_v01 to 2025-03-07 00:00:00+00:00, run_after=2025-03-08 00:00:00+00:00
[2025-03-12T14:16:47.003+0000] {processor.py:208} INFO - Processing /opt/airflow/dags/dag_with_taskflow_api.py took 0.080 seconds
[2025-03-12T14:17:20.041+0000] {processor.py:186} INFO - Started process (PID=2029) to work on /opt/airflow/dags/dag_with_taskflow_api.py
[2025-03-12T14:17:20.042+0000] {processor.py:914} INFO - Processing file /opt/airflow/dags/dag_with_taskflow_api.py for tasks to queue
[2025-03-12T14:17:20.044+0000] {logging_mixin.py:190} INFO - [2025-03-12T14:17:20.043+0000] {dagbag.py:588} INFO - Filling up the DagBag from /opt/airflow/dags/dag_with_taskflow_api.py
[2025-03-12T14:17:20.057+0000] {processor.py:925} INFO - DAG(s) 'A_dag_with_taskflow_api_v01' retrieved from /opt/airflow/dags/dag_with_taskflow_api.py
[2025-03-12T14:17:20.071+0000] {logging_mixin.py:190} INFO - [2025-03-12T14:17:20.070+0000] {dag.py:3239} INFO - Sync 1 DAGs
[2025-03-12T14:17:20.086+0000] {logging_mixin.py:190} INFO - [2025-03-12T14:17:20.086+0000] {dag.py:4180} INFO - Setting next_dagrun for A_dag_with_taskflow_api_v01 to 2025-03-07 00:00:00+00:00, run_after=2025-03-08 00:00:00+00:00
[2025-03-12T14:17:20.102+0000] {processor.py:208} INFO - Processing /opt/airflow/dags/dag_with_taskflow_api.py took 0.065 seconds
[2025-03-12T14:17:53.440+0000] {processor.py:186} INFO - Started process (PID=2335) to work on /opt/airflow/dags/dag_with_taskflow_api.py
[2025-03-12T14:17:53.441+0000] {processor.py:914} INFO - Processing file /opt/airflow/dags/dag_with_taskflow_api.py for tasks to queue
[2025-03-12T14:17:53.442+0000] {logging_mixin.py:190} INFO - [2025-03-12T14:17:53.442+0000] {dagbag.py:588} INFO - Filling up the DagBag from /opt/airflow/dags/dag_with_taskflow_api.py
[2025-03-12T14:17:53.455+0000] {processor.py:925} INFO - DAG(s) 'A_dag_with_taskflow_api_v01' retrieved from /opt/airflow/dags/dag_with_taskflow_api.py
[2025-03-12T14:17:53.469+0000] {logging_mixin.py:190} INFO - [2025-03-12T14:17:53.469+0000] {dag.py:3239} INFO - Sync 1 DAGs
[2025-03-12T14:17:53.487+0000] {logging_mixin.py:190} INFO - [2025-03-12T14:17:53.487+0000] {dag.py:4180} INFO - Setting next_dagrun for A_dag_with_taskflow_api_v01 to 2025-03-07 00:00:00+00:00, run_after=2025-03-08 00:00:00+00:00
[2025-03-12T14:17:53.504+0000] {processor.py:208} INFO - Processing /opt/airflow/dags/dag_with_taskflow_api.py took 0.068 seconds
[2025-03-12T14:18:26.810+0000] {processor.py:186} INFO - Started process (PID=2641) to work on /opt/airflow/dags/dag_with_taskflow_api.py
[2025-03-12T14:18:26.811+0000] {processor.py:914} INFO - Processing file /opt/airflow/dags/dag_with_taskflow_api.py for tasks to queue
[2025-03-12T14:18:26.813+0000] {logging_mixin.py:190} INFO - [2025-03-12T14:18:26.813+0000] {dagbag.py:588} INFO - Filling up the DagBag from /opt/airflow/dags/dag_with_taskflow_api.py
[2025-03-12T14:18:26.828+0000] {processor.py:925} INFO - DAG(s) 'A_dag_with_taskflow_api_v01' retrieved from /opt/airflow/dags/dag_with_taskflow_api.py
[2025-03-12T14:18:26.842+0000] {logging_mixin.py:190} INFO - [2025-03-12T14:18:26.842+0000] {dag.py:3239} INFO - Sync 1 DAGs
[2025-03-12T14:18:26.857+0000] {logging_mixin.py:190} INFO - [2025-03-12T14:18:26.857+0000] {dag.py:4180} INFO - Setting next_dagrun for A_dag_with_taskflow_api_v01 to 2025-03-07 00:00:00+00:00, run_after=2025-03-08 00:00:00+00:00
[2025-03-12T14:18:26.874+0000] {processor.py:208} INFO - Processing /opt/airflow/dags/dag_with_taskflow_api.py took 0.069 seconds
[2025-03-12T14:18:59.561+0000] {processor.py:186} INFO - Started process (PID=2947) to work on /opt/airflow/dags/dag_with_taskflow_api.py
[2025-03-12T14:18:59.562+0000] {processor.py:914} INFO - Processing file /opt/airflow/dags/dag_with_taskflow_api.py for tasks to queue
[2025-03-12T14:18:59.564+0000] {logging_mixin.py:190} INFO - [2025-03-12T14:18:59.563+0000] {dagbag.py:588} INFO - Filling up the DagBag from /opt/airflow/dags/dag_with_taskflow_api.py
[2025-03-12T14:18:59.575+0000] {processor.py:925} INFO - DAG(s) 'A_dag_with_taskflow_api_v01' retrieved from /opt/airflow/dags/dag_with_taskflow_api.py
[2025-03-12T14:18:59.589+0000] {logging_mixin.py:190} INFO - [2025-03-12T14:18:59.589+0000] {dag.py:3239} INFO - Sync 1 DAGs
[2025-03-12T14:18:59.605+0000] {logging_mixin.py:190} INFO - [2025-03-12T14:18:59.605+0000] {dag.py:4180} INFO - Setting next_dagrun for A_dag_with_taskflow_api_v01 to 2025-03-07 00:00:00+00:00, run_after=2025-03-08 00:00:00+00:00
[2025-03-12T14:18:59.621+0000] {processor.py:208} INFO - Processing /opt/airflow/dags/dag_with_taskflow_api.py took 0.065 seconds
[2025-03-12T14:19:33.610+0000] {processor.py:186} INFO - Started process (PID=3253) to work on /opt/airflow/dags/dag_with_taskflow_api.py
[2025-03-12T14:19:33.610+0000] {processor.py:914} INFO - Processing file /opt/airflow/dags/dag_with_taskflow_api.py for tasks to queue
[2025-03-12T14:19:33.612+0000] {logging_mixin.py:190} INFO - [2025-03-12T14:19:33.612+0000] {dagbag.py:588} INFO - Filling up the DagBag from /opt/airflow/dags/dag_with_taskflow_api.py
[2025-03-12T14:19:33.624+0000] {processor.py:925} INFO - DAG(s) 'A_dag_with_taskflow_api_v01' retrieved from /opt/airflow/dags/dag_with_taskflow_api.py
[2025-03-12T14:19:33.638+0000] {logging_mixin.py:190} INFO - [2025-03-12T14:19:33.638+0000] {dag.py:3239} INFO - Sync 1 DAGs
[2025-03-12T14:19:33.658+0000] {logging_mixin.py:190} INFO - [2025-03-12T14:19:33.658+0000] {dag.py:4180} INFO - Setting next_dagrun for A_dag_with_taskflow_api_v01 to 2025-03-07 00:00:00+00:00, run_after=2025-03-08 00:00:00+00:00
[2025-03-12T14:19:33.675+0000] {processor.py:208} INFO - Processing /opt/airflow/dags/dag_with_taskflow_api.py took 0.070 seconds
[2025-03-12T15:45:59.902+0000] {processor.py:186} INFO - Started process (PID=190) to work on /opt/airflow/dags/dag_with_taskflow_api.py
[2025-03-12T15:45:59.903+0000] {processor.py:914} INFO - Processing file /opt/airflow/dags/dag_with_taskflow_api.py for tasks to queue
[2025-03-12T15:45:59.906+0000] {logging_mixin.py:190} INFO - [2025-03-12T15:45:59.905+0000] {dagbag.py:588} INFO - Filling up the DagBag from /opt/airflow/dags/dag_with_taskflow_api.py
[2025-03-12T15:45:59.932+0000] {processor.py:925} INFO - DAG(s) 'A_dag_with_taskflow_api_v01' retrieved from /opt/airflow/dags/dag_with_taskflow_api.py
[2025-03-12T15:45:59.967+0000] {logging_mixin.py:190} INFO - [2025-03-12T15:45:59.967+0000] {dag.py:3239} INFO - Sync 1 DAGs
[2025-03-12T15:45:59.998+0000] {logging_mixin.py:190} INFO - [2025-03-12T15:45:59.998+0000] {dag.py:4180} INFO - Setting next_dagrun for A_dag_with_taskflow_api_v01 to 2025-03-07 00:00:00+00:00, run_after=2025-03-08 00:00:00+00:00
[2025-03-12T15:46:00.025+0000] {processor.py:208} INFO - Processing /opt/airflow/dags/dag_with_taskflow_api.py took 0.130 seconds
[2025-03-12T15:46:30.893+0000] {processor.py:186} INFO - Started process (PID=216) to work on /opt/airflow/dags/dag_with_taskflow_api.py
[2025-03-12T15:46:30.893+0000] {processor.py:914} INFO - Processing file /opt/airflow/dags/dag_with_taskflow_api.py for tasks to queue
[2025-03-12T15:46:30.895+0000] {logging_mixin.py:190} INFO - [2025-03-12T15:46:30.895+0000] {dagbag.py:588} INFO - Filling up the DagBag from /opt/airflow/dags/dag_with_taskflow_api.py
[2025-03-12T15:46:30.914+0000] {processor.py:925} INFO - DAG(s) 'A_dag_with_taskflow_api_v01' retrieved from /opt/airflow/dags/dag_with_taskflow_api.py
[2025-03-12T15:46:30.941+0000] {logging_mixin.py:190} INFO - [2025-03-12T15:46:30.941+0000] {dag.py:3239} INFO - Sync 1 DAGs
[2025-03-12T15:46:30.967+0000] {logging_mixin.py:190} INFO - [2025-03-12T15:46:30.967+0000] {dag.py:4180} INFO - Setting next_dagrun for A_dag_with_taskflow_api_v01 to 2025-03-07 00:00:00+00:00, run_after=2025-03-08 00:00:00+00:00
[2025-03-12T15:46:30.983+0000] {processor.py:208} INFO - Processing /opt/airflow/dags/dag_with_taskflow_api.py took 0.095 seconds
[2025-03-12T15:47:01.917+0000] {processor.py:186} INFO - Started process (PID=245) to work on /opt/airflow/dags/dag_with_taskflow_api.py
[2025-03-12T15:47:01.918+0000] {processor.py:914} INFO - Processing file /opt/airflow/dags/dag_with_taskflow_api.py for tasks to queue
[2025-03-12T15:47:01.920+0000] {logging_mixin.py:190} INFO - [2025-03-12T15:47:01.920+0000] {dagbag.py:588} INFO - Filling up the DagBag from /opt/airflow/dags/dag_with_taskflow_api.py
[2025-03-12T15:47:01.938+0000] {processor.py:925} INFO - DAG(s) 'A_dag_with_taskflow_api_v01' retrieved from /opt/airflow/dags/dag_with_taskflow_api.py
[2025-03-12T15:47:01.961+0000] {logging_mixin.py:190} INFO - [2025-03-12T15:47:01.960+0000] {dag.py:3239} INFO - Sync 1 DAGs
[2025-03-12T15:47:01.983+0000] {logging_mixin.py:190} INFO - [2025-03-12T15:47:01.983+0000] {dag.py:4180} INFO - Setting next_dagrun for A_dag_with_taskflow_api_v01 to 2025-03-07 00:00:00+00:00, run_after=2025-03-08 00:00:00+00:00
[2025-03-12T15:47:02.000+0000] {processor.py:208} INFO - Processing /opt/airflow/dags/dag_with_taskflow_api.py took 0.087 seconds
[2025-03-12T15:47:32.869+0000] {processor.py:186} INFO - Started process (PID=274) to work on /opt/airflow/dags/dag_with_taskflow_api.py
[2025-03-12T15:47:32.870+0000] {processor.py:914} INFO - Processing file /opt/airflow/dags/dag_with_taskflow_api.py for tasks to queue
[2025-03-12T15:47:32.872+0000] {logging_mixin.py:190} INFO - [2025-03-12T15:47:32.872+0000] {dagbag.py:588} INFO - Filling up the DagBag from /opt/airflow/dags/dag_with_taskflow_api.py
[2025-03-12T15:47:32.885+0000] {processor.py:925} INFO - DAG(s) 'A_dag_with_taskflow_api_v01' retrieved from /opt/airflow/dags/dag_with_taskflow_api.py
[2025-03-12T15:47:32.908+0000] {logging_mixin.py:190} INFO - [2025-03-12T15:47:32.908+0000] {dag.py:3239} INFO - Sync 1 DAGs
[2025-03-12T15:47:32.928+0000] {logging_mixin.py:190} INFO - [2025-03-12T15:47:32.927+0000] {dag.py:4180} INFO - Setting next_dagrun for A_dag_with_taskflow_api_v01 to 2025-03-07 00:00:00+00:00, run_after=2025-03-08 00:00:00+00:00
[2025-03-12T15:47:32.945+0000] {processor.py:208} INFO - Processing /opt/airflow/dags/dag_with_taskflow_api.py took 0.080 seconds
[2025-03-12T15:48:03.791+0000] {processor.py:186} INFO - Started process (PID=300) to work on /opt/airflow/dags/dag_with_taskflow_api.py
[2025-03-12T15:48:03.791+0000] {processor.py:914} INFO - Processing file /opt/airflow/dags/dag_with_taskflow_api.py for tasks to queue
[2025-03-12T15:48:03.793+0000] {logging_mixin.py:190} INFO - [2025-03-12T15:48:03.793+0000] {dagbag.py:588} INFO - Filling up the DagBag from /opt/airflow/dags/dag_with_taskflow_api.py
[2025-03-12T15:48:03.807+0000] {processor.py:925} INFO - DAG(s) 'A_dag_with_taskflow_api_v01' retrieved from /opt/airflow/dags/dag_with_taskflow_api.py
[2025-03-12T15:48:03.829+0000] {logging_mixin.py:190} INFO - [2025-03-12T15:48:03.829+0000] {dag.py:3239} INFO - Sync 1 DAGs
[2025-03-12T15:48:03.852+0000] {logging_mixin.py:190} INFO - [2025-03-12T15:48:03.852+0000] {dag.py:4180} INFO - Setting next_dagrun for A_dag_with_taskflow_api_v01 to 2025-03-07 00:00:00+00:00, run_after=2025-03-08 00:00:00+00:00
[2025-03-12T15:48:03.870+0000] {processor.py:208} INFO - Processing /opt/airflow/dags/dag_with_taskflow_api.py took 0.084 seconds
[2025-03-12T15:48:34.759+0000] {processor.py:186} INFO - Started process (PID=326) to work on /opt/airflow/dags/dag_with_taskflow_api.py
[2025-03-12T15:48:34.760+0000] {processor.py:914} INFO - Processing file /opt/airflow/dags/dag_with_taskflow_api.py for tasks to queue
[2025-03-12T15:48:34.761+0000] {logging_mixin.py:190} INFO - [2025-03-12T15:48:34.761+0000] {dagbag.py:588} INFO - Filling up the DagBag from /opt/airflow/dags/dag_with_taskflow_api.py
[2025-03-12T15:48:34.778+0000] {processor.py:925} INFO - DAG(s) 'A_dag_with_taskflow_api_v01' retrieved from /opt/airflow/dags/dag_with_taskflow_api.py
[2025-03-12T15:48:34.802+0000] {logging_mixin.py:190} INFO - [2025-03-12T15:48:34.802+0000] {dag.py:3239} INFO - Sync 1 DAGs
[2025-03-12T15:48:34.823+0000] {logging_mixin.py:190} INFO - [2025-03-12T15:48:34.823+0000] {dag.py:4180} INFO - Setting next_dagrun for A_dag_with_taskflow_api_v01 to 2025-03-07 00:00:00+00:00, run_after=2025-03-08 00:00:00+00:00
[2025-03-12T15:48:34.845+0000] {processor.py:208} INFO - Processing /opt/airflow/dags/dag_with_taskflow_api.py took 0.090 seconds
[2025-03-12T15:49:07.825+0000] {processor.py:186} INFO - Started process (PID=356) to work on /opt/airflow/dags/dag_with_taskflow_api.py
[2025-03-12T15:49:07.826+0000] {processor.py:914} INFO - Processing file /opt/airflow/dags/dag_with_taskflow_api.py for tasks to queue
[2025-03-12T15:49:07.828+0000] {logging_mixin.py:190} INFO - [2025-03-12T15:49:07.828+0000] {dagbag.py:588} INFO - Filling up the DagBag from /opt/airflow/dags/dag_with_taskflow_api.py
[2025-03-12T15:49:07.846+0000] {processor.py:925} INFO - DAG(s) 'A_dag_with_taskflow_api_v01' retrieved from /opt/airflow/dags/dag_with_taskflow_api.py
[2025-03-12T15:49:07.871+0000] {logging_mixin.py:190} INFO - [2025-03-12T15:49:07.871+0000] {dag.py:3239} INFO - Sync 1 DAGs
[2025-03-12T15:49:07.892+0000] {logging_mixin.py:190} INFO - [2025-03-12T15:49:07.892+0000] {dag.py:4180} INFO - Setting next_dagrun for A_dag_with_taskflow_api_v01 to 2025-03-07 00:00:00+00:00, run_after=2025-03-08 00:00:00+00:00
[2025-03-12T15:49:07.910+0000] {processor.py:208} INFO - Processing /opt/airflow/dags/dag_with_taskflow_api.py took 0.089 seconds
[2025-03-12T15:49:40.875+0000] {processor.py:186} INFO - Started process (PID=382) to work on /opt/airflow/dags/dag_with_taskflow_api.py
[2025-03-12T15:49:40.876+0000] {processor.py:914} INFO - Processing file /opt/airflow/dags/dag_with_taskflow_api.py for tasks to queue
[2025-03-12T15:49:40.878+0000] {logging_mixin.py:190} INFO - [2025-03-12T15:49:40.878+0000] {dagbag.py:588} INFO - Filling up the DagBag from /opt/airflow/dags/dag_with_taskflow_api.py
[2025-03-12T15:49:40.899+0000] {processor.py:925} INFO - DAG(s) 'A_dag_with_taskflow_api_v01' retrieved from /opt/airflow/dags/dag_with_taskflow_api.py
[2025-03-12T15:49:40.923+0000] {logging_mixin.py:190} INFO - [2025-03-12T15:49:40.923+0000] {dag.py:3239} INFO - Sync 1 DAGs
[2025-03-12T15:49:40.942+0000] {logging_mixin.py:190} INFO - [2025-03-12T15:49:40.942+0000] {dag.py:4180} INFO - Setting next_dagrun for A_dag_with_taskflow_api_v01 to 2025-03-07 00:00:00+00:00, run_after=2025-03-08 00:00:00+00:00
[2025-03-12T15:49:40.959+0000] {processor.py:208} INFO - Processing /opt/airflow/dags/dag_with_taskflow_api.py took 0.090 seconds
[2025-03-12T15:50:13.883+0000] {processor.py:186} INFO - Started process (PID=408) to work on /opt/airflow/dags/dag_with_taskflow_api.py
[2025-03-12T15:50:13.884+0000] {processor.py:914} INFO - Processing file /opt/airflow/dags/dag_with_taskflow_api.py for tasks to queue
[2025-03-12T15:50:13.886+0000] {logging_mixin.py:190} INFO - [2025-03-12T15:50:13.885+0000] {dagbag.py:588} INFO - Filling up the DagBag from /opt/airflow/dags/dag_with_taskflow_api.py
[2025-03-12T15:50:13.905+0000] {processor.py:925} INFO - DAG(s) 'A_dag_with_taskflow_api_v01' retrieved from /opt/airflow/dags/dag_with_taskflow_api.py
[2025-03-12T15:50:13.929+0000] {logging_mixin.py:190} INFO - [2025-03-12T15:50:13.928+0000] {dag.py:3239} INFO - Sync 1 DAGs
[2025-03-12T15:50:13.949+0000] {logging_mixin.py:190} INFO - [2025-03-12T15:50:13.948+0000] {dag.py:4180} INFO - Setting next_dagrun for A_dag_with_taskflow_api_v01 to 2025-03-07 00:00:00+00:00, run_after=2025-03-08 00:00:00+00:00
[2025-03-12T15:50:13.966+0000] {processor.py:208} INFO - Processing /opt/airflow/dags/dag_with_taskflow_api.py took 0.089 seconds
[2025-03-12T15:50:47.849+0000] {processor.py:186} INFO - Started process (PID=434) to work on /opt/airflow/dags/dag_with_taskflow_api.py
[2025-03-12T15:50:47.850+0000] {processor.py:914} INFO - Processing file /opt/airflow/dags/dag_with_taskflow_api.py for tasks to queue
[2025-03-12T15:50:47.852+0000] {logging_mixin.py:190} INFO - [2025-03-12T15:50:47.852+0000] {dagbag.py:588} INFO - Filling up the DagBag from /opt/airflow/dags/dag_with_taskflow_api.py
[2025-03-12T15:50:47.872+0000] {processor.py:925} INFO - DAG(s) 'A_dag_with_taskflow_api_v01' retrieved from /opt/airflow/dags/dag_with_taskflow_api.py
[2025-03-12T15:50:47.897+0000] {logging_mixin.py:190} INFO - [2025-03-12T15:50:47.897+0000] {dag.py:3239} INFO - Sync 1 DAGs
[2025-03-12T15:50:47.918+0000] {logging_mixin.py:190} INFO - [2025-03-12T15:50:47.918+0000] {dag.py:4180} INFO - Setting next_dagrun for A_dag_with_taskflow_api_v01 to 2025-03-07 00:00:00+00:00, run_after=2025-03-08 00:00:00+00:00
[2025-03-12T15:50:47.935+0000] {processor.py:208} INFO - Processing /opt/airflow/dags/dag_with_taskflow_api.py took 0.090 seconds
[2025-03-12T15:51:20.972+0000] {processor.py:186} INFO - Started process (PID=463) to work on /opt/airflow/dags/dag_with_taskflow_api.py
[2025-03-12T15:51:20.973+0000] {processor.py:914} INFO - Processing file /opt/airflow/dags/dag_with_taskflow_api.py for tasks to queue
[2025-03-12T15:51:20.975+0000] {logging_mixin.py:190} INFO - [2025-03-12T15:51:20.975+0000] {dagbag.py:588} INFO - Filling up the DagBag from /opt/airflow/dags/dag_with_taskflow_api.py
[2025-03-12T15:51:20.993+0000] {processor.py:925} INFO - DAG(s) 'A_dag_with_taskflow_api_v01' retrieved from /opt/airflow/dags/dag_with_taskflow_api.py
[2025-03-12T15:51:21.015+0000] {logging_mixin.py:190} INFO - [2025-03-12T15:51:21.015+0000] {dag.py:3239} INFO - Sync 1 DAGs
[2025-03-12T15:51:21.035+0000] {logging_mixin.py:190} INFO - [2025-03-12T15:51:21.035+0000] {dag.py:4180} INFO - Setting next_dagrun for A_dag_with_taskflow_api_v01 to 2025-03-07 00:00:00+00:00, run_after=2025-03-08 00:00:00+00:00
[2025-03-12T15:51:21.050+0000] {processor.py:208} INFO - Processing /opt/airflow/dags/dag_with_taskflow_api.py took 0.084 seconds
[2025-03-12T15:51:53.979+0000] {processor.py:186} INFO - Started process (PID=489) to work on /opt/airflow/dags/dag_with_taskflow_api.py
[2025-03-12T15:51:53.981+0000] {processor.py:914} INFO - Processing file /opt/airflow/dags/dag_with_taskflow_api.py for tasks to queue
[2025-03-12T15:51:53.983+0000] {logging_mixin.py:190} INFO - [2025-03-12T15:51:53.983+0000] {dagbag.py:588} INFO - Filling up the DagBag from /opt/airflow/dags/dag_with_taskflow_api.py
[2025-03-12T15:51:54.006+0000] {processor.py:925} INFO - DAG(s) 'A_dag_with_taskflow_api_v01' retrieved from /opt/airflow/dags/dag_with_taskflow_api.py
[2025-03-12T15:51:54.032+0000] {logging_mixin.py:190} INFO - [2025-03-12T15:51:54.032+0000] {dag.py:3239} INFO - Sync 1 DAGs
[2025-03-12T15:51:54.054+0000] {logging_mixin.py:190} INFO - [2025-03-12T15:51:54.053+0000] {dag.py:4180} INFO - Setting next_dagrun for A_dag_with_taskflow_api_v01 to 2025-03-07 00:00:00+00:00, run_after=2025-03-08 00:00:00+00:00
[2025-03-12T15:51:54.072+0000] {processor.py:208} INFO - Processing /opt/airflow/dags/dag_with_taskflow_api.py took 0.098 seconds
[2025-03-12T15:52:27.170+0000] {processor.py:186} INFO - Started process (PID=515) to work on /opt/airflow/dags/dag_with_taskflow_api.py
[2025-03-12T15:52:27.171+0000] {processor.py:914} INFO - Processing file /opt/airflow/dags/dag_with_taskflow_api.py for tasks to queue
[2025-03-12T15:52:27.173+0000] {logging_mixin.py:190} INFO - [2025-03-12T15:52:27.173+0000] {dagbag.py:588} INFO - Filling up the DagBag from /opt/airflow/dags/dag_with_taskflow_api.py
[2025-03-12T15:52:27.190+0000] {processor.py:925} INFO - DAG(s) 'A_dag_with_taskflow_api_v01' retrieved from /opt/airflow/dags/dag_with_taskflow_api.py
[2025-03-12T15:52:27.212+0000] {logging_mixin.py:190} INFO - [2025-03-12T15:52:27.212+0000] {dag.py:3239} INFO - Sync 1 DAGs
[2025-03-12T15:52:27.231+0000] {logging_mixin.py:190} INFO - [2025-03-12T15:52:27.231+0000] {dag.py:4180} INFO - Setting next_dagrun for A_dag_with_taskflow_api_v01 to 2025-03-07 00:00:00+00:00, run_after=2025-03-08 00:00:00+00:00
[2025-03-12T15:52:27.248+0000] {processor.py:208} INFO - Processing /opt/airflow/dags/dag_with_taskflow_api.py took 0.083 seconds
[2025-03-12T15:53:01.278+0000] {processor.py:186} INFO - Started process (PID=541) to work on /opt/airflow/dags/dag_with_taskflow_api.py
[2025-03-12T15:53:01.280+0000] {processor.py:914} INFO - Processing file /opt/airflow/dags/dag_with_taskflow_api.py for tasks to queue
[2025-03-12T15:53:01.282+0000] {logging_mixin.py:190} INFO - [2025-03-12T15:53:01.282+0000] {dagbag.py:588} INFO - Filling up the DagBag from /opt/airflow/dags/dag_with_taskflow_api.py
[2025-03-12T15:53:01.309+0000] {processor.py:925} INFO - DAG(s) 'A_dag_with_taskflow_api_v01' retrieved from /opt/airflow/dags/dag_with_taskflow_api.py
[2025-03-12T15:53:01.332+0000] {logging_mixin.py:190} INFO - [2025-03-12T15:53:01.332+0000] {dag.py:3239} INFO - Sync 1 DAGs
[2025-03-12T15:53:01.351+0000] {logging_mixin.py:190} INFO - [2025-03-12T15:53:01.351+0000] {dag.py:4180} INFO - Setting next_dagrun for A_dag_with_taskflow_api_v01 to 2025-03-07 00:00:00+00:00, run_after=2025-03-08 00:00:00+00:00
[2025-03-12T15:53:01.369+0000] {processor.py:208} INFO - Processing /opt/airflow/dags/dag_with_taskflow_api.py took 0.095 seconds
[2025-03-12T15:53:34.278+0000] {processor.py:186} INFO - Started process (PID=570) to work on /opt/airflow/dags/dag_with_taskflow_api.py
[2025-03-12T15:53:34.279+0000] {processor.py:914} INFO - Processing file /opt/airflow/dags/dag_with_taskflow_api.py for tasks to queue
[2025-03-12T15:53:34.282+0000] {logging_mixin.py:190} INFO - [2025-03-12T15:53:34.281+0000] {dagbag.py:588} INFO - Filling up the DagBag from /opt/airflow/dags/dag_with_taskflow_api.py
[2025-03-12T15:53:34.302+0000] {processor.py:925} INFO - DAG(s) 'A_dag_with_taskflow_api_v01' retrieved from /opt/airflow/dags/dag_with_taskflow_api.py
[2025-03-12T15:53:34.326+0000] {logging_mixin.py:190} INFO - [2025-03-12T15:53:34.326+0000] {dag.py:3239} INFO - Sync 1 DAGs
[2025-03-12T15:53:34.345+0000] {logging_mixin.py:190} INFO - [2025-03-12T15:53:34.344+0000] {dag.py:4180} INFO - Setting next_dagrun for A_dag_with_taskflow_api_v01 to 2025-03-07 00:00:00+00:00, run_after=2025-03-08 00:00:00+00:00
[2025-03-12T15:53:34.362+0000] {processor.py:208} INFO - Processing /opt/airflow/dags/dag_with_taskflow_api.py took 0.088 seconds
[2025-03-12T15:54:07.363+0000] {processor.py:186} INFO - Started process (PID=596) to work on /opt/airflow/dags/dag_with_taskflow_api.py
[2025-03-12T15:54:07.364+0000] {processor.py:914} INFO - Processing file /opt/airflow/dags/dag_with_taskflow_api.py for tasks to queue
[2025-03-12T15:54:07.366+0000] {logging_mixin.py:190} INFO - [2025-03-12T15:54:07.366+0000] {dagbag.py:588} INFO - Filling up the DagBag from /opt/airflow/dags/dag_with_taskflow_api.py
[2025-03-12T15:54:07.385+0000] {processor.py:925} INFO - DAG(s) 'A_dag_with_taskflow_api_v01' retrieved from /opt/airflow/dags/dag_with_taskflow_api.py
[2025-03-12T15:54:07.408+0000] {logging_mixin.py:190} INFO - [2025-03-12T15:54:07.408+0000] {dag.py:3239} INFO - Sync 1 DAGs
[2025-03-12T15:54:07.428+0000] {logging_mixin.py:190} INFO - [2025-03-12T15:54:07.428+0000] {dag.py:4180} INFO - Setting next_dagrun for A_dag_with_taskflow_api_v01 to 2025-03-07 00:00:00+00:00, run_after=2025-03-08 00:00:00+00:00
[2025-03-12T15:54:07.443+0000] {processor.py:208} INFO - Processing /opt/airflow/dags/dag_with_taskflow_api.py took 0.084 seconds
[2025-03-12T15:54:40.515+0000] {processor.py:186} INFO - Started process (PID=622) to work on /opt/airflow/dags/dag_with_taskflow_api.py
[2025-03-12T15:54:40.516+0000] {processor.py:914} INFO - Processing file /opt/airflow/dags/dag_with_taskflow_api.py for tasks to queue
[2025-03-12T15:54:40.518+0000] {logging_mixin.py:190} INFO - [2025-03-12T15:54:40.518+0000] {dagbag.py:588} INFO - Filling up the DagBag from /opt/airflow/dags/dag_with_taskflow_api.py
[2025-03-12T15:54:40.538+0000] {processor.py:925} INFO - DAG(s) 'A_dag_with_taskflow_api_v01' retrieved from /opt/airflow/dags/dag_with_taskflow_api.py
[2025-03-12T15:54:40.561+0000] {logging_mixin.py:190} INFO - [2025-03-12T15:54:40.561+0000] {dag.py:3239} INFO - Sync 1 DAGs
[2025-03-12T15:54:40.581+0000] {logging_mixin.py:190} INFO - [2025-03-12T15:54:40.581+0000] {dag.py:4180} INFO - Setting next_dagrun for A_dag_with_taskflow_api_v01 to 2025-03-07 00:00:00+00:00, run_after=2025-03-08 00:00:00+00:00
[2025-03-12T15:54:40.598+0000] {processor.py:208} INFO - Processing /opt/airflow/dags/dag_with_taskflow_api.py took 0.088 seconds
[2025-03-12T15:55:14.567+0000] {processor.py:186} INFO - Started process (PID=651) to work on /opt/airflow/dags/dag_with_taskflow_api.py
[2025-03-12T15:55:14.568+0000] {processor.py:914} INFO - Processing file /opt/airflow/dags/dag_with_taskflow_api.py for tasks to queue
[2025-03-12T15:55:14.570+0000] {logging_mixin.py:190} INFO - [2025-03-12T15:55:14.570+0000] {dagbag.py:588} INFO - Filling up the DagBag from /opt/airflow/dags/dag_with_taskflow_api.py
[2025-03-12T15:55:14.589+0000] {processor.py:925} INFO - DAG(s) 'A_dag_with_taskflow_api_v01' retrieved from /opt/airflow/dags/dag_with_taskflow_api.py
[2025-03-12T15:55:14.609+0000] {logging_mixin.py:190} INFO - [2025-03-12T15:55:14.609+0000] {dag.py:3239} INFO - Sync 1 DAGs
[2025-03-12T15:55:14.626+0000] {logging_mixin.py:190} INFO - [2025-03-12T15:55:14.626+0000] {dag.py:4180} INFO - Setting next_dagrun for A_dag_with_taskflow_api_v01 to 2025-03-07 00:00:00+00:00, run_after=2025-03-08 00:00:00+00:00
[2025-03-12T15:55:14.641+0000] {processor.py:208} INFO - Processing /opt/airflow/dags/dag_with_taskflow_api.py took 0.078 seconds
[2025-03-12T15:55:47.564+0000] {processor.py:186} INFO - Started process (PID=677) to work on /opt/airflow/dags/dag_with_taskflow_api.py
[2025-03-12T15:55:47.565+0000] {processor.py:914} INFO - Processing file /opt/airflow/dags/dag_with_taskflow_api.py for tasks to queue
[2025-03-12T15:55:47.567+0000] {logging_mixin.py:190} INFO - [2025-03-12T15:55:47.567+0000] {dagbag.py:588} INFO - Filling up the DagBag from /opt/airflow/dags/dag_with_taskflow_api.py
[2025-03-12T15:55:47.591+0000] {processor.py:925} INFO - DAG(s) 'A_dag_with_taskflow_api_v01' retrieved from /opt/airflow/dags/dag_with_taskflow_api.py
[2025-03-12T15:55:47.614+0000] {logging_mixin.py:190} INFO - [2025-03-12T15:55:47.613+0000] {dag.py:3239} INFO - Sync 1 DAGs
[2025-03-12T15:55:47.635+0000] {logging_mixin.py:190} INFO - [2025-03-12T15:55:47.634+0000] {dag.py:4180} INFO - Setting next_dagrun for A_dag_with_taskflow_api_v01 to 2025-03-07 00:00:00+00:00, run_after=2025-03-08 00:00:00+00:00
[2025-03-12T15:55:47.652+0000] {processor.py:208} INFO - Processing /opt/airflow/dags/dag_with_taskflow_api.py took 0.092 seconds
[2025-03-12T15:56:20.651+0000] {processor.py:186} INFO - Started process (PID=703) to work on /opt/airflow/dags/dag_with_taskflow_api.py
[2025-03-12T15:56:20.652+0000] {processor.py:914} INFO - Processing file /opt/airflow/dags/dag_with_taskflow_api.py for tasks to queue
[2025-03-12T15:56:20.655+0000] {logging_mixin.py:190} INFO - [2025-03-12T15:56:20.655+0000] {dagbag.py:588} INFO - Filling up the DagBag from /opt/airflow/dags/dag_with_taskflow_api.py
[2025-03-12T15:56:20.676+0000] {processor.py:925} INFO - DAG(s) 'A_dag_with_taskflow_api_v01' retrieved from /opt/airflow/dags/dag_with_taskflow_api.py
[2025-03-12T15:56:20.700+0000] {logging_mixin.py:190} INFO - [2025-03-12T15:56:20.699+0000] {dag.py:3239} INFO - Sync 1 DAGs
[2025-03-12T15:56:20.718+0000] {logging_mixin.py:190} INFO - [2025-03-12T15:56:20.718+0000] {dag.py:4180} INFO - Setting next_dagrun for A_dag_with_taskflow_api_v01 to 2025-03-07 00:00:00+00:00, run_after=2025-03-08 00:00:00+00:00
[2025-03-12T15:56:20.736+0000] {processor.py:208} INFO - Processing /opt/airflow/dags/dag_with_taskflow_api.py took 0.090 seconds
[2025-03-12T15:56:53.718+0000] {processor.py:186} INFO - Started process (PID=729) to work on /opt/airflow/dags/dag_with_taskflow_api.py
[2025-03-12T15:56:53.719+0000] {processor.py:914} INFO - Processing file /opt/airflow/dags/dag_with_taskflow_api.py for tasks to queue
[2025-03-12T15:56:53.721+0000] {logging_mixin.py:190} INFO - [2025-03-12T15:56:53.721+0000] {dagbag.py:588} INFO - Filling up the DagBag from /opt/airflow/dags/dag_with_taskflow_api.py
[2025-03-12T15:56:53.740+0000] {processor.py:925} INFO - DAG(s) 'A_dag_with_taskflow_api_v01' retrieved from /opt/airflow/dags/dag_with_taskflow_api.py
[2025-03-12T15:56:53.762+0000] {logging_mixin.py:190} INFO - [2025-03-12T15:56:53.762+0000] {dag.py:3239} INFO - Sync 1 DAGs
[2025-03-12T15:56:53.784+0000] {logging_mixin.py:190} INFO - [2025-03-12T15:56:53.783+0000] {dag.py:4180} INFO - Setting next_dagrun for A_dag_with_taskflow_api_v01 to 2025-03-07 00:00:00+00:00, run_after=2025-03-08 00:00:00+00:00
[2025-03-12T15:56:53.800+0000] {processor.py:208} INFO - Processing /opt/airflow/dags/dag_with_taskflow_api.py took 0.087 seconds
[2025-03-12T15:57:27.855+0000] {processor.py:186} INFO - Started process (PID=756) to work on /opt/airflow/dags/dag_with_taskflow_api.py
[2025-03-12T15:57:27.856+0000] {processor.py:914} INFO - Processing file /opt/airflow/dags/dag_with_taskflow_api.py for tasks to queue
[2025-03-12T15:57:27.858+0000] {logging_mixin.py:190} INFO - [2025-03-12T15:57:27.858+0000] {dagbag.py:588} INFO - Filling up the DagBag from /opt/airflow/dags/dag_with_taskflow_api.py
[2025-03-12T15:57:27.880+0000] {processor.py:925} INFO - DAG(s) 'A_dag_with_taskflow_api_v01' retrieved from /opt/airflow/dags/dag_with_taskflow_api.py
[2025-03-12T15:57:27.901+0000] {logging_mixin.py:190} INFO - [2025-03-12T15:57:27.901+0000] {dag.py:3239} INFO - Sync 1 DAGs
[2025-03-12T15:57:27.918+0000] {logging_mixin.py:190} INFO - [2025-03-12T15:57:27.917+0000] {dag.py:4180} INFO - Setting next_dagrun for A_dag_with_taskflow_api_v01 to 2025-03-07 00:00:00+00:00, run_after=2025-03-08 00:00:00+00:00
[2025-03-12T15:57:27.935+0000] {processor.py:208} INFO - Processing /opt/airflow/dags/dag_with_taskflow_api.py took 0.084 seconds
