[2025-03-12T13:44:54.790+0000] {processor.py:186} INFO - Started process (PID=188) to work on /opt/airflow/dags/our_first_dag.py
[2025-03-12T13:44:54.793+0000] {processor.py:914} INFO - Processing file /opt/airflow/dags/our_first_dag.py for tasks to queue
[2025-03-12T13:44:54.795+0000] {logging_mixin.py:190} INFO - [2025-03-12T13:44:54.795+0000] {dagbag.py:588} INFO - Filling up the DagBag from /opt/airflow/dags/our_first_dag.py
[2025-03-12T13:44:54.819+0000] {processor.py:925} INFO - DAG(s) 'our_first_dag' retrieved from /opt/airflow/dags/our_first_dag.py
[2025-03-12T13:44:55.095+0000] {logging_mixin.py:190} INFO - [2025-03-12T13:44:55.094+0000] {override.py:1912} INFO - Created Permission View: can edit on DAG:our_first_dag
[2025-03-12T13:44:55.110+0000] {logging_mixin.py:190} INFO - [2025-03-12T13:44:55.109+0000] {override.py:1912} INFO - Created Permission View: can delete on DAG:our_first_dag
[2025-03-12T13:44:55.166+0000] {logging_mixin.py:190} INFO - [2025-03-12T13:44:55.165+0000] {override.py:1912} INFO - Created Permission View: can read on DAG:our_first_dag
[2025-03-12T13:44:55.221+0000] {logging_mixin.py:190} INFO - [2025-03-12T13:44:55.220+0000] {override.py:1912} INFO - Created Permission View: can delete on DAG Run:our_first_dag
[2025-03-12T13:44:55.229+0000] {logging_mixin.py:190} INFO - [2025-03-12T13:44:55.229+0000] {override.py:1912} INFO - Created Permission View: menu access on DAG Run:our_first_dag
[2025-03-12T13:44:55.248+0000] {logging_mixin.py:190} INFO - [2025-03-12T13:44:55.247+0000] {override.py:1912} INFO - Created Permission View: can create on DAG Run:our_first_dag
[2025-03-12T13:44:55.261+0000] {logging_mixin.py:190} INFO - [2025-03-12T13:44:55.260+0000] {override.py:1912} INFO - Created Permission View: can read on DAG Run:our_first_dag
[2025-03-12T13:44:55.262+0000] {logging_mixin.py:190} INFO - [2025-03-12T13:44:55.261+0000] {dag.py:3239} INFO - Sync 1 DAGs
[2025-03-12T13:44:55.278+0000] {logging_mixin.py:190} INFO - [2025-03-12T13:44:55.278+0000] {dag.py:3262} INFO - Creating ORM DAG for our_first_dag
[2025-03-12T13:44:55.291+0000] {logging_mixin.py:190} INFO - [2025-03-12T13:44:55.291+0000] {dag.py:4180} INFO - Setting next_dagrun for our_first_dag to 2025-03-07 00:00:00+00:00, run_after=2025-03-08 00:00:00+00:00
[2025-03-12T13:44:55.312+0000] {processor.py:208} INFO - Processing /opt/airflow/dags/our_first_dag.py took 0.528 seconds
[2025-03-12T13:45:26.210+0000] {processor.py:186} INFO - Started process (PID=494) to work on /opt/airflow/dags/our_first_dag.py
[2025-03-12T13:45:26.212+0000] {processor.py:914} INFO - Processing file /opt/airflow/dags/our_first_dag.py for tasks to queue
[2025-03-12T13:45:26.214+0000] {logging_mixin.py:190} INFO - [2025-03-12T13:45:26.213+0000] {dagbag.py:588} INFO - Filling up the DagBag from /opt/airflow/dags/our_first_dag.py
[2025-03-12T13:45:26.227+0000] {processor.py:925} INFO - DAG(s) 'our_first_dag' retrieved from /opt/airflow/dags/our_first_dag.py
[2025-03-12T13:45:26.244+0000] {logging_mixin.py:190} INFO - [2025-03-12T13:45:26.244+0000] {dag.py:3239} INFO - Sync 1 DAGs
[2025-03-12T13:45:26.263+0000] {logging_mixin.py:190} INFO - [2025-03-12T13:45:26.263+0000] {dag.py:4180} INFO - Setting next_dagrun for our_first_dag to 2025-03-07 00:00:00+00:00, run_after=2025-03-08 00:00:00+00:00
[2025-03-12T13:45:26.280+0000] {processor.py:208} INFO - Processing /opt/airflow/dags/our_first_dag.py took 0.075 seconds
[2025-03-12T13:45:56.900+0000] {processor.py:186} INFO - Started process (PID=800) to work on /opt/airflow/dags/our_first_dag.py
[2025-03-12T13:45:56.901+0000] {processor.py:914} INFO - Processing file /opt/airflow/dags/our_first_dag.py for tasks to queue
[2025-03-12T13:45:56.903+0000] {logging_mixin.py:190} INFO - [2025-03-12T13:45:56.902+0000] {dagbag.py:588} INFO - Filling up the DagBag from /opt/airflow/dags/our_first_dag.py
[2025-03-12T13:45:56.918+0000] {processor.py:925} INFO - DAG(s) 'our_first_dag' retrieved from /opt/airflow/dags/our_first_dag.py
[2025-03-12T13:45:56.933+0000] {logging_mixin.py:190} INFO - [2025-03-12T13:45:56.932+0000] {dag.py:3239} INFO - Sync 1 DAGs
[2025-03-12T13:45:56.949+0000] {logging_mixin.py:190} INFO - [2025-03-12T13:45:56.949+0000] {dag.py:4180} INFO - Setting next_dagrun for our_first_dag to 2025-03-07 00:00:00+00:00, run_after=2025-03-08 00:00:00+00:00
[2025-03-12T13:45:56.966+0000] {processor.py:208} INFO - Processing /opt/airflow/dags/our_first_dag.py took 0.071 seconds
[2025-03-12T13:47:00.783+0000] {processor.py:186} INFO - Started process (PID=175) to work on /opt/airflow/dags/our_first_dag.py
[2025-03-12T13:47:00.784+0000] {processor.py:914} INFO - Processing file /opt/airflow/dags/our_first_dag.py for tasks to queue
[2025-03-12T13:47:00.787+0000] {logging_mixin.py:190} INFO - [2025-03-12T13:47:00.786+0000] {dagbag.py:588} INFO - Filling up the DagBag from /opt/airflow/dags/our_first_dag.py
[2025-03-12T13:47:00.808+0000] {processor.py:925} INFO - DAG(s) 'our_first_dag' retrieved from /opt/airflow/dags/our_first_dag.py
[2025-03-12T13:47:00.847+0000] {logging_mixin.py:190} INFO - [2025-03-12T13:47:00.847+0000] {dag.py:3239} INFO - Sync 1 DAGs
[2025-03-12T13:47:00.874+0000] {logging_mixin.py:190} INFO - [2025-03-12T13:47:00.874+0000] {dag.py:4180} INFO - Setting next_dagrun for our_first_dag to 2025-03-07 00:00:00+00:00, run_after=2025-03-08 00:00:00+00:00
[2025-03-12T13:47:00.894+0000] {processor.py:208} INFO - Processing /opt/airflow/dags/our_first_dag.py took 0.119 seconds
[2025-03-12T13:47:31.095+0000] {processor.py:186} INFO - Started process (PID=481) to work on /opt/airflow/dags/our_first_dag.py
[2025-03-12T13:47:31.096+0000] {processor.py:914} INFO - Processing file /opt/airflow/dags/our_first_dag.py for tasks to queue
[2025-03-12T13:47:31.098+0000] {logging_mixin.py:190} INFO - [2025-03-12T13:47:31.098+0000] {dagbag.py:588} INFO - Filling up the DagBag from /opt/airflow/dags/our_first_dag.py
[2025-03-12T13:47:31.112+0000] {processor.py:925} INFO - DAG(s) 'our_first_dag' retrieved from /opt/airflow/dags/our_first_dag.py
[2025-03-12T13:47:31.126+0000] {logging_mixin.py:190} INFO - [2025-03-12T13:47:31.125+0000] {dag.py:3239} INFO - Sync 1 DAGs
[2025-03-12T13:47:31.143+0000] {logging_mixin.py:190} INFO - [2025-03-12T13:47:31.142+0000] {dag.py:4180} INFO - Setting next_dagrun for our_first_dag to 2025-03-07 00:00:00+00:00, run_after=2025-03-08 00:00:00+00:00
[2025-03-12T13:47:31.160+0000] {processor.py:208} INFO - Processing /opt/airflow/dags/our_first_dag.py took 0.070 seconds
[2025-03-12T13:48:01.326+0000] {processor.py:186} INFO - Started process (PID=787) to work on /opt/airflow/dags/our_first_dag.py
[2025-03-12T13:48:01.326+0000] {processor.py:914} INFO - Processing file /opt/airflow/dags/our_first_dag.py for tasks to queue
[2025-03-12T13:48:01.328+0000] {logging_mixin.py:190} INFO - [2025-03-12T13:48:01.328+0000] {dagbag.py:588} INFO - Filling up the DagBag from /opt/airflow/dags/our_first_dag.py
[2025-03-12T13:48:01.344+0000] {processor.py:925} INFO - DAG(s) 'our_first_dag' retrieved from /opt/airflow/dags/our_first_dag.py
[2025-03-12T13:48:01.359+0000] {logging_mixin.py:190} INFO - [2025-03-12T13:48:01.359+0000] {dag.py:3239} INFO - Sync 1 DAGs
[2025-03-12T13:48:01.378+0000] {logging_mixin.py:190} INFO - [2025-03-12T13:48:01.378+0000] {dag.py:4180} INFO - Setting next_dagrun for our_first_dag to 2025-03-07 00:00:00+00:00, run_after=2025-03-08 00:00:00+00:00
[2025-03-12T13:48:01.396+0000] {processor.py:208} INFO - Processing /opt/airflow/dags/our_first_dag.py took 0.076 seconds
[2025-03-12T13:48:31.662+0000] {processor.py:186} INFO - Started process (PID=1093) to work on /opt/airflow/dags/our_first_dag.py
[2025-03-12T13:48:31.663+0000] {processor.py:914} INFO - Processing file /opt/airflow/dags/our_first_dag.py for tasks to queue
[2025-03-12T13:48:31.665+0000] {logging_mixin.py:190} INFO - [2025-03-12T13:48:31.665+0000] {dagbag.py:588} INFO - Filling up the DagBag from /opt/airflow/dags/our_first_dag.py
[2025-03-12T13:48:31.678+0000] {processor.py:925} INFO - DAG(s) 'our_first_dag' retrieved from /opt/airflow/dags/our_first_dag.py
[2025-03-12T13:48:31.692+0000] {logging_mixin.py:190} INFO - [2025-03-12T13:48:31.692+0000] {dag.py:3239} INFO - Sync 1 DAGs
[2025-03-12T13:48:31.710+0000] {logging_mixin.py:190} INFO - [2025-03-12T13:48:31.710+0000] {dag.py:4180} INFO - Setting next_dagrun for our_first_dag to 2025-03-07 00:00:00+00:00, run_after=2025-03-08 00:00:00+00:00
[2025-03-12T13:48:31.727+0000] {processor.py:208} INFO - Processing /opt/airflow/dags/our_first_dag.py took 0.069 seconds
[2025-03-12T13:49:02.322+0000] {processor.py:186} INFO - Started process (PID=1400) to work on /opt/airflow/dags/our_first_dag.py
[2025-03-12T13:49:02.323+0000] {processor.py:914} INFO - Processing file /opt/airflow/dags/our_first_dag.py for tasks to queue
[2025-03-12T13:49:02.325+0000] {logging_mixin.py:190} INFO - [2025-03-12T13:49:02.325+0000] {dagbag.py:588} INFO - Filling up the DagBag from /opt/airflow/dags/our_first_dag.py
[2025-03-12T13:49:02.337+0000] {processor.py:925} INFO - DAG(s) 'our_first_dag' retrieved from /opt/airflow/dags/our_first_dag.py
[2025-03-12T13:49:02.352+0000] {logging_mixin.py:190} INFO - [2025-03-12T13:49:02.351+0000] {dag.py:3239} INFO - Sync 1 DAGs
[2025-03-12T13:49:02.369+0000] {logging_mixin.py:190} INFO - [2025-03-12T13:49:02.369+0000] {dag.py:4180} INFO - Setting next_dagrun for our_first_dag to 2025-03-07 00:00:00+00:00, run_after=2025-03-08 00:00:00+00:00
[2025-03-12T13:49:02.388+0000] {processor.py:208} INFO - Processing /opt/airflow/dags/our_first_dag.py took 0.070 seconds
[2025-03-12T13:49:33.161+0000] {processor.py:186} INFO - Started process (PID=1706) to work on /opt/airflow/dags/our_first_dag.py
[2025-03-12T13:49:33.162+0000] {processor.py:914} INFO - Processing file /opt/airflow/dags/our_first_dag.py for tasks to queue
[2025-03-12T13:49:33.164+0000] {logging_mixin.py:190} INFO - [2025-03-12T13:49:33.164+0000] {dagbag.py:588} INFO - Filling up the DagBag from /opt/airflow/dags/our_first_dag.py
[2025-03-12T13:49:33.176+0000] {processor.py:925} INFO - DAG(s) 'our_first_dag' retrieved from /opt/airflow/dags/our_first_dag.py
[2025-03-12T13:49:33.190+0000] {logging_mixin.py:190} INFO - [2025-03-12T13:49:33.190+0000] {dag.py:3239} INFO - Sync 1 DAGs
[2025-03-12T13:49:33.208+0000] {logging_mixin.py:190} INFO - [2025-03-12T13:49:33.207+0000] {dag.py:4180} INFO - Setting next_dagrun for our_first_dag to 2025-03-07 00:00:00+00:00, run_after=2025-03-08 00:00:00+00:00
[2025-03-12T13:49:33.224+0000] {processor.py:208} INFO - Processing /opt/airflow/dags/our_first_dag.py took 0.067 seconds
[2025-03-12T13:50:05.985+0000] {processor.py:186} INFO - Started process (PID=2012) to work on /opt/airflow/dags/our_first_dag.py
[2025-03-12T13:50:05.986+0000] {processor.py:914} INFO - Processing file /opt/airflow/dags/our_first_dag.py for tasks to queue
[2025-03-12T13:50:05.988+0000] {logging_mixin.py:190} INFO - [2025-03-12T13:50:05.988+0000] {dagbag.py:588} INFO - Filling up the DagBag from /opt/airflow/dags/our_first_dag.py
[2025-03-12T13:50:06.002+0000] {processor.py:925} INFO - DAG(s) 'our_first_dag' retrieved from /opt/airflow/dags/our_first_dag.py
[2025-03-12T13:50:06.018+0000] {logging_mixin.py:190} INFO - [2025-03-12T13:50:06.018+0000] {dag.py:3239} INFO - Sync 1 DAGs
[2025-03-12T13:50:06.037+0000] {logging_mixin.py:190} INFO - [2025-03-12T13:50:06.037+0000] {dag.py:4180} INFO - Setting next_dagrun for our_first_dag to 2025-03-07 00:00:00+00:00, run_after=2025-03-08 00:00:00+00:00
[2025-03-12T13:50:06.055+0000] {processor.py:208} INFO - Processing /opt/airflow/dags/our_first_dag.py took 0.074 seconds
[2025-03-12T13:50:40.065+0000] {processor.py:186} INFO - Started process (PID=2319) to work on /opt/airflow/dags/our_first_dag.py
[2025-03-12T13:50:40.066+0000] {processor.py:914} INFO - Processing file /opt/airflow/dags/our_first_dag.py for tasks to queue
[2025-03-12T13:50:40.068+0000] {logging_mixin.py:190} INFO - [2025-03-12T13:50:40.068+0000] {dagbag.py:588} INFO - Filling up the DagBag from /opt/airflow/dags/our_first_dag.py
[2025-03-12T13:50:40.088+0000] {processor.py:925} INFO - DAG(s) 'our_first_dag' retrieved from /opt/airflow/dags/our_first_dag.py
[2025-03-12T13:50:40.110+0000] {logging_mixin.py:190} INFO - [2025-03-12T13:50:40.110+0000] {dag.py:3239} INFO - Sync 1 DAGs
[2025-03-12T13:50:40.134+0000] {logging_mixin.py:190} INFO - [2025-03-12T13:50:40.134+0000] {dag.py:4180} INFO - Setting next_dagrun for our_first_dag to 2025-03-07 00:00:00+00:00, run_after=2025-03-08 00:00:00+00:00
[2025-03-12T13:50:40.153+0000] {processor.py:208} INFO - Processing /opt/airflow/dags/our_first_dag.py took 0.095 seconds
[2025-03-12T13:51:13.096+0000] {processor.py:186} INFO - Started process (PID=2625) to work on /opt/airflow/dags/our_first_dag.py
[2025-03-12T13:51:13.097+0000] {processor.py:914} INFO - Processing file /opt/airflow/dags/our_first_dag.py for tasks to queue
[2025-03-12T13:51:13.098+0000] {logging_mixin.py:190} INFO - [2025-03-12T13:51:13.098+0000] {dagbag.py:588} INFO - Filling up the DagBag from /opt/airflow/dags/our_first_dag.py
[2025-03-12T13:51:13.113+0000] {processor.py:925} INFO - DAG(s) 'our_first_dag' retrieved from /opt/airflow/dags/our_first_dag.py
[2025-03-12T13:51:13.129+0000] {logging_mixin.py:190} INFO - [2025-03-12T13:51:13.129+0000] {dag.py:3239} INFO - Sync 1 DAGs
[2025-03-12T13:51:13.148+0000] {logging_mixin.py:190} INFO - [2025-03-12T13:51:13.148+0000] {dag.py:4180} INFO - Setting next_dagrun for our_first_dag to 2025-03-07 00:00:00+00:00, run_after=2025-03-08 00:00:00+00:00
[2025-03-12T13:51:13.163+0000] {processor.py:208} INFO - Processing /opt/airflow/dags/our_first_dag.py took 0.073 seconds
[2025-03-12T13:51:45.818+0000] {processor.py:186} INFO - Started process (PID=2931) to work on /opt/airflow/dags/our_first_dag.py
[2025-03-12T13:51:45.820+0000] {processor.py:914} INFO - Processing file /opt/airflow/dags/our_first_dag.py for tasks to queue
[2025-03-12T13:51:45.821+0000] {logging_mixin.py:190} INFO - [2025-03-12T13:51:45.821+0000] {dagbag.py:588} INFO - Filling up the DagBag from /opt/airflow/dags/our_first_dag.py
[2025-03-12T13:51:45.836+0000] {processor.py:925} INFO - DAG(s) 'our_first_dag' retrieved from /opt/airflow/dags/our_first_dag.py
[2025-03-12T13:51:45.852+0000] {logging_mixin.py:190} INFO - [2025-03-12T13:51:45.852+0000] {dag.py:3239} INFO - Sync 1 DAGs
[2025-03-12T13:51:45.871+0000] {logging_mixin.py:190} INFO - [2025-03-12T13:51:45.870+0000] {dag.py:4180} INFO - Setting next_dagrun for our_first_dag to 2025-03-07 00:00:00+00:00, run_after=2025-03-08 00:00:00+00:00
[2025-03-12T13:51:45.886+0000] {processor.py:208} INFO - Processing /opt/airflow/dags/our_first_dag.py took 0.073 seconds
[2025-03-12T13:52:19.796+0000] {processor.py:186} INFO - Started process (PID=3237) to work on /opt/airflow/dags/our_first_dag.py
[2025-03-12T13:52:19.797+0000] {processor.py:914} INFO - Processing file /opt/airflow/dags/our_first_dag.py for tasks to queue
[2025-03-12T13:52:19.798+0000] {logging_mixin.py:190} INFO - [2025-03-12T13:52:19.798+0000] {dagbag.py:588} INFO - Filling up the DagBag from /opt/airflow/dags/our_first_dag.py
[2025-03-12T13:52:19.810+0000] {processor.py:925} INFO - DAG(s) 'our_first_dag' retrieved from /opt/airflow/dags/our_first_dag.py
[2025-03-12T13:52:19.825+0000] {logging_mixin.py:190} INFO - [2025-03-12T13:52:19.825+0000] {dag.py:3239} INFO - Sync 1 DAGs
[2025-03-12T13:52:19.844+0000] {logging_mixin.py:190} INFO - [2025-03-12T13:52:19.844+0000] {dag.py:4180} INFO - Setting next_dagrun for our_first_dag to 2025-03-07 00:00:00+00:00, run_after=2025-03-08 00:00:00+00:00
[2025-03-12T13:52:19.867+0000] {processor.py:208} INFO - Processing /opt/airflow/dags/our_first_dag.py took 0.076 seconds
[2025-03-12T13:52:53.284+0000] {processor.py:186} INFO - Started process (PID=3543) to work on /opt/airflow/dags/our_first_dag.py
[2025-03-12T13:52:53.285+0000] {processor.py:914} INFO - Processing file /opt/airflow/dags/our_first_dag.py for tasks to queue
[2025-03-12T13:52:53.288+0000] {logging_mixin.py:190} INFO - [2025-03-12T13:52:53.288+0000] {dagbag.py:588} INFO - Filling up the DagBag from /opt/airflow/dags/our_first_dag.py
[2025-03-12T13:52:53.307+0000] {processor.py:925} INFO - DAG(s) 'our_first_dag' retrieved from /opt/airflow/dags/our_first_dag.py
[2025-03-12T13:52:53.338+0000] {logging_mixin.py:190} INFO - [2025-03-12T13:52:53.338+0000] {dag.py:3239} INFO - Sync 1 DAGs
[2025-03-12T13:52:53.372+0000] {logging_mixin.py:190} INFO - [2025-03-12T13:52:53.371+0000] {dag.py:4180} INFO - Setting next_dagrun for our_first_dag to 2025-03-07 00:00:00+00:00, run_after=2025-03-08 00:00:00+00:00
[2025-03-12T13:52:53.395+0000] {processor.py:208} INFO - Processing /opt/airflow/dags/our_first_dag.py took 0.121 seconds
[2025-03-12T13:53:25.818+0000] {processor.py:186} INFO - Started process (PID=3849) to work on /opt/airflow/dags/our_first_dag.py
[2025-03-12T13:53:25.820+0000] {processor.py:914} INFO - Processing file /opt/airflow/dags/our_first_dag.py for tasks to queue
[2025-03-12T13:53:25.822+0000] {logging_mixin.py:190} INFO - [2025-03-12T13:53:25.822+0000] {dagbag.py:588} INFO - Filling up the DagBag from /opt/airflow/dags/our_first_dag.py
[2025-03-12T13:53:25.839+0000] {processor.py:925} INFO - DAG(s) 'our_first_dag' retrieved from /opt/airflow/dags/our_first_dag.py
[2025-03-12T13:53:25.857+0000] {logging_mixin.py:190} INFO - [2025-03-12T13:53:25.857+0000] {dag.py:3239} INFO - Sync 1 DAGs
[2025-03-12T13:53:25.877+0000] {logging_mixin.py:190} INFO - [2025-03-12T13:53:25.877+0000] {dag.py:4180} INFO - Setting next_dagrun for our_first_dag to 2025-03-07 00:00:00+00:00, run_after=2025-03-08 00:00:00+00:00
[2025-03-12T13:53:25.892+0000] {processor.py:208} INFO - Processing /opt/airflow/dags/our_first_dag.py took 0.079 seconds
[2025-03-12T13:53:59.428+0000] {processor.py:186} INFO - Started process (PID=4155) to work on /opt/airflow/dags/our_first_dag.py
[2025-03-12T13:53:59.428+0000] {processor.py:914} INFO - Processing file /opt/airflow/dags/our_first_dag.py for tasks to queue
[2025-03-12T13:53:59.431+0000] {logging_mixin.py:190} INFO - [2025-03-12T13:53:59.431+0000] {dagbag.py:588} INFO - Filling up the DagBag from /opt/airflow/dags/our_first_dag.py
[2025-03-12T13:53:59.446+0000] {processor.py:925} INFO - DAG(s) 'our_first_dag' retrieved from /opt/airflow/dags/our_first_dag.py
[2025-03-12T13:53:59.461+0000] {logging_mixin.py:190} INFO - [2025-03-12T13:53:59.461+0000] {dag.py:3239} INFO - Sync 1 DAGs
[2025-03-12T13:53:59.480+0000] {logging_mixin.py:190} INFO - [2025-03-12T13:53:59.479+0000] {dag.py:4180} INFO - Setting next_dagrun for our_first_dag to 2025-03-07 00:00:00+00:00, run_after=2025-03-08 00:00:00+00:00
[2025-03-12T13:53:59.499+0000] {processor.py:208} INFO - Processing /opt/airflow/dags/our_first_dag.py took 0.076 seconds
[2025-03-12T13:54:32.657+0000] {processor.py:186} INFO - Started process (PID=4461) to work on /opt/airflow/dags/our_first_dag.py
[2025-03-12T13:54:32.659+0000] {processor.py:914} INFO - Processing file /opt/airflow/dags/our_first_dag.py for tasks to queue
[2025-03-12T13:54:32.660+0000] {logging_mixin.py:190} INFO - [2025-03-12T13:54:32.660+0000] {dagbag.py:588} INFO - Filling up the DagBag from /opt/airflow/dags/our_first_dag.py
[2025-03-12T13:54:32.677+0000] {processor.py:925} INFO - DAG(s) 'our_first_dag' retrieved from /opt/airflow/dags/our_first_dag.py
[2025-03-12T13:54:32.694+0000] {logging_mixin.py:190} INFO - [2025-03-12T13:54:32.694+0000] {dag.py:3239} INFO - Sync 1 DAGs
[2025-03-12T13:54:32.717+0000] {logging_mixin.py:190} INFO - [2025-03-12T13:54:32.717+0000] {dag.py:4180} INFO - Setting next_dagrun for our_first_dag to 2025-03-07 00:00:00+00:00, run_after=2025-03-08 00:00:00+00:00
[2025-03-12T13:54:32.733+0000] {processor.py:208} INFO - Processing /opt/airflow/dags/our_first_dag.py took 0.080 seconds
[2025-03-12T13:55:06.753+0000] {processor.py:186} INFO - Started process (PID=4767) to work on /opt/airflow/dags/our_first_dag.py
[2025-03-12T13:55:06.754+0000] {processor.py:914} INFO - Processing file /opt/airflow/dags/our_first_dag.py for tasks to queue
[2025-03-12T13:55:06.756+0000] {logging_mixin.py:190} INFO - [2025-03-12T13:55:06.756+0000] {dagbag.py:588} INFO - Filling up the DagBag from /opt/airflow/dags/our_first_dag.py
[2025-03-12T13:55:06.775+0000] {processor.py:925} INFO - DAG(s) 'our_first_dag' retrieved from /opt/airflow/dags/our_first_dag.py
[2025-03-12T13:55:06.794+0000] {logging_mixin.py:190} INFO - [2025-03-12T13:55:06.793+0000] {dag.py:3239} INFO - Sync 1 DAGs
[2025-03-12T13:55:06.816+0000] {logging_mixin.py:190} INFO - [2025-03-12T13:55:06.815+0000] {dag.py:4180} INFO - Setting next_dagrun for our_first_dag to 2025-03-07 00:00:00+00:00, run_after=2025-03-08 00:00:00+00:00
[2025-03-12T13:55:06.833+0000] {processor.py:208} INFO - Processing /opt/airflow/dags/our_first_dag.py took 0.087 seconds
[2025-03-12T13:55:39.241+0000] {processor.py:186} INFO - Started process (PID=5073) to work on /opt/airflow/dags/our_first_dag.py
[2025-03-12T13:55:39.241+0000] {processor.py:914} INFO - Processing file /opt/airflow/dags/our_first_dag.py for tasks to queue
[2025-03-12T13:55:39.243+0000] {logging_mixin.py:190} INFO - [2025-03-12T13:55:39.243+0000] {dagbag.py:588} INFO - Filling up the DagBag from /opt/airflow/dags/our_first_dag.py
[2025-03-12T13:55:39.261+0000] {processor.py:925} INFO - DAG(s) 'our_first_dag' retrieved from /opt/airflow/dags/our_first_dag.py
[2025-03-12T13:55:39.278+0000] {logging_mixin.py:190} INFO - [2025-03-12T13:55:39.278+0000] {dag.py:3239} INFO - Sync 1 DAGs
[2025-03-12T13:55:39.297+0000] {logging_mixin.py:190} INFO - [2025-03-12T13:55:39.297+0000] {dag.py:4180} INFO - Setting next_dagrun for our_first_dag to 2025-03-07 00:00:00+00:00, run_after=2025-03-08 00:00:00+00:00
[2025-03-12T13:55:39.315+0000] {processor.py:208} INFO - Processing /opt/airflow/dags/our_first_dag.py took 0.079 seconds
[2025-03-12T13:56:13.043+0000] {processor.py:186} INFO - Started process (PID=5379) to work on /opt/airflow/dags/our_first_dag.py
[2025-03-12T13:56:13.044+0000] {processor.py:914} INFO - Processing file /opt/airflow/dags/our_first_dag.py for tasks to queue
[2025-03-12T13:56:13.045+0000] {logging_mixin.py:190} INFO - [2025-03-12T13:56:13.045+0000] {dagbag.py:588} INFO - Filling up the DagBag from /opt/airflow/dags/our_first_dag.py
[2025-03-12T13:56:13.060+0000] {processor.py:925} INFO - DAG(s) 'our_first_dag' retrieved from /opt/airflow/dags/our_first_dag.py
[2025-03-12T13:56:13.076+0000] {logging_mixin.py:190} INFO - [2025-03-12T13:56:13.076+0000] {dag.py:3239} INFO - Sync 1 DAGs
[2025-03-12T13:56:13.098+0000] {logging_mixin.py:190} INFO - [2025-03-12T13:56:13.098+0000] {dag.py:4180} INFO - Setting next_dagrun for our_first_dag to 2025-03-07 00:00:00+00:00, run_after=2025-03-08 00:00:00+00:00
[2025-03-12T13:56:13.112+0000] {processor.py:208} INFO - Processing /opt/airflow/dags/our_first_dag.py took 0.074 seconds
[2025-03-12T13:56:46.287+0000] {processor.py:186} INFO - Started process (PID=5685) to work on /opt/airflow/dags/our_first_dag.py
[2025-03-12T13:56:46.288+0000] {processor.py:914} INFO - Processing file /opt/airflow/dags/our_first_dag.py for tasks to queue
[2025-03-12T13:56:46.290+0000] {logging_mixin.py:190} INFO - [2025-03-12T13:56:46.290+0000] {dagbag.py:588} INFO - Filling up the DagBag from /opt/airflow/dags/our_first_dag.py
[2025-03-12T13:56:46.304+0000] {processor.py:925} INFO - DAG(s) 'our_first_dag' retrieved from /opt/airflow/dags/our_first_dag.py
[2025-03-12T13:56:46.319+0000] {logging_mixin.py:190} INFO - [2025-03-12T13:56:46.319+0000] {dag.py:3239} INFO - Sync 1 DAGs
[2025-03-12T13:56:46.339+0000] {logging_mixin.py:190} INFO - [2025-03-12T13:56:46.338+0000] {dag.py:4180} INFO - Setting next_dagrun for our_first_dag to 2025-03-07 00:00:00+00:00, run_after=2025-03-08 00:00:00+00:00
[2025-03-12T13:56:46.356+0000] {processor.py:208} INFO - Processing /opt/airflow/dags/our_first_dag.py took 0.073 seconds
[2025-03-12T13:57:19.816+0000] {processor.py:186} INFO - Started process (PID=5991) to work on /opt/airflow/dags/our_first_dag.py
[2025-03-12T13:57:19.817+0000] {processor.py:914} INFO - Processing file /opt/airflow/dags/our_first_dag.py for tasks to queue
[2025-03-12T13:57:19.819+0000] {logging_mixin.py:190} INFO - [2025-03-12T13:57:19.819+0000] {dagbag.py:588} INFO - Filling up the DagBag from /opt/airflow/dags/our_first_dag.py
[2025-03-12T13:57:19.835+0000] {processor.py:925} INFO - DAG(s) 'our_first_dag' retrieved from /opt/airflow/dags/our_first_dag.py
[2025-03-12T13:57:19.851+0000] {logging_mixin.py:190} INFO - [2025-03-12T13:57:19.851+0000] {dag.py:3239} INFO - Sync 1 DAGs
[2025-03-12T13:57:19.870+0000] {logging_mixin.py:190} INFO - [2025-03-12T13:57:19.869+0000] {dag.py:4180} INFO - Setting next_dagrun for our_first_dag to 2025-03-07 00:00:00+00:00, run_after=2025-03-08 00:00:00+00:00
[2025-03-12T13:57:19.886+0000] {processor.py:208} INFO - Processing /opt/airflow/dags/our_first_dag.py took 0.075 seconds
[2025-03-12T13:57:53.451+0000] {processor.py:186} INFO - Started process (PID=6297) to work on /opt/airflow/dags/our_first_dag.py
[2025-03-12T13:57:53.451+0000] {processor.py:914} INFO - Processing file /opt/airflow/dags/our_first_dag.py for tasks to queue
[2025-03-12T13:57:53.453+0000] {logging_mixin.py:190} INFO - [2025-03-12T13:57:53.453+0000] {dagbag.py:588} INFO - Filling up the DagBag from /opt/airflow/dags/our_first_dag.py
[2025-03-12T13:57:53.464+0000] {processor.py:925} INFO - DAG(s) 'our_first_dag' retrieved from /opt/airflow/dags/our_first_dag.py
[2025-03-12T13:57:53.478+0000] {logging_mixin.py:190} INFO - [2025-03-12T13:57:53.478+0000] {dag.py:3239} INFO - Sync 1 DAGs
[2025-03-12T13:57:53.495+0000] {logging_mixin.py:190} INFO - [2025-03-12T13:57:53.495+0000] {dag.py:4180} INFO - Setting next_dagrun for our_first_dag to 2025-03-07 00:00:00+00:00, run_after=2025-03-08 00:00:00+00:00
[2025-03-12T13:57:53.509+0000] {processor.py:208} INFO - Processing /opt/airflow/dags/our_first_dag.py took 0.063 seconds
[2025-03-12T13:58:26.481+0000] {processor.py:186} INFO - Started process (PID=6603) to work on /opt/airflow/dags/our_first_dag.py
[2025-03-12T13:58:26.482+0000] {processor.py:914} INFO - Processing file /opt/airflow/dags/our_first_dag.py for tasks to queue
[2025-03-12T13:58:26.484+0000] {logging_mixin.py:190} INFO - [2025-03-12T13:58:26.484+0000] {dagbag.py:588} INFO - Filling up the DagBag from /opt/airflow/dags/our_first_dag.py
[2025-03-12T13:58:26.503+0000] {processor.py:925} INFO - DAG(s) 'our_first_dag' retrieved from /opt/airflow/dags/our_first_dag.py
[2025-03-12T13:58:26.519+0000] {logging_mixin.py:190} INFO - [2025-03-12T13:58:26.519+0000] {dag.py:3239} INFO - Sync 1 DAGs
[2025-03-12T13:58:26.537+0000] {logging_mixin.py:190} INFO - [2025-03-12T13:58:26.537+0000] {dag.py:4180} INFO - Setting next_dagrun for our_first_dag to 2025-03-07 00:00:00+00:00, run_after=2025-03-08 00:00:00+00:00
[2025-03-12T13:58:26.554+0000] {processor.py:208} INFO - Processing /opt/airflow/dags/our_first_dag.py took 0.077 seconds
[2025-03-12T13:58:59.790+0000] {processor.py:186} INFO - Started process (PID=6909) to work on /opt/airflow/dags/our_first_dag.py
[2025-03-12T13:58:59.791+0000] {processor.py:914} INFO - Processing file /opt/airflow/dags/our_first_dag.py for tasks to queue
[2025-03-12T13:58:59.792+0000] {logging_mixin.py:190} INFO - [2025-03-12T13:58:59.792+0000] {dagbag.py:588} INFO - Filling up the DagBag from /opt/airflow/dags/our_first_dag.py
[2025-03-12T13:58:59.805+0000] {processor.py:925} INFO - DAG(s) 'our_first_dag' retrieved from /opt/airflow/dags/our_first_dag.py
[2025-03-12T13:58:59.821+0000] {logging_mixin.py:190} INFO - [2025-03-12T13:58:59.821+0000] {dag.py:3239} INFO - Sync 1 DAGs
[2025-03-12T13:58:59.839+0000] {logging_mixin.py:190} INFO - [2025-03-12T13:58:59.839+0000] {dag.py:4180} INFO - Setting next_dagrun for our_first_dag to 2025-03-07 00:00:00+00:00, run_after=2025-03-08 00:00:00+00:00
[2025-03-12T13:58:59.855+0000] {processor.py:208} INFO - Processing /opt/airflow/dags/our_first_dag.py took 0.069 seconds
[2025-03-12T13:59:32.892+0000] {processor.py:186} INFO - Started process (PID=7215) to work on /opt/airflow/dags/our_first_dag.py
[2025-03-12T13:59:32.893+0000] {processor.py:914} INFO - Processing file /opt/airflow/dags/our_first_dag.py for tasks to queue
[2025-03-12T13:59:32.895+0000] {logging_mixin.py:190} INFO - [2025-03-12T13:59:32.895+0000] {dagbag.py:588} INFO - Filling up the DagBag from /opt/airflow/dags/our_first_dag.py
[2025-03-12T13:59:32.909+0000] {processor.py:925} INFO - DAG(s) 'our_first_dag' retrieved from /opt/airflow/dags/our_first_dag.py
[2025-03-12T13:59:32.925+0000] {logging_mixin.py:190} INFO - [2025-03-12T13:59:32.925+0000] {dag.py:3239} INFO - Sync 1 DAGs
[2025-03-12T13:59:32.943+0000] {logging_mixin.py:190} INFO - [2025-03-12T13:59:32.943+0000] {dag.py:4180} INFO - Setting next_dagrun for our_first_dag to 2025-03-07 00:00:00+00:00, run_after=2025-03-08 00:00:00+00:00
[2025-03-12T13:59:32.959+0000] {processor.py:208} INFO - Processing /opt/airflow/dags/our_first_dag.py took 0.072 seconds
[2025-03-12T14:00:06.656+0000] {processor.py:186} INFO - Started process (PID=7521) to work on /opt/airflow/dags/our_first_dag.py
[2025-03-12T14:00:06.656+0000] {processor.py:914} INFO - Processing file /opt/airflow/dags/our_first_dag.py for tasks to queue
[2025-03-12T14:00:06.658+0000] {logging_mixin.py:190} INFO - [2025-03-12T14:00:06.658+0000] {dagbag.py:588} INFO - Filling up the DagBag from /opt/airflow/dags/our_first_dag.py
[2025-03-12T14:00:06.670+0000] {processor.py:925} INFO - DAG(s) 'our_first_dag' retrieved from /opt/airflow/dags/our_first_dag.py
[2025-03-12T14:00:06.684+0000] {logging_mixin.py:190} INFO - [2025-03-12T14:00:06.684+0000] {dag.py:3239} INFO - Sync 1 DAGs
[2025-03-12T14:00:06.701+0000] {logging_mixin.py:190} INFO - [2025-03-12T14:00:06.701+0000] {dag.py:4180} INFO - Setting next_dagrun for our_first_dag to 2025-03-07 00:00:00+00:00, run_after=2025-03-08 00:00:00+00:00
[2025-03-12T14:00:06.716+0000] {processor.py:208} INFO - Processing /opt/airflow/dags/our_first_dag.py took 0.065 seconds
[2025-03-12T14:00:39.382+0000] {processor.py:186} INFO - Started process (PID=7827) to work on /opt/airflow/dags/our_first_dag.py
[2025-03-12T14:00:39.383+0000] {processor.py:914} INFO - Processing file /opt/airflow/dags/our_first_dag.py for tasks to queue
[2025-03-12T14:00:39.385+0000] {logging_mixin.py:190} INFO - [2025-03-12T14:00:39.385+0000] {dagbag.py:588} INFO - Filling up the DagBag from /opt/airflow/dags/our_first_dag.py
[2025-03-12T14:00:39.405+0000] {processor.py:925} INFO - DAG(s) 'our_first_dag' retrieved from /opt/airflow/dags/our_first_dag.py
[2025-03-12T14:00:39.425+0000] {logging_mixin.py:190} INFO - [2025-03-12T14:00:39.425+0000] {dag.py:3239} INFO - Sync 1 DAGs
[2025-03-12T14:00:39.448+0000] {logging_mixin.py:190} INFO - [2025-03-12T14:00:39.448+0000] {dag.py:4180} INFO - Setting next_dagrun for our_first_dag to 2025-03-07 00:00:00+00:00, run_after=2025-03-08 00:00:00+00:00
[2025-03-12T14:00:39.469+0000] {processor.py:208} INFO - Processing /opt/airflow/dags/our_first_dag.py took 0.093 seconds
[2025-03-12T14:01:13.143+0000] {processor.py:186} INFO - Started process (PID=8133) to work on /opt/airflow/dags/our_first_dag.py
[2025-03-12T14:01:13.144+0000] {processor.py:914} INFO - Processing file /opt/airflow/dags/our_first_dag.py for tasks to queue
[2025-03-12T14:01:13.146+0000] {logging_mixin.py:190} INFO - [2025-03-12T14:01:13.146+0000] {dagbag.py:588} INFO - Filling up the DagBag from /opt/airflow/dags/our_first_dag.py
[2025-03-12T14:01:13.157+0000] {processor.py:925} INFO - DAG(s) 'our_first_dag' retrieved from /opt/airflow/dags/our_first_dag.py
[2025-03-12T14:01:13.171+0000] {logging_mixin.py:190} INFO - [2025-03-12T14:01:13.171+0000] {dag.py:3239} INFO - Sync 1 DAGs
[2025-03-12T14:01:13.187+0000] {logging_mixin.py:190} INFO - [2025-03-12T14:01:13.187+0000] {dag.py:4180} INFO - Setting next_dagrun for our_first_dag to 2025-03-07 00:00:00+00:00, run_after=2025-03-08 00:00:00+00:00
[2025-03-12T14:01:13.202+0000] {processor.py:208} INFO - Processing /opt/airflow/dags/our_first_dag.py took 0.063 seconds
[2025-03-12T14:01:46.148+0000] {processor.py:186} INFO - Started process (PID=8440) to work on /opt/airflow/dags/our_first_dag.py
[2025-03-12T14:01:46.148+0000] {processor.py:914} INFO - Processing file /opt/airflow/dags/our_first_dag.py for tasks to queue
[2025-03-12T14:01:46.150+0000] {logging_mixin.py:190} INFO - [2025-03-12T14:01:46.150+0000] {dagbag.py:588} INFO - Filling up the DagBag from /opt/airflow/dags/our_first_dag.py
[2025-03-12T14:01:46.163+0000] {processor.py:925} INFO - DAG(s) 'our_first_dag' retrieved from /opt/airflow/dags/our_first_dag.py
[2025-03-12T14:01:46.178+0000] {logging_mixin.py:190} INFO - [2025-03-12T14:01:46.178+0000] {dag.py:3239} INFO - Sync 1 DAGs
[2025-03-12T14:01:46.195+0000] {logging_mixin.py:190} INFO - [2025-03-12T14:01:46.195+0000] {dag.py:4180} INFO - Setting next_dagrun for our_first_dag to 2025-03-07 00:00:00+00:00, run_after=2025-03-08 00:00:00+00:00
[2025-03-12T14:01:46.211+0000] {processor.py:208} INFO - Processing /opt/airflow/dags/our_first_dag.py took 0.068 seconds
[2025-03-12T14:02:19.970+0000] {processor.py:186} INFO - Started process (PID=8746) to work on /opt/airflow/dags/our_first_dag.py
[2025-03-12T14:02:19.971+0000] {processor.py:914} INFO - Processing file /opt/airflow/dags/our_first_dag.py for tasks to queue
[2025-03-12T14:02:19.973+0000] {logging_mixin.py:190} INFO - [2025-03-12T14:02:19.973+0000] {dagbag.py:588} INFO - Filling up the DagBag from /opt/airflow/dags/our_first_dag.py
[2025-03-12T14:02:19.988+0000] {processor.py:925} INFO - DAG(s) 'our_first_dag' retrieved from /opt/airflow/dags/our_first_dag.py
[2025-03-12T14:02:20.002+0000] {logging_mixin.py:190} INFO - [2025-03-12T14:02:20.002+0000] {dag.py:3239} INFO - Sync 1 DAGs
[2025-03-12T14:02:20.020+0000] {logging_mixin.py:190} INFO - [2025-03-12T14:02:20.020+0000] {dag.py:4180} INFO - Setting next_dagrun for our_first_dag to 2025-03-07 00:00:00+00:00, run_after=2025-03-08 00:00:00+00:00
[2025-03-12T14:02:20.038+0000] {processor.py:208} INFO - Processing /opt/airflow/dags/our_first_dag.py took 0.073 seconds
[2025-03-12T14:02:53.023+0000] {processor.py:186} INFO - Started process (PID=9052) to work on /opt/airflow/dags/our_first_dag.py
[2025-03-12T14:02:53.024+0000] {processor.py:914} INFO - Processing file /opt/airflow/dags/our_first_dag.py for tasks to queue
[2025-03-12T14:02:53.026+0000] {logging_mixin.py:190} INFO - [2025-03-12T14:02:53.026+0000] {dagbag.py:588} INFO - Filling up the DagBag from /opt/airflow/dags/our_first_dag.py
[2025-03-12T14:02:53.038+0000] {processor.py:925} INFO - DAG(s) 'our_first_dag' retrieved from /opt/airflow/dags/our_first_dag.py
[2025-03-12T14:02:53.053+0000] {logging_mixin.py:190} INFO - [2025-03-12T14:02:53.053+0000] {dag.py:3239} INFO - Sync 1 DAGs
[2025-03-12T14:02:53.069+0000] {logging_mixin.py:190} INFO - [2025-03-12T14:02:53.069+0000] {dag.py:4180} INFO - Setting next_dagrun for our_first_dag to 2025-03-07 00:00:00+00:00, run_after=2025-03-08 00:00:00+00:00
[2025-03-12T14:02:53.085+0000] {processor.py:208} INFO - Processing /opt/airflow/dags/our_first_dag.py took 0.066 seconds
[2025-03-12T14:03:26.068+0000] {processor.py:186} INFO - Started process (PID=9358) to work on /opt/airflow/dags/our_first_dag.py
[2025-03-12T14:03:26.069+0000] {processor.py:914} INFO - Processing file /opt/airflow/dags/our_first_dag.py for tasks to queue
[2025-03-12T14:03:26.071+0000] {logging_mixin.py:190} INFO - [2025-03-12T14:03:26.071+0000] {dagbag.py:588} INFO - Filling up the DagBag from /opt/airflow/dags/our_first_dag.py
[2025-03-12T14:03:26.083+0000] {processor.py:925} INFO - DAG(s) 'our_first_dag' retrieved from /opt/airflow/dags/our_first_dag.py
[2025-03-12T14:03:26.100+0000] {logging_mixin.py:190} INFO - [2025-03-12T14:03:26.099+0000] {dag.py:3239} INFO - Sync 1 DAGs
[2025-03-12T14:03:26.121+0000] {logging_mixin.py:190} INFO - [2025-03-12T14:03:26.120+0000] {dag.py:4180} INFO - Setting next_dagrun for our_first_dag to 2025-03-07 00:00:00+00:00, run_after=2025-03-08 00:00:00+00:00
[2025-03-12T14:03:26.138+0000] {processor.py:208} INFO - Processing /opt/airflow/dags/our_first_dag.py took 0.074 seconds
[2025-03-12T14:03:36.512+0000] {processor.py:186} INFO - Started process (PID=9658) to work on /opt/airflow/dags/our_first_dag.py
[2025-03-12T14:03:36.514+0000] {processor.py:914} INFO - Processing file /opt/airflow/dags/our_first_dag.py for tasks to queue
[2025-03-12T14:03:36.516+0000] {logging_mixin.py:190} INFO - [2025-03-12T14:03:36.516+0000] {dagbag.py:588} INFO - Filling up the DagBag from /opt/airflow/dags/our_first_dag.py
[2025-03-12T14:03:36.550+0000] {processor.py:925} INFO - DAG(s) 'our_first_dag' retrieved from /opt/airflow/dags/our_first_dag.py
[2025-03-12T14:03:36.577+0000] {logging_mixin.py:190} INFO - [2025-03-12T14:03:36.577+0000] {dag.py:3239} INFO - Sync 1 DAGs
[2025-03-12T14:03:36.613+0000] {logging_mixin.py:190} INFO - [2025-03-12T14:03:36.612+0000] {dag.py:4180} INFO - Setting next_dagrun for our_first_dag to 2025-03-07 00:00:00+00:00, run_after=2025-03-08 00:00:00+00:00
[2025-03-12T14:03:36.640+0000] {processor.py:208} INFO - Processing /opt/airflow/dags/our_first_dag.py took 0.141 seconds
[2025-03-12T14:04:07.109+0000] {processor.py:186} INFO - Started process (PID=9914) to work on /opt/airflow/dags/our_first_dag.py
[2025-03-12T14:04:07.111+0000] {processor.py:914} INFO - Processing file /opt/airflow/dags/our_first_dag.py for tasks to queue
[2025-03-12T14:04:07.125+0000] {logging_mixin.py:190} INFO - [2025-03-12T14:04:07.124+0000] {dagbag.py:588} INFO - Filling up the DagBag from /opt/airflow/dags/our_first_dag.py
[2025-03-12T14:04:07.243+0000] {processor.py:925} INFO - DAG(s) 'our_first_dag' retrieved from /opt/airflow/dags/our_first_dag.py
[2025-03-12T14:04:07.301+0000] {logging_mixin.py:190} INFO - [2025-03-12T14:04:07.301+0000] {dag.py:3239} INFO - Sync 1 DAGs
[2025-03-12T14:04:07.365+0000] {logging_mixin.py:190} INFO - [2025-03-12T14:04:07.365+0000] {dag.py:4180} INFO - Setting next_dagrun for our_first_dag to 2025-03-07 00:00:00+00:00, run_after=2025-03-08 00:00:00+00:00
[2025-03-12T14:04:07.433+0000] {processor.py:208} INFO - Processing /opt/airflow/dags/our_first_dag.py took 0.342 seconds
[2025-03-12T14:04:37.700+0000] {processor.py:186} INFO - Started process (PID=10220) to work on /opt/airflow/dags/our_first_dag.py
[2025-03-12T14:04:37.701+0000] {processor.py:914} INFO - Processing file /opt/airflow/dags/our_first_dag.py for tasks to queue
[2025-03-12T14:04:37.703+0000] {logging_mixin.py:190} INFO - [2025-03-12T14:04:37.703+0000] {dagbag.py:588} INFO - Filling up the DagBag from /opt/airflow/dags/our_first_dag.py
[2025-03-12T14:04:37.721+0000] {processor.py:925} INFO - DAG(s) 'our_first_dag' retrieved from /opt/airflow/dags/our_first_dag.py
[2025-03-12T14:04:37.736+0000] {logging_mixin.py:190} INFO - [2025-03-12T14:04:37.736+0000] {dag.py:3239} INFO - Sync 1 DAGs
[2025-03-12T14:04:37.753+0000] {logging_mixin.py:190} INFO - [2025-03-12T14:04:37.753+0000] {dag.py:4180} INFO - Setting next_dagrun for our_first_dag to 2025-03-07 00:00:00+00:00, run_after=2025-03-08 00:00:00+00:00
[2025-03-12T14:04:37.770+0000] {processor.py:208} INFO - Processing /opt/airflow/dags/our_first_dag.py took 0.075 seconds
[2025-03-12T14:05:08.195+0000] {processor.py:186} INFO - Started process (PID=10444) to work on /opt/airflow/dags/our_first_dag.py
[2025-03-12T14:05:08.196+0000] {processor.py:914} INFO - Processing file /opt/airflow/dags/our_first_dag.py for tasks to queue
[2025-03-12T14:05:08.198+0000] {logging_mixin.py:190} INFO - [2025-03-12T14:05:08.198+0000] {dagbag.py:588} INFO - Filling up the DagBag from /opt/airflow/dags/our_first_dag.py
[2025-03-12T14:05:08.211+0000] {processor.py:925} INFO - DAG(s) 'our_first_dag' retrieved from /opt/airflow/dags/our_first_dag.py
[2025-03-12T14:05:08.227+0000] {logging_mixin.py:190} INFO - [2025-03-12T14:05:08.226+0000] {dag.py:3239} INFO - Sync 1 DAGs
[2025-03-12T14:05:08.246+0000] {logging_mixin.py:190} INFO - [2025-03-12T14:05:08.246+0000] {dag.py:4180} INFO - Setting next_dagrun for our_first_dag to 2025-03-07 00:00:00+00:00, run_after=2025-03-08 00:00:00+00:00
[2025-03-12T14:05:08.264+0000] {processor.py:208} INFO - Processing /opt/airflow/dags/our_first_dag.py took 0.073 seconds
[2025-03-12T14:05:39.907+0000] {processor.py:186} INFO - Started process (PID=10587) to work on /opt/airflow/dags/our_first_dag.py
[2025-03-12T14:05:39.908+0000] {processor.py:914} INFO - Processing file /opt/airflow/dags/our_first_dag.py for tasks to queue
[2025-03-12T14:05:39.910+0000] {logging_mixin.py:190} INFO - [2025-03-12T14:05:39.910+0000] {dagbag.py:588} INFO - Filling up the DagBag from /opt/airflow/dags/our_first_dag.py
[2025-03-12T14:05:39.924+0000] {processor.py:925} INFO - DAG(s) 'our_first_dag' retrieved from /opt/airflow/dags/our_first_dag.py
[2025-03-12T14:05:39.938+0000] {logging_mixin.py:190} INFO - [2025-03-12T14:05:39.938+0000] {dag.py:3239} INFO - Sync 1 DAGs
[2025-03-12T14:05:39.955+0000] {logging_mixin.py:190} INFO - [2025-03-12T14:05:39.955+0000] {dag.py:4180} INFO - Setting next_dagrun for our_first_dag to 2025-03-07 00:00:00+00:00, run_after=2025-03-08 00:00:00+00:00
[2025-03-12T14:05:39.972+0000] {processor.py:208} INFO - Processing /opt/airflow/dags/our_first_dag.py took 0.069 seconds
[2025-03-12T14:06:12.628+0000] {processor.py:186} INFO - Started process (PID=10893) to work on /opt/airflow/dags/our_first_dag.py
[2025-03-12T14:06:12.629+0000] {processor.py:914} INFO - Processing file /opt/airflow/dags/our_first_dag.py for tasks to queue
[2025-03-12T14:06:12.631+0000] {logging_mixin.py:190} INFO - [2025-03-12T14:06:12.631+0000] {dagbag.py:588} INFO - Filling up the DagBag from /opt/airflow/dags/our_first_dag.py
[2025-03-12T14:06:12.646+0000] {processor.py:925} INFO - DAG(s) 'our_first_dag' retrieved from /opt/airflow/dags/our_first_dag.py
[2025-03-12T14:06:12.662+0000] {logging_mixin.py:190} INFO - [2025-03-12T14:06:12.662+0000] {dag.py:3239} INFO - Sync 1 DAGs
[2025-03-12T14:06:12.679+0000] {logging_mixin.py:190} INFO - [2025-03-12T14:06:12.679+0000] {dag.py:4180} INFO - Setting next_dagrun for our_first_dag to 2025-03-07 00:00:00+00:00, run_after=2025-03-08 00:00:00+00:00
[2025-03-12T14:06:12.697+0000] {processor.py:208} INFO - Processing /opt/airflow/dags/our_first_dag.py took 0.073 seconds
[2025-03-12T14:06:46.459+0000] {processor.py:186} INFO - Started process (PID=11199) to work on /opt/airflow/dags/our_first_dag.py
[2025-03-12T14:06:46.461+0000] {processor.py:914} INFO - Processing file /opt/airflow/dags/our_first_dag.py for tasks to queue
[2025-03-12T14:06:46.464+0000] {logging_mixin.py:190} INFO - [2025-03-12T14:06:46.464+0000] {dagbag.py:588} INFO - Filling up the DagBag from /opt/airflow/dags/our_first_dag.py
[2025-03-12T14:06:46.486+0000] {processor.py:925} INFO - DAG(s) 'our_first_dag' retrieved from /opt/airflow/dags/our_first_dag.py
[2025-03-12T14:06:46.504+0000] {logging_mixin.py:190} INFO - [2025-03-12T14:06:46.503+0000] {dag.py:3239} INFO - Sync 1 DAGs
[2025-03-12T14:06:46.523+0000] {logging_mixin.py:190} INFO - [2025-03-12T14:06:46.522+0000] {dag.py:4180} INFO - Setting next_dagrun for our_first_dag to 2025-03-07 00:00:00+00:00, run_after=2025-03-08 00:00:00+00:00
[2025-03-12T14:06:46.539+0000] {processor.py:208} INFO - Processing /opt/airflow/dags/our_first_dag.py took 0.087 seconds
[2025-03-12T14:07:20.168+0000] {processor.py:186} INFO - Started process (PID=11505) to work on /opt/airflow/dags/our_first_dag.py
[2025-03-12T14:07:20.169+0000] {processor.py:914} INFO - Processing file /opt/airflow/dags/our_first_dag.py for tasks to queue
[2025-03-12T14:07:20.171+0000] {logging_mixin.py:190} INFO - [2025-03-12T14:07:20.171+0000] {dagbag.py:588} INFO - Filling up the DagBag from /opt/airflow/dags/our_first_dag.py
[2025-03-12T14:07:20.188+0000] {processor.py:925} INFO - DAG(s) 'our_first_dag' retrieved from /opt/airflow/dags/our_first_dag.py
[2025-03-12T14:07:20.208+0000] {logging_mixin.py:190} INFO - [2025-03-12T14:07:20.207+0000] {dag.py:3239} INFO - Sync 1 DAGs
[2025-03-12T14:07:20.226+0000] {logging_mixin.py:190} INFO - [2025-03-12T14:07:20.226+0000] {dag.py:4180} INFO - Setting next_dagrun for our_first_dag to 2025-03-07 00:00:00+00:00, run_after=2025-03-08 00:00:00+00:00
[2025-03-12T14:07:20.245+0000] {processor.py:208} INFO - Processing /opt/airflow/dags/our_first_dag.py took 0.082 seconds
[2025-03-12T14:07:53.003+0000] {processor.py:186} INFO - Started process (PID=11811) to work on /opt/airflow/dags/our_first_dag.py
[2025-03-12T14:07:53.003+0000] {processor.py:914} INFO - Processing file /opt/airflow/dags/our_first_dag.py for tasks to queue
[2025-03-12T14:07:53.006+0000] {logging_mixin.py:190} INFO - [2025-03-12T14:07:53.006+0000] {dagbag.py:588} INFO - Filling up the DagBag from /opt/airflow/dags/our_first_dag.py
[2025-03-12T14:07:53.023+0000] {processor.py:925} INFO - DAG(s) 'our_first_dag' retrieved from /opt/airflow/dags/our_first_dag.py
[2025-03-12T14:07:53.041+0000] {logging_mixin.py:190} INFO - [2025-03-12T14:07:53.040+0000] {dag.py:3239} INFO - Sync 1 DAGs
[2025-03-12T14:07:53.065+0000] {logging_mixin.py:190} INFO - [2025-03-12T14:07:53.065+0000] {dag.py:4180} INFO - Setting next_dagrun for our_first_dag to 2025-03-07 00:00:00+00:00, run_after=2025-03-08 00:00:00+00:00
[2025-03-12T14:07:53.084+0000] {processor.py:208} INFO - Processing /opt/airflow/dags/our_first_dag.py took 0.087 seconds
[2025-03-12T14:08:26.881+0000] {processor.py:186} INFO - Started process (PID=12117) to work on /opt/airflow/dags/our_first_dag.py
[2025-03-12T14:08:26.882+0000] {processor.py:914} INFO - Processing file /opt/airflow/dags/our_first_dag.py for tasks to queue
[2025-03-12T14:08:26.883+0000] {logging_mixin.py:190} INFO - [2025-03-12T14:08:26.883+0000] {dagbag.py:588} INFO - Filling up the DagBag from /opt/airflow/dags/our_first_dag.py
[2025-03-12T14:08:26.896+0000] {processor.py:925} INFO - DAG(s) 'our_first_dag' retrieved from /opt/airflow/dags/our_first_dag.py
[2025-03-12T14:08:26.910+0000] {logging_mixin.py:190} INFO - [2025-03-12T14:08:26.910+0000] {dag.py:3239} INFO - Sync 1 DAGs
[2025-03-12T14:08:26.927+0000] {logging_mixin.py:190} INFO - [2025-03-12T14:08:26.926+0000] {dag.py:4180} INFO - Setting next_dagrun for our_first_dag to 2025-03-07 00:00:00+00:00, run_after=2025-03-08 00:00:00+00:00
[2025-03-12T14:08:26.943+0000] {processor.py:208} INFO - Processing /opt/airflow/dags/our_first_dag.py took 0.067 seconds
[2025-03-12T14:08:59.914+0000] {processor.py:186} INFO - Started process (PID=12423) to work on /opt/airflow/dags/our_first_dag.py
[2025-03-12T14:08:59.915+0000] {processor.py:914} INFO - Processing file /opt/airflow/dags/our_first_dag.py for tasks to queue
[2025-03-12T14:08:59.917+0000] {logging_mixin.py:190} INFO - [2025-03-12T14:08:59.917+0000] {dagbag.py:588} INFO - Filling up the DagBag from /opt/airflow/dags/our_first_dag.py
[2025-03-12T14:08:59.930+0000] {processor.py:925} INFO - DAG(s) 'our_first_dag' retrieved from /opt/airflow/dags/our_first_dag.py
[2025-03-12T14:08:59.947+0000] {logging_mixin.py:190} INFO - [2025-03-12T14:08:59.946+0000] {dag.py:3239} INFO - Sync 1 DAGs
[2025-03-12T14:08:59.964+0000] {logging_mixin.py:190} INFO - [2025-03-12T14:08:59.964+0000] {dag.py:4180} INFO - Setting next_dagrun for our_first_dag to 2025-03-07 00:00:00+00:00, run_after=2025-03-08 00:00:00+00:00
[2025-03-12T14:08:59.983+0000] {processor.py:208} INFO - Processing /opt/airflow/dags/our_first_dag.py took 0.073 seconds
[2025-03-12T14:09:33.431+0000] {processor.py:186} INFO - Started process (PID=12729) to work on /opt/airflow/dags/our_first_dag.py
[2025-03-12T14:09:33.432+0000] {processor.py:914} INFO - Processing file /opt/airflow/dags/our_first_dag.py for tasks to queue
[2025-03-12T14:09:33.434+0000] {logging_mixin.py:190} INFO - [2025-03-12T14:09:33.434+0000] {dagbag.py:588} INFO - Filling up the DagBag from /opt/airflow/dags/our_first_dag.py
[2025-03-12T14:09:33.449+0000] {processor.py:925} INFO - DAG(s) 'our_first_dag' retrieved from /opt/airflow/dags/our_first_dag.py
[2025-03-12T14:09:33.466+0000] {logging_mixin.py:190} INFO - [2025-03-12T14:09:33.466+0000] {dag.py:3239} INFO - Sync 1 DAGs
[2025-03-12T14:09:33.485+0000] {logging_mixin.py:190} INFO - [2025-03-12T14:09:33.485+0000] {dag.py:4180} INFO - Setting next_dagrun for our_first_dag to 2025-03-07 00:00:00+00:00, run_after=2025-03-08 00:00:00+00:00
[2025-03-12T14:09:33.504+0000] {processor.py:208} INFO - Processing /opt/airflow/dags/our_first_dag.py took 0.077 seconds
[2025-03-12T14:10:06.363+0000] {processor.py:186} INFO - Started process (PID=13035) to work on /opt/airflow/dags/our_first_dag.py
[2025-03-12T14:10:06.364+0000] {processor.py:914} INFO - Processing file /opt/airflow/dags/our_first_dag.py for tasks to queue
[2025-03-12T14:10:06.367+0000] {logging_mixin.py:190} INFO - [2025-03-12T14:10:06.367+0000] {dagbag.py:588} INFO - Filling up the DagBag from /opt/airflow/dags/our_first_dag.py
[2025-03-12T14:10:06.386+0000] {processor.py:925} INFO - DAG(s) 'our_first_dag' retrieved from /opt/airflow/dags/our_first_dag.py
[2025-03-12T14:10:06.405+0000] {logging_mixin.py:190} INFO - [2025-03-12T14:10:06.404+0000] {dag.py:3239} INFO - Sync 1 DAGs
[2025-03-12T14:10:06.425+0000] {logging_mixin.py:190} INFO - [2025-03-12T14:10:06.425+0000] {dag.py:4180} INFO - Setting next_dagrun for our_first_dag to 2025-03-07 00:00:00+00:00, run_after=2025-03-08 00:00:00+00:00
[2025-03-12T14:10:06.442+0000] {processor.py:208} INFO - Processing /opt/airflow/dags/our_first_dag.py took 0.086 seconds
[2025-03-12T14:10:39.302+0000] {processor.py:186} INFO - Started process (PID=13341) to work on /opt/airflow/dags/our_first_dag.py
[2025-03-12T14:10:39.303+0000] {processor.py:914} INFO - Processing file /opt/airflow/dags/our_first_dag.py for tasks to queue
[2025-03-12T14:10:39.305+0000] {logging_mixin.py:190} INFO - [2025-03-12T14:10:39.305+0000] {dagbag.py:588} INFO - Filling up the DagBag from /opt/airflow/dags/our_first_dag.py
[2025-03-12T14:10:39.320+0000] {processor.py:925} INFO - DAG(s) 'our_first_dag' retrieved from /opt/airflow/dags/our_first_dag.py
[2025-03-12T14:10:39.336+0000] {logging_mixin.py:190} INFO - [2025-03-12T14:10:39.336+0000] {dag.py:3239} INFO - Sync 1 DAGs
[2025-03-12T14:10:39.355+0000] {logging_mixin.py:190} INFO - [2025-03-12T14:10:39.354+0000] {dag.py:4180} INFO - Setting next_dagrun for our_first_dag to 2025-03-07 00:00:00+00:00, run_after=2025-03-08 00:00:00+00:00
[2025-03-12T14:10:39.373+0000] {processor.py:208} INFO - Processing /opt/airflow/dags/our_first_dag.py took 0.077 seconds
[2025-03-12T14:11:13.177+0000] {processor.py:186} INFO - Started process (PID=13647) to work on /opt/airflow/dags/our_first_dag.py
[2025-03-12T14:11:13.178+0000] {processor.py:914} INFO - Processing file /opt/airflow/dags/our_first_dag.py for tasks to queue
[2025-03-12T14:11:13.183+0000] {logging_mixin.py:190} INFO - [2025-03-12T14:11:13.182+0000] {dagbag.py:588} INFO - Filling up the DagBag from /opt/airflow/dags/our_first_dag.py
[2025-03-12T14:11:13.204+0000] {processor.py:925} INFO - DAG(s) 'our_first_dag' retrieved from /opt/airflow/dags/our_first_dag.py
[2025-03-12T14:11:13.226+0000] {logging_mixin.py:190} INFO - [2025-03-12T14:11:13.225+0000] {dag.py:3239} INFO - Sync 1 DAGs
[2025-03-12T14:11:13.251+0000] {logging_mixin.py:190} INFO - [2025-03-12T14:11:13.251+0000] {dag.py:4180} INFO - Setting next_dagrun for our_first_dag to 2025-03-07 00:00:00+00:00, run_after=2025-03-08 00:00:00+00:00
[2025-03-12T14:11:13.271+0000] {processor.py:208} INFO - Processing /opt/airflow/dags/our_first_dag.py took 0.099 seconds
[2025-03-12T14:11:46.373+0000] {processor.py:186} INFO - Started process (PID=13954) to work on /opt/airflow/dags/our_first_dag.py
[2025-03-12T14:11:46.374+0000] {processor.py:914} INFO - Processing file /opt/airflow/dags/our_first_dag.py for tasks to queue
[2025-03-12T14:11:46.376+0000] {logging_mixin.py:190} INFO - [2025-03-12T14:11:46.376+0000] {dagbag.py:588} INFO - Filling up the DagBag from /opt/airflow/dags/our_first_dag.py
[2025-03-12T14:11:46.393+0000] {processor.py:925} INFO - DAG(s) 'our_first_dag' retrieved from /opt/airflow/dags/our_first_dag.py
[2025-03-12T14:11:46.408+0000] {logging_mixin.py:190} INFO - [2025-03-12T14:11:46.408+0000] {dag.py:3239} INFO - Sync 1 DAGs
[2025-03-12T14:11:46.426+0000] {logging_mixin.py:190} INFO - [2025-03-12T14:11:46.426+0000] {dag.py:4180} INFO - Setting next_dagrun for our_first_dag to 2025-03-07 00:00:00+00:00, run_after=2025-03-08 00:00:00+00:00
[2025-03-12T14:11:46.442+0000] {processor.py:208} INFO - Processing /opt/airflow/dags/our_first_dag.py took 0.073 seconds
[2025-03-12T14:12:20.359+0000] {processor.py:186} INFO - Started process (PID=14260) to work on /opt/airflow/dags/our_first_dag.py
[2025-03-12T14:12:20.361+0000] {processor.py:914} INFO - Processing file /opt/airflow/dags/our_first_dag.py for tasks to queue
[2025-03-12T14:12:20.363+0000] {logging_mixin.py:190} INFO - [2025-03-12T14:12:20.363+0000] {dagbag.py:588} INFO - Filling up the DagBag from /opt/airflow/dags/our_first_dag.py
[2025-03-12T14:12:20.384+0000] {processor.py:925} INFO - DAG(s) 'our_first_dag' retrieved from /opt/airflow/dags/our_first_dag.py
[2025-03-12T14:12:20.420+0000] {logging_mixin.py:190} INFO - [2025-03-12T14:12:20.419+0000] {dag.py:3239} INFO - Sync 1 DAGs
[2025-03-12T14:12:20.445+0000] {logging_mixin.py:190} INFO - [2025-03-12T14:12:20.445+0000] {dag.py:4180} INFO - Setting next_dagrun for our_first_dag to 2025-03-07 00:00:00+00:00, run_after=2025-03-08 00:00:00+00:00
[2025-03-12T14:12:20.466+0000] {processor.py:208} INFO - Processing /opt/airflow/dags/our_first_dag.py took 0.112 seconds
[2025-03-12T14:13:59.494+0000] {processor.py:186} INFO - Started process (PID=189) to work on /opt/airflow/dags/our_first_dag.py
[2025-03-12T14:13:59.496+0000] {processor.py:914} INFO - Processing file /opt/airflow/dags/our_first_dag.py for tasks to queue
[2025-03-12T14:13:59.498+0000] {logging_mixin.py:190} INFO - [2025-03-12T14:13:59.498+0000] {dagbag.py:588} INFO - Filling up the DagBag from /opt/airflow/dags/our_first_dag.py
[2025-03-12T14:13:59.536+0000] {processor.py:925} INFO - DAG(s) 'our_first_dag' retrieved from /opt/airflow/dags/our_first_dag.py
[2025-03-12T14:13:59.863+0000] {logging_mixin.py:190} INFO - [2025-03-12T14:13:59.862+0000] {override.py:1912} INFO - Created Permission View: can read on DAG:our_first_dag
[2025-03-12T14:13:59.878+0000] {logging_mixin.py:190} INFO - [2025-03-12T14:13:59.877+0000] {override.py:1912} INFO - Created Permission View: can edit on DAG:our_first_dag
[2025-03-12T14:13:59.889+0000] {logging_mixin.py:190} INFO - [2025-03-12T14:13:59.888+0000] {override.py:1912} INFO - Created Permission View: can delete on DAG:our_first_dag
[2025-03-12T14:13:59.900+0000] {logging_mixin.py:190} INFO - [2025-03-12T14:13:59.900+0000] {override.py:1912} INFO - Created Permission View: can create on DAG Run:our_first_dag
[2025-03-12T14:13:59.933+0000] {logging_mixin.py:190} INFO - [2025-03-12T14:13:59.932+0000] {override.py:1912} INFO - Created Permission View: can read on DAG Run:our_first_dag
[2025-03-12T14:13:59.941+0000] {logging_mixin.py:190} INFO - [2025-03-12T14:13:59.940+0000] {override.py:1912} INFO - Created Permission View: menu access on DAG Run:our_first_dag
[2025-03-12T14:13:59.956+0000] {logging_mixin.py:190} INFO - [2025-03-12T14:13:59.955+0000] {override.py:1912} INFO - Created Permission View: can delete on DAG Run:our_first_dag
[2025-03-12T14:13:59.956+0000] {logging_mixin.py:190} INFO - [2025-03-12T14:13:59.956+0000] {dag.py:3239} INFO - Sync 1 DAGs
[2025-03-12T14:13:59.975+0000] {logging_mixin.py:190} INFO - [2025-03-12T14:13:59.975+0000] {dag.py:3262} INFO - Creating ORM DAG for our_first_dag
[2025-03-12T14:13:59.987+0000] {logging_mixin.py:190} INFO - [2025-03-12T14:13:59.987+0000] {dag.py:4180} INFO - Setting next_dagrun for our_first_dag to 2025-03-07 00:00:00+00:00, run_after=2025-03-08 00:00:00+00:00
[2025-03-12T14:14:00.006+0000] {processor.py:208} INFO - Processing /opt/airflow/dags/our_first_dag.py took 0.518 seconds
[2025-03-12T14:14:32.713+0000] {processor.py:186} INFO - Started process (PID=495) to work on /opt/airflow/dags/our_first_dag.py
[2025-03-12T14:14:32.714+0000] {processor.py:914} INFO - Processing file /opt/airflow/dags/our_first_dag.py for tasks to queue
[2025-03-12T14:14:32.716+0000] {logging_mixin.py:190} INFO - [2025-03-12T14:14:32.716+0000] {dagbag.py:588} INFO - Filling up the DagBag from /opt/airflow/dags/our_first_dag.py
[2025-03-12T14:14:32.731+0000] {processor.py:925} INFO - DAG(s) 'our_first_dag' retrieved from /opt/airflow/dags/our_first_dag.py
[2025-03-12T14:14:32.747+0000] {logging_mixin.py:190} INFO - [2025-03-12T14:14:32.747+0000] {dag.py:3239} INFO - Sync 1 DAGs
[2025-03-12T14:14:32.772+0000] {logging_mixin.py:190} INFO - [2025-03-12T14:14:32.772+0000] {dag.py:4180} INFO - Setting next_dagrun for our_first_dag to 2025-03-07 00:00:00+00:00, run_after=2025-03-08 00:00:00+00:00
[2025-03-12T14:14:32.791+0000] {processor.py:208} INFO - Processing /opt/airflow/dags/our_first_dag.py took 0.084 seconds
[2025-03-12T14:15:06.588+0000] {processor.py:186} INFO - Started process (PID=801) to work on /opt/airflow/dags/our_first_dag.py
[2025-03-12T14:15:06.589+0000] {processor.py:914} INFO - Processing file /opt/airflow/dags/our_first_dag.py for tasks to queue
[2025-03-12T14:15:06.591+0000] {logging_mixin.py:190} INFO - [2025-03-12T14:15:06.591+0000] {dagbag.py:588} INFO - Filling up the DagBag from /opt/airflow/dags/our_first_dag.py
[2025-03-12T14:15:06.603+0000] {processor.py:925} INFO - DAG(s) 'our_first_dag' retrieved from /opt/airflow/dags/our_first_dag.py
[2025-03-12T14:15:06.617+0000] {logging_mixin.py:190} INFO - [2025-03-12T14:15:06.617+0000] {dag.py:3239} INFO - Sync 1 DAGs
[2025-03-12T14:15:06.635+0000] {logging_mixin.py:190} INFO - [2025-03-12T14:15:06.635+0000] {dag.py:4180} INFO - Setting next_dagrun for our_first_dag to 2025-03-07 00:00:00+00:00, run_after=2025-03-08 00:00:00+00:00
[2025-03-12T14:15:06.655+0000] {processor.py:208} INFO - Processing /opt/airflow/dags/our_first_dag.py took 0.072 seconds
[2025-03-12T14:15:40.251+0000] {processor.py:186} INFO - Started process (PID=1107) to work on /opt/airflow/dags/our_first_dag.py
[2025-03-12T14:15:40.252+0000] {processor.py:914} INFO - Processing file /opt/airflow/dags/our_first_dag.py for tasks to queue
[2025-03-12T14:15:40.254+0000] {logging_mixin.py:190} INFO - [2025-03-12T14:15:40.254+0000] {dagbag.py:588} INFO - Filling up the DagBag from /opt/airflow/dags/our_first_dag.py
[2025-03-12T14:15:40.270+0000] {processor.py:925} INFO - DAG(s) 'our_first_dag' retrieved from /opt/airflow/dags/our_first_dag.py
[2025-03-12T14:15:40.285+0000] {logging_mixin.py:190} INFO - [2025-03-12T14:15:40.285+0000] {dag.py:3239} INFO - Sync 1 DAGs
[2025-03-12T14:15:40.303+0000] {logging_mixin.py:190} INFO - [2025-03-12T14:15:40.303+0000] {dag.py:4180} INFO - Setting next_dagrun for our_first_dag to 2025-03-07 00:00:00+00:00, run_after=2025-03-08 00:00:00+00:00
[2025-03-12T14:15:40.358+0000] {processor.py:208} INFO - Processing /opt/airflow/dags/our_first_dag.py took 0.112 seconds
[2025-03-12T14:16:13.411+0000] {processor.py:186} INFO - Started process (PID=1413) to work on /opt/airflow/dags/our_first_dag.py
[2025-03-12T14:16:13.412+0000] {processor.py:914} INFO - Processing file /opt/airflow/dags/our_first_dag.py for tasks to queue
[2025-03-12T14:16:13.413+0000] {logging_mixin.py:190} INFO - [2025-03-12T14:16:13.413+0000] {dagbag.py:588} INFO - Filling up the DagBag from /opt/airflow/dags/our_first_dag.py
[2025-03-12T14:16:13.424+0000] {processor.py:925} INFO - DAG(s) 'our_first_dag' retrieved from /opt/airflow/dags/our_first_dag.py
[2025-03-12T14:16:13.439+0000] {logging_mixin.py:190} INFO - [2025-03-12T14:16:13.439+0000] {dag.py:3239} INFO - Sync 1 DAGs
[2025-03-12T14:16:13.456+0000] {logging_mixin.py:190} INFO - [2025-03-12T14:16:13.456+0000] {dag.py:4180} INFO - Setting next_dagrun for our_first_dag to 2025-03-07 00:00:00+00:00, run_after=2025-03-08 00:00:00+00:00
[2025-03-12T14:16:13.472+0000] {processor.py:208} INFO - Processing /opt/airflow/dags/our_first_dag.py took 0.066 seconds
[2025-03-12T14:16:46.919+0000] {processor.py:186} INFO - Started process (PID=1720) to work on /opt/airflow/dags/our_first_dag.py
[2025-03-12T14:16:46.920+0000] {processor.py:914} INFO - Processing file /opt/airflow/dags/our_first_dag.py for tasks to queue
[2025-03-12T14:16:46.923+0000] {logging_mixin.py:190} INFO - [2025-03-12T14:16:46.922+0000] {dagbag.py:588} INFO - Filling up the DagBag from /opt/airflow/dags/our_first_dag.py
[2025-03-12T14:16:46.942+0000] {processor.py:925} INFO - DAG(s) 'our_first_dag' retrieved from /opt/airflow/dags/our_first_dag.py
[2025-03-12T14:16:46.958+0000] {logging_mixin.py:190} INFO - [2025-03-12T14:16:46.958+0000] {dag.py:3239} INFO - Sync 1 DAGs
[2025-03-12T14:16:46.977+0000] {logging_mixin.py:190} INFO - [2025-03-12T14:16:46.976+0000] {dag.py:4180} INFO - Setting next_dagrun for our_first_dag to 2025-03-07 00:00:00+00:00, run_after=2025-03-08 00:00:00+00:00
[2025-03-12T14:16:46.998+0000] {processor.py:208} INFO - Processing /opt/airflow/dags/our_first_dag.py took 0.085 seconds
[2025-03-12T14:17:20.034+0000] {processor.py:186} INFO - Started process (PID=2026) to work on /opt/airflow/dags/our_first_dag.py
[2025-03-12T14:17:20.035+0000] {processor.py:914} INFO - Processing file /opt/airflow/dags/our_first_dag.py for tasks to queue
[2025-03-12T14:17:20.037+0000] {logging_mixin.py:190} INFO - [2025-03-12T14:17:20.037+0000] {dagbag.py:588} INFO - Filling up the DagBag from /opt/airflow/dags/our_first_dag.py
[2025-03-12T14:17:20.049+0000] {processor.py:925} INFO - DAG(s) 'our_first_dag' retrieved from /opt/airflow/dags/our_first_dag.py
[2025-03-12T14:17:20.064+0000] {logging_mixin.py:190} INFO - [2025-03-12T14:17:20.063+0000] {dag.py:3239} INFO - Sync 1 DAGs
[2025-03-12T14:17:20.079+0000] {logging_mixin.py:190} INFO - [2025-03-12T14:17:20.079+0000] {dag.py:4180} INFO - Setting next_dagrun for our_first_dag to 2025-03-07 00:00:00+00:00, run_after=2025-03-08 00:00:00+00:00
[2025-03-12T14:17:20.097+0000] {processor.py:208} INFO - Processing /opt/airflow/dags/our_first_dag.py took 0.068 seconds
[2025-03-12T14:17:53.433+0000] {processor.py:186} INFO - Started process (PID=2332) to work on /opt/airflow/dags/our_first_dag.py
[2025-03-12T14:17:53.434+0000] {processor.py:914} INFO - Processing file /opt/airflow/dags/our_first_dag.py for tasks to queue
[2025-03-12T14:17:53.436+0000] {logging_mixin.py:190} INFO - [2025-03-12T14:17:53.435+0000] {dagbag.py:588} INFO - Filling up the DagBag from /opt/airflow/dags/our_first_dag.py
[2025-03-12T14:17:53.448+0000] {processor.py:925} INFO - DAG(s) 'our_first_dag' retrieved from /opt/airflow/dags/our_first_dag.py
[2025-03-12T14:17:53.463+0000] {logging_mixin.py:190} INFO - [2025-03-12T14:17:53.462+0000] {dag.py:3239} INFO - Sync 1 DAGs
[2025-03-12T14:17:53.481+0000] {logging_mixin.py:190} INFO - [2025-03-12T14:17:53.481+0000] {dag.py:4180} INFO - Setting next_dagrun for our_first_dag to 2025-03-07 00:00:00+00:00, run_after=2025-03-08 00:00:00+00:00
[2025-03-12T14:17:53.499+0000] {processor.py:208} INFO - Processing /opt/airflow/dags/our_first_dag.py took 0.071 seconds
[2025-03-12T14:18:26.803+0000] {processor.py:186} INFO - Started process (PID=2638) to work on /opt/airflow/dags/our_first_dag.py
[2025-03-12T14:18:26.805+0000] {processor.py:914} INFO - Processing file /opt/airflow/dags/our_first_dag.py for tasks to queue
[2025-03-12T14:18:26.807+0000] {logging_mixin.py:190} INFO - [2025-03-12T14:18:26.807+0000] {dagbag.py:588} INFO - Filling up the DagBag from /opt/airflow/dags/our_first_dag.py
[2025-03-12T14:18:26.824+0000] {processor.py:925} INFO - DAG(s) 'our_first_dag' retrieved from /opt/airflow/dags/our_first_dag.py
[2025-03-12T14:18:26.839+0000] {logging_mixin.py:190} INFO - [2025-03-12T14:18:26.839+0000] {dag.py:3239} INFO - Sync 1 DAGs
[2025-03-12T14:18:26.855+0000] {logging_mixin.py:190} INFO - [2025-03-12T14:18:26.855+0000] {dag.py:4180} INFO - Setting next_dagrun for our_first_dag to 2025-03-07 00:00:00+00:00, run_after=2025-03-08 00:00:00+00:00
[2025-03-12T14:18:26.873+0000] {processor.py:208} INFO - Processing /opt/airflow/dags/our_first_dag.py took 0.077 seconds
[2025-03-12T14:18:59.554+0000] {processor.py:186} INFO - Started process (PID=2944) to work on /opt/airflow/dags/our_first_dag.py
[2025-03-12T14:18:59.555+0000] {processor.py:914} INFO - Processing file /opt/airflow/dags/our_first_dag.py for tasks to queue
[2025-03-12T14:18:59.557+0000] {logging_mixin.py:190} INFO - [2025-03-12T14:18:59.556+0000] {dagbag.py:588} INFO - Filling up the DagBag from /opt/airflow/dags/our_first_dag.py
[2025-03-12T14:18:59.569+0000] {processor.py:925} INFO - DAG(s) 'our_first_dag' retrieved from /opt/airflow/dags/our_first_dag.py
[2025-03-12T14:18:59.583+0000] {logging_mixin.py:190} INFO - [2025-03-12T14:18:59.583+0000] {dag.py:3239} INFO - Sync 1 DAGs
[2025-03-12T14:18:59.599+0000] {logging_mixin.py:190} INFO - [2025-03-12T14:18:59.599+0000] {dag.py:4180} INFO - Setting next_dagrun for our_first_dag to 2025-03-07 00:00:00+00:00, run_after=2025-03-08 00:00:00+00:00
[2025-03-12T14:18:59.616+0000] {processor.py:208} INFO - Processing /opt/airflow/dags/our_first_dag.py took 0.066 seconds
[2025-03-12T14:19:33.603+0000] {processor.py:186} INFO - Started process (PID=3250) to work on /opt/airflow/dags/our_first_dag.py
[2025-03-12T14:19:33.604+0000] {processor.py:914} INFO - Processing file /opt/airflow/dags/our_first_dag.py for tasks to queue
[2025-03-12T14:19:33.605+0000] {logging_mixin.py:190} INFO - [2025-03-12T14:19:33.605+0000] {dagbag.py:588} INFO - Filling up the DagBag from /opt/airflow/dags/our_first_dag.py
[2025-03-12T14:19:33.617+0000] {processor.py:925} INFO - DAG(s) 'our_first_dag' retrieved from /opt/airflow/dags/our_first_dag.py
[2025-03-12T14:19:33.633+0000] {logging_mixin.py:190} INFO - [2025-03-12T14:19:33.633+0000] {dag.py:3239} INFO - Sync 1 DAGs
[2025-03-12T14:19:33.652+0000] {logging_mixin.py:190} INFO - [2025-03-12T14:19:33.652+0000] {dag.py:4180} INFO - Setting next_dagrun for our_first_dag to 2025-03-07 00:00:00+00:00, run_after=2025-03-08 00:00:00+00:00
[2025-03-12T14:19:33.669+0000] {processor.py:208} INFO - Processing /opt/airflow/dags/our_first_dag.py took 0.072 seconds
[2025-03-12T15:45:59.686+0000] {processor.py:186} INFO - Started process (PID=185) to work on /opt/airflow/dags/our_first_dag.py
[2025-03-12T15:45:59.688+0000] {processor.py:914} INFO - Processing file /opt/airflow/dags/our_first_dag.py for tasks to queue
[2025-03-12T15:45:59.691+0000] {logging_mixin.py:190} INFO - [2025-03-12T15:45:59.690+0000] {dagbag.py:588} INFO - Filling up the DagBag from /opt/airflow/dags/our_first_dag.py
[2025-03-12T15:45:59.720+0000] {processor.py:925} INFO - DAG(s) 'our_first_dag' retrieved from /opt/airflow/dags/our_first_dag.py
[2025-03-12T15:45:59.778+0000] {logging_mixin.py:190} INFO - [2025-03-12T15:45:59.778+0000] {dag.py:3239} INFO - Sync 1 DAGs
[2025-03-12T15:45:59.811+0000] {logging_mixin.py:190} INFO - [2025-03-12T15:45:59.810+0000] {dag.py:4180} INFO - Setting next_dagrun for our_first_dag to 2025-03-07 00:00:00+00:00, run_after=2025-03-08 00:00:00+00:00
[2025-03-12T15:45:59.833+0000] {processor.py:208} INFO - Processing /opt/airflow/dags/our_first_dag.py took 0.155 seconds
[2025-03-12T15:46:29.870+0000] {processor.py:186} INFO - Started process (PID=208) to work on /opt/airflow/dags/our_first_dag.py
[2025-03-12T15:46:29.871+0000] {processor.py:914} INFO - Processing file /opt/airflow/dags/our_first_dag.py for tasks to queue
[2025-03-12T15:46:29.873+0000] {logging_mixin.py:190} INFO - [2025-03-12T15:46:29.873+0000] {dagbag.py:588} INFO - Filling up the DagBag from /opt/airflow/dags/our_first_dag.py
[2025-03-12T15:46:29.889+0000] {processor.py:925} INFO - DAG(s) 'our_first_dag' retrieved from /opt/airflow/dags/our_first_dag.py
[2025-03-12T15:46:29.910+0000] {logging_mixin.py:190} INFO - [2025-03-12T15:46:29.910+0000] {dag.py:3239} INFO - Sync 1 DAGs
[2025-03-12T15:46:29.929+0000] {logging_mixin.py:190} INFO - [2025-03-12T15:46:29.929+0000] {dag.py:4180} INFO - Setting next_dagrun for our_first_dag to 2025-03-07 00:00:00+00:00, run_after=2025-03-08 00:00:00+00:00
[2025-03-12T15:46:29.948+0000] {processor.py:208} INFO - Processing /opt/airflow/dags/our_first_dag.py took 0.083 seconds
[2025-03-12T15:47:00.825+0000] {processor.py:186} INFO - Started process (PID=235) to work on /opt/airflow/dags/our_first_dag.py
[2025-03-12T15:47:00.826+0000] {processor.py:914} INFO - Processing file /opt/airflow/dags/our_first_dag.py for tasks to queue
[2025-03-12T15:47:00.828+0000] {logging_mixin.py:190} INFO - [2025-03-12T15:47:00.827+0000] {dagbag.py:588} INFO - Filling up the DagBag from /opt/airflow/dags/our_first_dag.py
[2025-03-12T15:47:00.843+0000] {processor.py:925} INFO - DAG(s) 'our_first_dag' retrieved from /opt/airflow/dags/our_first_dag.py
[2025-03-12T15:47:00.869+0000] {logging_mixin.py:190} INFO - [2025-03-12T15:47:00.869+0000] {dag.py:3239} INFO - Sync 1 DAGs
[2025-03-12T15:47:00.893+0000] {logging_mixin.py:190} INFO - [2025-03-12T15:47:00.893+0000] {dag.py:4180} INFO - Setting next_dagrun for our_first_dag to 2025-03-07 00:00:00+00:00, run_after=2025-03-08 00:00:00+00:00
[2025-03-12T15:47:00.913+0000] {processor.py:208} INFO - Processing /opt/airflow/dags/our_first_dag.py took 0.094 seconds
[2025-03-12T15:47:31.771+0000] {processor.py:186} INFO - Started process (PID=266) to work on /opt/airflow/dags/our_first_dag.py
[2025-03-12T15:47:31.772+0000] {processor.py:914} INFO - Processing file /opt/airflow/dags/our_first_dag.py for tasks to queue
[2025-03-12T15:47:31.774+0000] {logging_mixin.py:190} INFO - [2025-03-12T15:47:31.774+0000] {dagbag.py:588} INFO - Filling up the DagBag from /opt/airflow/dags/our_first_dag.py
[2025-03-12T15:47:31.791+0000] {processor.py:925} INFO - DAG(s) 'our_first_dag' retrieved from /opt/airflow/dags/our_first_dag.py
[2025-03-12T15:47:31.816+0000] {logging_mixin.py:190} INFO - [2025-03-12T15:47:31.816+0000] {dag.py:3239} INFO - Sync 1 DAGs
[2025-03-12T15:47:31.836+0000] {logging_mixin.py:190} INFO - [2025-03-12T15:47:31.836+0000] {dag.py:4180} INFO - Setting next_dagrun for our_first_dag to 2025-03-07 00:00:00+00:00, run_after=2025-03-08 00:00:00+00:00
[2025-03-12T15:47:31.852+0000] {processor.py:208} INFO - Processing /opt/airflow/dags/our_first_dag.py took 0.087 seconds
[2025-03-12T15:48:02.747+0000] {processor.py:186} INFO - Started process (PID=292) to work on /opt/airflow/dags/our_first_dag.py
[2025-03-12T15:48:02.748+0000] {processor.py:914} INFO - Processing file /opt/airflow/dags/our_first_dag.py for tasks to queue
[2025-03-12T15:48:02.750+0000] {logging_mixin.py:190} INFO - [2025-03-12T15:48:02.750+0000] {dagbag.py:588} INFO - Filling up the DagBag from /opt/airflow/dags/our_first_dag.py
[2025-03-12T15:48:02.765+0000] {processor.py:925} INFO - DAG(s) 'our_first_dag' retrieved from /opt/airflow/dags/our_first_dag.py
[2025-03-12T15:48:02.784+0000] {logging_mixin.py:190} INFO - [2025-03-12T15:48:02.784+0000] {dag.py:3239} INFO - Sync 1 DAGs
[2025-03-12T15:48:02.803+0000] {logging_mixin.py:190} INFO - [2025-03-12T15:48:02.803+0000] {dag.py:4180} INFO - Setting next_dagrun for our_first_dag to 2025-03-07 00:00:00+00:00, run_after=2025-03-08 00:00:00+00:00
[2025-03-12T15:48:02.820+0000] {processor.py:208} INFO - Processing /opt/airflow/dags/our_first_dag.py took 0.077 seconds
[2025-03-12T15:48:33.687+0000] {processor.py:186} INFO - Started process (PID=318) to work on /opt/airflow/dags/our_first_dag.py
[2025-03-12T15:48:33.688+0000] {processor.py:914} INFO - Processing file /opt/airflow/dags/our_first_dag.py for tasks to queue
[2025-03-12T15:48:33.690+0000] {logging_mixin.py:190} INFO - [2025-03-12T15:48:33.690+0000] {dagbag.py:588} INFO - Filling up the DagBag from /opt/airflow/dags/our_first_dag.py
[2025-03-12T15:48:33.703+0000] {processor.py:925} INFO - DAG(s) 'our_first_dag' retrieved from /opt/airflow/dags/our_first_dag.py
[2025-03-12T15:48:33.723+0000] {logging_mixin.py:190} INFO - [2025-03-12T15:48:33.723+0000] {dag.py:3239} INFO - Sync 1 DAGs
[2025-03-12T15:48:33.741+0000] {logging_mixin.py:190} INFO - [2025-03-12T15:48:33.741+0000] {dag.py:4180} INFO - Setting next_dagrun for our_first_dag to 2025-03-07 00:00:00+00:00, run_after=2025-03-08 00:00:00+00:00
[2025-03-12T15:48:33.758+0000] {processor.py:208} INFO - Processing /opt/airflow/dags/our_first_dag.py took 0.075 seconds
[2025-03-12T15:49:07.721+0000] {processor.py:186} INFO - Started process (PID=351) to work on /opt/airflow/dags/our_first_dag.py
[2025-03-12T15:49:07.722+0000] {processor.py:914} INFO - Processing file /opt/airflow/dags/our_first_dag.py for tasks to queue
[2025-03-12T15:49:07.725+0000] {logging_mixin.py:190} INFO - [2025-03-12T15:49:07.724+0000] {dagbag.py:588} INFO - Filling up the DagBag from /opt/airflow/dags/our_first_dag.py
[2025-03-12T15:49:07.738+0000] {processor.py:925} INFO - DAG(s) 'our_first_dag' retrieved from /opt/airflow/dags/our_first_dag.py
[2025-03-12T15:49:07.759+0000] {logging_mixin.py:190} INFO - [2025-03-12T15:49:07.759+0000] {dag.py:3239} INFO - Sync 1 DAGs
[2025-03-12T15:49:07.778+0000] {logging_mixin.py:190} INFO - [2025-03-12T15:49:07.778+0000] {dag.py:4180} INFO - Setting next_dagrun for our_first_dag to 2025-03-07 00:00:00+00:00, run_after=2025-03-08 00:00:00+00:00
[2025-03-12T15:49:07.795+0000] {processor.py:208} INFO - Processing /opt/airflow/dags/our_first_dag.py took 0.079 seconds
[2025-03-12T15:49:40.766+0000] {processor.py:186} INFO - Started process (PID=377) to work on /opt/airflow/dags/our_first_dag.py
[2025-03-12T15:49:40.767+0000] {processor.py:914} INFO - Processing file /opt/airflow/dags/our_first_dag.py for tasks to queue
[2025-03-12T15:49:40.769+0000] {logging_mixin.py:190} INFO - [2025-03-12T15:49:40.769+0000] {dagbag.py:588} INFO - Filling up the DagBag from /opt/airflow/dags/our_first_dag.py
[2025-03-12T15:49:40.783+0000] {processor.py:925} INFO - DAG(s) 'our_first_dag' retrieved from /opt/airflow/dags/our_first_dag.py
[2025-03-12T15:49:40.803+0000] {logging_mixin.py:190} INFO - [2025-03-12T15:49:40.802+0000] {dag.py:3239} INFO - Sync 1 DAGs
[2025-03-12T15:49:40.820+0000] {logging_mixin.py:190} INFO - [2025-03-12T15:49:40.820+0000] {dag.py:4180} INFO - Setting next_dagrun for our_first_dag to 2025-03-07 00:00:00+00:00, run_after=2025-03-08 00:00:00+00:00
[2025-03-12T15:49:40.838+0000] {processor.py:208} INFO - Processing /opt/airflow/dags/our_first_dag.py took 0.076 seconds
[2025-03-12T15:50:13.778+0000] {processor.py:186} INFO - Started process (PID=403) to work on /opt/airflow/dags/our_first_dag.py
[2025-03-12T15:50:13.778+0000] {processor.py:914} INFO - Processing file /opt/airflow/dags/our_first_dag.py for tasks to queue
[2025-03-12T15:50:13.780+0000] {logging_mixin.py:190} INFO - [2025-03-12T15:50:13.780+0000] {dagbag.py:588} INFO - Filling up the DagBag from /opt/airflow/dags/our_first_dag.py
[2025-03-12T15:50:13.793+0000] {processor.py:925} INFO - DAG(s) 'our_first_dag' retrieved from /opt/airflow/dags/our_first_dag.py
[2025-03-12T15:50:13.813+0000] {logging_mixin.py:190} INFO - [2025-03-12T15:50:13.813+0000] {dag.py:3239} INFO - Sync 1 DAGs
[2025-03-12T15:50:13.832+0000] {logging_mixin.py:190} INFO - [2025-03-12T15:50:13.832+0000] {dag.py:4180} INFO - Setting next_dagrun for our_first_dag to 2025-03-07 00:00:00+00:00, run_after=2025-03-08 00:00:00+00:00
[2025-03-12T15:50:13.849+0000] {processor.py:208} INFO - Processing /opt/airflow/dags/our_first_dag.py took 0.075 seconds
[2025-03-12T15:50:47.747+0000] {processor.py:186} INFO - Started process (PID=429) to work on /opt/airflow/dags/our_first_dag.py
[2025-03-12T15:50:47.748+0000] {processor.py:914} INFO - Processing file /opt/airflow/dags/our_first_dag.py for tasks to queue
[2025-03-12T15:50:47.750+0000] {logging_mixin.py:190} INFO - [2025-03-12T15:50:47.750+0000] {dagbag.py:588} INFO - Filling up the DagBag from /opt/airflow/dags/our_first_dag.py
[2025-03-12T15:50:47.763+0000] {processor.py:925} INFO - DAG(s) 'our_first_dag' retrieved from /opt/airflow/dags/our_first_dag.py
[2025-03-12T15:50:47.783+0000] {logging_mixin.py:190} INFO - [2025-03-12T15:50:47.783+0000] {dag.py:3239} INFO - Sync 1 DAGs
[2025-03-12T15:50:47.803+0000] {logging_mixin.py:190} INFO - [2025-03-12T15:50:47.803+0000] {dag.py:4180} INFO - Setting next_dagrun for our_first_dag to 2025-03-07 00:00:00+00:00, run_after=2025-03-08 00:00:00+00:00
[2025-03-12T15:50:47.820+0000] {processor.py:208} INFO - Processing /opt/airflow/dags/our_first_dag.py took 0.077 seconds
[2025-03-12T15:51:20.856+0000] {processor.py:186} INFO - Started process (PID=458) to work on /opt/airflow/dags/our_first_dag.py
[2025-03-12T15:51:20.857+0000] {processor.py:914} INFO - Processing file /opt/airflow/dags/our_first_dag.py for tasks to queue
[2025-03-12T15:51:20.859+0000] {logging_mixin.py:190} INFO - [2025-03-12T15:51:20.858+0000] {dagbag.py:588} INFO - Filling up the DagBag from /opt/airflow/dags/our_first_dag.py
[2025-03-12T15:51:20.874+0000] {processor.py:925} INFO - DAG(s) 'our_first_dag' retrieved from /opt/airflow/dags/our_first_dag.py
[2025-03-12T15:51:20.898+0000] {logging_mixin.py:190} INFO - [2025-03-12T15:51:20.898+0000] {dag.py:3239} INFO - Sync 1 DAGs
[2025-03-12T15:51:20.922+0000] {logging_mixin.py:190} INFO - [2025-03-12T15:51:20.921+0000] {dag.py:4180} INFO - Setting next_dagrun for our_first_dag to 2025-03-07 00:00:00+00:00, run_after=2025-03-08 00:00:00+00:00
[2025-03-12T15:51:20.940+0000] {processor.py:208} INFO - Processing /opt/airflow/dags/our_first_dag.py took 0.089 seconds
[2025-03-12T15:51:53.870+0000] {processor.py:186} INFO - Started process (PID=484) to work on /opt/airflow/dags/our_first_dag.py
[2025-03-12T15:51:53.870+0000] {processor.py:914} INFO - Processing file /opt/airflow/dags/our_first_dag.py for tasks to queue
[2025-03-12T15:51:53.872+0000] {logging_mixin.py:190} INFO - [2025-03-12T15:51:53.872+0000] {dagbag.py:588} INFO - Filling up the DagBag from /opt/airflow/dags/our_first_dag.py
[2025-03-12T15:51:53.887+0000] {processor.py:925} INFO - DAG(s) 'our_first_dag' retrieved from /opt/airflow/dags/our_first_dag.py
[2025-03-12T15:51:53.909+0000] {logging_mixin.py:190} INFO - [2025-03-12T15:51:53.909+0000] {dag.py:3239} INFO - Sync 1 DAGs
[2025-03-12T15:51:53.930+0000] {logging_mixin.py:190} INFO - [2025-03-12T15:51:53.930+0000] {dag.py:4180} INFO - Setting next_dagrun for our_first_dag to 2025-03-07 00:00:00+00:00, run_after=2025-03-08 00:00:00+00:00
[2025-03-12T15:51:53.947+0000] {processor.py:208} INFO - Processing /opt/airflow/dags/our_first_dag.py took 0.082 seconds
[2025-03-12T15:52:27.074+0000] {processor.py:186} INFO - Started process (PID=510) to work on /opt/airflow/dags/our_first_dag.py
[2025-03-12T15:52:27.075+0000] {processor.py:914} INFO - Processing file /opt/airflow/dags/our_first_dag.py for tasks to queue
[2025-03-12T15:52:27.077+0000] {logging_mixin.py:190} INFO - [2025-03-12T15:52:27.076+0000] {dagbag.py:588} INFO - Filling up the DagBag from /opt/airflow/dags/our_first_dag.py
[2025-03-12T15:52:27.089+0000] {processor.py:925} INFO - DAG(s) 'our_first_dag' retrieved from /opt/airflow/dags/our_first_dag.py
[2025-03-12T15:52:27.108+0000] {logging_mixin.py:190} INFO - [2025-03-12T15:52:27.107+0000] {dag.py:3239} INFO - Sync 1 DAGs
[2025-03-12T15:52:27.124+0000] {logging_mixin.py:190} INFO - [2025-03-12T15:52:27.124+0000] {dag.py:4180} INFO - Setting next_dagrun for our_first_dag to 2025-03-07 00:00:00+00:00, run_after=2025-03-08 00:00:00+00:00
[2025-03-12T15:52:27.140+0000] {processor.py:208} INFO - Processing /opt/airflow/dags/our_first_dag.py took 0.070 seconds
[2025-03-12T15:53:01.171+0000] {processor.py:186} INFO - Started process (PID=536) to work on /opt/airflow/dags/our_first_dag.py
[2025-03-12T15:53:01.172+0000] {processor.py:914} INFO - Processing file /opt/airflow/dags/our_first_dag.py for tasks to queue
[2025-03-12T15:53:01.174+0000] {logging_mixin.py:190} INFO - [2025-03-12T15:53:01.173+0000] {dagbag.py:588} INFO - Filling up the DagBag from /opt/airflow/dags/our_first_dag.py
[2025-03-12T15:53:01.185+0000] {processor.py:925} INFO - DAG(s) 'our_first_dag' retrieved from /opt/airflow/dags/our_first_dag.py
[2025-03-12T15:53:01.204+0000] {logging_mixin.py:190} INFO - [2025-03-12T15:53:01.203+0000] {dag.py:3239} INFO - Sync 1 DAGs
[2025-03-12T15:53:01.224+0000] {logging_mixin.py:190} INFO - [2025-03-12T15:53:01.224+0000] {dag.py:4180} INFO - Setting next_dagrun for our_first_dag to 2025-03-07 00:00:00+00:00, run_after=2025-03-08 00:00:00+00:00
[2025-03-12T15:53:01.241+0000] {processor.py:208} INFO - Processing /opt/airflow/dags/our_first_dag.py took 0.075 seconds
[2025-03-12T15:53:34.173+0000] {processor.py:186} INFO - Started process (PID=565) to work on /opt/airflow/dags/our_first_dag.py
[2025-03-12T15:53:34.173+0000] {processor.py:914} INFO - Processing file /opt/airflow/dags/our_first_dag.py for tasks to queue
[2025-03-12T15:53:34.175+0000] {logging_mixin.py:190} INFO - [2025-03-12T15:53:34.175+0000] {dagbag.py:588} INFO - Filling up the DagBag from /opt/airflow/dags/our_first_dag.py
[2025-03-12T15:53:34.188+0000] {processor.py:925} INFO - DAG(s) 'our_first_dag' retrieved from /opt/airflow/dags/our_first_dag.py
[2025-03-12T15:53:34.208+0000] {logging_mixin.py:190} INFO - [2025-03-12T15:53:34.208+0000] {dag.py:3239} INFO - Sync 1 DAGs
[2025-03-12T15:53:34.226+0000] {logging_mixin.py:190} INFO - [2025-03-12T15:53:34.226+0000] {dag.py:4180} INFO - Setting next_dagrun for our_first_dag to 2025-03-07 00:00:00+00:00, run_after=2025-03-08 00:00:00+00:00
[2025-03-12T15:53:34.243+0000] {processor.py:208} INFO - Processing /opt/airflow/dags/our_first_dag.py took 0.075 seconds
[2025-03-12T15:54:07.261+0000] {processor.py:186} INFO - Started process (PID=591) to work on /opt/airflow/dags/our_first_dag.py
[2025-03-12T15:54:07.262+0000] {processor.py:914} INFO - Processing file /opt/airflow/dags/our_first_dag.py for tasks to queue
[2025-03-12T15:54:07.264+0000] {logging_mixin.py:190} INFO - [2025-03-12T15:54:07.264+0000] {dagbag.py:588} INFO - Filling up the DagBag from /opt/airflow/dags/our_first_dag.py
[2025-03-12T15:54:07.279+0000] {processor.py:925} INFO - DAG(s) 'our_first_dag' retrieved from /opt/airflow/dags/our_first_dag.py
[2025-03-12T15:54:07.299+0000] {logging_mixin.py:190} INFO - [2025-03-12T15:54:07.299+0000] {dag.py:3239} INFO - Sync 1 DAGs
[2025-03-12T15:54:07.318+0000] {logging_mixin.py:190} INFO - [2025-03-12T15:54:07.318+0000] {dag.py:4180} INFO - Setting next_dagrun for our_first_dag to 2025-03-07 00:00:00+00:00, run_after=2025-03-08 00:00:00+00:00
[2025-03-12T15:54:07.332+0000] {processor.py:208} INFO - Processing /opt/airflow/dags/our_first_dag.py took 0.075 seconds
[2025-03-12T15:54:40.402+0000] {processor.py:186} INFO - Started process (PID=617) to work on /opt/airflow/dags/our_first_dag.py
[2025-03-12T15:54:40.403+0000] {processor.py:914} INFO - Processing file /opt/airflow/dags/our_first_dag.py for tasks to queue
[2025-03-12T15:54:40.405+0000] {logging_mixin.py:190} INFO - [2025-03-12T15:54:40.404+0000] {dagbag.py:588} INFO - Filling up the DagBag from /opt/airflow/dags/our_first_dag.py
[2025-03-12T15:54:40.417+0000] {processor.py:925} INFO - DAG(s) 'our_first_dag' retrieved from /opt/airflow/dags/our_first_dag.py
[2025-03-12T15:54:40.437+0000] {logging_mixin.py:190} INFO - [2025-03-12T15:54:40.436+0000] {dag.py:3239} INFO - Sync 1 DAGs
[2025-03-12T15:54:40.454+0000] {logging_mixin.py:190} INFO - [2025-03-12T15:54:40.454+0000] {dag.py:4180} INFO - Setting next_dagrun for our_first_dag to 2025-03-07 00:00:00+00:00, run_after=2025-03-08 00:00:00+00:00
[2025-03-12T15:54:40.471+0000] {processor.py:208} INFO - Processing /opt/airflow/dags/our_first_dag.py took 0.073 seconds
[2025-03-12T15:55:14.464+0000] {processor.py:186} INFO - Started process (PID=646) to work on /opt/airflow/dags/our_first_dag.py
[2025-03-12T15:55:14.465+0000] {processor.py:914} INFO - Processing file /opt/airflow/dags/our_first_dag.py for tasks to queue
[2025-03-12T15:55:14.467+0000] {logging_mixin.py:190} INFO - [2025-03-12T15:55:14.467+0000] {dagbag.py:588} INFO - Filling up the DagBag from /opt/airflow/dags/our_first_dag.py
[2025-03-12T15:55:14.479+0000] {processor.py:925} INFO - DAG(s) 'our_first_dag' retrieved from /opt/airflow/dags/our_first_dag.py
[2025-03-12T15:55:14.498+0000] {logging_mixin.py:190} INFO - [2025-03-12T15:55:14.498+0000] {dag.py:3239} INFO - Sync 1 DAGs
[2025-03-12T15:55:14.515+0000] {logging_mixin.py:190} INFO - [2025-03-12T15:55:14.514+0000] {dag.py:4180} INFO - Setting next_dagrun for our_first_dag to 2025-03-07 00:00:00+00:00, run_after=2025-03-08 00:00:00+00:00
[2025-03-12T15:55:14.530+0000] {processor.py:208} INFO - Processing /opt/airflow/dags/our_first_dag.py took 0.069 seconds
[2025-03-12T15:55:47.441+0000] {processor.py:186} INFO - Started process (PID=672) to work on /opt/airflow/dags/our_first_dag.py
[2025-03-12T15:55:47.442+0000] {processor.py:914} INFO - Processing file /opt/airflow/dags/our_first_dag.py for tasks to queue
[2025-03-12T15:55:47.444+0000] {logging_mixin.py:190} INFO - [2025-03-12T15:55:47.443+0000] {dagbag.py:588} INFO - Filling up the DagBag from /opt/airflow/dags/our_first_dag.py
[2025-03-12T15:55:47.459+0000] {processor.py:925} INFO - DAG(s) 'our_first_dag' retrieved from /opt/airflow/dags/our_first_dag.py
[2025-03-12T15:55:47.480+0000] {logging_mixin.py:190} INFO - [2025-03-12T15:55:47.480+0000] {dag.py:3239} INFO - Sync 1 DAGs
[2025-03-12T15:55:47.500+0000] {logging_mixin.py:190} INFO - [2025-03-12T15:55:47.500+0000] {dag.py:4180} INFO - Setting next_dagrun for our_first_dag to 2025-03-07 00:00:00+00:00, run_after=2025-03-08 00:00:00+00:00
[2025-03-12T15:55:47.518+0000] {processor.py:208} INFO - Processing /opt/airflow/dags/our_first_dag.py took 0.081 seconds
[2025-03-12T15:56:20.544+0000] {processor.py:186} INFO - Started process (PID=698) to work on /opt/airflow/dags/our_first_dag.py
[2025-03-12T15:56:20.545+0000] {processor.py:914} INFO - Processing file /opt/airflow/dags/our_first_dag.py for tasks to queue
[2025-03-12T15:56:20.546+0000] {logging_mixin.py:190} INFO - [2025-03-12T15:56:20.546+0000] {dagbag.py:588} INFO - Filling up the DagBag from /opt/airflow/dags/our_first_dag.py
[2025-03-12T15:56:20.560+0000] {processor.py:925} INFO - DAG(s) 'our_first_dag' retrieved from /opt/airflow/dags/our_first_dag.py
[2025-03-12T15:56:20.580+0000] {logging_mixin.py:190} INFO - [2025-03-12T15:56:20.580+0000] {dag.py:3239} INFO - Sync 1 DAGs
[2025-03-12T15:56:20.597+0000] {logging_mixin.py:190} INFO - [2025-03-12T15:56:20.597+0000] {dag.py:4180} INFO - Setting next_dagrun for our_first_dag to 2025-03-07 00:00:00+00:00, run_after=2025-03-08 00:00:00+00:00
[2025-03-12T15:56:20.614+0000] {processor.py:208} INFO - Processing /opt/airflow/dags/our_first_dag.py took 0.074 seconds
[2025-03-12T15:56:53.614+0000] {processor.py:186} INFO - Started process (PID=724) to work on /opt/airflow/dags/our_first_dag.py
[2025-03-12T15:56:53.614+0000] {processor.py:914} INFO - Processing file /opt/airflow/dags/our_first_dag.py for tasks to queue
[2025-03-12T15:56:53.616+0000] {logging_mixin.py:190} INFO - [2025-03-12T15:56:53.616+0000] {dagbag.py:588} INFO - Filling up the DagBag from /opt/airflow/dags/our_first_dag.py
[2025-03-12T15:56:53.629+0000] {processor.py:925} INFO - DAG(s) 'our_first_dag' retrieved from /opt/airflow/dags/our_first_dag.py
[2025-03-12T15:56:53.650+0000] {logging_mixin.py:190} INFO - [2025-03-12T15:56:53.650+0000] {dag.py:3239} INFO - Sync 1 DAGs
[2025-03-12T15:56:53.668+0000] {logging_mixin.py:190} INFO - [2025-03-12T15:56:53.668+0000] {dag.py:4180} INFO - Setting next_dagrun for our_first_dag to 2025-03-07 00:00:00+00:00, run_after=2025-03-08 00:00:00+00:00
[2025-03-12T15:56:53.685+0000] {processor.py:208} INFO - Processing /opt/airflow/dags/our_first_dag.py took 0.076 seconds
[2025-03-12T15:57:27.745+0000] {processor.py:186} INFO - Started process (PID=751) to work on /opt/airflow/dags/our_first_dag.py
[2025-03-12T15:57:27.745+0000] {processor.py:914} INFO - Processing file /opt/airflow/dags/our_first_dag.py for tasks to queue
[2025-03-12T15:57:27.747+0000] {logging_mixin.py:190} INFO - [2025-03-12T15:57:27.747+0000] {dagbag.py:588} INFO - Filling up the DagBag from /opt/airflow/dags/our_first_dag.py
[2025-03-12T15:57:27.760+0000] {processor.py:925} INFO - DAG(s) 'our_first_dag' retrieved from /opt/airflow/dags/our_first_dag.py
[2025-03-12T15:57:27.779+0000] {logging_mixin.py:190} INFO - [2025-03-12T15:57:27.779+0000] {dag.py:3239} INFO - Sync 1 DAGs
[2025-03-12T15:57:27.796+0000] {logging_mixin.py:190} INFO - [2025-03-12T15:57:27.796+0000] {dag.py:4180} INFO - Setting next_dagrun for our_first_dag to 2025-03-07 00:00:00+00:00, run_after=2025-03-08 00:00:00+00:00
[2025-03-12T15:57:27.813+0000] {processor.py:208} INFO - Processing /opt/airflow/dags/our_first_dag.py took 0.073 seconds
