[2025-03-12T15:45:59.673+0000] {processor.py:186} INFO - Started process (PID=182) to work on /opt/airflow/dags/Website2mongo.py
[2025-03-12T15:45:59.674+0000] {processor.py:914} INFO - Processing file /opt/airflow/dags/Website2mongo.py for tasks to queue
[2025-03-12T15:45:59.678+0000] {logging_mixin.py:190} INFO - [2025-03-12T15:45:59.677+0000] {dagbag.py:588} INFO - Filling up the DagBag from /opt/airflow/dags/Website2mongo.py
[2025-03-12T15:46:00.196+0000] {processor.py:925} INFO - DAG(s) 'web_scraping_dag' retrieved from /opt/airflow/dags/Website2mongo.py
[2025-03-12T15:46:00.684+0000] {logging_mixin.py:190} INFO - [2025-03-12T15:46:00.683+0000] {override.py:1912} INFO - Created Permission View: can read on DAG:web_scraping_dag
[2025-03-12T15:46:00.702+0000] {logging_mixin.py:190} INFO - [2025-03-12T15:46:00.701+0000] {override.py:1912} INFO - Created Permission View: can edit on DAG:web_scraping_dag
[2025-03-12T15:46:00.714+0000] {logging_mixin.py:190} INFO - [2025-03-12T15:46:00.714+0000] {override.py:1912} INFO - Created Permission View: can delete on DAG:web_scraping_dag
[2025-03-12T15:46:00.724+0000] {logging_mixin.py:190} INFO - [2025-03-12T15:46:00.723+0000] {override.py:1912} INFO - Created Permission View: menu access on DAG Run:web_scraping_dag
[2025-03-12T15:46:00.733+0000] {logging_mixin.py:190} INFO - [2025-03-12T15:46:00.733+0000] {override.py:1912} INFO - Created Permission View: can create on DAG Run:web_scraping_dag
[2025-03-12T15:46:00.742+0000] {logging_mixin.py:190} INFO - [2025-03-12T15:46:00.741+0000] {override.py:1912} INFO - Created Permission View: can read on DAG Run:web_scraping_dag
[2025-03-12T15:46:00.750+0000] {logging_mixin.py:190} INFO - [2025-03-12T15:46:00.750+0000] {override.py:1912} INFO - Created Permission View: can delete on DAG Run:web_scraping_dag
[2025-03-12T15:46:00.751+0000] {logging_mixin.py:190} INFO - [2025-03-12T15:46:00.751+0000] {dag.py:3239} INFO - Sync 1 DAGs
[2025-03-12T15:46:00.767+0000] {logging_mixin.py:190} INFO - [2025-03-12T15:46:00.767+0000] {dag.py:3262} INFO - Creating ORM DAG for web_scraping_dag
[2025-03-12T15:46:00.779+0000] {logging_mixin.py:190} INFO - [2025-03-12T15:46:00.779+0000] {dag.py:4180} INFO - Setting next_dagrun for web_scraping_dag to 2025-03-09 00:00:00+00:00, run_after=2025-03-16 00:00:00+00:00
[2025-03-12T15:46:00.804+0000] {processor.py:208} INFO - Processing /opt/airflow/dags/Website2mongo.py took 1.139 seconds
[2025-03-12T15:46:30.888+0000] {processor.py:186} INFO - Started process (PID=213) to work on /opt/airflow/dags/Website2mongo.py
[2025-03-12T15:46:30.889+0000] {processor.py:914} INFO - Processing file /opt/airflow/dags/Website2mongo.py for tasks to queue
[2025-03-12T15:46:30.891+0000] {logging_mixin.py:190} INFO - [2025-03-12T15:46:30.891+0000] {dagbag.py:588} INFO - Filling up the DagBag from /opt/airflow/dags/Website2mongo.py
[2025-03-12T15:46:31.016+0000] {processor.py:925} INFO - DAG(s) 'web_scraping_dag' retrieved from /opt/airflow/dags/Website2mongo.py
[2025-03-12T15:46:31.034+0000] {logging_mixin.py:190} INFO - [2025-03-12T15:46:31.034+0000] {dag.py:3239} INFO - Sync 1 DAGs
[2025-03-12T15:46:31.153+0000] {logging_mixin.py:190} INFO - [2025-03-12T15:46:31.152+0000] {dag.py:4180} INFO - Setting next_dagrun for web_scraping_dag to 2025-03-09 00:00:00+00:00, run_after=2025-03-16 00:00:00+00:00
[2025-03-12T15:46:31.167+0000] {processor.py:208} INFO - Processing /opt/airflow/dags/Website2mongo.py took 0.284 seconds
[2025-03-12T15:47:01.911+0000] {processor.py:186} INFO - Started process (PID=242) to work on /opt/airflow/dags/Website2mongo.py
[2025-03-12T15:47:01.912+0000] {processor.py:914} INFO - Processing file /opt/airflow/dags/Website2mongo.py for tasks to queue
[2025-03-12T15:47:01.914+0000] {logging_mixin.py:190} INFO - [2025-03-12T15:47:01.914+0000] {dagbag.py:588} INFO - Filling up the DagBag from /opt/airflow/dags/Website2mongo.py
[2025-03-12T15:47:02.028+0000] {processor.py:925} INFO - DAG(s) 'web_scraping_dag' retrieved from /opt/airflow/dags/Website2mongo.py
[2025-03-12T15:47:02.151+0000] {logging_mixin.py:190} INFO - [2025-03-12T15:47:02.150+0000] {dag.py:3239} INFO - Sync 1 DAGs
[2025-03-12T15:47:02.168+0000] {logging_mixin.py:190} INFO - [2025-03-12T15:47:02.168+0000] {dag.py:4180} INFO - Setting next_dagrun for web_scraping_dag to 2025-03-09 00:00:00+00:00, run_after=2025-03-16 00:00:00+00:00
[2025-03-12T15:47:02.183+0000] {processor.py:208} INFO - Processing /opt/airflow/dags/Website2mongo.py took 0.276 seconds
[2025-03-12T15:47:32.864+0000] {processor.py:186} INFO - Started process (PID=271) to work on /opt/airflow/dags/Website2mongo.py
[2025-03-12T15:47:32.865+0000] {processor.py:914} INFO - Processing file /opt/airflow/dags/Website2mongo.py for tasks to queue
[2025-03-12T15:47:32.867+0000] {logging_mixin.py:190} INFO - [2025-03-12T15:47:32.866+0000] {dagbag.py:588} INFO - Filling up the DagBag from /opt/airflow/dags/Website2mongo.py
[2025-03-12T15:47:32.972+0000] {processor.py:925} INFO - DAG(s) 'web_scraping_dag' retrieved from /opt/airflow/dags/Website2mongo.py
[2025-03-12T15:47:33.103+0000] {logging_mixin.py:190} INFO - [2025-03-12T15:47:33.103+0000] {dag.py:3239} INFO - Sync 1 DAGs
[2025-03-12T15:47:33.119+0000] {logging_mixin.py:190} INFO - [2025-03-12T15:47:33.119+0000] {dag.py:4180} INFO - Setting next_dagrun for web_scraping_dag to 2025-03-09 00:00:00+00:00, run_after=2025-03-16 00:00:00+00:00
[2025-03-12T15:47:33.134+0000] {processor.py:208} INFO - Processing /opt/airflow/dags/Website2mongo.py took 0.274 seconds
[2025-03-12T15:48:03.787+0000] {processor.py:186} INFO - Started process (PID=297) to work on /opt/airflow/dags/Website2mongo.py
[2025-03-12T15:48:03.787+0000] {processor.py:914} INFO - Processing file /opt/airflow/dags/Website2mongo.py for tasks to queue
[2025-03-12T15:48:03.789+0000] {logging_mixin.py:190} INFO - [2025-03-12T15:48:03.789+0000] {dagbag.py:588} INFO - Filling up the DagBag from /opt/airflow/dags/Website2mongo.py
[2025-03-12T15:48:04.013+0000] {processor.py:925} INFO - DAG(s) 'web_scraping_dag' retrieved from /opt/airflow/dags/Website2mongo.py
[2025-03-12T15:48:04.029+0000] {logging_mixin.py:190} INFO - [2025-03-12T15:48:04.029+0000] {dag.py:3239} INFO - Sync 1 DAGs
[2025-03-12T15:48:04.044+0000] {logging_mixin.py:190} INFO - [2025-03-12T15:48:04.044+0000] {dag.py:4180} INFO - Setting next_dagrun for web_scraping_dag to 2025-03-09 00:00:00+00:00, run_after=2025-03-16 00:00:00+00:00
[2025-03-12T15:48:04.058+0000] {processor.py:208} INFO - Processing /opt/airflow/dags/Website2mongo.py took 0.276 seconds
[2025-03-12T15:48:34.753+0000] {processor.py:186} INFO - Started process (PID=323) to work on /opt/airflow/dags/Website2mongo.py
[2025-03-12T15:48:34.754+0000] {processor.py:914} INFO - Processing file /opt/airflow/dags/Website2mongo.py for tasks to queue
[2025-03-12T15:48:34.756+0000] {logging_mixin.py:190} INFO - [2025-03-12T15:48:34.756+0000] {dagbag.py:588} INFO - Filling up the DagBag from /opt/airflow/dags/Website2mongo.py
[2025-03-12T15:48:34.983+0000] {processor.py:925} INFO - DAG(s) 'web_scraping_dag' retrieved from /opt/airflow/dags/Website2mongo.py
[2025-03-12T15:48:34.998+0000] {logging_mixin.py:190} INFO - [2025-03-12T15:48:34.998+0000] {dag.py:3239} INFO - Sync 1 DAGs
[2025-03-12T15:48:35.013+0000] {logging_mixin.py:190} INFO - [2025-03-12T15:48:35.013+0000] {dag.py:4180} INFO - Setting next_dagrun for web_scraping_dag to 2025-03-09 00:00:00+00:00, run_after=2025-03-16 00:00:00+00:00
[2025-03-12T15:48:35.029+0000] {processor.py:208} INFO - Processing /opt/airflow/dags/Website2mongo.py took 0.281 seconds
[2025-03-12T15:49:07.716+0000] {processor.py:186} INFO - Started process (PID=348) to work on /opt/airflow/dags/Website2mongo.py
[2025-03-12T15:49:07.716+0000] {processor.py:914} INFO - Processing file /opt/airflow/dags/Website2mongo.py for tasks to queue
[2025-03-12T15:49:07.718+0000] {logging_mixin.py:190} INFO - [2025-03-12T15:49:07.718+0000] {dagbag.py:588} INFO - Filling up the DagBag from /opt/airflow/dags/Website2mongo.py
[2025-03-12T15:49:07.928+0000] {processor.py:925} INFO - DAG(s) 'web_scraping_dag' retrieved from /opt/airflow/dags/Website2mongo.py
[2025-03-12T15:49:07.945+0000] {logging_mixin.py:190} INFO - [2025-03-12T15:49:07.945+0000] {dag.py:3239} INFO - Sync 1 DAGs
[2025-03-12T15:49:07.962+0000] {logging_mixin.py:190} INFO - [2025-03-12T15:49:07.962+0000] {dag.py:4180} INFO - Setting next_dagrun for web_scraping_dag to 2025-03-09 00:00:00+00:00, run_after=2025-03-16 00:00:00+00:00
[2025-03-12T15:49:07.977+0000] {processor.py:208} INFO - Processing /opt/airflow/dags/Website2mongo.py took 0.266 seconds
[2025-03-12T15:49:40.761+0000] {processor.py:186} INFO - Started process (PID=374) to work on /opt/airflow/dags/Website2mongo.py
[2025-03-12T15:49:40.762+0000] {processor.py:914} INFO - Processing file /opt/airflow/dags/Website2mongo.py for tasks to queue
[2025-03-12T15:49:40.764+0000] {logging_mixin.py:190} INFO - [2025-03-12T15:49:40.764+0000] {dagbag.py:588} INFO - Filling up the DagBag from /opt/airflow/dags/Website2mongo.py
[2025-03-12T15:49:40.963+0000] {processor.py:925} INFO - DAG(s) 'web_scraping_dag' retrieved from /opt/airflow/dags/Website2mongo.py
[2025-03-12T15:49:40.981+0000] {logging_mixin.py:190} INFO - [2025-03-12T15:49:40.980+0000] {dag.py:3239} INFO - Sync 1 DAGs
[2025-03-12T15:49:40.998+0000] {logging_mixin.py:190} INFO - [2025-03-12T15:49:40.998+0000] {dag.py:4180} INFO - Setting next_dagrun for web_scraping_dag to 2025-03-09 00:00:00+00:00, run_after=2025-03-16 00:00:00+00:00
[2025-03-12T15:49:41.011+0000] {processor.py:208} INFO - Processing /opt/airflow/dags/Website2mongo.py took 0.255 seconds
[2025-03-12T15:50:13.775+0000] {processor.py:186} INFO - Started process (PID=400) to work on /opt/airflow/dags/Website2mongo.py
[2025-03-12T15:50:13.775+0000] {processor.py:914} INFO - Processing file /opt/airflow/dags/Website2mongo.py for tasks to queue
[2025-03-12T15:50:13.777+0000] {logging_mixin.py:190} INFO - [2025-03-12T15:50:13.777+0000] {dagbag.py:588} INFO - Filling up the DagBag from /opt/airflow/dags/Website2mongo.py
[2025-03-12T15:50:13.976+0000] {processor.py:925} INFO - DAG(s) 'web_scraping_dag' retrieved from /opt/airflow/dags/Website2mongo.py
[2025-03-12T15:50:13.997+0000] {logging_mixin.py:190} INFO - [2025-03-12T15:50:13.997+0000] {dag.py:3239} INFO - Sync 1 DAGs
[2025-03-12T15:50:14.015+0000] {logging_mixin.py:190} INFO - [2025-03-12T15:50:14.015+0000] {dag.py:4180} INFO - Setting next_dagrun for web_scraping_dag to 2025-03-09 00:00:00+00:00, run_after=2025-03-16 00:00:00+00:00
[2025-03-12T15:50:14.030+0000] {processor.py:208} INFO - Processing /opt/airflow/dags/Website2mongo.py took 0.260 seconds
[2025-03-12T15:50:47.744+0000] {processor.py:186} INFO - Started process (PID=426) to work on /opt/airflow/dags/Website2mongo.py
[2025-03-12T15:50:47.745+0000] {processor.py:914} INFO - Processing file /opt/airflow/dags/Website2mongo.py for tasks to queue
[2025-03-12T15:50:47.746+0000] {logging_mixin.py:190} INFO - [2025-03-12T15:50:47.746+0000] {dagbag.py:588} INFO - Filling up the DagBag from /opt/airflow/dags/Website2mongo.py
[2025-03-12T15:50:47.947+0000] {processor.py:925} INFO - DAG(s) 'web_scraping_dag' retrieved from /opt/airflow/dags/Website2mongo.py
[2025-03-12T15:50:47.964+0000] {logging_mixin.py:190} INFO - [2025-03-12T15:50:47.964+0000] {dag.py:3239} INFO - Sync 1 DAGs
[2025-03-12T15:50:47.982+0000] {logging_mixin.py:190} INFO - [2025-03-12T15:50:47.981+0000] {dag.py:4180} INFO - Setting next_dagrun for web_scraping_dag to 2025-03-09 00:00:00+00:00, run_after=2025-03-16 00:00:00+00:00
[2025-03-12T15:50:47.995+0000] {processor.py:208} INFO - Processing /opt/airflow/dags/Website2mongo.py took 0.256 seconds
[2025-03-12T15:51:20.852+0000] {processor.py:186} INFO - Started process (PID=455) to work on /opt/airflow/dags/Website2mongo.py
[2025-03-12T15:51:20.853+0000] {processor.py:914} INFO - Processing file /opt/airflow/dags/Website2mongo.py for tasks to queue
[2025-03-12T15:51:20.855+0000] {logging_mixin.py:190} INFO - [2025-03-12T15:51:20.855+0000] {dagbag.py:588} INFO - Filling up the DagBag from /opt/airflow/dags/Website2mongo.py
[2025-03-12T15:51:21.075+0000] {processor.py:925} INFO - DAG(s) 'web_scraping_dag' retrieved from /opt/airflow/dags/Website2mongo.py
[2025-03-12T15:51:21.090+0000] {logging_mixin.py:190} INFO - [2025-03-12T15:51:21.090+0000] {dag.py:3239} INFO - Sync 1 DAGs
[2025-03-12T15:51:21.106+0000] {logging_mixin.py:190} INFO - [2025-03-12T15:51:21.106+0000] {dag.py:4180} INFO - Setting next_dagrun for web_scraping_dag to 2025-03-09 00:00:00+00:00, run_after=2025-03-16 00:00:00+00:00
[2025-03-12T15:51:21.122+0000] {processor.py:208} INFO - Processing /opt/airflow/dags/Website2mongo.py took 0.275 seconds
[2025-03-12T15:51:53.866+0000] {processor.py:186} INFO - Started process (PID=481) to work on /opt/airflow/dags/Website2mongo.py
[2025-03-12T15:51:53.867+0000] {processor.py:914} INFO - Processing file /opt/airflow/dags/Website2mongo.py for tasks to queue
[2025-03-12T15:51:53.869+0000] {logging_mixin.py:190} INFO - [2025-03-12T15:51:53.869+0000] {dagbag.py:588} INFO - Filling up the DagBag from /opt/airflow/dags/Website2mongo.py
[2025-03-12T15:51:54.105+0000] {processor.py:925} INFO - DAG(s) 'web_scraping_dag' retrieved from /opt/airflow/dags/Website2mongo.py
[2025-03-12T15:51:54.126+0000] {logging_mixin.py:190} INFO - [2025-03-12T15:51:54.126+0000] {dag.py:3239} INFO - Sync 1 DAGs
[2025-03-12T15:51:54.148+0000] {logging_mixin.py:190} INFO - [2025-03-12T15:51:54.147+0000] {dag.py:4180} INFO - Setting next_dagrun for web_scraping_dag to 2025-03-09 00:00:00+00:00, run_after=2025-03-16 00:00:00+00:00
[2025-03-12T15:51:54.163+0000] {processor.py:208} INFO - Processing /opt/airflow/dags/Website2mongo.py took 0.304 seconds
[2025-03-12T15:52:27.069+0000] {processor.py:186} INFO - Started process (PID=507) to work on /opt/airflow/dags/Website2mongo.py
[2025-03-12T15:52:27.070+0000] {processor.py:914} INFO - Processing file /opt/airflow/dags/Website2mongo.py for tasks to queue
[2025-03-12T15:52:27.072+0000] {logging_mixin.py:190} INFO - [2025-03-12T15:52:27.071+0000] {dagbag.py:588} INFO - Filling up the DagBag from /opt/airflow/dags/Website2mongo.py
[2025-03-12T15:52:27.258+0000] {processor.py:925} INFO - DAG(s) 'web_scraping_dag' retrieved from /opt/airflow/dags/Website2mongo.py
[2025-03-12T15:52:27.275+0000] {logging_mixin.py:190} INFO - [2025-03-12T15:52:27.275+0000] {dag.py:3239} INFO - Sync 1 DAGs
[2025-03-12T15:52:27.292+0000] {logging_mixin.py:190} INFO - [2025-03-12T15:52:27.292+0000] {dag.py:4180} INFO - Setting next_dagrun for web_scraping_dag to 2025-03-09 00:00:00+00:00, run_after=2025-03-16 00:00:00+00:00
[2025-03-12T15:52:27.304+0000] {processor.py:208} INFO - Processing /opt/airflow/dags/Website2mongo.py took 0.239 seconds
[2025-03-12T15:53:01.165+0000] {processor.py:186} INFO - Started process (PID=533) to work on /opt/airflow/dags/Website2mongo.py
[2025-03-12T15:53:01.165+0000] {processor.py:914} INFO - Processing file /opt/airflow/dags/Website2mongo.py for tasks to queue
[2025-03-12T15:53:01.167+0000] {logging_mixin.py:190} INFO - [2025-03-12T15:53:01.167+0000] {dagbag.py:588} INFO - Filling up the DagBag from /opt/airflow/dags/Website2mongo.py
[2025-03-12T15:53:01.370+0000] {processor.py:925} INFO - DAG(s) 'web_scraping_dag' retrieved from /opt/airflow/dags/Website2mongo.py
[2025-03-12T15:53:01.389+0000] {logging_mixin.py:190} INFO - [2025-03-12T15:53:01.389+0000] {dag.py:3239} INFO - Sync 1 DAGs
[2025-03-12T15:53:01.406+0000] {logging_mixin.py:190} INFO - [2025-03-12T15:53:01.406+0000] {dag.py:4180} INFO - Setting next_dagrun for web_scraping_dag to 2025-03-09 00:00:00+00:00, run_after=2025-03-16 00:00:00+00:00
[2025-03-12T15:53:01.422+0000] {processor.py:208} INFO - Processing /opt/airflow/dags/Website2mongo.py took 0.262 seconds
[2025-03-12T15:53:34.168+0000] {processor.py:186} INFO - Started process (PID=562) to work on /opt/airflow/dags/Website2mongo.py
[2025-03-12T15:53:34.169+0000] {processor.py:914} INFO - Processing file /opt/airflow/dags/Website2mongo.py for tasks to queue
[2025-03-12T15:53:34.171+0000] {logging_mixin.py:190} INFO - [2025-03-12T15:53:34.171+0000] {dagbag.py:588} INFO - Filling up the DagBag from /opt/airflow/dags/Website2mongo.py
[2025-03-12T15:53:34.371+0000] {processor.py:925} INFO - DAG(s) 'web_scraping_dag' retrieved from /opt/airflow/dags/Website2mongo.py
[2025-03-12T15:53:34.390+0000] {logging_mixin.py:190} INFO - [2025-03-12T15:53:34.390+0000] {dag.py:3239} INFO - Sync 1 DAGs
[2025-03-12T15:53:34.407+0000] {logging_mixin.py:190} INFO - [2025-03-12T15:53:34.406+0000] {dag.py:4180} INFO - Setting next_dagrun for web_scraping_dag to 2025-03-09 00:00:00+00:00, run_after=2025-03-16 00:00:00+00:00
[2025-03-12T15:53:34.421+0000] {processor.py:208} INFO - Processing /opt/airflow/dags/Website2mongo.py took 0.258 seconds
[2025-03-12T15:54:07.255+0000] {processor.py:186} INFO - Started process (PID=588) to work on /opt/airflow/dags/Website2mongo.py
[2025-03-12T15:54:07.256+0000] {processor.py:914} INFO - Processing file /opt/airflow/dags/Website2mongo.py for tasks to queue
[2025-03-12T15:54:07.258+0000] {logging_mixin.py:190} INFO - [2025-03-12T15:54:07.258+0000] {dagbag.py:588} INFO - Filling up the DagBag from /opt/airflow/dags/Website2mongo.py
[2025-03-12T15:54:07.465+0000] {processor.py:925} INFO - DAG(s) 'web_scraping_dag' retrieved from /opt/airflow/dags/Website2mongo.py
[2025-03-12T15:54:07.480+0000] {logging_mixin.py:190} INFO - [2025-03-12T15:54:07.480+0000] {dag.py:3239} INFO - Sync 1 DAGs
[2025-03-12T15:54:07.496+0000] {logging_mixin.py:190} INFO - [2025-03-12T15:54:07.496+0000] {dag.py:4180} INFO - Setting next_dagrun for web_scraping_dag to 2025-03-09 00:00:00+00:00, run_after=2025-03-16 00:00:00+00:00
[2025-03-12T15:54:07.512+0000] {processor.py:208} INFO - Processing /opt/airflow/dags/Website2mongo.py took 0.262 seconds
[2025-03-12T15:54:40.396+0000] {processor.py:186} INFO - Started process (PID=614) to work on /opt/airflow/dags/Website2mongo.py
[2025-03-12T15:54:40.397+0000] {processor.py:914} INFO - Processing file /opt/airflow/dags/Website2mongo.py for tasks to queue
[2025-03-12T15:54:40.399+0000] {logging_mixin.py:190} INFO - [2025-03-12T15:54:40.399+0000] {dagbag.py:588} INFO - Filling up the DagBag from /opt/airflow/dags/Website2mongo.py
[2025-03-12T15:54:40.590+0000] {processor.py:925} INFO - DAG(s) 'web_scraping_dag' retrieved from /opt/airflow/dags/Website2mongo.py
[2025-03-12T15:54:40.607+0000] {logging_mixin.py:190} INFO - [2025-03-12T15:54:40.607+0000] {dag.py:3239} INFO - Sync 1 DAGs
[2025-03-12T15:54:40.623+0000] {logging_mixin.py:190} INFO - [2025-03-12T15:54:40.623+0000] {dag.py:4180} INFO - Setting next_dagrun for web_scraping_dag to 2025-03-09 00:00:00+00:00, run_after=2025-03-16 00:00:00+00:00
[2025-03-12T15:54:40.637+0000] {processor.py:208} INFO - Processing /opt/airflow/dags/Website2mongo.py took 0.245 seconds
[2025-03-12T15:55:14.460+0000] {processor.py:186} INFO - Started process (PID=643) to work on /opt/airflow/dags/Website2mongo.py
[2025-03-12T15:55:14.461+0000] {processor.py:914} INFO - Processing file /opt/airflow/dags/Website2mongo.py for tasks to queue
[2025-03-12T15:55:14.462+0000] {logging_mixin.py:190} INFO - [2025-03-12T15:55:14.462+0000] {dagbag.py:588} INFO - Filling up the DagBag from /opt/airflow/dags/Website2mongo.py
[2025-03-12T15:55:14.641+0000] {processor.py:925} INFO - DAG(s) 'web_scraping_dag' retrieved from /opt/airflow/dags/Website2mongo.py
[2025-03-12T15:55:14.658+0000] {logging_mixin.py:190} INFO - [2025-03-12T15:55:14.658+0000] {dag.py:3239} INFO - Sync 1 DAGs
[2025-03-12T15:55:14.675+0000] {logging_mixin.py:190} INFO - [2025-03-12T15:55:14.675+0000] {dag.py:4180} INFO - Setting next_dagrun for web_scraping_dag to 2025-03-09 00:00:00+00:00, run_after=2025-03-16 00:00:00+00:00
[2025-03-12T15:55:14.689+0000] {processor.py:208} INFO - Processing /opt/airflow/dags/Website2mongo.py took 0.234 seconds
[2025-03-12T15:55:47.434+0000] {processor.py:186} INFO - Started process (PID=669) to work on /opt/airflow/dags/Website2mongo.py
[2025-03-12T15:55:47.435+0000] {processor.py:914} INFO - Processing file /opt/airflow/dags/Website2mongo.py for tasks to queue
[2025-03-12T15:55:47.437+0000] {logging_mixin.py:190} INFO - [2025-03-12T15:55:47.437+0000] {dagbag.py:588} INFO - Filling up the DagBag from /opt/airflow/dags/Website2mongo.py
[2025-03-12T15:55:47.638+0000] {processor.py:925} INFO - DAG(s) 'web_scraping_dag' retrieved from /opt/airflow/dags/Website2mongo.py
[2025-03-12T15:55:47.658+0000] {logging_mixin.py:190} INFO - [2025-03-12T15:55:47.658+0000] {dag.py:3239} INFO - Sync 1 DAGs
[2025-03-12T15:55:47.675+0000] {logging_mixin.py:190} INFO - [2025-03-12T15:55:47.675+0000] {dag.py:4180} INFO - Setting next_dagrun for web_scraping_dag to 2025-03-09 00:00:00+00:00, run_after=2025-03-16 00:00:00+00:00
[2025-03-12T15:55:47.694+0000] {processor.py:208} INFO - Processing /opt/airflow/dags/Website2mongo.py took 0.264 seconds
[2025-03-12T15:56:20.537+0000] {processor.py:186} INFO - Started process (PID=695) to work on /opt/airflow/dags/Website2mongo.py
[2025-03-12T15:56:20.538+0000] {processor.py:914} INFO - Processing file /opt/airflow/dags/Website2mongo.py for tasks to queue
[2025-03-12T15:56:20.540+0000] {logging_mixin.py:190} INFO - [2025-03-12T15:56:20.539+0000] {dagbag.py:588} INFO - Filling up the DagBag from /opt/airflow/dags/Website2mongo.py
[2025-03-12T15:56:20.728+0000] {processor.py:925} INFO - DAG(s) 'web_scraping_dag' retrieved from /opt/airflow/dags/Website2mongo.py
[2025-03-12T15:56:20.747+0000] {logging_mixin.py:190} INFO - [2025-03-12T15:56:20.747+0000] {dag.py:3239} INFO - Sync 1 DAGs
[2025-03-12T15:56:20.763+0000] {logging_mixin.py:190} INFO - [2025-03-12T15:56:20.763+0000] {dag.py:4180} INFO - Setting next_dagrun for web_scraping_dag to 2025-03-09 00:00:00+00:00, run_after=2025-03-16 00:00:00+00:00
[2025-03-12T15:56:20.776+0000] {processor.py:208} INFO - Processing /opt/airflow/dags/Website2mongo.py took 0.244 seconds
[2025-03-12T15:56:53.608+0000] {processor.py:186} INFO - Started process (PID=721) to work on /opt/airflow/dags/Website2mongo.py
[2025-03-12T15:56:53.609+0000] {processor.py:914} INFO - Processing file /opt/airflow/dags/Website2mongo.py for tasks to queue
[2025-03-12T15:56:53.611+0000] {logging_mixin.py:190} INFO - [2025-03-12T15:56:53.610+0000] {dagbag.py:588} INFO - Filling up the DagBag from /opt/airflow/dags/Website2mongo.py
[2025-03-12T15:56:53.798+0000] {processor.py:925} INFO - DAG(s) 'web_scraping_dag' retrieved from /opt/airflow/dags/Website2mongo.py
[2025-03-12T15:56:53.814+0000] {logging_mixin.py:190} INFO - [2025-03-12T15:56:53.814+0000] {dag.py:3239} INFO - Sync 1 DAGs
[2025-03-12T15:56:53.831+0000] {logging_mixin.py:190} INFO - [2025-03-12T15:56:53.830+0000] {dag.py:4180} INFO - Setting next_dagrun for web_scraping_dag to 2025-03-09 00:00:00+00:00, run_after=2025-03-16 00:00:00+00:00
[2025-03-12T15:56:53.843+0000] {processor.py:208} INFO - Processing /opt/airflow/dags/Website2mongo.py took 0.240 seconds
[2025-03-12T15:57:27.742+0000] {processor.py:186} INFO - Started process (PID=748) to work on /opt/airflow/dags/Website2mongo.py
[2025-03-12T15:57:27.743+0000] {processor.py:914} INFO - Processing file /opt/airflow/dags/Website2mongo.py for tasks to queue
[2025-03-12T15:57:27.745+0000] {logging_mixin.py:190} INFO - [2025-03-12T15:57:27.745+0000] {dagbag.py:588} INFO - Filling up the DagBag from /opt/airflow/dags/Website2mongo.py
[2025-03-12T15:57:27.927+0000] {processor.py:925} INFO - DAG(s) 'web_scraping_dag' retrieved from /opt/airflow/dags/Website2mongo.py
[2025-03-12T15:57:27.944+0000] {logging_mixin.py:190} INFO - [2025-03-12T15:57:27.944+0000] {dag.py:3239} INFO - Sync 1 DAGs
[2025-03-12T15:57:27.961+0000] {logging_mixin.py:190} INFO - [2025-03-12T15:57:27.960+0000] {dag.py:4180} INFO - Setting next_dagrun for web_scraping_dag to 2025-03-09 00:00:00+00:00, run_after=2025-03-16 00:00:00+00:00
[2025-03-12T15:57:27.975+0000] {processor.py:208} INFO - Processing /opt/airflow/dags/Website2mongo.py took 0.237 seconds
