[2025-03-07T11:42:08.693+0000] {local_task_job_runner.py:123} INFO - ::group::Pre task execution logs
[2025-03-07T11:42:08.708+0000] {taskinstance.py:2614} INFO - Dependencies all met for dep_context=non-requeueable deps ti=<TaskInstance: example_bash_operator.runme_1 manual__2025-03-07T11:42:02+00:00 [queued]>
[2025-03-07T11:42:08.716+0000] {taskinstance.py:2614} INFO - Dependencies all met for dep_context=requeueable deps ti=<TaskInstance: example_bash_operator.runme_1 manual__2025-03-07T11:42:02+00:00 [queued]>
[2025-03-07T11:42:08.716+0000] {taskinstance.py:2867} INFO - Starting attempt 1 of 1
[2025-03-07T11:42:08.728+0000] {taskinstance.py:2890} INFO - Executing <Task(BashOperator): runme_1> on 2025-03-07 11:42:02+00:00
[2025-03-07T11:42:08.741+0000] {standard_task_runner.py:104} INFO - Running: ['***', 'tasks', 'run', 'example_bash_operator', 'runme_1', 'manual__2025-03-07T11:42:02+00:00', '--job-id', '13', '--raw', '--subdir', '/home/***/.local/lib/python3.12/site-packages/***/example_dags/example_bash_operator.py', '--cfg-path', '/tmp/tmpkbz76mr3']
[2025-03-07T11:42:08.742+0000] {logging_mixin.py:190} WARNING - /home/***/.local/lib/python3.12/site-packages/***/task/task_runner/standard_task_runner.py:70 DeprecationWarning: This process (pid=3986) is multi-threaded, use of fork() may lead to deadlocks in the child.
[2025-03-07T11:42:08.743+0000] {standard_task_runner.py:105} INFO - Job 13: Subtask runme_1
[2025-03-07T11:42:08.744+0000] {standard_task_runner.py:72} INFO - Started process 3992 to run task
[2025-03-07T11:42:08.796+0000] {task_command.py:467} INFO - Running <TaskInstance: example_bash_operator.runme_1 manual__2025-03-07T11:42:02+00:00 [running]> on host 9462f8147d13
[2025-03-07T11:42:08.883+0000] {taskinstance.py:3134} INFO - Exporting env vars: AIRFLOW_CTX_DAG_OWNER='***' AIRFLOW_CTX_DAG_ID='example_bash_operator' AIRFLOW_CTX_TASK_ID='runme_1' AIRFLOW_CTX_EXECUTION_DATE='2025-03-07T11:42:02+00:00' AIRFLOW_CTX_TRY_NUMBER='1' AIRFLOW_CTX_DAG_RUN_ID='manual__2025-03-07T11:42:02+00:00'
[2025-03-07T11:42:08.885+0000] {logging_mixin.py:190} INFO - Task instance is in running state
[2025-03-07T11:42:08.885+0000] {logging_mixin.py:190} INFO -  Previous state of the Task instance: queued
[2025-03-07T11:42:08.886+0000] {logging_mixin.py:190} INFO - Current task name:runme_1 state:running start_date:2025-03-07 11:42:08.709487+00:00
[2025-03-07T11:42:08.886+0000] {logging_mixin.py:190} INFO - Dag name:example_bash_operator and current dag run status:running
[2025-03-07T11:42:08.887+0000] {taskinstance.py:732} INFO - ::endgroup::
[2025-03-07T11:42:08.888+0000] {subprocess.py:78} INFO - Tmp dir root location: /tmp
[2025-03-07T11:42:08.889+0000] {subprocess.py:88} INFO - Running command: ['/usr/bin/bash', '-c', 'echo "example_bash_operator__runme_1__20250307" && sleep 1']
[2025-03-07T11:42:08.901+0000] {subprocess.py:99} INFO - Output:
[2025-03-07T11:42:08.902+0000] {subprocess.py:106} INFO - example_bash_operator__runme_1__20250307
[2025-03-07T11:42:09.904+0000] {subprocess.py:110} INFO - Command exited with return code 0
[2025-03-07T11:42:09.925+0000] {taskinstance.py:341} INFO - ::group::Post task execution logs
[2025-03-07T11:42:09.926+0000] {taskinstance.py:353} INFO - Marking task as SUCCESS. dag_id=example_bash_operator, task_id=runme_1, run_id=manual__2025-03-07T11:42:02+00:00, execution_date=20250307T114202, start_date=20250307T114208, end_date=20250307T114209
[2025-03-07T11:42:09.945+0000] {logging_mixin.py:190} INFO - Task instance in success state
[2025-03-07T11:42:09.946+0000] {logging_mixin.py:190} INFO -  Previous state of the Task instance: running
[2025-03-07T11:42:09.946+0000] {logging_mixin.py:190} INFO - Dag name:example_bash_operator queued_at:2025-03-07 11:42:07.223113+00:00
[2025-03-07T11:42:09.947+0000] {logging_mixin.py:190} INFO - Task hostname:9462f8147d13 operator:BashOperator
[2025-03-07T11:42:09.964+0000] {local_task_job_runner.py:266} INFO - Task exited with return code 0
[2025-03-07T11:42:09.972+0000] {local_task_job_runner.py:245} INFO - ::endgroup::
