[2025-03-07T14:09:27.837+0000] {local_task_job_runner.py:123} INFO - ::group::Pre task execution logs
[2025-03-07T14:09:27.853+0000] {taskinstance.py:2614} INFO - Dependencies all met for dep_context=non-requeueable deps ti=<TaskInstance: our_first_dag.first_task manual__2025-03-07T14:09:26.057307+00:00 [queued]>
[2025-03-07T14:09:27.861+0000] {taskinstance.py:2614} INFO - Dependencies all met for dep_context=requeueable deps ti=<TaskInstance: our_first_dag.first_task manual__2025-03-07T14:09:26.057307+00:00 [queued]>
[2025-03-07T14:09:27.862+0000] {taskinstance.py:2867} INFO - Starting attempt 1 of 5
[2025-03-07T14:09:27.876+0000] {taskinstance.py:2890} INFO - Executing <Task(BashOperator): first_task> on 2025-03-07 14:09:26.057307+00:00
[2025-03-07T14:09:27.886+0000] {standard_task_runner.py:104} INFO - Running: ['***', 'tasks', 'run', 'our_first_dag', 'first_task', 'manual__2025-03-07T14:09:26.057307+00:00', '--job-id', '26', '--raw', '--subdir', 'DAGS_FOLDER/our_first_dag.py', '--cfg-path', '/tmp/tmp3p1jc0dn']
[2025-03-07T14:09:27.888+0000] {standard_task_runner.py:105} INFO - Job 26: Subtask first_task
[2025-03-07T14:09:27.889+0000] {logging_mixin.py:190} WARNING - /home/***/.local/lib/python3.12/site-packages/***/task/task_runner/standard_task_runner.py:70 DeprecationWarning: This process (pid=83155) is multi-threaded, use of fork() may lead to deadlocks in the child.
[2025-03-07T14:09:27.890+0000] {standard_task_runner.py:72} INFO - Started process 83156 to run task
[2025-03-07T14:09:27.934+0000] {task_command.py:467} INFO - Running <TaskInstance: our_first_dag.first_task manual__2025-03-07T14:09:26.057307+00:00 [running]> on host 9462f8147d13
[2025-03-07T14:09:28.024+0000] {taskinstance.py:3134} INFO - Exporting env vars: AIRFLOW_CTX_DAG_OWNER='***' AIRFLOW_CTX_DAG_ID='our_first_dag' AIRFLOW_CTX_TASK_ID='first_task' AIRFLOW_CTX_EXECUTION_DATE='2025-03-07T14:09:26.057307+00:00' AIRFLOW_CTX_TRY_NUMBER='1' AIRFLOW_CTX_DAG_RUN_ID='manual__2025-03-07T14:09:26.057307+00:00'
[2025-03-07T14:09:28.026+0000] {logging_mixin.py:190} INFO - Task instance is in running state
[2025-03-07T14:09:28.026+0000] {logging_mixin.py:190} INFO -  Previous state of the Task instance: queued
[2025-03-07T14:09:28.027+0000] {logging_mixin.py:190} INFO - Current task name:first_task state:running start_date:2025-03-07 14:09:27.854375+00:00
[2025-03-07T14:09:28.027+0000] {logging_mixin.py:190} INFO - Dag name:our_first_dag and current dag run status:running
[2025-03-07T14:09:28.028+0000] {taskinstance.py:732} INFO - ::endgroup::
[2025-03-07T14:09:28.029+0000] {subprocess.py:78} INFO - Tmp dir root location: /tmp
[2025-03-07T14:09:28.030+0000] {subprocess.py:88} INFO - Running command: ['/usr/bin/bash', '-c', 'echo first task! This is something you should see in the logs']
[2025-03-07T14:09:28.049+0000] {subprocess.py:99} INFO - Output:
[2025-03-07T14:09:28.054+0000] {subprocess.py:106} INFO - first task! This is something you should see in the logs
[2025-03-07T14:09:28.055+0000] {subprocess.py:110} INFO - Command exited with return code 0
[2025-03-07T14:09:28.085+0000] {taskinstance.py:341} INFO - ::group::Post task execution logs
[2025-03-07T14:09:28.086+0000] {taskinstance.py:353} INFO - Marking task as SUCCESS. dag_id=our_first_dag, task_id=first_task, run_id=manual__2025-03-07T14:09:26.057307+00:00, execution_date=20250307T140926, start_date=20250307T140927, end_date=20250307T140928
[2025-03-07T14:09:28.108+0000] {logging_mixin.py:190} INFO - Task instance in success state
[2025-03-07T14:09:28.109+0000] {logging_mixin.py:190} INFO -  Previous state of the Task instance: running
[2025-03-07T14:09:28.110+0000] {logging_mixin.py:190} INFO - Dag name:our_first_dag queued_at:2025-03-07 14:09:26.073548+00:00
[2025-03-07T14:09:28.110+0000] {logging_mixin.py:190} INFO - Task hostname:9462f8147d13 operator:BashOperator
[2025-03-07T14:09:28.146+0000] {local_task_job_runner.py:266} INFO - Task exited with return code 0
[2025-03-07T14:09:28.176+0000] {taskinstance.py:3901} INFO - 1 downstream tasks scheduled from follow-on schedule check
[2025-03-07T14:09:28.178+0000] {local_task_job_runner.py:245} INFO - ::endgroup::
