[2025-03-14T13:40:31.652+0000] {local_task_job_runner.py:123} INFO - ::group::Pre task execution logs
[2025-03-14T13:40:31.666+0000] {taskinstance.py:2614} INFO - Dependencies all met for dep_context=non-requeueable deps ti=<TaskInstance: parse_mongo_to_sql_dag.signal_message manual__2025-03-14T13:40:30.523389+00:00 [queued]>
[2025-03-14T13:40:31.673+0000] {taskinstance.py:2614} INFO - Dependencies all met for dep_context=requeueable deps ti=<TaskInstance: parse_mongo_to_sql_dag.signal_message manual__2025-03-14T13:40:30.523389+00:00 [queued]>
[2025-03-14T13:40:31.674+0000] {taskinstance.py:2867} INFO - Starting attempt 1 of 5
[2025-03-14T13:40:31.687+0000] {taskinstance.py:2890} INFO - Executing <Task(BashOperator): signal_message> on 2025-03-14 13:40:30.523389+00:00
[2025-03-14T13:40:31.702+0000] {standard_task_runner.py:104} INFO - Running: ['***', 'tasks', 'run', 'parse_mongo_to_sql_dag', 'signal_message', 'manual__2025-03-14T13:40:30.523389+00:00', '--job-id', '6', '--raw', '--subdir', 'DAGS_FOLDER/parse2mongo.py', '--cfg-path', '/tmp/tmpwdnjqpr7']
[2025-03-14T13:40:31.706+0000] {standard_task_runner.py:105} INFO - Job 6: Subtask signal_message
[2025-03-14T13:40:31.706+0000] {logging_mixin.py:190} WARNING - /home/***/.local/lib/python3.12/site-packages/***/task/task_runner/standard_task_runner.py:70 DeprecationWarning: This process (pid=632) is multi-threaded, use of fork() may lead to deadlocks in the child.
[2025-03-14T13:40:31.707+0000] {standard_task_runner.py:72} INFO - Started process 634 to run task
[2025-03-14T13:40:31.749+0000] {task_command.py:467} INFO - Running <TaskInstance: parse_mongo_to_sql_dag.signal_message manual__2025-03-14T13:40:30.523389+00:00 [running]> on host 18cea4612821
[2025-03-14T13:40:31.816+0000] {taskinstance.py:3134} INFO - Exporting env vars: AIRFLOW_CTX_DAG_OWNER='***' AIRFLOW_CTX_DAG_ID='parse_mongo_to_sql_dag' AIRFLOW_CTX_TASK_ID='signal_message' AIRFLOW_CTX_EXECUTION_DATE='2025-03-14T13:40:30.523389+00:00' AIRFLOW_CTX_TRY_NUMBER='1' AIRFLOW_CTX_DAG_RUN_ID='manual__2025-03-14T13:40:30.523389+00:00'
[2025-03-14T13:40:31.817+0000] {taskinstance.py:732} INFO - ::endgroup::
[2025-03-14T13:40:31.830+0000] {subprocess.py:78} INFO - Tmp dir root location: /tmp
[2025-03-14T13:40:31.831+0000] {subprocess.py:88} INFO - Running command: ['/usr/bin/bash', '-c', 'echo "I got the signal from the parsers, I can go fetch the mongo data now"']
[2025-03-14T13:40:31.839+0000] {subprocess.py:99} INFO - Output:
[2025-03-14T13:40:31.840+0000] {subprocess.py:106} INFO - I got the signal from the parsers, I can go fetch the mongo data now
[2025-03-14T13:40:31.840+0000] {subprocess.py:110} INFO - Command exited with return code 0
[2025-03-14T13:40:31.860+0000] {taskinstance.py:341} INFO - ::group::Post task execution logs
[2025-03-14T13:40:31.861+0000] {taskinstance.py:353} INFO - Marking task as SUCCESS. dag_id=parse_mongo_to_sql_dag, task_id=signal_message, run_id=manual__2025-03-14T13:40:30.523389+00:00, execution_date=20250314T134030, start_date=20250314T134031, end_date=20250314T134031
[2025-03-14T13:40:31.922+0000] {local_task_job_runner.py:266} INFO - Task exited with return code 0
[2025-03-14T13:40:31.960+0000] {taskinstance.py:3901} INFO - 2 downstream tasks scheduled from follow-on schedule check
[2025-03-14T13:40:31.963+0000] {local_task_job_runner.py:245} INFO - ::endgroup::
