[2025-03-14T11:00:42.370+0000] {local_task_job_runner.py:123} INFO - ::group::Pre task execution logs
[2025-03-14T11:00:42.387+0000] {taskinstance.py:2614} INFO - Dependencies all met for dep_context=non-requeueable deps ti=<TaskInstance: web_scraping_dag.save_data manual__2025-03-14T11:00:39.061116+00:00 [queued]>
[2025-03-14T11:00:42.396+0000] {taskinstance.py:2614} INFO - Dependencies all met for dep_context=requeueable deps ti=<TaskInstance: web_scraping_dag.save_data manual__2025-03-14T11:00:39.061116+00:00 [queued]>
[2025-03-14T11:00:42.396+0000] {taskinstance.py:2867} INFO - Starting attempt 1 of 5
[2025-03-14T11:00:42.408+0000] {taskinstance.py:2890} INFO - Executing <Task(PythonOperator): save_data> on 2025-03-14 11:00:39.061116+00:00
[2025-03-14T11:00:42.415+0000] {standard_task_runner.py:104} INFO - Running: ['***', 'tasks', 'run', 'web_scraping_dag', 'save_data', 'manual__2025-03-14T11:00:39.061116+00:00', '--job-id', '138', '--raw', '--subdir', 'DAGS_FOLDER/Website2mongo.py', '--cfg-path', '/tmp/tmp2fbxpshz']
[2025-03-14T11:00:42.418+0000] {standard_task_runner.py:105} INFO - Job 138: Subtask save_data
[2025-03-14T11:00:42.418+0000] {logging_mixin.py:190} WARNING - /home/***/.local/lib/python3.12/site-packages/***/task/task_runner/standard_task_runner.py:70 DeprecationWarning: This process (pid=863) is multi-threaded, use of fork() may lead to deadlocks in the child.
[2025-03-14T11:00:42.419+0000] {standard_task_runner.py:72} INFO - Started process 864 to run task
[2025-03-14T11:00:42.458+0000] {task_command.py:467} INFO - Running <TaskInstance: web_scraping_dag.save_data manual__2025-03-14T11:00:39.061116+00:00 [running]> on host 31c19d57802d
[2025-03-14T11:00:42.526+0000] {taskinstance.py:3134} INFO - Exporting env vars: AIRFLOW_CTX_DAG_OWNER='***' AIRFLOW_CTX_DAG_ID='web_scraping_dag' AIRFLOW_CTX_TASK_ID='save_data' AIRFLOW_CTX_EXECUTION_DATE='2025-03-14T11:00:39.061116+00:00' AIRFLOW_CTX_TRY_NUMBER='1' AIRFLOW_CTX_DAG_RUN_ID='manual__2025-03-14T11:00:39.061116+00:00'
[2025-03-14T11:00:42.528+0000] {taskinstance.py:732} INFO - ::endgroup::
[2025-03-14T11:00:42.630+0000] {logging_mixin.py:190} INFO - Data from https://dbpedia.org/class/yago/WikicatLogicalFallacies saved to MongoDB with ID: 67d40c5a1e818b068f0111cd
[2025-03-14T11:00:42.634+0000] {logging_mixin.py:190} INFO - Data from https://en.wikipedia.org/wiki/List_of_fallacies saved to MongoDB with ID: 67d40c5a1e818b068f0111ce
[2025-03-14T11:00:42.637+0000] {logging_mixin.py:190} INFO - Data from https://en.wikipedia.org/wiki/List_of_cognitive_biases saved to MongoDB with ID: 67d40c5a1e818b068f0111cf
[2025-03-14T11:00:42.638+0000] {logging_mixin.py:190} INFO - Data from https://www.wikidata.org/wiki/Q2607828 saved to MongoDB with ID: 67d40c5a1e818b068f0111d0
[2025-03-14T11:00:42.639+0000] {logging_mixin.py:190} INFO - Data from https://simple.wikipedia.org/wiki/Category:Logical_fallacies saved to MongoDB with ID: 67d40c5a1e818b068f0111d1
[2025-03-14T11:00:42.651+0000] {logging_mixin.py:190} INFO - All data have been saved to MongoDB.
[2025-03-14T11:00:42.652+0000] {python.py:240} INFO - Done. Returned value was: None
[2025-03-14T11:00:42.660+0000] {taskinstance.py:341} INFO - ::group::Post task execution logs
[2025-03-14T11:00:42.661+0000] {taskinstance.py:353} INFO - Marking task as SUCCESS. dag_id=web_scraping_dag, task_id=save_data, run_id=manual__2025-03-14T11:00:39.061116+00:00, execution_date=20250314T110039, start_date=20250314T110042, end_date=20250314T110042
[2025-03-14T11:00:42.714+0000] {local_task_job_runner.py:266} INFO - Task exited with return code 0
[2025-03-14T11:00:42.735+0000] {taskinstance.py:3901} INFO - 1 downstream tasks scheduled from follow-on schedule check
[2025-03-14T11:00:42.737+0000] {local_task_job_runner.py:245} INFO - ::endgroup::
