[2025-03-07T14:38:49.279+0000] {local_task_job_runner.py:123} INFO - ::group::Pre task execution logs
[2025-03-07T14:38:49.292+0000] {taskinstance.py:2614} INFO - Dependencies all met for dep_context=non-requeueable deps ti=<TaskInstance: A_First_dag_python_operator_v01.first_task manual__2025-03-07T14:38:47.907494+00:00 [queued]>
[2025-03-07T14:38:49.299+0000] {taskinstance.py:2614} INFO - Dependencies all met for dep_context=requeueable deps ti=<TaskInstance: A_First_dag_python_operator_v01.first_task manual__2025-03-07T14:38:47.907494+00:00 [queued]>
[2025-03-07T14:38:49.300+0000] {taskinstance.py:2867} INFO - Starting attempt 1 of 5
[2025-03-07T14:38:49.312+0000] {taskinstance.py:2890} INFO - Executing <Task(PythonOperator): first_task> on 2025-03-07 14:38:47.907494+00:00
[2025-03-07T14:38:49.322+0000] {logging_mixin.py:190} WARNING - /home/***/.local/lib/python3.12/site-packages/***/task/task_runner/standard_task_runner.py:70 DeprecationWarning: This process (pid=99114) is multi-threaded, use of fork() may lead to deadlocks in the child.
[2025-03-07T14:38:49.322+0000] {standard_task_runner.py:104} INFO - Running: ['***', 'tasks', 'run', 'A_First_dag_python_operator_v01', 'first_task', 'manual__2025-03-07T14:38:47.907494+00:00', '--job-id', '45', '--raw', '--subdir', 'DAGS_FOLDER/create_dag_with_python_operator.py', '--cfg-path', '/tmp/tmpgmcneivo']
[2025-03-07T14:38:49.323+0000] {standard_task_runner.py:72} INFO - Started process 99185 to run task
[2025-03-07T14:38:49.323+0000] {standard_task_runner.py:105} INFO - Job 45: Subtask first_task
[2025-03-07T14:38:49.362+0000] {task_command.py:467} INFO - Running <TaskInstance: A_First_dag_python_operator_v01.first_task manual__2025-03-07T14:38:47.907494+00:00 [running]> on host 9462f8147d13
[2025-03-07T14:38:49.447+0000] {taskinstance.py:3134} INFO - Exporting env vars: AIRFLOW_CTX_DAG_OWNER='***' AIRFLOW_CTX_DAG_ID='A_First_dag_python_operator_v01' AIRFLOW_CTX_TASK_ID='first_task' AIRFLOW_CTX_EXECUTION_DATE='2025-03-07T14:38:47.907494+00:00' AIRFLOW_CTX_TRY_NUMBER='1' AIRFLOW_CTX_DAG_RUN_ID='manual__2025-03-07T14:38:47.907494+00:00'
[2025-03-07T14:38:49.449+0000] {logging_mixin.py:190} INFO - Task instance is in running state
[2025-03-07T14:38:49.449+0000] {logging_mixin.py:190} INFO -  Previous state of the Task instance: queued
[2025-03-07T14:38:49.450+0000] {logging_mixin.py:190} INFO - Current task name:first_task state:running start_date:2025-03-07 14:38:49.292809+00:00
[2025-03-07T14:38:49.450+0000] {logging_mixin.py:190} INFO - Dag name:A_First_dag_python_operator_v01 and current dag run status:running
[2025-03-07T14:38:49.451+0000] {taskinstance.py:732} INFO - ::endgroup::
[2025-03-07T14:38:49.452+0000] {logging_mixin.py:190} INFO - Hello from the greet function Hi, my name is Mr Cop, my name is Mr Cop and I am your Lecturer!
[2025-03-07T14:38:49.452+0000] {python.py:240} INFO - Done. Returned value was: None
[2025-03-07T14:38:49.460+0000] {taskinstance.py:341} INFO - ::group::Post task execution logs
[2025-03-07T14:38:49.461+0000] {taskinstance.py:353} INFO - Marking task as SUCCESS. dag_id=A_First_dag_python_operator_v01, task_id=first_task, run_id=manual__2025-03-07T14:38:47.907494+00:00, execution_date=20250307T143847, start_date=20250307T143849, end_date=20250307T143849
[2025-03-07T14:38:49.483+0000] {logging_mixin.py:190} INFO - Task instance in success state
[2025-03-07T14:38:49.484+0000] {logging_mixin.py:190} INFO -  Previous state of the Task instance: running
[2025-03-07T14:38:49.484+0000] {logging_mixin.py:190} INFO - Dag name:A_First_dag_python_operator_v01 queued_at:2025-03-07 14:38:47.916271+00:00
[2025-03-07T14:38:49.485+0000] {logging_mixin.py:190} INFO - Task hostname:9462f8147d13 operator:PythonOperator
[2025-03-07T14:38:49.497+0000] {local_task_job_runner.py:266} INFO - Task exited with return code 0
[2025-03-07T14:38:49.523+0000] {taskinstance.py:3901} INFO - 1 downstream tasks scheduled from follow-on schedule check
[2025-03-07T14:38:49.525+0000] {local_task_job_runner.py:245} INFO - ::endgroup::
