[2025-03-07T15:24:52.831+0000] {local_task_job_runner.py:123} INFO - ::group::Pre task execution logs
[2025-03-07T15:24:52.851+0000] {taskinstance.py:2614} INFO - Dependencies all met for dep_context=non-requeueable deps ti=<TaskInstance: A_dag_with_taskflow_api_v01.get_role manual__2025-03-07T15:24:50.408228+00:00 [queued]>
[2025-03-07T15:24:52.862+0000] {taskinstance.py:2614} INFO - Dependencies all met for dep_context=requeueable deps ti=<TaskInstance: A_dag_with_taskflow_api_v01.get_role manual__2025-03-07T15:24:50.408228+00:00 [queued]>
[2025-03-07T15:24:52.863+0000] {taskinstance.py:2867} INFO - Starting attempt 1 of 5
[2025-03-07T15:24:52.879+0000] {taskinstance.py:2890} INFO - Executing <Task(_PythonDecoratedOperator): get_role> on 2025-03-07 15:24:50.408228+00:00
[2025-03-07T15:24:52.891+0000] {logging_mixin.py:190} WARNING - /home/***/.local/lib/python3.12/site-packages/***/task/task_runner/standard_task_runner.py:70 DeprecationWarning: This process (pid=25226) is multi-threaded, use of fork() may lead to deadlocks in the child.
[2025-03-07T15:24:52.890+0000] {standard_task_runner.py:104} INFO - Running: ['***', 'tasks', 'run', 'A_dag_with_taskflow_api_v01', 'get_role', 'manual__2025-03-07T15:24:50.408228+00:00', '--job-id', '51', '--raw', '--subdir', 'DAGS_FOLDER/dag_with_taskflow_api.py', '--cfg-path', '/tmp/tmp5xofuwpm']
[2025-03-07T15:24:52.892+0000] {standard_task_runner.py:72} INFO - Started process 25228 to run task
[2025-03-07T15:24:52.893+0000] {standard_task_runner.py:105} INFO - Job 51: Subtask get_role
[2025-03-07T15:24:52.957+0000] {task_command.py:467} INFO - Running <TaskInstance: A_dag_with_taskflow_api_v01.get_role manual__2025-03-07T15:24:50.408228+00:00 [running]> on host 9462f8147d13
[2025-03-07T15:24:53.051+0000] {taskinstance.py:3134} INFO - Exporting env vars: AIRFLOW_CTX_DAG_OWNER='***' AIRFLOW_CTX_DAG_ID='A_dag_with_taskflow_api_v01' AIRFLOW_CTX_TASK_ID='get_role' AIRFLOW_CTX_EXECUTION_DATE='2025-03-07T15:24:50.408228+00:00' AIRFLOW_CTX_TRY_NUMBER='1' AIRFLOW_CTX_DAG_RUN_ID='manual__2025-03-07T15:24:50.408228+00:00'
[2025-03-07T15:24:53.054+0000] {logging_mixin.py:190} INFO - Task instance is in running state
[2025-03-07T15:24:53.055+0000] {logging_mixin.py:190} INFO -  Previous state of the Task instance: queued
[2025-03-07T15:24:53.055+0000] {logging_mixin.py:190} INFO - Current task name:get_role state:running start_date:2025-03-07 15:24:52.852395+00:00
[2025-03-07T15:24:53.056+0000] {logging_mixin.py:190} INFO - Dag name:A_dag_with_taskflow_api_v01 and current dag run status:running
[2025-03-07T15:24:53.056+0000] {taskinstance.py:732} INFO - ::endgroup::
[2025-03-07T15:24:53.057+0000] {python.py:240} INFO - Done. Returned value was: Lecturer
[2025-03-07T15:24:53.082+0000] {taskinstance.py:341} INFO - ::group::Post task execution logs
[2025-03-07T15:24:53.083+0000] {taskinstance.py:353} INFO - Marking task as SUCCESS. dag_id=A_dag_with_taskflow_api_v01, task_id=get_role, run_id=manual__2025-03-07T15:24:50.408228+00:00, execution_date=20250307T152450, start_date=20250307T152452, end_date=20250307T152453
[2025-03-07T15:24:53.109+0000] {logging_mixin.py:190} INFO - Task instance in success state
[2025-03-07T15:24:53.110+0000] {logging_mixin.py:190} INFO -  Previous state of the Task instance: running
[2025-03-07T15:24:53.110+0000] {logging_mixin.py:190} INFO - Dag name:A_dag_with_taskflow_api_v01 queued_at:2025-03-07 15:24:50.423373+00:00
[2025-03-07T15:24:53.111+0000] {logging_mixin.py:190} INFO - Task hostname:9462f8147d13 operator:_PythonDecoratedOperator
[2025-03-07T15:24:53.148+0000] {local_task_job_runner.py:266} INFO - Task exited with return code 0
[2025-03-07T15:24:53.189+0000] {taskinstance.py:3901} INFO - 1 downstream tasks scheduled from follow-on schedule check
[2025-03-07T15:24:53.192+0000] {local_task_job_runner.py:245} INFO - ::endgroup::
