[2025-03-07T14:41:19.757+0000] {local_task_job_runner.py:123} INFO - ::group::Pre task execution logs
[2025-03-07T14:41:19.776+0000] {taskinstance.py:2614} INFO - Dependencies all met for dep_context=non-requeueable deps ti=<TaskInstance: A_First_dag_python_operator_v01.first_task manual__2025-03-07T14:41:16.388062+00:00 [queued]>
[2025-03-07T14:41:19.785+0000] {taskinstance.py:2614} INFO - Dependencies all met for dep_context=requeueable deps ti=<TaskInstance: A_First_dag_python_operator_v01.first_task manual__2025-03-07T14:41:16.388062+00:00 [queued]>
[2025-03-07T14:41:19.785+0000] {taskinstance.py:2867} INFO - Starting attempt 1 of 5
[2025-03-07T14:41:19.797+0000] {taskinstance.py:2890} INFO - Executing <Task(PythonOperator): first_task> on 2025-03-07 14:41:16.388062+00:00
[2025-03-07T14:41:19.806+0000] {logging_mixin.py:190} WARNING - /home/***/.local/lib/python3.12/site-packages/***/task/task_runner/standard_task_runner.py:70 DeprecationWarning: This process (pid=885) is multi-threaded, use of fork() may lead to deadlocks in the child.
[2025-03-07T14:41:19.806+0000] {standard_task_runner.py:104} INFO - Running: ['***', 'tasks', 'run', 'A_First_dag_python_operator_v01', 'first_task', 'manual__2025-03-07T14:41:16.388062+00:00', '--job-id', '48', '--raw', '--subdir', 'DAGS_FOLDER/create_dag_with_python_operator.py', '--cfg-path', '/tmp/tmp0wxx5xg0']
[2025-03-07T14:41:19.807+0000] {standard_task_runner.py:72} INFO - Started process 886 to run task
[2025-03-07T14:41:19.807+0000] {standard_task_runner.py:105} INFO - Job 48: Subtask first_task
[2025-03-07T14:41:19.847+0000] {task_command.py:467} INFO - Running <TaskInstance: A_First_dag_python_operator_v01.first_task manual__2025-03-07T14:41:16.388062+00:00 [running]> on host 9462f8147d13
[2025-03-07T14:41:19.935+0000] {taskinstance.py:3134} INFO - Exporting env vars: AIRFLOW_CTX_DAG_OWNER='***' AIRFLOW_CTX_DAG_ID='A_First_dag_python_operator_v01' AIRFLOW_CTX_TASK_ID='first_task' AIRFLOW_CTX_EXECUTION_DATE='2025-03-07T14:41:16.388062+00:00' AIRFLOW_CTX_TRY_NUMBER='1' AIRFLOW_CTX_DAG_RUN_ID='manual__2025-03-07T14:41:16.388062+00:00'
[2025-03-07T14:41:19.936+0000] {logging_mixin.py:190} INFO - Task instance is in running state
[2025-03-07T14:41:19.937+0000] {logging_mixin.py:190} INFO -  Previous state of the Task instance: queued
[2025-03-07T14:41:19.938+0000] {logging_mixin.py:190} INFO - Current task name:first_task state:running start_date:2025-03-07 14:41:19.776906+00:00
[2025-03-07T14:41:19.939+0000] {logging_mixin.py:190} INFO - Dag name:A_First_dag_python_operator_v01 and current dag run status:running
[2025-03-07T14:41:19.939+0000] {taskinstance.py:732} INFO - ::endgroup::
[2025-03-07T14:41:19.950+0000] {logging_mixin.py:190} INFO - Hello from the greet function Hi, my name is Mr Copsan, my name is Mr Copsan and I am your Lecturer!
[2025-03-07T14:41:19.952+0000] {python.py:240} INFO - Done. Returned value was: None
[2025-03-07T14:41:19.966+0000] {taskinstance.py:341} INFO - ::group::Post task execution logs
[2025-03-07T14:41:19.967+0000] {taskinstance.py:353} INFO - Marking task as SUCCESS. dag_id=A_First_dag_python_operator_v01, task_id=first_task, run_id=manual__2025-03-07T14:41:16.388062+00:00, execution_date=20250307T144116, start_date=20250307T144119, end_date=20250307T144119
[2025-03-07T14:41:19.990+0000] {logging_mixin.py:190} INFO - Task instance in success state
[2025-03-07T14:41:19.991+0000] {logging_mixin.py:190} INFO -  Previous state of the Task instance: running
[2025-03-07T14:41:19.992+0000] {logging_mixin.py:190} INFO - Dag name:A_First_dag_python_operator_v01 queued_at:2025-03-07 14:41:16.401361+00:00
[2025-03-07T14:41:19.992+0000] {logging_mixin.py:190} INFO - Task hostname:9462f8147d13 operator:PythonOperator
[2025-03-07T14:41:20.022+0000] {local_task_job_runner.py:266} INFO - Task exited with return code 0
[2025-03-07T14:41:20.044+0000] {taskinstance.py:3901} INFO - 0 downstream tasks scheduled from follow-on schedule check
[2025-03-07T14:41:20.053+0000] {local_task_job_runner.py:245} INFO - ::endgroup::
