[2025-03-13T16:36:56.417+0000] {local_task_job_runner.py:123} INFO - ::group::Pre task execution logs
[2025-03-13T16:36:56.432+0000] {taskinstance.py:2614} INFO - Dependencies all met for dep_context=non-requeueable deps ti=<TaskInstance: web_scraping_dag.trigger_parse_dag manual__2025-03-13T15:52:01.509950+00:00 [queued]>
[2025-03-13T16:36:56.440+0000] {taskinstance.py:2614} INFO - Dependencies all met for dep_context=requeueable deps ti=<TaskInstance: web_scraping_dag.trigger_parse_dag manual__2025-03-13T15:52:01.509950+00:00 [queued]>
[2025-03-13T16:36:56.441+0000] {taskinstance.py:2867} INFO - Starting attempt 5 of 5
[2025-03-13T16:36:56.453+0000] {taskinstance.py:2890} INFO - Executing <Task(TriggerDagRunOperator): trigger_parse_dag> on 2025-03-13 15:52:01.509950+00:00
[2025-03-13T16:36:56.459+0000] {logging_mixin.py:190} WARNING - /home/***/.local/lib/python3.12/site-packages/***/task/task_runner/standard_task_runner.py:70 DeprecationWarning: This process (pid=8515) is multi-threaded, use of fork() may lead to deadlocks in the child.
[2025-03-13T16:36:56.460+0000] {standard_task_runner.py:72} INFO - Started process 8516 to run task
[2025-03-13T16:36:56.459+0000] {standard_task_runner.py:104} INFO - Running: ['***', 'tasks', 'run', 'web_scraping_dag', 'trigger_parse_dag', 'manual__2025-03-13T15:52:01.509950+00:00', '--job-id', '207', '--raw', '--subdir', 'DAGS_FOLDER/Website2mongo.py', '--cfg-path', '/tmp/tmp7kp5_lf2']
[2025-03-13T16:36:56.461+0000] {standard_task_runner.py:105} INFO - Job 207: Subtask trigger_parse_dag
[2025-03-13T16:36:56.498+0000] {task_command.py:467} INFO - Running <TaskInstance: web_scraping_dag.trigger_parse_dag manual__2025-03-13T15:52:01.509950+00:00 [running]> on host 40f8d416e5ba
[2025-03-13T16:36:56.563+0000] {taskinstance.py:3134} INFO - Exporting env vars: AIRFLOW_CTX_DAG_OWNER='***' AIRFLOW_CTX_DAG_ID='web_scraping_dag' AIRFLOW_CTX_TASK_ID='trigger_parse_dag' AIRFLOW_CTX_EXECUTION_DATE='2025-03-13T15:52:01.509950+00:00' AIRFLOW_CTX_TRY_NUMBER='5' AIRFLOW_CTX_DAG_RUN_ID='manual__2025-03-13T15:52:01.509950+00:00'
[2025-03-13T16:36:56.564+0000] {taskinstance.py:732} INFO - ::endgroup::
[2025-03-13T16:36:56.725+0000] {trigger_dagrun.py:257} INFO - Waiting for parse_mongo_to_sql_dag on 2025-03-13 16:36:56.579650+00:00 to become allowed state ['success'] ...
[2025-03-13T16:38:02.195+0000] {trigger_dagrun.py:257} INFO - Waiting for parse_mongo_to_sql_dag on 2025-03-13 16:36:56.579650+00:00 to become allowed state ['success'] ...
[2025-03-13T16:39:07.661+0000] {trigger_dagrun.py:257} INFO - Waiting for parse_mongo_to_sql_dag on 2025-03-13 16:36:56.579650+00:00 to become allowed state ['success'] ...
[2025-03-13T16:40:13.129+0000] {trigger_dagrun.py:257} INFO - Waiting for parse_mongo_to_sql_dag on 2025-03-13 16:36:56.579650+00:00 to become allowed state ['success'] ...
[2025-03-13T16:41:18.605+0000] {trigger_dagrun.py:271} INFO - parse_mongo_to_sql_dag finished with allowed state success
[2025-03-13T16:41:18.614+0000] {taskinstance.py:341} INFO - ::group::Post task execution logs
[2025-03-13T16:41:18.615+0000] {taskinstance.py:353} INFO - Marking task as SUCCESS. dag_id=web_scraping_dag, task_id=trigger_parse_dag, run_id=manual__2025-03-13T15:52:01.509950+00:00, execution_date=20250313T155201, start_date=20250313T163656, end_date=20250313T164118
[2025-03-13T16:41:18.669+0000] {local_task_job_runner.py:266} INFO - Task exited with return code 0
[2025-03-13T16:41:18.682+0000] {taskinstance.py:3901} INFO - 0 downstream tasks scheduled from follow-on schedule check
[2025-03-13T16:41:18.685+0000] {local_task_job_runner.py:245} INFO - ::endgroup::
