[2025-03-13T16:04:53.311+0000] {local_task_job_runner.py:123} INFO - ::group::Pre task execution logs
[2025-03-13T16:04:53.329+0000] {taskinstance.py:2614} INFO - Dependencies all met for dep_context=non-requeueable deps ti=<TaskInstance: web_scraping_dag.trigger_parse_dag manual__2025-03-13T15:52:01.509950+00:00 [queued]>
[2025-03-13T16:04:53.338+0000] {taskinstance.py:2614} INFO - Dependencies all met for dep_context=requeueable deps ti=<TaskInstance: web_scraping_dag.trigger_parse_dag manual__2025-03-13T15:52:01.509950+00:00 [queued]>
[2025-03-13T16:04:53.339+0000] {taskinstance.py:2867} INFO - Starting attempt 2 of 5
[2025-03-13T16:04:53.351+0000] {taskinstance.py:2890} INFO - Executing <Task(TriggerDagRunOperator): trigger_parse_dag> on 2025-03-13 15:52:01.509950+00:00
[2025-03-13T16:04:53.359+0000] {logging_mixin.py:190} WARNING - /home/***/.local/lib/python3.12/site-packages/***/task/task_runner/standard_task_runner.py:70 DeprecationWarning: This process (pid=6173) is multi-threaded, use of fork() may lead to deadlocks in the child.
[2025-03-13T16:04:53.359+0000] {standard_task_runner.py:104} INFO - Running: ['***', 'tasks', 'run', 'web_scraping_dag', 'trigger_parse_dag', 'manual__2025-03-13T15:52:01.509950+00:00', '--job-id', '102', '--raw', '--subdir', 'DAGS_FOLDER/Website2mongo.py', '--cfg-path', '/tmp/tmp48sg7a91']
[2025-03-13T16:04:53.361+0000] {standard_task_runner.py:72} INFO - Started process 6174 to run task
[2025-03-13T16:04:53.362+0000] {standard_task_runner.py:105} INFO - Job 102: Subtask trigger_parse_dag
[2025-03-13T16:04:53.400+0000] {task_command.py:467} INFO - Running <TaskInstance: web_scraping_dag.trigger_parse_dag manual__2025-03-13T15:52:01.509950+00:00 [running]> on host 40f8d416e5ba
[2025-03-13T16:04:53.469+0000] {taskinstance.py:3134} INFO - Exporting env vars: AIRFLOW_CTX_DAG_OWNER='***' AIRFLOW_CTX_DAG_ID='web_scraping_dag' AIRFLOW_CTX_TASK_ID='trigger_parse_dag' AIRFLOW_CTX_EXECUTION_DATE='2025-03-13T15:52:01.509950+00:00' AIRFLOW_CTX_TRY_NUMBER='2' AIRFLOW_CTX_DAG_RUN_ID='manual__2025-03-13T15:52:01.509950+00:00'
[2025-03-13T16:04:53.470+0000] {taskinstance.py:732} INFO - ::endgroup::
[2025-03-13T16:04:53.656+0000] {trigger_dagrun.py:257} INFO - Waiting for parse_mongo_to_sql_dag on 2025-03-13 16:04:53.486493+00:00 to become allowed state ['success'] ...
[2025-03-13T16:05:59.124+0000] {trigger_dagrun.py:257} INFO - Waiting for parse_mongo_to_sql_dag on 2025-03-13 16:04:53.486493+00:00 to become allowed state ['success'] ...
[2025-03-13T16:07:04.591+0000] {trigger_dagrun.py:257} INFO - Waiting for parse_mongo_to_sql_dag on 2025-03-13 16:04:53.486493+00:00 to become allowed state ['success'] ...
[2025-03-13T16:08:10.068+0000] {trigger_dagrun.py:257} INFO - Waiting for parse_mongo_to_sql_dag on 2025-03-13 16:04:53.486493+00:00 to become allowed state ['success'] ...
[2025-03-13T16:09:15.545+0000] {trigger_dagrun.py:257} INFO - Waiting for parse_mongo_to_sql_dag on 2025-03-13 16:04:53.486493+00:00 to become allowed state ['success'] ...
[2025-03-13T16:10:18.858+0000] {trigger_dagrun.py:257} INFO - Waiting for parse_mongo_to_sql_dag on 2025-03-13 16:04:53.486493+00:00 to become allowed state ['success'] ...
[2025-03-13T16:11:24.327+0000] {trigger_dagrun.py:257} INFO - Waiting for parse_mongo_to_sql_dag on 2025-03-13 16:04:53.486493+00:00 to become allowed state ['success'] ...
[2025-03-13T16:12:29.795+0000] {trigger_dagrun.py:257} INFO - Waiting for parse_mongo_to_sql_dag on 2025-03-13 16:04:53.486493+00:00 to become allowed state ['success'] ...
[2025-03-13T16:13:35.299+0000] {taskinstance.py:3313} ERROR - Task failed with exception
Traceback (most recent call last):
  File "/home/airflow/.local/lib/python3.12/site-packages/airflow/models/taskinstance.py", line 768, in _execute_task
    result = _execute_callable(context=context, **execute_callable_kwargs)
             ^^^^^^^^^^^^^^^^^^^^^^^^^^^^^^^^^^^^^^^^^^^^^^^^^^^^^^^^^^^^^
  File "/home/airflow/.local/lib/python3.12/site-packages/airflow/models/taskinstance.py", line 734, in _execute_callable
    return ExecutionCallableRunner(
           ^^^^^^^^^^^^^^^^^^^^^^^^
  File "/home/airflow/.local/lib/python3.12/site-packages/airflow/utils/operator_helpers.py", line 252, in run
    return self.func(*args, **kwargs)
           ^^^^^^^^^^^^^^^^^^^^^^^^^^
  File "/home/airflow/.local/lib/python3.12/site-packages/airflow/models/baseoperator.py", line 424, in wrapper
    return func(self, *args, **kwargs)
           ^^^^^^^^^^^^^^^^^^^^^^^^^^^
  File "/home/airflow/.local/lib/python3.12/site-packages/airflow/operators/trigger_dagrun.py", line 269, in execute
    raise AirflowException(f"{self.trigger_dag_id} failed with failed states {state}")
airflow.exceptions.AirflowException: parse_mongo_to_sql_dag failed with failed states failed
[2025-03-13T16:13:35.306+0000] {taskinstance.py:1226} INFO - Marking task as UP_FOR_RETRY. dag_id=web_scraping_dag, task_id=trigger_parse_dag, run_id=manual__2025-03-13T15:52:01.509950+00:00, execution_date=20250313T155201, start_date=20250313T160453, end_date=20250313T161335
[2025-03-13T16:13:35.330+0000] {taskinstance.py:341} INFO - ::group::Post task execution logs
[2025-03-13T16:13:35.331+0000] {standard_task_runner.py:124} ERROR - Failed to execute job 102 for task trigger_parse_dag (parse_mongo_to_sql_dag failed with failed states failed; 6174)
Traceback (most recent call last):
  File "/home/airflow/.local/lib/python3.12/site-packages/airflow/task/task_runner/standard_task_runner.py", line 117, in _start_by_fork
    ret = args.func(args, dag=self.dag)
          ^^^^^^^^^^^^^^^^^^^^^^^^^^^^^
  File "/home/airflow/.local/lib/python3.12/site-packages/airflow/cli/cli_config.py", line 49, in command
    return func(*args, **kwargs)
           ^^^^^^^^^^^^^^^^^^^^^
  File "/home/airflow/.local/lib/python3.12/site-packages/airflow/utils/cli.py", line 116, in wrapper
    return f(*args, **kwargs)
           ^^^^^^^^^^^^^^^^^^
  File "/home/airflow/.local/lib/python3.12/site-packages/airflow/cli/commands/task_command.py", line 483, in task_run
    task_return_code = _run_task_by_selected_method(args, _dag, ti)
                       ^^^^^^^^^^^^^^^^^^^^^^^^^^^^^^^^^^^^^^^^^^^^
  File "/home/airflow/.local/lib/python3.12/site-packages/airflow/cli/commands/task_command.py", line 256, in _run_task_by_selected_method
    return _run_raw_task(args, ti)
           ^^^^^^^^^^^^^^^^^^^^^^^
  File "/home/airflow/.local/lib/python3.12/site-packages/airflow/cli/commands/task_command.py", line 341, in _run_raw_task
    return ti._run_raw_task(
           ^^^^^^^^^^^^^^^^^
  File "/home/airflow/.local/lib/python3.12/site-packages/airflow/utils/session.py", line 97, in wrapper
    return func(*args, session=session, **kwargs)
           ^^^^^^^^^^^^^^^^^^^^^^^^^^^^^^^^^^^^^^
  File "/home/airflow/.local/lib/python3.12/site-packages/airflow/models/taskinstance.py", line 3006, in _run_raw_task
    return _run_raw_task(
           ^^^^^^^^^^^^^^
  File "/home/airflow/.local/lib/python3.12/site-packages/airflow/models/taskinstance.py", line 274, in _run_raw_task
    TaskInstance._execute_task_with_callbacks(
  File "/home/airflow/.local/lib/python3.12/site-packages/airflow/models/taskinstance.py", line 3161, in _execute_task_with_callbacks
    result = self._execute_task(context, task_orig)
             ^^^^^^^^^^^^^^^^^^^^^^^^^^^^^^^^^^^^^^
  File "/home/airflow/.local/lib/python3.12/site-packages/airflow/models/taskinstance.py", line 3185, in _execute_task
    return _execute_task(self, context, task_orig)
           ^^^^^^^^^^^^^^^^^^^^^^^^^^^^^^^^^^^^^^^
  File "/home/airflow/.local/lib/python3.12/site-packages/airflow/models/taskinstance.py", line 768, in _execute_task
    result = _execute_callable(context=context, **execute_callable_kwargs)
             ^^^^^^^^^^^^^^^^^^^^^^^^^^^^^^^^^^^^^^^^^^^^^^^^^^^^^^^^^^^^^
  File "/home/airflow/.local/lib/python3.12/site-packages/airflow/models/taskinstance.py", line 734, in _execute_callable
    return ExecutionCallableRunner(
           ^^^^^^^^^^^^^^^^^^^^^^^^
  File "/home/airflow/.local/lib/python3.12/site-packages/airflow/utils/operator_helpers.py", line 252, in run
    return self.func(*args, **kwargs)
           ^^^^^^^^^^^^^^^^^^^^^^^^^^
  File "/home/airflow/.local/lib/python3.12/site-packages/airflow/models/baseoperator.py", line 424, in wrapper
    return func(self, *args, **kwargs)
           ^^^^^^^^^^^^^^^^^^^^^^^^^^^
  File "/home/airflow/.local/lib/python3.12/site-packages/airflow/operators/trigger_dagrun.py", line 269, in execute
    raise AirflowException(f"{self.trigger_dag_id} failed with failed states {state}")
airflow.exceptions.AirflowException: parse_mongo_to_sql_dag failed with failed states failed
[2025-03-13T16:13:35.365+0000] {local_task_job_runner.py:266} INFO - Task exited with return code 1
[2025-03-13T16:13:35.383+0000] {taskinstance.py:3901} INFO - 0 downstream tasks scheduled from follow-on schedule check
[2025-03-13T16:13:35.386+0000] {local_task_job_runner.py:245} INFO - ::endgroup::
