[2025-03-07T14:14:32.090+0000] {local_task_job_runner.py:123} INFO - ::group::Pre task execution logs
[2025-03-07T14:14:32.113+0000] {taskinstance.py:2614} INFO - Dependencies all met for dep_context=non-requeueable deps ti=<TaskInstance: our_first_dag.third_task manual__2025-03-07T14:14:28.989171+00:00 [queued]>
[2025-03-07T14:14:32.124+0000] {taskinstance.py:2614} INFO - Dependencies all met for dep_context=requeueable deps ti=<TaskInstance: our_first_dag.third_task manual__2025-03-07T14:14:28.989171+00:00 [queued]>
[2025-03-07T14:14:32.125+0000] {taskinstance.py:2867} INFO - Starting attempt 1 of 5
[2025-03-07T14:14:32.139+0000] {taskinstance.py:2890} INFO - Executing <Task(BashOperator): third_task> on 2025-03-07 14:14:28.989171+00:00
[2025-03-07T14:14:32.151+0000] {standard_task_runner.py:104} INFO - Running: ['***', 'tasks', 'run', 'our_first_dag', 'third_task', 'manual__2025-03-07T14:14:28.989171+00:00', '--job-id', '39', '--raw', '--subdir', 'DAGS_FOLDER/our_first_dag.py', '--cfg-path', '/tmp/tmp4i55jhz0']
[2025-03-07T14:14:32.151+0000] {logging_mixin.py:190} WARNING - /home/***/.local/lib/python3.12/site-packages/***/task/task_runner/standard_task_runner.py:70 DeprecationWarning: This process (pid=85874) is multi-threaded, use of fork() may lead to deadlocks in the child.
[2025-03-07T14:14:32.153+0000] {standard_task_runner.py:105} INFO - Job 39: Subtask third_task
[2025-03-07T14:14:32.153+0000] {standard_task_runner.py:72} INFO - Started process 85877 to run task
[2025-03-07T14:14:32.209+0000] {task_command.py:467} INFO - Running <TaskInstance: our_first_dag.third_task manual__2025-03-07T14:14:28.989171+00:00 [running]> on host 9462f8147d13
[2025-03-07T14:14:32.300+0000] {taskinstance.py:3134} INFO - Exporting env vars: AIRFLOW_CTX_DAG_OWNER='***' AIRFLOW_CTX_DAG_ID='our_first_dag' AIRFLOW_CTX_TASK_ID='third_task' AIRFLOW_CTX_EXECUTION_DATE='2025-03-07T14:14:28.989171+00:00' AIRFLOW_CTX_TRY_NUMBER='1' AIRFLOW_CTX_DAG_RUN_ID='manual__2025-03-07T14:14:28.989171+00:00'
[2025-03-07T14:14:32.302+0000] {logging_mixin.py:190} INFO - Task instance is in running state
[2025-03-07T14:14:32.302+0000] {logging_mixin.py:190} INFO -  Previous state of the Task instance: queued
[2025-03-07T14:14:32.303+0000] {logging_mixin.py:190} INFO - Current task name:third_task state:running start_date:2025-03-07 14:14:32.113902+00:00
[2025-03-07T14:14:32.303+0000] {logging_mixin.py:190} INFO - Dag name:our_first_dag and current dag run status:running
[2025-03-07T14:14:32.304+0000] {taskinstance.py:732} INFO - ::endgroup::
[2025-03-07T14:14:32.305+0000] {subprocess.py:78} INFO - Tmp dir root location: /tmp
[2025-03-07T14:14:32.306+0000] {subprocess.py:88} INFO - Running command: ['/usr/bin/bash', '-c', 'echo I am the third task, and I am here to save the day!']
[2025-03-07T14:14:32.321+0000] {subprocess.py:99} INFO - Output:
[2025-03-07T14:14:32.323+0000] {subprocess.py:106} INFO - I am the third task, and I am here to save the day!
[2025-03-07T14:14:32.324+0000] {subprocess.py:110} INFO - Command exited with return code 0
[2025-03-07T14:14:32.353+0000] {taskinstance.py:341} INFO - ::group::Post task execution logs
[2025-03-07T14:14:32.354+0000] {taskinstance.py:353} INFO - Marking task as SUCCESS. dag_id=our_first_dag, task_id=third_task, run_id=manual__2025-03-07T14:14:28.989171+00:00, execution_date=20250307T141428, start_date=20250307T141432, end_date=20250307T141432
[2025-03-07T14:14:32.376+0000] {logging_mixin.py:190} INFO - Task instance in success state
[2025-03-07T14:14:32.376+0000] {logging_mixin.py:190} INFO -  Previous state of the Task instance: running
[2025-03-07T14:14:32.377+0000] {logging_mixin.py:190} INFO - Dag name:our_first_dag queued_at:2025-03-07 14:14:28.999218+00:00
[2025-03-07T14:14:32.377+0000] {logging_mixin.py:190} INFO - Task hostname:9462f8147d13 operator:BashOperator
[2025-03-07T14:14:32.410+0000] {local_task_job_runner.py:266} INFO - Task exited with return code 0
[2025-03-07T14:14:32.424+0000] {taskinstance.py:3901} INFO - 0 downstream tasks scheduled from follow-on schedule check
[2025-03-07T14:14:32.425+0000] {local_task_job_runner.py:245} INFO - ::endgroup::
