[2025-03-07T14:14:32.077+0000] {local_task_job_runner.py:123} INFO - ::group::Pre task execution logs
[2025-03-07T14:14:32.097+0000] {taskinstance.py:2614} INFO - Dependencies all met for dep_context=non-requeueable deps ti=<TaskInstance: our_first_dag.second_task manual__2025-03-07T14:14:28.989171+00:00 [queued]>
[2025-03-07T14:14:32.108+0000] {taskinstance.py:2614} INFO - Dependencies all met for dep_context=requeueable deps ti=<TaskInstance: our_first_dag.second_task manual__2025-03-07T14:14:28.989171+00:00 [queued]>
[2025-03-07T14:14:32.108+0000] {taskinstance.py:2867} INFO - Starting attempt 1 of 5
[2025-03-07T14:14:32.122+0000] {taskinstance.py:2890} INFO - Executing <Task(BashOperator): second_task> on 2025-03-07 14:14:28.989171+00:00
[2025-03-07T14:14:32.132+0000] {standard_task_runner.py:104} INFO - Running: ['***', 'tasks', 'run', 'our_first_dag', 'second_task', 'manual__2025-03-07T14:14:28.989171+00:00', '--job-id', '38', '--raw', '--subdir', 'DAGS_FOLDER/our_first_dag.py', '--cfg-path', '/tmp/tmp5yfxny8_']
[2025-03-07T14:14:32.134+0000] {standard_task_runner.py:105} INFO - Job 38: Subtask second_task
[2025-03-07T14:14:32.136+0000] {logging_mixin.py:190} WARNING - /home/***/.local/lib/python3.12/site-packages/***/task/task_runner/standard_task_runner.py:70 DeprecationWarning: This process (pid=85873) is multi-threaded, use of fork() may lead to deadlocks in the child.
[2025-03-07T14:14:32.140+0000] {standard_task_runner.py:72} INFO - Started process 85875 to run task
[2025-03-07T14:14:32.192+0000] {task_command.py:467} INFO - Running <TaskInstance: our_first_dag.second_task manual__2025-03-07T14:14:28.989171+00:00 [running]> on host 9462f8147d13
[2025-03-07T14:14:32.283+0000] {taskinstance.py:3134} INFO - Exporting env vars: AIRFLOW_CTX_DAG_OWNER='***' AIRFLOW_CTX_DAG_ID='our_first_dag' AIRFLOW_CTX_TASK_ID='second_task' AIRFLOW_CTX_EXECUTION_DATE='2025-03-07T14:14:28.989171+00:00' AIRFLOW_CTX_TRY_NUMBER='1' AIRFLOW_CTX_DAG_RUN_ID='manual__2025-03-07T14:14:28.989171+00:00'
[2025-03-07T14:14:32.285+0000] {logging_mixin.py:190} INFO - Task instance is in running state
[2025-03-07T14:14:32.285+0000] {logging_mixin.py:190} INFO -  Previous state of the Task instance: queued
[2025-03-07T14:14:32.286+0000] {logging_mixin.py:190} INFO - Current task name:second_task state:running start_date:2025-03-07 14:14:32.098314+00:00
[2025-03-07T14:14:32.286+0000] {logging_mixin.py:190} INFO - Dag name:our_first_dag and current dag run status:running
[2025-03-07T14:14:32.286+0000] {taskinstance.py:732} INFO - ::endgroup::
[2025-03-07T14:14:32.287+0000] {subprocess.py:78} INFO - Tmp dir root location: /tmp
[2025-03-07T14:14:32.288+0000] {subprocess.py:88} INFO - Running command: ['/usr/bin/bash', '-c', 'echo I am task two, but it failed somehow?']
[2025-03-07T14:14:32.303+0000] {subprocess.py:99} INFO - Output:
[2025-03-07T14:14:32.305+0000] {subprocess.py:106} INFO - I am task two, but it failed somehow?
[2025-03-07T14:14:32.305+0000] {subprocess.py:110} INFO - Command exited with return code 0
[2025-03-07T14:14:32.332+0000] {taskinstance.py:341} INFO - ::group::Post task execution logs
[2025-03-07T14:14:32.334+0000] {taskinstance.py:353} INFO - Marking task as SUCCESS. dag_id=our_first_dag, task_id=second_task, run_id=manual__2025-03-07T14:14:28.989171+00:00, execution_date=20250307T141428, start_date=20250307T141432, end_date=20250307T141432
[2025-03-07T14:14:32.360+0000] {logging_mixin.py:190} INFO - Task instance in success state
[2025-03-07T14:14:32.360+0000] {logging_mixin.py:190} INFO -  Previous state of the Task instance: running
[2025-03-07T14:14:32.361+0000] {logging_mixin.py:190} INFO - Dag name:our_first_dag queued_at:2025-03-07 14:14:28.999218+00:00
[2025-03-07T14:14:32.361+0000] {logging_mixin.py:190} INFO - Task hostname:9462f8147d13 operator:BashOperator
[2025-03-07T14:14:32.396+0000] {local_task_job_runner.py:266} INFO - Task exited with return code 0
[2025-03-07T14:14:32.409+0000] {taskinstance.py:3901} INFO - 0 downstream tasks scheduled from follow-on schedule check
[2025-03-07T14:14:32.411+0000] {local_task_job_runner.py:245} INFO - ::endgroup::
