[2025-03-07T14:46:03.242+0000] {local_task_job_runner.py:123} INFO - ::group::Pre task execution logs
[2025-03-07T14:46:03.257+0000] {taskinstance.py:2614} INFO - Dependencies all met for dep_context=non-requeueable deps ti=<TaskInstance: A_First_dag_python_operator_v02.get_name manual__2025-03-07T14:46:02.246635+00:00 [queued]>
[2025-03-07T14:46:03.264+0000] {taskinstance.py:2614} INFO - Dependencies all met for dep_context=requeueable deps ti=<TaskInstance: A_First_dag_python_operator_v02.get_name manual__2025-03-07T14:46:02.246635+00:00 [queued]>
[2025-03-07T14:46:03.265+0000] {taskinstance.py:2867} INFO - Starting attempt 1 of 5
[2025-03-07T14:46:03.276+0000] {taskinstance.py:2890} INFO - Executing <Task(PythonOperator): get_name> on 2025-03-07 14:46:02.246635+00:00
[2025-03-07T14:46:03.285+0000] {logging_mixin.py:190} WARNING - /home/***/.local/lib/python3.12/site-packages/***/task/task_runner/standard_task_runner.py:70 DeprecationWarning: This process (pid=3596) is multi-threaded, use of fork() may lead to deadlocks in the child.
[2025-03-07T14:46:03.285+0000] {standard_task_runner.py:104} INFO - Running: ['***', 'tasks', 'run', 'A_First_dag_python_operator_v02', 'get_name', 'manual__2025-03-07T14:46:02.246635+00:00', '--job-id', '49', '--raw', '--subdir', 'DAGS_FOLDER/create_dag_with_python_operator.py', '--cfg-path', '/tmp/tmpmej_g9rk']
[2025-03-07T14:46:03.286+0000] {standard_task_runner.py:72} INFO - Started process 3597 to run task
[2025-03-07T14:46:03.287+0000] {standard_task_runner.py:105} INFO - Job 49: Subtask get_name
[2025-03-07T14:46:03.328+0000] {task_command.py:467} INFO - Running <TaskInstance: A_First_dag_python_operator_v02.get_name manual__2025-03-07T14:46:02.246635+00:00 [running]> on host 9462f8147d13
[2025-03-07T14:46:03.393+0000] {taskinstance.py:3134} INFO - Exporting env vars: AIRFLOW_CTX_DAG_OWNER='***' AIRFLOW_CTX_DAG_ID='A_First_dag_python_operator_v02' AIRFLOW_CTX_TASK_ID='get_name' AIRFLOW_CTX_EXECUTION_DATE='2025-03-07T14:46:02.246635+00:00' AIRFLOW_CTX_TRY_NUMBER='1' AIRFLOW_CTX_DAG_RUN_ID='manual__2025-03-07T14:46:02.246635+00:00'
[2025-03-07T14:46:03.394+0000] {logging_mixin.py:190} INFO - Task instance is in running state
[2025-03-07T14:46:03.395+0000] {logging_mixin.py:190} INFO -  Previous state of the Task instance: queued
[2025-03-07T14:46:03.396+0000] {logging_mixin.py:190} INFO - Current task name:get_name state:running start_date:2025-03-07 14:46:03.258258+00:00
[2025-03-07T14:46:03.396+0000] {logging_mixin.py:190} INFO - Dag name:A_First_dag_python_operator_v02 and current dag run status:running
[2025-03-07T14:46:03.397+0000] {taskinstance.py:732} INFO - ::endgroup::
[2025-03-07T14:46:03.418+0000] {python.py:240} INFO - Done. Returned value was: None
[2025-03-07T14:46:03.426+0000] {taskinstance.py:341} INFO - ::group::Post task execution logs
[2025-03-07T14:46:03.427+0000] {taskinstance.py:353} INFO - Marking task as SUCCESS. dag_id=A_First_dag_python_operator_v02, task_id=get_name, run_id=manual__2025-03-07T14:46:02.246635+00:00, execution_date=20250307T144602, start_date=20250307T144603, end_date=20250307T144603
[2025-03-07T14:46:03.447+0000] {logging_mixin.py:190} INFO - Task instance in success state
[2025-03-07T14:46:03.448+0000] {logging_mixin.py:190} INFO -  Previous state of the Task instance: running
[2025-03-07T14:46:03.449+0000] {logging_mixin.py:190} INFO - Dag name:A_First_dag_python_operator_v02 queued_at:2025-03-07 14:46:02.253737+00:00
[2025-03-07T14:46:03.449+0000] {logging_mixin.py:190} INFO - Task hostname:9462f8147d13 operator:PythonOperator
[2025-03-07T14:46:03.462+0000] {local_task_job_runner.py:266} INFO - Task exited with return code 0
[2025-03-07T14:46:03.481+0000] {taskinstance.py:3901} INFO - 1 downstream tasks scheduled from follow-on schedule check
[2025-03-07T14:46:03.484+0000] {local_task_job_runner.py:245} INFO - ::endgroup::
