[2025-03-13T15:59:54.755+0000] {local_task_job_runner.py:123} INFO - ::group::Pre task execution logs
[2025-03-13T15:59:54.774+0000] {taskinstance.py:2614} INFO - Dependencies all met for dep_context=non-requeueable deps ti=<TaskInstance: web_scraping_dag.save_data manual__2025-03-13T15:59:53.057495+00:00 [queued]>
[2025-03-13T15:59:54.784+0000] {taskinstance.py:2614} INFO - Dependencies all met for dep_context=requeueable deps ti=<TaskInstance: web_scraping_dag.save_data manual__2025-03-13T15:59:53.057495+00:00 [queued]>
[2025-03-13T15:59:54.785+0000] {taskinstance.py:2867} INFO - Starting attempt 1 of 5
[2025-03-13T15:59:54.799+0000] {taskinstance.py:2890} INFO - Executing <Task(PythonOperator): save_data> on 2025-03-13 15:59:53.057495+00:00
[2025-03-13T15:59:54.807+0000] {logging_mixin.py:190} WARNING - /home/***/.local/lib/python3.12/site-packages/***/task/task_runner/standard_task_runner.py:70 DeprecationWarning: This process (pid=5811) is multi-threaded, use of fork() may lead to deadlocks in the child.
[2025-03-13T15:59:54.808+0000] {standard_task_runner.py:72} INFO - Started process 5813 to run task
[2025-03-13T15:59:54.807+0000] {standard_task_runner.py:104} INFO - Running: ['***', 'tasks', 'run', 'web_scraping_dag', 'save_data', 'manual__2025-03-13T15:59:53.057495+00:00', '--job-id', '85', '--raw', '--subdir', 'DAGS_FOLDER/Website2mongo.py', '--cfg-path', '/tmp/tmpevmmjm_u']
[2025-03-13T15:59:54.809+0000] {standard_task_runner.py:105} INFO - Job 85: Subtask save_data
[2025-03-13T15:59:54.853+0000] {task_command.py:467} INFO - Running <TaskInstance: web_scraping_dag.save_data manual__2025-03-13T15:59:53.057495+00:00 [running]> on host 40f8d416e5ba
[2025-03-13T15:59:54.925+0000] {taskinstance.py:3134} INFO - Exporting env vars: AIRFLOW_CTX_DAG_OWNER='***' AIRFLOW_CTX_DAG_ID='web_scraping_dag' AIRFLOW_CTX_TASK_ID='save_data' AIRFLOW_CTX_EXECUTION_DATE='2025-03-13T15:59:53.057495+00:00' AIRFLOW_CTX_TRY_NUMBER='1' AIRFLOW_CTX_DAG_RUN_ID='manual__2025-03-13T15:59:53.057495+00:00'
[2025-03-13T15:59:54.926+0000] {taskinstance.py:732} INFO - ::endgroup::
[2025-03-13T15:59:54.995+0000] {logging_mixin.py:190} INFO - Data from https://dbpedia.org/class/yago/WikicatLogicalFallacies saved to MongoDB with ID: 67d300faf7cad183f209e9da
[2025-03-13T15:59:54.999+0000] {logging_mixin.py:190} INFO - Data from https://en.wikipedia.org/wiki/List_of_fallacies saved to MongoDB with ID: 67d300faf7cad183f209e9db
[2025-03-13T15:59:55.005+0000] {logging_mixin.py:190} INFO - Data from https://en.wikipedia.org/wiki/List_of_cognitive_biases saved to MongoDB with ID: 67d300faf7cad183f209e9dc
[2025-03-13T15:59:55.007+0000] {logging_mixin.py:190} INFO - Data from https://www.wikidata.org/wiki/Q2607828 saved to MongoDB with ID: 67d300fbf7cad183f209e9dd
[2025-03-13T15:59:55.009+0000] {logging_mixin.py:190} INFO - Data from https://simple.wikipedia.org/wiki/Category:Logical_fallacies saved to MongoDB with ID: 67d300fbf7cad183f209e9de
[2025-03-13T15:59:55.020+0000] {logging_mixin.py:190} INFO - All data have been saved to MongoDB.
[2025-03-13T15:59:55.021+0000] {python.py:240} INFO - Done. Returned value was: None
[2025-03-13T15:59:55.140+0000] {taskinstance.py:341} INFO - ::group::Post task execution logs
[2025-03-13T15:59:55.140+0000] {taskinstance.py:353} INFO - Marking task as SUCCESS. dag_id=web_scraping_dag, task_id=save_data, run_id=manual__2025-03-13T15:59:53.057495+00:00, execution_date=20250313T155953, start_date=20250313T155954, end_date=20250313T155955
[2025-03-13T15:59:55.183+0000] {local_task_job_runner.py:266} INFO - Task exited with return code 0
[2025-03-13T15:59:55.201+0000] {taskinstance.py:3901} INFO - 1 downstream tasks scheduled from follow-on schedule check
[2025-03-13T15:59:55.203+0000] {local_task_job_runner.py:245} INFO - ::endgroup::
