[2025-03-19T13:31:28.258+0000] {local_task_job_runner.py:123} INFO - ::group::Pre task execution logs
[2025-03-19T13:31:28.282+0000] {taskinstance.py:2614} INFO - Dependencies all met for dep_context=non-requeueable deps ti=<TaskInstance: web_scraping_dag.save_data scheduled__2025-03-09T00:00:00+00:00 [queued]>
[2025-03-19T13:31:28.295+0000] {taskinstance.py:2614} INFO - Dependencies all met for dep_context=requeueable deps ti=<TaskInstance: web_scraping_dag.save_data scheduled__2025-03-09T00:00:00+00:00 [queued]>
[2025-03-19T13:31:28.295+0000] {taskinstance.py:2867} INFO - Starting attempt 1 of 5
[2025-03-19T13:31:28.309+0000] {taskinstance.py:2890} INFO - Executing <Task(PythonOperator): save_data> on 2025-03-09 00:00:00+00:00
[2025-03-19T13:31:28.317+0000] {standard_task_runner.py:104} INFO - Running: ['***', 'tasks', 'run', 'web_scraping_dag', 'save_data', 'scheduled__2025-03-09T00:00:00+00:00', '--job-id', '16', '--raw', '--subdir', 'DAGS_FOLDER/Website2mongo.py', '--cfg-path', '/tmp/tmp162a4tvw']
[2025-03-19T13:31:28.320+0000] {logging_mixin.py:190} WARNING - /home/***/.local/lib/python3.12/site-packages/***/task/task_runner/standard_task_runner.py:70 DeprecationWarning: This process (pid=228) is multi-threaded, use of fork() may lead to deadlocks in the child.
[2025-03-19T13:31:28.320+0000] {standard_task_runner.py:105} INFO - Job 16: Subtask save_data
[2025-03-19T13:31:28.320+0000] {standard_task_runner.py:72} INFO - Started process 229 to run task
[2025-03-19T13:31:28.367+0000] {task_command.py:467} INFO - Running <TaskInstance: web_scraping_dag.save_data scheduled__2025-03-09T00:00:00+00:00 [running]> on host f8578d95b82a
[2025-03-19T13:31:28.442+0000] {taskinstance.py:3134} INFO - Exporting env vars: AIRFLOW_CTX_DAG_OWNER='***' AIRFLOW_CTX_DAG_ID='web_scraping_dag' AIRFLOW_CTX_TASK_ID='save_data' AIRFLOW_CTX_EXECUTION_DATE='2025-03-09T00:00:00+00:00' AIRFLOW_CTX_TRY_NUMBER='1' AIRFLOW_CTX_DAG_RUN_ID='scheduled__2025-03-09T00:00:00+00:00'
[2025-03-19T13:31:28.443+0000] {taskinstance.py:732} INFO - ::endgroup::
[2025-03-19T13:31:28.530+0000] {logging_mixin.py:190} INFO - Data from https://dbpedia.org/class/yago/WikicatLogicalFallacies saved to MongoDB with ID: 67dac730d36f2cbc8d22cb13
[2025-03-19T13:31:28.533+0000] {logging_mixin.py:190} INFO - Data from https://en.wikipedia.org/wiki/List_of_fallacies saved to MongoDB with ID: 67dac730d36f2cbc8d22cb14
[2025-03-19T13:31:28.539+0000] {logging_mixin.py:190} INFO - Data from https://en.wikipedia.org/wiki/List_of_cognitive_biases saved to MongoDB with ID: 67dac730d36f2cbc8d22cb15
[2025-03-19T13:31:28.540+0000] {logging_mixin.py:190} INFO - Data from https://www.wikidata.org/wiki/Q2607828 saved to MongoDB with ID: 67dac730d36f2cbc8d22cb16
[2025-03-19T13:31:28.541+0000] {logging_mixin.py:190} INFO - Data from https://simple.wikipedia.org/wiki/Category:Logical_fallacies saved to MongoDB with ID: 67dac730d36f2cbc8d22cb17
[2025-03-19T13:31:28.556+0000] {logging_mixin.py:190} INFO - All data have been saved to MongoDB.
[2025-03-19T13:31:28.557+0000] {python.py:240} INFO - Done. Returned value was: None
[2025-03-19T13:31:28.568+0000] {taskinstance.py:341} INFO - ::group::Post task execution logs
[2025-03-19T13:31:28.569+0000] {taskinstance.py:353} INFO - Marking task as SUCCESS. dag_id=web_scraping_dag, task_id=save_data, run_id=scheduled__2025-03-09T00:00:00+00:00, execution_date=20250309T000000, start_date=20250319T133128, end_date=20250319T133128
[2025-03-19T13:31:28.616+0000] {local_task_job_runner.py:266} INFO - Task exited with return code 0
[2025-03-19T13:31:28.642+0000] {taskinstance.py:3901} INFO - 1 downstream tasks scheduled from follow-on schedule check
[2025-03-19T13:31:28.644+0000] {local_task_job_runner.py:245} INFO - ::endgroup::
