[2025-03-13T15:15:50.875+0000] {local_task_job_runner.py:123} INFO - ::group::Pre task execution logs
[2025-03-13T15:15:50.892+0000] {taskinstance.py:2614} INFO - Dependencies all met for dep_context=non-requeueable deps ti=<TaskInstance: web_scraping_dag.save_data manual__2025-03-13T15:15:49.462580+00:00 [queued]>
[2025-03-13T15:15:50.900+0000] {taskinstance.py:2614} INFO - Dependencies all met for dep_context=requeueable deps ti=<TaskInstance: web_scraping_dag.save_data manual__2025-03-13T15:15:49.462580+00:00 [queued]>
[2025-03-13T15:15:50.901+0000] {taskinstance.py:2867} INFO - Starting attempt 1 of 5
[2025-03-13T15:15:50.912+0000] {taskinstance.py:2890} INFO - Executing <Task(PythonOperator): save_data> on 2025-03-13 15:15:49.462580+00:00
[2025-03-13T15:15:50.919+0000] {standard_task_runner.py:104} INFO - Running: ['***', 'tasks', 'run', 'web_scraping_dag', 'save_data', 'manual__2025-03-13T15:15:49.462580+00:00', '--job-id', '20', '--raw', '--subdir', 'DAGS_FOLDER/Website2mongo.py', '--cfg-path', '/tmp/tmp08p_2hui']
[2025-03-13T15:15:50.922+0000] {standard_task_runner.py:105} INFO - Job 20: Subtask save_data
[2025-03-13T15:15:50.922+0000] {logging_mixin.py:190} WARNING - /home/***/.local/lib/python3.12/site-packages/***/task/task_runner/standard_task_runner.py:70 DeprecationWarning: This process (pid=2901) is multi-threaded, use of fork() may lead to deadlocks in the child.
[2025-03-13T15:15:50.923+0000] {standard_task_runner.py:72} INFO - Started process 2902 to run task
[2025-03-13T15:15:50.964+0000] {task_command.py:467} INFO - Running <TaskInstance: web_scraping_dag.save_data manual__2025-03-13T15:15:49.462580+00:00 [running]> on host 40f8d416e5ba
[2025-03-13T15:15:51.034+0000] {taskinstance.py:3134} INFO - Exporting env vars: AIRFLOW_CTX_DAG_OWNER='***' AIRFLOW_CTX_DAG_ID='web_scraping_dag' AIRFLOW_CTX_TASK_ID='save_data' AIRFLOW_CTX_EXECUTION_DATE='2025-03-13T15:15:49.462580+00:00' AIRFLOW_CTX_TRY_NUMBER='1' AIRFLOW_CTX_DAG_RUN_ID='manual__2025-03-13T15:15:49.462580+00:00'
[2025-03-13T15:15:51.035+0000] {taskinstance.py:732} INFO - ::endgroup::
[2025-03-13T15:15:51.093+0000] {logging_mixin.py:190} INFO - Data from https://dbpedia.org/class/yago/WikicatLogicalFallacies saved to MongoDB
[2025-03-13T15:15:51.096+0000] {logging_mixin.py:190} INFO - Data from https://en.wikipedia.org/wiki/List_of_fallacies saved to MongoDB
[2025-03-13T15:15:51.101+0000] {logging_mixin.py:190} INFO - Data from https://en.wikipedia.org/wiki/List_of_cognitive_biases saved to MongoDB
[2025-03-13T15:15:51.103+0000] {logging_mixin.py:190} INFO - Data from https://www.wikidata.org/wiki/Q2607828 saved to MongoDB
[2025-03-13T15:15:51.104+0000] {logging_mixin.py:190} INFO - Data from https://simple.wikipedia.org/wiki/Category:Logical_fallacies saved to MongoDB
[2025-03-13T15:15:51.104+0000] {logging_mixin.py:190} INFO - All data have been saved to MongoDB.
[2025-03-13T15:15:51.105+0000] {python.py:240} INFO - Done. Returned value was: None
[2025-03-13T15:15:51.231+0000] {taskinstance.py:341} INFO - ::group::Post task execution logs
[2025-03-13T15:15:51.231+0000] {taskinstance.py:353} INFO - Marking task as SUCCESS. dag_id=web_scraping_dag, task_id=save_data, run_id=manual__2025-03-13T15:15:49.462580+00:00, execution_date=20250313T151549, start_date=20250313T151550, end_date=20250313T151551
[2025-03-13T15:15:51.258+0000] {local_task_job_runner.py:266} INFO - Task exited with return code 0
[2025-03-13T15:15:51.275+0000] {taskinstance.py:3901} INFO - 1 downstream tasks scheduled from follow-on schedule check
[2025-03-13T15:15:51.277+0000] {local_task_job_runner.py:245} INFO - ::endgroup::
