[2025-03-07T14:00:53.338+0000] {local_task_job_runner.py:123} INFO - ::group::Pre task execution logs
[2025-03-07T14:00:53.351+0000] {taskinstance.py:2614} INFO - Dependencies all met for dep_context=non-requeueable deps ti=<TaskInstance: our_first_dag.first_task manual__2025-03-07T14:00:51.357697+00:00 [queued]>
[2025-03-07T14:00:53.359+0000] {taskinstance.py:2614} INFO - Dependencies all met for dep_context=requeueable deps ti=<TaskInstance: our_first_dag.first_task manual__2025-03-07T14:00:51.357697+00:00 [queued]>
[2025-03-07T14:00:53.360+0000] {taskinstance.py:2867} INFO - Starting attempt 1 of 5
[2025-03-07T14:00:53.371+0000] {taskinstance.py:2890} INFO - Executing <Task(BashOperator): first_task> on 2025-03-07 14:00:51.357697+00:00
[2025-03-07T14:00:53.379+0000] {standard_task_runner.py:104} INFO - Running: ['***', 'tasks', 'run', 'our_first_dag', 'first_task', 'manual__2025-03-07T14:00:51.357697+00:00', '--job-id', '17', '--raw', '--subdir', 'DAGS_FOLDER/our_first_dag.py', '--cfg-path', '/tmp/tmpszj57sit']
[2025-03-07T14:00:53.380+0000] {standard_task_runner.py:105} INFO - Job 17: Subtask first_task
[2025-03-07T14:00:53.382+0000] {logging_mixin.py:190} WARNING - /home/***/.local/lib/python3.12/site-packages/***/task/task_runner/standard_task_runner.py:70 DeprecationWarning: This process (pid=78370) is multi-threaded, use of fork() may lead to deadlocks in the child.
[2025-03-07T14:00:53.383+0000] {standard_task_runner.py:72} INFO - Started process 78371 to run task
[2025-03-07T14:00:53.420+0000] {task_command.py:467} INFO - Running <TaskInstance: our_first_dag.first_task manual__2025-03-07T14:00:51.357697+00:00 [running]> on host 9462f8147d13
[2025-03-07T14:00:53.489+0000] {taskinstance.py:3134} INFO - Exporting env vars: AIRFLOW_CTX_DAG_OWNER='***' AIRFLOW_CTX_DAG_ID='our_first_dag' AIRFLOW_CTX_TASK_ID='first_task' AIRFLOW_CTX_EXECUTION_DATE='2025-03-07T14:00:51.357697+00:00' AIRFLOW_CTX_TRY_NUMBER='1' AIRFLOW_CTX_DAG_RUN_ID='manual__2025-03-07T14:00:51.357697+00:00'
[2025-03-07T14:00:53.491+0000] {logging_mixin.py:190} INFO - Task instance is in running state
[2025-03-07T14:00:53.492+0000] {logging_mixin.py:190} INFO -  Previous state of the Task instance: queued
[2025-03-07T14:00:53.492+0000] {logging_mixin.py:190} INFO - Current task name:first_task state:running start_date:2025-03-07 14:00:53.351703+00:00
[2025-03-07T14:00:53.493+0000] {logging_mixin.py:190} INFO - Dag name:our_first_dag and current dag run status:running
[2025-03-07T14:00:53.493+0000] {taskinstance.py:732} INFO - ::endgroup::
[2025-03-07T14:00:53.494+0000] {subprocess.py:78} INFO - Tmp dir root location: /tmp
[2025-03-07T14:00:53.495+0000] {subprocess.py:88} INFO - Running command: ['/usr/bin/bash', '-c', 'echo first task']
[2025-03-07T14:00:53.503+0000] {subprocess.py:99} INFO - Output:
[2025-03-07T14:00:53.505+0000] {subprocess.py:106} INFO - first task
[2025-03-07T14:00:53.506+0000] {subprocess.py:110} INFO - Command exited with return code 0
[2025-03-07T14:00:53.525+0000] {taskinstance.py:341} INFO - ::group::Post task execution logs
[2025-03-07T14:00:53.526+0000] {taskinstance.py:353} INFO - Marking task as SUCCESS. dag_id=our_first_dag, task_id=first_task, run_id=manual__2025-03-07T14:00:51.357697+00:00, execution_date=20250307T140051, start_date=20250307T140053, end_date=20250307T140053
[2025-03-07T14:00:53.548+0000] {logging_mixin.py:190} INFO - Task instance in success state
[2025-03-07T14:00:53.549+0000] {logging_mixin.py:190} INFO -  Previous state of the Task instance: running
[2025-03-07T14:00:53.549+0000] {logging_mixin.py:190} INFO - Dag name:our_first_dag queued_at:2025-03-07 14:00:51.364809+00:00
[2025-03-07T14:00:53.550+0000] {logging_mixin.py:190} INFO - Task hostname:9462f8147d13 operator:BashOperator
[2025-03-07T14:00:53.558+0000] {local_task_job_runner.py:266} INFO - Task exited with return code 0
[2025-03-07T14:00:53.581+0000] {taskinstance.py:3901} INFO - 1 downstream tasks scheduled from follow-on schedule check
[2025-03-07T14:00:53.583+0000] {local_task_job_runner.py:245} INFO - ::endgroup::
