[2025-03-07T11:37:22.237+0000] {local_task_job_runner.py:123} INFO - ::group::Pre task execution logs
[2025-03-07T11:37:22.267+0000] {taskinstance.py:2614} INFO - Dependencies all met for dep_context=non-requeueable deps ti=<TaskInstance: example_bash_operator.runme_0 scheduled__2025-03-06T00:00:00+00:00 [queued]>
[2025-03-07T11:37:22.281+0000] {taskinstance.py:2614} INFO - Dependencies all met for dep_context=requeueable deps ti=<TaskInstance: example_bash_operator.runme_0 scheduled__2025-03-06T00:00:00+00:00 [queued]>
[2025-03-07T11:37:22.282+0000] {taskinstance.py:2867} INFO - Starting attempt 1 of 1
[2025-03-07T11:37:22.308+0000] {taskinstance.py:2890} INFO - Executing <Task(BashOperator): runme_0> on 2025-03-06 00:00:00+00:00
[2025-03-07T11:37:22.326+0000] {standard_task_runner.py:104} INFO - Running: ['***', 'tasks', 'run', 'example_bash_operator', 'runme_0', 'scheduled__2025-03-06T00:00:00+00:00', '--job-id', '8', '--raw', '--subdir', '/home/***/.local/lib/python3.12/site-packages/***/example_dags/example_bash_operator.py', '--cfg-path', '/tmp/tmpteibm8jc']
[2025-03-07T11:37:22.329+0000] {standard_task_runner.py:105} INFO - Job 8: Subtask runme_0
[2025-03-07T11:37:22.334+0000] {logging_mixin.py:190} WARNING - /home/***/.local/lib/python3.12/site-packages/***/task/task_runner/standard_task_runner.py:70 DeprecationWarning: This process (pid=1343) is multi-threaded, use of fork() may lead to deadlocks in the child.
[2025-03-07T11:37:22.336+0000] {standard_task_runner.py:72} INFO - Started process 1355 to run task
[2025-03-07T11:37:22.413+0000] {task_command.py:467} INFO - Running <TaskInstance: example_bash_operator.runme_0 scheduled__2025-03-06T00:00:00+00:00 [running]> on host 9462f8147d13
[2025-03-07T11:37:22.536+0000] {taskinstance.py:3134} INFO - Exporting env vars: AIRFLOW_CTX_DAG_OWNER='***' AIRFLOW_CTX_DAG_ID='example_bash_operator' AIRFLOW_CTX_TASK_ID='runme_0' AIRFLOW_CTX_EXECUTION_DATE='2025-03-06T00:00:00+00:00' AIRFLOW_CTX_TRY_NUMBER='1' AIRFLOW_CTX_DAG_RUN_ID='scheduled__2025-03-06T00:00:00+00:00'
[2025-03-07T11:37:22.538+0000] {logging_mixin.py:190} INFO - Task instance is in running state
[2025-03-07T11:37:22.539+0000] {logging_mixin.py:190} INFO -  Previous state of the Task instance: queued
[2025-03-07T11:37:22.539+0000] {logging_mixin.py:190} INFO - Current task name:runme_0 state:running start_date:2025-03-07 11:37:22.268972+00:00
[2025-03-07T11:37:22.540+0000] {logging_mixin.py:190} INFO - Dag name:example_bash_operator and current dag run status:running
[2025-03-07T11:37:22.540+0000] {taskinstance.py:732} INFO - ::endgroup::
[2025-03-07T11:37:22.542+0000] {subprocess.py:78} INFO - Tmp dir root location: /tmp
[2025-03-07T11:37:22.543+0000] {subprocess.py:88} INFO - Running command: ['/usr/bin/bash', '-c', 'echo "example_bash_operator__runme_0__20250306" && sleep 1']
[2025-03-07T11:37:22.559+0000] {subprocess.py:99} INFO - Output:
[2025-03-07T11:37:22.561+0000] {subprocess.py:106} INFO - example_bash_operator__runme_0__20250306
[2025-03-07T11:37:23.563+0000] {subprocess.py:110} INFO - Command exited with return code 0
[2025-03-07T11:37:23.584+0000] {taskinstance.py:341} INFO - ::group::Post task execution logs
[2025-03-07T11:37:23.585+0000] {taskinstance.py:353} INFO - Marking task as SUCCESS. dag_id=example_bash_operator, task_id=runme_0, run_id=scheduled__2025-03-06T00:00:00+00:00, execution_date=20250306T000000, start_date=20250307T113722, end_date=20250307T113723
[2025-03-07T11:37:23.608+0000] {logging_mixin.py:190} INFO - Task instance in success state
[2025-03-07T11:37:23.609+0000] {logging_mixin.py:190} INFO -  Previous state of the Task instance: running
[2025-03-07T11:37:23.609+0000] {logging_mixin.py:190} INFO - Dag name:example_bash_operator queued_at:2025-03-07 11:37:20.000006+00:00
[2025-03-07T11:37:23.610+0000] {logging_mixin.py:190} INFO - Task hostname:9462f8147d13 operator:BashOperator
[2025-03-07T11:37:23.642+0000] {local_task_job_runner.py:266} INFO - Task exited with return code 0
[2025-03-07T11:37:23.657+0000] {taskinstance.py:3901} INFO - 0 downstream tasks scheduled from follow-on schedule check
[2025-03-07T11:37:23.661+0000] {local_task_job_runner.py:245} INFO - ::endgroup::
