[2025-03-12T13:44:55.680+0000] {processor.py:186} INFO - Started process (PID=203) to work on /home/airflow/.local/lib/python3.12/site-packages/airflow/example_dags/example_task_group.py
[2025-03-12T13:44:55.681+0000] {processor.py:914} INFO - Processing file /home/airflow/.local/lib/python3.12/site-packages/airflow/example_dags/example_task_group.py for tasks to queue
[2025-03-12T13:44:55.684+0000] {logging_mixin.py:190} INFO - [2025-03-12T13:44:55.684+0000] {dagbag.py:588} INFO - Filling up the DagBag from /home/airflow/.local/lib/python3.12/site-packages/airflow/example_dags/example_task_group.py
[2025-03-12T13:44:55.698+0000] {processor.py:925} INFO - DAG(s) 'example_task_group' retrieved from /home/airflow/.local/lib/python3.12/site-packages/airflow/example_dags/example_task_group.py
[2025-03-12T13:44:55.819+0000] {logging_mixin.py:190} INFO - [2025-03-12T13:44:55.819+0000] {override.py:1912} INFO - Created Permission View: can edit on DAG:example_task_group
[2025-03-12T13:44:55.829+0000] {logging_mixin.py:190} INFO - [2025-03-12T13:44:55.828+0000] {override.py:1912} INFO - Created Permission View: can delete on DAG:example_task_group
[2025-03-12T13:44:55.834+0000] {logging_mixin.py:190} INFO - [2025-03-12T13:44:55.834+0000] {override.py:1912} INFO - Created Permission View: can read on DAG:example_task_group
[2025-03-12T13:44:55.841+0000] {logging_mixin.py:190} INFO - [2025-03-12T13:44:55.841+0000] {override.py:1912} INFO - Created Permission View: can delete on DAG Run:example_task_group
[2025-03-12T13:44:55.846+0000] {logging_mixin.py:190} INFO - [2025-03-12T13:44:55.846+0000] {override.py:1912} INFO - Created Permission View: menu access on DAG Run:example_task_group
[2025-03-12T13:44:55.852+0000] {logging_mixin.py:190} INFO - [2025-03-12T13:44:55.852+0000] {override.py:1912} INFO - Created Permission View: can create on DAG Run:example_task_group
[2025-03-12T13:44:55.858+0000] {logging_mixin.py:190} INFO - [2025-03-12T13:44:55.858+0000] {override.py:1912} INFO - Created Permission View: can read on DAG Run:example_task_group
[2025-03-12T13:44:55.859+0000] {logging_mixin.py:190} INFO - [2025-03-12T13:44:55.858+0000] {dag.py:3239} INFO - Sync 1 DAGs
[2025-03-12T13:44:55.870+0000] {logging_mixin.py:190} INFO - [2025-03-12T13:44:55.870+0000] {dag.py:3262} INFO - Creating ORM DAG for example_task_group
[2025-03-12T13:44:55.871+0000] {logging_mixin.py:190} INFO - [2025-03-12T13:44:55.871+0000] {dag.py:4180} INFO - Setting next_dagrun for example_task_group to None, run_after=None
[2025-03-12T13:44:55.886+0000] {processor.py:208} INFO - Processing /home/airflow/.local/lib/python3.12/site-packages/airflow/example_dags/example_task_group.py took 0.212 seconds
[2025-03-12T13:45:26.400+0000] {processor.py:186} INFO - Started process (PID=509) to work on /home/airflow/.local/lib/python3.12/site-packages/airflow/example_dags/example_task_group.py
[2025-03-12T13:45:26.401+0000] {processor.py:914} INFO - Processing file /home/airflow/.local/lib/python3.12/site-packages/airflow/example_dags/example_task_group.py for tasks to queue
[2025-03-12T13:45:26.403+0000] {logging_mixin.py:190} INFO - [2025-03-12T13:45:26.403+0000] {dagbag.py:588} INFO - Filling up the DagBag from /home/airflow/.local/lib/python3.12/site-packages/airflow/example_dags/example_task_group.py
[2025-03-12T13:45:26.409+0000] {processor.py:925} INFO - DAG(s) 'example_task_group' retrieved from /home/airflow/.local/lib/python3.12/site-packages/airflow/example_dags/example_task_group.py
[2025-03-12T13:45:26.425+0000] {logging_mixin.py:190} INFO - [2025-03-12T13:45:26.425+0000] {dag.py:3239} INFO - Sync 1 DAGs
[2025-03-12T13:45:26.437+0000] {logging_mixin.py:190} INFO - [2025-03-12T13:45:26.437+0000] {dag.py:4180} INFO - Setting next_dagrun for example_task_group to None, run_after=None
[2025-03-12T13:45:26.453+0000] {processor.py:208} INFO - Processing /home/airflow/.local/lib/python3.12/site-packages/airflow/example_dags/example_task_group.py took 0.057 seconds
[2025-03-12T13:45:57.091+0000] {processor.py:186} INFO - Started process (PID=815) to work on /home/airflow/.local/lib/python3.12/site-packages/airflow/example_dags/example_task_group.py
[2025-03-12T13:45:57.092+0000] {processor.py:914} INFO - Processing file /home/airflow/.local/lib/python3.12/site-packages/airflow/example_dags/example_task_group.py for tasks to queue
[2025-03-12T13:45:57.094+0000] {logging_mixin.py:190} INFO - [2025-03-12T13:45:57.094+0000] {dagbag.py:588} INFO - Filling up the DagBag from /home/airflow/.local/lib/python3.12/site-packages/airflow/example_dags/example_task_group.py
[2025-03-12T13:45:57.100+0000] {processor.py:925} INFO - DAG(s) 'example_task_group' retrieved from /home/airflow/.local/lib/python3.12/site-packages/airflow/example_dags/example_task_group.py
[2025-03-12T13:45:57.116+0000] {logging_mixin.py:190} INFO - [2025-03-12T13:45:57.116+0000] {dag.py:3239} INFO - Sync 1 DAGs
[2025-03-12T13:45:57.126+0000] {logging_mixin.py:190} INFO - [2025-03-12T13:45:57.126+0000] {dag.py:4180} INFO - Setting next_dagrun for example_task_group to None, run_after=None
[2025-03-12T13:45:57.140+0000] {processor.py:208} INFO - Processing /home/airflow/.local/lib/python3.12/site-packages/airflow/example_dags/example_task_group.py took 0.054 seconds
[2025-03-12T13:47:00.951+0000] {processor.py:186} INFO - Started process (PID=188) to work on /home/airflow/.local/lib/python3.12/site-packages/airflow/example_dags/example_task_group.py
[2025-03-12T13:47:00.952+0000] {processor.py:914} INFO - Processing file /home/airflow/.local/lib/python3.12/site-packages/airflow/example_dags/example_task_group.py for tasks to queue
[2025-03-12T13:47:00.954+0000] {logging_mixin.py:190} INFO - [2025-03-12T13:47:00.954+0000] {dagbag.py:588} INFO - Filling up the DagBag from /home/airflow/.local/lib/python3.12/site-packages/airflow/example_dags/example_task_group.py
[2025-03-12T13:47:00.962+0000] {processor.py:925} INFO - DAG(s) 'example_task_group' retrieved from /home/airflow/.local/lib/python3.12/site-packages/airflow/example_dags/example_task_group.py
[2025-03-12T13:47:00.989+0000] {logging_mixin.py:190} INFO - [2025-03-12T13:47:00.989+0000] {dag.py:3239} INFO - Sync 1 DAGs
[2025-03-12T13:47:01.007+0000] {logging_mixin.py:190} INFO - [2025-03-12T13:47:01.007+0000] {dag.py:4180} INFO - Setting next_dagrun for example_task_group to None, run_after=None
[2025-03-12T13:47:01.027+0000] {processor.py:208} INFO - Processing /home/airflow/.local/lib/python3.12/site-packages/airflow/example_dags/example_task_group.py took 0.081 seconds
[2025-03-12T13:47:31.287+0000] {processor.py:186} INFO - Started process (PID=496) to work on /home/airflow/.local/lib/python3.12/site-packages/airflow/example_dags/example_task_group.py
[2025-03-12T13:47:31.288+0000] {processor.py:914} INFO - Processing file /home/airflow/.local/lib/python3.12/site-packages/airflow/example_dags/example_task_group.py for tasks to queue
[2025-03-12T13:47:31.290+0000] {logging_mixin.py:190} INFO - [2025-03-12T13:47:31.289+0000] {dagbag.py:588} INFO - Filling up the DagBag from /home/airflow/.local/lib/python3.12/site-packages/airflow/example_dags/example_task_group.py
[2025-03-12T13:47:31.296+0000] {processor.py:925} INFO - DAG(s) 'example_task_group' retrieved from /home/airflow/.local/lib/python3.12/site-packages/airflow/example_dags/example_task_group.py
[2025-03-12T13:47:31.312+0000] {logging_mixin.py:190} INFO - [2025-03-12T13:47:31.312+0000] {dag.py:3239} INFO - Sync 1 DAGs
[2025-03-12T13:47:31.323+0000] {logging_mixin.py:190} INFO - [2025-03-12T13:47:31.323+0000] {dag.py:4180} INFO - Setting next_dagrun for example_task_group to None, run_after=None
[2025-03-12T13:47:31.339+0000] {processor.py:208} INFO - Processing /home/airflow/.local/lib/python3.12/site-packages/airflow/example_dags/example_task_group.py took 0.056 seconds
[2025-03-12T13:48:01.550+0000] {processor.py:186} INFO - Started process (PID=802) to work on /home/airflow/.local/lib/python3.12/site-packages/airflow/example_dags/example_task_group.py
[2025-03-12T13:48:01.551+0000] {processor.py:914} INFO - Processing file /home/airflow/.local/lib/python3.12/site-packages/airflow/example_dags/example_task_group.py for tasks to queue
[2025-03-12T13:48:01.553+0000] {logging_mixin.py:190} INFO - [2025-03-12T13:48:01.553+0000] {dagbag.py:588} INFO - Filling up the DagBag from /home/airflow/.local/lib/python3.12/site-packages/airflow/example_dags/example_task_group.py
[2025-03-12T13:48:01.560+0000] {processor.py:925} INFO - DAG(s) 'example_task_group' retrieved from /home/airflow/.local/lib/python3.12/site-packages/airflow/example_dags/example_task_group.py
[2025-03-12T13:48:01.578+0000] {logging_mixin.py:190} INFO - [2025-03-12T13:48:01.577+0000] {dag.py:3239} INFO - Sync 1 DAGs
[2025-03-12T13:48:01.588+0000] {logging_mixin.py:190} INFO - [2025-03-12T13:48:01.588+0000] {dag.py:4180} INFO - Setting next_dagrun for example_task_group to None, run_after=None
[2025-03-12T13:48:01.605+0000] {processor.py:208} INFO - Processing /home/airflow/.local/lib/python3.12/site-packages/airflow/example_dags/example_task_group.py took 0.058 seconds
[2025-03-12T13:48:31.854+0000] {processor.py:186} INFO - Started process (PID=1108) to work on /home/airflow/.local/lib/python3.12/site-packages/airflow/example_dags/example_task_group.py
[2025-03-12T13:48:31.855+0000] {processor.py:914} INFO - Processing file /home/airflow/.local/lib/python3.12/site-packages/airflow/example_dags/example_task_group.py for tasks to queue
[2025-03-12T13:48:31.857+0000] {logging_mixin.py:190} INFO - [2025-03-12T13:48:31.857+0000] {dagbag.py:588} INFO - Filling up the DagBag from /home/airflow/.local/lib/python3.12/site-packages/airflow/example_dags/example_task_group.py
[2025-03-12T13:48:31.863+0000] {processor.py:925} INFO - DAG(s) 'example_task_group' retrieved from /home/airflow/.local/lib/python3.12/site-packages/airflow/example_dags/example_task_group.py
[2025-03-12T13:48:31.880+0000] {logging_mixin.py:190} INFO - [2025-03-12T13:48:31.879+0000] {dag.py:3239} INFO - Sync 1 DAGs
[2025-03-12T13:48:31.890+0000] {logging_mixin.py:190} INFO - [2025-03-12T13:48:31.890+0000] {dag.py:4180} INFO - Setting next_dagrun for example_task_group to None, run_after=None
[2025-03-12T13:48:31.905+0000] {processor.py:208} INFO - Processing /home/airflow/.local/lib/python3.12/site-packages/airflow/example_dags/example_task_group.py took 0.055 seconds
[2025-03-12T13:49:02.513+0000] {processor.py:186} INFO - Started process (PID=1415) to work on /home/airflow/.local/lib/python3.12/site-packages/airflow/example_dags/example_task_group.py
[2025-03-12T13:49:02.513+0000] {processor.py:914} INFO - Processing file /home/airflow/.local/lib/python3.12/site-packages/airflow/example_dags/example_task_group.py for tasks to queue
[2025-03-12T13:49:02.515+0000] {logging_mixin.py:190} INFO - [2025-03-12T13:49:02.515+0000] {dagbag.py:588} INFO - Filling up the DagBag from /home/airflow/.local/lib/python3.12/site-packages/airflow/example_dags/example_task_group.py
[2025-03-12T13:49:02.521+0000] {processor.py:925} INFO - DAG(s) 'example_task_group' retrieved from /home/airflow/.local/lib/python3.12/site-packages/airflow/example_dags/example_task_group.py
[2025-03-12T13:49:02.538+0000] {logging_mixin.py:190} INFO - [2025-03-12T13:49:02.538+0000] {dag.py:3239} INFO - Sync 1 DAGs
[2025-03-12T13:49:02.550+0000] {logging_mixin.py:190} INFO - [2025-03-12T13:49:02.549+0000] {dag.py:4180} INFO - Setting next_dagrun for example_task_group to None, run_after=None
[2025-03-12T13:49:02.566+0000] {processor.py:208} INFO - Processing /home/airflow/.local/lib/python3.12/site-packages/airflow/example_dags/example_task_group.py took 0.057 seconds
[2025-03-12T13:49:33.345+0000] {processor.py:186} INFO - Started process (PID=1721) to work on /home/airflow/.local/lib/python3.12/site-packages/airflow/example_dags/example_task_group.py
[2025-03-12T13:49:33.346+0000] {processor.py:914} INFO - Processing file /home/airflow/.local/lib/python3.12/site-packages/airflow/example_dags/example_task_group.py for tasks to queue
[2025-03-12T13:49:33.348+0000] {logging_mixin.py:190} INFO - [2025-03-12T13:49:33.348+0000] {dagbag.py:588} INFO - Filling up the DagBag from /home/airflow/.local/lib/python3.12/site-packages/airflow/example_dags/example_task_group.py
[2025-03-12T13:49:33.355+0000] {processor.py:925} INFO - DAG(s) 'example_task_group' retrieved from /home/airflow/.local/lib/python3.12/site-packages/airflow/example_dags/example_task_group.py
[2025-03-12T13:49:33.372+0000] {logging_mixin.py:190} INFO - [2025-03-12T13:49:33.372+0000] {dag.py:3239} INFO - Sync 1 DAGs
[2025-03-12T13:49:33.383+0000] {logging_mixin.py:190} INFO - [2025-03-12T13:49:33.383+0000] {dag.py:4180} INFO - Setting next_dagrun for example_task_group to None, run_after=None
[2025-03-12T13:49:33.399+0000] {processor.py:208} INFO - Processing /home/airflow/.local/lib/python3.12/site-packages/airflow/example_dags/example_task_group.py took 0.057 seconds
[2025-03-12T13:50:06.177+0000] {processor.py:186} INFO - Started process (PID=2027) to work on /home/airflow/.local/lib/python3.12/site-packages/airflow/example_dags/example_task_group.py
[2025-03-12T13:50:06.178+0000] {processor.py:914} INFO - Processing file /home/airflow/.local/lib/python3.12/site-packages/airflow/example_dags/example_task_group.py for tasks to queue
[2025-03-12T13:50:06.180+0000] {logging_mixin.py:190} INFO - [2025-03-12T13:50:06.180+0000] {dagbag.py:588} INFO - Filling up the DagBag from /home/airflow/.local/lib/python3.12/site-packages/airflow/example_dags/example_task_group.py
[2025-03-12T13:50:06.186+0000] {processor.py:925} INFO - DAG(s) 'example_task_group' retrieved from /home/airflow/.local/lib/python3.12/site-packages/airflow/example_dags/example_task_group.py
[2025-03-12T13:50:06.203+0000] {logging_mixin.py:190} INFO - [2025-03-12T13:50:06.202+0000] {dag.py:3239} INFO - Sync 1 DAGs
[2025-03-12T13:50:06.213+0000] {logging_mixin.py:190} INFO - [2025-03-12T13:50:06.213+0000] {dag.py:4180} INFO - Setting next_dagrun for example_task_group to None, run_after=None
[2025-03-12T13:50:06.229+0000] {processor.py:208} INFO - Processing /home/airflow/.local/lib/python3.12/site-packages/airflow/example_dags/example_task_group.py took 0.056 seconds
[2025-03-12T13:50:40.220+0000] {processor.py:186} INFO - Started process (PID=2332) to work on /home/airflow/.local/lib/python3.12/site-packages/airflow/example_dags/example_task_group.py
[2025-03-12T13:50:40.221+0000] {processor.py:914} INFO - Processing file /home/airflow/.local/lib/python3.12/site-packages/airflow/example_dags/example_task_group.py for tasks to queue
[2025-03-12T13:50:40.223+0000] {logging_mixin.py:190} INFO - [2025-03-12T13:50:40.223+0000] {dagbag.py:588} INFO - Filling up the DagBag from /home/airflow/.local/lib/python3.12/site-packages/airflow/example_dags/example_task_group.py
[2025-03-12T13:50:40.234+0000] {processor.py:925} INFO - DAG(s) 'example_task_group' retrieved from /home/airflow/.local/lib/python3.12/site-packages/airflow/example_dags/example_task_group.py
[2025-03-12T13:50:40.267+0000] {logging_mixin.py:190} INFO - [2025-03-12T13:50:40.265+0000] {dag.py:3239} INFO - Sync 1 DAGs
[2025-03-12T13:50:40.295+0000] {logging_mixin.py:190} INFO - [2025-03-12T13:50:40.295+0000] {dag.py:4180} INFO - Setting next_dagrun for example_task_group to None, run_after=None
[2025-03-12T13:50:40.317+0000] {processor.py:208} INFO - Processing /home/airflow/.local/lib/python3.12/site-packages/airflow/example_dags/example_task_group.py took 0.103 seconds
[2025-03-12T13:51:13.310+0000] {processor.py:186} INFO - Started process (PID=2640) to work on /home/airflow/.local/lib/python3.12/site-packages/airflow/example_dags/example_task_group.py
[2025-03-12T13:51:13.311+0000] {processor.py:914} INFO - Processing file /home/airflow/.local/lib/python3.12/site-packages/airflow/example_dags/example_task_group.py for tasks to queue
[2025-03-12T13:51:13.313+0000] {logging_mixin.py:190} INFO - [2025-03-12T13:51:13.313+0000] {dagbag.py:588} INFO - Filling up the DagBag from /home/airflow/.local/lib/python3.12/site-packages/airflow/example_dags/example_task_group.py
[2025-03-12T13:51:13.319+0000] {processor.py:925} INFO - DAG(s) 'example_task_group' retrieved from /home/airflow/.local/lib/python3.12/site-packages/airflow/example_dags/example_task_group.py
[2025-03-12T13:51:13.337+0000] {logging_mixin.py:190} INFO - [2025-03-12T13:51:13.337+0000] {dag.py:3239} INFO - Sync 1 DAGs
[2025-03-12T13:51:13.348+0000] {logging_mixin.py:190} INFO - [2025-03-12T13:51:13.348+0000] {dag.py:4180} INFO - Setting next_dagrun for example_task_group to None, run_after=None
[2025-03-12T13:51:13.364+0000] {processor.py:208} INFO - Processing /home/airflow/.local/lib/python3.12/site-packages/airflow/example_dags/example_task_group.py took 0.058 seconds
[2025-03-12T13:51:46.029+0000] {processor.py:186} INFO - Started process (PID=2946) to work on /home/airflow/.local/lib/python3.12/site-packages/airflow/example_dags/example_task_group.py
[2025-03-12T13:51:46.030+0000] {processor.py:914} INFO - Processing file /home/airflow/.local/lib/python3.12/site-packages/airflow/example_dags/example_task_group.py for tasks to queue
[2025-03-12T13:51:46.032+0000] {logging_mixin.py:190} INFO - [2025-03-12T13:51:46.032+0000] {dagbag.py:588} INFO - Filling up the DagBag from /home/airflow/.local/lib/python3.12/site-packages/airflow/example_dags/example_task_group.py
[2025-03-12T13:51:46.039+0000] {processor.py:925} INFO - DAG(s) 'example_task_group' retrieved from /home/airflow/.local/lib/python3.12/site-packages/airflow/example_dags/example_task_group.py
[2025-03-12T13:51:46.059+0000] {logging_mixin.py:190} INFO - [2025-03-12T13:51:46.059+0000] {dag.py:3239} INFO - Sync 1 DAGs
[2025-03-12T13:51:46.072+0000] {logging_mixin.py:190} INFO - [2025-03-12T13:51:46.072+0000] {dag.py:4180} INFO - Setting next_dagrun for example_task_group to None, run_after=None
[2025-03-12T13:51:46.089+0000] {processor.py:208} INFO - Processing /home/airflow/.local/lib/python3.12/site-packages/airflow/example_dags/example_task_group.py took 0.064 seconds
[2025-03-12T13:52:20.023+0000] {processor.py:186} INFO - Started process (PID=3252) to work on /home/airflow/.local/lib/python3.12/site-packages/airflow/example_dags/example_task_group.py
[2025-03-12T13:52:20.024+0000] {processor.py:914} INFO - Processing file /home/airflow/.local/lib/python3.12/site-packages/airflow/example_dags/example_task_group.py for tasks to queue
[2025-03-12T13:52:20.026+0000] {logging_mixin.py:190} INFO - [2025-03-12T13:52:20.026+0000] {dagbag.py:588} INFO - Filling up the DagBag from /home/airflow/.local/lib/python3.12/site-packages/airflow/example_dags/example_task_group.py
[2025-03-12T13:52:20.033+0000] {processor.py:925} INFO - DAG(s) 'example_task_group' retrieved from /home/airflow/.local/lib/python3.12/site-packages/airflow/example_dags/example_task_group.py
[2025-03-12T13:52:20.052+0000] {logging_mixin.py:190} INFO - [2025-03-12T13:52:20.052+0000] {dag.py:3239} INFO - Sync 1 DAGs
[2025-03-12T13:52:20.066+0000] {logging_mixin.py:190} INFO - [2025-03-12T13:52:20.065+0000] {dag.py:4180} INFO - Setting next_dagrun for example_task_group to None, run_after=None
[2025-03-12T13:52:20.081+0000] {processor.py:208} INFO - Processing /home/airflow/.local/lib/python3.12/site-packages/airflow/example_dags/example_task_group.py took 0.063 seconds
[2025-03-12T13:52:53.599+0000] {processor.py:186} INFO - Started process (PID=3558) to work on /home/airflow/.local/lib/python3.12/site-packages/airflow/example_dags/example_task_group.py
[2025-03-12T13:52:53.601+0000] {processor.py:914} INFO - Processing file /home/airflow/.local/lib/python3.12/site-packages/airflow/example_dags/example_task_group.py for tasks to queue
[2025-03-12T13:52:53.605+0000] {logging_mixin.py:190} INFO - [2025-03-12T13:52:53.604+0000] {dagbag.py:588} INFO - Filling up the DagBag from /home/airflow/.local/lib/python3.12/site-packages/airflow/example_dags/example_task_group.py
[2025-03-12T13:52:53.617+0000] {processor.py:925} INFO - DAG(s) 'example_task_group' retrieved from /home/airflow/.local/lib/python3.12/site-packages/airflow/example_dags/example_task_group.py
[2025-03-12T13:52:53.645+0000] {logging_mixin.py:190} INFO - [2025-03-12T13:52:53.644+0000] {dag.py:3239} INFO - Sync 1 DAGs
[2025-03-12T13:52:53.663+0000] {logging_mixin.py:190} INFO - [2025-03-12T13:52:53.663+0000] {dag.py:4180} INFO - Setting next_dagrun for example_task_group to None, run_after=None
[2025-03-12T13:52:53.687+0000] {processor.py:208} INFO - Processing /home/airflow/.local/lib/python3.12/site-packages/airflow/example_dags/example_task_group.py took 0.095 seconds
[2025-03-12T13:53:25.934+0000] {processor.py:186} INFO - Started process (PID=3862) to work on /home/airflow/.local/lib/python3.12/site-packages/airflow/example_dags/example_task_group.py
[2025-03-12T13:53:25.935+0000] {processor.py:914} INFO - Processing file /home/airflow/.local/lib/python3.12/site-packages/airflow/example_dags/example_task_group.py for tasks to queue
[2025-03-12T13:53:25.938+0000] {logging_mixin.py:190} INFO - [2025-03-12T13:53:25.937+0000] {dagbag.py:588} INFO - Filling up the DagBag from /home/airflow/.local/lib/python3.12/site-packages/airflow/example_dags/example_task_group.py
[2025-03-12T13:53:25.945+0000] {processor.py:925} INFO - DAG(s) 'example_task_group' retrieved from /home/airflow/.local/lib/python3.12/site-packages/airflow/example_dags/example_task_group.py
[2025-03-12T13:53:25.963+0000] {logging_mixin.py:190} INFO - [2025-03-12T13:53:25.963+0000] {dag.py:3239} INFO - Sync 1 DAGs
[2025-03-12T13:53:25.977+0000] {logging_mixin.py:190} INFO - [2025-03-12T13:53:25.976+0000] {dag.py:4180} INFO - Setting next_dagrun for example_task_group to None, run_after=None
[2025-03-12T13:53:25.996+0000] {processor.py:208} INFO - Processing /home/airflow/.local/lib/python3.12/site-packages/airflow/example_dags/example_task_group.py took 0.067 seconds
[2025-03-12T13:53:59.646+0000] {processor.py:186} INFO - Started process (PID=4170) to work on /home/airflow/.local/lib/python3.12/site-packages/airflow/example_dags/example_task_group.py
[2025-03-12T13:53:59.647+0000] {processor.py:914} INFO - Processing file /home/airflow/.local/lib/python3.12/site-packages/airflow/example_dags/example_task_group.py for tasks to queue
[2025-03-12T13:53:59.649+0000] {logging_mixin.py:190} INFO - [2025-03-12T13:53:59.649+0000] {dagbag.py:588} INFO - Filling up the DagBag from /home/airflow/.local/lib/python3.12/site-packages/airflow/example_dags/example_task_group.py
[2025-03-12T13:53:59.658+0000] {processor.py:925} INFO - DAG(s) 'example_task_group' retrieved from /home/airflow/.local/lib/python3.12/site-packages/airflow/example_dags/example_task_group.py
[2025-03-12T13:53:59.677+0000] {logging_mixin.py:190} INFO - [2025-03-12T13:53:59.677+0000] {dag.py:3239} INFO - Sync 1 DAGs
[2025-03-12T13:53:59.690+0000] {logging_mixin.py:190} INFO - [2025-03-12T13:53:59.689+0000] {dag.py:4180} INFO - Setting next_dagrun for example_task_group to None, run_after=None
[2025-03-12T13:53:59.708+0000] {processor.py:208} INFO - Processing /home/airflow/.local/lib/python3.12/site-packages/airflow/example_dags/example_task_group.py took 0.069 seconds
[2025-03-12T13:54:32.884+0000] {processor.py:186} INFO - Started process (PID=4476) to work on /home/airflow/.local/lib/python3.12/site-packages/airflow/example_dags/example_task_group.py
[2025-03-12T13:54:32.885+0000] {processor.py:914} INFO - Processing file /home/airflow/.local/lib/python3.12/site-packages/airflow/example_dags/example_task_group.py for tasks to queue
[2025-03-12T13:54:32.888+0000] {logging_mixin.py:190} INFO - [2025-03-12T13:54:32.887+0000] {dagbag.py:588} INFO - Filling up the DagBag from /home/airflow/.local/lib/python3.12/site-packages/airflow/example_dags/example_task_group.py
[2025-03-12T13:54:32.895+0000] {processor.py:925} INFO - DAG(s) 'example_task_group' retrieved from /home/airflow/.local/lib/python3.12/site-packages/airflow/example_dags/example_task_group.py
[2025-03-12T13:54:32.917+0000] {logging_mixin.py:190} INFO - [2025-03-12T13:54:32.917+0000] {dag.py:3239} INFO - Sync 1 DAGs
[2025-03-12T13:54:32.937+0000] {logging_mixin.py:190} INFO - [2025-03-12T13:54:32.937+0000] {dag.py:4180} INFO - Setting next_dagrun for example_task_group to None, run_after=None
[2025-03-12T13:54:32.954+0000] {processor.py:208} INFO - Processing /home/airflow/.local/lib/python3.12/site-packages/airflow/example_dags/example_task_group.py took 0.075 seconds
[2025-03-12T13:55:06.997+0000] {processor.py:186} INFO - Started process (PID=4782) to work on /home/airflow/.local/lib/python3.12/site-packages/airflow/example_dags/example_task_group.py
[2025-03-12T13:55:06.998+0000] {processor.py:914} INFO - Processing file /home/airflow/.local/lib/python3.12/site-packages/airflow/example_dags/example_task_group.py for tasks to queue
[2025-03-12T13:55:07.001+0000] {logging_mixin.py:190} INFO - [2025-03-12T13:55:07.001+0000] {dagbag.py:588} INFO - Filling up the DagBag from /home/airflow/.local/lib/python3.12/site-packages/airflow/example_dags/example_task_group.py
[2025-03-12T13:55:07.010+0000] {processor.py:925} INFO - DAG(s) 'example_task_group' retrieved from /home/airflow/.local/lib/python3.12/site-packages/airflow/example_dags/example_task_group.py
[2025-03-12T13:55:07.034+0000] {logging_mixin.py:190} INFO - [2025-03-12T13:55:07.034+0000] {dag.py:3239} INFO - Sync 1 DAGs
[2025-03-12T13:55:07.051+0000] {logging_mixin.py:190} INFO - [2025-03-12T13:55:07.051+0000] {dag.py:4180} INFO - Setting next_dagrun for example_task_group to None, run_after=None
[2025-03-12T13:55:07.073+0000] {processor.py:208} INFO - Processing /home/airflow/.local/lib/python3.12/site-packages/airflow/example_dags/example_task_group.py took 0.082 seconds
[2025-03-12T13:55:39.476+0000] {processor.py:186} INFO - Started process (PID=5088) to work on /home/airflow/.local/lib/python3.12/site-packages/airflow/example_dags/example_task_group.py
[2025-03-12T13:55:39.477+0000] {processor.py:914} INFO - Processing file /home/airflow/.local/lib/python3.12/site-packages/airflow/example_dags/example_task_group.py for tasks to queue
[2025-03-12T13:55:39.479+0000] {logging_mixin.py:190} INFO - [2025-03-12T13:55:39.479+0000] {dagbag.py:588} INFO - Filling up the DagBag from /home/airflow/.local/lib/python3.12/site-packages/airflow/example_dags/example_task_group.py
[2025-03-12T13:55:39.485+0000] {processor.py:925} INFO - DAG(s) 'example_task_group' retrieved from /home/airflow/.local/lib/python3.12/site-packages/airflow/example_dags/example_task_group.py
[2025-03-12T13:55:39.507+0000] {logging_mixin.py:190} INFO - [2025-03-12T13:55:39.506+0000] {dag.py:3239} INFO - Sync 1 DAGs
[2025-03-12T13:55:39.519+0000] {logging_mixin.py:190} INFO - [2025-03-12T13:55:39.519+0000] {dag.py:4180} INFO - Setting next_dagrun for example_task_group to None, run_after=None
[2025-03-12T13:55:39.536+0000] {processor.py:208} INFO - Processing /home/airflow/.local/lib/python3.12/site-packages/airflow/example_dags/example_task_group.py took 0.064 seconds
[2025-03-12T13:56:13.261+0000] {processor.py:186} INFO - Started process (PID=5394) to work on /home/airflow/.local/lib/python3.12/site-packages/airflow/example_dags/example_task_group.py
[2025-03-12T13:56:13.263+0000] {processor.py:914} INFO - Processing file /home/airflow/.local/lib/python3.12/site-packages/airflow/example_dags/example_task_group.py for tasks to queue
[2025-03-12T13:56:13.265+0000] {logging_mixin.py:190} INFO - [2025-03-12T13:56:13.265+0000] {dagbag.py:588} INFO - Filling up the DagBag from /home/airflow/.local/lib/python3.12/site-packages/airflow/example_dags/example_task_group.py
[2025-03-12T13:56:13.272+0000] {processor.py:925} INFO - DAG(s) 'example_task_group' retrieved from /home/airflow/.local/lib/python3.12/site-packages/airflow/example_dags/example_task_group.py
[2025-03-12T13:56:13.290+0000] {logging_mixin.py:190} INFO - [2025-03-12T13:56:13.289+0000] {dag.py:3239} INFO - Sync 1 DAGs
[2025-03-12T13:56:13.301+0000] {logging_mixin.py:190} INFO - [2025-03-12T13:56:13.301+0000] {dag.py:4180} INFO - Setting next_dagrun for example_task_group to None, run_after=None
[2025-03-12T13:56:13.316+0000] {processor.py:208} INFO - Processing /home/airflow/.local/lib/python3.12/site-packages/airflow/example_dags/example_task_group.py took 0.060 seconds
[2025-03-12T13:56:46.512+0000] {processor.py:186} INFO - Started process (PID=5700) to work on /home/airflow/.local/lib/python3.12/site-packages/airflow/example_dags/example_task_group.py
[2025-03-12T13:56:46.513+0000] {processor.py:914} INFO - Processing file /home/airflow/.local/lib/python3.12/site-packages/airflow/example_dags/example_task_group.py for tasks to queue
[2025-03-12T13:56:46.515+0000] {logging_mixin.py:190} INFO - [2025-03-12T13:56:46.515+0000] {dagbag.py:588} INFO - Filling up the DagBag from /home/airflow/.local/lib/python3.12/site-packages/airflow/example_dags/example_task_group.py
[2025-03-12T13:56:46.522+0000] {processor.py:925} INFO - DAG(s) 'example_task_group' retrieved from /home/airflow/.local/lib/python3.12/site-packages/airflow/example_dags/example_task_group.py
[2025-03-12T13:56:46.539+0000] {logging_mixin.py:190} INFO - [2025-03-12T13:56:46.539+0000] {dag.py:3239} INFO - Sync 1 DAGs
[2025-03-12T13:56:46.550+0000] {logging_mixin.py:190} INFO - [2025-03-12T13:56:46.550+0000] {dag.py:4180} INFO - Setting next_dagrun for example_task_group to None, run_after=None
[2025-03-12T13:56:46.567+0000] {processor.py:208} INFO - Processing /home/airflow/.local/lib/python3.12/site-packages/airflow/example_dags/example_task_group.py took 0.059 seconds
[2025-03-12T13:57:20.011+0000] {processor.py:186} INFO - Started process (PID=6006) to work on /home/airflow/.local/lib/python3.12/site-packages/airflow/example_dags/example_task_group.py
[2025-03-12T13:57:20.012+0000] {processor.py:914} INFO - Processing file /home/airflow/.local/lib/python3.12/site-packages/airflow/example_dags/example_task_group.py for tasks to queue
[2025-03-12T13:57:20.014+0000] {logging_mixin.py:190} INFO - [2025-03-12T13:57:20.014+0000] {dagbag.py:588} INFO - Filling up the DagBag from /home/airflow/.local/lib/python3.12/site-packages/airflow/example_dags/example_task_group.py
[2025-03-12T13:57:20.020+0000] {processor.py:925} INFO - DAG(s) 'example_task_group' retrieved from /home/airflow/.local/lib/python3.12/site-packages/airflow/example_dags/example_task_group.py
[2025-03-12T13:57:20.037+0000] {logging_mixin.py:190} INFO - [2025-03-12T13:57:20.037+0000] {dag.py:3239} INFO - Sync 1 DAGs
[2025-03-12T13:57:20.047+0000] {logging_mixin.py:190} INFO - [2025-03-12T13:57:20.047+0000] {dag.py:4180} INFO - Setting next_dagrun for example_task_group to None, run_after=None
[2025-03-12T13:57:20.062+0000] {processor.py:208} INFO - Processing /home/airflow/.local/lib/python3.12/site-packages/airflow/example_dags/example_task_group.py took 0.055 seconds
[2025-03-12T13:57:53.629+0000] {processor.py:186} INFO - Started process (PID=6312) to work on /home/airflow/.local/lib/python3.12/site-packages/airflow/example_dags/example_task_group.py
[2025-03-12T13:57:53.630+0000] {processor.py:914} INFO - Processing file /home/airflow/.local/lib/python3.12/site-packages/airflow/example_dags/example_task_group.py for tasks to queue
[2025-03-12T13:57:53.632+0000] {logging_mixin.py:190} INFO - [2025-03-12T13:57:53.631+0000] {dagbag.py:588} INFO - Filling up the DagBag from /home/airflow/.local/lib/python3.12/site-packages/airflow/example_dags/example_task_group.py
[2025-03-12T13:57:53.638+0000] {processor.py:925} INFO - DAG(s) 'example_task_group' retrieved from /home/airflow/.local/lib/python3.12/site-packages/airflow/example_dags/example_task_group.py
[2025-03-12T13:57:53.655+0000] {logging_mixin.py:190} INFO - [2025-03-12T13:57:53.655+0000] {dag.py:3239} INFO - Sync 1 DAGs
[2025-03-12T13:57:53.666+0000] {logging_mixin.py:190} INFO - [2025-03-12T13:57:53.665+0000] {dag.py:4180} INFO - Setting next_dagrun for example_task_group to None, run_after=None
[2025-03-12T13:57:53.682+0000] {processor.py:208} INFO - Processing /home/airflow/.local/lib/python3.12/site-packages/airflow/example_dags/example_task_group.py took 0.057 seconds
[2025-03-12T13:58:26.679+0000] {processor.py:186} INFO - Started process (PID=6618) to work on /home/airflow/.local/lib/python3.12/site-packages/airflow/example_dags/example_task_group.py
[2025-03-12T13:58:26.679+0000] {processor.py:914} INFO - Processing file /home/airflow/.local/lib/python3.12/site-packages/airflow/example_dags/example_task_group.py for tasks to queue
[2025-03-12T13:58:26.682+0000] {logging_mixin.py:190} INFO - [2025-03-12T13:58:26.681+0000] {dagbag.py:588} INFO - Filling up the DagBag from /home/airflow/.local/lib/python3.12/site-packages/airflow/example_dags/example_task_group.py
[2025-03-12T13:58:26.688+0000] {processor.py:925} INFO - DAG(s) 'example_task_group' retrieved from /home/airflow/.local/lib/python3.12/site-packages/airflow/example_dags/example_task_group.py
[2025-03-12T13:58:26.708+0000] {logging_mixin.py:190} INFO - [2025-03-12T13:58:26.708+0000] {dag.py:3239} INFO - Sync 1 DAGs
[2025-03-12T13:58:26.719+0000] {logging_mixin.py:190} INFO - [2025-03-12T13:58:26.719+0000] {dag.py:4180} INFO - Setting next_dagrun for example_task_group to None, run_after=None
[2025-03-12T13:58:26.736+0000] {processor.py:208} INFO - Processing /home/airflow/.local/lib/python3.12/site-packages/airflow/example_dags/example_task_group.py took 0.062 seconds
[2025-03-12T13:59:00.006+0000] {processor.py:186} INFO - Started process (PID=6924) to work on /home/airflow/.local/lib/python3.12/site-packages/airflow/example_dags/example_task_group.py
[2025-03-12T13:59:00.007+0000] {processor.py:914} INFO - Processing file /home/airflow/.local/lib/python3.12/site-packages/airflow/example_dags/example_task_group.py for tasks to queue
[2025-03-12T13:59:00.009+0000] {logging_mixin.py:190} INFO - [2025-03-12T13:59:00.009+0000] {dagbag.py:588} INFO - Filling up the DagBag from /home/airflow/.local/lib/python3.12/site-packages/airflow/example_dags/example_task_group.py
[2025-03-12T13:59:00.018+0000] {processor.py:925} INFO - DAG(s) 'example_task_group' retrieved from /home/airflow/.local/lib/python3.12/site-packages/airflow/example_dags/example_task_group.py
[2025-03-12T13:59:00.035+0000] {logging_mixin.py:190} INFO - [2025-03-12T13:59:00.035+0000] {dag.py:3239} INFO - Sync 1 DAGs
[2025-03-12T13:59:00.046+0000] {logging_mixin.py:190} INFO - [2025-03-12T13:59:00.046+0000] {dag.py:4180} INFO - Setting next_dagrun for example_task_group to None, run_after=None
[2025-03-12T13:59:00.061+0000] {processor.py:208} INFO - Processing /home/airflow/.local/lib/python3.12/site-packages/airflow/example_dags/example_task_group.py took 0.060 seconds
[2025-03-12T13:59:33.090+0000] {processor.py:186} INFO - Started process (PID=7230) to work on /home/airflow/.local/lib/python3.12/site-packages/airflow/example_dags/example_task_group.py
[2025-03-12T13:59:33.090+0000] {processor.py:914} INFO - Processing file /home/airflow/.local/lib/python3.12/site-packages/airflow/example_dags/example_task_group.py for tasks to queue
[2025-03-12T13:59:33.092+0000] {logging_mixin.py:190} INFO - [2025-03-12T13:59:33.092+0000] {dagbag.py:588} INFO - Filling up the DagBag from /home/airflow/.local/lib/python3.12/site-packages/airflow/example_dags/example_task_group.py
[2025-03-12T13:59:33.098+0000] {processor.py:925} INFO - DAG(s) 'example_task_group' retrieved from /home/airflow/.local/lib/python3.12/site-packages/airflow/example_dags/example_task_group.py
[2025-03-12T13:59:33.115+0000] {logging_mixin.py:190} INFO - [2025-03-12T13:59:33.114+0000] {dag.py:3239} INFO - Sync 1 DAGs
[2025-03-12T13:59:33.124+0000] {logging_mixin.py:190} INFO - [2025-03-12T13:59:33.124+0000] {dag.py:4180} INFO - Setting next_dagrun for example_task_group to None, run_after=None
[2025-03-12T13:59:33.139+0000] {processor.py:208} INFO - Processing /home/airflow/.local/lib/python3.12/site-packages/airflow/example_dags/example_task_group.py took 0.053 seconds
[2025-03-12T14:00:06.844+0000] {processor.py:186} INFO - Started process (PID=7536) to work on /home/airflow/.local/lib/python3.12/site-packages/airflow/example_dags/example_task_group.py
[2025-03-12T14:00:06.845+0000] {processor.py:914} INFO - Processing file /home/airflow/.local/lib/python3.12/site-packages/airflow/example_dags/example_task_group.py for tasks to queue
[2025-03-12T14:00:06.847+0000] {logging_mixin.py:190} INFO - [2025-03-12T14:00:06.847+0000] {dagbag.py:588} INFO - Filling up the DagBag from /home/airflow/.local/lib/python3.12/site-packages/airflow/example_dags/example_task_group.py
[2025-03-12T14:00:06.853+0000] {processor.py:925} INFO - DAG(s) 'example_task_group' retrieved from /home/airflow/.local/lib/python3.12/site-packages/airflow/example_dags/example_task_group.py
[2025-03-12T14:00:06.870+0000] {logging_mixin.py:190} INFO - [2025-03-12T14:00:06.869+0000] {dag.py:3239} INFO - Sync 1 DAGs
[2025-03-12T14:00:06.879+0000] {logging_mixin.py:190} INFO - [2025-03-12T14:00:06.879+0000] {dag.py:4180} INFO - Setting next_dagrun for example_task_group to None, run_after=None
[2025-03-12T14:00:06.894+0000] {processor.py:208} INFO - Processing /home/airflow/.local/lib/python3.12/site-packages/airflow/example_dags/example_task_group.py took 0.053 seconds
[2025-03-12T14:00:39.610+0000] {processor.py:186} INFO - Started process (PID=7842) to work on /home/airflow/.local/lib/python3.12/site-packages/airflow/example_dags/example_task_group.py
[2025-03-12T14:00:39.611+0000] {processor.py:914} INFO - Processing file /home/airflow/.local/lib/python3.12/site-packages/airflow/example_dags/example_task_group.py for tasks to queue
[2025-03-12T14:00:39.613+0000] {logging_mixin.py:190} INFO - [2025-03-12T14:00:39.613+0000] {dagbag.py:588} INFO - Filling up the DagBag from /home/airflow/.local/lib/python3.12/site-packages/airflow/example_dags/example_task_group.py
[2025-03-12T14:00:39.620+0000] {processor.py:925} INFO - DAG(s) 'example_task_group' retrieved from /home/airflow/.local/lib/python3.12/site-packages/airflow/example_dags/example_task_group.py
[2025-03-12T14:00:39.640+0000] {logging_mixin.py:190} INFO - [2025-03-12T14:00:39.640+0000] {dag.py:3239} INFO - Sync 1 DAGs
[2025-03-12T14:00:39.652+0000] {logging_mixin.py:190} INFO - [2025-03-12T14:00:39.652+0000] {dag.py:4180} INFO - Setting next_dagrun for example_task_group to None, run_after=None
[2025-03-12T14:00:39.671+0000] {processor.py:208} INFO - Processing /home/airflow/.local/lib/python3.12/site-packages/airflow/example_dags/example_task_group.py took 0.067 seconds
[2025-03-12T14:01:13.328+0000] {processor.py:186} INFO - Started process (PID=8148) to work on /home/airflow/.local/lib/python3.12/site-packages/airflow/example_dags/example_task_group.py
[2025-03-12T14:01:13.328+0000] {processor.py:914} INFO - Processing file /home/airflow/.local/lib/python3.12/site-packages/airflow/example_dags/example_task_group.py for tasks to queue
[2025-03-12T14:01:13.330+0000] {logging_mixin.py:190} INFO - [2025-03-12T14:01:13.330+0000] {dagbag.py:588} INFO - Filling up the DagBag from /home/airflow/.local/lib/python3.12/site-packages/airflow/example_dags/example_task_group.py
[2025-03-12T14:01:13.336+0000] {processor.py:925} INFO - DAG(s) 'example_task_group' retrieved from /home/airflow/.local/lib/python3.12/site-packages/airflow/example_dags/example_task_group.py
[2025-03-12T14:01:13.355+0000] {logging_mixin.py:190} INFO - [2025-03-12T14:01:13.355+0000] {dag.py:3239} INFO - Sync 1 DAGs
[2025-03-12T14:01:13.366+0000] {logging_mixin.py:190} INFO - [2025-03-12T14:01:13.366+0000] {dag.py:4180} INFO - Setting next_dagrun for example_task_group to None, run_after=None
[2025-03-12T14:01:13.382+0000] {processor.py:208} INFO - Processing /home/airflow/.local/lib/python3.12/site-packages/airflow/example_dags/example_task_group.py took 0.059 seconds
[2025-03-12T14:01:46.251+0000] {processor.py:186} INFO - Started process (PID=8453) to work on /home/airflow/.local/lib/python3.12/site-packages/airflow/example_dags/example_task_group.py
[2025-03-12T14:01:46.252+0000] {processor.py:914} INFO - Processing file /home/airflow/.local/lib/python3.12/site-packages/airflow/example_dags/example_task_group.py for tasks to queue
[2025-03-12T14:01:46.253+0000] {logging_mixin.py:190} INFO - [2025-03-12T14:01:46.253+0000] {dagbag.py:588} INFO - Filling up the DagBag from /home/airflow/.local/lib/python3.12/site-packages/airflow/example_dags/example_task_group.py
[2025-03-12T14:01:46.260+0000] {processor.py:925} INFO - DAG(s) 'example_task_group' retrieved from /home/airflow/.local/lib/python3.12/site-packages/airflow/example_dags/example_task_group.py
[2025-03-12T14:01:46.278+0000] {logging_mixin.py:190} INFO - [2025-03-12T14:01:46.278+0000] {dag.py:3239} INFO - Sync 1 DAGs
[2025-03-12T14:01:46.288+0000] {logging_mixin.py:190} INFO - [2025-03-12T14:01:46.288+0000] {dag.py:4180} INFO - Setting next_dagrun for example_task_group to None, run_after=None
[2025-03-12T14:01:46.305+0000] {processor.py:208} INFO - Processing /home/airflow/.local/lib/python3.12/site-packages/airflow/example_dags/example_task_group.py took 0.058 seconds
[2025-03-12T14:02:20.205+0000] {processor.py:186} INFO - Started process (PID=8761) to work on /home/airflow/.local/lib/python3.12/site-packages/airflow/example_dags/example_task_group.py
[2025-03-12T14:02:20.206+0000] {processor.py:914} INFO - Processing file /home/airflow/.local/lib/python3.12/site-packages/airflow/example_dags/example_task_group.py for tasks to queue
[2025-03-12T14:02:20.209+0000] {logging_mixin.py:190} INFO - [2025-03-12T14:02:20.208+0000] {dagbag.py:588} INFO - Filling up the DagBag from /home/airflow/.local/lib/python3.12/site-packages/airflow/example_dags/example_task_group.py
[2025-03-12T14:02:20.221+0000] {processor.py:925} INFO - DAG(s) 'example_task_group' retrieved from /home/airflow/.local/lib/python3.12/site-packages/airflow/example_dags/example_task_group.py
[2025-03-12T14:02:20.239+0000] {logging_mixin.py:190} INFO - [2025-03-12T14:02:20.239+0000] {dag.py:3239} INFO - Sync 1 DAGs
[2025-03-12T14:02:20.250+0000] {logging_mixin.py:190} INFO - [2025-03-12T14:02:20.250+0000] {dag.py:4180} INFO - Setting next_dagrun for example_task_group to None, run_after=None
[2025-03-12T14:02:20.264+0000] {processor.py:208} INFO - Processing /home/airflow/.local/lib/python3.12/site-packages/airflow/example_dags/example_task_group.py took 0.065 seconds
[2025-03-12T14:02:53.217+0000] {processor.py:186} INFO - Started process (PID=9067) to work on /home/airflow/.local/lib/python3.12/site-packages/airflow/example_dags/example_task_group.py
[2025-03-12T14:02:53.218+0000] {processor.py:914} INFO - Processing file /home/airflow/.local/lib/python3.12/site-packages/airflow/example_dags/example_task_group.py for tasks to queue
[2025-03-12T14:02:53.221+0000] {logging_mixin.py:190} INFO - [2025-03-12T14:02:53.220+0000] {dagbag.py:588} INFO - Filling up the DagBag from /home/airflow/.local/lib/python3.12/site-packages/airflow/example_dags/example_task_group.py
[2025-03-12T14:02:53.228+0000] {processor.py:925} INFO - DAG(s) 'example_task_group' retrieved from /home/airflow/.local/lib/python3.12/site-packages/airflow/example_dags/example_task_group.py
[2025-03-12T14:02:53.246+0000] {logging_mixin.py:190} INFO - [2025-03-12T14:02:53.246+0000] {dag.py:3239} INFO - Sync 1 DAGs
[2025-03-12T14:02:53.256+0000] {logging_mixin.py:190} INFO - [2025-03-12T14:02:53.255+0000] {dag.py:4180} INFO - Setting next_dagrun for example_task_group to None, run_after=None
[2025-03-12T14:02:53.271+0000] {processor.py:208} INFO - Processing /home/airflow/.local/lib/python3.12/site-packages/airflow/example_dags/example_task_group.py took 0.058 seconds
[2025-03-12T14:03:26.273+0000] {processor.py:186} INFO - Started process (PID=9373) to work on /home/airflow/.local/lib/python3.12/site-packages/airflow/example_dags/example_task_group.py
[2025-03-12T14:03:26.274+0000] {processor.py:914} INFO - Processing file /home/airflow/.local/lib/python3.12/site-packages/airflow/example_dags/example_task_group.py for tasks to queue
[2025-03-12T14:03:26.276+0000] {logging_mixin.py:190} INFO - [2025-03-12T14:03:26.276+0000] {dagbag.py:588} INFO - Filling up the DagBag from /home/airflow/.local/lib/python3.12/site-packages/airflow/example_dags/example_task_group.py
[2025-03-12T14:03:26.285+0000] {processor.py:925} INFO - DAG(s) 'example_task_group' retrieved from /home/airflow/.local/lib/python3.12/site-packages/airflow/example_dags/example_task_group.py
[2025-03-12T14:03:26.307+0000] {logging_mixin.py:190} INFO - [2025-03-12T14:03:26.306+0000] {dag.py:3239} INFO - Sync 1 DAGs
[2025-03-12T14:03:26.323+0000] {logging_mixin.py:190} INFO - [2025-03-12T14:03:26.322+0000] {dag.py:4180} INFO - Setting next_dagrun for example_task_group to None, run_after=None
[2025-03-12T14:03:26.341+0000] {processor.py:208} INFO - Processing /home/airflow/.local/lib/python3.12/site-packages/airflow/example_dags/example_task_group.py took 0.073 seconds
[2025-03-12T14:04:00.220+0000] {processor.py:186} INFO - Started process (PID=9679) to work on /home/airflow/.local/lib/python3.12/site-packages/airflow/example_dags/example_task_group.py
[2025-03-12T14:04:00.221+0000] {processor.py:914} INFO - Processing file /home/airflow/.local/lib/python3.12/site-packages/airflow/example_dags/example_task_group.py for tasks to queue
[2025-03-12T14:04:00.223+0000] {logging_mixin.py:190} INFO - [2025-03-12T14:04:00.223+0000] {dagbag.py:588} INFO - Filling up the DagBag from /home/airflow/.local/lib/python3.12/site-packages/airflow/example_dags/example_task_group.py
[2025-03-12T14:04:00.232+0000] {processor.py:925} INFO - DAG(s) 'example_task_group' retrieved from /home/airflow/.local/lib/python3.12/site-packages/airflow/example_dags/example_task_group.py
[2025-03-12T14:04:00.252+0000] {logging_mixin.py:190} INFO - [2025-03-12T14:04:00.252+0000] {dag.py:3239} INFO - Sync 1 DAGs
[2025-03-12T14:04:00.265+0000] {logging_mixin.py:190} INFO - [2025-03-12T14:04:00.265+0000] {dag.py:4180} INFO - Setting next_dagrun for example_task_group to None, run_after=None
[2025-03-12T14:04:00.284+0000] {processor.py:208} INFO - Processing /home/airflow/.local/lib/python3.12/site-packages/airflow/example_dags/example_task_group.py took 0.069 seconds
[2025-03-12T14:04:32.689+0000] {processor.py:186} INFO - Started process (PID=9985) to work on /home/airflow/.local/lib/python3.12/site-packages/airflow/example_dags/example_task_group.py
[2025-03-12T14:04:32.691+0000] {processor.py:914} INFO - Processing file /home/airflow/.local/lib/python3.12/site-packages/airflow/example_dags/example_task_group.py for tasks to queue
[2025-03-12T14:04:32.694+0000] {logging_mixin.py:190} INFO - [2025-03-12T14:04:32.694+0000] {dagbag.py:588} INFO - Filling up the DagBag from /home/airflow/.local/lib/python3.12/site-packages/airflow/example_dags/example_task_group.py
[2025-03-12T14:04:32.703+0000] {processor.py:925} INFO - DAG(s) 'example_task_group' retrieved from /home/airflow/.local/lib/python3.12/site-packages/airflow/example_dags/example_task_group.py
[2025-03-12T14:04:32.724+0000] {logging_mixin.py:190} INFO - [2025-03-12T14:04:32.724+0000] {dag.py:3239} INFO - Sync 1 DAGs
[2025-03-12T14:04:32.740+0000] {logging_mixin.py:190} INFO - [2025-03-12T14:04:32.740+0000] {dag.py:4180} INFO - Setting next_dagrun for example_task_group to None, run_after=None
[2025-03-12T14:04:32.758+0000] {processor.py:208} INFO - Processing /home/airflow/.local/lib/python3.12/site-packages/airflow/example_dags/example_task_group.py took 0.075 seconds
[2025-03-12T14:05:06.183+0000] {processor.py:186} INFO - Started process (PID=10291) to work on /home/airflow/.local/lib/python3.12/site-packages/airflow/example_dags/example_task_group.py
[2025-03-12T14:05:06.191+0000] {processor.py:914} INFO - Processing file /home/airflow/.local/lib/python3.12/site-packages/airflow/example_dags/example_task_group.py for tasks to queue
[2025-03-12T14:05:06.194+0000] {logging_mixin.py:190} INFO - [2025-03-12T14:05:06.194+0000] {dagbag.py:588} INFO - Filling up the DagBag from /home/airflow/.local/lib/python3.12/site-packages/airflow/example_dags/example_task_group.py
[2025-03-12T14:05:06.203+0000] {processor.py:925} INFO - DAG(s) 'example_task_group' retrieved from /home/airflow/.local/lib/python3.12/site-packages/airflow/example_dags/example_task_group.py
[2025-03-12T14:05:06.237+0000] {logging_mixin.py:190} INFO - [2025-03-12T14:05:06.237+0000] {dag.py:3239} INFO - Sync 1 DAGs
[2025-03-12T14:05:06.251+0000] {logging_mixin.py:190} INFO - [2025-03-12T14:05:06.251+0000] {dag.py:4180} INFO - Setting next_dagrun for example_task_group to None, run_after=None
[2025-03-12T14:05:06.265+0000] {processor.py:208} INFO - Processing /home/airflow/.local/lib/python3.12/site-packages/airflow/example_dags/example_task_group.py took 0.087 seconds
[2025-03-12T14:05:40.099+0000] {processor.py:186} INFO - Started process (PID=10602) to work on /home/airflow/.local/lib/python3.12/site-packages/airflow/example_dags/example_task_group.py
[2025-03-12T14:05:40.100+0000] {processor.py:914} INFO - Processing file /home/airflow/.local/lib/python3.12/site-packages/airflow/example_dags/example_task_group.py for tasks to queue
[2025-03-12T14:05:40.102+0000] {logging_mixin.py:190} INFO - [2025-03-12T14:05:40.101+0000] {dagbag.py:588} INFO - Filling up the DagBag from /home/airflow/.local/lib/python3.12/site-packages/airflow/example_dags/example_task_group.py
[2025-03-12T14:05:40.110+0000] {processor.py:925} INFO - DAG(s) 'example_task_group' retrieved from /home/airflow/.local/lib/python3.12/site-packages/airflow/example_dags/example_task_group.py
[2025-03-12T14:05:40.127+0000] {logging_mixin.py:190} INFO - [2025-03-12T14:05:40.126+0000] {dag.py:3239} INFO - Sync 1 DAGs
[2025-03-12T14:05:40.137+0000] {logging_mixin.py:190} INFO - [2025-03-12T14:05:40.136+0000] {dag.py:4180} INFO - Setting next_dagrun for example_task_group to None, run_after=None
[2025-03-12T14:05:40.153+0000] {processor.py:208} INFO - Processing /home/airflow/.local/lib/python3.12/site-packages/airflow/example_dags/example_task_group.py took 0.058 seconds
[2025-03-12T14:06:12.874+0000] {processor.py:186} INFO - Started process (PID=10908) to work on /home/airflow/.local/lib/python3.12/site-packages/airflow/example_dags/example_task_group.py
[2025-03-12T14:06:12.875+0000] {processor.py:914} INFO - Processing file /home/airflow/.local/lib/python3.12/site-packages/airflow/example_dags/example_task_group.py for tasks to queue
[2025-03-12T14:06:12.877+0000] {logging_mixin.py:190} INFO - [2025-03-12T14:06:12.876+0000] {dagbag.py:588} INFO - Filling up the DagBag from /home/airflow/.local/lib/python3.12/site-packages/airflow/example_dags/example_task_group.py
[2025-03-12T14:06:12.884+0000] {processor.py:925} INFO - DAG(s) 'example_task_group' retrieved from /home/airflow/.local/lib/python3.12/site-packages/airflow/example_dags/example_task_group.py
[2025-03-12T14:06:12.904+0000] {logging_mixin.py:190} INFO - [2025-03-12T14:06:12.904+0000] {dag.py:3239} INFO - Sync 1 DAGs
[2025-03-12T14:06:12.918+0000] {logging_mixin.py:190} INFO - [2025-03-12T14:06:12.917+0000] {dag.py:4180} INFO - Setting next_dagrun for example_task_group to None, run_after=None
[2025-03-12T14:06:12.933+0000] {processor.py:208} INFO - Processing /home/airflow/.local/lib/python3.12/site-packages/airflow/example_dags/example_task_group.py took 0.066 seconds
[2025-03-12T14:06:46.679+0000] {processor.py:186} INFO - Started process (PID=11214) to work on /home/airflow/.local/lib/python3.12/site-packages/airflow/example_dags/example_task_group.py
[2025-03-12T14:06:46.679+0000] {processor.py:914} INFO - Processing file /home/airflow/.local/lib/python3.12/site-packages/airflow/example_dags/example_task_group.py for tasks to queue
[2025-03-12T14:06:46.682+0000] {logging_mixin.py:190} INFO - [2025-03-12T14:06:46.681+0000] {dagbag.py:588} INFO - Filling up the DagBag from /home/airflow/.local/lib/python3.12/site-packages/airflow/example_dags/example_task_group.py
[2025-03-12T14:06:46.689+0000] {processor.py:925} INFO - DAG(s) 'example_task_group' retrieved from /home/airflow/.local/lib/python3.12/site-packages/airflow/example_dags/example_task_group.py
[2025-03-12T14:06:46.707+0000] {logging_mixin.py:190} INFO - [2025-03-12T14:06:46.707+0000] {dag.py:3239} INFO - Sync 1 DAGs
[2025-03-12T14:06:46.718+0000] {logging_mixin.py:190} INFO - [2025-03-12T14:06:46.718+0000] {dag.py:4180} INFO - Setting next_dagrun for example_task_group to None, run_after=None
[2025-03-12T14:06:46.735+0000] {processor.py:208} INFO - Processing /home/airflow/.local/lib/python3.12/site-packages/airflow/example_dags/example_task_group.py took 0.060 seconds
[2025-03-12T14:07:20.386+0000] {processor.py:186} INFO - Started process (PID=11520) to work on /home/airflow/.local/lib/python3.12/site-packages/airflow/example_dags/example_task_group.py
[2025-03-12T14:07:20.387+0000] {processor.py:914} INFO - Processing file /home/airflow/.local/lib/python3.12/site-packages/airflow/example_dags/example_task_group.py for tasks to queue
[2025-03-12T14:07:20.389+0000] {logging_mixin.py:190} INFO - [2025-03-12T14:07:20.389+0000] {dagbag.py:588} INFO - Filling up the DagBag from /home/airflow/.local/lib/python3.12/site-packages/airflow/example_dags/example_task_group.py
[2025-03-12T14:07:20.395+0000] {processor.py:925} INFO - DAG(s) 'example_task_group' retrieved from /home/airflow/.local/lib/python3.12/site-packages/airflow/example_dags/example_task_group.py
[2025-03-12T14:07:20.412+0000] {logging_mixin.py:190} INFO - [2025-03-12T14:07:20.412+0000] {dag.py:3239} INFO - Sync 1 DAGs
[2025-03-12T14:07:20.422+0000] {logging_mixin.py:190} INFO - [2025-03-12T14:07:20.422+0000] {dag.py:4180} INFO - Setting next_dagrun for example_task_group to None, run_after=None
[2025-03-12T14:07:20.438+0000] {processor.py:208} INFO - Processing /home/airflow/.local/lib/python3.12/site-packages/airflow/example_dags/example_task_group.py took 0.056 seconds
[2025-03-12T14:07:53.129+0000] {processor.py:186} INFO - Started process (PID=11824) to work on /home/airflow/.local/lib/python3.12/site-packages/airflow/example_dags/example_task_group.py
[2025-03-12T14:07:53.130+0000] {processor.py:914} INFO - Processing file /home/airflow/.local/lib/python3.12/site-packages/airflow/example_dags/example_task_group.py for tasks to queue
[2025-03-12T14:07:53.134+0000] {logging_mixin.py:190} INFO - [2025-03-12T14:07:53.133+0000] {dagbag.py:588} INFO - Filling up the DagBag from /home/airflow/.local/lib/python3.12/site-packages/airflow/example_dags/example_task_group.py
[2025-03-12T14:07:53.141+0000] {processor.py:925} INFO - DAG(s) 'example_task_group' retrieved from /home/airflow/.local/lib/python3.12/site-packages/airflow/example_dags/example_task_group.py
[2025-03-12T14:07:53.161+0000] {logging_mixin.py:190} INFO - [2025-03-12T14:07:53.161+0000] {dag.py:3239} INFO - Sync 1 DAGs
[2025-03-12T14:07:53.178+0000] {logging_mixin.py:190} INFO - [2025-03-12T14:07:53.177+0000] {dag.py:4180} INFO - Setting next_dagrun for example_task_group to None, run_after=None
[2025-03-12T14:07:53.197+0000] {processor.py:208} INFO - Processing /home/airflow/.local/lib/python3.12/site-packages/airflow/example_dags/example_task_group.py took 0.073 seconds
[2025-03-12T14:08:27.070+0000] {processor.py:186} INFO - Started process (PID=12132) to work on /home/airflow/.local/lib/python3.12/site-packages/airflow/example_dags/example_task_group.py
[2025-03-12T14:08:27.071+0000] {processor.py:914} INFO - Processing file /home/airflow/.local/lib/python3.12/site-packages/airflow/example_dags/example_task_group.py for tasks to queue
[2025-03-12T14:08:27.072+0000] {logging_mixin.py:190} INFO - [2025-03-12T14:08:27.072+0000] {dagbag.py:588} INFO - Filling up the DagBag from /home/airflow/.local/lib/python3.12/site-packages/airflow/example_dags/example_task_group.py
[2025-03-12T14:08:27.078+0000] {processor.py:925} INFO - DAG(s) 'example_task_group' retrieved from /home/airflow/.local/lib/python3.12/site-packages/airflow/example_dags/example_task_group.py
[2025-03-12T14:08:27.095+0000] {logging_mixin.py:190} INFO - [2025-03-12T14:08:27.095+0000] {dag.py:3239} INFO - Sync 1 DAGs
[2025-03-12T14:08:27.105+0000] {logging_mixin.py:190} INFO - [2025-03-12T14:08:27.104+0000] {dag.py:4180} INFO - Setting next_dagrun for example_task_group to None, run_after=None
[2025-03-12T14:08:27.119+0000] {processor.py:208} INFO - Processing /home/airflow/.local/lib/python3.12/site-packages/airflow/example_dags/example_task_group.py took 0.053 seconds
[2025-03-12T14:09:00.120+0000] {processor.py:186} INFO - Started process (PID=12438) to work on /home/airflow/.local/lib/python3.12/site-packages/airflow/example_dags/example_task_group.py
[2025-03-12T14:09:00.121+0000] {processor.py:914} INFO - Processing file /home/airflow/.local/lib/python3.12/site-packages/airflow/example_dags/example_task_group.py for tasks to queue
[2025-03-12T14:09:00.122+0000] {logging_mixin.py:190} INFO - [2025-03-12T14:09:00.122+0000] {dagbag.py:588} INFO - Filling up the DagBag from /home/airflow/.local/lib/python3.12/site-packages/airflow/example_dags/example_task_group.py
[2025-03-12T14:09:00.129+0000] {processor.py:925} INFO - DAG(s) 'example_task_group' retrieved from /home/airflow/.local/lib/python3.12/site-packages/airflow/example_dags/example_task_group.py
[2025-03-12T14:09:00.149+0000] {logging_mixin.py:190} INFO - [2025-03-12T14:09:00.149+0000] {dag.py:3239} INFO - Sync 1 DAGs
[2025-03-12T14:09:00.160+0000] {logging_mixin.py:190} INFO - [2025-03-12T14:09:00.160+0000] {dag.py:4180} INFO - Setting next_dagrun for example_task_group to None, run_after=None
[2025-03-12T14:09:00.177+0000] {processor.py:208} INFO - Processing /home/airflow/.local/lib/python3.12/site-packages/airflow/example_dags/example_task_group.py took 0.062 seconds
[2025-03-12T14:09:33.647+0000] {processor.py:186} INFO - Started process (PID=12744) to work on /home/airflow/.local/lib/python3.12/site-packages/airflow/example_dags/example_task_group.py
[2025-03-12T14:09:33.648+0000] {processor.py:914} INFO - Processing file /home/airflow/.local/lib/python3.12/site-packages/airflow/example_dags/example_task_group.py for tasks to queue
[2025-03-12T14:09:33.649+0000] {logging_mixin.py:190} INFO - [2025-03-12T14:09:33.649+0000] {dagbag.py:588} INFO - Filling up the DagBag from /home/airflow/.local/lib/python3.12/site-packages/airflow/example_dags/example_task_group.py
[2025-03-12T14:09:33.656+0000] {processor.py:925} INFO - DAG(s) 'example_task_group' retrieved from /home/airflow/.local/lib/python3.12/site-packages/airflow/example_dags/example_task_group.py
[2025-03-12T14:09:33.672+0000] {logging_mixin.py:190} INFO - [2025-03-12T14:09:33.672+0000] {dag.py:3239} INFO - Sync 1 DAGs
[2025-03-12T14:09:33.682+0000] {logging_mixin.py:190} INFO - [2025-03-12T14:09:33.682+0000] {dag.py:4180} INFO - Setting next_dagrun for example_task_group to None, run_after=None
[2025-03-12T14:09:33.705+0000] {processor.py:208} INFO - Processing /home/airflow/.local/lib/python3.12/site-packages/airflow/example_dags/example_task_group.py took 0.063 seconds
[2025-03-12T14:10:06.582+0000] {processor.py:186} INFO - Started process (PID=13050) to work on /home/airflow/.local/lib/python3.12/site-packages/airflow/example_dags/example_task_group.py
[2025-03-12T14:10:06.583+0000] {processor.py:914} INFO - Processing file /home/airflow/.local/lib/python3.12/site-packages/airflow/example_dags/example_task_group.py for tasks to queue
[2025-03-12T14:10:06.585+0000] {logging_mixin.py:190} INFO - [2025-03-12T14:10:06.584+0000] {dagbag.py:588} INFO - Filling up the DagBag from /home/airflow/.local/lib/python3.12/site-packages/airflow/example_dags/example_task_group.py
[2025-03-12T14:10:06.591+0000] {processor.py:925} INFO - DAG(s) 'example_task_group' retrieved from /home/airflow/.local/lib/python3.12/site-packages/airflow/example_dags/example_task_group.py
[2025-03-12T14:10:06.607+0000] {logging_mixin.py:190} INFO - [2025-03-12T14:10:06.607+0000] {dag.py:3239} INFO - Sync 1 DAGs
[2025-03-12T14:10:06.618+0000] {logging_mixin.py:190} INFO - [2025-03-12T14:10:06.618+0000] {dag.py:4180} INFO - Setting next_dagrun for example_task_group to None, run_after=None
[2025-03-12T14:10:06.634+0000] {processor.py:208} INFO - Processing /home/airflow/.local/lib/python3.12/site-packages/airflow/example_dags/example_task_group.py took 0.056 seconds
[2025-03-12T14:10:39.514+0000] {processor.py:186} INFO - Started process (PID=13356) to work on /home/airflow/.local/lib/python3.12/site-packages/airflow/example_dags/example_task_group.py
[2025-03-12T14:10:39.514+0000] {processor.py:914} INFO - Processing file /home/airflow/.local/lib/python3.12/site-packages/airflow/example_dags/example_task_group.py for tasks to queue
[2025-03-12T14:10:39.516+0000] {logging_mixin.py:190} INFO - [2025-03-12T14:10:39.516+0000] {dagbag.py:588} INFO - Filling up the DagBag from /home/airflow/.local/lib/python3.12/site-packages/airflow/example_dags/example_task_group.py
[2025-03-12T14:10:39.523+0000] {processor.py:925} INFO - DAG(s) 'example_task_group' retrieved from /home/airflow/.local/lib/python3.12/site-packages/airflow/example_dags/example_task_group.py
[2025-03-12T14:10:39.540+0000] {logging_mixin.py:190} INFO - [2025-03-12T14:10:39.540+0000] {dag.py:3239} INFO - Sync 1 DAGs
[2025-03-12T14:10:39.550+0000] {logging_mixin.py:190} INFO - [2025-03-12T14:10:39.549+0000] {dag.py:4180} INFO - Setting next_dagrun for example_task_group to None, run_after=None
[2025-03-12T14:10:39.565+0000] {processor.py:208} INFO - Processing /home/airflow/.local/lib/python3.12/site-packages/airflow/example_dags/example_task_group.py took 0.056 seconds
[2025-03-12T14:11:13.434+0000] {processor.py:186} INFO - Started process (PID=13662) to work on /home/airflow/.local/lib/python3.12/site-packages/airflow/example_dags/example_task_group.py
[2025-03-12T14:11:13.435+0000] {processor.py:914} INFO - Processing file /home/airflow/.local/lib/python3.12/site-packages/airflow/example_dags/example_task_group.py for tasks to queue
[2025-03-12T14:11:13.437+0000] {logging_mixin.py:190} INFO - [2025-03-12T14:11:13.437+0000] {dagbag.py:588} INFO - Filling up the DagBag from /home/airflow/.local/lib/python3.12/site-packages/airflow/example_dags/example_task_group.py
[2025-03-12T14:11:13.446+0000] {processor.py:925} INFO - DAG(s) 'example_task_group' retrieved from /home/airflow/.local/lib/python3.12/site-packages/airflow/example_dags/example_task_group.py
[2025-03-12T14:11:13.466+0000] {logging_mixin.py:190} INFO - [2025-03-12T14:11:13.466+0000] {dag.py:3239} INFO - Sync 1 DAGs
[2025-03-12T14:11:13.482+0000] {logging_mixin.py:190} INFO - [2025-03-12T14:11:13.482+0000] {dag.py:4180} INFO - Setting next_dagrun for example_task_group to None, run_after=None
[2025-03-12T14:11:13.504+0000] {processor.py:208} INFO - Processing /home/airflow/.local/lib/python3.12/site-packages/airflow/example_dags/example_task_group.py took 0.075 seconds
[2025-03-12T14:11:46.617+0000] {processor.py:186} INFO - Started process (PID=13969) to work on /home/airflow/.local/lib/python3.12/site-packages/airflow/example_dags/example_task_group.py
[2025-03-12T14:11:46.617+0000] {processor.py:914} INFO - Processing file /home/airflow/.local/lib/python3.12/site-packages/airflow/example_dags/example_task_group.py for tasks to queue
[2025-03-12T14:11:46.619+0000] {logging_mixin.py:190} INFO - [2025-03-12T14:11:46.619+0000] {dagbag.py:588} INFO - Filling up the DagBag from /home/airflow/.local/lib/python3.12/site-packages/airflow/example_dags/example_task_group.py
[2025-03-12T14:11:46.626+0000] {processor.py:925} INFO - DAG(s) 'example_task_group' retrieved from /home/airflow/.local/lib/python3.12/site-packages/airflow/example_dags/example_task_group.py
[2025-03-12T14:11:46.643+0000] {logging_mixin.py:190} INFO - [2025-03-12T14:11:46.643+0000] {dag.py:3239} INFO - Sync 1 DAGs
[2025-03-12T14:11:46.658+0000] {logging_mixin.py:190} INFO - [2025-03-12T14:11:46.658+0000] {dag.py:4180} INFO - Setting next_dagrun for example_task_group to None, run_after=None
[2025-03-12T14:11:46.672+0000] {processor.py:208} INFO - Processing /home/airflow/.local/lib/python3.12/site-packages/airflow/example_dags/example_task_group.py took 0.060 seconds
[2025-03-12T14:12:20.723+0000] {processor.py:186} INFO - Started process (PID=14275) to work on /home/airflow/.local/lib/python3.12/site-packages/airflow/example_dags/example_task_group.py
[2025-03-12T14:12:20.724+0000] {processor.py:914} INFO - Processing file /home/airflow/.local/lib/python3.12/site-packages/airflow/example_dags/example_task_group.py for tasks to queue
[2025-03-12T14:12:20.726+0000] {logging_mixin.py:190} INFO - [2025-03-12T14:12:20.726+0000] {dagbag.py:588} INFO - Filling up the DagBag from /home/airflow/.local/lib/python3.12/site-packages/airflow/example_dags/example_task_group.py
[2025-03-12T14:12:20.735+0000] {processor.py:925} INFO - DAG(s) 'example_task_group' retrieved from /home/airflow/.local/lib/python3.12/site-packages/airflow/example_dags/example_task_group.py
[2025-03-12T14:12:20.757+0000] {logging_mixin.py:190} INFO - [2025-03-12T14:12:20.756+0000] {dag.py:3239} INFO - Sync 1 DAGs
[2025-03-12T14:12:20.793+0000] {logging_mixin.py:190} INFO - [2025-03-12T14:12:20.792+0000] {dag.py:4180} INFO - Setting next_dagrun for example_task_group to None, run_after=None
[2025-03-12T14:12:20.830+0000] {processor.py:208} INFO - Processing /home/airflow/.local/lib/python3.12/site-packages/airflow/example_dags/example_task_group.py took 0.124 seconds
[2025-03-12T14:14:00.327+0000] {processor.py:186} INFO - Started process (PID=204) to work on /home/airflow/.local/lib/python3.12/site-packages/airflow/example_dags/example_task_group.py
[2025-03-12T14:14:00.328+0000] {processor.py:914} INFO - Processing file /home/airflow/.local/lib/python3.12/site-packages/airflow/example_dags/example_task_group.py for tasks to queue
[2025-03-12T14:14:00.330+0000] {logging_mixin.py:190} INFO - [2025-03-12T14:14:00.330+0000] {dagbag.py:588} INFO - Filling up the DagBag from /home/airflow/.local/lib/python3.12/site-packages/airflow/example_dags/example_task_group.py
[2025-03-12T14:14:00.340+0000] {processor.py:925} INFO - DAG(s) 'example_task_group' retrieved from /home/airflow/.local/lib/python3.12/site-packages/airflow/example_dags/example_task_group.py
[2025-03-12T14:14:00.449+0000] {logging_mixin.py:190} INFO - [2025-03-12T14:14:00.448+0000] {override.py:1912} INFO - Created Permission View: can read on DAG:example_task_group
[2025-03-12T14:14:00.457+0000] {logging_mixin.py:190} INFO - [2025-03-12T14:14:00.457+0000] {override.py:1912} INFO - Created Permission View: can edit on DAG:example_task_group
[2025-03-12T14:14:00.463+0000] {logging_mixin.py:190} INFO - [2025-03-12T14:14:00.463+0000] {override.py:1912} INFO - Created Permission View: can delete on DAG:example_task_group
[2025-03-12T14:14:00.471+0000] {logging_mixin.py:190} INFO - [2025-03-12T14:14:00.470+0000] {override.py:1912} INFO - Created Permission View: can create on DAG Run:example_task_group
[2025-03-12T14:14:00.479+0000] {logging_mixin.py:190} INFO - [2025-03-12T14:14:00.479+0000] {override.py:1912} INFO - Created Permission View: can read on DAG Run:example_task_group
[2025-03-12T14:14:00.495+0000] {logging_mixin.py:190} INFO - [2025-03-12T14:14:00.495+0000] {override.py:1912} INFO - Created Permission View: menu access on DAG Run:example_task_group
[2025-03-12T14:14:00.506+0000] {logging_mixin.py:190} INFO - [2025-03-12T14:14:00.504+0000] {override.py:1912} INFO - Created Permission View: can delete on DAG Run:example_task_group
[2025-03-12T14:14:00.508+0000] {logging_mixin.py:190} INFO - [2025-03-12T14:14:00.507+0000] {dag.py:3239} INFO - Sync 1 DAGs
[2025-03-12T14:14:00.528+0000] {logging_mixin.py:190} INFO - [2025-03-12T14:14:00.527+0000] {dag.py:3262} INFO - Creating ORM DAG for example_task_group
[2025-03-12T14:14:00.529+0000] {logging_mixin.py:190} INFO - [2025-03-12T14:14:00.529+0000] {dag.py:4180} INFO - Setting next_dagrun for example_task_group to None, run_after=None
[2025-03-12T14:14:00.548+0000] {processor.py:208} INFO - Processing /home/airflow/.local/lib/python3.12/site-packages/airflow/example_dags/example_task_group.py took 0.226 seconds
[2025-03-12T14:14:32.834+0000] {processor.py:186} INFO - Started process (PID=508) to work on /home/airflow/.local/lib/python3.12/site-packages/airflow/example_dags/example_task_group.py
[2025-03-12T14:14:32.835+0000] {processor.py:914} INFO - Processing file /home/airflow/.local/lib/python3.12/site-packages/airflow/example_dags/example_task_group.py for tasks to queue
[2025-03-12T14:14:32.837+0000] {logging_mixin.py:190} INFO - [2025-03-12T14:14:32.837+0000] {dagbag.py:588} INFO - Filling up the DagBag from /home/airflow/.local/lib/python3.12/site-packages/airflow/example_dags/example_task_group.py
[2025-03-12T14:14:32.845+0000] {processor.py:925} INFO - DAG(s) 'example_task_group' retrieved from /home/airflow/.local/lib/python3.12/site-packages/airflow/example_dags/example_task_group.py
[2025-03-12T14:14:32.861+0000] {logging_mixin.py:190} INFO - [2025-03-12T14:14:32.861+0000] {dag.py:3239} INFO - Sync 1 DAGs
[2025-03-12T14:14:32.872+0000] {logging_mixin.py:190} INFO - [2025-03-12T14:14:32.871+0000] {dag.py:4180} INFO - Setting next_dagrun for example_task_group to None, run_after=None
[2025-03-12T14:14:32.887+0000] {processor.py:208} INFO - Processing /home/airflow/.local/lib/python3.12/site-packages/airflow/example_dags/example_task_group.py took 0.057 seconds
[2025-03-12T14:15:06.789+0000] {processor.py:186} INFO - Started process (PID=816) to work on /home/airflow/.local/lib/python3.12/site-packages/airflow/example_dags/example_task_group.py
[2025-03-12T14:15:06.790+0000] {processor.py:914} INFO - Processing file /home/airflow/.local/lib/python3.12/site-packages/airflow/example_dags/example_task_group.py for tasks to queue
[2025-03-12T14:15:06.792+0000] {logging_mixin.py:190} INFO - [2025-03-12T14:15:06.792+0000] {dagbag.py:588} INFO - Filling up the DagBag from /home/airflow/.local/lib/python3.12/site-packages/airflow/example_dags/example_task_group.py
[2025-03-12T14:15:06.799+0000] {processor.py:925} INFO - DAG(s) 'example_task_group' retrieved from /home/airflow/.local/lib/python3.12/site-packages/airflow/example_dags/example_task_group.py
[2025-03-12T14:15:06.817+0000] {logging_mixin.py:190} INFO - [2025-03-12T14:15:06.817+0000] {dag.py:3239} INFO - Sync 1 DAGs
[2025-03-12T14:15:06.829+0000] {logging_mixin.py:190} INFO - [2025-03-12T14:15:06.829+0000] {dag.py:4180} INFO - Setting next_dagrun for example_task_group to None, run_after=None
[2025-03-12T14:15:06.844+0000] {processor.py:208} INFO - Processing /home/airflow/.local/lib/python3.12/site-packages/airflow/example_dags/example_task_group.py took 0.059 seconds
[2025-03-12T14:15:40.509+0000] {processor.py:186} INFO - Started process (PID=1122) to work on /home/airflow/.local/lib/python3.12/site-packages/airflow/example_dags/example_task_group.py
[2025-03-12T14:15:40.510+0000] {processor.py:914} INFO - Processing file /home/airflow/.local/lib/python3.12/site-packages/airflow/example_dags/example_task_group.py for tasks to queue
[2025-03-12T14:15:40.512+0000] {logging_mixin.py:190} INFO - [2025-03-12T14:15:40.512+0000] {dagbag.py:588} INFO - Filling up the DagBag from /home/airflow/.local/lib/python3.12/site-packages/airflow/example_dags/example_task_group.py
[2025-03-12T14:15:40.519+0000] {processor.py:925} INFO - DAG(s) 'example_task_group' retrieved from /home/airflow/.local/lib/python3.12/site-packages/airflow/example_dags/example_task_group.py
[2025-03-12T14:15:40.536+0000] {logging_mixin.py:190} INFO - [2025-03-12T14:15:40.536+0000] {dag.py:3239} INFO - Sync 1 DAGs
[2025-03-12T14:15:40.547+0000] {logging_mixin.py:190} INFO - [2025-03-12T14:15:40.546+0000] {dag.py:4180} INFO - Setting next_dagrun for example_task_group to None, run_after=None
[2025-03-12T14:15:40.563+0000] {processor.py:208} INFO - Processing /home/airflow/.local/lib/python3.12/site-packages/airflow/example_dags/example_task_group.py took 0.059 seconds
[2025-03-12T14:16:13.603+0000] {processor.py:186} INFO - Started process (PID=1428) to work on /home/airflow/.local/lib/python3.12/site-packages/airflow/example_dags/example_task_group.py
[2025-03-12T14:16:13.604+0000] {processor.py:914} INFO - Processing file /home/airflow/.local/lib/python3.12/site-packages/airflow/example_dags/example_task_group.py for tasks to queue
[2025-03-12T14:16:13.606+0000] {logging_mixin.py:190} INFO - [2025-03-12T14:16:13.606+0000] {dagbag.py:588} INFO - Filling up the DagBag from /home/airflow/.local/lib/python3.12/site-packages/airflow/example_dags/example_task_group.py
[2025-03-12T14:16:13.612+0000] {processor.py:925} INFO - DAG(s) 'example_task_group' retrieved from /home/airflow/.local/lib/python3.12/site-packages/airflow/example_dags/example_task_group.py
[2025-03-12T14:16:13.630+0000] {logging_mixin.py:190} INFO - [2025-03-12T14:16:13.629+0000] {dag.py:3239} INFO - Sync 1 DAGs
[2025-03-12T14:16:13.639+0000] {logging_mixin.py:190} INFO - [2025-03-12T14:16:13.639+0000] {dag.py:4180} INFO - Setting next_dagrun for example_task_group to None, run_after=None
[2025-03-12T14:16:13.654+0000] {processor.py:208} INFO - Processing /home/airflow/.local/lib/python3.12/site-packages/airflow/example_dags/example_task_group.py took 0.055 seconds
[2025-03-12T14:16:47.129+0000] {processor.py:186} INFO - Started process (PID=1735) to work on /home/airflow/.local/lib/python3.12/site-packages/airflow/example_dags/example_task_group.py
[2025-03-12T14:16:47.130+0000] {processor.py:914} INFO - Processing file /home/airflow/.local/lib/python3.12/site-packages/airflow/example_dags/example_task_group.py for tasks to queue
[2025-03-12T14:16:47.132+0000] {logging_mixin.py:190} INFO - [2025-03-12T14:16:47.132+0000] {dagbag.py:588} INFO - Filling up the DagBag from /home/airflow/.local/lib/python3.12/site-packages/airflow/example_dags/example_task_group.py
[2025-03-12T14:16:47.139+0000] {processor.py:925} INFO - DAG(s) 'example_task_group' retrieved from /home/airflow/.local/lib/python3.12/site-packages/airflow/example_dags/example_task_group.py
[2025-03-12T14:16:47.158+0000] {logging_mixin.py:190} INFO - [2025-03-12T14:16:47.158+0000] {dag.py:3239} INFO - Sync 1 DAGs
[2025-03-12T14:16:47.174+0000] {logging_mixin.py:190} INFO - [2025-03-12T14:16:47.174+0000] {dag.py:4180} INFO - Setting next_dagrun for example_task_group to None, run_after=None
[2025-03-12T14:16:47.189+0000] {processor.py:208} INFO - Processing /home/airflow/.local/lib/python3.12/site-packages/airflow/example_dags/example_task_group.py took 0.065 seconds
[2025-03-12T14:17:20.235+0000] {processor.py:186} INFO - Started process (PID=2041) to work on /home/airflow/.local/lib/python3.12/site-packages/airflow/example_dags/example_task_group.py
[2025-03-12T14:17:20.236+0000] {processor.py:914} INFO - Processing file /home/airflow/.local/lib/python3.12/site-packages/airflow/example_dags/example_task_group.py for tasks to queue
[2025-03-12T14:17:20.238+0000] {logging_mixin.py:190} INFO - [2025-03-12T14:17:20.237+0000] {dagbag.py:588} INFO - Filling up the DagBag from /home/airflow/.local/lib/python3.12/site-packages/airflow/example_dags/example_task_group.py
[2025-03-12T14:17:20.244+0000] {processor.py:925} INFO - DAG(s) 'example_task_group' retrieved from /home/airflow/.local/lib/python3.12/site-packages/airflow/example_dags/example_task_group.py
[2025-03-12T14:17:20.261+0000] {logging_mixin.py:190} INFO - [2025-03-12T14:17:20.261+0000] {dag.py:3239} INFO - Sync 1 DAGs
[2025-03-12T14:17:20.273+0000] {logging_mixin.py:190} INFO - [2025-03-12T14:17:20.273+0000] {dag.py:4180} INFO - Setting next_dagrun for example_task_group to None, run_after=None
[2025-03-12T14:17:20.289+0000] {processor.py:208} INFO - Processing /home/airflow/.local/lib/python3.12/site-packages/airflow/example_dags/example_task_group.py took 0.058 seconds
[2025-03-12T14:17:53.636+0000] {processor.py:186} INFO - Started process (PID=2347) to work on /home/airflow/.local/lib/python3.12/site-packages/airflow/example_dags/example_task_group.py
[2025-03-12T14:17:53.637+0000] {processor.py:914} INFO - Processing file /home/airflow/.local/lib/python3.12/site-packages/airflow/example_dags/example_task_group.py for tasks to queue
[2025-03-12T14:17:53.639+0000] {logging_mixin.py:190} INFO - [2025-03-12T14:17:53.639+0000] {dagbag.py:588} INFO - Filling up the DagBag from /home/airflow/.local/lib/python3.12/site-packages/airflow/example_dags/example_task_group.py
[2025-03-12T14:17:53.646+0000] {processor.py:925} INFO - DAG(s) 'example_task_group' retrieved from /home/airflow/.local/lib/python3.12/site-packages/airflow/example_dags/example_task_group.py
[2025-03-12T14:17:53.663+0000] {logging_mixin.py:190} INFO - [2025-03-12T14:17:53.663+0000] {dag.py:3239} INFO - Sync 1 DAGs
[2025-03-12T14:17:53.675+0000] {logging_mixin.py:190} INFO - [2025-03-12T14:17:53.674+0000] {dag.py:4180} INFO - Setting next_dagrun for example_task_group to None, run_after=None
[2025-03-12T14:17:53.692+0000] {processor.py:208} INFO - Processing /home/airflow/.local/lib/python3.12/site-packages/airflow/example_dags/example_task_group.py took 0.061 seconds
[2025-03-12T14:18:26.914+0000] {processor.py:186} INFO - Started process (PID=2651) to work on /home/airflow/.local/lib/python3.12/site-packages/airflow/example_dags/example_task_group.py
[2025-03-12T14:18:26.914+0000] {processor.py:914} INFO - Processing file /home/airflow/.local/lib/python3.12/site-packages/airflow/example_dags/example_task_group.py for tasks to queue
[2025-03-12T14:18:26.916+0000] {logging_mixin.py:190} INFO - [2025-03-12T14:18:26.916+0000] {dagbag.py:588} INFO - Filling up the DagBag from /home/airflow/.local/lib/python3.12/site-packages/airflow/example_dags/example_task_group.py
[2025-03-12T14:18:26.923+0000] {processor.py:925} INFO - DAG(s) 'example_task_group' retrieved from /home/airflow/.local/lib/python3.12/site-packages/airflow/example_dags/example_task_group.py
[2025-03-12T14:18:26.939+0000] {logging_mixin.py:190} INFO - [2025-03-12T14:18:26.939+0000] {dag.py:3239} INFO - Sync 1 DAGs
[2025-03-12T14:18:26.950+0000] {logging_mixin.py:190} INFO - [2025-03-12T14:18:26.950+0000] {dag.py:4180} INFO - Setting next_dagrun for example_task_group to None, run_after=None
[2025-03-12T14:18:26.968+0000] {processor.py:208} INFO - Processing /home/airflow/.local/lib/python3.12/site-packages/airflow/example_dags/example_task_group.py took 0.058 seconds
[2025-03-12T14:18:59.746+0000] {processor.py:186} INFO - Started process (PID=2959) to work on /home/airflow/.local/lib/python3.12/site-packages/airflow/example_dags/example_task_group.py
[2025-03-12T14:18:59.747+0000] {processor.py:914} INFO - Processing file /home/airflow/.local/lib/python3.12/site-packages/airflow/example_dags/example_task_group.py for tasks to queue
[2025-03-12T14:18:59.749+0000] {logging_mixin.py:190} INFO - [2025-03-12T14:18:59.748+0000] {dagbag.py:588} INFO - Filling up the DagBag from /home/airflow/.local/lib/python3.12/site-packages/airflow/example_dags/example_task_group.py
[2025-03-12T14:18:59.755+0000] {processor.py:925} INFO - DAG(s) 'example_task_group' retrieved from /home/airflow/.local/lib/python3.12/site-packages/airflow/example_dags/example_task_group.py
[2025-03-12T14:18:59.772+0000] {logging_mixin.py:190} INFO - [2025-03-12T14:18:59.771+0000] {dag.py:3239} INFO - Sync 1 DAGs
[2025-03-12T14:18:59.781+0000] {logging_mixin.py:190} INFO - [2025-03-12T14:18:59.781+0000] {dag.py:4180} INFO - Setting next_dagrun for example_task_group to None, run_after=None
[2025-03-12T14:18:59.797+0000] {processor.py:208} INFO - Processing /home/airflow/.local/lib/python3.12/site-packages/airflow/example_dags/example_task_group.py took 0.055 seconds
[2025-03-12T14:19:33.805+0000] {processor.py:186} INFO - Started process (PID=3265) to work on /home/airflow/.local/lib/python3.12/site-packages/airflow/example_dags/example_task_group.py
[2025-03-12T14:19:33.806+0000] {processor.py:914} INFO - Processing file /home/airflow/.local/lib/python3.12/site-packages/airflow/example_dags/example_task_group.py for tasks to queue
[2025-03-12T14:19:33.808+0000] {logging_mixin.py:190} INFO - [2025-03-12T14:19:33.808+0000] {dagbag.py:588} INFO - Filling up the DagBag from /home/airflow/.local/lib/python3.12/site-packages/airflow/example_dags/example_task_group.py
[2025-03-12T14:19:33.815+0000] {processor.py:925} INFO - DAG(s) 'example_task_group' retrieved from /home/airflow/.local/lib/python3.12/site-packages/airflow/example_dags/example_task_group.py
[2025-03-12T14:19:33.834+0000] {logging_mixin.py:190} INFO - [2025-03-12T14:19:33.834+0000] {dag.py:3239} INFO - Sync 1 DAGs
[2025-03-12T14:19:33.846+0000] {logging_mixin.py:190} INFO - [2025-03-12T14:19:33.845+0000] {dag.py:4180} INFO - Setting next_dagrun for example_task_group to None, run_after=None
[2025-03-12T14:19:33.862+0000] {processor.py:208} INFO - Processing /home/airflow/.local/lib/python3.12/site-packages/airflow/example_dags/example_task_group.py took 0.061 seconds
