[2025-03-12T13:44:56.696+0000] {processor.py:186} INFO - Started process (PID=233) to work on /home/airflow/.local/lib/python3.12/site-packages/airflow/example_dags/example_bash_operator.py
[2025-03-12T13:44:56.697+0000] {processor.py:914} INFO - Processing file /home/airflow/.local/lib/python3.12/site-packages/airflow/example_dags/example_bash_operator.py for tasks to queue
[2025-03-12T13:44:56.700+0000] {logging_mixin.py:190} INFO - [2025-03-12T13:44:56.700+0000] {dagbag.py:588} INFO - Filling up the DagBag from /home/airflow/.local/lib/python3.12/site-packages/airflow/example_dags/example_bash_operator.py
[2025-03-12T13:44:56.716+0000] {processor.py:925} INFO - DAG(s) 'example_bash_operator' retrieved from /home/airflow/.local/lib/python3.12/site-packages/airflow/example_dags/example_bash_operator.py
[2025-03-12T13:44:56.834+0000] {logging_mixin.py:190} INFO - [2025-03-12T13:44:56.833+0000] {override.py:1912} INFO - Created Permission View: can edit on DAG:example_bash_operator
[2025-03-12T13:44:56.844+0000] {logging_mixin.py:190} INFO - [2025-03-12T13:44:56.844+0000] {override.py:1912} INFO - Created Permission View: can delete on DAG:example_bash_operator
[2025-03-12T13:44:56.851+0000] {logging_mixin.py:190} INFO - [2025-03-12T13:44:56.851+0000] {override.py:1912} INFO - Created Permission View: can read on DAG:example_bash_operator
[2025-03-12T13:44:56.859+0000] {logging_mixin.py:190} INFO - [2025-03-12T13:44:56.858+0000] {override.py:1912} INFO - Created Permission View: can delete on DAG Run:example_bash_operator
[2025-03-12T13:44:56.865+0000] {logging_mixin.py:190} INFO - [2025-03-12T13:44:56.865+0000] {override.py:1912} INFO - Created Permission View: menu access on DAG Run:example_bash_operator
[2025-03-12T13:44:56.873+0000] {logging_mixin.py:190} INFO - [2025-03-12T13:44:56.872+0000] {override.py:1912} INFO - Created Permission View: can create on DAG Run:example_bash_operator
[2025-03-12T13:44:56.879+0000] {logging_mixin.py:190} INFO - [2025-03-12T13:44:56.879+0000] {override.py:1912} INFO - Created Permission View: can read on DAG Run:example_bash_operator
[2025-03-12T13:44:56.880+0000] {logging_mixin.py:190} INFO - [2025-03-12T13:44:56.880+0000] {dag.py:3239} INFO - Sync 1 DAGs
[2025-03-12T13:44:56.896+0000] {logging_mixin.py:190} INFO - [2025-03-12T13:44:56.895+0000] {dag.py:3262} INFO - Creating ORM DAG for example_bash_operator
[2025-03-12T13:44:56.907+0000] {logging_mixin.py:190} INFO - [2025-03-12T13:44:56.906+0000] {dag.py:4180} INFO - Setting next_dagrun for example_bash_operator to 2025-03-11 00:00:00+00:00, run_after=2025-03-12 00:00:00+00:00
[2025-03-12T13:44:56.928+0000] {processor.py:208} INFO - Processing /home/airflow/.local/lib/python3.12/site-packages/airflow/example_dags/example_bash_operator.py took 0.236 seconds
[2025-03-12T13:45:27.587+0000] {processor.py:186} INFO - Started process (PID=537) to work on /home/airflow/.local/lib/python3.12/site-packages/airflow/example_dags/example_bash_operator.py
[2025-03-12T13:45:27.588+0000] {processor.py:914} INFO - Processing file /home/airflow/.local/lib/python3.12/site-packages/airflow/example_dags/example_bash_operator.py for tasks to queue
[2025-03-12T13:45:27.590+0000] {logging_mixin.py:190} INFO - [2025-03-12T13:45:27.590+0000] {dagbag.py:588} INFO - Filling up the DagBag from /home/airflow/.local/lib/python3.12/site-packages/airflow/example_dags/example_bash_operator.py
[2025-03-12T13:45:27.601+0000] {processor.py:925} INFO - DAG(s) 'example_bash_operator' retrieved from /home/airflow/.local/lib/python3.12/site-packages/airflow/example_dags/example_bash_operator.py
[2025-03-12T13:45:27.622+0000] {logging_mixin.py:190} INFO - [2025-03-12T13:45:27.621+0000] {dag.py:3239} INFO - Sync 1 DAGs
[2025-03-12T13:45:27.638+0000] {logging_mixin.py:190} INFO - [2025-03-12T13:45:27.638+0000] {dag.py:4180} INFO - Setting next_dagrun for example_bash_operator to 2025-03-11 00:00:00+00:00, run_after=2025-03-12 00:00:00+00:00
[2025-03-12T13:45:27.653+0000] {processor.py:208} INFO - Processing /home/airflow/.local/lib/python3.12/site-packages/airflow/example_dags/example_bash_operator.py took 0.071 seconds
[2025-03-12T13:45:58.296+0000] {processor.py:186} INFO - Started process (PID=843) to work on /home/airflow/.local/lib/python3.12/site-packages/airflow/example_dags/example_bash_operator.py
[2025-03-12T13:45:58.297+0000] {processor.py:914} INFO - Processing file /home/airflow/.local/lib/python3.12/site-packages/airflow/example_dags/example_bash_operator.py for tasks to queue
[2025-03-12T13:45:58.299+0000] {logging_mixin.py:190} INFO - [2025-03-12T13:45:58.299+0000] {dagbag.py:588} INFO - Filling up the DagBag from /home/airflow/.local/lib/python3.12/site-packages/airflow/example_dags/example_bash_operator.py
[2025-03-12T13:45:58.309+0000] {processor.py:925} INFO - DAG(s) 'example_bash_operator' retrieved from /home/airflow/.local/lib/python3.12/site-packages/airflow/example_dags/example_bash_operator.py
[2025-03-12T13:45:58.330+0000] {logging_mixin.py:190} INFO - [2025-03-12T13:45:58.330+0000] {dag.py:3239} INFO - Sync 1 DAGs
[2025-03-12T13:45:58.349+0000] {logging_mixin.py:190} INFO - [2025-03-12T13:45:58.349+0000] {dag.py:4180} INFO - Setting next_dagrun for example_bash_operator to 2025-03-11 00:00:00+00:00, run_after=2025-03-12 00:00:00+00:00
[2025-03-12T13:45:58.366+0000] {processor.py:208} INFO - Processing /home/airflow/.local/lib/python3.12/site-packages/airflow/example_dags/example_bash_operator.py took 0.074 seconds
[2025-03-12T13:47:01.396+0000] {processor.py:186} INFO - Started process (PID=218) to work on /home/airflow/.local/lib/python3.12/site-packages/airflow/example_dags/example_bash_operator.py
[2025-03-12T13:47:01.397+0000] {processor.py:914} INFO - Processing file /home/airflow/.local/lib/python3.12/site-packages/airflow/example_dags/example_bash_operator.py for tasks to queue
[2025-03-12T13:47:01.399+0000] {logging_mixin.py:190} INFO - [2025-03-12T13:47:01.399+0000] {dagbag.py:588} INFO - Filling up the DagBag from /home/airflow/.local/lib/python3.12/site-packages/airflow/example_dags/example_bash_operator.py
[2025-03-12T13:47:01.411+0000] {processor.py:925} INFO - DAG(s) 'example_bash_operator' retrieved from /home/airflow/.local/lib/python3.12/site-packages/airflow/example_dags/example_bash_operator.py
[2025-03-12T13:47:01.446+0000] {logging_mixin.py:190} INFO - [2025-03-12T13:47:01.446+0000] {dag.py:3239} INFO - Sync 1 DAGs
[2025-03-12T13:47:01.474+0000] {logging_mixin.py:190} INFO - [2025-03-12T13:47:01.473+0000] {dag.py:4180} INFO - Setting next_dagrun for example_bash_operator to 2025-03-11 00:00:00+00:00, run_after=2025-03-12 00:00:00+00:00
[2025-03-12T13:47:01.492+0000] {processor.py:208} INFO - Processing /home/airflow/.local/lib/python3.12/site-packages/airflow/example_dags/example_bash_operator.py took 0.101 seconds
[2025-03-12T13:47:31.646+0000] {processor.py:186} INFO - Started process (PID=526) to work on /home/airflow/.local/lib/python3.12/site-packages/airflow/example_dags/example_bash_operator.py
[2025-03-12T13:47:31.646+0000] {processor.py:914} INFO - Processing file /home/airflow/.local/lib/python3.12/site-packages/airflow/example_dags/example_bash_operator.py for tasks to queue
[2025-03-12T13:47:31.648+0000] {logging_mixin.py:190} INFO - [2025-03-12T13:47:31.648+0000] {dagbag.py:588} INFO - Filling up the DagBag from /home/airflow/.local/lib/python3.12/site-packages/airflow/example_dags/example_bash_operator.py
[2025-03-12T13:47:31.658+0000] {processor.py:925} INFO - DAG(s) 'example_bash_operator' retrieved from /home/airflow/.local/lib/python3.12/site-packages/airflow/example_dags/example_bash_operator.py
[2025-03-12T13:47:31.678+0000] {logging_mixin.py:190} INFO - [2025-03-12T13:47:31.678+0000] {dag.py:3239} INFO - Sync 1 DAGs
[2025-03-12T13:47:31.696+0000] {logging_mixin.py:190} INFO - [2025-03-12T13:47:31.695+0000] {dag.py:4180} INFO - Setting next_dagrun for example_bash_operator to 2025-03-11 00:00:00+00:00, run_after=2025-03-12 00:00:00+00:00
[2025-03-12T13:47:31.710+0000] {processor.py:208} INFO - Processing /home/airflow/.local/lib/python3.12/site-packages/airflow/example_dags/example_bash_operator.py took 0.068 seconds
[2025-03-12T13:48:01.825+0000] {processor.py:186} INFO - Started process (PID=830) to work on /home/airflow/.local/lib/python3.12/site-packages/airflow/example_dags/example_bash_operator.py
[2025-03-12T13:48:01.826+0000] {processor.py:914} INFO - Processing file /home/airflow/.local/lib/python3.12/site-packages/airflow/example_dags/example_bash_operator.py for tasks to queue
[2025-03-12T13:48:01.828+0000] {logging_mixin.py:190} INFO - [2025-03-12T13:48:01.828+0000] {dagbag.py:588} INFO - Filling up the DagBag from /home/airflow/.local/lib/python3.12/site-packages/airflow/example_dags/example_bash_operator.py
[2025-03-12T13:48:01.842+0000] {processor.py:925} INFO - DAG(s) 'example_bash_operator' retrieved from /home/airflow/.local/lib/python3.12/site-packages/airflow/example_dags/example_bash_operator.py
[2025-03-12T13:48:01.864+0000] {logging_mixin.py:190} INFO - [2025-03-12T13:48:01.864+0000] {dag.py:3239} INFO - Sync 1 DAGs
[2025-03-12T13:48:01.883+0000] {logging_mixin.py:190} INFO - [2025-03-12T13:48:01.883+0000] {dag.py:4180} INFO - Setting next_dagrun for example_bash_operator to 2025-03-11 00:00:00+00:00, run_after=2025-03-12 00:00:00+00:00
[2025-03-12T13:48:01.899+0000] {processor.py:208} INFO - Processing /home/airflow/.local/lib/python3.12/site-packages/airflow/example_dags/example_bash_operator.py took 0.079 seconds
[2025-03-12T13:48:32.215+0000] {processor.py:186} INFO - Started process (PID=1138) to work on /home/airflow/.local/lib/python3.12/site-packages/airflow/example_dags/example_bash_operator.py
[2025-03-12T13:48:32.216+0000] {processor.py:914} INFO - Processing file /home/airflow/.local/lib/python3.12/site-packages/airflow/example_dags/example_bash_operator.py for tasks to queue
[2025-03-12T13:48:32.218+0000] {logging_mixin.py:190} INFO - [2025-03-12T13:48:32.217+0000] {dagbag.py:588} INFO - Filling up the DagBag from /home/airflow/.local/lib/python3.12/site-packages/airflow/example_dags/example_bash_operator.py
[2025-03-12T13:48:32.227+0000] {processor.py:925} INFO - DAG(s) 'example_bash_operator' retrieved from /home/airflow/.local/lib/python3.12/site-packages/airflow/example_dags/example_bash_operator.py
[2025-03-12T13:48:32.246+0000] {logging_mixin.py:190} INFO - [2025-03-12T13:48:32.246+0000] {dag.py:3239} INFO - Sync 1 DAGs
[2025-03-12T13:48:32.262+0000] {logging_mixin.py:190} INFO - [2025-03-12T13:48:32.262+0000] {dag.py:4180} INFO - Setting next_dagrun for example_bash_operator to 2025-03-11 00:00:00+00:00, run_after=2025-03-12 00:00:00+00:00
[2025-03-12T13:48:32.279+0000] {processor.py:208} INFO - Processing /home/airflow/.local/lib/python3.12/site-packages/airflow/example_dags/example_bash_operator.py took 0.068 seconds
[2025-03-12T13:49:02.783+0000] {processor.py:186} INFO - Started process (PID=1443) to work on /home/airflow/.local/lib/python3.12/site-packages/airflow/example_dags/example_bash_operator.py
[2025-03-12T13:49:02.784+0000] {processor.py:914} INFO - Processing file /home/airflow/.local/lib/python3.12/site-packages/airflow/example_dags/example_bash_operator.py for tasks to queue
[2025-03-12T13:49:02.785+0000] {logging_mixin.py:190} INFO - [2025-03-12T13:49:02.785+0000] {dagbag.py:588} INFO - Filling up the DagBag from /home/airflow/.local/lib/python3.12/site-packages/airflow/example_dags/example_bash_operator.py
[2025-03-12T13:49:02.795+0000] {processor.py:925} INFO - DAG(s) 'example_bash_operator' retrieved from /home/airflow/.local/lib/python3.12/site-packages/airflow/example_dags/example_bash_operator.py
[2025-03-12T13:49:02.815+0000] {logging_mixin.py:190} INFO - [2025-03-12T13:49:02.815+0000] {dag.py:3239} INFO - Sync 1 DAGs
[2025-03-12T13:49:02.833+0000] {logging_mixin.py:190} INFO - [2025-03-12T13:49:02.833+0000] {dag.py:4180} INFO - Setting next_dagrun for example_bash_operator to 2025-03-11 00:00:00+00:00, run_after=2025-03-12 00:00:00+00:00
[2025-03-12T13:49:02.848+0000] {processor.py:208} INFO - Processing /home/airflow/.local/lib/python3.12/site-packages/airflow/example_dags/example_bash_operator.py took 0.070 seconds
[2025-03-12T13:49:33.617+0000] {processor.py:186} INFO - Started process (PID=1749) to work on /home/airflow/.local/lib/python3.12/site-packages/airflow/example_dags/example_bash_operator.py
[2025-03-12T13:49:33.618+0000] {processor.py:914} INFO - Processing file /home/airflow/.local/lib/python3.12/site-packages/airflow/example_dags/example_bash_operator.py for tasks to queue
[2025-03-12T13:49:33.619+0000] {logging_mixin.py:190} INFO - [2025-03-12T13:49:33.619+0000] {dagbag.py:588} INFO - Filling up the DagBag from /home/airflow/.local/lib/python3.12/site-packages/airflow/example_dags/example_bash_operator.py
[2025-03-12T13:49:33.629+0000] {processor.py:925} INFO - DAG(s) 'example_bash_operator' retrieved from /home/airflow/.local/lib/python3.12/site-packages/airflow/example_dags/example_bash_operator.py
[2025-03-12T13:49:33.650+0000] {logging_mixin.py:190} INFO - [2025-03-12T13:49:33.649+0000] {dag.py:3239} INFO - Sync 1 DAGs
[2025-03-12T13:49:33.667+0000] {logging_mixin.py:190} INFO - [2025-03-12T13:49:33.667+0000] {dag.py:4180} INFO - Setting next_dagrun for example_bash_operator to 2025-03-11 00:00:00+00:00, run_after=2025-03-12 00:00:00+00:00
[2025-03-12T13:49:33.686+0000] {processor.py:208} INFO - Processing /home/airflow/.local/lib/python3.12/site-packages/airflow/example_dags/example_bash_operator.py took 0.073 seconds
[2025-03-12T13:50:06.544+0000] {processor.py:186} INFO - Started process (PID=2057) to work on /home/airflow/.local/lib/python3.12/site-packages/airflow/example_dags/example_bash_operator.py
[2025-03-12T13:50:06.544+0000] {processor.py:914} INFO - Processing file /home/airflow/.local/lib/python3.12/site-packages/airflow/example_dags/example_bash_operator.py for tasks to queue
[2025-03-12T13:50:06.547+0000] {logging_mixin.py:190} INFO - [2025-03-12T13:50:06.546+0000] {dagbag.py:588} INFO - Filling up the DagBag from /home/airflow/.local/lib/python3.12/site-packages/airflow/example_dags/example_bash_operator.py
[2025-03-12T13:50:06.559+0000] {processor.py:925} INFO - DAG(s) 'example_bash_operator' retrieved from /home/airflow/.local/lib/python3.12/site-packages/airflow/example_dags/example_bash_operator.py
[2025-03-12T13:50:06.585+0000] {logging_mixin.py:190} INFO - [2025-03-12T13:50:06.584+0000] {dag.py:3239} INFO - Sync 1 DAGs
[2025-03-12T13:50:06.606+0000] {logging_mixin.py:190} INFO - [2025-03-12T13:50:06.606+0000] {dag.py:4180} INFO - Setting next_dagrun for example_bash_operator to 2025-03-11 00:00:00+00:00, run_after=2025-03-12 00:00:00+00:00
[2025-03-12T13:50:06.622+0000] {processor.py:208} INFO - Processing /home/airflow/.local/lib/python3.12/site-packages/airflow/example_dags/example_bash_operator.py took 0.084 seconds
[2025-03-12T13:50:40.645+0000] {processor.py:186} INFO - Started process (PID=2362) to work on /home/airflow/.local/lib/python3.12/site-packages/airflow/example_dags/example_bash_operator.py
[2025-03-12T13:50:40.646+0000] {processor.py:914} INFO - Processing file /home/airflow/.local/lib/python3.12/site-packages/airflow/example_dags/example_bash_operator.py for tasks to queue
[2025-03-12T13:50:40.648+0000] {logging_mixin.py:190} INFO - [2025-03-12T13:50:40.648+0000] {dagbag.py:588} INFO - Filling up the DagBag from /home/airflow/.local/lib/python3.12/site-packages/airflow/example_dags/example_bash_operator.py
[2025-03-12T13:50:40.658+0000] {processor.py:925} INFO - DAG(s) 'example_bash_operator' retrieved from /home/airflow/.local/lib/python3.12/site-packages/airflow/example_dags/example_bash_operator.py
[2025-03-12T13:50:40.680+0000] {logging_mixin.py:190} INFO - [2025-03-12T13:50:40.680+0000] {dag.py:3239} INFO - Sync 1 DAGs
[2025-03-12T13:50:40.702+0000] {logging_mixin.py:190} INFO - [2025-03-12T13:50:40.701+0000] {dag.py:4180} INFO - Setting next_dagrun for example_bash_operator to 2025-03-11 00:00:00+00:00, run_after=2025-03-12 00:00:00+00:00
[2025-03-12T13:50:40.720+0000] {processor.py:208} INFO - Processing /home/airflow/.local/lib/python3.12/site-packages/airflow/example_dags/example_bash_operator.py took 0.079 seconds
[2025-03-12T13:51:13.694+0000] {processor.py:186} INFO - Started process (PID=2670) to work on /home/airflow/.local/lib/python3.12/site-packages/airflow/example_dags/example_bash_operator.py
[2025-03-12T13:51:13.695+0000] {processor.py:914} INFO - Processing file /home/airflow/.local/lib/python3.12/site-packages/airflow/example_dags/example_bash_operator.py for tasks to queue
[2025-03-12T13:51:13.697+0000] {logging_mixin.py:190} INFO - [2025-03-12T13:51:13.696+0000] {dagbag.py:588} INFO - Filling up the DagBag from /home/airflow/.local/lib/python3.12/site-packages/airflow/example_dags/example_bash_operator.py
[2025-03-12T13:51:13.706+0000] {processor.py:925} INFO - DAG(s) 'example_bash_operator' retrieved from /home/airflow/.local/lib/python3.12/site-packages/airflow/example_dags/example_bash_operator.py
[2025-03-12T13:51:13.729+0000] {logging_mixin.py:190} INFO - [2025-03-12T13:51:13.729+0000] {dag.py:3239} INFO - Sync 1 DAGs
[2025-03-12T13:51:13.748+0000] {logging_mixin.py:190} INFO - [2025-03-12T13:51:13.748+0000] {dag.py:4180} INFO - Setting next_dagrun for example_bash_operator to 2025-03-11 00:00:00+00:00, run_after=2025-03-12 00:00:00+00:00
[2025-03-12T13:51:13.764+0000] {processor.py:208} INFO - Processing /home/airflow/.local/lib/python3.12/site-packages/airflow/example_dags/example_bash_operator.py took 0.074 seconds
[2025-03-12T13:51:46.327+0000] {processor.py:186} INFO - Started process (PID=2974) to work on /home/airflow/.local/lib/python3.12/site-packages/airflow/example_dags/example_bash_operator.py
[2025-03-12T13:51:46.329+0000] {processor.py:914} INFO - Processing file /home/airflow/.local/lib/python3.12/site-packages/airflow/example_dags/example_bash_operator.py for tasks to queue
[2025-03-12T13:51:46.331+0000] {logging_mixin.py:190} INFO - [2025-03-12T13:51:46.331+0000] {dagbag.py:588} INFO - Filling up the DagBag from /home/airflow/.local/lib/python3.12/site-packages/airflow/example_dags/example_bash_operator.py
[2025-03-12T13:51:46.341+0000] {processor.py:925} INFO - DAG(s) 'example_bash_operator' retrieved from /home/airflow/.local/lib/python3.12/site-packages/airflow/example_dags/example_bash_operator.py
[2025-03-12T13:51:46.360+0000] {logging_mixin.py:190} INFO - [2025-03-12T13:51:46.360+0000] {dag.py:3239} INFO - Sync 1 DAGs
[2025-03-12T13:51:46.378+0000] {logging_mixin.py:190} INFO - [2025-03-12T13:51:46.378+0000] {dag.py:4180} INFO - Setting next_dagrun for example_bash_operator to 2025-03-11 00:00:00+00:00, run_after=2025-03-12 00:00:00+00:00
[2025-03-12T13:51:46.393+0000] {processor.py:208} INFO - Processing /home/airflow/.local/lib/python3.12/site-packages/airflow/example_dags/example_bash_operator.py took 0.071 seconds
[2025-03-12T13:52:20.307+0000] {processor.py:186} INFO - Started process (PID=3280) to work on /home/airflow/.local/lib/python3.12/site-packages/airflow/example_dags/example_bash_operator.py
[2025-03-12T13:52:20.308+0000] {processor.py:914} INFO - Processing file /home/airflow/.local/lib/python3.12/site-packages/airflow/example_dags/example_bash_operator.py for tasks to queue
[2025-03-12T13:52:20.309+0000] {logging_mixin.py:190} INFO - [2025-03-12T13:52:20.309+0000] {dagbag.py:588} INFO - Filling up the DagBag from /home/airflow/.local/lib/python3.12/site-packages/airflow/example_dags/example_bash_operator.py
[2025-03-12T13:52:20.319+0000] {processor.py:925} INFO - DAG(s) 'example_bash_operator' retrieved from /home/airflow/.local/lib/python3.12/site-packages/airflow/example_dags/example_bash_operator.py
[2025-03-12T13:52:20.338+0000] {logging_mixin.py:190} INFO - [2025-03-12T13:52:20.338+0000] {dag.py:3239} INFO - Sync 1 DAGs
[2025-03-12T13:52:20.355+0000] {logging_mixin.py:190} INFO - [2025-03-12T13:52:20.355+0000] {dag.py:4180} INFO - Setting next_dagrun for example_bash_operator to 2025-03-11 00:00:00+00:00, run_after=2025-03-12 00:00:00+00:00
[2025-03-12T13:52:20.371+0000] {processor.py:208} INFO - Processing /home/airflow/.local/lib/python3.12/site-packages/airflow/example_dags/example_bash_operator.py took 0.067 seconds
[2025-03-12T13:52:54.072+0000] {processor.py:186} INFO - Started process (PID=3588) to work on /home/airflow/.local/lib/python3.12/site-packages/airflow/example_dags/example_bash_operator.py
[2025-03-12T13:52:54.074+0000] {processor.py:914} INFO - Processing file /home/airflow/.local/lib/python3.12/site-packages/airflow/example_dags/example_bash_operator.py for tasks to queue
[2025-03-12T13:52:54.077+0000] {logging_mixin.py:190} INFO - [2025-03-12T13:52:54.077+0000] {dagbag.py:588} INFO - Filling up the DagBag from /home/airflow/.local/lib/python3.12/site-packages/airflow/example_dags/example_bash_operator.py
[2025-03-12T13:52:54.097+0000] {processor.py:925} INFO - DAG(s) 'example_bash_operator' retrieved from /home/airflow/.local/lib/python3.12/site-packages/airflow/example_dags/example_bash_operator.py
[2025-03-12T13:52:54.135+0000] {logging_mixin.py:190} INFO - [2025-03-12T13:52:54.134+0000] {dag.py:3239} INFO - Sync 1 DAGs
[2025-03-12T13:52:54.168+0000] {logging_mixin.py:190} INFO - [2025-03-12T13:52:54.168+0000] {dag.py:4180} INFO - Setting next_dagrun for example_bash_operator to 2025-03-11 00:00:00+00:00, run_after=2025-03-12 00:00:00+00:00
[2025-03-12T13:52:54.196+0000] {processor.py:208} INFO - Processing /home/airflow/.local/lib/python3.12/site-packages/airflow/example_dags/example_bash_operator.py took 0.131 seconds
[2025-03-12T13:53:26.342+0000] {processor.py:186} INFO - Started process (PID=3892) to work on /home/airflow/.local/lib/python3.12/site-packages/airflow/example_dags/example_bash_operator.py
[2025-03-12T13:53:26.343+0000] {processor.py:914} INFO - Processing file /home/airflow/.local/lib/python3.12/site-packages/airflow/example_dags/example_bash_operator.py for tasks to queue
[2025-03-12T13:53:26.345+0000] {logging_mixin.py:190} INFO - [2025-03-12T13:53:26.345+0000] {dagbag.py:588} INFO - Filling up the DagBag from /home/airflow/.local/lib/python3.12/site-packages/airflow/example_dags/example_bash_operator.py
[2025-03-12T13:53:26.358+0000] {processor.py:925} INFO - DAG(s) 'example_bash_operator' retrieved from /home/airflow/.local/lib/python3.12/site-packages/airflow/example_dags/example_bash_operator.py
[2025-03-12T13:53:26.383+0000] {logging_mixin.py:190} INFO - [2025-03-12T13:53:26.383+0000] {dag.py:3239} INFO - Sync 1 DAGs
[2025-03-12T13:53:26.410+0000] {logging_mixin.py:190} INFO - [2025-03-12T13:53:26.409+0000] {dag.py:4180} INFO - Setting next_dagrun for example_bash_operator to 2025-03-11 00:00:00+00:00, run_after=2025-03-12 00:00:00+00:00
[2025-03-12T13:53:26.428+0000] {processor.py:208} INFO - Processing /home/airflow/.local/lib/python3.12/site-packages/airflow/example_dags/example_bash_operator.py took 0.092 seconds
[2025-03-12T13:54:00.112+0000] {processor.py:186} INFO - Started process (PID=4200) to work on /home/airflow/.local/lib/python3.12/site-packages/airflow/example_dags/example_bash_operator.py
[2025-03-12T13:54:00.113+0000] {processor.py:914} INFO - Processing file /home/airflow/.local/lib/python3.12/site-packages/airflow/example_dags/example_bash_operator.py for tasks to queue
[2025-03-12T13:54:00.115+0000] {logging_mixin.py:190} INFO - [2025-03-12T13:54:00.115+0000] {dagbag.py:588} INFO - Filling up the DagBag from /home/airflow/.local/lib/python3.12/site-packages/airflow/example_dags/example_bash_operator.py
[2025-03-12T13:54:00.128+0000] {processor.py:925} INFO - DAG(s) 'example_bash_operator' retrieved from /home/airflow/.local/lib/python3.12/site-packages/airflow/example_dags/example_bash_operator.py
[2025-03-12T13:54:00.156+0000] {logging_mixin.py:190} INFO - [2025-03-12T13:54:00.155+0000] {dag.py:3239} INFO - Sync 1 DAGs
[2025-03-12T13:54:00.183+0000] {logging_mixin.py:190} INFO - [2025-03-12T13:54:00.182+0000] {dag.py:4180} INFO - Setting next_dagrun for example_bash_operator to 2025-03-11 00:00:00+00:00, run_after=2025-03-12 00:00:00+00:00
[2025-03-12T13:54:00.204+0000] {processor.py:208} INFO - Processing /home/airflow/.local/lib/python3.12/site-packages/airflow/example_dags/example_bash_operator.py took 0.099 seconds
[2025-03-12T13:54:33.337+0000] {processor.py:186} INFO - Started process (PID=4506) to work on /home/airflow/.local/lib/python3.12/site-packages/airflow/example_dags/example_bash_operator.py
[2025-03-12T13:54:33.338+0000] {processor.py:914} INFO - Processing file /home/airflow/.local/lib/python3.12/site-packages/airflow/example_dags/example_bash_operator.py for tasks to queue
[2025-03-12T13:54:33.340+0000] {logging_mixin.py:190} INFO - [2025-03-12T13:54:33.340+0000] {dagbag.py:588} INFO - Filling up the DagBag from /home/airflow/.local/lib/python3.12/site-packages/airflow/example_dags/example_bash_operator.py
[2025-03-12T13:54:33.355+0000] {processor.py:925} INFO - DAG(s) 'example_bash_operator' retrieved from /home/airflow/.local/lib/python3.12/site-packages/airflow/example_dags/example_bash_operator.py
[2025-03-12T13:54:33.386+0000] {logging_mixin.py:190} INFO - [2025-03-12T13:54:33.386+0000] {dag.py:3239} INFO - Sync 1 DAGs
[2025-03-12T13:54:33.417+0000] {logging_mixin.py:190} INFO - [2025-03-12T13:54:33.417+0000] {dag.py:4180} INFO - Setting next_dagrun for example_bash_operator to 2025-03-11 00:00:00+00:00, run_after=2025-03-12 00:00:00+00:00
[2025-03-12T13:54:33.437+0000] {processor.py:208} INFO - Processing /home/airflow/.local/lib/python3.12/site-packages/airflow/example_dags/example_bash_operator.py took 0.107 seconds
[2025-03-12T13:55:07.370+0000] {processor.py:186} INFO - Started process (PID=4811) to work on /home/airflow/.local/lib/python3.12/site-packages/airflow/example_dags/example_bash_operator.py
[2025-03-12T13:55:07.371+0000] {processor.py:914} INFO - Processing file /home/airflow/.local/lib/python3.12/site-packages/airflow/example_dags/example_bash_operator.py for tasks to queue
[2025-03-12T13:55:07.374+0000] {logging_mixin.py:190} INFO - [2025-03-12T13:55:07.373+0000] {dagbag.py:588} INFO - Filling up the DagBag from /home/airflow/.local/lib/python3.12/site-packages/airflow/example_dags/example_bash_operator.py
[2025-03-12T13:55:07.391+0000] {processor.py:925} INFO - DAG(s) 'example_bash_operator' retrieved from /home/airflow/.local/lib/python3.12/site-packages/airflow/example_dags/example_bash_operator.py
[2025-03-12T13:55:07.419+0000] {logging_mixin.py:190} INFO - [2025-03-12T13:55:07.419+0000] {dag.py:3239} INFO - Sync 1 DAGs
[2025-03-12T13:55:07.444+0000] {logging_mixin.py:190} INFO - [2025-03-12T13:55:07.444+0000] {dag.py:4180} INFO - Setting next_dagrun for example_bash_operator to 2025-03-11 00:00:00+00:00, run_after=2025-03-12 00:00:00+00:00
[2025-03-12T13:55:07.464+0000] {processor.py:208} INFO - Processing /home/airflow/.local/lib/python3.12/site-packages/airflow/example_dags/example_bash_operator.py took 0.099 seconds
[2025-03-12T13:55:39.881+0000] {processor.py:186} INFO - Started process (PID=5118) to work on /home/airflow/.local/lib/python3.12/site-packages/airflow/example_dags/example_bash_operator.py
[2025-03-12T13:55:39.882+0000] {processor.py:914} INFO - Processing file /home/airflow/.local/lib/python3.12/site-packages/airflow/example_dags/example_bash_operator.py for tasks to queue
[2025-03-12T13:55:39.884+0000] {logging_mixin.py:190} INFO - [2025-03-12T13:55:39.884+0000] {dagbag.py:588} INFO - Filling up the DagBag from /home/airflow/.local/lib/python3.12/site-packages/airflow/example_dags/example_bash_operator.py
[2025-03-12T13:55:39.894+0000] {processor.py:925} INFO - DAG(s) 'example_bash_operator' retrieved from /home/airflow/.local/lib/python3.12/site-packages/airflow/example_dags/example_bash_operator.py
[2025-03-12T13:55:39.916+0000] {logging_mixin.py:190} INFO - [2025-03-12T13:55:39.916+0000] {dag.py:3239} INFO - Sync 1 DAGs
[2025-03-12T13:55:39.935+0000] {logging_mixin.py:190} INFO - [2025-03-12T13:55:39.934+0000] {dag.py:4180} INFO - Setting next_dagrun for example_bash_operator to 2025-03-11 00:00:00+00:00, run_after=2025-03-12 00:00:00+00:00
[2025-03-12T13:55:39.951+0000] {processor.py:208} INFO - Processing /home/airflow/.local/lib/python3.12/site-packages/airflow/example_dags/example_bash_operator.py took 0.074 seconds
[2025-03-12T13:56:13.681+0000] {processor.py:186} INFO - Started process (PID=5424) to work on /home/airflow/.local/lib/python3.12/site-packages/airflow/example_dags/example_bash_operator.py
[2025-03-12T13:56:13.682+0000] {processor.py:914} INFO - Processing file /home/airflow/.local/lib/python3.12/site-packages/airflow/example_dags/example_bash_operator.py for tasks to queue
[2025-03-12T13:56:13.684+0000] {logging_mixin.py:190} INFO - [2025-03-12T13:56:13.684+0000] {dagbag.py:588} INFO - Filling up the DagBag from /home/airflow/.local/lib/python3.12/site-packages/airflow/example_dags/example_bash_operator.py
[2025-03-12T13:56:13.696+0000] {processor.py:925} INFO - DAG(s) 'example_bash_operator' retrieved from /home/airflow/.local/lib/python3.12/site-packages/airflow/example_dags/example_bash_operator.py
[2025-03-12T13:56:13.723+0000] {logging_mixin.py:190} INFO - [2025-03-12T13:56:13.723+0000] {dag.py:3239} INFO - Sync 1 DAGs
[2025-03-12T13:56:13.748+0000] {logging_mixin.py:190} INFO - [2025-03-12T13:56:13.748+0000] {dag.py:4180} INFO - Setting next_dagrun for example_bash_operator to 2025-03-11 00:00:00+00:00, run_after=2025-03-12 00:00:00+00:00
[2025-03-12T13:56:13.768+0000] {processor.py:208} INFO - Processing /home/airflow/.local/lib/python3.12/site-packages/airflow/example_dags/example_bash_operator.py took 0.092 seconds
[2025-03-12T13:56:46.790+0000] {processor.py:186} INFO - Started process (PID=5728) to work on /home/airflow/.local/lib/python3.12/site-packages/airflow/example_dags/example_bash_operator.py
[2025-03-12T13:56:46.790+0000] {processor.py:914} INFO - Processing file /home/airflow/.local/lib/python3.12/site-packages/airflow/example_dags/example_bash_operator.py for tasks to queue
[2025-03-12T13:56:46.792+0000] {logging_mixin.py:190} INFO - [2025-03-12T13:56:46.792+0000] {dagbag.py:588} INFO - Filling up the DagBag from /home/airflow/.local/lib/python3.12/site-packages/airflow/example_dags/example_bash_operator.py
[2025-03-12T13:56:46.801+0000] {processor.py:925} INFO - DAG(s) 'example_bash_operator' retrieved from /home/airflow/.local/lib/python3.12/site-packages/airflow/example_dags/example_bash_operator.py
[2025-03-12T13:56:46.821+0000] {logging_mixin.py:190} INFO - [2025-03-12T13:56:46.821+0000] {dag.py:3239} INFO - Sync 1 DAGs
[2025-03-12T13:56:46.837+0000] {logging_mixin.py:190} INFO - [2025-03-12T13:56:46.837+0000] {dag.py:4180} INFO - Setting next_dagrun for example_bash_operator to 2025-03-11 00:00:00+00:00, run_after=2025-03-12 00:00:00+00:00
[2025-03-12T13:56:46.852+0000] {processor.py:208} INFO - Processing /home/airflow/.local/lib/python3.12/site-packages/airflow/example_dags/example_bash_operator.py took 0.066 seconds
[2025-03-12T13:57:20.406+0000] {processor.py:186} INFO - Started process (PID=6036) to work on /home/airflow/.local/lib/python3.12/site-packages/airflow/example_dags/example_bash_operator.py
[2025-03-12T13:57:20.407+0000] {processor.py:914} INFO - Processing file /home/airflow/.local/lib/python3.12/site-packages/airflow/example_dags/example_bash_operator.py for tasks to queue
[2025-03-12T13:57:20.409+0000] {logging_mixin.py:190} INFO - [2025-03-12T13:57:20.409+0000] {dagbag.py:588} INFO - Filling up the DagBag from /home/airflow/.local/lib/python3.12/site-packages/airflow/example_dags/example_bash_operator.py
[2025-03-12T13:57:20.420+0000] {processor.py:925} INFO - DAG(s) 'example_bash_operator' retrieved from /home/airflow/.local/lib/python3.12/site-packages/airflow/example_dags/example_bash_operator.py
[2025-03-12T13:57:20.440+0000] {logging_mixin.py:190} INFO - [2025-03-12T13:57:20.440+0000] {dag.py:3239} INFO - Sync 1 DAGs
[2025-03-12T13:57:20.457+0000] {logging_mixin.py:190} INFO - [2025-03-12T13:57:20.457+0000] {dag.py:4180} INFO - Setting next_dagrun for example_bash_operator to 2025-03-11 00:00:00+00:00, run_after=2025-03-12 00:00:00+00:00
[2025-03-12T13:57:20.472+0000] {processor.py:208} INFO - Processing /home/airflow/.local/lib/python3.12/site-packages/airflow/example_dags/example_bash_operator.py took 0.071 seconds
[2025-03-12T13:57:53.893+0000] {processor.py:186} INFO - Started process (PID=6340) to work on /home/airflow/.local/lib/python3.12/site-packages/airflow/example_dags/example_bash_operator.py
[2025-03-12T13:57:53.894+0000] {processor.py:914} INFO - Processing file /home/airflow/.local/lib/python3.12/site-packages/airflow/example_dags/example_bash_operator.py for tasks to queue
[2025-03-12T13:57:53.895+0000] {logging_mixin.py:190} INFO - [2025-03-12T13:57:53.895+0000] {dagbag.py:588} INFO - Filling up the DagBag from /home/airflow/.local/lib/python3.12/site-packages/airflow/example_dags/example_bash_operator.py
[2025-03-12T13:57:53.905+0000] {processor.py:925} INFO - DAG(s) 'example_bash_operator' retrieved from /home/airflow/.local/lib/python3.12/site-packages/airflow/example_dags/example_bash_operator.py
[2025-03-12T13:57:53.924+0000] {logging_mixin.py:190} INFO - [2025-03-12T13:57:53.924+0000] {dag.py:3239} INFO - Sync 1 DAGs
[2025-03-12T13:57:53.940+0000] {logging_mixin.py:190} INFO - [2025-03-12T13:57:53.940+0000] {dag.py:4180} INFO - Setting next_dagrun for example_bash_operator to 2025-03-11 00:00:00+00:00, run_after=2025-03-12 00:00:00+00:00
[2025-03-12T13:57:53.954+0000] {processor.py:208} INFO - Processing /home/airflow/.local/lib/python3.12/site-packages/airflow/example_dags/example_bash_operator.py took 0.066 seconds
[2025-03-12T13:58:26.967+0000] {processor.py:186} INFO - Started process (PID=6646) to work on /home/airflow/.local/lib/python3.12/site-packages/airflow/example_dags/example_bash_operator.py
[2025-03-12T13:58:26.968+0000] {processor.py:914} INFO - Processing file /home/airflow/.local/lib/python3.12/site-packages/airflow/example_dags/example_bash_operator.py for tasks to queue
[2025-03-12T13:58:26.970+0000] {logging_mixin.py:190} INFO - [2025-03-12T13:58:26.970+0000] {dagbag.py:588} INFO - Filling up the DagBag from /home/airflow/.local/lib/python3.12/site-packages/airflow/example_dags/example_bash_operator.py
[2025-03-12T13:58:26.979+0000] {processor.py:925} INFO - DAG(s) 'example_bash_operator' retrieved from /home/airflow/.local/lib/python3.12/site-packages/airflow/example_dags/example_bash_operator.py
[2025-03-12T13:58:26.999+0000] {logging_mixin.py:190} INFO - [2025-03-12T13:58:26.999+0000] {dag.py:3239} INFO - Sync 1 DAGs
[2025-03-12T13:58:27.016+0000] {logging_mixin.py:190} INFO - [2025-03-12T13:58:27.016+0000] {dag.py:4180} INFO - Setting next_dagrun for example_bash_operator to 2025-03-11 00:00:00+00:00, run_after=2025-03-12 00:00:00+00:00
[2025-03-12T13:58:27.030+0000] {processor.py:208} INFO - Processing /home/airflow/.local/lib/python3.12/site-packages/airflow/example_dags/example_bash_operator.py took 0.067 seconds
[2025-03-12T13:59:00.446+0000] {processor.py:186} INFO - Started process (PID=6954) to work on /home/airflow/.local/lib/python3.12/site-packages/airflow/example_dags/example_bash_operator.py
[2025-03-12T13:59:00.447+0000] {processor.py:914} INFO - Processing file /home/airflow/.local/lib/python3.12/site-packages/airflow/example_dags/example_bash_operator.py for tasks to queue
[2025-03-12T13:59:00.450+0000] {logging_mixin.py:190} INFO - [2025-03-12T13:59:00.449+0000] {dagbag.py:588} INFO - Filling up the DagBag from /home/airflow/.local/lib/python3.12/site-packages/airflow/example_dags/example_bash_operator.py
[2025-03-12T13:59:00.462+0000] {processor.py:925} INFO - DAG(s) 'example_bash_operator' retrieved from /home/airflow/.local/lib/python3.12/site-packages/airflow/example_dags/example_bash_operator.py
[2025-03-12T13:59:00.488+0000] {logging_mixin.py:190} INFO - [2025-03-12T13:59:00.487+0000] {dag.py:3239} INFO - Sync 1 DAGs
[2025-03-12T13:59:00.508+0000] {logging_mixin.py:190} INFO - [2025-03-12T13:59:00.508+0000] {dag.py:4180} INFO - Setting next_dagrun for example_bash_operator to 2025-03-11 00:00:00+00:00, run_after=2025-03-12 00:00:00+00:00
[2025-03-12T13:59:00.525+0000] {processor.py:208} INFO - Processing /home/airflow/.local/lib/python3.12/site-packages/airflow/example_dags/example_bash_operator.py took 0.085 seconds
[2025-03-12T13:59:33.460+0000] {processor.py:186} INFO - Started process (PID=7260) to work on /home/airflow/.local/lib/python3.12/site-packages/airflow/example_dags/example_bash_operator.py
[2025-03-12T13:59:33.461+0000] {processor.py:914} INFO - Processing file /home/airflow/.local/lib/python3.12/site-packages/airflow/example_dags/example_bash_operator.py for tasks to queue
[2025-03-12T13:59:33.463+0000] {logging_mixin.py:190} INFO - [2025-03-12T13:59:33.463+0000] {dagbag.py:588} INFO - Filling up the DagBag from /home/airflow/.local/lib/python3.12/site-packages/airflow/example_dags/example_bash_operator.py
[2025-03-12T13:59:33.472+0000] {processor.py:925} INFO - DAG(s) 'example_bash_operator' retrieved from /home/airflow/.local/lib/python3.12/site-packages/airflow/example_dags/example_bash_operator.py
[2025-03-12T13:59:33.491+0000] {logging_mixin.py:190} INFO - [2025-03-12T13:59:33.491+0000] {dag.py:3239} INFO - Sync 1 DAGs
[2025-03-12T13:59:33.510+0000] {logging_mixin.py:190} INFO - [2025-03-12T13:59:33.510+0000] {dag.py:4180} INFO - Setting next_dagrun for example_bash_operator to 2025-03-11 00:00:00+00:00, run_after=2025-03-12 00:00:00+00:00
[2025-03-12T13:59:33.527+0000] {processor.py:208} INFO - Processing /home/airflow/.local/lib/python3.12/site-packages/airflow/example_dags/example_bash_operator.py took 0.071 seconds
[2025-03-12T14:00:07.106+0000] {processor.py:186} INFO - Started process (PID=7564) to work on /home/airflow/.local/lib/python3.12/site-packages/airflow/example_dags/example_bash_operator.py
[2025-03-12T14:00:07.107+0000] {processor.py:914} INFO - Processing file /home/airflow/.local/lib/python3.12/site-packages/airflow/example_dags/example_bash_operator.py for tasks to queue
[2025-03-12T14:00:07.108+0000] {logging_mixin.py:190} INFO - [2025-03-12T14:00:07.108+0000] {dagbag.py:588} INFO - Filling up the DagBag from /home/airflow/.local/lib/python3.12/site-packages/airflow/example_dags/example_bash_operator.py
[2025-03-12T14:00:07.118+0000] {processor.py:925} INFO - DAG(s) 'example_bash_operator' retrieved from /home/airflow/.local/lib/python3.12/site-packages/airflow/example_dags/example_bash_operator.py
[2025-03-12T14:00:07.139+0000] {logging_mixin.py:190} INFO - [2025-03-12T14:00:07.139+0000] {dag.py:3239} INFO - Sync 1 DAGs
[2025-03-12T14:00:07.159+0000] {logging_mixin.py:190} INFO - [2025-03-12T14:00:07.159+0000] {dag.py:4180} INFO - Setting next_dagrun for example_bash_operator to 2025-03-11 00:00:00+00:00, run_after=2025-03-12 00:00:00+00:00
[2025-03-12T14:00:07.176+0000] {processor.py:208} INFO - Processing /home/airflow/.local/lib/python3.12/site-packages/airflow/example_dags/example_bash_operator.py took 0.075 seconds
[2025-03-12T14:00:39.942+0000] {processor.py:186} INFO - Started process (PID=7870) to work on /home/airflow/.local/lib/python3.12/site-packages/airflow/example_dags/example_bash_operator.py
[2025-03-12T14:00:39.943+0000] {processor.py:914} INFO - Processing file /home/airflow/.local/lib/python3.12/site-packages/airflow/example_dags/example_bash_operator.py for tasks to queue
[2025-03-12T14:00:39.945+0000] {logging_mixin.py:190} INFO - [2025-03-12T14:00:39.945+0000] {dagbag.py:588} INFO - Filling up the DagBag from /home/airflow/.local/lib/python3.12/site-packages/airflow/example_dags/example_bash_operator.py
[2025-03-12T14:00:39.958+0000] {processor.py:925} INFO - DAG(s) 'example_bash_operator' retrieved from /home/airflow/.local/lib/python3.12/site-packages/airflow/example_dags/example_bash_operator.py
[2025-03-12T14:00:39.979+0000] {logging_mixin.py:190} INFO - [2025-03-12T14:00:39.979+0000] {dag.py:3239} INFO - Sync 1 DAGs
[2025-03-12T14:00:39.998+0000] {logging_mixin.py:190} INFO - [2025-03-12T14:00:39.997+0000] {dag.py:4180} INFO - Setting next_dagrun for example_bash_operator to 2025-03-11 00:00:00+00:00, run_after=2025-03-12 00:00:00+00:00
[2025-03-12T14:00:40.012+0000] {processor.py:208} INFO - Processing /home/airflow/.local/lib/python3.12/site-packages/airflow/example_dags/example_bash_operator.py took 0.075 seconds
[2025-03-12T14:01:13.596+0000] {processor.py:186} INFO - Started process (PID=8176) to work on /home/airflow/.local/lib/python3.12/site-packages/airflow/example_dags/example_bash_operator.py
[2025-03-12T14:01:13.597+0000] {processor.py:914} INFO - Processing file /home/airflow/.local/lib/python3.12/site-packages/airflow/example_dags/example_bash_operator.py for tasks to queue
[2025-03-12T14:01:13.599+0000] {logging_mixin.py:190} INFO - [2025-03-12T14:01:13.599+0000] {dagbag.py:588} INFO - Filling up the DagBag from /home/airflow/.local/lib/python3.12/site-packages/airflow/example_dags/example_bash_operator.py
[2025-03-12T14:01:13.611+0000] {processor.py:925} INFO - DAG(s) 'example_bash_operator' retrieved from /home/airflow/.local/lib/python3.12/site-packages/airflow/example_dags/example_bash_operator.py
[2025-03-12T14:01:13.630+0000] {logging_mixin.py:190} INFO - [2025-03-12T14:01:13.630+0000] {dag.py:3239} INFO - Sync 1 DAGs
[2025-03-12T14:01:13.651+0000] {logging_mixin.py:190} INFO - [2025-03-12T14:01:13.651+0000] {dag.py:4180} INFO - Setting next_dagrun for example_bash_operator to 2025-03-11 00:00:00+00:00, run_after=2025-03-12 00:00:00+00:00
[2025-03-12T14:01:13.670+0000] {processor.py:208} INFO - Processing /home/airflow/.local/lib/python3.12/site-packages/airflow/example_dags/example_bash_operator.py took 0.077 seconds
[2025-03-12T14:01:46.612+0000] {processor.py:186} INFO - Started process (PID=8485) to work on /home/airflow/.local/lib/python3.12/site-packages/airflow/example_dags/example_bash_operator.py
[2025-03-12T14:01:46.613+0000] {processor.py:914} INFO - Processing file /home/airflow/.local/lib/python3.12/site-packages/airflow/example_dags/example_bash_operator.py for tasks to queue
[2025-03-12T14:01:46.614+0000] {logging_mixin.py:190} INFO - [2025-03-12T14:01:46.614+0000] {dagbag.py:588} INFO - Filling up the DagBag from /home/airflow/.local/lib/python3.12/site-packages/airflow/example_dags/example_bash_operator.py
[2025-03-12T14:01:46.626+0000] {processor.py:925} INFO - DAG(s) 'example_bash_operator' retrieved from /home/airflow/.local/lib/python3.12/site-packages/airflow/example_dags/example_bash_operator.py
[2025-03-12T14:01:46.651+0000] {logging_mixin.py:190} INFO - [2025-03-12T14:01:46.651+0000] {dag.py:3239} INFO - Sync 1 DAGs
[2025-03-12T14:01:46.675+0000] {logging_mixin.py:190} INFO - [2025-03-12T14:01:46.675+0000] {dag.py:4180} INFO - Setting next_dagrun for example_bash_operator to 2025-03-11 00:00:00+00:00, run_after=2025-03-12 00:00:00+00:00
[2025-03-12T14:01:46.694+0000] {processor.py:208} INFO - Processing /home/airflow/.local/lib/python3.12/site-packages/airflow/example_dags/example_bash_operator.py took 0.087 seconds
[2025-03-12T14:02:20.471+0000] {processor.py:186} INFO - Started process (PID=8789) to work on /home/airflow/.local/lib/python3.12/site-packages/airflow/example_dags/example_bash_operator.py
[2025-03-12T14:02:20.471+0000] {processor.py:914} INFO - Processing file /home/airflow/.local/lib/python3.12/site-packages/airflow/example_dags/example_bash_operator.py for tasks to queue
[2025-03-12T14:02:20.473+0000] {logging_mixin.py:190} INFO - [2025-03-12T14:02:20.473+0000] {dagbag.py:588} INFO - Filling up the DagBag from /home/airflow/.local/lib/python3.12/site-packages/airflow/example_dags/example_bash_operator.py
[2025-03-12T14:02:20.482+0000] {processor.py:925} INFO - DAG(s) 'example_bash_operator' retrieved from /home/airflow/.local/lib/python3.12/site-packages/airflow/example_dags/example_bash_operator.py
[2025-03-12T14:02:20.503+0000] {logging_mixin.py:190} INFO - [2025-03-12T14:02:20.503+0000] {dag.py:3239} INFO - Sync 1 DAGs
[2025-03-12T14:02:20.523+0000] {logging_mixin.py:190} INFO - [2025-03-12T14:02:20.523+0000] {dag.py:4180} INFO - Setting next_dagrun for example_bash_operator to 2025-03-11 00:00:00+00:00, run_after=2025-03-12 00:00:00+00:00
[2025-03-12T14:02:20.538+0000] {processor.py:208} INFO - Processing /home/airflow/.local/lib/python3.12/site-packages/airflow/example_dags/example_bash_operator.py took 0.071 seconds
[2025-03-12T14:02:53.491+0000] {processor.py:186} INFO - Started process (PID=9095) to work on /home/airflow/.local/lib/python3.12/site-packages/airflow/example_dags/example_bash_operator.py
[2025-03-12T14:02:53.492+0000] {processor.py:914} INFO - Processing file /home/airflow/.local/lib/python3.12/site-packages/airflow/example_dags/example_bash_operator.py for tasks to queue
[2025-03-12T14:02:53.494+0000] {logging_mixin.py:190} INFO - [2025-03-12T14:02:53.494+0000] {dagbag.py:588} INFO - Filling up the DagBag from /home/airflow/.local/lib/python3.12/site-packages/airflow/example_dags/example_bash_operator.py
[2025-03-12T14:02:53.504+0000] {processor.py:925} INFO - DAG(s) 'example_bash_operator' retrieved from /home/airflow/.local/lib/python3.12/site-packages/airflow/example_dags/example_bash_operator.py
[2025-03-12T14:02:53.523+0000] {logging_mixin.py:190} INFO - [2025-03-12T14:02:53.523+0000] {dag.py:3239} INFO - Sync 1 DAGs
[2025-03-12T14:02:53.543+0000] {logging_mixin.py:190} INFO - [2025-03-12T14:02:53.543+0000] {dag.py:4180} INFO - Setting next_dagrun for example_bash_operator to 2025-03-11 00:00:00+00:00, run_after=2025-03-12 00:00:00+00:00
[2025-03-12T14:02:53.558+0000] {processor.py:208} INFO - Processing /home/airflow/.local/lib/python3.12/site-packages/airflow/example_dags/example_bash_operator.py took 0.070 seconds
[2025-03-12T14:03:26.568+0000] {processor.py:186} INFO - Started process (PID=9401) to work on /home/airflow/.local/lib/python3.12/site-packages/airflow/example_dags/example_bash_operator.py
[2025-03-12T14:03:26.569+0000] {processor.py:914} INFO - Processing file /home/airflow/.local/lib/python3.12/site-packages/airflow/example_dags/example_bash_operator.py for tasks to queue
[2025-03-12T14:03:26.571+0000] {logging_mixin.py:190} INFO - [2025-03-12T14:03:26.570+0000] {dagbag.py:588} INFO - Filling up the DagBag from /home/airflow/.local/lib/python3.12/site-packages/airflow/example_dags/example_bash_operator.py
[2025-03-12T14:03:26.580+0000] {processor.py:925} INFO - DAG(s) 'example_bash_operator' retrieved from /home/airflow/.local/lib/python3.12/site-packages/airflow/example_dags/example_bash_operator.py
[2025-03-12T14:03:26.601+0000] {logging_mixin.py:190} INFO - [2025-03-12T14:03:26.601+0000] {dag.py:3239} INFO - Sync 1 DAGs
[2025-03-12T14:03:26.623+0000] {logging_mixin.py:190} INFO - [2025-03-12T14:03:26.623+0000] {dag.py:4180} INFO - Setting next_dagrun for example_bash_operator to 2025-03-11 00:00:00+00:00, run_after=2025-03-12 00:00:00+00:00
[2025-03-12T14:03:26.640+0000] {processor.py:208} INFO - Processing /home/airflow/.local/lib/python3.12/site-packages/airflow/example_dags/example_bash_operator.py took 0.076 seconds
[2025-03-12T14:04:00.567+0000] {processor.py:186} INFO - Started process (PID=9707) to work on /home/airflow/.local/lib/python3.12/site-packages/airflow/example_dags/example_bash_operator.py
[2025-03-12T14:04:00.568+0000] {processor.py:914} INFO - Processing file /home/airflow/.local/lib/python3.12/site-packages/airflow/example_dags/example_bash_operator.py for tasks to queue
[2025-03-12T14:04:00.571+0000] {logging_mixin.py:190} INFO - [2025-03-12T14:04:00.570+0000] {dagbag.py:588} INFO - Filling up the DagBag from /home/airflow/.local/lib/python3.12/site-packages/airflow/example_dags/example_bash_operator.py
[2025-03-12T14:04:00.586+0000] {processor.py:925} INFO - DAG(s) 'example_bash_operator' retrieved from /home/airflow/.local/lib/python3.12/site-packages/airflow/example_dags/example_bash_operator.py
[2025-03-12T14:04:00.617+0000] {logging_mixin.py:190} INFO - [2025-03-12T14:04:00.617+0000] {dag.py:3239} INFO - Sync 1 DAGs
[2025-03-12T14:04:00.649+0000] {logging_mixin.py:190} INFO - [2025-03-12T14:04:00.649+0000] {dag.py:4180} INFO - Setting next_dagrun for example_bash_operator to 2025-03-11 00:00:00+00:00, run_after=2025-03-12 00:00:00+00:00
[2025-03-12T14:04:00.676+0000] {processor.py:208} INFO - Processing /home/airflow/.local/lib/python3.12/site-packages/airflow/example_dags/example_bash_operator.py took 0.116 seconds
[2025-03-12T14:04:33.013+0000] {processor.py:186} INFO - Started process (PID=10013) to work on /home/airflow/.local/lib/python3.12/site-packages/airflow/example_dags/example_bash_operator.py
[2025-03-12T14:04:33.013+0000] {processor.py:914} INFO - Processing file /home/airflow/.local/lib/python3.12/site-packages/airflow/example_dags/example_bash_operator.py for tasks to queue
[2025-03-12T14:04:33.016+0000] {logging_mixin.py:190} INFO - [2025-03-12T14:04:33.015+0000] {dagbag.py:588} INFO - Filling up the DagBag from /home/airflow/.local/lib/python3.12/site-packages/airflow/example_dags/example_bash_operator.py
[2025-03-12T14:04:33.028+0000] {processor.py:925} INFO - DAG(s) 'example_bash_operator' retrieved from /home/airflow/.local/lib/python3.12/site-packages/airflow/example_dags/example_bash_operator.py
[2025-03-12T14:04:33.051+0000] {logging_mixin.py:190} INFO - [2025-03-12T14:04:33.051+0000] {dag.py:3239} INFO - Sync 1 DAGs
[2025-03-12T14:04:33.073+0000] {logging_mixin.py:190} INFO - [2025-03-12T14:04:33.073+0000] {dag.py:4180} INFO - Setting next_dagrun for example_bash_operator to 2025-03-11 00:00:00+00:00, run_after=2025-03-12 00:00:00+00:00
[2025-03-12T14:04:33.090+0000] {processor.py:208} INFO - Processing /home/airflow/.local/lib/python3.12/site-packages/airflow/example_dags/example_bash_operator.py took 0.082 seconds
[2025-03-12T14:05:06.475+0000] {processor.py:186} INFO - Started process (PID=10319) to work on /home/airflow/.local/lib/python3.12/site-packages/airflow/example_dags/example_bash_operator.py
[2025-03-12T14:05:06.476+0000] {processor.py:914} INFO - Processing file /home/airflow/.local/lib/python3.12/site-packages/airflow/example_dags/example_bash_operator.py for tasks to queue
[2025-03-12T14:05:06.477+0000] {logging_mixin.py:190} INFO - [2025-03-12T14:05:06.477+0000] {dagbag.py:588} INFO - Filling up the DagBag from /home/airflow/.local/lib/python3.12/site-packages/airflow/example_dags/example_bash_operator.py
[2025-03-12T14:05:06.487+0000] {processor.py:925} INFO - DAG(s) 'example_bash_operator' retrieved from /home/airflow/.local/lib/python3.12/site-packages/airflow/example_dags/example_bash_operator.py
[2025-03-12T14:05:06.509+0000] {logging_mixin.py:190} INFO - [2025-03-12T14:05:06.509+0000] {dag.py:3239} INFO - Sync 1 DAGs
[2025-03-12T14:05:06.529+0000] {logging_mixin.py:190} INFO - [2025-03-12T14:05:06.529+0000] {dag.py:4180} INFO - Setting next_dagrun for example_bash_operator to 2025-03-11 00:00:00+00:00, run_after=2025-03-12 00:00:00+00:00
[2025-03-12T14:05:06.545+0000] {processor.py:208} INFO - Processing /home/airflow/.local/lib/python3.12/site-packages/airflow/example_dags/example_bash_operator.py took 0.074 seconds
[2025-03-12T14:05:40.499+0000] {processor.py:186} INFO - Started process (PID=10632) to work on /home/airflow/.local/lib/python3.12/site-packages/airflow/example_dags/example_bash_operator.py
[2025-03-12T14:05:40.500+0000] {processor.py:914} INFO - Processing file /home/airflow/.local/lib/python3.12/site-packages/airflow/example_dags/example_bash_operator.py for tasks to queue
[2025-03-12T14:05:40.502+0000] {logging_mixin.py:190} INFO - [2025-03-12T14:05:40.502+0000] {dagbag.py:588} INFO - Filling up the DagBag from /home/airflow/.local/lib/python3.12/site-packages/airflow/example_dags/example_bash_operator.py
[2025-03-12T14:05:40.513+0000] {processor.py:925} INFO - DAG(s) 'example_bash_operator' retrieved from /home/airflow/.local/lib/python3.12/site-packages/airflow/example_dags/example_bash_operator.py
[2025-03-12T14:05:40.537+0000] {logging_mixin.py:190} INFO - [2025-03-12T14:05:40.537+0000] {dag.py:3239} INFO - Sync 1 DAGs
[2025-03-12T14:05:40.558+0000] {logging_mixin.py:190} INFO - [2025-03-12T14:05:40.557+0000] {dag.py:4180} INFO - Setting next_dagrun for example_bash_operator to 2025-03-11 00:00:00+00:00, run_after=2025-03-12 00:00:00+00:00
[2025-03-12T14:05:40.579+0000] {processor.py:208} INFO - Processing /home/airflow/.local/lib/python3.12/site-packages/airflow/example_dags/example_bash_operator.py took 0.085 seconds
[2025-03-12T14:06:13.170+0000] {processor.py:186} INFO - Started process (PID=10938) to work on /home/airflow/.local/lib/python3.12/site-packages/airflow/example_dags/example_bash_operator.py
[2025-03-12T14:06:13.170+0000] {processor.py:914} INFO - Processing file /home/airflow/.local/lib/python3.12/site-packages/airflow/example_dags/example_bash_operator.py for tasks to queue
[2025-03-12T14:06:13.173+0000] {logging_mixin.py:190} INFO - [2025-03-12T14:06:13.172+0000] {dagbag.py:588} INFO - Filling up the DagBag from /home/airflow/.local/lib/python3.12/site-packages/airflow/example_dags/example_bash_operator.py
[2025-03-12T14:06:13.186+0000] {processor.py:925} INFO - DAG(s) 'example_bash_operator' retrieved from /home/airflow/.local/lib/python3.12/site-packages/airflow/example_dags/example_bash_operator.py
[2025-03-12T14:06:13.211+0000] {logging_mixin.py:190} INFO - [2025-03-12T14:06:13.211+0000] {dag.py:3239} INFO - Sync 1 DAGs
[2025-03-12T14:06:13.236+0000] {logging_mixin.py:190} INFO - [2025-03-12T14:06:13.235+0000] {dag.py:4180} INFO - Setting next_dagrun for example_bash_operator to 2025-03-11 00:00:00+00:00, run_after=2025-03-12 00:00:00+00:00
[2025-03-12T14:06:13.256+0000] {processor.py:208} INFO - Processing /home/airflow/.local/lib/python3.12/site-packages/airflow/example_dags/example_bash_operator.py took 0.091 seconds
[2025-03-12T14:06:46.965+0000] {processor.py:186} INFO - Started process (PID=11242) to work on /home/airflow/.local/lib/python3.12/site-packages/airflow/example_dags/example_bash_operator.py
[2025-03-12T14:06:46.966+0000] {processor.py:914} INFO - Processing file /home/airflow/.local/lib/python3.12/site-packages/airflow/example_dags/example_bash_operator.py for tasks to queue
[2025-03-12T14:06:46.968+0000] {logging_mixin.py:190} INFO - [2025-03-12T14:06:46.968+0000] {dagbag.py:588} INFO - Filling up the DagBag from /home/airflow/.local/lib/python3.12/site-packages/airflow/example_dags/example_bash_operator.py
[2025-03-12T14:06:46.977+0000] {processor.py:925} INFO - DAG(s) 'example_bash_operator' retrieved from /home/airflow/.local/lib/python3.12/site-packages/airflow/example_dags/example_bash_operator.py
[2025-03-12T14:06:46.997+0000] {logging_mixin.py:190} INFO - [2025-03-12T14:06:46.997+0000] {dag.py:3239} INFO - Sync 1 DAGs
[2025-03-12T14:06:47.015+0000] {logging_mixin.py:190} INFO - [2025-03-12T14:06:47.014+0000] {dag.py:4180} INFO - Setting next_dagrun for example_bash_operator to 2025-03-11 00:00:00+00:00, run_after=2025-03-12 00:00:00+00:00
[2025-03-12T14:06:47.029+0000] {processor.py:208} INFO - Processing /home/airflow/.local/lib/python3.12/site-packages/airflow/example_dags/example_bash_operator.py took 0.068 seconds
[2025-03-12T14:07:20.747+0000] {processor.py:186} INFO - Started process (PID=11550) to work on /home/airflow/.local/lib/python3.12/site-packages/airflow/example_dags/example_bash_operator.py
[2025-03-12T14:07:20.747+0000] {processor.py:914} INFO - Processing file /home/airflow/.local/lib/python3.12/site-packages/airflow/example_dags/example_bash_operator.py for tasks to queue
[2025-03-12T14:07:20.749+0000] {logging_mixin.py:190} INFO - [2025-03-12T14:07:20.749+0000] {dagbag.py:588} INFO - Filling up the DagBag from /home/airflow/.local/lib/python3.12/site-packages/airflow/example_dags/example_bash_operator.py
[2025-03-12T14:07:20.759+0000] {processor.py:925} INFO - DAG(s) 'example_bash_operator' retrieved from /home/airflow/.local/lib/python3.12/site-packages/airflow/example_dags/example_bash_operator.py
[2025-03-12T14:07:20.779+0000] {logging_mixin.py:190} INFO - [2025-03-12T14:07:20.779+0000] {dag.py:3239} INFO - Sync 1 DAGs
[2025-03-12T14:07:20.798+0000] {logging_mixin.py:190} INFO - [2025-03-12T14:07:20.798+0000] {dag.py:4180} INFO - Setting next_dagrun for example_bash_operator to 2025-03-11 00:00:00+00:00, run_after=2025-03-12 00:00:00+00:00
[2025-03-12T14:07:20.814+0000] {processor.py:208} INFO - Processing /home/airflow/.local/lib/python3.12/site-packages/airflow/example_dags/example_bash_operator.py took 0.071 seconds
[2025-03-12T14:07:53.562+0000] {processor.py:186} INFO - Started process (PID=11854) to work on /home/airflow/.local/lib/python3.12/site-packages/airflow/example_dags/example_bash_operator.py
[2025-03-12T14:07:53.563+0000] {processor.py:914} INFO - Processing file /home/airflow/.local/lib/python3.12/site-packages/airflow/example_dags/example_bash_operator.py for tasks to queue
[2025-03-12T14:07:53.565+0000] {logging_mixin.py:190} INFO - [2025-03-12T14:07:53.564+0000] {dagbag.py:588} INFO - Filling up the DagBag from /home/airflow/.local/lib/python3.12/site-packages/airflow/example_dags/example_bash_operator.py
[2025-03-12T14:07:53.578+0000] {processor.py:925} INFO - DAG(s) 'example_bash_operator' retrieved from /home/airflow/.local/lib/python3.12/site-packages/airflow/example_dags/example_bash_operator.py
[2025-03-12T14:07:53.605+0000] {logging_mixin.py:190} INFO - [2025-03-12T14:07:53.605+0000] {dag.py:3239} INFO - Sync 1 DAGs
[2025-03-12T14:07:53.626+0000] {logging_mixin.py:190} INFO - [2025-03-12T14:07:53.626+0000] {dag.py:4180} INFO - Setting next_dagrun for example_bash_operator to 2025-03-11 00:00:00+00:00, run_after=2025-03-12 00:00:00+00:00
[2025-03-12T14:07:53.642+0000] {processor.py:208} INFO - Processing /home/airflow/.local/lib/python3.12/site-packages/airflow/example_dags/example_bash_operator.py took 0.085 seconds
[2025-03-12T14:08:27.425+0000] {processor.py:186} INFO - Started process (PID=12162) to work on /home/airflow/.local/lib/python3.12/site-packages/airflow/example_dags/example_bash_operator.py
[2025-03-12T14:08:27.426+0000] {processor.py:914} INFO - Processing file /home/airflow/.local/lib/python3.12/site-packages/airflow/example_dags/example_bash_operator.py for tasks to queue
[2025-03-12T14:08:27.428+0000] {logging_mixin.py:190} INFO - [2025-03-12T14:08:27.428+0000] {dagbag.py:588} INFO - Filling up the DagBag from /home/airflow/.local/lib/python3.12/site-packages/airflow/example_dags/example_bash_operator.py
[2025-03-12T14:08:27.438+0000] {processor.py:925} INFO - DAG(s) 'example_bash_operator' retrieved from /home/airflow/.local/lib/python3.12/site-packages/airflow/example_dags/example_bash_operator.py
[2025-03-12T14:08:27.463+0000] {logging_mixin.py:190} INFO - [2025-03-12T14:08:27.463+0000] {dag.py:3239} INFO - Sync 1 DAGs
[2025-03-12T14:08:27.484+0000] {logging_mixin.py:190} INFO - [2025-03-12T14:08:27.484+0000] {dag.py:4180} INFO - Setting next_dagrun for example_bash_operator to 2025-03-11 00:00:00+00:00, run_after=2025-03-12 00:00:00+00:00
[2025-03-12T14:08:27.501+0000] {processor.py:208} INFO - Processing /home/airflow/.local/lib/python3.12/site-packages/airflow/example_dags/example_bash_operator.py took 0.080 seconds
[2025-03-12T14:09:00.416+0000] {processor.py:186} INFO - Started process (PID=12466) to work on /home/airflow/.local/lib/python3.12/site-packages/airflow/example_dags/example_bash_operator.py
[2025-03-12T14:09:00.417+0000] {processor.py:914} INFO - Processing file /home/airflow/.local/lib/python3.12/site-packages/airflow/example_dags/example_bash_operator.py for tasks to queue
[2025-03-12T14:09:00.418+0000] {logging_mixin.py:190} INFO - [2025-03-12T14:09:00.418+0000] {dagbag.py:588} INFO - Filling up the DagBag from /home/airflow/.local/lib/python3.12/site-packages/airflow/example_dags/example_bash_operator.py
[2025-03-12T14:09:00.428+0000] {processor.py:925} INFO - DAG(s) 'example_bash_operator' retrieved from /home/airflow/.local/lib/python3.12/site-packages/airflow/example_dags/example_bash_operator.py
[2025-03-12T14:09:00.449+0000] {logging_mixin.py:190} INFO - [2025-03-12T14:09:00.449+0000] {dag.py:3239} INFO - Sync 1 DAGs
[2025-03-12T14:09:00.466+0000] {logging_mixin.py:190} INFO - [2025-03-12T14:09:00.466+0000] {dag.py:4180} INFO - Setting next_dagrun for example_bash_operator to 2025-03-11 00:00:00+00:00, run_after=2025-03-12 00:00:00+00:00
[2025-03-12T14:09:00.481+0000] {processor.py:208} INFO - Processing /home/airflow/.local/lib/python3.12/site-packages/airflow/example_dags/example_bash_operator.py took 0.070 seconds
[2025-03-12T14:09:34.100+0000] {processor.py:186} INFO - Started process (PID=12774) to work on /home/airflow/.local/lib/python3.12/site-packages/airflow/example_dags/example_bash_operator.py
[2025-03-12T14:09:34.101+0000] {processor.py:914} INFO - Processing file /home/airflow/.local/lib/python3.12/site-packages/airflow/example_dags/example_bash_operator.py for tasks to queue
[2025-03-12T14:09:34.103+0000] {logging_mixin.py:190} INFO - [2025-03-12T14:09:34.103+0000] {dagbag.py:588} INFO - Filling up the DagBag from /home/airflow/.local/lib/python3.12/site-packages/airflow/example_dags/example_bash_operator.py
[2025-03-12T14:09:34.113+0000] {processor.py:925} INFO - DAG(s) 'example_bash_operator' retrieved from /home/airflow/.local/lib/python3.12/site-packages/airflow/example_dags/example_bash_operator.py
[2025-03-12T14:09:34.133+0000] {logging_mixin.py:190} INFO - [2025-03-12T14:09:34.133+0000] {dag.py:3239} INFO - Sync 1 DAGs
[2025-03-12T14:09:34.178+0000] {logging_mixin.py:190} INFO - [2025-03-12T14:09:34.178+0000] {dag.py:4180} INFO - Setting next_dagrun for example_bash_operator to 2025-03-11 00:00:00+00:00, run_after=2025-03-12 00:00:00+00:00
[2025-03-12T14:09:34.225+0000] {processor.py:208} INFO - Processing /home/airflow/.local/lib/python3.12/site-packages/airflow/example_dags/example_bash_operator.py took 0.129 seconds
[2025-03-12T14:10:06.854+0000] {processor.py:186} INFO - Started process (PID=13078) to work on /home/airflow/.local/lib/python3.12/site-packages/airflow/example_dags/example_bash_operator.py
[2025-03-12T14:10:06.855+0000] {processor.py:914} INFO - Processing file /home/airflow/.local/lib/python3.12/site-packages/airflow/example_dags/example_bash_operator.py for tasks to queue
[2025-03-12T14:10:06.857+0000] {logging_mixin.py:190} INFO - [2025-03-12T14:10:06.857+0000] {dagbag.py:588} INFO - Filling up the DagBag from /home/airflow/.local/lib/python3.12/site-packages/airflow/example_dags/example_bash_operator.py
[2025-03-12T14:10:06.867+0000] {processor.py:925} INFO - DAG(s) 'example_bash_operator' retrieved from /home/airflow/.local/lib/python3.12/site-packages/airflow/example_dags/example_bash_operator.py
[2025-03-12T14:10:06.888+0000] {logging_mixin.py:190} INFO - [2025-03-12T14:10:06.888+0000] {dag.py:3239} INFO - Sync 1 DAGs
[2025-03-12T14:10:06.916+0000] {logging_mixin.py:190} INFO - [2025-03-12T14:10:06.915+0000] {dag.py:4180} INFO - Setting next_dagrun for example_bash_operator to 2025-03-11 00:00:00+00:00, run_after=2025-03-12 00:00:00+00:00
[2025-03-12T14:10:06.936+0000] {processor.py:208} INFO - Processing /home/airflow/.local/lib/python3.12/site-packages/airflow/example_dags/example_bash_operator.py took 0.086 seconds
[2025-03-12T14:10:39.880+0000] {processor.py:186} INFO - Started process (PID=13386) to work on /home/airflow/.local/lib/python3.12/site-packages/airflow/example_dags/example_bash_operator.py
[2025-03-12T14:10:39.881+0000] {processor.py:914} INFO - Processing file /home/airflow/.local/lib/python3.12/site-packages/airflow/example_dags/example_bash_operator.py for tasks to queue
[2025-03-12T14:10:39.882+0000] {logging_mixin.py:190} INFO - [2025-03-12T14:10:39.882+0000] {dagbag.py:588} INFO - Filling up the DagBag from /home/airflow/.local/lib/python3.12/site-packages/airflow/example_dags/example_bash_operator.py
[2025-03-12T14:10:39.892+0000] {processor.py:925} INFO - DAG(s) 'example_bash_operator' retrieved from /home/airflow/.local/lib/python3.12/site-packages/airflow/example_dags/example_bash_operator.py
[2025-03-12T14:10:39.913+0000] {logging_mixin.py:190} INFO - [2025-03-12T14:10:39.912+0000] {dag.py:3239} INFO - Sync 1 DAGs
[2025-03-12T14:10:39.931+0000] {logging_mixin.py:190} INFO - [2025-03-12T14:10:39.931+0000] {dag.py:4180} INFO - Setting next_dagrun for example_bash_operator to 2025-03-11 00:00:00+00:00, run_after=2025-03-12 00:00:00+00:00
[2025-03-12T14:10:39.948+0000] {processor.py:208} INFO - Processing /home/airflow/.local/lib/python3.12/site-packages/airflow/example_dags/example_bash_operator.py took 0.072 seconds
[2025-03-12T14:11:13.729+0000] {processor.py:186} INFO - Started process (PID=13690) to work on /home/airflow/.local/lib/python3.12/site-packages/airflow/example_dags/example_bash_operator.py
[2025-03-12T14:11:13.730+0000] {processor.py:914} INFO - Processing file /home/airflow/.local/lib/python3.12/site-packages/airflow/example_dags/example_bash_operator.py for tasks to queue
[2025-03-12T14:11:13.732+0000] {logging_mixin.py:190} INFO - [2025-03-12T14:11:13.732+0000] {dagbag.py:588} INFO - Filling up the DagBag from /home/airflow/.local/lib/python3.12/site-packages/airflow/example_dags/example_bash_operator.py
[2025-03-12T14:11:13.745+0000] {processor.py:925} INFO - DAG(s) 'example_bash_operator' retrieved from /home/airflow/.local/lib/python3.12/site-packages/airflow/example_dags/example_bash_operator.py
[2025-03-12T14:11:13.775+0000] {logging_mixin.py:190} INFO - [2025-03-12T14:11:13.774+0000] {dag.py:3239} INFO - Sync 1 DAGs
[2025-03-12T14:11:13.802+0000] {logging_mixin.py:190} INFO - [2025-03-12T14:11:13.802+0000] {dag.py:4180} INFO - Setting next_dagrun for example_bash_operator to 2025-03-11 00:00:00+00:00, run_after=2025-03-12 00:00:00+00:00
[2025-03-12T14:11:13.817+0000] {processor.py:208} INFO - Processing /home/airflow/.local/lib/python3.12/site-packages/airflow/example_dags/example_bash_operator.py took 0.094 seconds
[2025-03-12T14:11:46.880+0000] {processor.py:186} INFO - Started process (PID=13997) to work on /home/airflow/.local/lib/python3.12/site-packages/airflow/example_dags/example_bash_operator.py
[2025-03-12T14:11:46.881+0000] {processor.py:914} INFO - Processing file /home/airflow/.local/lib/python3.12/site-packages/airflow/example_dags/example_bash_operator.py for tasks to queue
[2025-03-12T14:11:46.883+0000] {logging_mixin.py:190} INFO - [2025-03-12T14:11:46.882+0000] {dagbag.py:588} INFO - Filling up the DagBag from /home/airflow/.local/lib/python3.12/site-packages/airflow/example_dags/example_bash_operator.py
[2025-03-12T14:11:46.893+0000] {processor.py:925} INFO - DAG(s) 'example_bash_operator' retrieved from /home/airflow/.local/lib/python3.12/site-packages/airflow/example_dags/example_bash_operator.py
[2025-03-12T14:11:46.915+0000] {logging_mixin.py:190} INFO - [2025-03-12T14:11:46.915+0000] {dag.py:3239} INFO - Sync 1 DAGs
[2025-03-12T14:11:46.932+0000] {logging_mixin.py:190} INFO - [2025-03-12T14:11:46.932+0000] {dag.py:4180} INFO - Setting next_dagrun for example_bash_operator to 2025-03-11 00:00:00+00:00, run_after=2025-03-12 00:00:00+00:00
[2025-03-12T14:11:46.947+0000] {processor.py:208} INFO - Processing /home/airflow/.local/lib/python3.12/site-packages/airflow/example_dags/example_bash_operator.py took 0.071 seconds
[2025-03-12T14:12:21.192+0000] {processor.py:186} INFO - Started process (PID=14305) to work on /home/airflow/.local/lib/python3.12/site-packages/airflow/example_dags/example_bash_operator.py
[2025-03-12T14:12:21.193+0000] {processor.py:914} INFO - Processing file /home/airflow/.local/lib/python3.12/site-packages/airflow/example_dags/example_bash_operator.py for tasks to queue
[2025-03-12T14:12:21.195+0000] {logging_mixin.py:190} INFO - [2025-03-12T14:12:21.195+0000] {dagbag.py:588} INFO - Filling up the DagBag from /home/airflow/.local/lib/python3.12/site-packages/airflow/example_dags/example_bash_operator.py
[2025-03-12T14:12:21.207+0000] {processor.py:925} INFO - DAG(s) 'example_bash_operator' retrieved from /home/airflow/.local/lib/python3.12/site-packages/airflow/example_dags/example_bash_operator.py
[2025-03-12T14:12:21.229+0000] {logging_mixin.py:190} INFO - [2025-03-12T14:12:21.229+0000] {dag.py:3239} INFO - Sync 1 DAGs
[2025-03-12T14:12:21.253+0000] {logging_mixin.py:190} INFO - [2025-03-12T14:12:21.253+0000] {dag.py:4180} INFO - Setting next_dagrun for example_bash_operator to 2025-03-11 00:00:00+00:00, run_after=2025-03-12 00:00:00+00:00
[2025-03-12T14:12:21.270+0000] {processor.py:208} INFO - Processing /home/airflow/.local/lib/python3.12/site-packages/airflow/example_dags/example_bash_operator.py took 0.083 seconds
[2025-03-12T14:14:01.075+0000] {processor.py:186} INFO - Started process (PID=232) to work on /home/airflow/.local/lib/python3.12/site-packages/airflow/example_dags/example_bash_operator.py
[2025-03-12T14:14:01.076+0000] {processor.py:914} INFO - Processing file /home/airflow/.local/lib/python3.12/site-packages/airflow/example_dags/example_bash_operator.py for tasks to queue
[2025-03-12T14:14:01.078+0000] {logging_mixin.py:190} INFO - [2025-03-12T14:14:01.078+0000] {dagbag.py:588} INFO - Filling up the DagBag from /home/airflow/.local/lib/python3.12/site-packages/airflow/example_dags/example_bash_operator.py
[2025-03-12T14:14:01.096+0000] {processor.py:925} INFO - DAG(s) 'example_bash_operator' retrieved from /home/airflow/.local/lib/python3.12/site-packages/airflow/example_dags/example_bash_operator.py
[2025-03-12T14:14:01.225+0000] {logging_mixin.py:190} INFO - [2025-03-12T14:14:01.224+0000] {override.py:1912} INFO - Created Permission View: can read on DAG:example_bash_operator
[2025-03-12T14:14:01.236+0000] {logging_mixin.py:190} INFO - [2025-03-12T14:14:01.235+0000] {override.py:1912} INFO - Created Permission View: can edit on DAG:example_bash_operator
[2025-03-12T14:14:01.242+0000] {logging_mixin.py:190} INFO - [2025-03-12T14:14:01.242+0000] {override.py:1912} INFO - Created Permission View: can delete on DAG:example_bash_operator
[2025-03-12T14:14:01.249+0000] {logging_mixin.py:190} INFO - [2025-03-12T14:14:01.249+0000] {override.py:1912} INFO - Created Permission View: can create on DAG Run:example_bash_operator
[2025-03-12T14:14:01.255+0000] {logging_mixin.py:190} INFO - [2025-03-12T14:14:01.255+0000] {override.py:1912} INFO - Created Permission View: can read on DAG Run:example_bash_operator
[2025-03-12T14:14:01.261+0000] {logging_mixin.py:190} INFO - [2025-03-12T14:14:01.260+0000] {override.py:1912} INFO - Created Permission View: menu access on DAG Run:example_bash_operator
[2025-03-12T14:14:01.267+0000] {logging_mixin.py:190} INFO - [2025-03-12T14:14:01.266+0000] {override.py:1912} INFO - Created Permission View: can delete on DAG Run:example_bash_operator
[2025-03-12T14:14:01.267+0000] {logging_mixin.py:190} INFO - [2025-03-12T14:14:01.267+0000] {dag.py:3239} INFO - Sync 1 DAGs
[2025-03-12T14:14:01.280+0000] {logging_mixin.py:190} INFO - [2025-03-12T14:14:01.280+0000] {dag.py:3262} INFO - Creating ORM DAG for example_bash_operator
[2025-03-12T14:14:01.290+0000] {logging_mixin.py:190} INFO - [2025-03-12T14:14:01.290+0000] {dag.py:4180} INFO - Setting next_dagrun for example_bash_operator to 2025-03-11 00:00:00+00:00, run_after=2025-03-12 00:00:00+00:00
[2025-03-12T14:14:01.311+0000] {processor.py:208} INFO - Processing /home/airflow/.local/lib/python3.12/site-packages/airflow/example_dags/example_bash_operator.py took 0.241 seconds
[2025-03-12T14:14:33.215+0000] {processor.py:186} INFO - Started process (PID=540) to work on /home/airflow/.local/lib/python3.12/site-packages/airflow/example_dags/example_bash_operator.py
[2025-03-12T14:14:33.216+0000] {processor.py:914} INFO - Processing file /home/airflow/.local/lib/python3.12/site-packages/airflow/example_dags/example_bash_operator.py for tasks to queue
[2025-03-12T14:14:33.217+0000] {logging_mixin.py:190} INFO - [2025-03-12T14:14:33.217+0000] {dagbag.py:588} INFO - Filling up the DagBag from /home/airflow/.local/lib/python3.12/site-packages/airflow/example_dags/example_bash_operator.py
[2025-03-12T14:14:33.227+0000] {processor.py:925} INFO - DAG(s) 'example_bash_operator' retrieved from /home/airflow/.local/lib/python3.12/site-packages/airflow/example_dags/example_bash_operator.py
[2025-03-12T14:14:33.248+0000] {logging_mixin.py:190} INFO - [2025-03-12T14:14:33.248+0000] {dag.py:3239} INFO - Sync 1 DAGs
[2025-03-12T14:14:33.267+0000] {logging_mixin.py:190} INFO - [2025-03-12T14:14:33.267+0000] {dag.py:4180} INFO - Setting next_dagrun for example_bash_operator to 2025-03-11 00:00:00+00:00, run_after=2025-03-12 00:00:00+00:00
[2025-03-12T14:14:33.283+0000] {processor.py:208} INFO - Processing /home/airflow/.local/lib/python3.12/site-packages/airflow/example_dags/example_bash_operator.py took 0.073 seconds
[2025-03-12T14:15:07.075+0000] {processor.py:186} INFO - Started process (PID=846) to work on /home/airflow/.local/lib/python3.12/site-packages/airflow/example_dags/example_bash_operator.py
[2025-03-12T14:15:07.076+0000] {processor.py:914} INFO - Processing file /home/airflow/.local/lib/python3.12/site-packages/airflow/example_dags/example_bash_operator.py for tasks to queue
[2025-03-12T14:15:07.078+0000] {logging_mixin.py:190} INFO - [2025-03-12T14:15:07.077+0000] {dagbag.py:588} INFO - Filling up the DagBag from /home/airflow/.local/lib/python3.12/site-packages/airflow/example_dags/example_bash_operator.py
[2025-03-12T14:15:07.098+0000] {processor.py:925} INFO - DAG(s) 'example_bash_operator' retrieved from /home/airflow/.local/lib/python3.12/site-packages/airflow/example_dags/example_bash_operator.py
[2025-03-12T14:15:07.126+0000] {logging_mixin.py:190} INFO - [2025-03-12T14:15:07.126+0000] {dag.py:3239} INFO - Sync 1 DAGs
[2025-03-12T14:15:07.149+0000] {logging_mixin.py:190} INFO - [2025-03-12T14:15:07.149+0000] {dag.py:4180} INFO - Setting next_dagrun for example_bash_operator to 2025-03-11 00:00:00+00:00, run_after=2025-03-12 00:00:00+00:00
[2025-03-12T14:15:07.167+0000] {processor.py:208} INFO - Processing /home/airflow/.local/lib/python3.12/site-packages/airflow/example_dags/example_bash_operator.py took 0.096 seconds
[2025-03-12T14:15:40.880+0000] {processor.py:186} INFO - Started process (PID=1152) to work on /home/airflow/.local/lib/python3.12/site-packages/airflow/example_dags/example_bash_operator.py
[2025-03-12T14:15:40.881+0000] {processor.py:914} INFO - Processing file /home/airflow/.local/lib/python3.12/site-packages/airflow/example_dags/example_bash_operator.py for tasks to queue
[2025-03-12T14:15:40.883+0000] {logging_mixin.py:190} INFO - [2025-03-12T14:15:40.883+0000] {dagbag.py:588} INFO - Filling up the DagBag from /home/airflow/.local/lib/python3.12/site-packages/airflow/example_dags/example_bash_operator.py
[2025-03-12T14:15:40.893+0000] {processor.py:925} INFO - DAG(s) 'example_bash_operator' retrieved from /home/airflow/.local/lib/python3.12/site-packages/airflow/example_dags/example_bash_operator.py
[2025-03-12T14:15:40.915+0000] {logging_mixin.py:190} INFO - [2025-03-12T14:15:40.915+0000] {dag.py:3239} INFO - Sync 1 DAGs
[2025-03-12T14:15:40.934+0000] {logging_mixin.py:190} INFO - [2025-03-12T14:15:40.934+0000] {dag.py:4180} INFO - Setting next_dagrun for example_bash_operator to 2025-03-11 00:00:00+00:00, run_after=2025-03-12 00:00:00+00:00
[2025-03-12T14:15:40.951+0000] {processor.py:208} INFO - Processing /home/airflow/.local/lib/python3.12/site-packages/airflow/example_dags/example_bash_operator.py took 0.075 seconds
[2025-03-12T14:16:13.881+0000] {processor.py:186} INFO - Started process (PID=1456) to work on /home/airflow/.local/lib/python3.12/site-packages/airflow/example_dags/example_bash_operator.py
[2025-03-12T14:16:13.882+0000] {processor.py:914} INFO - Processing file /home/airflow/.local/lib/python3.12/site-packages/airflow/example_dags/example_bash_operator.py for tasks to queue
[2025-03-12T14:16:13.884+0000] {logging_mixin.py:190} INFO - [2025-03-12T14:16:13.884+0000] {dagbag.py:588} INFO - Filling up the DagBag from /home/airflow/.local/lib/python3.12/site-packages/airflow/example_dags/example_bash_operator.py
[2025-03-12T14:16:13.894+0000] {processor.py:925} INFO - DAG(s) 'example_bash_operator' retrieved from /home/airflow/.local/lib/python3.12/site-packages/airflow/example_dags/example_bash_operator.py
[2025-03-12T14:16:13.914+0000] {logging_mixin.py:190} INFO - [2025-03-12T14:16:13.913+0000] {dag.py:3239} INFO - Sync 1 DAGs
[2025-03-12T14:16:13.929+0000] {logging_mixin.py:190} INFO - [2025-03-12T14:16:13.929+0000] {dag.py:4180} INFO - Setting next_dagrun for example_bash_operator to 2025-03-11 00:00:00+00:00, run_after=2025-03-12 00:00:00+00:00
[2025-03-12T14:16:13.945+0000] {processor.py:208} INFO - Processing /home/airflow/.local/lib/python3.12/site-packages/airflow/example_dags/example_bash_operator.py took 0.068 seconds
[2025-03-12T14:16:47.531+0000] {processor.py:186} INFO - Started process (PID=1765) to work on /home/airflow/.local/lib/python3.12/site-packages/airflow/example_dags/example_bash_operator.py
[2025-03-12T14:16:47.532+0000] {processor.py:914} INFO - Processing file /home/airflow/.local/lib/python3.12/site-packages/airflow/example_dags/example_bash_operator.py for tasks to queue
[2025-03-12T14:16:47.534+0000] {logging_mixin.py:190} INFO - [2025-03-12T14:16:47.533+0000] {dagbag.py:588} INFO - Filling up the DagBag from /home/airflow/.local/lib/python3.12/site-packages/airflow/example_dags/example_bash_operator.py
[2025-03-12T14:16:47.545+0000] {processor.py:925} INFO - DAG(s) 'example_bash_operator' retrieved from /home/airflow/.local/lib/python3.12/site-packages/airflow/example_dags/example_bash_operator.py
[2025-03-12T14:16:47.571+0000] {logging_mixin.py:190} INFO - [2025-03-12T14:16:47.571+0000] {dag.py:3239} INFO - Sync 1 DAGs
[2025-03-12T14:16:47.594+0000] {logging_mixin.py:190} INFO - [2025-03-12T14:16:47.594+0000] {dag.py:4180} INFO - Setting next_dagrun for example_bash_operator to 2025-03-11 00:00:00+00:00, run_after=2025-03-12 00:00:00+00:00
[2025-03-12T14:16:47.614+0000] {processor.py:208} INFO - Processing /home/airflow/.local/lib/python3.12/site-packages/airflow/example_dags/example_bash_operator.py took 0.088 seconds
[2025-03-12T14:17:20.508+0000] {processor.py:186} INFO - Started process (PID=2069) to work on /home/airflow/.local/lib/python3.12/site-packages/airflow/example_dags/example_bash_operator.py
[2025-03-12T14:17:20.508+0000] {processor.py:914} INFO - Processing file /home/airflow/.local/lib/python3.12/site-packages/airflow/example_dags/example_bash_operator.py for tasks to queue
[2025-03-12T14:17:20.510+0000] {logging_mixin.py:190} INFO - [2025-03-12T14:17:20.510+0000] {dagbag.py:588} INFO - Filling up the DagBag from /home/airflow/.local/lib/python3.12/site-packages/airflow/example_dags/example_bash_operator.py
[2025-03-12T14:17:20.520+0000] {processor.py:925} INFO - DAG(s) 'example_bash_operator' retrieved from /home/airflow/.local/lib/python3.12/site-packages/airflow/example_dags/example_bash_operator.py
[2025-03-12T14:17:20.540+0000] {logging_mixin.py:190} INFO - [2025-03-12T14:17:20.540+0000] {dag.py:3239} INFO - Sync 1 DAGs
[2025-03-12T14:17:20.557+0000] {logging_mixin.py:190} INFO - [2025-03-12T14:17:20.556+0000] {dag.py:4180} INFO - Setting next_dagrun for example_bash_operator to 2025-03-11 00:00:00+00:00, run_after=2025-03-12 00:00:00+00:00
[2025-03-12T14:17:20.572+0000] {processor.py:208} INFO - Processing /home/airflow/.local/lib/python3.12/site-packages/airflow/example_dags/example_bash_operator.py took 0.069 seconds
[2025-03-12T14:17:53.917+0000] {processor.py:186} INFO - Started process (PID=2375) to work on /home/airflow/.local/lib/python3.12/site-packages/airflow/example_dags/example_bash_operator.py
[2025-03-12T14:17:53.918+0000] {processor.py:914} INFO - Processing file /home/airflow/.local/lib/python3.12/site-packages/airflow/example_dags/example_bash_operator.py for tasks to queue
[2025-03-12T14:17:53.921+0000] {logging_mixin.py:190} INFO - [2025-03-12T14:17:53.920+0000] {dagbag.py:588} INFO - Filling up the DagBag from /home/airflow/.local/lib/python3.12/site-packages/airflow/example_dags/example_bash_operator.py
[2025-03-12T14:17:53.931+0000] {processor.py:925} INFO - DAG(s) 'example_bash_operator' retrieved from /home/airflow/.local/lib/python3.12/site-packages/airflow/example_dags/example_bash_operator.py
[2025-03-12T14:17:53.954+0000] {logging_mixin.py:190} INFO - [2025-03-12T14:17:53.953+0000] {dag.py:3239} INFO - Sync 1 DAGs
[2025-03-12T14:17:53.974+0000] {logging_mixin.py:190} INFO - [2025-03-12T14:17:53.974+0000] {dag.py:4180} INFO - Setting next_dagrun for example_bash_operator to 2025-03-11 00:00:00+00:00, run_after=2025-03-12 00:00:00+00:00
[2025-03-12T14:17:53.991+0000] {processor.py:208} INFO - Processing /home/airflow/.local/lib/python3.12/site-packages/airflow/example_dags/example_bash_operator.py took 0.079 seconds
[2025-03-12T14:18:27.326+0000] {processor.py:186} INFO - Started process (PID=2683) to work on /home/airflow/.local/lib/python3.12/site-packages/airflow/example_dags/example_bash_operator.py
[2025-03-12T14:18:27.327+0000] {processor.py:914} INFO - Processing file /home/airflow/.local/lib/python3.12/site-packages/airflow/example_dags/example_bash_operator.py for tasks to queue
[2025-03-12T14:18:27.330+0000] {logging_mixin.py:190} INFO - [2025-03-12T14:18:27.329+0000] {dagbag.py:588} INFO - Filling up the DagBag from /home/airflow/.local/lib/python3.12/site-packages/airflow/example_dags/example_bash_operator.py
[2025-03-12T14:18:27.342+0000] {processor.py:925} INFO - DAG(s) 'example_bash_operator' retrieved from /home/airflow/.local/lib/python3.12/site-packages/airflow/example_dags/example_bash_operator.py
[2025-03-12T14:18:27.366+0000] {logging_mixin.py:190} INFO - [2025-03-12T14:18:27.366+0000] {dag.py:3239} INFO - Sync 1 DAGs
[2025-03-12T14:18:27.386+0000] {logging_mixin.py:190} INFO - [2025-03-12T14:18:27.385+0000] {dag.py:4180} INFO - Setting next_dagrun for example_bash_operator to 2025-03-11 00:00:00+00:00, run_after=2025-03-12 00:00:00+00:00
[2025-03-12T14:18:27.401+0000] {processor.py:208} INFO - Processing /home/airflow/.local/lib/python3.12/site-packages/airflow/example_dags/example_bash_operator.py took 0.079 seconds
[2025-03-12T14:19:00.003+0000] {processor.py:186} INFO - Started process (PID=2987) to work on /home/airflow/.local/lib/python3.12/site-packages/airflow/example_dags/example_bash_operator.py
[2025-03-12T14:19:00.004+0000] {processor.py:914} INFO - Processing file /home/airflow/.local/lib/python3.12/site-packages/airflow/example_dags/example_bash_operator.py for tasks to queue
[2025-03-12T14:19:00.006+0000] {logging_mixin.py:190} INFO - [2025-03-12T14:19:00.005+0000] {dagbag.py:588} INFO - Filling up the DagBag from /home/airflow/.local/lib/python3.12/site-packages/airflow/example_dags/example_bash_operator.py
[2025-03-12T14:19:00.017+0000] {processor.py:925} INFO - DAG(s) 'example_bash_operator' retrieved from /home/airflow/.local/lib/python3.12/site-packages/airflow/example_dags/example_bash_operator.py
[2025-03-12T14:19:00.036+0000] {logging_mixin.py:190} INFO - [2025-03-12T14:19:00.035+0000] {dag.py:3239} INFO - Sync 1 DAGs
[2025-03-12T14:19:00.052+0000] {logging_mixin.py:190} INFO - [2025-03-12T14:19:00.052+0000] {dag.py:4180} INFO - Setting next_dagrun for example_bash_operator to 2025-03-11 00:00:00+00:00, run_after=2025-03-12 00:00:00+00:00
[2025-03-12T14:19:00.067+0000] {processor.py:208} INFO - Processing /home/airflow/.local/lib/python3.12/site-packages/airflow/example_dags/example_bash_operator.py took 0.068 seconds
[2025-03-12T14:19:34.089+0000] {processor.py:186} INFO - Started process (PID=3293) to work on /home/airflow/.local/lib/python3.12/site-packages/airflow/example_dags/example_bash_operator.py
[2025-03-12T14:19:34.090+0000] {processor.py:914} INFO - Processing file /home/airflow/.local/lib/python3.12/site-packages/airflow/example_dags/example_bash_operator.py for tasks to queue
[2025-03-12T14:19:34.092+0000] {logging_mixin.py:190} INFO - [2025-03-12T14:19:34.091+0000] {dagbag.py:588} INFO - Filling up the DagBag from /home/airflow/.local/lib/python3.12/site-packages/airflow/example_dags/example_bash_operator.py
[2025-03-12T14:19:34.104+0000] {processor.py:925} INFO - DAG(s) 'example_bash_operator' retrieved from /home/airflow/.local/lib/python3.12/site-packages/airflow/example_dags/example_bash_operator.py
[2025-03-12T14:19:34.133+0000] {logging_mixin.py:190} INFO - [2025-03-12T14:19:34.133+0000] {dag.py:3239} INFO - Sync 1 DAGs
[2025-03-12T14:19:34.156+0000] {logging_mixin.py:190} INFO - [2025-03-12T14:19:34.156+0000] {dag.py:4180} INFO - Setting next_dagrun for example_bash_operator to 2025-03-11 00:00:00+00:00, run_after=2025-03-12 00:00:00+00:00
[2025-03-12T14:19:34.177+0000] {processor.py:208} INFO - Processing /home/airflow/.local/lib/python3.12/site-packages/airflow/example_dags/example_bash_operator.py took 0.092 seconds
