[2025-03-12T13:45:00.831+0000] {processor.py:186} INFO - Started process (PID=332) to work on /home/airflow/.local/lib/python3.12/site-packages/airflow/example_dags/example_latest_only_with_trigger.py
[2025-03-12T13:45:00.832+0000] {processor.py:914} INFO - Processing file /home/airflow/.local/lib/python3.12/site-packages/airflow/example_dags/example_latest_only_with_trigger.py for tasks to queue
[2025-03-12T13:45:00.836+0000] {logging_mixin.py:190} INFO - [2025-03-12T13:45:00.835+0000] {dagbag.py:588} INFO - Filling up the DagBag from /home/airflow/.local/lib/python3.12/site-packages/airflow/example_dags/example_latest_only_with_trigger.py
[2025-03-12T13:45:00.855+0000] {processor.py:925} INFO - DAG(s) 'latest_only_with_trigger' retrieved from /home/airflow/.local/lib/python3.12/site-packages/airflow/example_dags/example_latest_only_with_trigger.py
[2025-03-12T13:45:01.015+0000] {logging_mixin.py:190} INFO - [2025-03-12T13:45:01.014+0000] {override.py:1912} INFO - Created Permission View: can edit on DAG:latest_only_with_trigger
[2025-03-12T13:45:01.036+0000] {logging_mixin.py:190} INFO - [2025-03-12T13:45:01.035+0000] {override.py:1912} INFO - Created Permission View: can delete on DAG:latest_only_with_trigger
[2025-03-12T13:45:01.048+0000] {logging_mixin.py:190} INFO - [2025-03-12T13:45:01.047+0000] {override.py:1912} INFO - Created Permission View: can read on DAG:latest_only_with_trigger
[2025-03-12T13:45:01.062+0000] {logging_mixin.py:190} INFO - [2025-03-12T13:45:01.062+0000] {override.py:1912} INFO - Created Permission View: can delete on DAG Run:latest_only_with_trigger
[2025-03-12T13:45:01.076+0000] {logging_mixin.py:190} INFO - [2025-03-12T13:45:01.075+0000] {override.py:1912} INFO - Created Permission View: menu access on DAG Run:latest_only_with_trigger
[2025-03-12T13:45:01.093+0000] {logging_mixin.py:190} INFO - [2025-03-12T13:45:01.092+0000] {override.py:1912} INFO - Created Permission View: can create on DAG Run:latest_only_with_trigger
[2025-03-12T13:45:01.117+0000] {logging_mixin.py:190} INFO - [2025-03-12T13:45:01.117+0000] {override.py:1912} INFO - Created Permission View: can read on DAG Run:latest_only_with_trigger
[2025-03-12T13:45:01.118+0000] {logging_mixin.py:190} INFO - [2025-03-12T13:45:01.118+0000] {dag.py:3239} INFO - Sync 1 DAGs
[2025-03-12T13:45:01.146+0000] {logging_mixin.py:190} INFO - [2025-03-12T13:45:01.146+0000] {dag.py:3262} INFO - Creating ORM DAG for latest_only_with_trigger
[2025-03-12T13:45:01.162+0000] {logging_mixin.py:190} INFO - [2025-03-12T13:45:01.161+0000] {dag.py:4180} INFO - Setting next_dagrun for latest_only_with_trigger to 2025-03-12 08:00:00+00:00, run_after=2025-03-12 12:00:00+00:00
[2025-03-12T13:45:01.197+0000] {processor.py:208} INFO - Processing /home/airflow/.local/lib/python3.12/site-packages/airflow/example_dags/example_latest_only_with_trigger.py took 0.375 seconds
[2025-03-12T13:45:32.053+0000] {processor.py:186} INFO - Started process (PID=638) to work on /home/airflow/.local/lib/python3.12/site-packages/airflow/example_dags/example_latest_only_with_trigger.py
[2025-03-12T13:45:32.054+0000] {processor.py:914} INFO - Processing file /home/airflow/.local/lib/python3.12/site-packages/airflow/example_dags/example_latest_only_with_trigger.py for tasks to queue
[2025-03-12T13:45:32.056+0000] {logging_mixin.py:190} INFO - [2025-03-12T13:45:32.055+0000] {dagbag.py:588} INFO - Filling up the DagBag from /home/airflow/.local/lib/python3.12/site-packages/airflow/example_dags/example_latest_only_with_trigger.py
[2025-03-12T13:45:32.063+0000] {processor.py:925} INFO - DAG(s) 'latest_only_with_trigger' retrieved from /home/airflow/.local/lib/python3.12/site-packages/airflow/example_dags/example_latest_only_with_trigger.py
[2025-03-12T13:45:32.080+0000] {logging_mixin.py:190} INFO - [2025-03-12T13:45:32.080+0000] {dag.py:3239} INFO - Sync 1 DAGs
[2025-03-12T13:45:32.097+0000] {logging_mixin.py:190} INFO - [2025-03-12T13:45:32.097+0000] {dag.py:4180} INFO - Setting next_dagrun for latest_only_with_trigger to 2025-03-12 08:00:00+00:00, run_after=2025-03-12 12:00:00+00:00
[2025-03-12T13:45:32.113+0000] {processor.py:208} INFO - Processing /home/airflow/.local/lib/python3.12/site-packages/airflow/example_dags/example_latest_only_with_trigger.py took 0.065 seconds
[2025-03-12T13:46:02.378+0000] {processor.py:186} INFO - Started process (PID=935) to work on /home/airflow/.local/lib/python3.12/site-packages/airflow/example_dags/example_latest_only_with_trigger.py
[2025-03-12T13:46:02.380+0000] {processor.py:914} INFO - Processing file /home/airflow/.local/lib/python3.12/site-packages/airflow/example_dags/example_latest_only_with_trigger.py for tasks to queue
[2025-03-12T13:46:02.381+0000] {logging_mixin.py:190} INFO - [2025-03-12T13:46:02.381+0000] {dagbag.py:588} INFO - Filling up the DagBag from /home/airflow/.local/lib/python3.12/site-packages/airflow/example_dags/example_latest_only_with_trigger.py
[2025-03-12T13:46:02.387+0000] {processor.py:925} INFO - DAG(s) 'latest_only_with_trigger' retrieved from /home/airflow/.local/lib/python3.12/site-packages/airflow/example_dags/example_latest_only_with_trigger.py
[2025-03-12T13:46:02.403+0000] {logging_mixin.py:190} INFO - [2025-03-12T13:46:02.403+0000] {dag.py:3239} INFO - Sync 1 DAGs
[2025-03-12T13:46:02.420+0000] {logging_mixin.py:190} INFO - [2025-03-12T13:46:02.419+0000] {dag.py:4180} INFO - Setting next_dagrun for latest_only_with_trigger to 2025-03-12 08:00:00+00:00, run_after=2025-03-12 12:00:00+00:00
[2025-03-12T13:46:02.438+0000] {processor.py:208} INFO - Processing /home/airflow/.local/lib/python3.12/site-packages/airflow/example_dags/example_latest_only_with_trigger.py took 0.065 seconds
[2025-03-12T13:47:03.323+0000] {processor.py:186} INFO - Started process (PID=319) to work on /home/airflow/.local/lib/python3.12/site-packages/airflow/example_dags/example_latest_only_with_trigger.py
[2025-03-12T13:47:03.324+0000] {processor.py:914} INFO - Processing file /home/airflow/.local/lib/python3.12/site-packages/airflow/example_dags/example_latest_only_with_trigger.py for tasks to queue
[2025-03-12T13:47:03.327+0000] {logging_mixin.py:190} INFO - [2025-03-12T13:47:03.327+0000] {dagbag.py:588} INFO - Filling up the DagBag from /home/airflow/.local/lib/python3.12/site-packages/airflow/example_dags/example_latest_only_with_trigger.py
[2025-03-12T13:47:03.337+0000] {processor.py:925} INFO - DAG(s) 'latest_only_with_trigger' retrieved from /home/airflow/.local/lib/python3.12/site-packages/airflow/example_dags/example_latest_only_with_trigger.py
[2025-03-12T13:47:03.375+0000] {logging_mixin.py:190} INFO - [2025-03-12T13:47:03.375+0000] {dag.py:3239} INFO - Sync 1 DAGs
[2025-03-12T13:47:03.403+0000] {logging_mixin.py:190} INFO - [2025-03-12T13:47:03.403+0000] {dag.py:4180} INFO - Setting next_dagrun for latest_only_with_trigger to 2025-03-12 08:00:00+00:00, run_after=2025-03-12 12:00:00+00:00
[2025-03-12T13:47:03.425+0000] {processor.py:208} INFO - Processing /home/airflow/.local/lib/python3.12/site-packages/airflow/example_dags/example_latest_only_with_trigger.py took 0.108 seconds
[2025-03-12T13:47:34.253+0000] {processor.py:186} INFO - Started process (PID=619) to work on /home/airflow/.local/lib/python3.12/site-packages/airflow/example_dags/example_latest_only_with_trigger.py
[2025-03-12T13:47:34.253+0000] {processor.py:914} INFO - Processing file /home/airflow/.local/lib/python3.12/site-packages/airflow/example_dags/example_latest_only_with_trigger.py for tasks to queue
[2025-03-12T13:47:34.255+0000] {logging_mixin.py:190} INFO - [2025-03-12T13:47:34.255+0000] {dagbag.py:588} INFO - Filling up the DagBag from /home/airflow/.local/lib/python3.12/site-packages/airflow/example_dags/example_latest_only_with_trigger.py
[2025-03-12T13:47:34.261+0000] {processor.py:925} INFO - DAG(s) 'latest_only_with_trigger' retrieved from /home/airflow/.local/lib/python3.12/site-packages/airflow/example_dags/example_latest_only_with_trigger.py
[2025-03-12T13:47:34.280+0000] {logging_mixin.py:190} INFO - [2025-03-12T13:47:34.280+0000] {dag.py:3239} INFO - Sync 1 DAGs
[2025-03-12T13:47:34.302+0000] {logging_mixin.py:190} INFO - [2025-03-12T13:47:34.301+0000] {dag.py:4180} INFO - Setting next_dagrun for latest_only_with_trigger to 2025-03-12 08:00:00+00:00, run_after=2025-03-12 12:00:00+00:00
[2025-03-12T13:47:34.319+0000] {processor.py:208} INFO - Processing /home/airflow/.local/lib/python3.12/site-packages/airflow/example_dags/example_latest_only_with_trigger.py took 0.071 seconds
[2025-03-12T13:48:04.991+0000] {processor.py:186} INFO - Started process (PID=920) to work on /home/airflow/.local/lib/python3.12/site-packages/airflow/example_dags/example_latest_only_with_trigger.py
[2025-03-12T13:48:04.992+0000] {processor.py:914} INFO - Processing file /home/airflow/.local/lib/python3.12/site-packages/airflow/example_dags/example_latest_only_with_trigger.py for tasks to queue
[2025-03-12T13:48:04.995+0000] {logging_mixin.py:190} INFO - [2025-03-12T13:48:04.994+0000] {dagbag.py:588} INFO - Filling up the DagBag from /home/airflow/.local/lib/python3.12/site-packages/airflow/example_dags/example_latest_only_with_trigger.py
[2025-03-12T13:48:05.003+0000] {processor.py:925} INFO - DAG(s) 'latest_only_with_trigger' retrieved from /home/airflow/.local/lib/python3.12/site-packages/airflow/example_dags/example_latest_only_with_trigger.py
[2025-03-12T13:48:05.025+0000] {logging_mixin.py:190} INFO - [2025-03-12T13:48:05.024+0000] {dag.py:3239} INFO - Sync 1 DAGs
[2025-03-12T13:48:05.050+0000] {logging_mixin.py:190} INFO - [2025-03-12T13:48:05.050+0000] {dag.py:4180} INFO - Setting next_dagrun for latest_only_with_trigger to 2025-03-12 08:00:00+00:00, run_after=2025-03-12 12:00:00+00:00
[2025-03-12T13:48:05.072+0000] {processor.py:208} INFO - Processing /home/airflow/.local/lib/python3.12/site-packages/airflow/example_dags/example_latest_only_with_trigger.py took 0.087 seconds
[2025-03-12T13:48:35.210+0000] {processor.py:186} INFO - Started process (PID=1226) to work on /home/airflow/.local/lib/python3.12/site-packages/airflow/example_dags/example_latest_only_with_trigger.py
[2025-03-12T13:48:35.211+0000] {processor.py:914} INFO - Processing file /home/airflow/.local/lib/python3.12/site-packages/airflow/example_dags/example_latest_only_with_trigger.py for tasks to queue
[2025-03-12T13:48:35.213+0000] {logging_mixin.py:190} INFO - [2025-03-12T13:48:35.213+0000] {dagbag.py:588} INFO - Filling up the DagBag from /home/airflow/.local/lib/python3.12/site-packages/airflow/example_dags/example_latest_only_with_trigger.py
[2025-03-12T13:48:35.222+0000] {processor.py:925} INFO - DAG(s) 'latest_only_with_trigger' retrieved from /home/airflow/.local/lib/python3.12/site-packages/airflow/example_dags/example_latest_only_with_trigger.py
[2025-03-12T13:48:35.241+0000] {logging_mixin.py:190} INFO - [2025-03-12T13:48:35.241+0000] {dag.py:3239} INFO - Sync 1 DAGs
[2025-03-12T13:48:35.262+0000] {logging_mixin.py:190} INFO - [2025-03-12T13:48:35.262+0000] {dag.py:4180} INFO - Setting next_dagrun for latest_only_with_trigger to 2025-03-12 08:00:00+00:00, run_after=2025-03-12 12:00:00+00:00
[2025-03-12T13:48:35.280+0000] {processor.py:208} INFO - Processing /home/airflow/.local/lib/python3.12/site-packages/airflow/example_dags/example_latest_only_with_trigger.py took 0.074 seconds
[2025-03-12T13:49:05.880+0000] {processor.py:186} INFO - Started process (PID=1530) to work on /home/airflow/.local/lib/python3.12/site-packages/airflow/example_dags/example_latest_only_with_trigger.py
[2025-03-12T13:49:05.880+0000] {processor.py:914} INFO - Processing file /home/airflow/.local/lib/python3.12/site-packages/airflow/example_dags/example_latest_only_with_trigger.py for tasks to queue
[2025-03-12T13:49:05.882+0000] {logging_mixin.py:190} INFO - [2025-03-12T13:49:05.882+0000] {dagbag.py:588} INFO - Filling up the DagBag from /home/airflow/.local/lib/python3.12/site-packages/airflow/example_dags/example_latest_only_with_trigger.py
[2025-03-12T13:49:05.888+0000] {processor.py:925} INFO - DAG(s) 'latest_only_with_trigger' retrieved from /home/airflow/.local/lib/python3.12/site-packages/airflow/example_dags/example_latest_only_with_trigger.py
[2025-03-12T13:49:05.905+0000] {logging_mixin.py:190} INFO - [2025-03-12T13:49:05.905+0000] {dag.py:3239} INFO - Sync 1 DAGs
[2025-03-12T13:49:05.924+0000] {logging_mixin.py:190} INFO - [2025-03-12T13:49:05.924+0000] {dag.py:4180} INFO - Setting next_dagrun for latest_only_with_trigger to 2025-03-12 08:00:00+00:00, run_after=2025-03-12 12:00:00+00:00
[2025-03-12T13:49:05.939+0000] {processor.py:208} INFO - Processing /home/airflow/.local/lib/python3.12/site-packages/airflow/example_dags/example_latest_only_with_trigger.py took 0.064 seconds
[2025-03-12T13:49:36.544+0000] {processor.py:186} INFO - Started process (PID=1834) to work on /home/airflow/.local/lib/python3.12/site-packages/airflow/example_dags/example_latest_only_with_trigger.py
[2025-03-12T13:49:36.546+0000] {processor.py:914} INFO - Processing file /home/airflow/.local/lib/python3.12/site-packages/airflow/example_dags/example_latest_only_with_trigger.py for tasks to queue
[2025-03-12T13:49:36.548+0000] {logging_mixin.py:190} INFO - [2025-03-12T13:49:36.548+0000] {dagbag.py:588} INFO - Filling up the DagBag from /home/airflow/.local/lib/python3.12/site-packages/airflow/example_dags/example_latest_only_with_trigger.py
[2025-03-12T13:49:36.557+0000] {processor.py:925} INFO - DAG(s) 'latest_only_with_trigger' retrieved from /home/airflow/.local/lib/python3.12/site-packages/airflow/example_dags/example_latest_only_with_trigger.py
[2025-03-12T13:49:36.577+0000] {logging_mixin.py:190} INFO - [2025-03-12T13:49:36.577+0000] {dag.py:3239} INFO - Sync 1 DAGs
[2025-03-12T13:49:36.606+0000] {logging_mixin.py:190} INFO - [2025-03-12T13:49:36.606+0000] {dag.py:4180} INFO - Setting next_dagrun for latest_only_with_trigger to 2025-03-12 08:00:00+00:00, run_after=2025-03-12 12:00:00+00:00
[2025-03-12T13:49:36.629+0000] {processor.py:208} INFO - Processing /home/airflow/.local/lib/python3.12/site-packages/airflow/example_dags/example_latest_only_with_trigger.py took 0.091 seconds
[2025-03-12T13:50:07.579+0000] {processor.py:186} INFO - Started process (PID=2140) to work on /home/airflow/.local/lib/python3.12/site-packages/airflow/example_dags/example_latest_only_with_trigger.py
[2025-03-12T13:50:07.579+0000] {processor.py:914} INFO - Processing file /home/airflow/.local/lib/python3.12/site-packages/airflow/example_dags/example_latest_only_with_trigger.py for tasks to queue
[2025-03-12T13:50:07.581+0000] {logging_mixin.py:190} INFO - [2025-03-12T13:50:07.581+0000] {dagbag.py:588} INFO - Filling up the DagBag from /home/airflow/.local/lib/python3.12/site-packages/airflow/example_dags/example_latest_only_with_trigger.py
[2025-03-12T13:50:07.586+0000] {processor.py:925} INFO - DAG(s) 'latest_only_with_trigger' retrieved from /home/airflow/.local/lib/python3.12/site-packages/airflow/example_dags/example_latest_only_with_trigger.py
[2025-03-12T13:50:07.603+0000] {logging_mixin.py:190} INFO - [2025-03-12T13:50:07.602+0000] {dag.py:3239} INFO - Sync 1 DAGs
[2025-03-12T13:50:07.621+0000] {logging_mixin.py:190} INFO - [2025-03-12T13:50:07.621+0000] {dag.py:4180} INFO - Setting next_dagrun for latest_only_with_trigger to 2025-03-12 08:00:00+00:00, run_after=2025-03-12 12:00:00+00:00
[2025-03-12T13:50:07.635+0000] {processor.py:208} INFO - Processing /home/airflow/.local/lib/python3.12/site-packages/airflow/example_dags/example_latest_only_with_trigger.py took 0.061 seconds
[2025-03-12T13:50:42.237+0000] {processor.py:186} INFO - Started process (PID=2457) to work on /home/airflow/.local/lib/python3.12/site-packages/airflow/example_dags/example_latest_only_with_trigger.py
[2025-03-12T13:50:42.238+0000] {processor.py:914} INFO - Processing file /home/airflow/.local/lib/python3.12/site-packages/airflow/example_dags/example_latest_only_with_trigger.py for tasks to queue
[2025-03-12T13:50:42.240+0000] {logging_mixin.py:190} INFO - [2025-03-12T13:50:42.240+0000] {dagbag.py:588} INFO - Filling up the DagBag from /home/airflow/.local/lib/python3.12/site-packages/airflow/example_dags/example_latest_only_with_trigger.py
[2025-03-12T13:50:42.245+0000] {processor.py:925} INFO - DAG(s) 'latest_only_with_trigger' retrieved from /home/airflow/.local/lib/python3.12/site-packages/airflow/example_dags/example_latest_only_with_trigger.py
[2025-03-12T13:50:42.264+0000] {logging_mixin.py:190} INFO - [2025-03-12T13:50:42.264+0000] {dag.py:3239} INFO - Sync 1 DAGs
[2025-03-12T13:50:42.282+0000] {logging_mixin.py:190} INFO - [2025-03-12T13:50:42.282+0000] {dag.py:4180} INFO - Setting next_dagrun for latest_only_with_trigger to 2025-03-12 08:00:00+00:00, run_after=2025-03-12 12:00:00+00:00
[2025-03-12T13:50:42.294+0000] {processor.py:208} INFO - Processing /home/airflow/.local/lib/python3.12/site-packages/airflow/example_dags/example_latest_only_with_trigger.py took 0.062 seconds
[2025-03-12T13:51:14.837+0000] {processor.py:186} INFO - Started process (PID=2763) to work on /home/airflow/.local/lib/python3.12/site-packages/airflow/example_dags/example_latest_only_with_trigger.py
[2025-03-12T13:51:14.838+0000] {processor.py:914} INFO - Processing file /home/airflow/.local/lib/python3.12/site-packages/airflow/example_dags/example_latest_only_with_trigger.py for tasks to queue
[2025-03-12T13:51:14.840+0000] {logging_mixin.py:190} INFO - [2025-03-12T13:51:14.840+0000] {dagbag.py:588} INFO - Filling up the DagBag from /home/airflow/.local/lib/python3.12/site-packages/airflow/example_dags/example_latest_only_with_trigger.py
[2025-03-12T13:51:14.846+0000] {processor.py:925} INFO - DAG(s) 'latest_only_with_trigger' retrieved from /home/airflow/.local/lib/python3.12/site-packages/airflow/example_dags/example_latest_only_with_trigger.py
[2025-03-12T13:51:14.861+0000] {logging_mixin.py:190} INFO - [2025-03-12T13:51:14.861+0000] {dag.py:3239} INFO - Sync 1 DAGs
[2025-03-12T13:51:14.877+0000] {logging_mixin.py:190} INFO - [2025-03-12T13:51:14.877+0000] {dag.py:4180} INFO - Setting next_dagrun for latest_only_with_trigger to 2025-03-12 08:00:00+00:00, run_after=2025-03-12 12:00:00+00:00
[2025-03-12T13:51:14.891+0000] {processor.py:208} INFO - Processing /home/airflow/.local/lib/python3.12/site-packages/airflow/example_dags/example_latest_only_with_trigger.py took 0.058 seconds
[2025-03-12T13:51:47.887+0000] {processor.py:186} INFO - Started process (PID=3069) to work on /home/airflow/.local/lib/python3.12/site-packages/airflow/example_dags/example_latest_only_with_trigger.py
[2025-03-12T13:51:47.887+0000] {processor.py:914} INFO - Processing file /home/airflow/.local/lib/python3.12/site-packages/airflow/example_dags/example_latest_only_with_trigger.py for tasks to queue
[2025-03-12T13:51:47.889+0000] {logging_mixin.py:190} INFO - [2025-03-12T13:51:47.889+0000] {dagbag.py:588} INFO - Filling up the DagBag from /home/airflow/.local/lib/python3.12/site-packages/airflow/example_dags/example_latest_only_with_trigger.py
[2025-03-12T13:51:47.895+0000] {processor.py:925} INFO - DAG(s) 'latest_only_with_trigger' retrieved from /home/airflow/.local/lib/python3.12/site-packages/airflow/example_dags/example_latest_only_with_trigger.py
[2025-03-12T13:51:47.912+0000] {logging_mixin.py:190} INFO - [2025-03-12T13:51:47.912+0000] {dag.py:3239} INFO - Sync 1 DAGs
[2025-03-12T13:51:47.930+0000] {logging_mixin.py:190} INFO - [2025-03-12T13:51:47.930+0000] {dag.py:4180} INFO - Setting next_dagrun for latest_only_with_trigger to 2025-03-12 08:00:00+00:00, run_after=2025-03-12 12:00:00+00:00
[2025-03-12T13:51:47.946+0000] {processor.py:208} INFO - Processing /home/airflow/.local/lib/python3.12/site-packages/airflow/example_dags/example_latest_only_with_trigger.py took 0.064 seconds
[2025-03-12T13:52:21.743+0000] {processor.py:186} INFO - Started process (PID=3377) to work on /home/airflow/.local/lib/python3.12/site-packages/airflow/example_dags/example_latest_only_with_trigger.py
[2025-03-12T13:52:21.744+0000] {processor.py:914} INFO - Processing file /home/airflow/.local/lib/python3.12/site-packages/airflow/example_dags/example_latest_only_with_trigger.py for tasks to queue
[2025-03-12T13:52:21.746+0000] {logging_mixin.py:190} INFO - [2025-03-12T13:52:21.746+0000] {dagbag.py:588} INFO - Filling up the DagBag from /home/airflow/.local/lib/python3.12/site-packages/airflow/example_dags/example_latest_only_with_trigger.py
[2025-03-12T13:52:21.751+0000] {processor.py:925} INFO - DAG(s) 'latest_only_with_trigger' retrieved from /home/airflow/.local/lib/python3.12/site-packages/airflow/example_dags/example_latest_only_with_trigger.py
[2025-03-12T13:52:21.766+0000] {logging_mixin.py:190} INFO - [2025-03-12T13:52:21.766+0000] {dag.py:3239} INFO - Sync 1 DAGs
[2025-03-12T13:52:21.782+0000] {logging_mixin.py:190} INFO - [2025-03-12T13:52:21.782+0000] {dag.py:4180} INFO - Setting next_dagrun for latest_only_with_trigger to 2025-03-12 08:00:00+00:00, run_after=2025-03-12 12:00:00+00:00
[2025-03-12T13:52:21.798+0000] {processor.py:208} INFO - Processing /home/airflow/.local/lib/python3.12/site-packages/airflow/example_dags/example_latest_only_with_trigger.py took 0.059 seconds
[2025-03-12T13:52:57.040+0000] {processor.py:186} INFO - Started process (PID=3681) to work on /home/airflow/.local/lib/python3.12/site-packages/airflow/example_dags/example_latest_only_with_trigger.py
[2025-03-12T13:52:57.042+0000] {processor.py:914} INFO - Processing file /home/airflow/.local/lib/python3.12/site-packages/airflow/example_dags/example_latest_only_with_trigger.py for tasks to queue
[2025-03-12T13:52:57.046+0000] {logging_mixin.py:190} INFO - [2025-03-12T13:52:57.045+0000] {dagbag.py:588} INFO - Filling up the DagBag from /home/airflow/.local/lib/python3.12/site-packages/airflow/example_dags/example_latest_only_with_trigger.py
[2025-03-12T13:52:57.057+0000] {processor.py:925} INFO - DAG(s) 'latest_only_with_trigger' retrieved from /home/airflow/.local/lib/python3.12/site-packages/airflow/example_dags/example_latest_only_with_trigger.py
[2025-03-12T13:52:57.095+0000] {logging_mixin.py:190} INFO - [2025-03-12T13:52:57.094+0000] {dag.py:3239} INFO - Sync 1 DAGs
[2025-03-12T13:52:57.138+0000] {logging_mixin.py:190} INFO - [2025-03-12T13:52:57.138+0000] {dag.py:4180} INFO - Setting next_dagrun for latest_only_with_trigger to 2025-03-12 08:00:00+00:00, run_after=2025-03-12 12:00:00+00:00
[2025-03-12T13:52:57.188+0000] {processor.py:208} INFO - Processing /home/airflow/.local/lib/python3.12/site-packages/airflow/example_dags/example_latest_only_with_trigger.py took 0.158 seconds
[2025-03-12T13:53:29.090+0000] {processor.py:186} INFO - Started process (PID=3989) to work on /home/airflow/.local/lib/python3.12/site-packages/airflow/example_dags/example_latest_only_with_trigger.py
[2025-03-12T13:53:29.091+0000] {processor.py:914} INFO - Processing file /home/airflow/.local/lib/python3.12/site-packages/airflow/example_dags/example_latest_only_with_trigger.py for tasks to queue
[2025-03-12T13:53:29.093+0000] {logging_mixin.py:190} INFO - [2025-03-12T13:53:29.093+0000] {dagbag.py:588} INFO - Filling up the DagBag from /home/airflow/.local/lib/python3.12/site-packages/airflow/example_dags/example_latest_only_with_trigger.py
[2025-03-12T13:53:29.102+0000] {processor.py:925} INFO - DAG(s) 'latest_only_with_trigger' retrieved from /home/airflow/.local/lib/python3.12/site-packages/airflow/example_dags/example_latest_only_with_trigger.py
[2025-03-12T13:53:29.122+0000] {logging_mixin.py:190} INFO - [2025-03-12T13:53:29.122+0000] {dag.py:3239} INFO - Sync 1 DAGs
[2025-03-12T13:53:29.146+0000] {logging_mixin.py:190} INFO - [2025-03-12T13:53:29.146+0000] {dag.py:4180} INFO - Setting next_dagrun for latest_only_with_trigger to 2025-03-12 08:00:00+00:00, run_after=2025-03-12 12:00:00+00:00
[2025-03-12T13:53:29.165+0000] {processor.py:208} INFO - Processing /home/airflow/.local/lib/python3.12/site-packages/airflow/example_dags/example_latest_only_with_trigger.py took 0.081 seconds
[2025-03-12T13:54:01.616+0000] {processor.py:186} INFO - Started process (PID=4293) to work on /home/airflow/.local/lib/python3.12/site-packages/airflow/example_dags/example_latest_only_with_trigger.py
[2025-03-12T13:54:01.617+0000] {processor.py:914} INFO - Processing file /home/airflow/.local/lib/python3.12/site-packages/airflow/example_dags/example_latest_only_with_trigger.py for tasks to queue
[2025-03-12T13:54:01.619+0000] {logging_mixin.py:190} INFO - [2025-03-12T13:54:01.619+0000] {dagbag.py:588} INFO - Filling up the DagBag from /home/airflow/.local/lib/python3.12/site-packages/airflow/example_dags/example_latest_only_with_trigger.py
[2025-03-12T13:54:01.629+0000] {processor.py:925} INFO - DAG(s) 'latest_only_with_trigger' retrieved from /home/airflow/.local/lib/python3.12/site-packages/airflow/example_dags/example_latest_only_with_trigger.py
[2025-03-12T13:54:01.653+0000] {logging_mixin.py:190} INFO - [2025-03-12T13:54:01.653+0000] {dag.py:3239} INFO - Sync 1 DAGs
[2025-03-12T13:54:01.685+0000] {logging_mixin.py:190} INFO - [2025-03-12T13:54:01.685+0000] {dag.py:4180} INFO - Setting next_dagrun for latest_only_with_trigger to 2025-03-12 08:00:00+00:00, run_after=2025-03-12 12:00:00+00:00
[2025-03-12T13:54:01.710+0000] {processor.py:208} INFO - Processing /home/airflow/.local/lib/python3.12/site-packages/airflow/example_dags/example_latest_only_with_trigger.py took 0.101 seconds
[2025-03-12T13:54:35.265+0000] {processor.py:186} INFO - Started process (PID=4599) to work on /home/airflow/.local/lib/python3.12/site-packages/airflow/example_dags/example_latest_only_with_trigger.py
[2025-03-12T13:54:35.266+0000] {processor.py:914} INFO - Processing file /home/airflow/.local/lib/python3.12/site-packages/airflow/example_dags/example_latest_only_with_trigger.py for tasks to queue
[2025-03-12T13:54:35.269+0000] {logging_mixin.py:190} INFO - [2025-03-12T13:54:35.269+0000] {dagbag.py:588} INFO - Filling up the DagBag from /home/airflow/.local/lib/python3.12/site-packages/airflow/example_dags/example_latest_only_with_trigger.py
[2025-03-12T13:54:35.279+0000] {processor.py:925} INFO - DAG(s) 'latest_only_with_trigger' retrieved from /home/airflow/.local/lib/python3.12/site-packages/airflow/example_dags/example_latest_only_with_trigger.py
[2025-03-12T13:54:35.305+0000] {logging_mixin.py:190} INFO - [2025-03-12T13:54:35.305+0000] {dag.py:3239} INFO - Sync 1 DAGs
[2025-03-12T13:54:35.337+0000] {logging_mixin.py:190} INFO - [2025-03-12T13:54:35.337+0000] {dag.py:4180} INFO - Setting next_dagrun for latest_only_with_trigger to 2025-03-12 08:00:00+00:00, run_after=2025-03-12 12:00:00+00:00
[2025-03-12T13:54:35.364+0000] {processor.py:208} INFO - Processing /home/airflow/.local/lib/python3.12/site-packages/airflow/example_dags/example_latest_only_with_trigger.py took 0.106 seconds
[2025-03-12T13:55:09.168+0000] {processor.py:186} INFO - Started process (PID=4907) to work on /home/airflow/.local/lib/python3.12/site-packages/airflow/example_dags/example_latest_only_with_trigger.py
[2025-03-12T13:55:09.169+0000] {processor.py:914} INFO - Processing file /home/airflow/.local/lib/python3.12/site-packages/airflow/example_dags/example_latest_only_with_trigger.py for tasks to queue
[2025-03-12T13:55:09.171+0000] {logging_mixin.py:190} INFO - [2025-03-12T13:55:09.171+0000] {dagbag.py:588} INFO - Filling up the DagBag from /home/airflow/.local/lib/python3.12/site-packages/airflow/example_dags/example_latest_only_with_trigger.py
[2025-03-12T13:55:09.177+0000] {processor.py:925} INFO - DAG(s) 'latest_only_with_trigger' retrieved from /home/airflow/.local/lib/python3.12/site-packages/airflow/example_dags/example_latest_only_with_trigger.py
[2025-03-12T13:55:09.199+0000] {logging_mixin.py:190} INFO - [2025-03-12T13:55:09.198+0000] {dag.py:3239} INFO - Sync 1 DAGs
[2025-03-12T13:55:09.216+0000] {logging_mixin.py:190} INFO - [2025-03-12T13:55:09.216+0000] {dag.py:4180} INFO - Setting next_dagrun for latest_only_with_trigger to 2025-03-12 08:00:00+00:00, run_after=2025-03-12 12:00:00+00:00
[2025-03-12T13:55:09.231+0000] {processor.py:208} INFO - Processing /home/airflow/.local/lib/python3.12/site-packages/airflow/example_dags/example_latest_only_with_trigger.py took 0.067 seconds
[2025-03-12T13:55:41.158+0000] {processor.py:186} INFO - Started process (PID=5211) to work on /home/airflow/.local/lib/python3.12/site-packages/airflow/example_dags/example_latest_only_with_trigger.py
[2025-03-12T13:55:41.159+0000] {processor.py:914} INFO - Processing file /home/airflow/.local/lib/python3.12/site-packages/airflow/example_dags/example_latest_only_with_trigger.py for tasks to queue
[2025-03-12T13:55:41.161+0000] {logging_mixin.py:190} INFO - [2025-03-12T13:55:41.161+0000] {dagbag.py:588} INFO - Filling up the DagBag from /home/airflow/.local/lib/python3.12/site-packages/airflow/example_dags/example_latest_only_with_trigger.py
[2025-03-12T13:55:41.168+0000] {processor.py:925} INFO - DAG(s) 'latest_only_with_trigger' retrieved from /home/airflow/.local/lib/python3.12/site-packages/airflow/example_dags/example_latest_only_with_trigger.py
[2025-03-12T13:55:41.186+0000] {logging_mixin.py:190} INFO - [2025-03-12T13:55:41.185+0000] {dag.py:3239} INFO - Sync 1 DAGs
[2025-03-12T13:55:41.203+0000] {logging_mixin.py:190} INFO - [2025-03-12T13:55:41.203+0000] {dag.py:4180} INFO - Setting next_dagrun for latest_only_with_trigger to 2025-03-12 08:00:00+00:00, run_after=2025-03-12 12:00:00+00:00
[2025-03-12T13:55:41.218+0000] {processor.py:208} INFO - Processing /home/airflow/.local/lib/python3.12/site-packages/airflow/example_dags/example_latest_only_with_trigger.py took 0.064 seconds
[2025-03-12T13:56:15.081+0000] {processor.py:186} INFO - Started process (PID=5517) to work on /home/airflow/.local/lib/python3.12/site-packages/airflow/example_dags/example_latest_only_with_trigger.py
[2025-03-12T13:56:15.082+0000] {processor.py:914} INFO - Processing file /home/airflow/.local/lib/python3.12/site-packages/airflow/example_dags/example_latest_only_with_trigger.py for tasks to queue
[2025-03-12T13:56:15.084+0000] {logging_mixin.py:190} INFO - [2025-03-12T13:56:15.084+0000] {dagbag.py:588} INFO - Filling up the DagBag from /home/airflow/.local/lib/python3.12/site-packages/airflow/example_dags/example_latest_only_with_trigger.py
[2025-03-12T13:56:15.092+0000] {processor.py:925} INFO - DAG(s) 'latest_only_with_trigger' retrieved from /home/airflow/.local/lib/python3.12/site-packages/airflow/example_dags/example_latest_only_with_trigger.py
[2025-03-12T13:56:15.110+0000] {logging_mixin.py:190} INFO - [2025-03-12T13:56:15.110+0000] {dag.py:3239} INFO - Sync 1 DAGs
[2025-03-12T13:56:15.128+0000] {logging_mixin.py:190} INFO - [2025-03-12T13:56:15.128+0000] {dag.py:4180} INFO - Setting next_dagrun for latest_only_with_trigger to 2025-03-12 08:00:00+00:00, run_after=2025-03-12 12:00:00+00:00
[2025-03-12T13:56:15.143+0000] {processor.py:208} INFO - Processing /home/airflow/.local/lib/python3.12/site-packages/airflow/example_dags/example_latest_only_with_trigger.py took 0.068 seconds
[2025-03-12T13:56:48.476+0000] {processor.py:186} INFO - Started process (PID=5825) to work on /home/airflow/.local/lib/python3.12/site-packages/airflow/example_dags/example_latest_only_with_trigger.py
[2025-03-12T13:56:48.477+0000] {processor.py:914} INFO - Processing file /home/airflow/.local/lib/python3.12/site-packages/airflow/example_dags/example_latest_only_with_trigger.py for tasks to queue
[2025-03-12T13:56:48.479+0000] {logging_mixin.py:190} INFO - [2025-03-12T13:56:48.478+0000] {dagbag.py:588} INFO - Filling up the DagBag from /home/airflow/.local/lib/python3.12/site-packages/airflow/example_dags/example_latest_only_with_trigger.py
[2025-03-12T13:56:48.484+0000] {processor.py:925} INFO - DAG(s) 'latest_only_with_trigger' retrieved from /home/airflow/.local/lib/python3.12/site-packages/airflow/example_dags/example_latest_only_with_trigger.py
[2025-03-12T13:56:48.498+0000] {logging_mixin.py:190} INFO - [2025-03-12T13:56:48.498+0000] {dag.py:3239} INFO - Sync 1 DAGs
[2025-03-12T13:56:48.514+0000] {logging_mixin.py:190} INFO - [2025-03-12T13:56:48.514+0000] {dag.py:4180} INFO - Setting next_dagrun for latest_only_with_trigger to 2025-03-12 08:00:00+00:00, run_after=2025-03-12 12:00:00+00:00
[2025-03-12T13:56:48.528+0000] {processor.py:208} INFO - Processing /home/airflow/.local/lib/python3.12/site-packages/airflow/example_dags/example_latest_only_with_trigger.py took 0.056 seconds
[2025-03-12T13:57:21.572+0000] {processor.py:186} INFO - Started process (PID=6129) to work on /home/airflow/.local/lib/python3.12/site-packages/airflow/example_dags/example_latest_only_with_trigger.py
[2025-03-12T13:57:21.573+0000] {processor.py:914} INFO - Processing file /home/airflow/.local/lib/python3.12/site-packages/airflow/example_dags/example_latest_only_with_trigger.py for tasks to queue
[2025-03-12T13:57:21.575+0000] {logging_mixin.py:190} INFO - [2025-03-12T13:57:21.575+0000] {dagbag.py:588} INFO - Filling up the DagBag from /home/airflow/.local/lib/python3.12/site-packages/airflow/example_dags/example_latest_only_with_trigger.py
[2025-03-12T13:57:21.581+0000] {processor.py:925} INFO - DAG(s) 'latest_only_with_trigger' retrieved from /home/airflow/.local/lib/python3.12/site-packages/airflow/example_dags/example_latest_only_with_trigger.py
[2025-03-12T13:57:21.598+0000] {logging_mixin.py:190} INFO - [2025-03-12T13:57:21.597+0000] {dag.py:3239} INFO - Sync 1 DAGs
[2025-03-12T13:57:21.614+0000] {logging_mixin.py:190} INFO - [2025-03-12T13:57:21.614+0000] {dag.py:4180} INFO - Setting next_dagrun for latest_only_with_trigger to 2025-03-12 08:00:00+00:00, run_after=2025-03-12 12:00:00+00:00
[2025-03-12T13:57:21.629+0000] {processor.py:208} INFO - Processing /home/airflow/.local/lib/python3.12/site-packages/airflow/example_dags/example_latest_only_with_trigger.py took 0.061 seconds
[2025-03-12T13:57:55.424+0000] {processor.py:186} INFO - Started process (PID=6435) to work on /home/airflow/.local/lib/python3.12/site-packages/airflow/example_dags/example_latest_only_with_trigger.py
[2025-03-12T13:57:55.425+0000] {processor.py:914} INFO - Processing file /home/airflow/.local/lib/python3.12/site-packages/airflow/example_dags/example_latest_only_with_trigger.py for tasks to queue
[2025-03-12T13:57:55.427+0000] {logging_mixin.py:190} INFO - [2025-03-12T13:57:55.427+0000] {dagbag.py:588} INFO - Filling up the DagBag from /home/airflow/.local/lib/python3.12/site-packages/airflow/example_dags/example_latest_only_with_trigger.py
[2025-03-12T13:57:55.432+0000] {processor.py:925} INFO - DAG(s) 'latest_only_with_trigger' retrieved from /home/airflow/.local/lib/python3.12/site-packages/airflow/example_dags/example_latest_only_with_trigger.py
[2025-03-12T13:57:55.449+0000] {logging_mixin.py:190} INFO - [2025-03-12T13:57:55.449+0000] {dag.py:3239} INFO - Sync 1 DAGs
[2025-03-12T13:57:55.469+0000] {logging_mixin.py:190} INFO - [2025-03-12T13:57:55.469+0000] {dag.py:4180} INFO - Setting next_dagrun for latest_only_with_trigger to 2025-03-12 08:00:00+00:00, run_after=2025-03-12 12:00:00+00:00
[2025-03-12T13:57:55.487+0000] {processor.py:208} INFO - Processing /home/airflow/.local/lib/python3.12/site-packages/airflow/example_dags/example_latest_only_with_trigger.py took 0.067 seconds
[2025-03-12T13:58:28.437+0000] {processor.py:186} INFO - Started process (PID=6741) to work on /home/airflow/.local/lib/python3.12/site-packages/airflow/example_dags/example_latest_only_with_trigger.py
[2025-03-12T13:58:28.438+0000] {processor.py:914} INFO - Processing file /home/airflow/.local/lib/python3.12/site-packages/airflow/example_dags/example_latest_only_with_trigger.py for tasks to queue
[2025-03-12T13:58:28.440+0000] {logging_mixin.py:190} INFO - [2025-03-12T13:58:28.439+0000] {dagbag.py:588} INFO - Filling up the DagBag from /home/airflow/.local/lib/python3.12/site-packages/airflow/example_dags/example_latest_only_with_trigger.py
[2025-03-12T13:58:28.445+0000] {processor.py:925} INFO - DAG(s) 'latest_only_with_trigger' retrieved from /home/airflow/.local/lib/python3.12/site-packages/airflow/example_dags/example_latest_only_with_trigger.py
[2025-03-12T13:58:28.463+0000] {logging_mixin.py:190} INFO - [2025-03-12T13:58:28.463+0000] {dag.py:3239} INFO - Sync 1 DAGs
[2025-03-12T13:58:28.483+0000] {logging_mixin.py:190} INFO - [2025-03-12T13:58:28.482+0000] {dag.py:4180} INFO - Setting next_dagrun for latest_only_with_trigger to 2025-03-12 08:00:00+00:00, run_after=2025-03-12 12:00:00+00:00
[2025-03-12T13:58:28.498+0000] {processor.py:208} INFO - Processing /home/airflow/.local/lib/python3.12/site-packages/airflow/example_dags/example_latest_only_with_trigger.py took 0.066 seconds
[2025-03-12T13:59:02.266+0000] {processor.py:186} INFO - Started process (PID=7047) to work on /home/airflow/.local/lib/python3.12/site-packages/airflow/example_dags/example_latest_only_with_trigger.py
[2025-03-12T13:59:02.268+0000] {processor.py:914} INFO - Processing file /home/airflow/.local/lib/python3.12/site-packages/airflow/example_dags/example_latest_only_with_trigger.py for tasks to queue
[2025-03-12T13:59:02.271+0000] {logging_mixin.py:190} INFO - [2025-03-12T13:59:02.271+0000] {dagbag.py:588} INFO - Filling up the DagBag from /home/airflow/.local/lib/python3.12/site-packages/airflow/example_dags/example_latest_only_with_trigger.py
[2025-03-12T13:59:02.284+0000] {processor.py:925} INFO - DAG(s) 'latest_only_with_trigger' retrieved from /home/airflow/.local/lib/python3.12/site-packages/airflow/example_dags/example_latest_only_with_trigger.py
[2025-03-12T13:59:02.320+0000] {logging_mixin.py:190} INFO - [2025-03-12T13:59:02.319+0000] {dag.py:3239} INFO - Sync 1 DAGs
[2025-03-12T13:59:02.376+0000] {logging_mixin.py:190} INFO - [2025-03-12T13:59:02.375+0000] {dag.py:4180} INFO - Setting next_dagrun for latest_only_with_trigger to 2025-03-12 08:00:00+00:00, run_after=2025-03-12 12:00:00+00:00
[2025-03-12T13:59:02.426+0000] {processor.py:208} INFO - Processing /home/airflow/.local/lib/python3.12/site-packages/airflow/example_dags/example_latest_only_with_trigger.py took 0.171 seconds
[2025-03-12T13:59:34.746+0000] {processor.py:186} INFO - Started process (PID=7353) to work on /home/airflow/.local/lib/python3.12/site-packages/airflow/example_dags/example_latest_only_with_trigger.py
[2025-03-12T13:59:34.747+0000] {processor.py:914} INFO - Processing file /home/airflow/.local/lib/python3.12/site-packages/airflow/example_dags/example_latest_only_with_trigger.py for tasks to queue
[2025-03-12T13:59:34.749+0000] {logging_mixin.py:190} INFO - [2025-03-12T13:59:34.749+0000] {dagbag.py:588} INFO - Filling up the DagBag from /home/airflow/.local/lib/python3.12/site-packages/airflow/example_dags/example_latest_only_with_trigger.py
[2025-03-12T13:59:34.754+0000] {processor.py:925} INFO - DAG(s) 'latest_only_with_trigger' retrieved from /home/airflow/.local/lib/python3.12/site-packages/airflow/example_dags/example_latest_only_with_trigger.py
[2025-03-12T13:59:34.772+0000] {logging_mixin.py:190} INFO - [2025-03-12T13:59:34.772+0000] {dag.py:3239} INFO - Sync 1 DAGs
[2025-03-12T13:59:34.789+0000] {logging_mixin.py:190} INFO - [2025-03-12T13:59:34.789+0000] {dag.py:4180} INFO - Setting next_dagrun for latest_only_with_trigger to 2025-03-12 08:00:00+00:00, run_after=2025-03-12 12:00:00+00:00
[2025-03-12T13:59:34.804+0000] {processor.py:208} INFO - Processing /home/airflow/.local/lib/python3.12/site-packages/airflow/example_dags/example_latest_only_with_trigger.py took 0.062 seconds
[2025-03-12T14:00:08.571+0000] {processor.py:186} INFO - Started process (PID=7659) to work on /home/airflow/.local/lib/python3.12/site-packages/airflow/example_dags/example_latest_only_with_trigger.py
[2025-03-12T14:00:08.572+0000] {processor.py:914} INFO - Processing file /home/airflow/.local/lib/python3.12/site-packages/airflow/example_dags/example_latest_only_with_trigger.py for tasks to queue
[2025-03-12T14:00:08.574+0000] {logging_mixin.py:190} INFO - [2025-03-12T14:00:08.574+0000] {dagbag.py:588} INFO - Filling up the DagBag from /home/airflow/.local/lib/python3.12/site-packages/airflow/example_dags/example_latest_only_with_trigger.py
[2025-03-12T14:00:08.579+0000] {processor.py:925} INFO - DAG(s) 'latest_only_with_trigger' retrieved from /home/airflow/.local/lib/python3.12/site-packages/airflow/example_dags/example_latest_only_with_trigger.py
[2025-03-12T14:00:08.596+0000] {logging_mixin.py:190} INFO - [2025-03-12T14:00:08.595+0000] {dag.py:3239} INFO - Sync 1 DAGs
[2025-03-12T14:00:08.612+0000] {logging_mixin.py:190} INFO - [2025-03-12T14:00:08.611+0000] {dag.py:4180} INFO - Setting next_dagrun for latest_only_with_trigger to 2025-03-12 08:00:00+00:00, run_after=2025-03-12 12:00:00+00:00
[2025-03-12T14:00:08.628+0000] {processor.py:208} INFO - Processing /home/airflow/.local/lib/python3.12/site-packages/airflow/example_dags/example_latest_only_with_trigger.py took 0.061 seconds
[2025-03-12T14:00:41.279+0000] {processor.py:186} INFO - Started process (PID=7965) to work on /home/airflow/.local/lib/python3.12/site-packages/airflow/example_dags/example_latest_only_with_trigger.py
[2025-03-12T14:00:41.280+0000] {processor.py:914} INFO - Processing file /home/airflow/.local/lib/python3.12/site-packages/airflow/example_dags/example_latest_only_with_trigger.py for tasks to queue
[2025-03-12T14:00:41.282+0000] {logging_mixin.py:190} INFO - [2025-03-12T14:00:41.282+0000] {dagbag.py:588} INFO - Filling up the DagBag from /home/airflow/.local/lib/python3.12/site-packages/airflow/example_dags/example_latest_only_with_trigger.py
[2025-03-12T14:00:41.287+0000] {processor.py:925} INFO - DAG(s) 'latest_only_with_trigger' retrieved from /home/airflow/.local/lib/python3.12/site-packages/airflow/example_dags/example_latest_only_with_trigger.py
[2025-03-12T14:00:41.303+0000] {logging_mixin.py:190} INFO - [2025-03-12T14:00:41.303+0000] {dag.py:3239} INFO - Sync 1 DAGs
[2025-03-12T14:00:41.319+0000] {logging_mixin.py:190} INFO - [2025-03-12T14:00:41.319+0000] {dag.py:4180} INFO - Setting next_dagrun for latest_only_with_trigger to 2025-03-12 08:00:00+00:00, run_after=2025-03-12 12:00:00+00:00
[2025-03-12T14:00:41.333+0000] {processor.py:208} INFO - Processing /home/airflow/.local/lib/python3.12/site-packages/airflow/example_dags/example_latest_only_with_trigger.py took 0.058 seconds
[2025-03-12T14:01:15.206+0000] {processor.py:186} INFO - Started process (PID=8273) to work on /home/airflow/.local/lib/python3.12/site-packages/airflow/example_dags/example_latest_only_with_trigger.py
[2025-03-12T14:01:15.207+0000] {processor.py:914} INFO - Processing file /home/airflow/.local/lib/python3.12/site-packages/airflow/example_dags/example_latest_only_with_trigger.py for tasks to queue
[2025-03-12T14:01:15.209+0000] {logging_mixin.py:190} INFO - [2025-03-12T14:01:15.209+0000] {dagbag.py:588} INFO - Filling up the DagBag from /home/airflow/.local/lib/python3.12/site-packages/airflow/example_dags/example_latest_only_with_trigger.py
[2025-03-12T14:01:15.214+0000] {processor.py:925} INFO - DAG(s) 'latest_only_with_trigger' retrieved from /home/airflow/.local/lib/python3.12/site-packages/airflow/example_dags/example_latest_only_with_trigger.py
[2025-03-12T14:01:15.230+0000] {logging_mixin.py:190} INFO - [2025-03-12T14:01:15.230+0000] {dag.py:3239} INFO - Sync 1 DAGs
[2025-03-12T14:01:15.245+0000] {logging_mixin.py:190} INFO - [2025-03-12T14:01:15.245+0000] {dag.py:4180} INFO - Setting next_dagrun for latest_only_with_trigger to 2025-03-12 08:00:00+00:00, run_after=2025-03-12 12:00:00+00:00
[2025-03-12T14:01:15.260+0000] {processor.py:208} INFO - Processing /home/airflow/.local/lib/python3.12/site-packages/airflow/example_dags/example_latest_only_with_trigger.py took 0.058 seconds
[2025-03-12T14:01:47.890+0000] {processor.py:186} INFO - Started process (PID=8578) to work on /home/airflow/.local/lib/python3.12/site-packages/airflow/example_dags/example_latest_only_with_trigger.py
[2025-03-12T14:01:47.891+0000] {processor.py:914} INFO - Processing file /home/airflow/.local/lib/python3.12/site-packages/airflow/example_dags/example_latest_only_with_trigger.py for tasks to queue
[2025-03-12T14:01:47.892+0000] {logging_mixin.py:190} INFO - [2025-03-12T14:01:47.892+0000] {dagbag.py:588} INFO - Filling up the DagBag from /home/airflow/.local/lib/python3.12/site-packages/airflow/example_dags/example_latest_only_with_trigger.py
[2025-03-12T14:01:47.898+0000] {processor.py:925} INFO - DAG(s) 'latest_only_with_trigger' retrieved from /home/airflow/.local/lib/python3.12/site-packages/airflow/example_dags/example_latest_only_with_trigger.py
[2025-03-12T14:01:47.915+0000] {logging_mixin.py:190} INFO - [2025-03-12T14:01:47.915+0000] {dag.py:3239} INFO - Sync 1 DAGs
[2025-03-12T14:01:47.933+0000] {logging_mixin.py:190} INFO - [2025-03-12T14:01:47.933+0000] {dag.py:4180} INFO - Setting next_dagrun for latest_only_with_trigger to 2025-03-12 08:00:00+00:00, run_after=2025-03-12 12:00:00+00:00
[2025-03-12T14:01:47.951+0000] {processor.py:208} INFO - Processing /home/airflow/.local/lib/python3.12/site-packages/airflow/example_dags/example_latest_only_with_trigger.py took 0.065 seconds
[2025-03-12T14:02:21.678+0000] {processor.py:186} INFO - Started process (PID=8884) to work on /home/airflow/.local/lib/python3.12/site-packages/airflow/example_dags/example_latest_only_with_trigger.py
[2025-03-12T14:02:21.679+0000] {processor.py:914} INFO - Processing file /home/airflow/.local/lib/python3.12/site-packages/airflow/example_dags/example_latest_only_with_trigger.py for tasks to queue
[2025-03-12T14:02:21.680+0000] {logging_mixin.py:190} INFO - [2025-03-12T14:02:21.680+0000] {dagbag.py:588} INFO - Filling up the DagBag from /home/airflow/.local/lib/python3.12/site-packages/airflow/example_dags/example_latest_only_with_trigger.py
[2025-03-12T14:02:21.686+0000] {processor.py:925} INFO - DAG(s) 'latest_only_with_trigger' retrieved from /home/airflow/.local/lib/python3.12/site-packages/airflow/example_dags/example_latest_only_with_trigger.py
[2025-03-12T14:02:21.702+0000] {logging_mixin.py:190} INFO - [2025-03-12T14:02:21.702+0000] {dag.py:3239} INFO - Sync 1 DAGs
[2025-03-12T14:02:21.721+0000] {logging_mixin.py:190} INFO - [2025-03-12T14:02:21.721+0000] {dag.py:4180} INFO - Setting next_dagrun for latest_only_with_trigger to 2025-03-12 08:00:00+00:00, run_after=2025-03-12 12:00:00+00:00
[2025-03-12T14:02:21.736+0000] {processor.py:208} INFO - Processing /home/airflow/.local/lib/python3.12/site-packages/airflow/example_dags/example_latest_only_with_trigger.py took 0.062 seconds
[2025-03-12T14:02:55.371+0000] {processor.py:186} INFO - Started process (PID=9192) to work on /home/airflow/.local/lib/python3.12/site-packages/airflow/example_dags/example_latest_only_with_trigger.py
[2025-03-12T14:02:55.372+0000] {processor.py:914} INFO - Processing file /home/airflow/.local/lib/python3.12/site-packages/airflow/example_dags/example_latest_only_with_trigger.py for tasks to queue
[2025-03-12T14:02:55.374+0000] {logging_mixin.py:190} INFO - [2025-03-12T14:02:55.374+0000] {dagbag.py:588} INFO - Filling up the DagBag from /home/airflow/.local/lib/python3.12/site-packages/airflow/example_dags/example_latest_only_with_trigger.py
[2025-03-12T14:02:55.380+0000] {processor.py:925} INFO - DAG(s) 'latest_only_with_trigger' retrieved from /home/airflow/.local/lib/python3.12/site-packages/airflow/example_dags/example_latest_only_with_trigger.py
[2025-03-12T14:02:55.395+0000] {logging_mixin.py:190} INFO - [2025-03-12T14:02:55.395+0000] {dag.py:3239} INFO - Sync 1 DAGs
[2025-03-12T14:02:55.415+0000] {logging_mixin.py:190} INFO - [2025-03-12T14:02:55.415+0000] {dag.py:4180} INFO - Setting next_dagrun for latest_only_with_trigger to 2025-03-12 08:00:00+00:00, run_after=2025-03-12 12:00:00+00:00
[2025-03-12T14:02:55.430+0000] {processor.py:208} INFO - Processing /home/airflow/.local/lib/python3.12/site-packages/airflow/example_dags/example_latest_only_with_trigger.py took 0.062 seconds
[2025-03-12T14:03:28.066+0000] {processor.py:186} INFO - Started process (PID=9496) to work on /home/airflow/.local/lib/python3.12/site-packages/airflow/example_dags/example_latest_only_with_trigger.py
[2025-03-12T14:03:28.067+0000] {processor.py:914} INFO - Processing file /home/airflow/.local/lib/python3.12/site-packages/airflow/example_dags/example_latest_only_with_trigger.py for tasks to queue
[2025-03-12T14:03:28.069+0000] {logging_mixin.py:190} INFO - [2025-03-12T14:03:28.069+0000] {dagbag.py:588} INFO - Filling up the DagBag from /home/airflow/.local/lib/python3.12/site-packages/airflow/example_dags/example_latest_only_with_trigger.py
[2025-03-12T14:03:28.077+0000] {processor.py:925} INFO - DAG(s) 'latest_only_with_trigger' retrieved from /home/airflow/.local/lib/python3.12/site-packages/airflow/example_dags/example_latest_only_with_trigger.py
[2025-03-12T14:03:28.094+0000] {logging_mixin.py:190} INFO - [2025-03-12T14:03:28.093+0000] {dag.py:3239} INFO - Sync 1 DAGs
[2025-03-12T14:03:28.123+0000] {logging_mixin.py:190} INFO - [2025-03-12T14:03:28.123+0000] {dag.py:4180} INFO - Setting next_dagrun for latest_only_with_trigger to 2025-03-12 08:00:00+00:00, run_after=2025-03-12 12:00:00+00:00
[2025-03-12T14:03:28.144+0000] {processor.py:208} INFO - Processing /home/airflow/.local/lib/python3.12/site-packages/airflow/example_dags/example_latest_only_with_trigger.py took 0.086 seconds
[2025-03-12T14:04:03.131+0000] {processor.py:186} INFO - Started process (PID=9802) to work on /home/airflow/.local/lib/python3.12/site-packages/airflow/example_dags/example_latest_only_with_trigger.py
[2025-03-12T14:04:03.132+0000] {processor.py:914} INFO - Processing file /home/airflow/.local/lib/python3.12/site-packages/airflow/example_dags/example_latest_only_with_trigger.py for tasks to queue
[2025-03-12T14:04:03.135+0000] {logging_mixin.py:190} INFO - [2025-03-12T14:04:03.134+0000] {dagbag.py:588} INFO - Filling up the DagBag from /home/airflow/.local/lib/python3.12/site-packages/airflow/example_dags/example_latest_only_with_trigger.py
[2025-03-12T14:04:03.148+0000] {processor.py:925} INFO - DAG(s) 'latest_only_with_trigger' retrieved from /home/airflow/.local/lib/python3.12/site-packages/airflow/example_dags/example_latest_only_with_trigger.py
[2025-03-12T14:04:03.182+0000] {logging_mixin.py:190} INFO - [2025-03-12T14:04:03.182+0000] {dag.py:3239} INFO - Sync 1 DAGs
[2025-03-12T14:04:03.208+0000] {logging_mixin.py:190} INFO - [2025-03-12T14:04:03.208+0000] {dag.py:4180} INFO - Setting next_dagrun for latest_only_with_trigger to 2025-03-12 08:00:00+00:00, run_after=2025-03-12 12:00:00+00:00
[2025-03-12T14:04:03.246+0000] {processor.py:208} INFO - Processing /home/airflow/.local/lib/python3.12/site-packages/airflow/example_dags/example_latest_only_with_trigger.py took 0.127 seconds
[2025-03-12T14:04:34.450+0000] {processor.py:186} INFO - Started process (PID=10110) to work on /home/airflow/.local/lib/python3.12/site-packages/airflow/example_dags/example_latest_only_with_trigger.py
[2025-03-12T14:04:34.451+0000] {processor.py:914} INFO - Processing file /home/airflow/.local/lib/python3.12/site-packages/airflow/example_dags/example_latest_only_with_trigger.py for tasks to queue
[2025-03-12T14:04:34.452+0000] {logging_mixin.py:190} INFO - [2025-03-12T14:04:34.452+0000] {dagbag.py:588} INFO - Filling up the DagBag from /home/airflow/.local/lib/python3.12/site-packages/airflow/example_dags/example_latest_only_with_trigger.py
[2025-03-12T14:04:34.458+0000] {processor.py:925} INFO - DAG(s) 'latest_only_with_trigger' retrieved from /home/airflow/.local/lib/python3.12/site-packages/airflow/example_dags/example_latest_only_with_trigger.py
[2025-03-12T14:04:34.474+0000] {logging_mixin.py:190} INFO - [2025-03-12T14:04:34.474+0000] {dag.py:3239} INFO - Sync 1 DAGs
[2025-03-12T14:04:34.502+0000] {logging_mixin.py:190} INFO - [2025-03-12T14:04:34.502+0000] {dag.py:4180} INFO - Setting next_dagrun for latest_only_with_trigger to 2025-03-12 08:00:00+00:00, run_after=2025-03-12 12:00:00+00:00
[2025-03-12T14:04:34.526+0000] {processor.py:208} INFO - Processing /home/airflow/.local/lib/python3.12/site-packages/airflow/example_dags/example_latest_only_with_trigger.py took 0.081 seconds
[2025-03-12T14:05:07.761+0000] {processor.py:186} INFO - Started process (PID=10414) to work on /home/airflow/.local/lib/python3.12/site-packages/airflow/example_dags/example_latest_only_with_trigger.py
[2025-03-12T14:05:07.761+0000] {processor.py:914} INFO - Processing file /home/airflow/.local/lib/python3.12/site-packages/airflow/example_dags/example_latest_only_with_trigger.py for tasks to queue
[2025-03-12T14:05:07.763+0000] {logging_mixin.py:190} INFO - [2025-03-12T14:05:07.763+0000] {dagbag.py:588} INFO - Filling up the DagBag from /home/airflow/.local/lib/python3.12/site-packages/airflow/example_dags/example_latest_only_with_trigger.py
[2025-03-12T14:05:07.772+0000] {processor.py:925} INFO - DAG(s) 'latest_only_with_trigger' retrieved from /home/airflow/.local/lib/python3.12/site-packages/airflow/example_dags/example_latest_only_with_trigger.py
[2025-03-12T14:05:07.792+0000] {logging_mixin.py:190} INFO - [2025-03-12T14:05:07.792+0000] {dag.py:3239} INFO - Sync 1 DAGs
[2025-03-12T14:05:07.813+0000] {logging_mixin.py:190} INFO - [2025-03-12T14:05:07.813+0000] {dag.py:4180} INFO - Setting next_dagrun for latest_only_with_trigger to 2025-03-12 08:00:00+00:00, run_after=2025-03-12 12:00:00+00:00
[2025-03-12T14:05:07.833+0000] {processor.py:208} INFO - Processing /home/airflow/.local/lib/python3.12/site-packages/airflow/example_dags/example_latest_only_with_trigger.py took 0.077 seconds
[2025-03-12T14:05:42.078+0000] {processor.py:186} INFO - Started process (PID=10725) to work on /home/airflow/.local/lib/python3.12/site-packages/airflow/example_dags/example_latest_only_with_trigger.py
[2025-03-12T14:05:42.079+0000] {processor.py:914} INFO - Processing file /home/airflow/.local/lib/python3.12/site-packages/airflow/example_dags/example_latest_only_with_trigger.py for tasks to queue
[2025-03-12T14:05:42.081+0000] {logging_mixin.py:190} INFO - [2025-03-12T14:05:42.081+0000] {dagbag.py:588} INFO - Filling up the DagBag from /home/airflow/.local/lib/python3.12/site-packages/airflow/example_dags/example_latest_only_with_trigger.py
[2025-03-12T14:05:42.088+0000] {processor.py:925} INFO - DAG(s) 'latest_only_with_trigger' retrieved from /home/airflow/.local/lib/python3.12/site-packages/airflow/example_dags/example_latest_only_with_trigger.py
[2025-03-12T14:05:42.111+0000] {logging_mixin.py:190} INFO - [2025-03-12T14:05:42.111+0000] {dag.py:3239} INFO - Sync 1 DAGs
[2025-03-12T14:05:42.135+0000] {logging_mixin.py:190} INFO - [2025-03-12T14:05:42.135+0000] {dag.py:4180} INFO - Setting next_dagrun for latest_only_with_trigger to 2025-03-12 08:00:00+00:00, run_after=2025-03-12 12:00:00+00:00
[2025-03-12T14:05:42.153+0000] {processor.py:208} INFO - Processing /home/airflow/.local/lib/python3.12/site-packages/airflow/example_dags/example_latest_only_with_trigger.py took 0.080 seconds
[2025-03-12T14:06:14.500+0000] {processor.py:186} INFO - Started process (PID=11031) to work on /home/airflow/.local/lib/python3.12/site-packages/airflow/example_dags/example_latest_only_with_trigger.py
[2025-03-12T14:06:14.501+0000] {processor.py:914} INFO - Processing file /home/airflow/.local/lib/python3.12/site-packages/airflow/example_dags/example_latest_only_with_trigger.py for tasks to queue
[2025-03-12T14:06:14.503+0000] {logging_mixin.py:190} INFO - [2025-03-12T14:06:14.503+0000] {dagbag.py:588} INFO - Filling up the DagBag from /home/airflow/.local/lib/python3.12/site-packages/airflow/example_dags/example_latest_only_with_trigger.py
[2025-03-12T14:06:14.509+0000] {processor.py:925} INFO - DAG(s) 'latest_only_with_trigger' retrieved from /home/airflow/.local/lib/python3.12/site-packages/airflow/example_dags/example_latest_only_with_trigger.py
[2025-03-12T14:06:14.526+0000] {logging_mixin.py:190} INFO - [2025-03-12T14:06:14.526+0000] {dag.py:3239} INFO - Sync 1 DAGs
[2025-03-12T14:06:14.543+0000] {logging_mixin.py:190} INFO - [2025-03-12T14:06:14.543+0000] {dag.py:4180} INFO - Setting next_dagrun for latest_only_with_trigger to 2025-03-12 08:00:00+00:00, run_after=2025-03-12 12:00:00+00:00
[2025-03-12T14:06:14.559+0000] {processor.py:208} INFO - Processing /home/airflow/.local/lib/python3.12/site-packages/airflow/example_dags/example_latest_only_with_trigger.py took 0.063 seconds
[2025-03-12T14:06:48.314+0000] {processor.py:186} INFO - Started process (PID=11337) to work on /home/airflow/.local/lib/python3.12/site-packages/airflow/example_dags/example_latest_only_with_trigger.py
[2025-03-12T14:06:48.315+0000] {processor.py:914} INFO - Processing file /home/airflow/.local/lib/python3.12/site-packages/airflow/example_dags/example_latest_only_with_trigger.py for tasks to queue
[2025-03-12T14:06:48.317+0000] {logging_mixin.py:190} INFO - [2025-03-12T14:06:48.317+0000] {dagbag.py:588} INFO - Filling up the DagBag from /home/airflow/.local/lib/python3.12/site-packages/airflow/example_dags/example_latest_only_with_trigger.py
[2025-03-12T14:06:48.324+0000] {processor.py:925} INFO - DAG(s) 'latest_only_with_trigger' retrieved from /home/airflow/.local/lib/python3.12/site-packages/airflow/example_dags/example_latest_only_with_trigger.py
[2025-03-12T14:06:48.342+0000] {logging_mixin.py:190} INFO - [2025-03-12T14:06:48.341+0000] {dag.py:3239} INFO - Sync 1 DAGs
[2025-03-12T14:06:48.360+0000] {logging_mixin.py:190} INFO - [2025-03-12T14:06:48.360+0000] {dag.py:4180} INFO - Setting next_dagrun for latest_only_with_trigger to 2025-03-12 08:00:00+00:00, run_after=2025-03-12 12:00:00+00:00
[2025-03-12T14:06:48.373+0000] {processor.py:208} INFO - Processing /home/airflow/.local/lib/python3.12/site-packages/airflow/example_dags/example_latest_only_with_trigger.py took 0.064 seconds
[2025-03-12T14:07:21.904+0000] {processor.py:186} INFO - Started process (PID=11643) to work on /home/airflow/.local/lib/python3.12/site-packages/airflow/example_dags/example_latest_only_with_trigger.py
[2025-03-12T14:07:21.905+0000] {processor.py:914} INFO - Processing file /home/airflow/.local/lib/python3.12/site-packages/airflow/example_dags/example_latest_only_with_trigger.py for tasks to queue
[2025-03-12T14:07:21.907+0000] {logging_mixin.py:190} INFO - [2025-03-12T14:07:21.907+0000] {dagbag.py:588} INFO - Filling up the DagBag from /home/airflow/.local/lib/python3.12/site-packages/airflow/example_dags/example_latest_only_with_trigger.py
[2025-03-12T14:07:21.913+0000] {processor.py:925} INFO - DAG(s) 'latest_only_with_trigger' retrieved from /home/airflow/.local/lib/python3.12/site-packages/airflow/example_dags/example_latest_only_with_trigger.py
[2025-03-12T14:07:21.928+0000] {logging_mixin.py:190} INFO - [2025-03-12T14:07:21.928+0000] {dag.py:3239} INFO - Sync 1 DAGs
[2025-03-12T14:07:21.946+0000] {logging_mixin.py:190} INFO - [2025-03-12T14:07:21.946+0000] {dag.py:4180} INFO - Setting next_dagrun for latest_only_with_trigger to 2025-03-12 08:00:00+00:00, run_after=2025-03-12 12:00:00+00:00
[2025-03-12T14:07:21.959+0000] {processor.py:208} INFO - Processing /home/airflow/.local/lib/python3.12/site-packages/airflow/example_dags/example_latest_only_with_trigger.py took 0.059 seconds
[2025-03-12T14:07:54.776+0000] {processor.py:186} INFO - Started process (PID=11949) to work on /home/airflow/.local/lib/python3.12/site-packages/airflow/example_dags/example_latest_only_with_trigger.py
[2025-03-12T14:07:54.777+0000] {processor.py:914} INFO - Processing file /home/airflow/.local/lib/python3.12/site-packages/airflow/example_dags/example_latest_only_with_trigger.py for tasks to queue
[2025-03-12T14:07:54.779+0000] {logging_mixin.py:190} INFO - [2025-03-12T14:07:54.779+0000] {dagbag.py:588} INFO - Filling up the DagBag from /home/airflow/.local/lib/python3.12/site-packages/airflow/example_dags/example_latest_only_with_trigger.py
[2025-03-12T14:07:54.785+0000] {processor.py:925} INFO - DAG(s) 'latest_only_with_trigger' retrieved from /home/airflow/.local/lib/python3.12/site-packages/airflow/example_dags/example_latest_only_with_trigger.py
[2025-03-12T14:07:54.802+0000] {logging_mixin.py:190} INFO - [2025-03-12T14:07:54.802+0000] {dag.py:3239} INFO - Sync 1 DAGs
[2025-03-12T14:07:54.822+0000] {logging_mixin.py:190} INFO - [2025-03-12T14:07:54.821+0000] {dag.py:4180} INFO - Setting next_dagrun for latest_only_with_trigger to 2025-03-12 08:00:00+00:00, run_after=2025-03-12 12:00:00+00:00
[2025-03-12T14:07:54.836+0000] {processor.py:208} INFO - Processing /home/airflow/.local/lib/python3.12/site-packages/airflow/example_dags/example_latest_only_with_trigger.py took 0.064 seconds
[2025-03-12T14:08:29.018+0000] {processor.py:186} INFO - Started process (PID=12257) to work on /home/airflow/.local/lib/python3.12/site-packages/airflow/example_dags/example_latest_only_with_trigger.py
[2025-03-12T14:08:29.019+0000] {processor.py:914} INFO - Processing file /home/airflow/.local/lib/python3.12/site-packages/airflow/example_dags/example_latest_only_with_trigger.py for tasks to queue
[2025-03-12T14:08:29.021+0000] {logging_mixin.py:190} INFO - [2025-03-12T14:08:29.021+0000] {dagbag.py:588} INFO - Filling up the DagBag from /home/airflow/.local/lib/python3.12/site-packages/airflow/example_dags/example_latest_only_with_trigger.py
[2025-03-12T14:08:29.027+0000] {processor.py:925} INFO - DAG(s) 'latest_only_with_trigger' retrieved from /home/airflow/.local/lib/python3.12/site-packages/airflow/example_dags/example_latest_only_with_trigger.py
[2025-03-12T14:08:29.042+0000] {logging_mixin.py:190} INFO - [2025-03-12T14:08:29.042+0000] {dag.py:3239} INFO - Sync 1 DAGs
[2025-03-12T14:08:29.058+0000] {logging_mixin.py:190} INFO - [2025-03-12T14:08:29.058+0000] {dag.py:4180} INFO - Setting next_dagrun for latest_only_with_trigger to 2025-03-12 08:00:00+00:00, run_after=2025-03-12 12:00:00+00:00
[2025-03-12T14:08:29.073+0000] {processor.py:208} INFO - Processing /home/airflow/.local/lib/python3.12/site-packages/airflow/example_dags/example_latest_only_with_trigger.py took 0.059 seconds
[2025-03-12T14:09:01.791+0000] {processor.py:186} INFO - Started process (PID=12561) to work on /home/airflow/.local/lib/python3.12/site-packages/airflow/example_dags/example_latest_only_with_trigger.py
[2025-03-12T14:09:01.792+0000] {processor.py:914} INFO - Processing file /home/airflow/.local/lib/python3.12/site-packages/airflow/example_dags/example_latest_only_with_trigger.py for tasks to queue
[2025-03-12T14:09:01.793+0000] {logging_mixin.py:190} INFO - [2025-03-12T14:09:01.793+0000] {dagbag.py:588} INFO - Filling up the DagBag from /home/airflow/.local/lib/python3.12/site-packages/airflow/example_dags/example_latest_only_with_trigger.py
[2025-03-12T14:09:01.800+0000] {processor.py:925} INFO - DAG(s) 'latest_only_with_trigger' retrieved from /home/airflow/.local/lib/python3.12/site-packages/airflow/example_dags/example_latest_only_with_trigger.py
[2025-03-12T14:09:01.818+0000] {logging_mixin.py:190} INFO - [2025-03-12T14:09:01.817+0000] {dag.py:3239} INFO - Sync 1 DAGs
[2025-03-12T14:09:01.841+0000] {logging_mixin.py:190} INFO - [2025-03-12T14:09:01.841+0000] {dag.py:4180} INFO - Setting next_dagrun for latest_only_with_trigger to 2025-03-12 08:00:00+00:00, run_after=2025-03-12 12:00:00+00:00
[2025-03-12T14:09:01.860+0000] {processor.py:208} INFO - Processing /home/airflow/.local/lib/python3.12/site-packages/airflow/example_dags/example_latest_only_with_trigger.py took 0.073 seconds
[2025-03-12T14:09:35.372+0000] {processor.py:186} INFO - Started process (PID=12867) to work on /home/airflow/.local/lib/python3.12/site-packages/airflow/example_dags/example_latest_only_with_trigger.py
[2025-03-12T14:09:35.373+0000] {processor.py:914} INFO - Processing file /home/airflow/.local/lib/python3.12/site-packages/airflow/example_dags/example_latest_only_with_trigger.py for tasks to queue
[2025-03-12T14:09:35.375+0000] {logging_mixin.py:190} INFO - [2025-03-12T14:09:35.375+0000] {dagbag.py:588} INFO - Filling up the DagBag from /home/airflow/.local/lib/python3.12/site-packages/airflow/example_dags/example_latest_only_with_trigger.py
[2025-03-12T14:09:35.380+0000] {processor.py:925} INFO - DAG(s) 'latest_only_with_trigger' retrieved from /home/airflow/.local/lib/python3.12/site-packages/airflow/example_dags/example_latest_only_with_trigger.py
[2025-03-12T14:09:35.402+0000] {logging_mixin.py:190} INFO - [2025-03-12T14:09:35.402+0000] {dag.py:3239} INFO - Sync 1 DAGs
[2025-03-12T14:09:35.422+0000] {logging_mixin.py:190} INFO - [2025-03-12T14:09:35.422+0000] {dag.py:4180} INFO - Setting next_dagrun for latest_only_with_trigger to 2025-03-12 08:00:00+00:00, run_after=2025-03-12 12:00:00+00:00
[2025-03-12T14:09:35.438+0000] {processor.py:208} INFO - Processing /home/airflow/.local/lib/python3.12/site-packages/airflow/example_dags/example_latest_only_with_trigger.py took 0.070 seconds
[2025-03-12T14:10:08.333+0000] {processor.py:186} INFO - Started process (PID=13173) to work on /home/airflow/.local/lib/python3.12/site-packages/airflow/example_dags/example_latest_only_with_trigger.py
[2025-03-12T14:10:08.334+0000] {processor.py:914} INFO - Processing file /home/airflow/.local/lib/python3.12/site-packages/airflow/example_dags/example_latest_only_with_trigger.py for tasks to queue
[2025-03-12T14:10:08.336+0000] {logging_mixin.py:190} INFO - [2025-03-12T14:10:08.336+0000] {dagbag.py:588} INFO - Filling up the DagBag from /home/airflow/.local/lib/python3.12/site-packages/airflow/example_dags/example_latest_only_with_trigger.py
[2025-03-12T14:10:08.342+0000] {processor.py:925} INFO - DAG(s) 'latest_only_with_trigger' retrieved from /home/airflow/.local/lib/python3.12/site-packages/airflow/example_dags/example_latest_only_with_trigger.py
[2025-03-12T14:10:08.358+0000] {logging_mixin.py:190} INFO - [2025-03-12T14:10:08.358+0000] {dag.py:3239} INFO - Sync 1 DAGs
[2025-03-12T14:10:08.375+0000] {logging_mixin.py:190} INFO - [2025-03-12T14:10:08.375+0000] {dag.py:4180} INFO - Setting next_dagrun for latest_only_with_trigger to 2025-03-12 08:00:00+00:00, run_after=2025-03-12 12:00:00+00:00
[2025-03-12T14:10:08.389+0000] {processor.py:208} INFO - Processing /home/airflow/.local/lib/python3.12/site-packages/airflow/example_dags/example_latest_only_with_trigger.py took 0.060 seconds
[2025-03-12T14:10:41.076+0000] {processor.py:186} INFO - Started process (PID=13479) to work on /home/airflow/.local/lib/python3.12/site-packages/airflow/example_dags/example_latest_only_with_trigger.py
[2025-03-12T14:10:41.077+0000] {processor.py:914} INFO - Processing file /home/airflow/.local/lib/python3.12/site-packages/airflow/example_dags/example_latest_only_with_trigger.py for tasks to queue
[2025-03-12T14:10:41.078+0000] {logging_mixin.py:190} INFO - [2025-03-12T14:10:41.078+0000] {dagbag.py:588} INFO - Filling up the DagBag from /home/airflow/.local/lib/python3.12/site-packages/airflow/example_dags/example_latest_only_with_trigger.py
[2025-03-12T14:10:41.083+0000] {processor.py:925} INFO - DAG(s) 'latest_only_with_trigger' retrieved from /home/airflow/.local/lib/python3.12/site-packages/airflow/example_dags/example_latest_only_with_trigger.py
[2025-03-12T14:10:41.099+0000] {logging_mixin.py:190} INFO - [2025-03-12T14:10:41.099+0000] {dag.py:3239} INFO - Sync 1 DAGs
[2025-03-12T14:10:41.116+0000] {logging_mixin.py:190} INFO - [2025-03-12T14:10:41.116+0000] {dag.py:4180} INFO - Setting next_dagrun for latest_only_with_trigger to 2025-03-12 08:00:00+00:00, run_after=2025-03-12 12:00:00+00:00
[2025-03-12T14:10:41.131+0000] {processor.py:208} INFO - Processing /home/airflow/.local/lib/python3.12/site-packages/airflow/example_dags/example_latest_only_with_trigger.py took 0.059 seconds
[2025-03-12T14:11:14.977+0000] {processor.py:186} INFO - Started process (PID=13785) to work on /home/airflow/.local/lib/python3.12/site-packages/airflow/example_dags/example_latest_only_with_trigger.py
[2025-03-12T14:11:14.978+0000] {processor.py:914} INFO - Processing file /home/airflow/.local/lib/python3.12/site-packages/airflow/example_dags/example_latest_only_with_trigger.py for tasks to queue
[2025-03-12T14:11:14.979+0000] {logging_mixin.py:190} INFO - [2025-03-12T14:11:14.979+0000] {dagbag.py:588} INFO - Filling up the DagBag from /home/airflow/.local/lib/python3.12/site-packages/airflow/example_dags/example_latest_only_with_trigger.py
[2025-03-12T14:11:14.985+0000] {processor.py:925} INFO - DAG(s) 'latest_only_with_trigger' retrieved from /home/airflow/.local/lib/python3.12/site-packages/airflow/example_dags/example_latest_only_with_trigger.py
[2025-03-12T14:11:15.001+0000] {logging_mixin.py:190} INFO - [2025-03-12T14:11:15.001+0000] {dag.py:3239} INFO - Sync 1 DAGs
[2025-03-12T14:11:15.019+0000] {logging_mixin.py:190} INFO - [2025-03-12T14:11:15.019+0000] {dag.py:4180} INFO - Setting next_dagrun for latest_only_with_trigger to 2025-03-12 08:00:00+00:00, run_after=2025-03-12 12:00:00+00:00
[2025-03-12T14:11:15.035+0000] {processor.py:208} INFO - Processing /home/airflow/.local/lib/python3.12/site-packages/airflow/example_dags/example_latest_only_with_trigger.py took 0.062 seconds
[2025-03-12T14:11:48.458+0000] {processor.py:186} INFO - Started process (PID=14092) to work on /home/airflow/.local/lib/python3.12/site-packages/airflow/example_dags/example_latest_only_with_trigger.py
[2025-03-12T14:11:48.459+0000] {processor.py:914} INFO - Processing file /home/airflow/.local/lib/python3.12/site-packages/airflow/example_dags/example_latest_only_with_trigger.py for tasks to queue
[2025-03-12T14:11:48.461+0000] {logging_mixin.py:190} INFO - [2025-03-12T14:11:48.460+0000] {dagbag.py:588} INFO - Filling up the DagBag from /home/airflow/.local/lib/python3.12/site-packages/airflow/example_dags/example_latest_only_with_trigger.py
[2025-03-12T14:11:48.466+0000] {processor.py:925} INFO - DAG(s) 'latest_only_with_trigger' retrieved from /home/airflow/.local/lib/python3.12/site-packages/airflow/example_dags/example_latest_only_with_trigger.py
[2025-03-12T14:11:48.481+0000] {logging_mixin.py:190} INFO - [2025-03-12T14:11:48.481+0000] {dag.py:3239} INFO - Sync 1 DAGs
[2025-03-12T14:11:48.500+0000] {logging_mixin.py:190} INFO - [2025-03-12T14:11:48.499+0000] {dag.py:4180} INFO - Setting next_dagrun for latest_only_with_trigger to 2025-03-12 08:00:00+00:00, run_after=2025-03-12 12:00:00+00:00
[2025-03-12T14:11:48.518+0000] {processor.py:208} INFO - Processing /home/airflow/.local/lib/python3.12/site-packages/airflow/example_dags/example_latest_only_with_trigger.py took 0.065 seconds
[2025-03-12T14:12:22.355+0000] {processor.py:186} INFO - Started process (PID=14398) to work on /home/airflow/.local/lib/python3.12/site-packages/airflow/example_dags/example_latest_only_with_trigger.py
[2025-03-12T14:12:22.356+0000] {processor.py:914} INFO - Processing file /home/airflow/.local/lib/python3.12/site-packages/airflow/example_dags/example_latest_only_with_trigger.py for tasks to queue
[2025-03-12T14:12:22.358+0000] {logging_mixin.py:190} INFO - [2025-03-12T14:12:22.358+0000] {dagbag.py:588} INFO - Filling up the DagBag from /home/airflow/.local/lib/python3.12/site-packages/airflow/example_dags/example_latest_only_with_trigger.py
[2025-03-12T14:12:22.364+0000] {processor.py:925} INFO - DAG(s) 'latest_only_with_trigger' retrieved from /home/airflow/.local/lib/python3.12/site-packages/airflow/example_dags/example_latest_only_with_trigger.py
[2025-03-12T14:12:22.381+0000] {logging_mixin.py:190} INFO - [2025-03-12T14:12:22.380+0000] {dag.py:3239} INFO - Sync 1 DAGs
[2025-03-12T14:12:22.398+0000] {logging_mixin.py:190} INFO - [2025-03-12T14:12:22.397+0000] {dag.py:4180} INFO - Setting next_dagrun for latest_only_with_trigger to 2025-03-12 08:00:00+00:00, run_after=2025-03-12 12:00:00+00:00
[2025-03-12T14:12:22.413+0000] {processor.py:208} INFO - Processing /home/airflow/.local/lib/python3.12/site-packages/airflow/example_dags/example_latest_only_with_trigger.py took 0.062 seconds
[2025-03-12T14:14:05.437+0000] {processor.py:186} INFO - Started process (PID=333) to work on /home/airflow/.local/lib/python3.12/site-packages/airflow/example_dags/example_latest_only_with_trigger.py
[2025-03-12T14:14:05.438+0000] {processor.py:914} INFO - Processing file /home/airflow/.local/lib/python3.12/site-packages/airflow/example_dags/example_latest_only_with_trigger.py for tasks to queue
[2025-03-12T14:14:05.442+0000] {logging_mixin.py:190} INFO - [2025-03-12T14:14:05.441+0000] {dagbag.py:588} INFO - Filling up the DagBag from /home/airflow/.local/lib/python3.12/site-packages/airflow/example_dags/example_latest_only_with_trigger.py
[2025-03-12T14:14:05.455+0000] {processor.py:925} INFO - DAG(s) 'latest_only_with_trigger' retrieved from /home/airflow/.local/lib/python3.12/site-packages/airflow/example_dags/example_latest_only_with_trigger.py
[2025-03-12T14:14:05.646+0000] {logging_mixin.py:190} INFO - [2025-03-12T14:14:05.645+0000] {override.py:1912} INFO - Created Permission View: can read on DAG:latest_only_with_trigger
[2025-03-12T14:14:05.660+0000] {logging_mixin.py:190} INFO - [2025-03-12T14:14:05.659+0000] {override.py:1912} INFO - Created Permission View: can edit on DAG:latest_only_with_trigger
[2025-03-12T14:14:05.669+0000] {logging_mixin.py:190} INFO - [2025-03-12T14:14:05.668+0000] {override.py:1912} INFO - Created Permission View: can delete on DAG:latest_only_with_trigger
[2025-03-12T14:14:05.678+0000] {logging_mixin.py:190} INFO - [2025-03-12T14:14:05.678+0000] {override.py:1912} INFO - Created Permission View: can create on DAG Run:latest_only_with_trigger
[2025-03-12T14:14:05.689+0000] {logging_mixin.py:190} INFO - [2025-03-12T14:14:05.688+0000] {override.py:1912} INFO - Created Permission View: can read on DAG Run:latest_only_with_trigger
[2025-03-12T14:14:05.708+0000] {logging_mixin.py:190} INFO - [2025-03-12T14:14:05.708+0000] {override.py:1912} INFO - Created Permission View: menu access on DAG Run:latest_only_with_trigger
[2025-03-12T14:14:05.723+0000] {logging_mixin.py:190} INFO - [2025-03-12T14:14:05.722+0000] {override.py:1912} INFO - Created Permission View: can delete on DAG Run:latest_only_with_trigger
[2025-03-12T14:14:05.725+0000] {logging_mixin.py:190} INFO - [2025-03-12T14:14:05.724+0000] {dag.py:3239} INFO - Sync 1 DAGs
[2025-03-12T14:14:05.746+0000] {logging_mixin.py:190} INFO - [2025-03-12T14:14:05.746+0000] {dag.py:3262} INFO - Creating ORM DAG for latest_only_with_trigger
[2025-03-12T14:14:05.762+0000] {logging_mixin.py:190} INFO - [2025-03-12T14:14:05.762+0000] {dag.py:4180} INFO - Setting next_dagrun for latest_only_with_trigger to 2025-03-12 08:00:00+00:00, run_after=2025-03-12 12:00:00+00:00
[2025-03-12T14:14:05.797+0000] {processor.py:208} INFO - Processing /home/airflow/.local/lib/python3.12/site-packages/airflow/example_dags/example_latest_only_with_trigger.py took 0.367 seconds
[2025-03-12T14:14:36.470+0000] {processor.py:186} INFO - Started process (PID=639) to work on /home/airflow/.local/lib/python3.12/site-packages/airflow/example_dags/example_latest_only_with_trigger.py
[2025-03-12T14:14:36.471+0000] {processor.py:914} INFO - Processing file /home/airflow/.local/lib/python3.12/site-packages/airflow/example_dags/example_latest_only_with_trigger.py for tasks to queue
[2025-03-12T14:14:36.473+0000] {logging_mixin.py:190} INFO - [2025-03-12T14:14:36.472+0000] {dagbag.py:588} INFO - Filling up the DagBag from /home/airflow/.local/lib/python3.12/site-packages/airflow/example_dags/example_latest_only_with_trigger.py
[2025-03-12T14:14:36.478+0000] {processor.py:925} INFO - DAG(s) 'latest_only_with_trigger' retrieved from /home/airflow/.local/lib/python3.12/site-packages/airflow/example_dags/example_latest_only_with_trigger.py
[2025-03-12T14:14:36.494+0000] {logging_mixin.py:190} INFO - [2025-03-12T14:14:36.494+0000] {dag.py:3239} INFO - Sync 1 DAGs
[2025-03-12T14:14:36.510+0000] {logging_mixin.py:190} INFO - [2025-03-12T14:14:36.509+0000] {dag.py:4180} INFO - Setting next_dagrun for latest_only_with_trigger to 2025-03-12 08:00:00+00:00, run_after=2025-03-12 12:00:00+00:00
[2025-03-12T14:14:36.524+0000] {processor.py:208} INFO - Processing /home/airflow/.local/lib/python3.12/site-packages/airflow/example_dags/example_latest_only_with_trigger.py took 0.058 seconds
[2025-03-12T14:15:08.289+0000] {processor.py:186} INFO - Started process (PID=934) to work on /home/airflow/.local/lib/python3.12/site-packages/airflow/example_dags/example_latest_only_with_trigger.py
[2025-03-12T14:15:08.290+0000] {processor.py:914} INFO - Processing file /home/airflow/.local/lib/python3.12/site-packages/airflow/example_dags/example_latest_only_with_trigger.py for tasks to queue
[2025-03-12T14:15:08.292+0000] {logging_mixin.py:190} INFO - [2025-03-12T14:15:08.291+0000] {dagbag.py:588} INFO - Filling up the DagBag from /home/airflow/.local/lib/python3.12/site-packages/airflow/example_dags/example_latest_only_with_trigger.py
[2025-03-12T14:15:08.298+0000] {processor.py:925} INFO - DAG(s) 'latest_only_with_trigger' retrieved from /home/airflow/.local/lib/python3.12/site-packages/airflow/example_dags/example_latest_only_with_trigger.py
[2025-03-12T14:15:08.314+0000] {logging_mixin.py:190} INFO - [2025-03-12T14:15:08.314+0000] {dag.py:3239} INFO - Sync 1 DAGs
[2025-03-12T14:15:08.332+0000] {logging_mixin.py:190} INFO - [2025-03-12T14:15:08.332+0000] {dag.py:4180} INFO - Setting next_dagrun for latest_only_with_trigger to 2025-03-12 08:00:00+00:00, run_after=2025-03-12 12:00:00+00:00
[2025-03-12T14:15:08.348+0000] {processor.py:208} INFO - Processing /home/airflow/.local/lib/python3.12/site-packages/airflow/example_dags/example_latest_only_with_trigger.py took 0.066 seconds
[2025-03-12T14:15:42.109+0000] {processor.py:186} INFO - Started process (PID=1245) to work on /home/airflow/.local/lib/python3.12/site-packages/airflow/example_dags/example_latest_only_with_trigger.py
[2025-03-12T14:15:42.110+0000] {processor.py:914} INFO - Processing file /home/airflow/.local/lib/python3.12/site-packages/airflow/example_dags/example_latest_only_with_trigger.py for tasks to queue
[2025-03-12T14:15:42.112+0000] {logging_mixin.py:190} INFO - [2025-03-12T14:15:42.112+0000] {dagbag.py:588} INFO - Filling up the DagBag from /home/airflow/.local/lib/python3.12/site-packages/airflow/example_dags/example_latest_only_with_trigger.py
[2025-03-12T14:15:42.124+0000] {processor.py:925} INFO - DAG(s) 'latest_only_with_trigger' retrieved from /home/airflow/.local/lib/python3.12/site-packages/airflow/example_dags/example_latest_only_with_trigger.py
[2025-03-12T14:15:42.143+0000] {logging_mixin.py:190} INFO - [2025-03-12T14:15:42.143+0000] {dag.py:3239} INFO - Sync 1 DAGs
[2025-03-12T14:15:42.161+0000] {logging_mixin.py:190} INFO - [2025-03-12T14:15:42.161+0000] {dag.py:4180} INFO - Setting next_dagrun for latest_only_with_trigger to 2025-03-12 08:00:00+00:00, run_after=2025-03-12 12:00:00+00:00
[2025-03-12T14:15:42.179+0000] {processor.py:208} INFO - Processing /home/airflow/.local/lib/python3.12/site-packages/airflow/example_dags/example_latest_only_with_trigger.py took 0.077 seconds
[2025-03-12T14:16:16.077+0000] {processor.py:186} INFO - Started process (PID=1560) to work on /home/airflow/.local/lib/python3.12/site-packages/airflow/example_dags/example_latest_only_with_trigger.py
[2025-03-12T14:16:16.078+0000] {processor.py:914} INFO - Processing file /home/airflow/.local/lib/python3.12/site-packages/airflow/example_dags/example_latest_only_with_trigger.py for tasks to queue
[2025-03-12T14:16:16.080+0000] {logging_mixin.py:190} INFO - [2025-03-12T14:16:16.080+0000] {dagbag.py:588} INFO - Filling up the DagBag from /home/airflow/.local/lib/python3.12/site-packages/airflow/example_dags/example_latest_only_with_trigger.py
[2025-03-12T14:16:16.087+0000] {processor.py:925} INFO - DAG(s) 'latest_only_with_trigger' retrieved from /home/airflow/.local/lib/python3.12/site-packages/airflow/example_dags/example_latest_only_with_trigger.py
[2025-03-12T14:16:16.105+0000] {logging_mixin.py:190} INFO - [2025-03-12T14:16:16.105+0000] {dag.py:3239} INFO - Sync 1 DAGs
[2025-03-12T14:16:16.130+0000] {logging_mixin.py:190} INFO - [2025-03-12T14:16:16.130+0000] {dag.py:4180} INFO - Setting next_dagrun for latest_only_with_trigger to 2025-03-12 08:00:00+00:00, run_after=2025-03-12 12:00:00+00:00
[2025-03-12T14:16:16.146+0000] {processor.py:208} INFO - Processing /home/airflow/.local/lib/python3.12/site-packages/airflow/example_dags/example_latest_only_with_trigger.py took 0.074 seconds
[2025-03-12T14:16:48.935+0000] {processor.py:186} INFO - Started process (PID=1864) to work on /home/airflow/.local/lib/python3.12/site-packages/airflow/example_dags/example_latest_only_with_trigger.py
[2025-03-12T14:16:48.936+0000] {processor.py:914} INFO - Processing file /home/airflow/.local/lib/python3.12/site-packages/airflow/example_dags/example_latest_only_with_trigger.py for tasks to queue
[2025-03-12T14:16:48.938+0000] {logging_mixin.py:190} INFO - [2025-03-12T14:16:48.937+0000] {dagbag.py:588} INFO - Filling up the DagBag from /home/airflow/.local/lib/python3.12/site-packages/airflow/example_dags/example_latest_only_with_trigger.py
[2025-03-12T14:16:48.944+0000] {processor.py:925} INFO - DAG(s) 'latest_only_with_trigger' retrieved from /home/airflow/.local/lib/python3.12/site-packages/airflow/example_dags/example_latest_only_with_trigger.py
[2025-03-12T14:16:48.962+0000] {logging_mixin.py:190} INFO - [2025-03-12T14:16:48.961+0000] {dag.py:3239} INFO - Sync 1 DAGs
[2025-03-12T14:16:48.980+0000] {logging_mixin.py:190} INFO - [2025-03-12T14:16:48.980+0000] {dag.py:4180} INFO - Setting next_dagrun for latest_only_with_trigger to 2025-03-12 08:00:00+00:00, run_after=2025-03-12 12:00:00+00:00
[2025-03-12T14:16:48.997+0000] {processor.py:208} INFO - Processing /home/airflow/.local/lib/python3.12/site-packages/airflow/example_dags/example_latest_only_with_trigger.py took 0.066 seconds
[2025-03-12T14:17:22.431+0000] {processor.py:186} INFO - Started process (PID=2172) to work on /home/airflow/.local/lib/python3.12/site-packages/airflow/example_dags/example_latest_only_with_trigger.py
[2025-03-12T14:17:22.432+0000] {processor.py:914} INFO - Processing file /home/airflow/.local/lib/python3.12/site-packages/airflow/example_dags/example_latest_only_with_trigger.py for tasks to queue
[2025-03-12T14:17:22.434+0000] {logging_mixin.py:190} INFO - [2025-03-12T14:17:22.434+0000] {dagbag.py:588} INFO - Filling up the DagBag from /home/airflow/.local/lib/python3.12/site-packages/airflow/example_dags/example_latest_only_with_trigger.py
[2025-03-12T14:17:22.439+0000] {processor.py:925} INFO - DAG(s) 'latest_only_with_trigger' retrieved from /home/airflow/.local/lib/python3.12/site-packages/airflow/example_dags/example_latest_only_with_trigger.py
[2025-03-12T14:17:22.456+0000] {logging_mixin.py:190} INFO - [2025-03-12T14:17:22.456+0000] {dag.py:3239} INFO - Sync 1 DAGs
[2025-03-12T14:17:22.472+0000] {logging_mixin.py:190} INFO - [2025-03-12T14:17:22.471+0000] {dag.py:4180} INFO - Setting next_dagrun for latest_only_with_trigger to 2025-03-12 08:00:00+00:00, run_after=2025-03-12 12:00:00+00:00
[2025-03-12T14:17:22.486+0000] {processor.py:208} INFO - Processing /home/airflow/.local/lib/python3.12/site-packages/airflow/example_dags/example_latest_only_with_trigger.py took 0.059 seconds
[2025-03-12T14:17:55.615+0000] {processor.py:186} INFO - Started process (PID=2472) to work on /home/airflow/.local/lib/python3.12/site-packages/airflow/example_dags/example_latest_only_with_trigger.py
[2025-03-12T14:17:55.616+0000] {processor.py:914} INFO - Processing file /home/airflow/.local/lib/python3.12/site-packages/airflow/example_dags/example_latest_only_with_trigger.py for tasks to queue
[2025-03-12T14:17:55.619+0000] {logging_mixin.py:190} INFO - [2025-03-12T14:17:55.618+0000] {dagbag.py:588} INFO - Filling up the DagBag from /home/airflow/.local/lib/python3.12/site-packages/airflow/example_dags/example_latest_only_with_trigger.py
[2025-03-12T14:17:55.626+0000] {processor.py:925} INFO - DAG(s) 'latest_only_with_trigger' retrieved from /home/airflow/.local/lib/python3.12/site-packages/airflow/example_dags/example_latest_only_with_trigger.py
[2025-03-12T14:17:55.647+0000] {logging_mixin.py:190} INFO - [2025-03-12T14:17:55.647+0000] {dag.py:3239} INFO - Sync 1 DAGs
[2025-03-12T14:17:55.669+0000] {logging_mixin.py:190} INFO - [2025-03-12T14:17:55.669+0000] {dag.py:4180} INFO - Setting next_dagrun for latest_only_with_trigger to 2025-03-12 08:00:00+00:00, run_after=2025-03-12 12:00:00+00:00
[2025-03-12T14:17:55.691+0000] {processor.py:208} INFO - Processing /home/airflow/.local/lib/python3.12/site-packages/airflow/example_dags/example_latest_only_with_trigger.py took 0.081 seconds
[2025-03-12T14:18:28.563+0000] {processor.py:186} INFO - Started process (PID=2776) to work on /home/airflow/.local/lib/python3.12/site-packages/airflow/example_dags/example_latest_only_with_trigger.py
[2025-03-12T14:18:28.563+0000] {processor.py:914} INFO - Processing file /home/airflow/.local/lib/python3.12/site-packages/airflow/example_dags/example_latest_only_with_trigger.py for tasks to queue
[2025-03-12T14:18:28.565+0000] {logging_mixin.py:190} INFO - [2025-03-12T14:18:28.565+0000] {dagbag.py:588} INFO - Filling up the DagBag from /home/airflow/.local/lib/python3.12/site-packages/airflow/example_dags/example_latest_only_with_trigger.py
[2025-03-12T14:18:28.572+0000] {processor.py:925} INFO - DAG(s) 'latest_only_with_trigger' retrieved from /home/airflow/.local/lib/python3.12/site-packages/airflow/example_dags/example_latest_only_with_trigger.py
[2025-03-12T14:18:28.589+0000] {logging_mixin.py:190} INFO - [2025-03-12T14:18:28.589+0000] {dag.py:3239} INFO - Sync 1 DAGs
[2025-03-12T14:18:28.606+0000] {logging_mixin.py:190} INFO - [2025-03-12T14:18:28.606+0000] {dag.py:4180} INFO - Setting next_dagrun for latest_only_with_trigger to 2025-03-12 08:00:00+00:00, run_after=2025-03-12 12:00:00+00:00
[2025-03-12T14:18:28.622+0000] {processor.py:208} INFO - Processing /home/airflow/.local/lib/python3.12/site-packages/airflow/example_dags/example_latest_only_with_trigger.py took 0.064 seconds
[2025-03-12T14:19:01.267+0000] {processor.py:186} INFO - Started process (PID=3082) to work on /home/airflow/.local/lib/python3.12/site-packages/airflow/example_dags/example_latest_only_with_trigger.py
[2025-03-12T14:19:01.268+0000] {processor.py:914} INFO - Processing file /home/airflow/.local/lib/python3.12/site-packages/airflow/example_dags/example_latest_only_with_trigger.py for tasks to queue
[2025-03-12T14:19:01.270+0000] {logging_mixin.py:190} INFO - [2025-03-12T14:19:01.270+0000] {dagbag.py:588} INFO - Filling up the DagBag from /home/airflow/.local/lib/python3.12/site-packages/airflow/example_dags/example_latest_only_with_trigger.py
[2025-03-12T14:19:01.277+0000] {processor.py:925} INFO - DAG(s) 'latest_only_with_trigger' retrieved from /home/airflow/.local/lib/python3.12/site-packages/airflow/example_dags/example_latest_only_with_trigger.py
[2025-03-12T14:19:01.294+0000] {logging_mixin.py:190} INFO - [2025-03-12T14:19:01.294+0000] {dag.py:3239} INFO - Sync 1 DAGs
[2025-03-12T14:19:01.312+0000] {logging_mixin.py:190} INFO - [2025-03-12T14:19:01.312+0000] {dag.py:4180} INFO - Setting next_dagrun for latest_only_with_trigger to 2025-03-12 08:00:00+00:00, run_after=2025-03-12 12:00:00+00:00
[2025-03-12T14:19:01.329+0000] {processor.py:208} INFO - Processing /home/airflow/.local/lib/python3.12/site-packages/airflow/example_dags/example_latest_only_with_trigger.py took 0.066 seconds
[2025-03-12T14:19:35.565+0000] {processor.py:186} INFO - Started process (PID=3388) to work on /home/airflow/.local/lib/python3.12/site-packages/airflow/example_dags/example_latest_only_with_trigger.py
[2025-03-12T14:19:35.566+0000] {processor.py:914} INFO - Processing file /home/airflow/.local/lib/python3.12/site-packages/airflow/example_dags/example_latest_only_with_trigger.py for tasks to queue
[2025-03-12T14:19:35.568+0000] {logging_mixin.py:190} INFO - [2025-03-12T14:19:35.568+0000] {dagbag.py:588} INFO - Filling up the DagBag from /home/airflow/.local/lib/python3.12/site-packages/airflow/example_dags/example_latest_only_with_trigger.py
[2025-03-12T14:19:35.574+0000] {processor.py:925} INFO - DAG(s) 'latest_only_with_trigger' retrieved from /home/airflow/.local/lib/python3.12/site-packages/airflow/example_dags/example_latest_only_with_trigger.py
[2025-03-12T14:19:35.591+0000] {logging_mixin.py:190} INFO - [2025-03-12T14:19:35.591+0000] {dag.py:3239} INFO - Sync 1 DAGs
[2025-03-12T14:19:35.611+0000] {logging_mixin.py:190} INFO - [2025-03-12T14:19:35.611+0000] {dag.py:4180} INFO - Setting next_dagrun for latest_only_with_trigger to 2025-03-12 08:00:00+00:00, run_after=2025-03-12 12:00:00+00:00
[2025-03-12T14:19:35.628+0000] {processor.py:208} INFO - Processing /home/airflow/.local/lib/python3.12/site-packages/airflow/example_dags/example_latest_only_with_trigger.py took 0.068 seconds
