[2025-03-12T13:44:56.403+0000] {processor.py:186} INFO - Started process (PID=228) to work on /home/airflow/.local/lib/python3.12/site-packages/airflow/example_dags/example_skip_dag.py
[2025-03-12T13:44:56.405+0000] {processor.py:914} INFO - Processing file /home/airflow/.local/lib/python3.12/site-packages/airflow/example_dags/example_skip_dag.py for tasks to queue
[2025-03-12T13:44:56.408+0000] {logging_mixin.py:190} INFO - [2025-03-12T13:44:56.408+0000] {dagbag.py:588} INFO - Filling up the DagBag from /home/airflow/.local/lib/python3.12/site-packages/airflow/example_dags/example_skip_dag.py
[2025-03-12T13:44:56.423+0000] {processor.py:925} INFO - DAG(s) 'example_skip_dag' retrieved from /home/airflow/.local/lib/python3.12/site-packages/airflow/example_dags/example_skip_dag.py
[2025-03-12T13:44:56.573+0000] {logging_mixin.py:190} INFO - [2025-03-12T13:44:56.573+0000] {override.py:1912} INFO - Created Permission View: can edit on DAG:example_skip_dag
[2025-03-12T13:44:56.582+0000] {logging_mixin.py:190} INFO - [2025-03-12T13:44:56.582+0000] {override.py:1912} INFO - Created Permission View: can delete on DAG:example_skip_dag
[2025-03-12T13:44:56.588+0000] {logging_mixin.py:190} INFO - [2025-03-12T13:44:56.588+0000] {override.py:1912} INFO - Created Permission View: can read on DAG:example_skip_dag
[2025-03-12T13:44:56.596+0000] {logging_mixin.py:190} INFO - [2025-03-12T13:44:56.595+0000] {override.py:1912} INFO - Created Permission View: can delete on DAG Run:example_skip_dag
[2025-03-12T13:44:56.602+0000] {logging_mixin.py:190} INFO - [2025-03-12T13:44:56.602+0000] {override.py:1912} INFO - Created Permission View: menu access on DAG Run:example_skip_dag
[2025-03-12T13:44:56.608+0000] {logging_mixin.py:190} INFO - [2025-03-12T13:44:56.608+0000] {override.py:1912} INFO - Created Permission View: can create on DAG Run:example_skip_dag
[2025-03-12T13:44:56.615+0000] {logging_mixin.py:190} INFO - [2025-03-12T13:44:56.615+0000] {override.py:1912} INFO - Created Permission View: can read on DAG Run:example_skip_dag
[2025-03-12T13:44:56.616+0000] {logging_mixin.py:190} INFO - [2025-03-12T13:44:56.616+0000] {dag.py:3239} INFO - Sync 1 DAGs
[2025-03-12T13:44:56.629+0000] {logging_mixin.py:190} INFO - [2025-03-12T13:44:56.628+0000] {dag.py:3262} INFO - Creating ORM DAG for example_skip_dag
[2025-03-12T13:44:56.640+0000] {logging_mixin.py:190} INFO - [2025-03-12T13:44:56.640+0000] {dag.py:4180} INFO - Setting next_dagrun for example_skip_dag to 2025-03-11 00:00:00+00:00, run_after=2025-03-12 00:00:00+00:00
[2025-03-12T13:44:56.656+0000] {processor.py:208} INFO - Processing /home/airflow/.local/lib/python3.12/site-packages/airflow/example_dags/example_skip_dag.py took 0.259 seconds
[2025-03-12T13:45:27.586+0000] {processor.py:186} INFO - Started process (PID=534) to work on /home/airflow/.local/lib/python3.12/site-packages/airflow/example_dags/example_skip_dag.py
[2025-03-12T13:45:27.587+0000] {processor.py:914} INFO - Processing file /home/airflow/.local/lib/python3.12/site-packages/airflow/example_dags/example_skip_dag.py for tasks to queue
[2025-03-12T13:45:27.590+0000] {logging_mixin.py:190} INFO - [2025-03-12T13:45:27.589+0000] {dagbag.py:588} INFO - Filling up the DagBag from /home/airflow/.local/lib/python3.12/site-packages/airflow/example_dags/example_skip_dag.py
[2025-03-12T13:45:27.596+0000] {processor.py:925} INFO - DAG(s) 'example_skip_dag' retrieved from /home/airflow/.local/lib/python3.12/site-packages/airflow/example_dags/example_skip_dag.py
[2025-03-12T13:45:27.614+0000] {logging_mixin.py:190} INFO - [2025-03-12T13:45:27.614+0000] {dag.py:3239} INFO - Sync 1 DAGs
[2025-03-12T13:45:27.630+0000] {logging_mixin.py:190} INFO - [2025-03-12T13:45:27.629+0000] {dag.py:4180} INFO - Setting next_dagrun for example_skip_dag to 2025-03-11 00:00:00+00:00, run_after=2025-03-12 00:00:00+00:00
[2025-03-12T13:45:27.644+0000] {processor.py:208} INFO - Processing /home/airflow/.local/lib/python3.12/site-packages/airflow/example_dags/example_skip_dag.py took 0.063 seconds
[2025-03-12T13:45:58.296+0000] {processor.py:186} INFO - Started process (PID=840) to work on /home/airflow/.local/lib/python3.12/site-packages/airflow/example_dags/example_skip_dag.py
[2025-03-12T13:45:58.297+0000] {processor.py:914} INFO - Processing file /home/airflow/.local/lib/python3.12/site-packages/airflow/example_dags/example_skip_dag.py for tasks to queue
[2025-03-12T13:45:58.299+0000] {logging_mixin.py:190} INFO - [2025-03-12T13:45:58.299+0000] {dagbag.py:588} INFO - Filling up the DagBag from /home/airflow/.local/lib/python3.12/site-packages/airflow/example_dags/example_skip_dag.py
[2025-03-12T13:45:58.305+0000] {processor.py:925} INFO - DAG(s) 'example_skip_dag' retrieved from /home/airflow/.local/lib/python3.12/site-packages/airflow/example_dags/example_skip_dag.py
[2025-03-12T13:45:58.322+0000] {logging_mixin.py:190} INFO - [2025-03-12T13:45:58.322+0000] {dag.py:3239} INFO - Sync 1 DAGs
[2025-03-12T13:45:58.340+0000] {logging_mixin.py:190} INFO - [2025-03-12T13:45:58.340+0000] {dag.py:4180} INFO - Setting next_dagrun for example_skip_dag to 2025-03-11 00:00:00+00:00, run_after=2025-03-12 00:00:00+00:00
[2025-03-12T13:45:58.356+0000] {processor.py:208} INFO - Processing /home/airflow/.local/lib/python3.12/site-packages/airflow/example_dags/example_skip_dag.py took 0.064 seconds
[2025-03-12T13:47:01.396+0000] {processor.py:186} INFO - Started process (PID=215) to work on /home/airflow/.local/lib/python3.12/site-packages/airflow/example_dags/example_skip_dag.py
[2025-03-12T13:47:01.397+0000] {processor.py:914} INFO - Processing file /home/airflow/.local/lib/python3.12/site-packages/airflow/example_dags/example_skip_dag.py for tasks to queue
[2025-03-12T13:47:01.399+0000] {logging_mixin.py:190} INFO - [2025-03-12T13:47:01.399+0000] {dagbag.py:588} INFO - Filling up the DagBag from /home/airflow/.local/lib/python3.12/site-packages/airflow/example_dags/example_skip_dag.py
[2025-03-12T13:47:01.406+0000] {processor.py:925} INFO - DAG(s) 'example_skip_dag' retrieved from /home/airflow/.local/lib/python3.12/site-packages/airflow/example_dags/example_skip_dag.py
[2025-03-12T13:47:01.434+0000] {logging_mixin.py:190} INFO - [2025-03-12T13:47:01.433+0000] {dag.py:3239} INFO - Sync 1 DAGs
[2025-03-12T13:47:01.461+0000] {logging_mixin.py:190} INFO - [2025-03-12T13:47:01.461+0000] {dag.py:4180} INFO - Setting next_dagrun for example_skip_dag to 2025-03-11 00:00:00+00:00, run_after=2025-03-12 00:00:00+00:00
[2025-03-12T13:47:01.482+0000] {processor.py:208} INFO - Processing /home/airflow/.local/lib/python3.12/site-packages/airflow/example_dags/example_skip_dag.py took 0.092 seconds
[2025-03-12T13:47:31.556+0000] {processor.py:186} INFO - Started process (PID=519) to work on /home/airflow/.local/lib/python3.12/site-packages/airflow/example_dags/example_skip_dag.py
[2025-03-12T13:47:31.557+0000] {processor.py:914} INFO - Processing file /home/airflow/.local/lib/python3.12/site-packages/airflow/example_dags/example_skip_dag.py for tasks to queue
[2025-03-12T13:47:31.558+0000] {logging_mixin.py:190} INFO - [2025-03-12T13:47:31.558+0000] {dagbag.py:588} INFO - Filling up the DagBag from /home/airflow/.local/lib/python3.12/site-packages/airflow/example_dags/example_skip_dag.py
[2025-03-12T13:47:31.565+0000] {processor.py:925} INFO - DAG(s) 'example_skip_dag' retrieved from /home/airflow/.local/lib/python3.12/site-packages/airflow/example_dags/example_skip_dag.py
[2025-03-12T13:47:31.583+0000] {logging_mixin.py:190} INFO - [2025-03-12T13:47:31.583+0000] {dag.py:3239} INFO - Sync 1 DAGs
[2025-03-12T13:47:31.599+0000] {logging_mixin.py:190} INFO - [2025-03-12T13:47:31.599+0000] {dag.py:4180} INFO - Setting next_dagrun for example_skip_dag to 2025-03-11 00:00:00+00:00, run_after=2025-03-12 00:00:00+00:00
[2025-03-12T13:47:31.614+0000] {processor.py:208} INFO - Processing /home/airflow/.local/lib/python3.12/site-packages/airflow/example_dags/example_skip_dag.py took 0.063 seconds
[2025-03-12T13:48:01.744+0000] {processor.py:186} INFO - Started process (PID=825) to work on /home/airflow/.local/lib/python3.12/site-packages/airflow/example_dags/example_skip_dag.py
[2025-03-12T13:48:01.745+0000] {processor.py:914} INFO - Processing file /home/airflow/.local/lib/python3.12/site-packages/airflow/example_dags/example_skip_dag.py for tasks to queue
[2025-03-12T13:48:01.747+0000] {logging_mixin.py:190} INFO - [2025-03-12T13:48:01.746+0000] {dagbag.py:588} INFO - Filling up the DagBag from /home/airflow/.local/lib/python3.12/site-packages/airflow/example_dags/example_skip_dag.py
[2025-03-12T13:48:01.753+0000] {processor.py:925} INFO - DAG(s) 'example_skip_dag' retrieved from /home/airflow/.local/lib/python3.12/site-packages/airflow/example_dags/example_skip_dag.py
[2025-03-12T13:48:01.773+0000] {logging_mixin.py:190} INFO - [2025-03-12T13:48:01.773+0000] {dag.py:3239} INFO - Sync 1 DAGs
[2025-03-12T13:48:01.798+0000] {logging_mixin.py:190} INFO - [2025-03-12T13:48:01.797+0000] {dag.py:4180} INFO - Setting next_dagrun for example_skip_dag to 2025-03-11 00:00:00+00:00, run_after=2025-03-12 00:00:00+00:00
[2025-03-12T13:48:01.817+0000] {processor.py:208} INFO - Processing /home/airflow/.local/lib/python3.12/site-packages/airflow/example_dags/example_skip_dag.py took 0.079 seconds
[2025-03-12T13:48:32.126+0000] {processor.py:186} INFO - Started process (PID=1133) to work on /home/airflow/.local/lib/python3.12/site-packages/airflow/example_dags/example_skip_dag.py
[2025-03-12T13:48:32.127+0000] {processor.py:914} INFO - Processing file /home/airflow/.local/lib/python3.12/site-packages/airflow/example_dags/example_skip_dag.py for tasks to queue
[2025-03-12T13:48:32.128+0000] {logging_mixin.py:190} INFO - [2025-03-12T13:48:32.128+0000] {dagbag.py:588} INFO - Filling up the DagBag from /home/airflow/.local/lib/python3.12/site-packages/airflow/example_dags/example_skip_dag.py
[2025-03-12T13:48:32.134+0000] {processor.py:925} INFO - DAG(s) 'example_skip_dag' retrieved from /home/airflow/.local/lib/python3.12/site-packages/airflow/example_dags/example_skip_dag.py
[2025-03-12T13:48:32.151+0000] {logging_mixin.py:190} INFO - [2025-03-12T13:48:32.151+0000] {dag.py:3239} INFO - Sync 1 DAGs
[2025-03-12T13:48:32.166+0000] {logging_mixin.py:190} INFO - [2025-03-12T13:48:32.166+0000] {dag.py:4180} INFO - Setting next_dagrun for example_skip_dag to 2025-03-11 00:00:00+00:00, run_after=2025-03-12 00:00:00+00:00
[2025-03-12T13:48:32.181+0000] {processor.py:208} INFO - Processing /home/airflow/.local/lib/python3.12/site-packages/airflow/example_dags/example_skip_dag.py took 0.060 seconds
[2025-03-12T13:49:02.783+0000] {processor.py:186} INFO - Started process (PID=1440) to work on /home/airflow/.local/lib/python3.12/site-packages/airflow/example_dags/example_skip_dag.py
[2025-03-12T13:49:02.784+0000] {processor.py:914} INFO - Processing file /home/airflow/.local/lib/python3.12/site-packages/airflow/example_dags/example_skip_dag.py for tasks to queue
[2025-03-12T13:49:02.785+0000] {logging_mixin.py:190} INFO - [2025-03-12T13:49:02.785+0000] {dagbag.py:588} INFO - Filling up the DagBag from /home/airflow/.local/lib/python3.12/site-packages/airflow/example_dags/example_skip_dag.py
[2025-03-12T13:49:02.791+0000] {processor.py:925} INFO - DAG(s) 'example_skip_dag' retrieved from /home/airflow/.local/lib/python3.12/site-packages/airflow/example_dags/example_skip_dag.py
[2025-03-12T13:49:02.808+0000] {logging_mixin.py:190} INFO - [2025-03-12T13:49:02.808+0000] {dag.py:3239} INFO - Sync 1 DAGs
[2025-03-12T13:49:02.826+0000] {logging_mixin.py:190} INFO - [2025-03-12T13:49:02.825+0000] {dag.py:4180} INFO - Setting next_dagrun for example_skip_dag to 2025-03-11 00:00:00+00:00, run_after=2025-03-12 00:00:00+00:00
[2025-03-12T13:49:02.843+0000] {processor.py:208} INFO - Processing /home/airflow/.local/lib/python3.12/site-packages/airflow/example_dags/example_skip_dag.py took 0.065 seconds
[2025-03-12T13:49:33.617+0000] {processor.py:186} INFO - Started process (PID=1746) to work on /home/airflow/.local/lib/python3.12/site-packages/airflow/example_dags/example_skip_dag.py
[2025-03-12T13:49:33.618+0000] {processor.py:914} INFO - Processing file /home/airflow/.local/lib/python3.12/site-packages/airflow/example_dags/example_skip_dag.py for tasks to queue
[2025-03-12T13:49:33.619+0000] {logging_mixin.py:190} INFO - [2025-03-12T13:49:33.619+0000] {dagbag.py:588} INFO - Filling up the DagBag from /home/airflow/.local/lib/python3.12/site-packages/airflow/example_dags/example_skip_dag.py
[2025-03-12T13:49:33.626+0000] {processor.py:925} INFO - DAG(s) 'example_skip_dag' retrieved from /home/airflow/.local/lib/python3.12/site-packages/airflow/example_dags/example_skip_dag.py
[2025-03-12T13:49:33.643+0000] {logging_mixin.py:190} INFO - [2025-03-12T13:49:33.643+0000] {dag.py:3239} INFO - Sync 1 DAGs
[2025-03-12T13:49:33.660+0000] {logging_mixin.py:190} INFO - [2025-03-12T13:49:33.660+0000] {dag.py:4180} INFO - Setting next_dagrun for example_skip_dag to 2025-03-11 00:00:00+00:00, run_after=2025-03-12 00:00:00+00:00
[2025-03-12T13:49:33.676+0000] {processor.py:208} INFO - Processing /home/airflow/.local/lib/python3.12/site-packages/airflow/example_dags/example_skip_dag.py took 0.063 seconds
[2025-03-12T13:50:06.447+0000] {processor.py:186} INFO - Started process (PID=2052) to work on /home/airflow/.local/lib/python3.12/site-packages/airflow/example_dags/example_skip_dag.py
[2025-03-12T13:50:06.448+0000] {processor.py:914} INFO - Processing file /home/airflow/.local/lib/python3.12/site-packages/airflow/example_dags/example_skip_dag.py for tasks to queue
[2025-03-12T13:50:06.450+0000] {logging_mixin.py:190} INFO - [2025-03-12T13:50:06.449+0000] {dagbag.py:588} INFO - Filling up the DagBag from /home/airflow/.local/lib/python3.12/site-packages/airflow/example_dags/example_skip_dag.py
[2025-03-12T13:50:06.455+0000] {processor.py:925} INFO - DAG(s) 'example_skip_dag' retrieved from /home/airflow/.local/lib/python3.12/site-packages/airflow/example_dags/example_skip_dag.py
[2025-03-12T13:50:06.473+0000] {logging_mixin.py:190} INFO - [2025-03-12T13:50:06.473+0000] {dag.py:3239} INFO - Sync 1 DAGs
[2025-03-12T13:50:06.493+0000] {logging_mixin.py:190} INFO - [2025-03-12T13:50:06.493+0000] {dag.py:4180} INFO - Setting next_dagrun for example_skip_dag to 2025-03-11 00:00:00+00:00, run_after=2025-03-12 00:00:00+00:00
[2025-03-12T13:50:06.508+0000] {processor.py:208} INFO - Processing /home/airflow/.local/lib/python3.12/site-packages/airflow/example_dags/example_skip_dag.py took 0.066 seconds
[2025-03-12T13:50:40.645+0000] {processor.py:186} INFO - Started process (PID=2359) to work on /home/airflow/.local/lib/python3.12/site-packages/airflow/example_dags/example_skip_dag.py
[2025-03-12T13:50:40.646+0000] {processor.py:914} INFO - Processing file /home/airflow/.local/lib/python3.12/site-packages/airflow/example_dags/example_skip_dag.py for tasks to queue
[2025-03-12T13:50:40.648+0000] {logging_mixin.py:190} INFO - [2025-03-12T13:50:40.648+0000] {dagbag.py:588} INFO - Filling up the DagBag from /home/airflow/.local/lib/python3.12/site-packages/airflow/example_dags/example_skip_dag.py
[2025-03-12T13:50:40.654+0000] {processor.py:925} INFO - DAG(s) 'example_skip_dag' retrieved from /home/airflow/.local/lib/python3.12/site-packages/airflow/example_dags/example_skip_dag.py
[2025-03-12T13:50:40.673+0000] {logging_mixin.py:190} INFO - [2025-03-12T13:50:40.673+0000] {dag.py:3239} INFO - Sync 1 DAGs
[2025-03-12T13:50:40.690+0000] {logging_mixin.py:190} INFO - [2025-03-12T13:50:40.690+0000] {dag.py:4180} INFO - Setting next_dagrun for example_skip_dag to 2025-03-11 00:00:00+00:00, run_after=2025-03-12 00:00:00+00:00
[2025-03-12T13:50:40.709+0000] {processor.py:208} INFO - Processing /home/airflow/.local/lib/python3.12/site-packages/airflow/example_dags/example_skip_dag.py took 0.067 seconds
[2025-03-12T13:51:13.592+0000] {processor.py:186} INFO - Started process (PID=2665) to work on /home/airflow/.local/lib/python3.12/site-packages/airflow/example_dags/example_skip_dag.py
[2025-03-12T13:51:13.593+0000] {processor.py:914} INFO - Processing file /home/airflow/.local/lib/python3.12/site-packages/airflow/example_dags/example_skip_dag.py for tasks to queue
[2025-03-12T13:51:13.595+0000] {logging_mixin.py:190} INFO - [2025-03-12T13:51:13.595+0000] {dagbag.py:588} INFO - Filling up the DagBag from /home/airflow/.local/lib/python3.12/site-packages/airflow/example_dags/example_skip_dag.py
[2025-03-12T13:51:13.601+0000] {processor.py:925} INFO - DAG(s) 'example_skip_dag' retrieved from /home/airflow/.local/lib/python3.12/site-packages/airflow/example_dags/example_skip_dag.py
[2025-03-12T13:51:13.617+0000] {logging_mixin.py:190} INFO - [2025-03-12T13:51:13.617+0000] {dag.py:3239} INFO - Sync 1 DAGs
[2025-03-12T13:51:13.639+0000] {logging_mixin.py:190} INFO - [2025-03-12T13:51:13.639+0000] {dag.py:4180} INFO - Setting next_dagrun for example_skip_dag to 2025-03-11 00:00:00+00:00, run_after=2025-03-12 00:00:00+00:00
[2025-03-12T13:51:13.656+0000] {processor.py:208} INFO - Processing /home/airflow/.local/lib/python3.12/site-packages/airflow/example_dags/example_skip_dag.py took 0.068 seconds
[2025-03-12T13:51:46.327+0000] {processor.py:186} INFO - Started process (PID=2971) to work on /home/airflow/.local/lib/python3.12/site-packages/airflow/example_dags/example_skip_dag.py
[2025-03-12T13:51:46.329+0000] {processor.py:914} INFO - Processing file /home/airflow/.local/lib/python3.12/site-packages/airflow/example_dags/example_skip_dag.py for tasks to queue
[2025-03-12T13:51:46.331+0000] {logging_mixin.py:190} INFO - [2025-03-12T13:51:46.331+0000] {dagbag.py:588} INFO - Filling up the DagBag from /home/airflow/.local/lib/python3.12/site-packages/airflow/example_dags/example_skip_dag.py
[2025-03-12T13:51:46.337+0000] {processor.py:925} INFO - DAG(s) 'example_skip_dag' retrieved from /home/airflow/.local/lib/python3.12/site-packages/airflow/example_dags/example_skip_dag.py
[2025-03-12T13:51:46.353+0000] {logging_mixin.py:190} INFO - [2025-03-12T13:51:46.353+0000] {dag.py:3239} INFO - Sync 1 DAGs
[2025-03-12T13:51:46.371+0000] {logging_mixin.py:190} INFO - [2025-03-12T13:51:46.370+0000] {dag.py:4180} INFO - Setting next_dagrun for example_skip_dag to 2025-03-11 00:00:00+00:00, run_after=2025-03-12 00:00:00+00:00
[2025-03-12T13:51:46.385+0000] {processor.py:208} INFO - Processing /home/airflow/.local/lib/python3.12/site-packages/airflow/example_dags/example_skip_dag.py took 0.063 seconds
[2025-03-12T13:52:20.307+0000] {processor.py:186} INFO - Started process (PID=3277) to work on /home/airflow/.local/lib/python3.12/site-packages/airflow/example_dags/example_skip_dag.py
[2025-03-12T13:52:20.308+0000] {processor.py:914} INFO - Processing file /home/airflow/.local/lib/python3.12/site-packages/airflow/example_dags/example_skip_dag.py for tasks to queue
[2025-03-12T13:52:20.309+0000] {logging_mixin.py:190} INFO - [2025-03-12T13:52:20.309+0000] {dagbag.py:588} INFO - Filling up the DagBag from /home/airflow/.local/lib/python3.12/site-packages/airflow/example_dags/example_skip_dag.py
[2025-03-12T13:52:20.315+0000] {processor.py:925} INFO - DAG(s) 'example_skip_dag' retrieved from /home/airflow/.local/lib/python3.12/site-packages/airflow/example_dags/example_skip_dag.py
[2025-03-12T13:52:20.331+0000] {logging_mixin.py:190} INFO - [2025-03-12T13:52:20.331+0000] {dag.py:3239} INFO - Sync 1 DAGs
[2025-03-12T13:52:20.347+0000] {logging_mixin.py:190} INFO - [2025-03-12T13:52:20.347+0000] {dag.py:4180} INFO - Setting next_dagrun for example_skip_dag to 2025-03-11 00:00:00+00:00, run_after=2025-03-12 00:00:00+00:00
[2025-03-12T13:52:20.360+0000] {processor.py:208} INFO - Processing /home/airflow/.local/lib/python3.12/site-packages/airflow/example_dags/example_skip_dag.py took 0.058 seconds
[2025-03-12T13:52:53.938+0000] {processor.py:186} INFO - Started process (PID=3581) to work on /home/airflow/.local/lib/python3.12/site-packages/airflow/example_dags/example_skip_dag.py
[2025-03-12T13:52:53.939+0000] {processor.py:914} INFO - Processing file /home/airflow/.local/lib/python3.12/site-packages/airflow/example_dags/example_skip_dag.py for tasks to queue
[2025-03-12T13:52:53.943+0000] {logging_mixin.py:190} INFO - [2025-03-12T13:52:53.942+0000] {dagbag.py:588} INFO - Filling up the DagBag from /home/airflow/.local/lib/python3.12/site-packages/airflow/example_dags/example_skip_dag.py
[2025-03-12T13:52:53.954+0000] {processor.py:925} INFO - DAG(s) 'example_skip_dag' retrieved from /home/airflow/.local/lib/python3.12/site-packages/airflow/example_dags/example_skip_dag.py
[2025-03-12T13:52:53.983+0000] {logging_mixin.py:190} INFO - [2025-03-12T13:52:53.983+0000] {dag.py:3239} INFO - Sync 1 DAGs
[2025-03-12T13:52:54.016+0000] {logging_mixin.py:190} INFO - [2025-03-12T13:52:54.015+0000] {dag.py:4180} INFO - Setting next_dagrun for example_skip_dag to 2025-03-11 00:00:00+00:00, run_after=2025-03-12 00:00:00+00:00
[2025-03-12T13:52:54.041+0000] {processor.py:208} INFO - Processing /home/airflow/.local/lib/python3.12/site-packages/airflow/example_dags/example_skip_dag.py took 0.112 seconds
[2025-03-12T13:53:26.341+0000] {processor.py:186} INFO - Started process (PID=3889) to work on /home/airflow/.local/lib/python3.12/site-packages/airflow/example_dags/example_skip_dag.py
[2025-03-12T13:53:26.342+0000] {processor.py:914} INFO - Processing file /home/airflow/.local/lib/python3.12/site-packages/airflow/example_dags/example_skip_dag.py for tasks to queue
[2025-03-12T13:53:26.344+0000] {logging_mixin.py:190} INFO - [2025-03-12T13:53:26.344+0000] {dagbag.py:588} INFO - Filling up the DagBag from /home/airflow/.local/lib/python3.12/site-packages/airflow/example_dags/example_skip_dag.py
[2025-03-12T13:53:26.351+0000] {processor.py:925} INFO - DAG(s) 'example_skip_dag' retrieved from /home/airflow/.local/lib/python3.12/site-packages/airflow/example_dags/example_skip_dag.py
[2025-03-12T13:53:26.371+0000] {logging_mixin.py:190} INFO - [2025-03-12T13:53:26.371+0000] {dag.py:3239} INFO - Sync 1 DAGs
[2025-03-12T13:53:26.393+0000] {logging_mixin.py:190} INFO - [2025-03-12T13:53:26.393+0000] {dag.py:4180} INFO - Setting next_dagrun for example_skip_dag to 2025-03-11 00:00:00+00:00, run_after=2025-03-12 00:00:00+00:00
[2025-03-12T13:53:26.413+0000] {processor.py:208} INFO - Processing /home/airflow/.local/lib/python3.12/site-packages/airflow/example_dags/example_skip_dag.py took 0.078 seconds
[2025-03-12T13:53:59.975+0000] {processor.py:186} INFO - Started process (PID=4195) to work on /home/airflow/.local/lib/python3.12/site-packages/airflow/example_dags/example_skip_dag.py
[2025-03-12T13:53:59.976+0000] {processor.py:914} INFO - Processing file /home/airflow/.local/lib/python3.12/site-packages/airflow/example_dags/example_skip_dag.py for tasks to queue
[2025-03-12T13:53:59.979+0000] {logging_mixin.py:190} INFO - [2025-03-12T13:53:59.978+0000] {dagbag.py:588} INFO - Filling up the DagBag from /home/airflow/.local/lib/python3.12/site-packages/airflow/example_dags/example_skip_dag.py
[2025-03-12T13:53:59.986+0000] {processor.py:925} INFO - DAG(s) 'example_skip_dag' retrieved from /home/airflow/.local/lib/python3.12/site-packages/airflow/example_dags/example_skip_dag.py
[2025-03-12T13:54:00.005+0000] {logging_mixin.py:190} INFO - [2025-03-12T13:54:00.005+0000] {dag.py:3239} INFO - Sync 1 DAGs
[2025-03-12T13:54:00.036+0000] {logging_mixin.py:190} INFO - [2025-03-12T13:54:00.036+0000] {dag.py:4180} INFO - Setting next_dagrun for example_skip_dag to 2025-03-11 00:00:00+00:00, run_after=2025-03-12 00:00:00+00:00
[2025-03-12T13:54:00.071+0000] {processor.py:208} INFO - Processing /home/airflow/.local/lib/python3.12/site-packages/airflow/example_dags/example_skip_dag.py took 0.100 seconds
[2025-03-12T13:54:33.221+0000] {processor.py:186} INFO - Started process (PID=4501) to work on /home/airflow/.local/lib/python3.12/site-packages/airflow/example_dags/example_skip_dag.py
[2025-03-12T13:54:33.222+0000] {processor.py:914} INFO - Processing file /home/airflow/.local/lib/python3.12/site-packages/airflow/example_dags/example_skip_dag.py for tasks to queue
[2025-03-12T13:54:33.224+0000] {logging_mixin.py:190} INFO - [2025-03-12T13:54:33.224+0000] {dagbag.py:588} INFO - Filling up the DagBag from /home/airflow/.local/lib/python3.12/site-packages/airflow/example_dags/example_skip_dag.py
[2025-03-12T13:54:33.231+0000] {processor.py:925} INFO - DAG(s) 'example_skip_dag' retrieved from /home/airflow/.local/lib/python3.12/site-packages/airflow/example_dags/example_skip_dag.py
[2025-03-12T13:54:33.253+0000] {logging_mixin.py:190} INFO - [2025-03-12T13:54:33.252+0000] {dag.py:3239} INFO - Sync 1 DAGs
[2025-03-12T13:54:33.278+0000] {logging_mixin.py:190} INFO - [2025-03-12T13:54:33.278+0000] {dag.py:4180} INFO - Setting next_dagrun for example_skip_dag to 2025-03-11 00:00:00+00:00, run_after=2025-03-12 00:00:00+00:00
[2025-03-12T13:54:33.294+0000] {processor.py:208} INFO - Processing /home/airflow/.local/lib/python3.12/site-packages/airflow/example_dags/example_skip_dag.py took 0.080 seconds
[2025-03-12T13:55:07.249+0000] {processor.py:186} INFO - Started process (PID=4805) to work on /home/airflow/.local/lib/python3.12/site-packages/airflow/example_dags/example_skip_dag.py
[2025-03-12T13:55:07.251+0000] {processor.py:914} INFO - Processing file /home/airflow/.local/lib/python3.12/site-packages/airflow/example_dags/example_skip_dag.py for tasks to queue
[2025-03-12T13:55:07.256+0000] {logging_mixin.py:190} INFO - [2025-03-12T13:55:07.255+0000] {dagbag.py:588} INFO - Filling up the DagBag from /home/airflow/.local/lib/python3.12/site-packages/airflow/example_dags/example_skip_dag.py
[2025-03-12T13:55:07.263+0000] {processor.py:925} INFO - DAG(s) 'example_skip_dag' retrieved from /home/airflow/.local/lib/python3.12/site-packages/airflow/example_dags/example_skip_dag.py
[2025-03-12T13:55:07.285+0000] {logging_mixin.py:190} INFO - [2025-03-12T13:55:07.285+0000] {dag.py:3239} INFO - Sync 1 DAGs
[2025-03-12T13:55:07.322+0000] {logging_mixin.py:190} INFO - [2025-03-12T13:55:07.322+0000] {dag.py:4180} INFO - Setting next_dagrun for example_skip_dag to 2025-03-11 00:00:00+00:00, run_after=2025-03-12 00:00:00+00:00
[2025-03-12T13:55:07.349+0000] {processor.py:208} INFO - Processing /home/airflow/.local/lib/python3.12/site-packages/airflow/example_dags/example_skip_dag.py took 0.105 seconds
[2025-03-12T13:55:39.783+0000] {processor.py:186} INFO - Started process (PID=5113) to work on /home/airflow/.local/lib/python3.12/site-packages/airflow/example_dags/example_skip_dag.py
[2025-03-12T13:55:39.784+0000] {processor.py:914} INFO - Processing file /home/airflow/.local/lib/python3.12/site-packages/airflow/example_dags/example_skip_dag.py for tasks to queue
[2025-03-12T13:55:39.786+0000] {logging_mixin.py:190} INFO - [2025-03-12T13:55:39.785+0000] {dagbag.py:588} INFO - Filling up the DagBag from /home/airflow/.local/lib/python3.12/site-packages/airflow/example_dags/example_skip_dag.py
[2025-03-12T13:55:39.791+0000] {processor.py:925} INFO - DAG(s) 'example_skip_dag' retrieved from /home/airflow/.local/lib/python3.12/site-packages/airflow/example_dags/example_skip_dag.py
[2025-03-12T13:55:39.812+0000] {logging_mixin.py:190} INFO - [2025-03-12T13:55:39.812+0000] {dag.py:3239} INFO - Sync 1 DAGs
[2025-03-12T13:55:39.830+0000] {logging_mixin.py:190} INFO - [2025-03-12T13:55:39.830+0000] {dag.py:4180} INFO - Setting next_dagrun for example_skip_dag to 2025-03-11 00:00:00+00:00, run_after=2025-03-12 00:00:00+00:00
[2025-03-12T13:55:39.845+0000] {processor.py:208} INFO - Processing /home/airflow/.local/lib/python3.12/site-packages/airflow/example_dags/example_skip_dag.py took 0.066 seconds
[2025-03-12T13:56:13.575+0000] {processor.py:186} INFO - Started process (PID=5419) to work on /home/airflow/.local/lib/python3.12/site-packages/airflow/example_dags/example_skip_dag.py
[2025-03-12T13:56:13.576+0000] {processor.py:914} INFO - Processing file /home/airflow/.local/lib/python3.12/site-packages/airflow/example_dags/example_skip_dag.py for tasks to queue
[2025-03-12T13:56:13.578+0000] {logging_mixin.py:190} INFO - [2025-03-12T13:56:13.578+0000] {dagbag.py:588} INFO - Filling up the DagBag from /home/airflow/.local/lib/python3.12/site-packages/airflow/example_dags/example_skip_dag.py
[2025-03-12T13:56:13.585+0000] {processor.py:925} INFO - DAG(s) 'example_skip_dag' retrieved from /home/airflow/.local/lib/python3.12/site-packages/airflow/example_dags/example_skip_dag.py
[2025-03-12T13:56:13.603+0000] {logging_mixin.py:190} INFO - [2025-03-12T13:56:13.603+0000] {dag.py:3239} INFO - Sync 1 DAGs
[2025-03-12T13:56:13.621+0000] {logging_mixin.py:190} INFO - [2025-03-12T13:56:13.621+0000] {dag.py:4180} INFO - Setting next_dagrun for example_skip_dag to 2025-03-11 00:00:00+00:00, run_after=2025-03-12 00:00:00+00:00
[2025-03-12T13:56:13.641+0000] {processor.py:208} INFO - Processing /home/airflow/.local/lib/python3.12/site-packages/airflow/example_dags/example_skip_dag.py took 0.071 seconds
[2025-03-12T13:56:46.790+0000] {processor.py:186} INFO - Started process (PID=5725) to work on /home/airflow/.local/lib/python3.12/site-packages/airflow/example_dags/example_skip_dag.py
[2025-03-12T13:56:46.791+0000] {processor.py:914} INFO - Processing file /home/airflow/.local/lib/python3.12/site-packages/airflow/example_dags/example_skip_dag.py for tasks to queue
[2025-03-12T13:56:46.792+0000] {logging_mixin.py:190} INFO - [2025-03-12T13:56:46.792+0000] {dagbag.py:588} INFO - Filling up the DagBag from /home/airflow/.local/lib/python3.12/site-packages/airflow/example_dags/example_skip_dag.py
[2025-03-12T13:56:46.798+0000] {processor.py:925} INFO - DAG(s) 'example_skip_dag' retrieved from /home/airflow/.local/lib/python3.12/site-packages/airflow/example_dags/example_skip_dag.py
[2025-03-12T13:56:46.814+0000] {logging_mixin.py:190} INFO - [2025-03-12T13:56:46.814+0000] {dag.py:3239} INFO - Sync 1 DAGs
[2025-03-12T13:56:46.830+0000] {logging_mixin.py:190} INFO - [2025-03-12T13:56:46.830+0000] {dag.py:4180} INFO - Setting next_dagrun for example_skip_dag to 2025-03-11 00:00:00+00:00, run_after=2025-03-12 00:00:00+00:00
[2025-03-12T13:56:46.845+0000] {processor.py:208} INFO - Processing /home/airflow/.local/lib/python3.12/site-packages/airflow/example_dags/example_skip_dag.py took 0.060 seconds
[2025-03-12T13:57:20.283+0000] {processor.py:186} INFO - Started process (PID=6031) to work on /home/airflow/.local/lib/python3.12/site-packages/airflow/example_dags/example_skip_dag.py
[2025-03-12T13:57:20.284+0000] {processor.py:914} INFO - Processing file /home/airflow/.local/lib/python3.12/site-packages/airflow/example_dags/example_skip_dag.py for tasks to queue
[2025-03-12T13:57:20.286+0000] {logging_mixin.py:190} INFO - [2025-03-12T13:57:20.286+0000] {dagbag.py:588} INFO - Filling up the DagBag from /home/airflow/.local/lib/python3.12/site-packages/airflow/example_dags/example_skip_dag.py
[2025-03-12T13:57:20.298+0000] {processor.py:925} INFO - DAG(s) 'example_skip_dag' retrieved from /home/airflow/.local/lib/python3.12/site-packages/airflow/example_dags/example_skip_dag.py
[2025-03-12T13:57:20.335+0000] {logging_mixin.py:190} INFO - [2025-03-12T13:57:20.335+0000] {dag.py:3239} INFO - Sync 1 DAGs
[2025-03-12T13:57:20.354+0000] {logging_mixin.py:190} INFO - [2025-03-12T13:57:20.354+0000] {dag.py:4180} INFO - Setting next_dagrun for example_skip_dag to 2025-03-11 00:00:00+00:00, run_after=2025-03-12 00:00:00+00:00
[2025-03-12T13:57:20.369+0000] {processor.py:208} INFO - Processing /home/airflow/.local/lib/python3.12/site-packages/airflow/example_dags/example_skip_dag.py took 0.091 seconds
[2025-03-12T13:57:53.892+0000] {processor.py:186} INFO - Started process (PID=6337) to work on /home/airflow/.local/lib/python3.12/site-packages/airflow/example_dags/example_skip_dag.py
[2025-03-12T13:57:53.893+0000] {processor.py:914} INFO - Processing file /home/airflow/.local/lib/python3.12/site-packages/airflow/example_dags/example_skip_dag.py for tasks to queue
[2025-03-12T13:57:53.895+0000] {logging_mixin.py:190} INFO - [2025-03-12T13:57:53.894+0000] {dagbag.py:588} INFO - Filling up the DagBag from /home/airflow/.local/lib/python3.12/site-packages/airflow/example_dags/example_skip_dag.py
[2025-03-12T13:57:53.900+0000] {processor.py:925} INFO - DAG(s) 'example_skip_dag' retrieved from /home/airflow/.local/lib/python3.12/site-packages/airflow/example_dags/example_skip_dag.py
[2025-03-12T13:57:53.917+0000] {logging_mixin.py:190} INFO - [2025-03-12T13:57:53.916+0000] {dag.py:3239} INFO - Sync 1 DAGs
[2025-03-12T13:57:53.932+0000] {logging_mixin.py:190} INFO - [2025-03-12T13:57:53.932+0000] {dag.py:4180} INFO - Setting next_dagrun for example_skip_dag to 2025-03-11 00:00:00+00:00, run_after=2025-03-12 00:00:00+00:00
[2025-03-12T13:57:53.946+0000] {processor.py:208} INFO - Processing /home/airflow/.local/lib/python3.12/site-packages/airflow/example_dags/example_skip_dag.py took 0.058 seconds
[2025-03-12T13:58:26.967+0000] {processor.py:186} INFO - Started process (PID=6643) to work on /home/airflow/.local/lib/python3.12/site-packages/airflow/example_dags/example_skip_dag.py
[2025-03-12T13:58:26.968+0000] {processor.py:914} INFO - Processing file /home/airflow/.local/lib/python3.12/site-packages/airflow/example_dags/example_skip_dag.py for tasks to queue
[2025-03-12T13:58:26.970+0000] {logging_mixin.py:190} INFO - [2025-03-12T13:58:26.970+0000] {dagbag.py:588} INFO - Filling up the DagBag from /home/airflow/.local/lib/python3.12/site-packages/airflow/example_dags/example_skip_dag.py
[2025-03-12T13:58:26.976+0000] {processor.py:925} INFO - DAG(s) 'example_skip_dag' retrieved from /home/airflow/.local/lib/python3.12/site-packages/airflow/example_dags/example_skip_dag.py
[2025-03-12T13:58:26.992+0000] {logging_mixin.py:190} INFO - [2025-03-12T13:58:26.992+0000] {dag.py:3239} INFO - Sync 1 DAGs
[2025-03-12T13:58:27.008+0000] {logging_mixin.py:190} INFO - [2025-03-12T13:58:27.008+0000] {dag.py:4180} INFO - Setting next_dagrun for example_skip_dag to 2025-03-11 00:00:00+00:00, run_after=2025-03-12 00:00:00+00:00
[2025-03-12T13:58:27.022+0000] {processor.py:208} INFO - Processing /home/airflow/.local/lib/python3.12/site-packages/airflow/example_dags/example_skip_dag.py took 0.059 seconds
[2025-03-12T13:59:00.308+0000] {processor.py:186} INFO - Started process (PID=6949) to work on /home/airflow/.local/lib/python3.12/site-packages/airflow/example_dags/example_skip_dag.py
[2025-03-12T13:59:00.309+0000] {processor.py:914} INFO - Processing file /home/airflow/.local/lib/python3.12/site-packages/airflow/example_dags/example_skip_dag.py for tasks to queue
[2025-03-12T13:59:00.311+0000] {logging_mixin.py:190} INFO - [2025-03-12T13:59:00.311+0000] {dagbag.py:588} INFO - Filling up the DagBag from /home/airflow/.local/lib/python3.12/site-packages/airflow/example_dags/example_skip_dag.py
[2025-03-12T13:59:00.317+0000] {processor.py:925} INFO - DAG(s) 'example_skip_dag' retrieved from /home/airflow/.local/lib/python3.12/site-packages/airflow/example_dags/example_skip_dag.py
[2025-03-12T13:59:00.344+0000] {logging_mixin.py:190} INFO - [2025-03-12T13:59:00.343+0000] {dag.py:3239} INFO - Sync 1 DAGs
[2025-03-12T13:59:00.377+0000] {logging_mixin.py:190} INFO - [2025-03-12T13:59:00.376+0000] {dag.py:4180} INFO - Setting next_dagrun for example_skip_dag to 2025-03-11 00:00:00+00:00, run_after=2025-03-12 00:00:00+00:00
[2025-03-12T13:59:00.406+0000] {processor.py:208} INFO - Processing /home/airflow/.local/lib/python3.12/site-packages/airflow/example_dags/example_skip_dag.py took 0.101 seconds
[2025-03-12T13:59:33.361+0000] {processor.py:186} INFO - Started process (PID=7255) to work on /home/airflow/.local/lib/python3.12/site-packages/airflow/example_dags/example_skip_dag.py
[2025-03-12T13:59:33.362+0000] {processor.py:914} INFO - Processing file /home/airflow/.local/lib/python3.12/site-packages/airflow/example_dags/example_skip_dag.py for tasks to queue
[2025-03-12T13:59:33.364+0000] {logging_mixin.py:190} INFO - [2025-03-12T13:59:33.364+0000] {dagbag.py:588} INFO - Filling up the DagBag from /home/airflow/.local/lib/python3.12/site-packages/airflow/example_dags/example_skip_dag.py
[2025-03-12T13:59:33.370+0000] {processor.py:925} INFO - DAG(s) 'example_skip_dag' retrieved from /home/airflow/.local/lib/python3.12/site-packages/airflow/example_dags/example_skip_dag.py
[2025-03-12T13:59:33.388+0000] {logging_mixin.py:190} INFO - [2025-03-12T13:59:33.388+0000] {dag.py:3239} INFO - Sync 1 DAGs
[2025-03-12T13:59:33.407+0000] {logging_mixin.py:190} INFO - [2025-03-12T13:59:33.407+0000] {dag.py:4180} INFO - Setting next_dagrun for example_skip_dag to 2025-03-11 00:00:00+00:00, run_after=2025-03-12 00:00:00+00:00
[2025-03-12T13:59:33.423+0000] {processor.py:208} INFO - Processing /home/airflow/.local/lib/python3.12/site-packages/airflow/example_dags/example_skip_dag.py took 0.066 seconds
[2025-03-12T14:00:07.106+0000] {processor.py:186} INFO - Started process (PID=7561) to work on /home/airflow/.local/lib/python3.12/site-packages/airflow/example_dags/example_skip_dag.py
[2025-03-12T14:00:07.107+0000] {processor.py:914} INFO - Processing file /home/airflow/.local/lib/python3.12/site-packages/airflow/example_dags/example_skip_dag.py for tasks to queue
[2025-03-12T14:00:07.108+0000] {logging_mixin.py:190} INFO - [2025-03-12T14:00:07.108+0000] {dagbag.py:588} INFO - Filling up the DagBag from /home/airflow/.local/lib/python3.12/site-packages/airflow/example_dags/example_skip_dag.py
[2025-03-12T14:00:07.114+0000] {processor.py:925} INFO - DAG(s) 'example_skip_dag' retrieved from /home/airflow/.local/lib/python3.12/site-packages/airflow/example_dags/example_skip_dag.py
[2025-03-12T14:00:07.132+0000] {logging_mixin.py:190} INFO - [2025-03-12T14:00:07.132+0000] {dag.py:3239} INFO - Sync 1 DAGs
[2025-03-12T14:00:07.152+0000] {logging_mixin.py:190} INFO - [2025-03-12T14:00:07.152+0000] {dag.py:4180} INFO - Setting next_dagrun for example_skip_dag to 2025-03-11 00:00:00+00:00, run_after=2025-03-12 00:00:00+00:00
[2025-03-12T14:00:07.168+0000] {processor.py:208} INFO - Processing /home/airflow/.local/lib/python3.12/site-packages/airflow/example_dags/example_skip_dag.py took 0.066 seconds
[2025-03-12T14:00:39.868+0000] {processor.py:186} INFO - Started process (PID=7865) to work on /home/airflow/.local/lib/python3.12/site-packages/airflow/example_dags/example_skip_dag.py
[2025-03-12T14:00:39.870+0000] {processor.py:914} INFO - Processing file /home/airflow/.local/lib/python3.12/site-packages/airflow/example_dags/example_skip_dag.py for tasks to queue
[2025-03-12T14:00:39.872+0000] {logging_mixin.py:190} INFO - [2025-03-12T14:00:39.872+0000] {dagbag.py:588} INFO - Filling up the DagBag from /home/airflow/.local/lib/python3.12/site-packages/airflow/example_dags/example_skip_dag.py
[2025-03-12T14:00:39.878+0000] {processor.py:925} INFO - DAG(s) 'example_skip_dag' retrieved from /home/airflow/.local/lib/python3.12/site-packages/airflow/example_dags/example_skip_dag.py
[2025-03-12T14:00:39.900+0000] {logging_mixin.py:190} INFO - [2025-03-12T14:00:39.899+0000] {dag.py:3239} INFO - Sync 1 DAGs
[2025-03-12T14:00:39.923+0000] {logging_mixin.py:190} INFO - [2025-03-12T14:00:39.923+0000] {dag.py:4180} INFO - Setting next_dagrun for example_skip_dag to 2025-03-11 00:00:00+00:00, run_after=2025-03-12 00:00:00+00:00
[2025-03-12T14:00:39.940+0000] {processor.py:208} INFO - Processing /home/airflow/.local/lib/python3.12/site-packages/airflow/example_dags/example_skip_dag.py took 0.078 seconds
[2025-03-12T14:01:13.520+0000] {processor.py:186} INFO - Started process (PID=8171) to work on /home/airflow/.local/lib/python3.12/site-packages/airflow/example_dags/example_skip_dag.py
[2025-03-12T14:01:13.521+0000] {processor.py:914} INFO - Processing file /home/airflow/.local/lib/python3.12/site-packages/airflow/example_dags/example_skip_dag.py for tasks to queue
[2025-03-12T14:01:13.522+0000] {logging_mixin.py:190} INFO - [2025-03-12T14:01:13.522+0000] {dagbag.py:588} INFO - Filling up the DagBag from /home/airflow/.local/lib/python3.12/site-packages/airflow/example_dags/example_skip_dag.py
[2025-03-12T14:01:13.528+0000] {processor.py:925} INFO - DAG(s) 'example_skip_dag' retrieved from /home/airflow/.local/lib/python3.12/site-packages/airflow/example_dags/example_skip_dag.py
[2025-03-12T14:01:13.546+0000] {logging_mixin.py:190} INFO - [2025-03-12T14:01:13.545+0000] {dag.py:3239} INFO - Sync 1 DAGs
[2025-03-12T14:01:13.569+0000] {logging_mixin.py:190} INFO - [2025-03-12T14:01:13.568+0000] {dag.py:4180} INFO - Setting next_dagrun for example_skip_dag to 2025-03-11 00:00:00+00:00, run_after=2025-03-12 00:00:00+00:00
[2025-03-12T14:01:13.584+0000] {processor.py:208} INFO - Processing /home/airflow/.local/lib/python3.12/site-packages/airflow/example_dags/example_skip_dag.py took 0.068 seconds
[2025-03-12T14:01:46.523+0000] {processor.py:186} INFO - Started process (PID=8480) to work on /home/airflow/.local/lib/python3.12/site-packages/airflow/example_dags/example_skip_dag.py
[2025-03-12T14:01:46.524+0000] {processor.py:914} INFO - Processing file /home/airflow/.local/lib/python3.12/site-packages/airflow/example_dags/example_skip_dag.py for tasks to queue
[2025-03-12T14:01:46.526+0000] {logging_mixin.py:190} INFO - [2025-03-12T14:01:46.526+0000] {dagbag.py:588} INFO - Filling up the DagBag from /home/airflow/.local/lib/python3.12/site-packages/airflow/example_dags/example_skip_dag.py
[2025-03-12T14:01:46.531+0000] {processor.py:925} INFO - DAG(s) 'example_skip_dag' retrieved from /home/airflow/.local/lib/python3.12/site-packages/airflow/example_dags/example_skip_dag.py
[2025-03-12T14:01:46.548+0000] {logging_mixin.py:190} INFO - [2025-03-12T14:01:46.547+0000] {dag.py:3239} INFO - Sync 1 DAGs
[2025-03-12T14:01:46.563+0000] {logging_mixin.py:190} INFO - [2025-03-12T14:01:46.563+0000] {dag.py:4180} INFO - Setting next_dagrun for example_skip_dag to 2025-03-11 00:00:00+00:00, run_after=2025-03-12 00:00:00+00:00
[2025-03-12T14:01:46.578+0000] {processor.py:208} INFO - Processing /home/airflow/.local/lib/python3.12/site-packages/airflow/example_dags/example_skip_dag.py took 0.059 seconds
[2025-03-12T14:02:20.470+0000] {processor.py:186} INFO - Started process (PID=8786) to work on /home/airflow/.local/lib/python3.12/site-packages/airflow/example_dags/example_skip_dag.py
[2025-03-12T14:02:20.471+0000] {processor.py:914} INFO - Processing file /home/airflow/.local/lib/python3.12/site-packages/airflow/example_dags/example_skip_dag.py for tasks to queue
[2025-03-12T14:02:20.473+0000] {logging_mixin.py:190} INFO - [2025-03-12T14:02:20.473+0000] {dagbag.py:588} INFO - Filling up the DagBag from /home/airflow/.local/lib/python3.12/site-packages/airflow/example_dags/example_skip_dag.py
[2025-03-12T14:02:20.479+0000] {processor.py:925} INFO - DAG(s) 'example_skip_dag' retrieved from /home/airflow/.local/lib/python3.12/site-packages/airflow/example_dags/example_skip_dag.py
[2025-03-12T14:02:20.495+0000] {logging_mixin.py:190} INFO - [2025-03-12T14:02:20.495+0000] {dag.py:3239} INFO - Sync 1 DAGs
[2025-03-12T14:02:20.513+0000] {logging_mixin.py:190} INFO - [2025-03-12T14:02:20.512+0000] {dag.py:4180} INFO - Setting next_dagrun for example_skip_dag to 2025-03-11 00:00:00+00:00, run_after=2025-03-12 00:00:00+00:00
[2025-03-12T14:02:20.529+0000] {processor.py:208} INFO - Processing /home/airflow/.local/lib/python3.12/site-packages/airflow/example_dags/example_skip_dag.py took 0.063 seconds
[2025-03-12T14:02:53.491+0000] {processor.py:186} INFO - Started process (PID=9092) to work on /home/airflow/.local/lib/python3.12/site-packages/airflow/example_dags/example_skip_dag.py
[2025-03-12T14:02:53.492+0000] {processor.py:914} INFO - Processing file /home/airflow/.local/lib/python3.12/site-packages/airflow/example_dags/example_skip_dag.py for tasks to queue
[2025-03-12T14:02:53.494+0000] {logging_mixin.py:190} INFO - [2025-03-12T14:02:53.494+0000] {dagbag.py:588} INFO - Filling up the DagBag from /home/airflow/.local/lib/python3.12/site-packages/airflow/example_dags/example_skip_dag.py
[2025-03-12T14:02:53.500+0000] {processor.py:925} INFO - DAG(s) 'example_skip_dag' retrieved from /home/airflow/.local/lib/python3.12/site-packages/airflow/example_dags/example_skip_dag.py
[2025-03-12T14:02:53.517+0000] {logging_mixin.py:190} INFO - [2025-03-12T14:02:53.517+0000] {dag.py:3239} INFO - Sync 1 DAGs
[2025-03-12T14:02:53.536+0000] {logging_mixin.py:190} INFO - [2025-03-12T14:02:53.536+0000] {dag.py:4180} INFO - Setting next_dagrun for example_skip_dag to 2025-03-11 00:00:00+00:00, run_after=2025-03-12 00:00:00+00:00
[2025-03-12T14:02:53.552+0000] {processor.py:208} INFO - Processing /home/airflow/.local/lib/python3.12/site-packages/airflow/example_dags/example_skip_dag.py took 0.065 seconds
[2025-03-12T14:03:26.502+0000] {processor.py:186} INFO - Started process (PID=9396) to work on /home/airflow/.local/lib/python3.12/site-packages/airflow/example_dags/example_skip_dag.py
[2025-03-12T14:03:26.503+0000] {processor.py:914} INFO - Processing file /home/airflow/.local/lib/python3.12/site-packages/airflow/example_dags/example_skip_dag.py for tasks to queue
[2025-03-12T14:03:26.506+0000] {logging_mixin.py:190} INFO - [2025-03-12T14:03:26.505+0000] {dagbag.py:588} INFO - Filling up the DagBag from /home/airflow/.local/lib/python3.12/site-packages/airflow/example_dags/example_skip_dag.py
[2025-03-12T14:03:26.512+0000] {processor.py:925} INFO - DAG(s) 'example_skip_dag' retrieved from /home/airflow/.local/lib/python3.12/site-packages/airflow/example_dags/example_skip_dag.py
[2025-03-12T14:03:26.528+0000] {logging_mixin.py:190} INFO - [2025-03-12T14:03:26.528+0000] {dag.py:3239} INFO - Sync 1 DAGs
[2025-03-12T14:03:26.547+0000] {logging_mixin.py:190} INFO - [2025-03-12T14:03:26.547+0000] {dag.py:4180} INFO - Setting next_dagrun for example_skip_dag to 2025-03-11 00:00:00+00:00, run_after=2025-03-12 00:00:00+00:00
[2025-03-12T14:03:26.562+0000] {processor.py:208} INFO - Processing /home/airflow/.local/lib/python3.12/site-packages/airflow/example_dags/example_skip_dag.py took 0.065 seconds
[2025-03-12T14:04:00.474+0000] {processor.py:186} INFO - Started process (PID=9702) to work on /home/airflow/.local/lib/python3.12/site-packages/airflow/example_dags/example_skip_dag.py
[2025-03-12T14:04:00.475+0000] {processor.py:914} INFO - Processing file /home/airflow/.local/lib/python3.12/site-packages/airflow/example_dags/example_skip_dag.py for tasks to queue
[2025-03-12T14:04:00.477+0000] {logging_mixin.py:190} INFO - [2025-03-12T14:04:00.477+0000] {dagbag.py:588} INFO - Filling up the DagBag from /home/airflow/.local/lib/python3.12/site-packages/airflow/example_dags/example_skip_dag.py
[2025-03-12T14:04:00.487+0000] {processor.py:925} INFO - DAG(s) 'example_skip_dag' retrieved from /home/airflow/.local/lib/python3.12/site-packages/airflow/example_dags/example_skip_dag.py
[2025-03-12T14:04:00.507+0000] {logging_mixin.py:190} INFO - [2025-03-12T14:04:00.507+0000] {dag.py:3239} INFO - Sync 1 DAGs
[2025-03-12T14:04:00.533+0000] {logging_mixin.py:190} INFO - [2025-03-12T14:04:00.533+0000] {dag.py:4180} INFO - Setting next_dagrun for example_skip_dag to 2025-03-11 00:00:00+00:00, run_after=2025-03-12 00:00:00+00:00
[2025-03-12T14:04:00.556+0000] {processor.py:208} INFO - Processing /home/airflow/.local/lib/python3.12/site-packages/airflow/example_dags/example_skip_dag.py took 0.090 seconds
[2025-03-12T14:04:33.012+0000] {processor.py:186} INFO - Started process (PID=10010) to work on /home/airflow/.local/lib/python3.12/site-packages/airflow/example_dags/example_skip_dag.py
[2025-03-12T14:04:33.013+0000] {processor.py:914} INFO - Processing file /home/airflow/.local/lib/python3.12/site-packages/airflow/example_dags/example_skip_dag.py for tasks to queue
[2025-03-12T14:04:33.016+0000] {logging_mixin.py:190} INFO - [2025-03-12T14:04:33.015+0000] {dagbag.py:588} INFO - Filling up the DagBag from /home/airflow/.local/lib/python3.12/site-packages/airflow/example_dags/example_skip_dag.py
[2025-03-12T14:04:33.023+0000] {processor.py:925} INFO - DAG(s) 'example_skip_dag' retrieved from /home/airflow/.local/lib/python3.12/site-packages/airflow/example_dags/example_skip_dag.py
[2025-03-12T14:04:33.041+0000] {logging_mixin.py:190} INFO - [2025-03-12T14:04:33.041+0000] {dag.py:3239} INFO - Sync 1 DAGs
[2025-03-12T14:04:33.062+0000] {logging_mixin.py:190} INFO - [2025-03-12T14:04:33.062+0000] {dag.py:4180} INFO - Setting next_dagrun for example_skip_dag to 2025-03-11 00:00:00+00:00, run_after=2025-03-12 00:00:00+00:00
[2025-03-12T14:04:33.078+0000] {processor.py:208} INFO - Processing /home/airflow/.local/lib/python3.12/site-packages/airflow/example_dags/example_skip_dag.py took 0.071 seconds
[2025-03-12T14:05:06.473+0000] {processor.py:186} INFO - Started process (PID=10316) to work on /home/airflow/.local/lib/python3.12/site-packages/airflow/example_dags/example_skip_dag.py
[2025-03-12T14:05:06.474+0000] {processor.py:914} INFO - Processing file /home/airflow/.local/lib/python3.12/site-packages/airflow/example_dags/example_skip_dag.py for tasks to queue
[2025-03-12T14:05:06.476+0000] {logging_mixin.py:190} INFO - [2025-03-12T14:05:06.476+0000] {dagbag.py:588} INFO - Filling up the DagBag from /home/airflow/.local/lib/python3.12/site-packages/airflow/example_dags/example_skip_dag.py
[2025-03-12T14:05:06.482+0000] {processor.py:925} INFO - DAG(s) 'example_skip_dag' retrieved from /home/airflow/.local/lib/python3.12/site-packages/airflow/example_dags/example_skip_dag.py
[2025-03-12T14:05:06.500+0000] {logging_mixin.py:190} INFO - [2025-03-12T14:05:06.499+0000] {dag.py:3239} INFO - Sync 1 DAGs
[2025-03-12T14:05:06.518+0000] {logging_mixin.py:190} INFO - [2025-03-12T14:05:06.518+0000] {dag.py:4180} INFO - Setting next_dagrun for example_skip_dag to 2025-03-11 00:00:00+00:00, run_after=2025-03-12 00:00:00+00:00
[2025-03-12T14:05:06.534+0000] {processor.py:208} INFO - Processing /home/airflow/.local/lib/python3.12/site-packages/airflow/example_dags/example_skip_dag.py took 0.065 seconds
[2025-03-12T14:05:40.387+0000] {processor.py:186} INFO - Started process (PID=10627) to work on /home/airflow/.local/lib/python3.12/site-packages/airflow/example_dags/example_skip_dag.py
[2025-03-12T14:05:40.388+0000] {processor.py:914} INFO - Processing file /home/airflow/.local/lib/python3.12/site-packages/airflow/example_dags/example_skip_dag.py for tasks to queue
[2025-03-12T14:05:40.389+0000] {logging_mixin.py:190} INFO - [2025-03-12T14:05:40.389+0000] {dagbag.py:588} INFO - Filling up the DagBag from /home/airflow/.local/lib/python3.12/site-packages/airflow/example_dags/example_skip_dag.py
[2025-03-12T14:05:40.396+0000] {processor.py:925} INFO - DAG(s) 'example_skip_dag' retrieved from /home/airflow/.local/lib/python3.12/site-packages/airflow/example_dags/example_skip_dag.py
[2025-03-12T14:05:40.417+0000] {logging_mixin.py:190} INFO - [2025-03-12T14:05:40.417+0000] {dag.py:3239} INFO - Sync 1 DAGs
[2025-03-12T14:05:40.439+0000] {logging_mixin.py:190} INFO - [2025-03-12T14:05:40.439+0000] {dag.py:4180} INFO - Setting next_dagrun for example_skip_dag to 2025-03-11 00:00:00+00:00, run_after=2025-03-12 00:00:00+00:00
[2025-03-12T14:05:40.459+0000] {processor.py:208} INFO - Processing /home/airflow/.local/lib/python3.12/site-packages/airflow/example_dags/example_skip_dag.py took 0.076 seconds
[2025-03-12T14:06:13.084+0000] {processor.py:186} INFO - Started process (PID=10931) to work on /home/airflow/.local/lib/python3.12/site-packages/airflow/example_dags/example_skip_dag.py
[2025-03-12T14:06:13.085+0000] {processor.py:914} INFO - Processing file /home/airflow/.local/lib/python3.12/site-packages/airflow/example_dags/example_skip_dag.py for tasks to queue
[2025-03-12T14:06:13.087+0000] {logging_mixin.py:190} INFO - [2025-03-12T14:06:13.086+0000] {dagbag.py:588} INFO - Filling up the DagBag from /home/airflow/.local/lib/python3.12/site-packages/airflow/example_dags/example_skip_dag.py
[2025-03-12T14:06:13.094+0000] {processor.py:925} INFO - DAG(s) 'example_skip_dag' retrieved from /home/airflow/.local/lib/python3.12/site-packages/airflow/example_dags/example_skip_dag.py
[2025-03-12T14:06:13.115+0000] {logging_mixin.py:190} INFO - [2025-03-12T14:06:13.115+0000] {dag.py:3239} INFO - Sync 1 DAGs
[2025-03-12T14:06:13.136+0000] {logging_mixin.py:190} INFO - [2025-03-12T14:06:13.135+0000] {dag.py:4180} INFO - Setting next_dagrun for example_skip_dag to 2025-03-11 00:00:00+00:00, run_after=2025-03-12 00:00:00+00:00
[2025-03-12T14:06:13.153+0000] {processor.py:208} INFO - Processing /home/airflow/.local/lib/python3.12/site-packages/airflow/example_dags/example_skip_dag.py took 0.073 seconds
[2025-03-12T14:06:46.965+0000] {processor.py:186} INFO - Started process (PID=11239) to work on /home/airflow/.local/lib/python3.12/site-packages/airflow/example_dags/example_skip_dag.py
[2025-03-12T14:06:46.966+0000] {processor.py:914} INFO - Processing file /home/airflow/.local/lib/python3.12/site-packages/airflow/example_dags/example_skip_dag.py for tasks to queue
[2025-03-12T14:06:46.967+0000] {logging_mixin.py:190} INFO - [2025-03-12T14:06:46.967+0000] {dagbag.py:588} INFO - Filling up the DagBag from /home/airflow/.local/lib/python3.12/site-packages/airflow/example_dags/example_skip_dag.py
[2025-03-12T14:06:46.973+0000] {processor.py:925} INFO - DAG(s) 'example_skip_dag' retrieved from /home/airflow/.local/lib/python3.12/site-packages/airflow/example_dags/example_skip_dag.py
[2025-03-12T14:06:46.991+0000] {logging_mixin.py:190} INFO - [2025-03-12T14:06:46.991+0000] {dag.py:3239} INFO - Sync 1 DAGs
[2025-03-12T14:06:47.008+0000] {logging_mixin.py:190} INFO - [2025-03-12T14:06:47.007+0000] {dag.py:4180} INFO - Setting next_dagrun for example_skip_dag to 2025-03-11 00:00:00+00:00, run_after=2025-03-12 00:00:00+00:00
[2025-03-12T14:06:47.023+0000] {processor.py:208} INFO - Processing /home/airflow/.local/lib/python3.12/site-packages/airflow/example_dags/example_skip_dag.py took 0.062 seconds
[2025-03-12T14:07:20.660+0000] {processor.py:186} INFO - Started process (PID=11545) to work on /home/airflow/.local/lib/python3.12/site-packages/airflow/example_dags/example_skip_dag.py
[2025-03-12T14:07:20.661+0000] {processor.py:914} INFO - Processing file /home/airflow/.local/lib/python3.12/site-packages/airflow/example_dags/example_skip_dag.py for tasks to queue
[2025-03-12T14:07:20.663+0000] {logging_mixin.py:190} INFO - [2025-03-12T14:07:20.663+0000] {dagbag.py:588} INFO - Filling up the DagBag from /home/airflow/.local/lib/python3.12/site-packages/airflow/example_dags/example_skip_dag.py
[2025-03-12T14:07:20.669+0000] {processor.py:925} INFO - DAG(s) 'example_skip_dag' retrieved from /home/airflow/.local/lib/python3.12/site-packages/airflow/example_dags/example_skip_dag.py
[2025-03-12T14:07:20.685+0000] {logging_mixin.py:190} INFO - [2025-03-12T14:07:20.685+0000] {dag.py:3239} INFO - Sync 1 DAGs
[2025-03-12T14:07:20.701+0000] {logging_mixin.py:190} INFO - [2025-03-12T14:07:20.701+0000] {dag.py:4180} INFO - Setting next_dagrun for example_skip_dag to 2025-03-11 00:00:00+00:00, run_after=2025-03-12 00:00:00+00:00
[2025-03-12T14:07:20.716+0000] {processor.py:208} INFO - Processing /home/airflow/.local/lib/python3.12/site-packages/airflow/example_dags/example_skip_dag.py took 0.060 seconds
[2025-03-12T14:07:53.561+0000] {processor.py:186} INFO - Started process (PID=11851) to work on /home/airflow/.local/lib/python3.12/site-packages/airflow/example_dags/example_skip_dag.py
[2025-03-12T14:07:53.562+0000] {processor.py:914} INFO - Processing file /home/airflow/.local/lib/python3.12/site-packages/airflow/example_dags/example_skip_dag.py for tasks to queue
[2025-03-12T14:07:53.565+0000] {logging_mixin.py:190} INFO - [2025-03-12T14:07:53.564+0000] {dagbag.py:588} INFO - Filling up the DagBag from /home/airflow/.local/lib/python3.12/site-packages/airflow/example_dags/example_skip_dag.py
[2025-03-12T14:07:53.573+0000] {processor.py:925} INFO - DAG(s) 'example_skip_dag' retrieved from /home/airflow/.local/lib/python3.12/site-packages/airflow/example_dags/example_skip_dag.py
[2025-03-12T14:07:53.593+0000] {logging_mixin.py:190} INFO - [2025-03-12T14:07:53.592+0000] {dag.py:3239} INFO - Sync 1 DAGs
[2025-03-12T14:07:53.614+0000] {logging_mixin.py:190} INFO - [2025-03-12T14:07:53.614+0000] {dag.py:4180} INFO - Setting next_dagrun for example_skip_dag to 2025-03-11 00:00:00+00:00, run_after=2025-03-12 00:00:00+00:00
[2025-03-12T14:07:53.630+0000] {processor.py:208} INFO - Processing /home/airflow/.local/lib/python3.12/site-packages/airflow/example_dags/example_skip_dag.py took 0.074 seconds
[2025-03-12T14:08:27.335+0000] {processor.py:186} INFO - Started process (PID=12157) to work on /home/airflow/.local/lib/python3.12/site-packages/airflow/example_dags/example_skip_dag.py
[2025-03-12T14:08:27.336+0000] {processor.py:914} INFO - Processing file /home/airflow/.local/lib/python3.12/site-packages/airflow/example_dags/example_skip_dag.py for tasks to queue
[2025-03-12T14:08:27.337+0000] {logging_mixin.py:190} INFO - [2025-03-12T14:08:27.337+0000] {dagbag.py:588} INFO - Filling up the DagBag from /home/airflow/.local/lib/python3.12/site-packages/airflow/example_dags/example_skip_dag.py
[2025-03-12T14:08:27.343+0000] {processor.py:925} INFO - DAG(s) 'example_skip_dag' retrieved from /home/airflow/.local/lib/python3.12/site-packages/airflow/example_dags/example_skip_dag.py
[2025-03-12T14:08:27.360+0000] {logging_mixin.py:190} INFO - [2025-03-12T14:08:27.360+0000] {dag.py:3239} INFO - Sync 1 DAGs
[2025-03-12T14:08:27.375+0000] {logging_mixin.py:190} INFO - [2025-03-12T14:08:27.375+0000] {dag.py:4180} INFO - Setting next_dagrun for example_skip_dag to 2025-03-11 00:00:00+00:00, run_after=2025-03-12 00:00:00+00:00
[2025-03-12T14:08:27.389+0000] {processor.py:208} INFO - Processing /home/airflow/.local/lib/python3.12/site-packages/airflow/example_dags/example_skip_dag.py took 0.059 seconds
[2025-03-12T14:09:00.416+0000] {processor.py:186} INFO - Started process (PID=12463) to work on /home/airflow/.local/lib/python3.12/site-packages/airflow/example_dags/example_skip_dag.py
[2025-03-12T14:09:00.417+0000] {processor.py:914} INFO - Processing file /home/airflow/.local/lib/python3.12/site-packages/airflow/example_dags/example_skip_dag.py for tasks to queue
[2025-03-12T14:09:00.418+0000] {logging_mixin.py:190} INFO - [2025-03-12T14:09:00.418+0000] {dagbag.py:588} INFO - Filling up the DagBag from /home/airflow/.local/lib/python3.12/site-packages/airflow/example_dags/example_skip_dag.py
[2025-03-12T14:09:00.424+0000] {processor.py:925} INFO - DAG(s) 'example_skip_dag' retrieved from /home/airflow/.local/lib/python3.12/site-packages/airflow/example_dags/example_skip_dag.py
[2025-03-12T14:09:00.442+0000] {logging_mixin.py:190} INFO - [2025-03-12T14:09:00.442+0000] {dag.py:3239} INFO - Sync 1 DAGs
[2025-03-12T14:09:00.458+0000] {logging_mixin.py:190} INFO - [2025-03-12T14:09:00.458+0000] {dag.py:4180} INFO - Setting next_dagrun for example_skip_dag to 2025-03-11 00:00:00+00:00, run_after=2025-03-12 00:00:00+00:00
[2025-03-12T14:09:00.474+0000] {processor.py:208} INFO - Processing /home/airflow/.local/lib/python3.12/site-packages/airflow/example_dags/example_skip_dag.py took 0.063 seconds
[2025-03-12T14:09:33.973+0000] {processor.py:186} INFO - Started process (PID=12769) to work on /home/airflow/.local/lib/python3.12/site-packages/airflow/example_dags/example_skip_dag.py
[2025-03-12T14:09:33.974+0000] {processor.py:914} INFO - Processing file /home/airflow/.local/lib/python3.12/site-packages/airflow/example_dags/example_skip_dag.py for tasks to queue
[2025-03-12T14:09:33.977+0000] {logging_mixin.py:190} INFO - [2025-03-12T14:09:33.976+0000] {dagbag.py:588} INFO - Filling up the DagBag from /home/airflow/.local/lib/python3.12/site-packages/airflow/example_dags/example_skip_dag.py
[2025-03-12T14:09:33.993+0000] {processor.py:925} INFO - DAG(s) 'example_skip_dag' retrieved from /home/airflow/.local/lib/python3.12/site-packages/airflow/example_dags/example_skip_dag.py
[2025-03-12T14:09:34.022+0000] {logging_mixin.py:190} INFO - [2025-03-12T14:09:34.022+0000] {dag.py:3239} INFO - Sync 1 DAGs
[2025-03-12T14:09:34.048+0000] {logging_mixin.py:190} INFO - [2025-03-12T14:09:34.048+0000] {dag.py:4180} INFO - Setting next_dagrun for example_skip_dag to 2025-03-11 00:00:00+00:00, run_after=2025-03-12 00:00:00+00:00
[2025-03-12T14:09:34.070+0000] {processor.py:208} INFO - Processing /home/airflow/.local/lib/python3.12/site-packages/airflow/example_dags/example_skip_dag.py took 0.104 seconds
[2025-03-12T14:10:06.853+0000] {processor.py:186} INFO - Started process (PID=13075) to work on /home/airflow/.local/lib/python3.12/site-packages/airflow/example_dags/example_skip_dag.py
[2025-03-12T14:10:06.854+0000] {processor.py:914} INFO - Processing file /home/airflow/.local/lib/python3.12/site-packages/airflow/example_dags/example_skip_dag.py for tasks to queue
[2025-03-12T14:10:06.856+0000] {logging_mixin.py:190} INFO - [2025-03-12T14:10:06.856+0000] {dagbag.py:588} INFO - Filling up the DagBag from /home/airflow/.local/lib/python3.12/site-packages/airflow/example_dags/example_skip_dag.py
[2025-03-12T14:10:06.862+0000] {processor.py:925} INFO - DAG(s) 'example_skip_dag' retrieved from /home/airflow/.local/lib/python3.12/site-packages/airflow/example_dags/example_skip_dag.py
[2025-03-12T14:10:06.879+0000] {logging_mixin.py:190} INFO - [2025-03-12T14:10:06.879+0000] {dag.py:3239} INFO - Sync 1 DAGs
[2025-03-12T14:10:06.903+0000] {logging_mixin.py:190} INFO - [2025-03-12T14:10:06.903+0000] {dag.py:4180} INFO - Setting next_dagrun for example_skip_dag to 2025-03-11 00:00:00+00:00, run_after=2025-03-12 00:00:00+00:00
[2025-03-12T14:10:06.924+0000] {processor.py:208} INFO - Processing /home/airflow/.local/lib/python3.12/site-packages/airflow/example_dags/example_skip_dag.py took 0.076 seconds
[2025-03-12T14:10:39.789+0000] {processor.py:186} INFO - Started process (PID=13381) to work on /home/airflow/.local/lib/python3.12/site-packages/airflow/example_dags/example_skip_dag.py
[2025-03-12T14:10:39.790+0000] {processor.py:914} INFO - Processing file /home/airflow/.local/lib/python3.12/site-packages/airflow/example_dags/example_skip_dag.py for tasks to queue
[2025-03-12T14:10:39.792+0000] {logging_mixin.py:190} INFO - [2025-03-12T14:10:39.791+0000] {dagbag.py:588} INFO - Filling up the DagBag from /home/airflow/.local/lib/python3.12/site-packages/airflow/example_dags/example_skip_dag.py
[2025-03-12T14:10:39.798+0000] {processor.py:925} INFO - DAG(s) 'example_skip_dag' retrieved from /home/airflow/.local/lib/python3.12/site-packages/airflow/example_dags/example_skip_dag.py
[2025-03-12T14:10:39.814+0000] {logging_mixin.py:190} INFO - [2025-03-12T14:10:39.814+0000] {dag.py:3239} INFO - Sync 1 DAGs
[2025-03-12T14:10:39.831+0000] {logging_mixin.py:190} INFO - [2025-03-12T14:10:39.831+0000] {dag.py:4180} INFO - Setting next_dagrun for example_skip_dag to 2025-03-11 00:00:00+00:00, run_after=2025-03-12 00:00:00+00:00
[2025-03-12T14:10:39.847+0000] {processor.py:208} INFO - Processing /home/airflow/.local/lib/python3.12/site-packages/airflow/example_dags/example_skip_dag.py took 0.062 seconds
[2025-03-12T14:11:13.654+0000] {processor.py:186} INFO - Started process (PID=13685) to work on /home/airflow/.local/lib/python3.12/site-packages/airflow/example_dags/example_skip_dag.py
[2025-03-12T14:11:13.655+0000] {processor.py:914} INFO - Processing file /home/airflow/.local/lib/python3.12/site-packages/airflow/example_dags/example_skip_dag.py for tasks to queue
[2025-03-12T14:11:13.656+0000] {logging_mixin.py:190} INFO - [2025-03-12T14:11:13.656+0000] {dagbag.py:588} INFO - Filling up the DagBag from /home/airflow/.local/lib/python3.12/site-packages/airflow/example_dags/example_skip_dag.py
[2025-03-12T14:11:13.662+0000] {processor.py:925} INFO - DAG(s) 'example_skip_dag' retrieved from /home/airflow/.local/lib/python3.12/site-packages/airflow/example_dags/example_skip_dag.py
[2025-03-12T14:11:13.680+0000] {logging_mixin.py:190} INFO - [2025-03-12T14:11:13.679+0000] {dag.py:3239} INFO - Sync 1 DAGs
[2025-03-12T14:11:13.697+0000] {logging_mixin.py:190} INFO - [2025-03-12T14:11:13.697+0000] {dag.py:4180} INFO - Setting next_dagrun for example_skip_dag to 2025-03-11 00:00:00+00:00, run_after=2025-03-12 00:00:00+00:00
[2025-03-12T14:11:13.714+0000] {processor.py:208} INFO - Processing /home/airflow/.local/lib/python3.12/site-packages/airflow/example_dags/example_skip_dag.py took 0.065 seconds
[2025-03-12T14:11:46.880+0000] {processor.py:186} INFO - Started process (PID=13994) to work on /home/airflow/.local/lib/python3.12/site-packages/airflow/example_dags/example_skip_dag.py
[2025-03-12T14:11:46.881+0000] {processor.py:914} INFO - Processing file /home/airflow/.local/lib/python3.12/site-packages/airflow/example_dags/example_skip_dag.py for tasks to queue
[2025-03-12T14:11:46.883+0000] {logging_mixin.py:190} INFO - [2025-03-12T14:11:46.882+0000] {dagbag.py:588} INFO - Filling up the DagBag from /home/airflow/.local/lib/python3.12/site-packages/airflow/example_dags/example_skip_dag.py
[2025-03-12T14:11:46.889+0000] {processor.py:925} INFO - DAG(s) 'example_skip_dag' retrieved from /home/airflow/.local/lib/python3.12/site-packages/airflow/example_dags/example_skip_dag.py
[2025-03-12T14:11:46.908+0000] {logging_mixin.py:190} INFO - [2025-03-12T14:11:46.907+0000] {dag.py:3239} INFO - Sync 1 DAGs
[2025-03-12T14:11:46.924+0000] {logging_mixin.py:190} INFO - [2025-03-12T14:11:46.924+0000] {dag.py:4180} INFO - Setting next_dagrun for example_skip_dag to 2025-03-11 00:00:00+00:00, run_after=2025-03-12 00:00:00+00:00
[2025-03-12T14:11:46.939+0000] {processor.py:208} INFO - Processing /home/airflow/.local/lib/python3.12/site-packages/airflow/example_dags/example_skip_dag.py took 0.063 seconds
[2025-03-12T14:12:21.088+0000] {processor.py:186} INFO - Started process (PID=14300) to work on /home/airflow/.local/lib/python3.12/site-packages/airflow/example_dags/example_skip_dag.py
[2025-03-12T14:12:21.089+0000] {processor.py:914} INFO - Processing file /home/airflow/.local/lib/python3.12/site-packages/airflow/example_dags/example_skip_dag.py for tasks to queue
[2025-03-12T14:12:21.091+0000] {logging_mixin.py:190} INFO - [2025-03-12T14:12:21.091+0000] {dagbag.py:588} INFO - Filling up the DagBag from /home/airflow/.local/lib/python3.12/site-packages/airflow/example_dags/example_skip_dag.py
[2025-03-12T14:12:21.098+0000] {processor.py:925} INFO - DAG(s) 'example_skip_dag' retrieved from /home/airflow/.local/lib/python3.12/site-packages/airflow/example_dags/example_skip_dag.py
[2025-03-12T14:12:21.117+0000] {logging_mixin.py:190} INFO - [2025-03-12T14:12:21.117+0000] {dag.py:3239} INFO - Sync 1 DAGs
[2025-03-12T14:12:21.139+0000] {logging_mixin.py:190} INFO - [2025-03-12T14:12:21.139+0000] {dag.py:4180} INFO - Setting next_dagrun for example_skip_dag to 2025-03-11 00:00:00+00:00, run_after=2025-03-12 00:00:00+00:00
[2025-03-12T14:12:21.155+0000] {processor.py:208} INFO - Processing /home/airflow/.local/lib/python3.12/site-packages/airflow/example_dags/example_skip_dag.py took 0.072 seconds
[2025-03-12T14:14:01.075+0000] {processor.py:186} INFO - Started process (PID=229) to work on /home/airflow/.local/lib/python3.12/site-packages/airflow/example_dags/example_skip_dag.py
[2025-03-12T14:14:01.076+0000] {processor.py:914} INFO - Processing file /home/airflow/.local/lib/python3.12/site-packages/airflow/example_dags/example_skip_dag.py for tasks to queue
[2025-03-12T14:14:01.078+0000] {logging_mixin.py:190} INFO - [2025-03-12T14:14:01.078+0000] {dagbag.py:588} INFO - Filling up the DagBag from /home/airflow/.local/lib/python3.12/site-packages/airflow/example_dags/example_skip_dag.py
[2025-03-12T14:14:01.087+0000] {processor.py:925} INFO - DAG(s) 'example_skip_dag' retrieved from /home/airflow/.local/lib/python3.12/site-packages/airflow/example_dags/example_skip_dag.py
[2025-03-12T14:14:01.208+0000] {logging_mixin.py:190} INFO - [2025-03-12T14:14:01.207+0000] {override.py:1912} INFO - Created Permission View: can read on DAG:example_skip_dag
[2025-03-12T14:14:01.219+0000] {logging_mixin.py:190} INFO - [2025-03-12T14:14:01.218+0000] {override.py:1912} INFO - Created Permission View: can edit on DAG:example_skip_dag
[2025-03-12T14:14:01.226+0000] {logging_mixin.py:190} INFO - [2025-03-12T14:14:01.226+0000] {override.py:1912} INFO - Created Permission View: can delete on DAG:example_skip_dag
[2025-03-12T14:14:01.234+0000] {logging_mixin.py:190} INFO - [2025-03-12T14:14:01.234+0000] {override.py:1912} INFO - Created Permission View: can create on DAG Run:example_skip_dag
[2025-03-12T14:14:01.241+0000] {logging_mixin.py:190} INFO - [2025-03-12T14:14:01.241+0000] {override.py:1912} INFO - Created Permission View: can read on DAG Run:example_skip_dag
[2025-03-12T14:14:01.247+0000] {logging_mixin.py:190} INFO - [2025-03-12T14:14:01.247+0000] {override.py:1912} INFO - Created Permission View: menu access on DAG Run:example_skip_dag
[2025-03-12T14:14:01.253+0000] {logging_mixin.py:190} INFO - [2025-03-12T14:14:01.253+0000] {override.py:1912} INFO - Created Permission View: can delete on DAG Run:example_skip_dag
[2025-03-12T14:14:01.254+0000] {logging_mixin.py:190} INFO - [2025-03-12T14:14:01.254+0000] {dag.py:3239} INFO - Sync 1 DAGs
[2025-03-12T14:14:01.267+0000] {logging_mixin.py:190} INFO - [2025-03-12T14:14:01.266+0000] {dag.py:3262} INFO - Creating ORM DAG for example_skip_dag
[2025-03-12T14:14:01.276+0000] {logging_mixin.py:190} INFO - [2025-03-12T14:14:01.276+0000] {dag.py:4180} INFO - Setting next_dagrun for example_skip_dag to 2025-03-11 00:00:00+00:00, run_after=2025-03-12 00:00:00+00:00
[2025-03-12T14:14:01.292+0000] {processor.py:208} INFO - Processing /home/airflow/.local/lib/python3.12/site-packages/airflow/example_dags/example_skip_dag.py took 0.222 seconds
[2025-03-12T14:14:33.117+0000] {processor.py:186} INFO - Started process (PID=533) to work on /home/airflow/.local/lib/python3.12/site-packages/airflow/example_dags/example_skip_dag.py
[2025-03-12T14:14:33.118+0000] {processor.py:914} INFO - Processing file /home/airflow/.local/lib/python3.12/site-packages/airflow/example_dags/example_skip_dag.py for tasks to queue
[2025-03-12T14:14:33.120+0000] {logging_mixin.py:190} INFO - [2025-03-12T14:14:33.120+0000] {dagbag.py:588} INFO - Filling up the DagBag from /home/airflow/.local/lib/python3.12/site-packages/airflow/example_dags/example_skip_dag.py
[2025-03-12T14:14:33.126+0000] {processor.py:925} INFO - DAG(s) 'example_skip_dag' retrieved from /home/airflow/.local/lib/python3.12/site-packages/airflow/example_dags/example_skip_dag.py
[2025-03-12T14:14:33.143+0000] {logging_mixin.py:190} INFO - [2025-03-12T14:14:33.143+0000] {dag.py:3239} INFO - Sync 1 DAGs
[2025-03-12T14:14:33.163+0000] {logging_mixin.py:190} INFO - [2025-03-12T14:14:33.162+0000] {dag.py:4180} INFO - Setting next_dagrun for example_skip_dag to 2025-03-11 00:00:00+00:00, run_after=2025-03-12 00:00:00+00:00
[2025-03-12T14:14:33.180+0000] {processor.py:208} INFO - Processing /home/airflow/.local/lib/python3.12/site-packages/airflow/example_dags/example_skip_dag.py took 0.067 seconds
[2025-03-12T14:15:06.987+0000] {processor.py:186} INFO - Started process (PID=839) to work on /home/airflow/.local/lib/python3.12/site-packages/airflow/example_dags/example_skip_dag.py
[2025-03-12T14:15:06.988+0000] {processor.py:914} INFO - Processing file /home/airflow/.local/lib/python3.12/site-packages/airflow/example_dags/example_skip_dag.py for tasks to queue
[2025-03-12T14:15:06.989+0000] {logging_mixin.py:190} INFO - [2025-03-12T14:15:06.989+0000] {dagbag.py:588} INFO - Filling up the DagBag from /home/airflow/.local/lib/python3.12/site-packages/airflow/example_dags/example_skip_dag.py
[2025-03-12T14:15:06.995+0000] {processor.py:925} INFO - DAG(s) 'example_skip_dag' retrieved from /home/airflow/.local/lib/python3.12/site-packages/airflow/example_dags/example_skip_dag.py
[2025-03-12T14:15:07.011+0000] {logging_mixin.py:190} INFO - [2025-03-12T14:15:07.011+0000] {dag.py:3239} INFO - Sync 1 DAGs
[2025-03-12T14:15:07.029+0000] {logging_mixin.py:190} INFO - [2025-03-12T14:15:07.029+0000] {dag.py:4180} INFO - Setting next_dagrun for example_skip_dag to 2025-03-11 00:00:00+00:00, run_after=2025-03-12 00:00:00+00:00
[2025-03-12T14:15:07.047+0000] {processor.py:208} INFO - Processing /home/airflow/.local/lib/python3.12/site-packages/airflow/example_dags/example_skip_dag.py took 0.066 seconds
[2025-03-12T14:15:40.788+0000] {processor.py:186} INFO - Started process (PID=1147) to work on /home/airflow/.local/lib/python3.12/site-packages/airflow/example_dags/example_skip_dag.py
[2025-03-12T14:15:40.789+0000] {processor.py:914} INFO - Processing file /home/airflow/.local/lib/python3.12/site-packages/airflow/example_dags/example_skip_dag.py for tasks to queue
[2025-03-12T14:15:40.791+0000] {logging_mixin.py:190} INFO - [2025-03-12T14:15:40.790+0000] {dagbag.py:588} INFO - Filling up the DagBag from /home/airflow/.local/lib/python3.12/site-packages/airflow/example_dags/example_skip_dag.py
[2025-03-12T14:15:40.796+0000] {processor.py:925} INFO - DAG(s) 'example_skip_dag' retrieved from /home/airflow/.local/lib/python3.12/site-packages/airflow/example_dags/example_skip_dag.py
[2025-03-12T14:15:40.812+0000] {logging_mixin.py:190} INFO - [2025-03-12T14:15:40.812+0000] {dag.py:3239} INFO - Sync 1 DAGs
[2025-03-12T14:15:40.829+0000] {logging_mixin.py:190} INFO - [2025-03-12T14:15:40.829+0000] {dag.py:4180} INFO - Setting next_dagrun for example_skip_dag to 2025-03-11 00:00:00+00:00, run_after=2025-03-12 00:00:00+00:00
[2025-03-12T14:15:40.843+0000] {processor.py:208} INFO - Processing /home/airflow/.local/lib/python3.12/site-packages/airflow/example_dags/example_skip_dag.py took 0.060 seconds
[2025-03-12T14:16:13.880+0000] {processor.py:186} INFO - Started process (PID=1453) to work on /home/airflow/.local/lib/python3.12/site-packages/airflow/example_dags/example_skip_dag.py
[2025-03-12T14:16:13.881+0000] {processor.py:914} INFO - Processing file /home/airflow/.local/lib/python3.12/site-packages/airflow/example_dags/example_skip_dag.py for tasks to queue
[2025-03-12T14:16:13.883+0000] {logging_mixin.py:190} INFO - [2025-03-12T14:16:13.882+0000] {dagbag.py:588} INFO - Filling up the DagBag from /home/airflow/.local/lib/python3.12/site-packages/airflow/example_dags/example_skip_dag.py
[2025-03-12T14:16:13.889+0000] {processor.py:925} INFO - DAG(s) 'example_skip_dag' retrieved from /home/airflow/.local/lib/python3.12/site-packages/airflow/example_dags/example_skip_dag.py
[2025-03-12T14:16:13.907+0000] {logging_mixin.py:190} INFO - [2025-03-12T14:16:13.907+0000] {dag.py:3239} INFO - Sync 1 DAGs
[2025-03-12T14:16:13.923+0000] {logging_mixin.py:190} INFO - [2025-03-12T14:16:13.923+0000] {dag.py:4180} INFO - Setting next_dagrun for example_skip_dag to 2025-03-11 00:00:00+00:00, run_after=2025-03-12 00:00:00+00:00
[2025-03-12T14:16:13.938+0000] {processor.py:208} INFO - Processing /home/airflow/.local/lib/python3.12/site-packages/airflow/example_dags/example_skip_dag.py took 0.062 seconds
[2025-03-12T14:16:47.432+0000] {processor.py:186} INFO - Started process (PID=1760) to work on /home/airflow/.local/lib/python3.12/site-packages/airflow/example_dags/example_skip_dag.py
[2025-03-12T14:16:47.433+0000] {processor.py:914} INFO - Processing file /home/airflow/.local/lib/python3.12/site-packages/airflow/example_dags/example_skip_dag.py for tasks to queue
[2025-03-12T14:16:47.435+0000] {logging_mixin.py:190} INFO - [2025-03-12T14:16:47.434+0000] {dagbag.py:588} INFO - Filling up the DagBag from /home/airflow/.local/lib/python3.12/site-packages/airflow/example_dags/example_skip_dag.py
[2025-03-12T14:16:47.440+0000] {processor.py:925} INFO - DAG(s) 'example_skip_dag' retrieved from /home/airflow/.local/lib/python3.12/site-packages/airflow/example_dags/example_skip_dag.py
[2025-03-12T14:16:47.456+0000] {logging_mixin.py:190} INFO - [2025-03-12T14:16:47.456+0000] {dag.py:3239} INFO - Sync 1 DAGs
[2025-03-12T14:16:47.473+0000] {logging_mixin.py:190} INFO - [2025-03-12T14:16:47.473+0000] {dag.py:4180} INFO - Setting next_dagrun for example_skip_dag to 2025-03-11 00:00:00+00:00, run_after=2025-03-12 00:00:00+00:00
[2025-03-12T14:16:47.490+0000] {processor.py:208} INFO - Processing /home/airflow/.local/lib/python3.12/site-packages/airflow/example_dags/example_skip_dag.py took 0.063 seconds
[2025-03-12T14:17:20.507+0000] {processor.py:186} INFO - Started process (PID=2066) to work on /home/airflow/.local/lib/python3.12/site-packages/airflow/example_dags/example_skip_dag.py
[2025-03-12T14:17:20.508+0000] {processor.py:914} INFO - Processing file /home/airflow/.local/lib/python3.12/site-packages/airflow/example_dags/example_skip_dag.py for tasks to queue
[2025-03-12T14:17:20.510+0000] {logging_mixin.py:190} INFO - [2025-03-12T14:17:20.509+0000] {dagbag.py:588} INFO - Filling up the DagBag from /home/airflow/.local/lib/python3.12/site-packages/airflow/example_dags/example_skip_dag.py
[2025-03-12T14:17:20.516+0000] {processor.py:925} INFO - DAG(s) 'example_skip_dag' retrieved from /home/airflow/.local/lib/python3.12/site-packages/airflow/example_dags/example_skip_dag.py
[2025-03-12T14:17:20.533+0000] {logging_mixin.py:190} INFO - [2025-03-12T14:17:20.532+0000] {dag.py:3239} INFO - Sync 1 DAGs
[2025-03-12T14:17:20.549+0000] {logging_mixin.py:190} INFO - [2025-03-12T14:17:20.549+0000] {dag.py:4180} INFO - Setting next_dagrun for example_skip_dag to 2025-03-11 00:00:00+00:00, run_after=2025-03-12 00:00:00+00:00
[2025-03-12T14:17:20.564+0000] {processor.py:208} INFO - Processing /home/airflow/.local/lib/python3.12/site-packages/airflow/example_dags/example_skip_dag.py took 0.061 seconds
[2025-03-12T14:17:53.841+0000] {processor.py:186} INFO - Started process (PID=2370) to work on /home/airflow/.local/lib/python3.12/site-packages/airflow/example_dags/example_skip_dag.py
[2025-03-12T14:17:53.842+0000] {processor.py:914} INFO - Processing file /home/airflow/.local/lib/python3.12/site-packages/airflow/example_dags/example_skip_dag.py for tasks to queue
[2025-03-12T14:17:53.843+0000] {logging_mixin.py:190} INFO - [2025-03-12T14:17:53.843+0000] {dagbag.py:588} INFO - Filling up the DagBag from /home/airflow/.local/lib/python3.12/site-packages/airflow/example_dags/example_skip_dag.py
[2025-03-12T14:17:53.851+0000] {processor.py:925} INFO - DAG(s) 'example_skip_dag' retrieved from /home/airflow/.local/lib/python3.12/site-packages/airflow/example_dags/example_skip_dag.py
[2025-03-12T14:17:53.870+0000] {logging_mixin.py:190} INFO - [2025-03-12T14:17:53.870+0000] {dag.py:3239} INFO - Sync 1 DAGs
[2025-03-12T14:17:53.888+0000] {logging_mixin.py:190} INFO - [2025-03-12T14:17:53.888+0000] {dag.py:4180} INFO - Setting next_dagrun for example_skip_dag to 2025-03-11 00:00:00+00:00, run_after=2025-03-12 00:00:00+00:00
[2025-03-12T14:17:53.906+0000] {processor.py:208} INFO - Processing /home/airflow/.local/lib/python3.12/site-packages/airflow/example_dags/example_skip_dag.py took 0.070 seconds
[2025-03-12T14:18:27.226+0000] {processor.py:186} INFO - Started process (PID=2676) to work on /home/airflow/.local/lib/python3.12/site-packages/airflow/example_dags/example_skip_dag.py
[2025-03-12T14:18:27.228+0000] {processor.py:914} INFO - Processing file /home/airflow/.local/lib/python3.12/site-packages/airflow/example_dags/example_skip_dag.py for tasks to queue
[2025-03-12T14:18:27.230+0000] {logging_mixin.py:190} INFO - [2025-03-12T14:18:27.229+0000] {dagbag.py:588} INFO - Filling up the DagBag from /home/airflow/.local/lib/python3.12/site-packages/airflow/example_dags/example_skip_dag.py
[2025-03-12T14:18:27.239+0000] {processor.py:925} INFO - DAG(s) 'example_skip_dag' retrieved from /home/airflow/.local/lib/python3.12/site-packages/airflow/example_dags/example_skip_dag.py
[2025-03-12T14:18:27.258+0000] {logging_mixin.py:190} INFO - [2025-03-12T14:18:27.258+0000] {dag.py:3239} INFO - Sync 1 DAGs
[2025-03-12T14:18:27.280+0000] {logging_mixin.py:190} INFO - [2025-03-12T14:18:27.279+0000] {dag.py:4180} INFO - Setting next_dagrun for example_skip_dag to 2025-03-11 00:00:00+00:00, run_after=2025-03-12 00:00:00+00:00
[2025-03-12T14:18:27.297+0000] {processor.py:208} INFO - Processing /home/airflow/.local/lib/python3.12/site-packages/airflow/example_dags/example_skip_dag.py took 0.077 seconds
[2025-03-12T14:18:59.933+0000] {processor.py:186} INFO - Started process (PID=2982) to work on /home/airflow/.local/lib/python3.12/site-packages/airflow/example_dags/example_skip_dag.py
[2025-03-12T14:18:59.934+0000] {processor.py:914} INFO - Processing file /home/airflow/.local/lib/python3.12/site-packages/airflow/example_dags/example_skip_dag.py for tasks to queue
[2025-03-12T14:18:59.936+0000] {logging_mixin.py:190} INFO - [2025-03-12T14:18:59.936+0000] {dagbag.py:588} INFO - Filling up the DagBag from /home/airflow/.local/lib/python3.12/site-packages/airflow/example_dags/example_skip_dag.py
[2025-03-12T14:18:59.942+0000] {processor.py:925} INFO - DAG(s) 'example_skip_dag' retrieved from /home/airflow/.local/lib/python3.12/site-packages/airflow/example_dags/example_skip_dag.py
[2025-03-12T14:18:59.959+0000] {logging_mixin.py:190} INFO - [2025-03-12T14:18:59.959+0000] {dag.py:3239} INFO - Sync 1 DAGs
[2025-03-12T14:18:59.977+0000] {logging_mixin.py:190} INFO - [2025-03-12T14:18:59.977+0000] {dag.py:4180} INFO - Setting next_dagrun for example_skip_dag to 2025-03-11 00:00:00+00:00, run_after=2025-03-12 00:00:00+00:00
[2025-03-12T14:18:59.993+0000] {processor.py:208} INFO - Processing /home/airflow/.local/lib/python3.12/site-packages/airflow/example_dags/example_skip_dag.py took 0.064 seconds
[2025-03-12T14:19:34.089+0000] {processor.py:186} INFO - Started process (PID=3290) to work on /home/airflow/.local/lib/python3.12/site-packages/airflow/example_dags/example_skip_dag.py
[2025-03-12T14:19:34.090+0000] {processor.py:914} INFO - Processing file /home/airflow/.local/lib/python3.12/site-packages/airflow/example_dags/example_skip_dag.py for tasks to queue
[2025-03-12T14:19:34.092+0000] {logging_mixin.py:190} INFO - [2025-03-12T14:19:34.092+0000] {dagbag.py:588} INFO - Filling up the DagBag from /home/airflow/.local/lib/python3.12/site-packages/airflow/example_dags/example_skip_dag.py
[2025-03-12T14:19:34.100+0000] {processor.py:925} INFO - DAG(s) 'example_skip_dag' retrieved from /home/airflow/.local/lib/python3.12/site-packages/airflow/example_dags/example_skip_dag.py
[2025-03-12T14:19:34.125+0000] {logging_mixin.py:190} INFO - [2025-03-12T14:19:34.125+0000] {dag.py:3239} INFO - Sync 1 DAGs
[2025-03-12T14:19:34.150+0000] {logging_mixin.py:190} INFO - [2025-03-12T14:19:34.150+0000] {dag.py:4180} INFO - Setting next_dagrun for example_skip_dag to 2025-03-11 00:00:00+00:00, run_after=2025-03-12 00:00:00+00:00
[2025-03-12T14:19:34.172+0000] {processor.py:208} INFO - Processing /home/airflow/.local/lib/python3.12/site-packages/airflow/example_dags/example_skip_dag.py took 0.089 seconds
