[2025-03-12T13:44:59.589+0000] {processor.py:186} INFO - Started process (PID=307) to work on /home/airflow/.local/lib/python3.12/site-packages/airflow/example_dags/example_xcomargs.py
[2025-03-12T13:44:59.590+0000] {processor.py:914} INFO - Processing file /home/airflow/.local/lib/python3.12/site-packages/airflow/example_dags/example_xcomargs.py for tasks to queue
[2025-03-12T13:44:59.593+0000] {logging_mixin.py:190} INFO - [2025-03-12T13:44:59.592+0000] {dagbag.py:588} INFO - Filling up the DagBag from /home/airflow/.local/lib/python3.12/site-packages/airflow/example_dags/example_xcomargs.py
[2025-03-12T13:44:59.610+0000] {processor.py:925} INFO - DAG(s) 'example_xcom_args_with_operators', 'example_xcom_args' retrieved from /home/airflow/.local/lib/python3.12/site-packages/airflow/example_dags/example_xcomargs.py
[2025-03-12T13:44:59.733+0000] {logging_mixin.py:190} INFO - [2025-03-12T13:44:59.732+0000] {override.py:1912} INFO - Created Permission View: can edit on DAG:example_xcom_args_with_operators
[2025-03-12T13:44:59.743+0000] {logging_mixin.py:190} INFO - [2025-03-12T13:44:59.742+0000] {override.py:1912} INFO - Created Permission View: can delete on DAG:example_xcom_args_with_operators
[2025-03-12T13:44:59.750+0000] {logging_mixin.py:190} INFO - [2025-03-12T13:44:59.750+0000] {override.py:1912} INFO - Created Permission View: can read on DAG:example_xcom_args_with_operators
[2025-03-12T13:44:59.757+0000] {logging_mixin.py:190} INFO - [2025-03-12T13:44:59.757+0000] {override.py:1912} INFO - Created Permission View: can delete on DAG Run:example_xcom_args_with_operators
[2025-03-12T13:44:59.764+0000] {logging_mixin.py:190} INFO - [2025-03-12T13:44:59.764+0000] {override.py:1912} INFO - Created Permission View: menu access on DAG Run:example_xcom_args_with_operators
[2025-03-12T13:44:59.771+0000] {logging_mixin.py:190} INFO - [2025-03-12T13:44:59.771+0000] {override.py:1912} INFO - Created Permission View: can create on DAG Run:example_xcom_args_with_operators
[2025-03-12T13:44:59.778+0000] {logging_mixin.py:190} INFO - [2025-03-12T13:44:59.778+0000] {override.py:1912} INFO - Created Permission View: can read on DAG Run:example_xcom_args_with_operators
[2025-03-12T13:44:59.790+0000] {logging_mixin.py:190} INFO - [2025-03-12T13:44:59.790+0000] {override.py:1912} INFO - Created Permission View: can edit on DAG:example_xcom_args
[2025-03-12T13:44:59.796+0000] {logging_mixin.py:190} INFO - [2025-03-12T13:44:59.796+0000] {override.py:1912} INFO - Created Permission View: can delete on DAG:example_xcom_args
[2025-03-12T13:44:59.803+0000] {logging_mixin.py:190} INFO - [2025-03-12T13:44:59.802+0000] {override.py:1912} INFO - Created Permission View: can read on DAG:example_xcom_args
[2025-03-12T13:44:59.809+0000] {logging_mixin.py:190} INFO - [2025-03-12T13:44:59.809+0000] {override.py:1912} INFO - Created Permission View: can delete on DAG Run:example_xcom_args
[2025-03-12T13:44:59.816+0000] {logging_mixin.py:190} INFO - [2025-03-12T13:44:59.815+0000] {override.py:1912} INFO - Created Permission View: menu access on DAG Run:example_xcom_args
[2025-03-12T13:44:59.821+0000] {logging_mixin.py:190} INFO - [2025-03-12T13:44:59.821+0000] {override.py:1912} INFO - Created Permission View: can create on DAG Run:example_xcom_args
[2025-03-12T13:44:59.828+0000] {logging_mixin.py:190} INFO - [2025-03-12T13:44:59.828+0000] {override.py:1912} INFO - Created Permission View: can read on DAG Run:example_xcom_args
[2025-03-12T13:44:59.829+0000] {logging_mixin.py:190} INFO - [2025-03-12T13:44:59.829+0000] {dag.py:3239} INFO - Sync 2 DAGs
[2025-03-12T13:44:59.842+0000] {logging_mixin.py:190} INFO - [2025-03-12T13:44:59.842+0000] {dag.py:3262} INFO - Creating ORM DAG for example_xcom_args_with_operators
[2025-03-12T13:44:59.843+0000] {logging_mixin.py:190} INFO - [2025-03-12T13:44:59.843+0000] {dag.py:3262} INFO - Creating ORM DAG for example_xcom_args
[2025-03-12T13:44:59.844+0000] {logging_mixin.py:190} INFO - [2025-03-12T13:44:59.844+0000] {dag.py:4180} INFO - Setting next_dagrun for example_xcom_args to None, run_after=None
[2025-03-12T13:44:59.845+0000] {logging_mixin.py:190} INFO - [2025-03-12T13:44:59.845+0000] {dag.py:4180} INFO - Setting next_dagrun for example_xcom_args_with_operators to None, run_after=None
[2025-03-12T13:44:59.862+0000] {processor.py:208} INFO - Processing /home/airflow/.local/lib/python3.12/site-packages/airflow/example_dags/example_xcomargs.py took 0.281 seconds
[2025-03-12T13:45:30.297+0000] {processor.py:186} INFO - Started process (PID=604) to work on /home/airflow/.local/lib/python3.12/site-packages/airflow/example_dags/example_xcomargs.py
[2025-03-12T13:45:30.298+0000] {processor.py:914} INFO - Processing file /home/airflow/.local/lib/python3.12/site-packages/airflow/example_dags/example_xcomargs.py for tasks to queue
[2025-03-12T13:45:30.299+0000] {logging_mixin.py:190} INFO - [2025-03-12T13:45:30.299+0000] {dagbag.py:588} INFO - Filling up the DagBag from /home/airflow/.local/lib/python3.12/site-packages/airflow/example_dags/example_xcomargs.py
[2025-03-12T13:45:30.307+0000] {processor.py:925} INFO - DAG(s) 'example_xcom_args', 'example_xcom_args_with_operators' retrieved from /home/airflow/.local/lib/python3.12/site-packages/airflow/example_dags/example_xcomargs.py
[2025-03-12T13:45:30.324+0000] {logging_mixin.py:190} INFO - [2025-03-12T13:45:30.324+0000] {dag.py:3239} INFO - Sync 2 DAGs
[2025-03-12T13:45:30.334+0000] {logging_mixin.py:190} INFO - [2025-03-12T13:45:30.334+0000] {dag.py:4180} INFO - Setting next_dagrun for example_xcom_args to None, run_after=None
[2025-03-12T13:45:30.337+0000] {logging_mixin.py:190} INFO - [2025-03-12T13:45:30.337+0000] {dag.py:4180} INFO - Setting next_dagrun for example_xcom_args_with_operators to None, run_after=None
[2025-03-12T13:45:30.350+0000] {processor.py:208} INFO - Processing /home/airflow/.local/lib/python3.12/site-packages/airflow/example_dags/example_xcomargs.py took 0.057 seconds
[2025-03-12T13:46:01.020+0000] {processor.py:186} INFO - Started process (PID=910) to work on /home/airflow/.local/lib/python3.12/site-packages/airflow/example_dags/example_xcomargs.py
[2025-03-12T13:46:01.020+0000] {processor.py:914} INFO - Processing file /home/airflow/.local/lib/python3.12/site-packages/airflow/example_dags/example_xcomargs.py for tasks to queue
[2025-03-12T13:46:01.022+0000] {logging_mixin.py:190} INFO - [2025-03-12T13:46:01.022+0000] {dagbag.py:588} INFO - Filling up the DagBag from /home/airflow/.local/lib/python3.12/site-packages/airflow/example_dags/example_xcomargs.py
[2025-03-12T13:46:01.030+0000] {processor.py:925} INFO - DAG(s) 'example_xcom_args_with_operators', 'example_xcom_args' retrieved from /home/airflow/.local/lib/python3.12/site-packages/airflow/example_dags/example_xcomargs.py
[2025-03-12T13:46:01.047+0000] {logging_mixin.py:190} INFO - [2025-03-12T13:46:01.047+0000] {dag.py:3239} INFO - Sync 2 DAGs
[2025-03-12T13:46:01.058+0000] {logging_mixin.py:190} INFO - [2025-03-12T13:46:01.058+0000] {dag.py:4180} INFO - Setting next_dagrun for example_xcom_args to None, run_after=None
[2025-03-12T13:46:01.061+0000] {logging_mixin.py:190} INFO - [2025-03-12T13:46:01.061+0000] {dag.py:4180} INFO - Setting next_dagrun for example_xcom_args_with_operators to None, run_after=None
[2025-03-12T13:46:01.076+0000] {processor.py:208} INFO - Processing /home/airflow/.local/lib/python3.12/site-packages/airflow/example_dags/example_xcomargs.py took 0.060 seconds
[2025-03-12T13:47:02.853+0000] {processor.py:186} INFO - Started process (PID=294) to work on /home/airflow/.local/lib/python3.12/site-packages/airflow/example_dags/example_xcomargs.py
[2025-03-12T13:47:02.854+0000] {processor.py:914} INFO - Processing file /home/airflow/.local/lib/python3.12/site-packages/airflow/example_dags/example_xcomargs.py for tasks to queue
[2025-03-12T13:47:02.856+0000] {logging_mixin.py:190} INFO - [2025-03-12T13:47:02.856+0000] {dagbag.py:588} INFO - Filling up the DagBag from /home/airflow/.local/lib/python3.12/site-packages/airflow/example_dags/example_xcomargs.py
[2025-03-12T13:47:02.866+0000] {processor.py:925} INFO - DAG(s) 'example_xcom_args', 'example_xcom_args_with_operators' retrieved from /home/airflow/.local/lib/python3.12/site-packages/airflow/example_dags/example_xcomargs.py
[2025-03-12T13:47:02.895+0000] {logging_mixin.py:190} INFO - [2025-03-12T13:47:02.894+0000] {dag.py:3239} INFO - Sync 2 DAGs
[2025-03-12T13:47:02.908+0000] {logging_mixin.py:190} INFO - [2025-03-12T13:47:02.908+0000] {dag.py:4180} INFO - Setting next_dagrun for example_xcom_args to None, run_after=None
[2025-03-12T13:47:02.912+0000] {logging_mixin.py:190} INFO - [2025-03-12T13:47:02.912+0000] {dag.py:4180} INFO - Setting next_dagrun for example_xcom_args_with_operators to None, run_after=None
[2025-03-12T13:47:02.926+0000] {processor.py:208} INFO - Processing /home/airflow/.local/lib/python3.12/site-packages/airflow/example_dags/example_xcomargs.py took 0.078 seconds
[2025-03-12T13:47:33.983+0000] {processor.py:186} INFO - Started process (PID=596) to work on /home/airflow/.local/lib/python3.12/site-packages/airflow/example_dags/example_xcomargs.py
[2025-03-12T13:47:33.984+0000] {processor.py:914} INFO - Processing file /home/airflow/.local/lib/python3.12/site-packages/airflow/example_dags/example_xcomargs.py for tasks to queue
[2025-03-12T13:47:33.987+0000] {logging_mixin.py:190} INFO - [2025-03-12T13:47:33.986+0000] {dagbag.py:588} INFO - Filling up the DagBag from /home/airflow/.local/lib/python3.12/site-packages/airflow/example_dags/example_xcomargs.py
[2025-03-12T13:47:33.997+0000] {processor.py:925} INFO - DAG(s) 'example_xcom_args_with_operators', 'example_xcom_args' retrieved from /home/airflow/.local/lib/python3.12/site-packages/airflow/example_dags/example_xcomargs.py
[2025-03-12T13:47:34.018+0000] {logging_mixin.py:190} INFO - [2025-03-12T13:47:34.018+0000] {dag.py:3239} INFO - Sync 2 DAGs
[2025-03-12T13:47:34.029+0000] {logging_mixin.py:190} INFO - [2025-03-12T13:47:34.029+0000] {dag.py:4180} INFO - Setting next_dagrun for example_xcom_args to None, run_after=None
[2025-03-12T13:47:34.033+0000] {logging_mixin.py:190} INFO - [2025-03-12T13:47:34.033+0000] {dag.py:4180} INFO - Setting next_dagrun for example_xcom_args_with_operators to None, run_after=None
[2025-03-12T13:47:34.045+0000] {processor.py:208} INFO - Processing /home/airflow/.local/lib/python3.12/site-packages/airflow/example_dags/example_xcomargs.py took 0.068 seconds
[2025-03-12T13:48:04.718+0000] {processor.py:186} INFO - Started process (PID=900) to work on /home/airflow/.local/lib/python3.12/site-packages/airflow/example_dags/example_xcomargs.py
[2025-03-12T13:48:04.720+0000] {processor.py:914} INFO - Processing file /home/airflow/.local/lib/python3.12/site-packages/airflow/example_dags/example_xcomargs.py for tasks to queue
[2025-03-12T13:48:04.722+0000] {logging_mixin.py:190} INFO - [2025-03-12T13:48:04.722+0000] {dagbag.py:588} INFO - Filling up the DagBag from /home/airflow/.local/lib/python3.12/site-packages/airflow/example_dags/example_xcomargs.py
[2025-03-12T13:48:04.730+0000] {processor.py:925} INFO - DAG(s) 'example_xcom_args_with_operators', 'example_xcom_args' retrieved from /home/airflow/.local/lib/python3.12/site-packages/airflow/example_dags/example_xcomargs.py
[2025-03-12T13:48:04.753+0000] {logging_mixin.py:190} INFO - [2025-03-12T13:48:04.752+0000] {dag.py:3239} INFO - Sync 2 DAGs
[2025-03-12T13:48:04.766+0000] {logging_mixin.py:190} INFO - [2025-03-12T13:48:04.766+0000] {dag.py:4180} INFO - Setting next_dagrun for example_xcom_args to None, run_after=None
[2025-03-12T13:48:04.770+0000] {logging_mixin.py:190} INFO - [2025-03-12T13:48:04.770+0000] {dag.py:4180} INFO - Setting next_dagrun for example_xcom_args_with_operators to None, run_after=None
[2025-03-12T13:48:04.784+0000] {processor.py:208} INFO - Processing /home/airflow/.local/lib/python3.12/site-packages/airflow/example_dags/example_xcomargs.py took 0.071 seconds
[2025-03-12T13:48:34.860+0000] {processor.py:186} INFO - Started process (PID=1203) to work on /home/airflow/.local/lib/python3.12/site-packages/airflow/example_dags/example_xcomargs.py
[2025-03-12T13:48:34.861+0000] {processor.py:914} INFO - Processing file /home/airflow/.local/lib/python3.12/site-packages/airflow/example_dags/example_xcomargs.py for tasks to queue
[2025-03-12T13:48:34.863+0000] {logging_mixin.py:190} INFO - [2025-03-12T13:48:34.862+0000] {dagbag.py:588} INFO - Filling up the DagBag from /home/airflow/.local/lib/python3.12/site-packages/airflow/example_dags/example_xcomargs.py
[2025-03-12T13:48:34.870+0000] {processor.py:925} INFO - DAG(s) 'example_xcom_args', 'example_xcom_args_with_operators' retrieved from /home/airflow/.local/lib/python3.12/site-packages/airflow/example_dags/example_xcomargs.py
[2025-03-12T13:48:34.889+0000] {logging_mixin.py:190} INFO - [2025-03-12T13:48:34.889+0000] {dag.py:3239} INFO - Sync 2 DAGs
[2025-03-12T13:48:34.900+0000] {logging_mixin.py:190} INFO - [2025-03-12T13:48:34.900+0000] {dag.py:4180} INFO - Setting next_dagrun for example_xcom_args to None, run_after=None
[2025-03-12T13:48:34.903+0000] {logging_mixin.py:190} INFO - [2025-03-12T13:48:34.903+0000] {dag.py:4180} INFO - Setting next_dagrun for example_xcom_args_with_operators to None, run_after=None
[2025-03-12T13:48:34.917+0000] {processor.py:208} INFO - Processing /home/airflow/.local/lib/python3.12/site-packages/airflow/example_dags/example_xcomargs.py took 0.061 seconds
[2025-03-12T13:49:05.586+0000] {processor.py:186} INFO - Started process (PID=1508) to work on /home/airflow/.local/lib/python3.12/site-packages/airflow/example_dags/example_xcomargs.py
[2025-03-12T13:49:05.587+0000] {processor.py:914} INFO - Processing file /home/airflow/.local/lib/python3.12/site-packages/airflow/example_dags/example_xcomargs.py for tasks to queue
[2025-03-12T13:49:05.589+0000] {logging_mixin.py:190} INFO - [2025-03-12T13:49:05.589+0000] {dagbag.py:588} INFO - Filling up the DagBag from /home/airflow/.local/lib/python3.12/site-packages/airflow/example_dags/example_xcomargs.py
[2025-03-12T13:49:05.596+0000] {processor.py:925} INFO - DAG(s) 'example_xcom_args_with_operators', 'example_xcom_args' retrieved from /home/airflow/.local/lib/python3.12/site-packages/airflow/example_dags/example_xcomargs.py
[2025-03-12T13:49:05.616+0000] {logging_mixin.py:190} INFO - [2025-03-12T13:49:05.616+0000] {dag.py:3239} INFO - Sync 2 DAGs
[2025-03-12T13:49:05.627+0000] {logging_mixin.py:190} INFO - [2025-03-12T13:49:05.627+0000] {dag.py:4180} INFO - Setting next_dagrun for example_xcom_args to None, run_after=None
[2025-03-12T13:49:05.630+0000] {logging_mixin.py:190} INFO - [2025-03-12T13:49:05.630+0000] {dag.py:4180} INFO - Setting next_dagrun for example_xcom_args_with_operators to None, run_after=None
[2025-03-12T13:49:05.643+0000] {processor.py:208} INFO - Processing /home/airflow/.local/lib/python3.12/site-packages/airflow/example_dags/example_xcomargs.py took 0.061 seconds
[2025-03-12T13:49:36.327+0000] {processor.py:186} INFO - Started process (PID=1814) to work on /home/airflow/.local/lib/python3.12/site-packages/airflow/example_dags/example_xcomargs.py
[2025-03-12T13:49:36.328+0000] {processor.py:914} INFO - Processing file /home/airflow/.local/lib/python3.12/site-packages/airflow/example_dags/example_xcomargs.py for tasks to queue
[2025-03-12T13:49:36.330+0000] {logging_mixin.py:190} INFO - [2025-03-12T13:49:36.330+0000] {dagbag.py:588} INFO - Filling up the DagBag from /home/airflow/.local/lib/python3.12/site-packages/airflow/example_dags/example_xcomargs.py
[2025-03-12T13:49:36.340+0000] {processor.py:925} INFO - DAG(s) 'example_xcom_args', 'example_xcom_args_with_operators' retrieved from /home/airflow/.local/lib/python3.12/site-packages/airflow/example_dags/example_xcomargs.py
[2025-03-12T13:49:36.363+0000] {logging_mixin.py:190} INFO - [2025-03-12T13:49:36.363+0000] {dag.py:3239} INFO - Sync 2 DAGs
[2025-03-12T13:49:36.382+0000] {logging_mixin.py:190} INFO - [2025-03-12T13:49:36.381+0000] {dag.py:4180} INFO - Setting next_dagrun for example_xcom_args to None, run_after=None
[2025-03-12T13:49:36.388+0000] {logging_mixin.py:190} INFO - [2025-03-12T13:49:36.388+0000] {dag.py:4180} INFO - Setting next_dagrun for example_xcom_args_with_operators to None, run_after=None
[2025-03-12T13:49:36.407+0000] {processor.py:208} INFO - Processing /home/airflow/.local/lib/python3.12/site-packages/airflow/example_dags/example_xcomargs.py took 0.085 seconds
[2025-03-12T13:50:07.414+0000] {processor.py:186} INFO - Started process (PID=2122) to work on /home/airflow/.local/lib/python3.12/site-packages/airflow/example_dags/example_xcomargs.py
[2025-03-12T13:50:07.415+0000] {processor.py:914} INFO - Processing file /home/airflow/.local/lib/python3.12/site-packages/airflow/example_dags/example_xcomargs.py for tasks to queue
[2025-03-12T13:50:07.417+0000] {logging_mixin.py:190} INFO - [2025-03-12T13:50:07.417+0000] {dagbag.py:588} INFO - Filling up the DagBag from /home/airflow/.local/lib/python3.12/site-packages/airflow/example_dags/example_xcomargs.py
[2025-03-12T13:50:07.424+0000] {processor.py:925} INFO - DAG(s) 'example_xcom_args', 'example_xcom_args_with_operators' retrieved from /home/airflow/.local/lib/python3.12/site-packages/airflow/example_dags/example_xcomargs.py
[2025-03-12T13:50:07.441+0000] {logging_mixin.py:190} INFO - [2025-03-12T13:50:07.441+0000] {dag.py:3239} INFO - Sync 2 DAGs
[2025-03-12T13:50:07.452+0000] {logging_mixin.py:190} INFO - [2025-03-12T13:50:07.452+0000] {dag.py:4180} INFO - Setting next_dagrun for example_xcom_args to None, run_after=None
[2025-03-12T13:50:07.455+0000] {logging_mixin.py:190} INFO - [2025-03-12T13:50:07.455+0000] {dag.py:4180} INFO - Setting next_dagrun for example_xcom_args_with_operators to None, run_after=None
[2025-03-12T13:50:07.470+0000] {processor.py:208} INFO - Processing /home/airflow/.local/lib/python3.12/site-packages/airflow/example_dags/example_xcomargs.py took 0.060 seconds
[2025-03-12T13:50:41.956+0000] {processor.py:186} INFO - Started process (PID=2432) to work on /home/airflow/.local/lib/python3.12/site-packages/airflow/example_dags/example_xcomargs.py
[2025-03-12T13:50:41.958+0000] {processor.py:914} INFO - Processing file /home/airflow/.local/lib/python3.12/site-packages/airflow/example_dags/example_xcomargs.py for tasks to queue
[2025-03-12T13:50:41.960+0000] {logging_mixin.py:190} INFO - [2025-03-12T13:50:41.959+0000] {dagbag.py:588} INFO - Filling up the DagBag from /home/airflow/.local/lib/python3.12/site-packages/airflow/example_dags/example_xcomargs.py
[2025-03-12T13:50:41.969+0000] {processor.py:925} INFO - DAG(s) 'example_xcom_args', 'example_xcom_args_with_operators' retrieved from /home/airflow/.local/lib/python3.12/site-packages/airflow/example_dags/example_xcomargs.py
[2025-03-12T13:50:41.991+0000] {logging_mixin.py:190} INFO - [2025-03-12T13:50:41.991+0000] {dag.py:3239} INFO - Sync 2 DAGs
[2025-03-12T13:50:42.007+0000] {logging_mixin.py:190} INFO - [2025-03-12T13:50:42.007+0000] {dag.py:4180} INFO - Setting next_dagrun for example_xcom_args to None, run_after=None
[2025-03-12T13:50:42.010+0000] {logging_mixin.py:190} INFO - [2025-03-12T13:50:42.010+0000] {dag.py:4180} INFO - Setting next_dagrun for example_xcom_args_with_operators to None, run_after=None
[2025-03-12T13:50:42.023+0000] {processor.py:208} INFO - Processing /home/airflow/.local/lib/python3.12/site-packages/airflow/example_dags/example_xcomargs.py took 0.072 seconds
[2025-03-12T13:51:14.572+0000] {processor.py:186} INFO - Started process (PID=2738) to work on /home/airflow/.local/lib/python3.12/site-packages/airflow/example_dags/example_xcomargs.py
[2025-03-12T13:51:14.573+0000] {processor.py:914} INFO - Processing file /home/airflow/.local/lib/python3.12/site-packages/airflow/example_dags/example_xcomargs.py for tasks to queue
[2025-03-12T13:51:14.575+0000] {logging_mixin.py:190} INFO - [2025-03-12T13:51:14.575+0000] {dagbag.py:588} INFO - Filling up the DagBag from /home/airflow/.local/lib/python3.12/site-packages/airflow/example_dags/example_xcomargs.py
[2025-03-12T13:51:14.584+0000] {processor.py:925} INFO - DAG(s) 'example_xcom_args_with_operators', 'example_xcom_args' retrieved from /home/airflow/.local/lib/python3.12/site-packages/airflow/example_dags/example_xcomargs.py
[2025-03-12T13:51:14.603+0000] {logging_mixin.py:190} INFO - [2025-03-12T13:51:14.603+0000] {dag.py:3239} INFO - Sync 2 DAGs
[2025-03-12T13:51:14.614+0000] {logging_mixin.py:190} INFO - [2025-03-12T13:51:14.614+0000] {dag.py:4180} INFO - Setting next_dagrun for example_xcom_args to None, run_after=None
[2025-03-12T13:51:14.617+0000] {logging_mixin.py:190} INFO - [2025-03-12T13:51:14.617+0000] {dag.py:4180} INFO - Setting next_dagrun for example_xcom_args_with_operators to None, run_after=None
[2025-03-12T13:51:14.631+0000] {processor.py:208} INFO - Processing /home/airflow/.local/lib/python3.12/site-packages/airflow/example_dags/example_xcomargs.py took 0.063 seconds
[2025-03-12T13:51:47.591+0000] {processor.py:186} INFO - Started process (PID=3044) to work on /home/airflow/.local/lib/python3.12/site-packages/airflow/example_dags/example_xcomargs.py
[2025-03-12T13:51:47.592+0000] {processor.py:914} INFO - Processing file /home/airflow/.local/lib/python3.12/site-packages/airflow/example_dags/example_xcomargs.py for tasks to queue
[2025-03-12T13:51:47.594+0000] {logging_mixin.py:190} INFO - [2025-03-12T13:51:47.594+0000] {dagbag.py:588} INFO - Filling up the DagBag from /home/airflow/.local/lib/python3.12/site-packages/airflow/example_dags/example_xcomargs.py
[2025-03-12T13:51:47.604+0000] {processor.py:925} INFO - DAG(s) 'example_xcom_args', 'example_xcom_args_with_operators' retrieved from /home/airflow/.local/lib/python3.12/site-packages/airflow/example_dags/example_xcomargs.py
[2025-03-12T13:51:47.626+0000] {logging_mixin.py:190} INFO - [2025-03-12T13:51:47.626+0000] {dag.py:3239} INFO - Sync 2 DAGs
[2025-03-12T13:51:47.641+0000] {logging_mixin.py:190} INFO - [2025-03-12T13:51:47.641+0000] {dag.py:4180} INFO - Setting next_dagrun for example_xcom_args to None, run_after=None
[2025-03-12T13:51:47.645+0000] {logging_mixin.py:190} INFO - [2025-03-12T13:51:47.645+0000] {dag.py:4180} INFO - Setting next_dagrun for example_xcom_args_with_operators to None, run_after=None
[2025-03-12T13:51:47.657+0000] {processor.py:208} INFO - Processing /home/airflow/.local/lib/python3.12/site-packages/airflow/example_dags/example_xcomargs.py took 0.071 seconds
[2025-03-12T13:52:21.154+0000] {processor.py:186} INFO - Started process (PID=3352) to work on /home/airflow/.local/lib/python3.12/site-packages/airflow/example_dags/example_xcomargs.py
[2025-03-12T13:52:21.155+0000] {processor.py:914} INFO - Processing file /home/airflow/.local/lib/python3.12/site-packages/airflow/example_dags/example_xcomargs.py for tasks to queue
[2025-03-12T13:52:21.156+0000] {logging_mixin.py:190} INFO - [2025-03-12T13:52:21.156+0000] {dagbag.py:588} INFO - Filling up the DagBag from /home/airflow/.local/lib/python3.12/site-packages/airflow/example_dags/example_xcomargs.py
[2025-03-12T13:52:21.163+0000] {processor.py:925} INFO - DAG(s) 'example_xcom_args', 'example_xcom_args_with_operators' retrieved from /home/airflow/.local/lib/python3.12/site-packages/airflow/example_dags/example_xcomargs.py
[2025-03-12T13:52:21.180+0000] {logging_mixin.py:190} INFO - [2025-03-12T13:52:21.180+0000] {dag.py:3239} INFO - Sync 2 DAGs
[2025-03-12T13:52:21.192+0000] {logging_mixin.py:190} INFO - [2025-03-12T13:52:21.192+0000] {dag.py:4180} INFO - Setting next_dagrun for example_xcom_args to None, run_after=None
[2025-03-12T13:52:21.195+0000] {logging_mixin.py:190} INFO - [2025-03-12T13:52:21.195+0000] {dag.py:4180} INFO - Setting next_dagrun for example_xcom_args_with_operators to None, run_after=None
[2025-03-12T13:52:21.206+0000] {processor.py:208} INFO - Processing /home/airflow/.local/lib/python3.12/site-packages/airflow/example_dags/example_xcomargs.py took 0.056 seconds
[2025-03-12T13:52:55.773+0000] {processor.py:186} INFO - Started process (PID=3658) to work on /home/airflow/.local/lib/python3.12/site-packages/airflow/example_dags/example_xcomargs.py
[2025-03-12T13:52:55.775+0000] {processor.py:914} INFO - Processing file /home/airflow/.local/lib/python3.12/site-packages/airflow/example_dags/example_xcomargs.py for tasks to queue
[2025-03-12T13:52:55.778+0000] {logging_mixin.py:190} INFO - [2025-03-12T13:52:55.777+0000] {dagbag.py:588} INFO - Filling up the DagBag from /home/airflow/.local/lib/python3.12/site-packages/airflow/example_dags/example_xcomargs.py
[2025-03-12T13:52:55.793+0000] {processor.py:925} INFO - DAG(s) 'example_xcom_args', 'example_xcom_args_with_operators' retrieved from /home/airflow/.local/lib/python3.12/site-packages/airflow/example_dags/example_xcomargs.py
[2025-03-12T13:52:55.833+0000] {logging_mixin.py:190} INFO - [2025-03-12T13:52:55.832+0000] {dag.py:3239} INFO - Sync 2 DAGs
[2025-03-12T13:52:55.862+0000] {logging_mixin.py:190} INFO - [2025-03-12T13:52:55.862+0000] {dag.py:4180} INFO - Setting next_dagrun for example_xcom_args to None, run_after=None
[2025-03-12T13:52:55.869+0000] {logging_mixin.py:190} INFO - [2025-03-12T13:52:55.868+0000] {dag.py:4180} INFO - Setting next_dagrun for example_xcom_args_with_operators to None, run_after=None
[2025-03-12T13:52:55.888+0000] {processor.py:208} INFO - Processing /home/airflow/.local/lib/python3.12/site-packages/airflow/example_dags/example_xcomargs.py took 0.126 seconds
[2025-03-12T13:53:28.114+0000] {processor.py:186} INFO - Started process (PID=3964) to work on /home/airflow/.local/lib/python3.12/site-packages/airflow/example_dags/example_xcomargs.py
[2025-03-12T13:53:28.116+0000] {processor.py:914} INFO - Processing file /home/airflow/.local/lib/python3.12/site-packages/airflow/example_dags/example_xcomargs.py for tasks to queue
[2025-03-12T13:53:28.119+0000] {logging_mixin.py:190} INFO - [2025-03-12T13:53:28.119+0000] {dagbag.py:588} INFO - Filling up the DagBag from /home/airflow/.local/lib/python3.12/site-packages/airflow/example_dags/example_xcomargs.py
[2025-03-12T13:53:28.134+0000] {processor.py:925} INFO - DAG(s) 'example_xcom_args_with_operators', 'example_xcom_args' retrieved from /home/airflow/.local/lib/python3.12/site-packages/airflow/example_dags/example_xcomargs.py
[2025-03-12T13:53:28.166+0000] {logging_mixin.py:190} INFO - [2025-03-12T13:53:28.166+0000] {dag.py:3239} INFO - Sync 2 DAGs
[2025-03-12T13:53:28.189+0000] {logging_mixin.py:190} INFO - [2025-03-12T13:53:28.188+0000] {dag.py:4180} INFO - Setting next_dagrun for example_xcom_args to None, run_after=None
[2025-03-12T13:53:28.194+0000] {logging_mixin.py:190} INFO - [2025-03-12T13:53:28.194+0000] {dag.py:4180} INFO - Setting next_dagrun for example_xcom_args_with_operators to None, run_after=None
[2025-03-12T13:53:28.221+0000] {processor.py:208} INFO - Processing /home/airflow/.local/lib/python3.12/site-packages/airflow/example_dags/example_xcomargs.py took 0.114 seconds
[2025-03-12T13:54:01.162+0000] {processor.py:186} INFO - Started process (PID=4268) to work on /home/airflow/.local/lib/python3.12/site-packages/airflow/example_dags/example_xcomargs.py
[2025-03-12T13:54:01.163+0000] {processor.py:914} INFO - Processing file /home/airflow/.local/lib/python3.12/site-packages/airflow/example_dags/example_xcomargs.py for tasks to queue
[2025-03-12T13:54:01.166+0000] {logging_mixin.py:190} INFO - [2025-03-12T13:54:01.165+0000] {dagbag.py:588} INFO - Filling up the DagBag from /home/airflow/.local/lib/python3.12/site-packages/airflow/example_dags/example_xcomargs.py
[2025-03-12T13:54:01.179+0000] {processor.py:925} INFO - DAG(s) 'example_xcom_args', 'example_xcom_args_with_operators' retrieved from /home/airflow/.local/lib/python3.12/site-packages/airflow/example_dags/example_xcomargs.py
[2025-03-12T13:54:01.208+0000] {logging_mixin.py:190} INFO - [2025-03-12T13:54:01.208+0000] {dag.py:3239} INFO - Sync 2 DAGs
[2025-03-12T13:54:01.228+0000] {logging_mixin.py:190} INFO - [2025-03-12T13:54:01.228+0000] {dag.py:4180} INFO - Setting next_dagrun for example_xcom_args to None, run_after=None
[2025-03-12T13:54:01.233+0000] {logging_mixin.py:190} INFO - [2025-03-12T13:54:01.233+0000] {dag.py:4180} INFO - Setting next_dagrun for example_xcom_args_with_operators to None, run_after=None
[2025-03-12T13:54:01.253+0000] {processor.py:208} INFO - Processing /home/airflow/.local/lib/python3.12/site-packages/airflow/example_dags/example_xcomargs.py took 0.098 seconds
[2025-03-12T13:54:34.877+0000] {processor.py:186} INFO - Started process (PID=4574) to work on /home/airflow/.local/lib/python3.12/site-packages/airflow/example_dags/example_xcomargs.py
[2025-03-12T13:54:34.878+0000] {processor.py:914} INFO - Processing file /home/airflow/.local/lib/python3.12/site-packages/airflow/example_dags/example_xcomargs.py for tasks to queue
[2025-03-12T13:54:34.881+0000] {logging_mixin.py:190} INFO - [2025-03-12T13:54:34.881+0000] {dagbag.py:588} INFO - Filling up the DagBag from /home/airflow/.local/lib/python3.12/site-packages/airflow/example_dags/example_xcomargs.py
[2025-03-12T13:54:34.891+0000] {processor.py:925} INFO - DAG(s) 'example_xcom_args', 'example_xcom_args_with_operators' retrieved from /home/airflow/.local/lib/python3.12/site-packages/airflow/example_dags/example_xcomargs.py
[2025-03-12T13:54:34.918+0000] {logging_mixin.py:190} INFO - [2025-03-12T13:54:34.918+0000] {dag.py:3239} INFO - Sync 2 DAGs
[2025-03-12T13:54:34.935+0000] {logging_mixin.py:190} INFO - [2025-03-12T13:54:34.934+0000] {dag.py:4180} INFO - Setting next_dagrun for example_xcom_args to None, run_after=None
[2025-03-12T13:54:34.939+0000] {logging_mixin.py:190} INFO - [2025-03-12T13:54:34.939+0000] {dag.py:4180} INFO - Setting next_dagrun for example_xcom_args_with_operators to None, run_after=None
[2025-03-12T13:54:34.958+0000] {processor.py:208} INFO - Processing /home/airflow/.local/lib/python3.12/site-packages/airflow/example_dags/example_xcomargs.py took 0.088 seconds
[2025-03-12T13:55:08.519+0000] {processor.py:186} INFO - Started process (PID=4882) to work on /home/airflow/.local/lib/python3.12/site-packages/airflow/example_dags/example_xcomargs.py
[2025-03-12T13:55:08.520+0000] {processor.py:914} INFO - Processing file /home/airflow/.local/lib/python3.12/site-packages/airflow/example_dags/example_xcomargs.py for tasks to queue
[2025-03-12T13:55:08.522+0000] {logging_mixin.py:190} INFO - [2025-03-12T13:55:08.522+0000] {dagbag.py:588} INFO - Filling up the DagBag from /home/airflow/.local/lib/python3.12/site-packages/airflow/example_dags/example_xcomargs.py
[2025-03-12T13:55:08.531+0000] {processor.py:925} INFO - DAG(s) 'example_xcom_args', 'example_xcom_args_with_operators' retrieved from /home/airflow/.local/lib/python3.12/site-packages/airflow/example_dags/example_xcomargs.py
[2025-03-12T13:55:08.550+0000] {logging_mixin.py:190} INFO - [2025-03-12T13:55:08.550+0000] {dag.py:3239} INFO - Sync 2 DAGs
[2025-03-12T13:55:08.562+0000] {logging_mixin.py:190} INFO - [2025-03-12T13:55:08.562+0000] {dag.py:4180} INFO - Setting next_dagrun for example_xcom_args to None, run_after=None
[2025-03-12T13:55:08.565+0000] {logging_mixin.py:190} INFO - [2025-03-12T13:55:08.565+0000] {dag.py:4180} INFO - Setting next_dagrun for example_xcom_args_with_operators to None, run_after=None
[2025-03-12T13:55:08.579+0000] {processor.py:208} INFO - Processing /home/airflow/.local/lib/python3.12/site-packages/airflow/example_dags/example_xcomargs.py took 0.064 seconds
[2025-03-12T13:55:40.808+0000] {processor.py:186} INFO - Started process (PID=5186) to work on /home/airflow/.local/lib/python3.12/site-packages/airflow/example_dags/example_xcomargs.py
[2025-03-12T13:55:40.809+0000] {processor.py:914} INFO - Processing file /home/airflow/.local/lib/python3.12/site-packages/airflow/example_dags/example_xcomargs.py for tasks to queue
[2025-03-12T13:55:40.811+0000] {logging_mixin.py:190} INFO - [2025-03-12T13:55:40.810+0000] {dagbag.py:588} INFO - Filling up the DagBag from /home/airflow/.local/lib/python3.12/site-packages/airflow/example_dags/example_xcomargs.py
[2025-03-12T13:55:40.819+0000] {processor.py:925} INFO - DAG(s) 'example_xcom_args_with_operators', 'example_xcom_args' retrieved from /home/airflow/.local/lib/python3.12/site-packages/airflow/example_dags/example_xcomargs.py
[2025-03-12T13:55:40.838+0000] {logging_mixin.py:190} INFO - [2025-03-12T13:55:40.838+0000] {dag.py:3239} INFO - Sync 2 DAGs
[2025-03-12T13:55:40.849+0000] {logging_mixin.py:190} INFO - [2025-03-12T13:55:40.849+0000] {dag.py:4180} INFO - Setting next_dagrun for example_xcom_args to None, run_after=None
[2025-03-12T13:55:40.852+0000] {logging_mixin.py:190} INFO - [2025-03-12T13:55:40.852+0000] {dag.py:4180} INFO - Setting next_dagrun for example_xcom_args_with_operators to None, run_after=None
[2025-03-12T13:55:40.867+0000] {processor.py:208} INFO - Processing /home/airflow/.local/lib/python3.12/site-packages/airflow/example_dags/example_xcomargs.py took 0.065 seconds
[2025-03-12T13:56:14.768+0000] {processor.py:186} INFO - Started process (PID=5492) to work on /home/airflow/.local/lib/python3.12/site-packages/airflow/example_dags/example_xcomargs.py
[2025-03-12T13:56:14.769+0000] {processor.py:914} INFO - Processing file /home/airflow/.local/lib/python3.12/site-packages/airflow/example_dags/example_xcomargs.py for tasks to queue
[2025-03-12T13:56:14.771+0000] {logging_mixin.py:190} INFO - [2025-03-12T13:56:14.771+0000] {dagbag.py:588} INFO - Filling up the DagBag from /home/airflow/.local/lib/python3.12/site-packages/airflow/example_dags/example_xcomargs.py
[2025-03-12T13:56:14.779+0000] {processor.py:925} INFO - DAG(s) 'example_xcom_args_with_operators', 'example_xcom_args' retrieved from /home/airflow/.local/lib/python3.12/site-packages/airflow/example_dags/example_xcomargs.py
[2025-03-12T13:56:14.799+0000] {logging_mixin.py:190} INFO - [2025-03-12T13:56:14.799+0000] {dag.py:3239} INFO - Sync 2 DAGs
[2025-03-12T13:56:14.811+0000] {logging_mixin.py:190} INFO - [2025-03-12T13:56:14.811+0000] {dag.py:4180} INFO - Setting next_dagrun for example_xcom_args to None, run_after=None
[2025-03-12T13:56:14.814+0000] {logging_mixin.py:190} INFO - [2025-03-12T13:56:14.814+0000] {dag.py:4180} INFO - Setting next_dagrun for example_xcom_args_with_operators to None, run_after=None
[2025-03-12T13:56:14.828+0000] {processor.py:208} INFO - Processing /home/airflow/.local/lib/python3.12/site-packages/airflow/example_dags/example_xcomargs.py took 0.065 seconds
[2025-03-12T13:56:47.879+0000] {processor.py:186} INFO - Started process (PID=5800) to work on /home/airflow/.local/lib/python3.12/site-packages/airflow/example_dags/example_xcomargs.py
[2025-03-12T13:56:47.879+0000] {processor.py:914} INFO - Processing file /home/airflow/.local/lib/python3.12/site-packages/airflow/example_dags/example_xcomargs.py for tasks to queue
[2025-03-12T13:56:47.881+0000] {logging_mixin.py:190} INFO - [2025-03-12T13:56:47.881+0000] {dagbag.py:588} INFO - Filling up the DagBag from /home/airflow/.local/lib/python3.12/site-packages/airflow/example_dags/example_xcomargs.py
[2025-03-12T13:56:47.888+0000] {processor.py:925} INFO - DAG(s) 'example_xcom_args', 'example_xcom_args_with_operators' retrieved from /home/airflow/.local/lib/python3.12/site-packages/airflow/example_dags/example_xcomargs.py
[2025-03-12T13:56:47.907+0000] {logging_mixin.py:190} INFO - [2025-03-12T13:56:47.906+0000] {dag.py:3239} INFO - Sync 2 DAGs
[2025-03-12T13:56:47.917+0000] {logging_mixin.py:190} INFO - [2025-03-12T13:56:47.917+0000] {dag.py:4180} INFO - Setting next_dagrun for example_xcom_args to None, run_after=None
[2025-03-12T13:56:47.920+0000] {logging_mixin.py:190} INFO - [2025-03-12T13:56:47.920+0000] {dag.py:4180} INFO - Setting next_dagrun for example_xcom_args_with_operators to None, run_after=None
[2025-03-12T13:56:47.933+0000] {processor.py:208} INFO - Processing /home/airflow/.local/lib/python3.12/site-packages/airflow/example_dags/example_xcomargs.py took 0.058 seconds
[2025-03-12T13:57:21.297+0000] {processor.py:186} INFO - Started process (PID=6104) to work on /home/airflow/.local/lib/python3.12/site-packages/airflow/example_dags/example_xcomargs.py
[2025-03-12T13:57:21.298+0000] {processor.py:914} INFO - Processing file /home/airflow/.local/lib/python3.12/site-packages/airflow/example_dags/example_xcomargs.py for tasks to queue
[2025-03-12T13:57:21.300+0000] {logging_mixin.py:190} INFO - [2025-03-12T13:57:21.300+0000] {dagbag.py:588} INFO - Filling up the DagBag from /home/airflow/.local/lib/python3.12/site-packages/airflow/example_dags/example_xcomargs.py
[2025-03-12T13:57:21.309+0000] {processor.py:925} INFO - DAG(s) 'example_xcom_args_with_operators', 'example_xcom_args' retrieved from /home/airflow/.local/lib/python3.12/site-packages/airflow/example_dags/example_xcomargs.py
[2025-03-12T13:57:21.327+0000] {logging_mixin.py:190} INFO - [2025-03-12T13:57:21.326+0000] {dag.py:3239} INFO - Sync 2 DAGs
[2025-03-12T13:57:21.338+0000] {logging_mixin.py:190} INFO - [2025-03-12T13:57:21.338+0000] {dag.py:4180} INFO - Setting next_dagrun for example_xcom_args to None, run_after=None
[2025-03-12T13:57:21.341+0000] {logging_mixin.py:190} INFO - [2025-03-12T13:57:21.341+0000] {dag.py:4180} INFO - Setting next_dagrun for example_xcom_args_with_operators to None, run_after=None
[2025-03-12T13:57:21.355+0000] {processor.py:208} INFO - Processing /home/airflow/.local/lib/python3.12/site-packages/airflow/example_dags/example_xcomargs.py took 0.062 seconds
[2025-03-12T13:57:55.072+0000] {processor.py:186} INFO - Started process (PID=6410) to work on /home/airflow/.local/lib/python3.12/site-packages/airflow/example_dags/example_xcomargs.py
[2025-03-12T13:57:55.073+0000] {processor.py:914} INFO - Processing file /home/airflow/.local/lib/python3.12/site-packages/airflow/example_dags/example_xcomargs.py for tasks to queue
[2025-03-12T13:57:55.074+0000] {logging_mixin.py:190} INFO - [2025-03-12T13:57:55.074+0000] {dagbag.py:588} INFO - Filling up the DagBag from /home/airflow/.local/lib/python3.12/site-packages/airflow/example_dags/example_xcomargs.py
[2025-03-12T13:57:55.082+0000] {processor.py:925} INFO - DAG(s) 'example_xcom_args', 'example_xcom_args_with_operators' retrieved from /home/airflow/.local/lib/python3.12/site-packages/airflow/example_dags/example_xcomargs.py
[2025-03-12T13:57:55.102+0000] {logging_mixin.py:190} INFO - [2025-03-12T13:57:55.102+0000] {dag.py:3239} INFO - Sync 2 DAGs
[2025-03-12T13:57:55.113+0000] {logging_mixin.py:190} INFO - [2025-03-12T13:57:55.113+0000] {dag.py:4180} INFO - Setting next_dagrun for example_xcom_args to None, run_after=None
[2025-03-12T13:57:55.117+0000] {logging_mixin.py:190} INFO - [2025-03-12T13:57:55.117+0000] {dag.py:4180} INFO - Setting next_dagrun for example_xcom_args_with_operators to None, run_after=None
[2025-03-12T13:57:55.135+0000] {processor.py:208} INFO - Processing /home/airflow/.local/lib/python3.12/site-packages/airflow/example_dags/example_xcomargs.py took 0.067 seconds
[2025-03-12T13:58:28.076+0000] {processor.py:186} INFO - Started process (PID=6718) to work on /home/airflow/.local/lib/python3.12/site-packages/airflow/example_dags/example_xcomargs.py
[2025-03-12T13:58:28.077+0000] {processor.py:914} INFO - Processing file /home/airflow/.local/lib/python3.12/site-packages/airflow/example_dags/example_xcomargs.py for tasks to queue
[2025-03-12T13:58:28.078+0000] {logging_mixin.py:190} INFO - [2025-03-12T13:58:28.078+0000] {dagbag.py:588} INFO - Filling up the DagBag from /home/airflow/.local/lib/python3.12/site-packages/airflow/example_dags/example_xcomargs.py
[2025-03-12T13:58:28.086+0000] {processor.py:925} INFO - DAG(s) 'example_xcom_args', 'example_xcom_args_with_operators' retrieved from /home/airflow/.local/lib/python3.12/site-packages/airflow/example_dags/example_xcomargs.py
[2025-03-12T13:58:28.105+0000] {logging_mixin.py:190} INFO - [2025-03-12T13:58:28.105+0000] {dag.py:3239} INFO - Sync 2 DAGs
[2025-03-12T13:58:28.119+0000] {logging_mixin.py:190} INFO - [2025-03-12T13:58:28.119+0000] {dag.py:4180} INFO - Setting next_dagrun for example_xcom_args to None, run_after=None
[2025-03-12T13:58:28.122+0000] {logging_mixin.py:190} INFO - [2025-03-12T13:58:28.122+0000] {dag.py:4180} INFO - Setting next_dagrun for example_xcom_args_with_operators to None, run_after=None
[2025-03-12T13:58:28.138+0000] {processor.py:208} INFO - Processing /home/airflow/.local/lib/python3.12/site-packages/airflow/example_dags/example_xcomargs.py took 0.067 seconds
[2025-03-12T13:59:01.603+0000] {processor.py:186} INFO - Started process (PID=7024) to work on /home/airflow/.local/lib/python3.12/site-packages/airflow/example_dags/example_xcomargs.py
[2025-03-12T13:59:01.604+0000] {processor.py:914} INFO - Processing file /home/airflow/.local/lib/python3.12/site-packages/airflow/example_dags/example_xcomargs.py for tasks to queue
[2025-03-12T13:59:01.606+0000] {logging_mixin.py:190} INFO - [2025-03-12T13:59:01.606+0000] {dagbag.py:588} INFO - Filling up the DagBag from /home/airflow/.local/lib/python3.12/site-packages/airflow/example_dags/example_xcomargs.py
[2025-03-12T13:59:01.618+0000] {processor.py:925} INFO - DAG(s) 'example_xcom_args', 'example_xcom_args_with_operators' retrieved from /home/airflow/.local/lib/python3.12/site-packages/airflow/example_dags/example_xcomargs.py
[2025-03-12T13:59:01.647+0000] {logging_mixin.py:190} INFO - [2025-03-12T13:59:01.647+0000] {dag.py:3239} INFO - Sync 2 DAGs
[2025-03-12T13:59:01.665+0000] {logging_mixin.py:190} INFO - [2025-03-12T13:59:01.665+0000] {dag.py:4180} INFO - Setting next_dagrun for example_xcom_args to None, run_after=None
[2025-03-12T13:59:01.669+0000] {logging_mixin.py:190} INFO - [2025-03-12T13:59:01.669+0000] {dag.py:4180} INFO - Setting next_dagrun for example_xcom_args_with_operators to None, run_after=None
[2025-03-12T13:59:01.687+0000] {processor.py:208} INFO - Processing /home/airflow/.local/lib/python3.12/site-packages/airflow/example_dags/example_xcomargs.py took 0.090 seconds
[2025-03-12T13:59:34.411+0000] {processor.py:186} INFO - Started process (PID=7330) to work on /home/airflow/.local/lib/python3.12/site-packages/airflow/example_dags/example_xcomargs.py
[2025-03-12T13:59:34.412+0000] {processor.py:914} INFO - Processing file /home/airflow/.local/lib/python3.12/site-packages/airflow/example_dags/example_xcomargs.py for tasks to queue
[2025-03-12T13:59:34.413+0000] {logging_mixin.py:190} INFO - [2025-03-12T13:59:34.413+0000] {dagbag.py:588} INFO - Filling up the DagBag from /home/airflow/.local/lib/python3.12/site-packages/airflow/example_dags/example_xcomargs.py
[2025-03-12T13:59:34.420+0000] {processor.py:925} INFO - DAG(s) 'example_xcom_args_with_operators', 'example_xcom_args' retrieved from /home/airflow/.local/lib/python3.12/site-packages/airflow/example_dags/example_xcomargs.py
[2025-03-12T13:59:34.437+0000] {logging_mixin.py:190} INFO - [2025-03-12T13:59:34.437+0000] {dag.py:3239} INFO - Sync 2 DAGs
[2025-03-12T13:59:34.448+0000] {logging_mixin.py:190} INFO - [2025-03-12T13:59:34.447+0000] {dag.py:4180} INFO - Setting next_dagrun for example_xcom_args to None, run_after=None
[2025-03-12T13:59:34.451+0000] {logging_mixin.py:190} INFO - [2025-03-12T13:59:34.451+0000] {dag.py:4180} INFO - Setting next_dagrun for example_xcom_args_with_operators to None, run_after=None
[2025-03-12T13:59:34.464+0000] {processor.py:208} INFO - Processing /home/airflow/.local/lib/python3.12/site-packages/airflow/example_dags/example_xcomargs.py took 0.057 seconds
[2025-03-12T14:00:08.230+0000] {processor.py:186} INFO - Started process (PID=7636) to work on /home/airflow/.local/lib/python3.12/site-packages/airflow/example_dags/example_xcomargs.py
[2025-03-12T14:00:08.231+0000] {processor.py:914} INFO - Processing file /home/airflow/.local/lib/python3.12/site-packages/airflow/example_dags/example_xcomargs.py for tasks to queue
[2025-03-12T14:00:08.233+0000] {logging_mixin.py:190} INFO - [2025-03-12T14:00:08.233+0000] {dagbag.py:588} INFO - Filling up the DagBag from /home/airflow/.local/lib/python3.12/site-packages/airflow/example_dags/example_xcomargs.py
[2025-03-12T14:00:08.240+0000] {processor.py:925} INFO - DAG(s) 'example_xcom_args_with_operators', 'example_xcom_args' retrieved from /home/airflow/.local/lib/python3.12/site-packages/airflow/example_dags/example_xcomargs.py
[2025-03-12T14:00:08.257+0000] {logging_mixin.py:190} INFO - [2025-03-12T14:00:08.257+0000] {dag.py:3239} INFO - Sync 2 DAGs
[2025-03-12T14:00:08.267+0000] {logging_mixin.py:190} INFO - [2025-03-12T14:00:08.267+0000] {dag.py:4180} INFO - Setting next_dagrun for example_xcom_args to None, run_after=None
[2025-03-12T14:00:08.270+0000] {logging_mixin.py:190} INFO - [2025-03-12T14:00:08.270+0000] {dag.py:4180} INFO - Setting next_dagrun for example_xcom_args_with_operators to None, run_after=None
[2025-03-12T14:00:08.282+0000] {processor.py:208} INFO - Processing /home/airflow/.local/lib/python3.12/site-packages/airflow/example_dags/example_xcomargs.py took 0.056 seconds
[2025-03-12T14:00:40.976+0000] {processor.py:186} INFO - Started process (PID=7940) to work on /home/airflow/.local/lib/python3.12/site-packages/airflow/example_dags/example_xcomargs.py
[2025-03-12T14:00:40.977+0000] {processor.py:914} INFO - Processing file /home/airflow/.local/lib/python3.12/site-packages/airflow/example_dags/example_xcomargs.py for tasks to queue
[2025-03-12T14:00:40.978+0000] {logging_mixin.py:190} INFO - [2025-03-12T14:00:40.978+0000] {dagbag.py:588} INFO - Filling up the DagBag from /home/airflow/.local/lib/python3.12/site-packages/airflow/example_dags/example_xcomargs.py
[2025-03-12T14:00:40.986+0000] {processor.py:925} INFO - DAG(s) 'example_xcom_args', 'example_xcom_args_with_operators' retrieved from /home/airflow/.local/lib/python3.12/site-packages/airflow/example_dags/example_xcomargs.py
[2025-03-12T14:00:41.003+0000] {logging_mixin.py:190} INFO - [2025-03-12T14:00:41.003+0000] {dag.py:3239} INFO - Sync 2 DAGs
[2025-03-12T14:00:41.014+0000] {logging_mixin.py:190} INFO - [2025-03-12T14:00:41.014+0000] {dag.py:4180} INFO - Setting next_dagrun for example_xcom_args to None, run_after=None
[2025-03-12T14:00:41.017+0000] {logging_mixin.py:190} INFO - [2025-03-12T14:00:41.017+0000] {dag.py:4180} INFO - Setting next_dagrun for example_xcom_args_with_operators to None, run_after=None
[2025-03-12T14:00:41.030+0000] {processor.py:208} INFO - Processing /home/airflow/.local/lib/python3.12/site-packages/airflow/example_dags/example_xcomargs.py took 0.058 seconds
[2025-03-12T14:01:14.567+0000] {processor.py:186} INFO - Started process (PID=8248) to work on /home/airflow/.local/lib/python3.12/site-packages/airflow/example_dags/example_xcomargs.py
[2025-03-12T14:01:14.567+0000] {processor.py:914} INFO - Processing file /home/airflow/.local/lib/python3.12/site-packages/airflow/example_dags/example_xcomargs.py for tasks to queue
[2025-03-12T14:01:14.569+0000] {logging_mixin.py:190} INFO - [2025-03-12T14:01:14.569+0000] {dagbag.py:588} INFO - Filling up the DagBag from /home/airflow/.local/lib/python3.12/site-packages/airflow/example_dags/example_xcomargs.py
[2025-03-12T14:01:14.577+0000] {processor.py:925} INFO - DAG(s) 'example_xcom_args', 'example_xcom_args_with_operators' retrieved from /home/airflow/.local/lib/python3.12/site-packages/airflow/example_dags/example_xcomargs.py
[2025-03-12T14:01:14.596+0000] {logging_mixin.py:190} INFO - [2025-03-12T14:01:14.595+0000] {dag.py:3239} INFO - Sync 2 DAGs
[2025-03-12T14:01:14.608+0000] {logging_mixin.py:190} INFO - [2025-03-12T14:01:14.607+0000] {dag.py:4180} INFO - Setting next_dagrun for example_xcom_args to None, run_after=None
[2025-03-12T14:01:14.612+0000] {logging_mixin.py:190} INFO - [2025-03-12T14:01:14.612+0000] {dag.py:4180} INFO - Setting next_dagrun for example_xcom_args_with_operators to None, run_after=None
[2025-03-12T14:01:14.626+0000] {processor.py:208} INFO - Processing /home/airflow/.local/lib/python3.12/site-packages/airflow/example_dags/example_xcomargs.py took 0.063 seconds
[2025-03-12T14:01:47.571+0000] {processor.py:186} INFO - Started process (PID=8555) to work on /home/airflow/.local/lib/python3.12/site-packages/airflow/example_dags/example_xcomargs.py
[2025-03-12T14:01:47.572+0000] {processor.py:914} INFO - Processing file /home/airflow/.local/lib/python3.12/site-packages/airflow/example_dags/example_xcomargs.py for tasks to queue
[2025-03-12T14:01:47.574+0000] {logging_mixin.py:190} INFO - [2025-03-12T14:01:47.574+0000] {dagbag.py:588} INFO - Filling up the DagBag from /home/airflow/.local/lib/python3.12/site-packages/airflow/example_dags/example_xcomargs.py
[2025-03-12T14:01:47.584+0000] {processor.py:925} INFO - DAG(s) 'example_xcom_args_with_operators', 'example_xcom_args' retrieved from /home/airflow/.local/lib/python3.12/site-packages/airflow/example_dags/example_xcomargs.py
[2025-03-12T14:01:47.605+0000] {logging_mixin.py:190} INFO - [2025-03-12T14:01:47.604+0000] {dag.py:3239} INFO - Sync 2 DAGs
[2025-03-12T14:01:47.618+0000] {logging_mixin.py:190} INFO - [2025-03-12T14:01:47.618+0000] {dag.py:4180} INFO - Setting next_dagrun for example_xcom_args to None, run_after=None
[2025-03-12T14:01:47.621+0000] {logging_mixin.py:190} INFO - [2025-03-12T14:01:47.621+0000] {dag.py:4180} INFO - Setting next_dagrun for example_xcom_args_with_operators to None, run_after=None
[2025-03-12T14:01:47.636+0000] {processor.py:208} INFO - Processing /home/airflow/.local/lib/python3.12/site-packages/airflow/example_dags/example_xcomargs.py took 0.070 seconds
[2025-03-12T14:02:21.433+0000] {processor.py:186} INFO - Started process (PID=8859) to work on /home/airflow/.local/lib/python3.12/site-packages/airflow/example_dags/example_xcomargs.py
[2025-03-12T14:02:21.434+0000] {processor.py:914} INFO - Processing file /home/airflow/.local/lib/python3.12/site-packages/airflow/example_dags/example_xcomargs.py for tasks to queue
[2025-03-12T14:02:21.436+0000] {logging_mixin.py:190} INFO - [2025-03-12T14:02:21.435+0000] {dagbag.py:588} INFO - Filling up the DagBag from /home/airflow/.local/lib/python3.12/site-packages/airflow/example_dags/example_xcomargs.py
[2025-03-12T14:02:21.443+0000] {processor.py:925} INFO - DAG(s) 'example_xcom_args_with_operators', 'example_xcom_args' retrieved from /home/airflow/.local/lib/python3.12/site-packages/airflow/example_dags/example_xcomargs.py
[2025-03-12T14:02:21.459+0000] {logging_mixin.py:190} INFO - [2025-03-12T14:02:21.459+0000] {dag.py:3239} INFO - Sync 2 DAGs
[2025-03-12T14:02:21.470+0000] {logging_mixin.py:190} INFO - [2025-03-12T14:02:21.470+0000] {dag.py:4180} INFO - Setting next_dagrun for example_xcom_args to None, run_after=None
[2025-03-12T14:02:21.473+0000] {logging_mixin.py:190} INFO - [2025-03-12T14:02:21.473+0000] {dag.py:4180} INFO - Setting next_dagrun for example_xcom_args_with_operators to None, run_after=None
[2025-03-12T14:02:21.486+0000] {processor.py:208} INFO - Processing /home/airflow/.local/lib/python3.12/site-packages/airflow/example_dags/example_xcomargs.py took 0.057 seconds
[2025-03-12T14:02:54.774+0000] {processor.py:186} INFO - Started process (PID=9167) to work on /home/airflow/.local/lib/python3.12/site-packages/airflow/example_dags/example_xcomargs.py
[2025-03-12T14:02:54.774+0000] {processor.py:914} INFO - Processing file /home/airflow/.local/lib/python3.12/site-packages/airflow/example_dags/example_xcomargs.py for tasks to queue
[2025-03-12T14:02:54.776+0000] {logging_mixin.py:190} INFO - [2025-03-12T14:02:54.776+0000] {dagbag.py:588} INFO - Filling up the DagBag from /home/airflow/.local/lib/python3.12/site-packages/airflow/example_dags/example_xcomargs.py
[2025-03-12T14:02:54.784+0000] {processor.py:925} INFO - DAG(s) 'example_xcom_args', 'example_xcom_args_with_operators' retrieved from /home/airflow/.local/lib/python3.12/site-packages/airflow/example_dags/example_xcomargs.py
[2025-03-12T14:02:54.802+0000] {logging_mixin.py:190} INFO - [2025-03-12T14:02:54.802+0000] {dag.py:3239} INFO - Sync 2 DAGs
[2025-03-12T14:02:54.812+0000] {logging_mixin.py:190} INFO - [2025-03-12T14:02:54.812+0000] {dag.py:4180} INFO - Setting next_dagrun for example_xcom_args to None, run_after=None
[2025-03-12T14:02:54.815+0000] {logging_mixin.py:190} INFO - [2025-03-12T14:02:54.815+0000] {dag.py:4180} INFO - Setting next_dagrun for example_xcom_args_with_operators to None, run_after=None
[2025-03-12T14:02:54.829+0000] {processor.py:208} INFO - Processing /home/airflow/.local/lib/python3.12/site-packages/airflow/example_dags/example_xcomargs.py took 0.059 seconds
[2025-03-12T14:03:27.664+0000] {processor.py:186} INFO - Started process (PID=9471) to work on /home/airflow/.local/lib/python3.12/site-packages/airflow/example_dags/example_xcomargs.py
[2025-03-12T14:03:27.665+0000] {processor.py:914} INFO - Processing file /home/airflow/.local/lib/python3.12/site-packages/airflow/example_dags/example_xcomargs.py for tasks to queue
[2025-03-12T14:03:27.667+0000] {logging_mixin.py:190} INFO - [2025-03-12T14:03:27.667+0000] {dagbag.py:588} INFO - Filling up the DagBag from /home/airflow/.local/lib/python3.12/site-packages/airflow/example_dags/example_xcomargs.py
[2025-03-12T14:03:27.677+0000] {processor.py:925} INFO - DAG(s) 'example_xcom_args_with_operators', 'example_xcom_args' retrieved from /home/airflow/.local/lib/python3.12/site-packages/airflow/example_dags/example_xcomargs.py
[2025-03-12T14:03:27.699+0000] {logging_mixin.py:190} INFO - [2025-03-12T14:03:27.699+0000] {dag.py:3239} INFO - Sync 2 DAGs
[2025-03-12T14:03:27.716+0000] {logging_mixin.py:190} INFO - [2025-03-12T14:03:27.716+0000] {dag.py:4180} INFO - Setting next_dagrun for example_xcom_args to None, run_after=None
[2025-03-12T14:03:27.720+0000] {logging_mixin.py:190} INFO - [2025-03-12T14:03:27.720+0000] {dag.py:4180} INFO - Setting next_dagrun for example_xcom_args_with_operators to None, run_after=None
[2025-03-12T14:03:27.737+0000] {processor.py:208} INFO - Processing /home/airflow/.local/lib/python3.12/site-packages/airflow/example_dags/example_xcomargs.py took 0.077 seconds
[2025-03-12T14:04:02.539+0000] {processor.py:186} INFO - Started process (PID=9777) to work on /home/airflow/.local/lib/python3.12/site-packages/airflow/example_dags/example_xcomargs.py
[2025-03-12T14:04:02.541+0000] {processor.py:914} INFO - Processing file /home/airflow/.local/lib/python3.12/site-packages/airflow/example_dags/example_xcomargs.py for tasks to queue
[2025-03-12T14:04:02.544+0000] {logging_mixin.py:190} INFO - [2025-03-12T14:04:02.544+0000] {dagbag.py:588} INFO - Filling up the DagBag from /home/airflow/.local/lib/python3.12/site-packages/airflow/example_dags/example_xcomargs.py
[2025-03-12T14:04:02.564+0000] {processor.py:925} INFO - DAG(s) 'example_xcom_args_with_operators', 'example_xcom_args' retrieved from /home/airflow/.local/lib/python3.12/site-packages/airflow/example_dags/example_xcomargs.py
[2025-03-12T14:04:02.600+0000] {logging_mixin.py:190} INFO - [2025-03-12T14:04:02.599+0000] {dag.py:3239} INFO - Sync 2 DAGs
[2025-03-12T14:04:02.623+0000] {logging_mixin.py:190} INFO - [2025-03-12T14:04:02.622+0000] {dag.py:4180} INFO - Setting next_dagrun for example_xcom_args to None, run_after=None
[2025-03-12T14:04:02.629+0000] {logging_mixin.py:190} INFO - [2025-03-12T14:04:02.629+0000] {dag.py:4180} INFO - Setting next_dagrun for example_xcom_args_with_operators to None, run_after=None
[2025-03-12T14:04:02.654+0000] {processor.py:208} INFO - Processing /home/airflow/.local/lib/python3.12/site-packages/airflow/example_dags/example_xcomargs.py took 0.125 seconds
[2025-03-12T14:04:33.702+0000] {processor.py:186} INFO - Started process (PID=10083) to work on /home/airflow/.local/lib/python3.12/site-packages/airflow/example_dags/example_xcomargs.py
[2025-03-12T14:04:33.703+0000] {processor.py:914} INFO - Processing file /home/airflow/.local/lib/python3.12/site-packages/airflow/example_dags/example_xcomargs.py for tasks to queue
[2025-03-12T14:04:33.705+0000] {logging_mixin.py:190} INFO - [2025-03-12T14:04:33.704+0000] {dagbag.py:588} INFO - Filling up the DagBag from /home/airflow/.local/lib/python3.12/site-packages/airflow/example_dags/example_xcomargs.py
[2025-03-12T14:04:33.712+0000] {processor.py:925} INFO - DAG(s) 'example_xcom_args_with_operators', 'example_xcom_args' retrieved from /home/airflow/.local/lib/python3.12/site-packages/airflow/example_dags/example_xcomargs.py
[2025-03-12T14:04:33.730+0000] {logging_mixin.py:190} INFO - [2025-03-12T14:04:33.730+0000] {dag.py:3239} INFO - Sync 2 DAGs
[2025-03-12T14:04:33.741+0000] {logging_mixin.py:190} INFO - [2025-03-12T14:04:33.741+0000] {dag.py:4180} INFO - Setting next_dagrun for example_xcom_args to None, run_after=None
[2025-03-12T14:04:33.744+0000] {logging_mixin.py:190} INFO - [2025-03-12T14:04:33.744+0000] {dag.py:4180} INFO - Setting next_dagrun for example_xcom_args_with_operators to None, run_after=None
[2025-03-12T14:04:33.758+0000] {processor.py:208} INFO - Processing /home/airflow/.local/lib/python3.12/site-packages/airflow/example_dags/example_xcomargs.py took 0.060 seconds
[2025-03-12T14:05:07.404+0000] {processor.py:186} INFO - Started process (PID=10389) to work on /home/airflow/.local/lib/python3.12/site-packages/airflow/example_dags/example_xcomargs.py
[2025-03-12T14:05:07.405+0000] {processor.py:914} INFO - Processing file /home/airflow/.local/lib/python3.12/site-packages/airflow/example_dags/example_xcomargs.py for tasks to queue
[2025-03-12T14:05:07.407+0000] {logging_mixin.py:190} INFO - [2025-03-12T14:05:07.407+0000] {dagbag.py:588} INFO - Filling up the DagBag from /home/airflow/.local/lib/python3.12/site-packages/airflow/example_dags/example_xcomargs.py
[2025-03-12T14:05:07.418+0000] {processor.py:925} INFO - DAG(s) 'example_xcom_args_with_operators', 'example_xcom_args' retrieved from /home/airflow/.local/lib/python3.12/site-packages/airflow/example_dags/example_xcomargs.py
[2025-03-12T14:05:07.440+0000] {logging_mixin.py:190} INFO - [2025-03-12T14:05:07.439+0000] {dag.py:3239} INFO - Sync 2 DAGs
[2025-03-12T14:05:07.454+0000] {logging_mixin.py:190} INFO - [2025-03-12T14:05:07.454+0000] {dag.py:4180} INFO - Setting next_dagrun for example_xcom_args to None, run_after=None
[2025-03-12T14:05:07.459+0000] {logging_mixin.py:190} INFO - [2025-03-12T14:05:07.459+0000] {dag.py:4180} INFO - Setting next_dagrun for example_xcom_args_with_operators to None, run_after=None
[2025-03-12T14:05:07.473+0000] {processor.py:208} INFO - Processing /home/airflow/.local/lib/python3.12/site-packages/airflow/example_dags/example_xcomargs.py took 0.074 seconds
[2025-03-12T14:05:41.675+0000] {processor.py:186} INFO - Started process (PID=10702) to work on /home/airflow/.local/lib/python3.12/site-packages/airflow/example_dags/example_xcomargs.py
[2025-03-12T14:05:41.676+0000] {processor.py:914} INFO - Processing file /home/airflow/.local/lib/python3.12/site-packages/airflow/example_dags/example_xcomargs.py for tasks to queue
[2025-03-12T14:05:41.678+0000] {logging_mixin.py:190} INFO - [2025-03-12T14:05:41.678+0000] {dagbag.py:588} INFO - Filling up the DagBag from /home/airflow/.local/lib/python3.12/site-packages/airflow/example_dags/example_xcomargs.py
[2025-03-12T14:05:41.687+0000] {processor.py:925} INFO - DAG(s) 'example_xcom_args', 'example_xcom_args_with_operators' retrieved from /home/airflow/.local/lib/python3.12/site-packages/airflow/example_dags/example_xcomargs.py
[2025-03-12T14:05:41.709+0000] {logging_mixin.py:190} INFO - [2025-03-12T14:05:41.709+0000] {dag.py:3239} INFO - Sync 2 DAGs
[2025-03-12T14:05:41.723+0000] {logging_mixin.py:190} INFO - [2025-03-12T14:05:41.722+0000] {dag.py:4180} INFO - Setting next_dagrun for example_xcom_args to None, run_after=None
[2025-03-12T14:05:41.726+0000] {logging_mixin.py:190} INFO - [2025-03-12T14:05:41.726+0000] {dag.py:4180} INFO - Setting next_dagrun for example_xcom_args_with_operators to None, run_after=None
[2025-03-12T14:05:41.743+0000] {processor.py:208} INFO - Processing /home/airflow/.local/lib/python3.12/site-packages/airflow/example_dags/example_xcomargs.py took 0.073 seconds
[2025-03-12T14:06:14.179+0000] {processor.py:186} INFO - Started process (PID=11006) to work on /home/airflow/.local/lib/python3.12/site-packages/airflow/example_dags/example_xcomargs.py
[2025-03-12T14:06:14.180+0000] {processor.py:914} INFO - Processing file /home/airflow/.local/lib/python3.12/site-packages/airflow/example_dags/example_xcomargs.py for tasks to queue
[2025-03-12T14:06:14.181+0000] {logging_mixin.py:190} INFO - [2025-03-12T14:06:14.181+0000] {dagbag.py:588} INFO - Filling up the DagBag from /home/airflow/.local/lib/python3.12/site-packages/airflow/example_dags/example_xcomargs.py
[2025-03-12T14:06:14.191+0000] {processor.py:925} INFO - DAG(s) 'example_xcom_args_with_operators', 'example_xcom_args' retrieved from /home/airflow/.local/lib/python3.12/site-packages/airflow/example_dags/example_xcomargs.py
[2025-03-12T14:06:14.210+0000] {logging_mixin.py:190} INFO - [2025-03-12T14:06:14.210+0000] {dag.py:3239} INFO - Sync 2 DAGs
[2025-03-12T14:06:14.221+0000] {logging_mixin.py:190} INFO - [2025-03-12T14:06:14.221+0000] {dag.py:4180} INFO - Setting next_dagrun for example_xcom_args to None, run_after=None
[2025-03-12T14:06:14.225+0000] {logging_mixin.py:190} INFO - [2025-03-12T14:06:14.225+0000] {dag.py:4180} INFO - Setting next_dagrun for example_xcom_args_with_operators to None, run_after=None
[2025-03-12T14:06:14.239+0000] {processor.py:208} INFO - Processing /home/airflow/.local/lib/python3.12/site-packages/airflow/example_dags/example_xcomargs.py took 0.064 seconds
[2025-03-12T14:06:48.019+0000] {processor.py:186} INFO - Started process (PID=11312) to work on /home/airflow/.local/lib/python3.12/site-packages/airflow/example_dags/example_xcomargs.py
[2025-03-12T14:06:48.020+0000] {processor.py:914} INFO - Processing file /home/airflow/.local/lib/python3.12/site-packages/airflow/example_dags/example_xcomargs.py for tasks to queue
[2025-03-12T14:06:48.022+0000] {logging_mixin.py:190} INFO - [2025-03-12T14:06:48.022+0000] {dagbag.py:588} INFO - Filling up the DagBag from /home/airflow/.local/lib/python3.12/site-packages/airflow/example_dags/example_xcomargs.py
[2025-03-12T14:06:48.030+0000] {processor.py:925} INFO - DAG(s) 'example_xcom_args', 'example_xcom_args_with_operators' retrieved from /home/airflow/.local/lib/python3.12/site-packages/airflow/example_dags/example_xcomargs.py
[2025-03-12T14:06:48.052+0000] {logging_mixin.py:190} INFO - [2025-03-12T14:06:48.052+0000] {dag.py:3239} INFO - Sync 2 DAGs
[2025-03-12T14:06:48.063+0000] {logging_mixin.py:190} INFO - [2025-03-12T14:06:48.063+0000] {dag.py:4180} INFO - Setting next_dagrun for example_xcom_args to None, run_after=None
[2025-03-12T14:06:48.067+0000] {logging_mixin.py:190} INFO - [2025-03-12T14:06:48.067+0000] {dag.py:4180} INFO - Setting next_dagrun for example_xcom_args_with_operators to None, run_after=None
[2025-03-12T14:06:48.081+0000] {processor.py:208} INFO - Processing /home/airflow/.local/lib/python3.12/site-packages/airflow/example_dags/example_xcomargs.py took 0.066 seconds
[2025-03-12T14:07:21.586+0000] {processor.py:186} INFO - Started process (PID=11618) to work on /home/airflow/.local/lib/python3.12/site-packages/airflow/example_dags/example_xcomargs.py
[2025-03-12T14:07:21.587+0000] {processor.py:914} INFO - Processing file /home/airflow/.local/lib/python3.12/site-packages/airflow/example_dags/example_xcomargs.py for tasks to queue
[2025-03-12T14:07:21.589+0000] {logging_mixin.py:190} INFO - [2025-03-12T14:07:21.589+0000] {dagbag.py:588} INFO - Filling up the DagBag from /home/airflow/.local/lib/python3.12/site-packages/airflow/example_dags/example_xcomargs.py
[2025-03-12T14:07:21.599+0000] {processor.py:925} INFO - DAG(s) 'example_xcom_args_with_operators', 'example_xcom_args' retrieved from /home/airflow/.local/lib/python3.12/site-packages/airflow/example_dags/example_xcomargs.py
[2025-03-12T14:07:21.622+0000] {logging_mixin.py:190} INFO - [2025-03-12T14:07:21.622+0000] {dag.py:3239} INFO - Sync 2 DAGs
[2025-03-12T14:07:21.639+0000] {logging_mixin.py:190} INFO - [2025-03-12T14:07:21.639+0000] {dag.py:4180} INFO - Setting next_dagrun for example_xcom_args to None, run_after=None
[2025-03-12T14:07:21.643+0000] {logging_mixin.py:190} INFO - [2025-03-12T14:07:21.643+0000] {dag.py:4180} INFO - Setting next_dagrun for example_xcom_args_with_operators to None, run_after=None
[2025-03-12T14:07:21.659+0000] {processor.py:208} INFO - Processing /home/airflow/.local/lib/python3.12/site-packages/airflow/example_dags/example_xcomargs.py took 0.077 seconds
[2025-03-12T14:07:54.466+0000] {processor.py:186} INFO - Started process (PID=11924) to work on /home/airflow/.local/lib/python3.12/site-packages/airflow/example_dags/example_xcomargs.py
[2025-03-12T14:07:54.466+0000] {processor.py:914} INFO - Processing file /home/airflow/.local/lib/python3.12/site-packages/airflow/example_dags/example_xcomargs.py for tasks to queue
[2025-03-12T14:07:54.468+0000] {logging_mixin.py:190} INFO - [2025-03-12T14:07:54.468+0000] {dagbag.py:588} INFO - Filling up the DagBag from /home/airflow/.local/lib/python3.12/site-packages/airflow/example_dags/example_xcomargs.py
[2025-03-12T14:07:54.476+0000] {processor.py:925} INFO - DAG(s) 'example_xcom_args', 'example_xcom_args_with_operators' retrieved from /home/airflow/.local/lib/python3.12/site-packages/airflow/example_dags/example_xcomargs.py
[2025-03-12T14:07:54.498+0000] {logging_mixin.py:190} INFO - [2025-03-12T14:07:54.497+0000] {dag.py:3239} INFO - Sync 2 DAGs
[2025-03-12T14:07:54.511+0000] {logging_mixin.py:190} INFO - [2025-03-12T14:07:54.511+0000] {dag.py:4180} INFO - Setting next_dagrun for example_xcom_args to None, run_after=None
[2025-03-12T14:07:54.515+0000] {logging_mixin.py:190} INFO - [2025-03-12T14:07:54.515+0000] {dag.py:4180} INFO - Setting next_dagrun for example_xcom_args_with_operators to None, run_after=None
[2025-03-12T14:07:54.528+0000] {processor.py:208} INFO - Processing /home/airflow/.local/lib/python3.12/site-packages/airflow/example_dags/example_xcomargs.py took 0.067 seconds
[2025-03-12T14:08:28.404+0000] {processor.py:186} INFO - Started process (PID=12232) to work on /home/airflow/.local/lib/python3.12/site-packages/airflow/example_dags/example_xcomargs.py
[2025-03-12T14:08:28.405+0000] {processor.py:914} INFO - Processing file /home/airflow/.local/lib/python3.12/site-packages/airflow/example_dags/example_xcomargs.py for tasks to queue
[2025-03-12T14:08:28.408+0000] {logging_mixin.py:190} INFO - [2025-03-12T14:08:28.407+0000] {dagbag.py:588} INFO - Filling up the DagBag from /home/airflow/.local/lib/python3.12/site-packages/airflow/example_dags/example_xcomargs.py
[2025-03-12T14:08:28.416+0000] {processor.py:925} INFO - DAG(s) 'example_xcom_args', 'example_xcom_args_with_operators' retrieved from /home/airflow/.local/lib/python3.12/site-packages/airflow/example_dags/example_xcomargs.py
[2025-03-12T14:08:28.433+0000] {logging_mixin.py:190} INFO - [2025-03-12T14:08:28.433+0000] {dag.py:3239} INFO - Sync 2 DAGs
[2025-03-12T14:08:28.443+0000] {logging_mixin.py:190} INFO - [2025-03-12T14:08:28.443+0000] {dag.py:4180} INFO - Setting next_dagrun for example_xcom_args to None, run_after=None
[2025-03-12T14:08:28.446+0000] {logging_mixin.py:190} INFO - [2025-03-12T14:08:28.446+0000] {dag.py:4180} INFO - Setting next_dagrun for example_xcom_args_with_operators to None, run_after=None
[2025-03-12T14:08:28.459+0000] {processor.py:208} INFO - Processing /home/airflow/.local/lib/python3.12/site-packages/airflow/example_dags/example_xcomargs.py took 0.059 seconds
[2025-03-12T14:09:01.421+0000] {processor.py:186} INFO - Started process (PID=12536) to work on /home/airflow/.local/lib/python3.12/site-packages/airflow/example_dags/example_xcomargs.py
[2025-03-12T14:09:01.422+0000] {processor.py:914} INFO - Processing file /home/airflow/.local/lib/python3.12/site-packages/airflow/example_dags/example_xcomargs.py for tasks to queue
[2025-03-12T14:09:01.424+0000] {logging_mixin.py:190} INFO - [2025-03-12T14:09:01.423+0000] {dagbag.py:588} INFO - Filling up the DagBag from /home/airflow/.local/lib/python3.12/site-packages/airflow/example_dags/example_xcomargs.py
[2025-03-12T14:09:01.431+0000] {processor.py:925} INFO - DAG(s) 'example_xcom_args', 'example_xcom_args_with_operators' retrieved from /home/airflow/.local/lib/python3.12/site-packages/airflow/example_dags/example_xcomargs.py
[2025-03-12T14:09:01.453+0000] {logging_mixin.py:190} INFO - [2025-03-12T14:09:01.452+0000] {dag.py:3239} INFO - Sync 2 DAGs
[2025-03-12T14:09:01.464+0000] {logging_mixin.py:190} INFO - [2025-03-12T14:09:01.463+0000] {dag.py:4180} INFO - Setting next_dagrun for example_xcom_args to None, run_after=None
[2025-03-12T14:09:01.468+0000] {logging_mixin.py:190} INFO - [2025-03-12T14:09:01.468+0000] {dag.py:4180} INFO - Setting next_dagrun for example_xcom_args_with_operators to None, run_after=None
[2025-03-12T14:09:01.482+0000] {processor.py:208} INFO - Processing /home/airflow/.local/lib/python3.12/site-packages/airflow/example_dags/example_xcomargs.py took 0.065 seconds
[2025-03-12T14:09:35.099+0000] {processor.py:186} INFO - Started process (PID=12844) to work on /home/airflow/.local/lib/python3.12/site-packages/airflow/example_dags/example_xcomargs.py
[2025-03-12T14:09:35.100+0000] {processor.py:914} INFO - Processing file /home/airflow/.local/lib/python3.12/site-packages/airflow/example_dags/example_xcomargs.py for tasks to queue
[2025-03-12T14:09:35.102+0000] {logging_mixin.py:190} INFO - [2025-03-12T14:09:35.102+0000] {dagbag.py:588} INFO - Filling up the DagBag from /home/airflow/.local/lib/python3.12/site-packages/airflow/example_dags/example_xcomargs.py
[2025-03-12T14:09:35.110+0000] {processor.py:925} INFO - DAG(s) 'example_xcom_args', 'example_xcom_args_with_operators' retrieved from /home/airflow/.local/lib/python3.12/site-packages/airflow/example_dags/example_xcomargs.py
[2025-03-12T14:09:35.127+0000] {logging_mixin.py:190} INFO - [2025-03-12T14:09:35.127+0000] {dag.py:3239} INFO - Sync 2 DAGs
[2025-03-12T14:09:35.138+0000] {logging_mixin.py:190} INFO - [2025-03-12T14:09:35.137+0000] {dag.py:4180} INFO - Setting next_dagrun for example_xcom_args to None, run_after=None
[2025-03-12T14:09:35.140+0000] {logging_mixin.py:190} INFO - [2025-03-12T14:09:35.140+0000] {dag.py:4180} INFO - Setting next_dagrun for example_xcom_args_with_operators to None, run_after=None
[2025-03-12T14:09:35.153+0000] {processor.py:208} INFO - Processing /home/airflow/.local/lib/python3.12/site-packages/airflow/example_dags/example_xcomargs.py took 0.058 seconds
[2025-03-12T14:10:07.935+0000] {processor.py:186} INFO - Started process (PID=13150) to work on /home/airflow/.local/lib/python3.12/site-packages/airflow/example_dags/example_xcomargs.py
[2025-03-12T14:10:07.936+0000] {processor.py:914} INFO - Processing file /home/airflow/.local/lib/python3.12/site-packages/airflow/example_dags/example_xcomargs.py for tasks to queue
[2025-03-12T14:10:07.938+0000] {logging_mixin.py:190} INFO - [2025-03-12T14:10:07.938+0000] {dagbag.py:588} INFO - Filling up the DagBag from /home/airflow/.local/lib/python3.12/site-packages/airflow/example_dags/example_xcomargs.py
[2025-03-12T14:10:07.949+0000] {processor.py:925} INFO - DAG(s) 'example_xcom_args_with_operators', 'example_xcom_args' retrieved from /home/airflow/.local/lib/python3.12/site-packages/airflow/example_dags/example_xcomargs.py
[2025-03-12T14:10:07.974+0000] {logging_mixin.py:190} INFO - [2025-03-12T14:10:07.973+0000] {dag.py:3239} INFO - Sync 2 DAGs
[2025-03-12T14:10:07.991+0000] {logging_mixin.py:190} INFO - [2025-03-12T14:10:07.991+0000] {dag.py:4180} INFO - Setting next_dagrun for example_xcom_args to None, run_after=None
[2025-03-12T14:10:07.996+0000] {logging_mixin.py:190} INFO - [2025-03-12T14:10:07.995+0000] {dag.py:4180} INFO - Setting next_dagrun for example_xcom_args_with_operators to None, run_after=None
[2025-03-12T14:10:08.025+0000] {processor.py:208} INFO - Processing /home/airflow/.local/lib/python3.12/site-packages/airflow/example_dags/example_xcomargs.py took 0.095 seconds
[2025-03-12T14:10:40.802+0000] {processor.py:186} INFO - Started process (PID=13454) to work on /home/airflow/.local/lib/python3.12/site-packages/airflow/example_dags/example_xcomargs.py
[2025-03-12T14:10:40.803+0000] {processor.py:914} INFO - Processing file /home/airflow/.local/lib/python3.12/site-packages/airflow/example_dags/example_xcomargs.py for tasks to queue
[2025-03-12T14:10:40.805+0000] {logging_mixin.py:190} INFO - [2025-03-12T14:10:40.804+0000] {dagbag.py:588} INFO - Filling up the DagBag from /home/airflow/.local/lib/python3.12/site-packages/airflow/example_dags/example_xcomargs.py
[2025-03-12T14:10:40.812+0000] {processor.py:925} INFO - DAG(s) 'example_xcom_args', 'example_xcom_args_with_operators' retrieved from /home/airflow/.local/lib/python3.12/site-packages/airflow/example_dags/example_xcomargs.py
[2025-03-12T14:10:40.829+0000] {logging_mixin.py:190} INFO - [2025-03-12T14:10:40.829+0000] {dag.py:3239} INFO - Sync 2 DAGs
[2025-03-12T14:10:40.840+0000] {logging_mixin.py:190} INFO - [2025-03-12T14:10:40.840+0000] {dag.py:4180} INFO - Setting next_dagrun for example_xcom_args to None, run_after=None
[2025-03-12T14:10:40.843+0000] {logging_mixin.py:190} INFO - [2025-03-12T14:10:40.843+0000] {dag.py:4180} INFO - Setting next_dagrun for example_xcom_args_with_operators to None, run_after=None
[2025-03-12T14:10:40.857+0000] {processor.py:208} INFO - Processing /home/airflow/.local/lib/python3.12/site-packages/airflow/example_dags/example_xcomargs.py took 0.060 seconds
[2025-03-12T14:11:14.642+0000] {processor.py:186} INFO - Started process (PID=13760) to work on /home/airflow/.local/lib/python3.12/site-packages/airflow/example_dags/example_xcomargs.py
[2025-03-12T14:11:14.643+0000] {processor.py:914} INFO - Processing file /home/airflow/.local/lib/python3.12/site-packages/airflow/example_dags/example_xcomargs.py for tasks to queue
[2025-03-12T14:11:14.644+0000] {logging_mixin.py:190} INFO - [2025-03-12T14:11:14.644+0000] {dagbag.py:588} INFO - Filling up the DagBag from /home/airflow/.local/lib/python3.12/site-packages/airflow/example_dags/example_xcomargs.py
[2025-03-12T14:11:14.652+0000] {processor.py:925} INFO - DAG(s) 'example_xcom_args_with_operators', 'example_xcom_args' retrieved from /home/airflow/.local/lib/python3.12/site-packages/airflow/example_dags/example_xcomargs.py
[2025-03-12T14:11:14.670+0000] {logging_mixin.py:190} INFO - [2025-03-12T14:11:14.670+0000] {dag.py:3239} INFO - Sync 2 DAGs
[2025-03-12T14:11:14.682+0000] {logging_mixin.py:190} INFO - [2025-03-12T14:11:14.682+0000] {dag.py:4180} INFO - Setting next_dagrun for example_xcom_args to None, run_after=None
[2025-03-12T14:11:14.687+0000] {logging_mixin.py:190} INFO - [2025-03-12T14:11:14.686+0000] {dag.py:4180} INFO - Setting next_dagrun for example_xcom_args_with_operators to None, run_after=None
[2025-03-12T14:11:14.701+0000] {processor.py:208} INFO - Processing /home/airflow/.local/lib/python3.12/site-packages/airflow/example_dags/example_xcomargs.py took 0.063 seconds
[2025-03-12T14:11:48.121+0000] {processor.py:186} INFO - Started process (PID=14067) to work on /home/airflow/.local/lib/python3.12/site-packages/airflow/example_dags/example_xcomargs.py
[2025-03-12T14:11:48.122+0000] {processor.py:914} INFO - Processing file /home/airflow/.local/lib/python3.12/site-packages/airflow/example_dags/example_xcomargs.py for tasks to queue
[2025-03-12T14:11:48.124+0000] {logging_mixin.py:190} INFO - [2025-03-12T14:11:48.124+0000] {dagbag.py:588} INFO - Filling up the DagBag from /home/airflow/.local/lib/python3.12/site-packages/airflow/example_dags/example_xcomargs.py
[2025-03-12T14:11:48.133+0000] {processor.py:925} INFO - DAG(s) 'example_xcom_args_with_operators', 'example_xcom_args' retrieved from /home/airflow/.local/lib/python3.12/site-packages/airflow/example_dags/example_xcomargs.py
[2025-03-12T14:11:48.152+0000] {logging_mixin.py:190} INFO - [2025-03-12T14:11:48.152+0000] {dag.py:3239} INFO - Sync 2 DAGs
[2025-03-12T14:11:48.165+0000] {logging_mixin.py:190} INFO - [2025-03-12T14:11:48.165+0000] {dag.py:4180} INFO - Setting next_dagrun for example_xcom_args to None, run_after=None
[2025-03-12T14:11:48.168+0000] {logging_mixin.py:190} INFO - [2025-03-12T14:11:48.168+0000] {dag.py:4180} INFO - Setting next_dagrun for example_xcom_args_with_operators to None, run_after=None
[2025-03-12T14:11:48.181+0000] {processor.py:208} INFO - Processing /home/airflow/.local/lib/python3.12/site-packages/airflow/example_dags/example_xcomargs.py took 0.063 seconds
[2025-03-12T14:12:22.077+0000] {processor.py:186} INFO - Started process (PID=14373) to work on /home/airflow/.local/lib/python3.12/site-packages/airflow/example_dags/example_xcomargs.py
[2025-03-12T14:12:22.078+0000] {processor.py:914} INFO - Processing file /home/airflow/.local/lib/python3.12/site-packages/airflow/example_dags/example_xcomargs.py for tasks to queue
[2025-03-12T14:12:22.080+0000] {logging_mixin.py:190} INFO - [2025-03-12T14:12:22.080+0000] {dagbag.py:588} INFO - Filling up the DagBag from /home/airflow/.local/lib/python3.12/site-packages/airflow/example_dags/example_xcomargs.py
[2025-03-12T14:12:22.088+0000] {processor.py:925} INFO - DAG(s) 'example_xcom_args_with_operators', 'example_xcom_args' retrieved from /home/airflow/.local/lib/python3.12/site-packages/airflow/example_dags/example_xcomargs.py
[2025-03-12T14:12:22.107+0000] {logging_mixin.py:190} INFO - [2025-03-12T14:12:22.107+0000] {dag.py:3239} INFO - Sync 2 DAGs
[2025-03-12T14:12:22.118+0000] {logging_mixin.py:190} INFO - [2025-03-12T14:12:22.118+0000] {dag.py:4180} INFO - Setting next_dagrun for example_xcom_args to None, run_after=None
[2025-03-12T14:12:22.121+0000] {logging_mixin.py:190} INFO - [2025-03-12T14:12:22.121+0000] {dag.py:4180} INFO - Setting next_dagrun for example_xcom_args_with_operators to None, run_after=None
[2025-03-12T14:12:22.134+0000] {processor.py:208} INFO - Processing /home/airflow/.local/lib/python3.12/site-packages/airflow/example_dags/example_xcomargs.py took 0.062 seconds
[2025-03-12T14:14:03.990+0000] {processor.py:186} INFO - Started process (PID=308) to work on /home/airflow/.local/lib/python3.12/site-packages/airflow/example_dags/example_xcomargs.py
[2025-03-12T14:14:03.991+0000] {processor.py:914} INFO - Processing file /home/airflow/.local/lib/python3.12/site-packages/airflow/example_dags/example_xcomargs.py for tasks to queue
[2025-03-12T14:14:03.993+0000] {logging_mixin.py:190} INFO - [2025-03-12T14:14:03.993+0000] {dagbag.py:588} INFO - Filling up the DagBag from /home/airflow/.local/lib/python3.12/site-packages/airflow/example_dags/example_xcomargs.py
[2025-03-12T14:14:04.004+0000] {processor.py:925} INFO - DAG(s) 'example_xcom_args_with_operators', 'example_xcom_args' retrieved from /home/airflow/.local/lib/python3.12/site-packages/airflow/example_dags/example_xcomargs.py
[2025-03-12T14:14:04.122+0000] {logging_mixin.py:190} INFO - [2025-03-12T14:14:04.122+0000] {override.py:1912} INFO - Created Permission View: can read on DAG:example_xcom_args_with_operators
[2025-03-12T14:14:04.132+0000] {logging_mixin.py:190} INFO - [2025-03-12T14:14:04.132+0000] {override.py:1912} INFO - Created Permission View: can edit on DAG:example_xcom_args_with_operators
[2025-03-12T14:14:04.139+0000] {logging_mixin.py:190} INFO - [2025-03-12T14:14:04.139+0000] {override.py:1912} INFO - Created Permission View: can delete on DAG:example_xcom_args_with_operators
[2025-03-12T14:14:04.147+0000] {logging_mixin.py:190} INFO - [2025-03-12T14:14:04.146+0000] {override.py:1912} INFO - Created Permission View: can create on DAG Run:example_xcom_args_with_operators
[2025-03-12T14:14:04.154+0000] {logging_mixin.py:190} INFO - [2025-03-12T14:14:04.153+0000] {override.py:1912} INFO - Created Permission View: can read on DAG Run:example_xcom_args_with_operators
[2025-03-12T14:14:04.160+0000] {logging_mixin.py:190} INFO - [2025-03-12T14:14:04.160+0000] {override.py:1912} INFO - Created Permission View: menu access on DAG Run:example_xcom_args_with_operators
[2025-03-12T14:14:04.166+0000] {logging_mixin.py:190} INFO - [2025-03-12T14:14:04.166+0000] {override.py:1912} INFO - Created Permission View: can delete on DAG Run:example_xcom_args_with_operators
[2025-03-12T14:14:04.178+0000] {logging_mixin.py:190} INFO - [2025-03-12T14:14:04.178+0000] {override.py:1912} INFO - Created Permission View: can read on DAG:example_xcom_args
[2025-03-12T14:14:04.184+0000] {logging_mixin.py:190} INFO - [2025-03-12T14:14:04.183+0000] {override.py:1912} INFO - Created Permission View: can edit on DAG:example_xcom_args
[2025-03-12T14:14:04.189+0000] {logging_mixin.py:190} INFO - [2025-03-12T14:14:04.189+0000] {override.py:1912} INFO - Created Permission View: can delete on DAG:example_xcom_args
[2025-03-12T14:14:04.196+0000] {logging_mixin.py:190} INFO - [2025-03-12T14:14:04.195+0000] {override.py:1912} INFO - Created Permission View: can create on DAG Run:example_xcom_args
[2025-03-12T14:14:04.202+0000] {logging_mixin.py:190} INFO - [2025-03-12T14:14:04.201+0000] {override.py:1912} INFO - Created Permission View: can read on DAG Run:example_xcom_args
[2025-03-12T14:14:04.208+0000] {logging_mixin.py:190} INFO - [2025-03-12T14:14:04.207+0000] {override.py:1912} INFO - Created Permission View: menu access on DAG Run:example_xcom_args
[2025-03-12T14:14:04.213+0000] {logging_mixin.py:190} INFO - [2025-03-12T14:14:04.213+0000] {override.py:1912} INFO - Created Permission View: can delete on DAG Run:example_xcom_args
[2025-03-12T14:14:04.214+0000] {logging_mixin.py:190} INFO - [2025-03-12T14:14:04.214+0000] {dag.py:3239} INFO - Sync 2 DAGs
[2025-03-12T14:14:04.227+0000] {logging_mixin.py:190} INFO - [2025-03-12T14:14:04.227+0000] {dag.py:3262} INFO - Creating ORM DAG for example_xcom_args
[2025-03-12T14:14:04.228+0000] {logging_mixin.py:190} INFO - [2025-03-12T14:14:04.228+0000] {dag.py:3262} INFO - Creating ORM DAG for example_xcom_args_with_operators
[2025-03-12T14:14:04.229+0000] {logging_mixin.py:190} INFO - [2025-03-12T14:14:04.229+0000] {dag.py:4180} INFO - Setting next_dagrun for example_xcom_args to None, run_after=None
[2025-03-12T14:14:04.230+0000] {logging_mixin.py:190} INFO - [2025-03-12T14:14:04.230+0000] {dag.py:4180} INFO - Setting next_dagrun for example_xcom_args_with_operators to None, run_after=None
[2025-03-12T14:14:04.246+0000] {processor.py:208} INFO - Processing /home/airflow/.local/lib/python3.12/site-packages/airflow/example_dags/example_xcomargs.py took 0.262 seconds
[2025-03-12T14:14:35.006+0000] {processor.py:186} INFO - Started process (PID=608) to work on /home/airflow/.local/lib/python3.12/site-packages/airflow/example_dags/example_xcomargs.py
[2025-03-12T14:14:35.007+0000] {processor.py:914} INFO - Processing file /home/airflow/.local/lib/python3.12/site-packages/airflow/example_dags/example_xcomargs.py for tasks to queue
[2025-03-12T14:14:35.008+0000] {logging_mixin.py:190} INFO - [2025-03-12T14:14:35.008+0000] {dagbag.py:588} INFO - Filling up the DagBag from /home/airflow/.local/lib/python3.12/site-packages/airflow/example_dags/example_xcomargs.py
[2025-03-12T14:14:35.016+0000] {processor.py:925} INFO - DAG(s) 'example_xcom_args_with_operators', 'example_xcom_args' retrieved from /home/airflow/.local/lib/python3.12/site-packages/airflow/example_dags/example_xcomargs.py
[2025-03-12T14:14:35.034+0000] {logging_mixin.py:190} INFO - [2025-03-12T14:14:35.034+0000] {dag.py:3239} INFO - Sync 2 DAGs
[2025-03-12T14:14:35.046+0000] {logging_mixin.py:190} INFO - [2025-03-12T14:14:35.046+0000] {dag.py:4180} INFO - Setting next_dagrun for example_xcom_args to None, run_after=None
[2025-03-12T14:14:35.049+0000] {logging_mixin.py:190} INFO - [2025-03-12T14:14:35.049+0000] {dag.py:4180} INFO - Setting next_dagrun for example_xcom_args_with_operators to None, run_after=None
[2025-03-12T14:14:35.063+0000] {processor.py:208} INFO - Processing /home/airflow/.local/lib/python3.12/site-packages/airflow/example_dags/example_xcomargs.py took 0.062 seconds
[2025-03-12T14:15:08.101+0000] {processor.py:186} INFO - Started process (PID=914) to work on /home/airflow/.local/lib/python3.12/site-packages/airflow/example_dags/example_xcomargs.py
[2025-03-12T14:15:08.101+0000] {processor.py:914} INFO - Processing file /home/airflow/.local/lib/python3.12/site-packages/airflow/example_dags/example_xcomargs.py for tasks to queue
[2025-03-12T14:15:08.104+0000] {logging_mixin.py:190} INFO - [2025-03-12T14:15:08.104+0000] {dagbag.py:588} INFO - Filling up the DagBag from /home/airflow/.local/lib/python3.12/site-packages/airflow/example_dags/example_xcomargs.py
[2025-03-12T14:15:08.114+0000] {processor.py:925} INFO - DAG(s) 'example_xcom_args_with_operators', 'example_xcom_args' retrieved from /home/airflow/.local/lib/python3.12/site-packages/airflow/example_dags/example_xcomargs.py
[2025-03-12T14:15:08.135+0000] {logging_mixin.py:190} INFO - [2025-03-12T14:15:08.134+0000] {dag.py:3239} INFO - Sync 2 DAGs
[2025-03-12T14:15:08.152+0000] {logging_mixin.py:190} INFO - [2025-03-12T14:15:08.152+0000] {dag.py:4180} INFO - Setting next_dagrun for example_xcom_args to None, run_after=None
[2025-03-12T14:15:08.156+0000] {logging_mixin.py:190} INFO - [2025-03-12T14:15:08.156+0000] {dag.py:4180} INFO - Setting next_dagrun for example_xcom_args_with_operators to None, run_after=None
[2025-03-12T14:15:08.171+0000] {processor.py:208} INFO - Processing /home/airflow/.local/lib/python3.12/site-packages/airflow/example_dags/example_xcomargs.py took 0.076 seconds
[2025-03-12T14:15:41.781+0000] {processor.py:186} INFO - Started process (PID=1220) to work on /home/airflow/.local/lib/python3.12/site-packages/airflow/example_dags/example_xcomargs.py
[2025-03-12T14:15:41.782+0000] {processor.py:914} INFO - Processing file /home/airflow/.local/lib/python3.12/site-packages/airflow/example_dags/example_xcomargs.py for tasks to queue
[2025-03-12T14:15:41.783+0000] {logging_mixin.py:190} INFO - [2025-03-12T14:15:41.783+0000] {dagbag.py:588} INFO - Filling up the DagBag from /home/airflow/.local/lib/python3.12/site-packages/airflow/example_dags/example_xcomargs.py
[2025-03-12T14:15:41.792+0000] {processor.py:925} INFO - DAG(s) 'example_xcom_args', 'example_xcom_args_with_operators' retrieved from /home/airflow/.local/lib/python3.12/site-packages/airflow/example_dags/example_xcomargs.py
[2025-03-12T14:15:41.812+0000] {logging_mixin.py:190} INFO - [2025-03-12T14:15:41.812+0000] {dag.py:3239} INFO - Sync 2 DAGs
[2025-03-12T14:15:41.825+0000] {logging_mixin.py:190} INFO - [2025-03-12T14:15:41.825+0000] {dag.py:4180} INFO - Setting next_dagrun for example_xcom_args to None, run_after=None
[2025-03-12T14:15:41.829+0000] {logging_mixin.py:190} INFO - [2025-03-12T14:15:41.828+0000] {dag.py:4180} INFO - Setting next_dagrun for example_xcom_args_with_operators to None, run_after=None
[2025-03-12T14:15:41.842+0000] {processor.py:208} INFO - Processing /home/airflow/.local/lib/python3.12/site-packages/airflow/example_dags/example_xcomargs.py took 0.066 seconds
[2025-03-12T14:16:15.249+0000] {processor.py:186} INFO - Started process (PID=1528) to work on /home/airflow/.local/lib/python3.12/site-packages/airflow/example_dags/example_xcomargs.py
[2025-03-12T14:16:15.250+0000] {processor.py:914} INFO - Processing file /home/airflow/.local/lib/python3.12/site-packages/airflow/example_dags/example_xcomargs.py for tasks to queue
[2025-03-12T14:16:15.251+0000] {logging_mixin.py:190} INFO - [2025-03-12T14:16:15.251+0000] {dagbag.py:588} INFO - Filling up the DagBag from /home/airflow/.local/lib/python3.12/site-packages/airflow/example_dags/example_xcomargs.py
[2025-03-12T14:16:15.258+0000] {processor.py:925} INFO - DAG(s) 'example_xcom_args_with_operators', 'example_xcom_args' retrieved from /home/airflow/.local/lib/python3.12/site-packages/airflow/example_dags/example_xcomargs.py
[2025-03-12T14:16:15.278+0000] {logging_mixin.py:190} INFO - [2025-03-12T14:16:15.278+0000] {dag.py:3239} INFO - Sync 2 DAGs
[2025-03-12T14:16:15.290+0000] {logging_mixin.py:190} INFO - [2025-03-12T14:16:15.290+0000] {dag.py:4180} INFO - Setting next_dagrun for example_xcom_args to None, run_after=None
[2025-03-12T14:16:15.293+0000] {logging_mixin.py:190} INFO - [2025-03-12T14:16:15.293+0000] {dag.py:4180} INFO - Setting next_dagrun for example_xcom_args_with_operators to None, run_after=None
[2025-03-12T14:16:15.307+0000] {processor.py:208} INFO - Processing /home/airflow/.local/lib/python3.12/site-packages/airflow/example_dags/example_xcomargs.py took 0.062 seconds
[2025-03-12T14:16:48.572+0000] {processor.py:186} INFO - Started process (PID=1835) to work on /home/airflow/.local/lib/python3.12/site-packages/airflow/example_dags/example_xcomargs.py
[2025-03-12T14:16:48.572+0000] {processor.py:914} INFO - Processing file /home/airflow/.local/lib/python3.12/site-packages/airflow/example_dags/example_xcomargs.py for tasks to queue
[2025-03-12T14:16:48.574+0000] {logging_mixin.py:190} INFO - [2025-03-12T14:16:48.574+0000] {dagbag.py:588} INFO - Filling up the DagBag from /home/airflow/.local/lib/python3.12/site-packages/airflow/example_dags/example_xcomargs.py
[2025-03-12T14:16:48.583+0000] {processor.py:925} INFO - DAG(s) 'example_xcom_args', 'example_xcom_args_with_operators' retrieved from /home/airflow/.local/lib/python3.12/site-packages/airflow/example_dags/example_xcomargs.py
[2025-03-12T14:16:48.603+0000] {logging_mixin.py:190} INFO - [2025-03-12T14:16:48.603+0000] {dag.py:3239} INFO - Sync 2 DAGs
[2025-03-12T14:16:48.615+0000] {logging_mixin.py:190} INFO - [2025-03-12T14:16:48.614+0000] {dag.py:4180} INFO - Setting next_dagrun for example_xcom_args to None, run_after=None
[2025-03-12T14:16:48.619+0000] {logging_mixin.py:190} INFO - [2025-03-12T14:16:48.619+0000] {dag.py:4180} INFO - Setting next_dagrun for example_xcom_args_with_operators to None, run_after=None
[2025-03-12T14:16:48.640+0000] {processor.py:208} INFO - Processing /home/airflow/.local/lib/python3.12/site-packages/airflow/example_dags/example_xcomargs.py took 0.073 seconds
[2025-03-12T14:17:21.812+0000] {processor.py:186} INFO - Started process (PID=2141) to work on /home/airflow/.local/lib/python3.12/site-packages/airflow/example_dags/example_xcomargs.py
[2025-03-12T14:17:21.813+0000] {processor.py:914} INFO - Processing file /home/airflow/.local/lib/python3.12/site-packages/airflow/example_dags/example_xcomargs.py for tasks to queue
[2025-03-12T14:17:21.815+0000] {logging_mixin.py:190} INFO - [2025-03-12T14:17:21.815+0000] {dagbag.py:588} INFO - Filling up the DagBag from /home/airflow/.local/lib/python3.12/site-packages/airflow/example_dags/example_xcomargs.py
[2025-03-12T14:17:21.824+0000] {processor.py:925} INFO - DAG(s) 'example_xcom_args', 'example_xcom_args_with_operators' retrieved from /home/airflow/.local/lib/python3.12/site-packages/airflow/example_dags/example_xcomargs.py
[2025-03-12T14:17:21.842+0000] {logging_mixin.py:190} INFO - [2025-03-12T14:17:21.842+0000] {dag.py:3239} INFO - Sync 2 DAGs
[2025-03-12T14:17:21.851+0000] {logging_mixin.py:190} INFO - [2025-03-12T14:17:21.851+0000] {dag.py:4180} INFO - Setting next_dagrun for example_xcom_args to None, run_after=None
[2025-03-12T14:17:21.855+0000] {logging_mixin.py:190} INFO - [2025-03-12T14:17:21.854+0000] {dag.py:4180} INFO - Setting next_dagrun for example_xcom_args_with_operators to None, run_after=None
[2025-03-12T14:17:21.868+0000] {processor.py:208} INFO - Processing /home/airflow/.local/lib/python3.12/site-packages/airflow/example_dags/example_xcomargs.py took 0.060 seconds
[2025-03-12T14:17:54.975+0000] {processor.py:186} INFO - Started process (PID=2447) to work on /home/airflow/.local/lib/python3.12/site-packages/airflow/example_dags/example_xcomargs.py
[2025-03-12T14:17:54.976+0000] {processor.py:914} INFO - Processing file /home/airflow/.local/lib/python3.12/site-packages/airflow/example_dags/example_xcomargs.py for tasks to queue
[2025-03-12T14:17:54.977+0000] {logging_mixin.py:190} INFO - [2025-03-12T14:17:54.977+0000] {dagbag.py:588} INFO - Filling up the DagBag from /home/airflow/.local/lib/python3.12/site-packages/airflow/example_dags/example_xcomargs.py
[2025-03-12T14:17:54.986+0000] {processor.py:925} INFO - DAG(s) 'example_xcom_args_with_operators', 'example_xcom_args' retrieved from /home/airflow/.local/lib/python3.12/site-packages/airflow/example_dags/example_xcomargs.py
[2025-03-12T14:17:55.006+0000] {logging_mixin.py:190} INFO - [2025-03-12T14:17:55.006+0000] {dag.py:3239} INFO - Sync 2 DAGs
[2025-03-12T14:17:55.018+0000] {logging_mixin.py:190} INFO - [2025-03-12T14:17:55.018+0000] {dag.py:4180} INFO - Setting next_dagrun for example_xcom_args to None, run_after=None
[2025-03-12T14:17:55.022+0000] {logging_mixin.py:190} INFO - [2025-03-12T14:17:55.022+0000] {dag.py:4180} INFO - Setting next_dagrun for example_xcom_args_with_operators to None, run_after=None
[2025-03-12T14:17:55.037+0000] {processor.py:208} INFO - Processing /home/airflow/.local/lib/python3.12/site-packages/airflow/example_dags/example_xcomargs.py took 0.066 seconds
[2025-03-12T14:18:28.283+0000] {processor.py:186} INFO - Started process (PID=2751) to work on /home/airflow/.local/lib/python3.12/site-packages/airflow/example_dags/example_xcomargs.py
[2025-03-12T14:18:28.284+0000] {processor.py:914} INFO - Processing file /home/airflow/.local/lib/python3.12/site-packages/airflow/example_dags/example_xcomargs.py for tasks to queue
[2025-03-12T14:18:28.285+0000] {logging_mixin.py:190} INFO - [2025-03-12T14:18:28.285+0000] {dagbag.py:588} INFO - Filling up the DagBag from /home/airflow/.local/lib/python3.12/site-packages/airflow/example_dags/example_xcomargs.py
[2025-03-12T14:18:28.294+0000] {processor.py:925} INFO - DAG(s) 'example_xcom_args', 'example_xcom_args_with_operators' retrieved from /home/airflow/.local/lib/python3.12/site-packages/airflow/example_dags/example_xcomargs.py
[2025-03-12T14:18:28.314+0000] {logging_mixin.py:190} INFO - [2025-03-12T14:18:28.313+0000] {dag.py:3239} INFO - Sync 2 DAGs
[2025-03-12T14:18:28.326+0000] {logging_mixin.py:190} INFO - [2025-03-12T14:18:28.326+0000] {dag.py:4180} INFO - Setting next_dagrun for example_xcom_args to None, run_after=None
[2025-03-12T14:18:28.329+0000] {logging_mixin.py:190} INFO - [2025-03-12T14:18:28.329+0000] {dag.py:4180} INFO - Setting next_dagrun for example_xcom_args_with_operators to None, run_after=None
[2025-03-12T14:18:28.344+0000] {processor.py:208} INFO - Processing /home/airflow/.local/lib/python3.12/site-packages/airflow/example_dags/example_xcomargs.py took 0.066 seconds
[2025-03-12T14:19:00.948+0000] {processor.py:186} INFO - Started process (PID=3057) to work on /home/airflow/.local/lib/python3.12/site-packages/airflow/example_dags/example_xcomargs.py
[2025-03-12T14:19:00.949+0000] {processor.py:914} INFO - Processing file /home/airflow/.local/lib/python3.12/site-packages/airflow/example_dags/example_xcomargs.py for tasks to queue
[2025-03-12T14:19:00.950+0000] {logging_mixin.py:190} INFO - [2025-03-12T14:19:00.950+0000] {dagbag.py:588} INFO - Filling up the DagBag from /home/airflow/.local/lib/python3.12/site-packages/airflow/example_dags/example_xcomargs.py
[2025-03-12T14:19:00.959+0000] {processor.py:925} INFO - DAG(s) 'example_xcom_args_with_operators', 'example_xcom_args' retrieved from /home/airflow/.local/lib/python3.12/site-packages/airflow/example_dags/example_xcomargs.py
[2025-03-12T14:19:00.979+0000] {logging_mixin.py:190} INFO - [2025-03-12T14:19:00.979+0000] {dag.py:3239} INFO - Sync 2 DAGs
[2025-03-12T14:19:00.992+0000] {logging_mixin.py:190} INFO - [2025-03-12T14:19:00.991+0000] {dag.py:4180} INFO - Setting next_dagrun for example_xcom_args to None, run_after=None
[2025-03-12T14:19:00.995+0000] {logging_mixin.py:190} INFO - [2025-03-12T14:19:00.995+0000] {dag.py:4180} INFO - Setting next_dagrun for example_xcom_args_with_operators to None, run_after=None
[2025-03-12T14:19:01.010+0000] {processor.py:208} INFO - Processing /home/airflow/.local/lib/python3.12/site-packages/airflow/example_dags/example_xcomargs.py took 0.068 seconds
[2025-03-12T14:19:35.280+0000] {processor.py:186} INFO - Started process (PID=3363) to work on /home/airflow/.local/lib/python3.12/site-packages/airflow/example_dags/example_xcomargs.py
[2025-03-12T14:19:35.281+0000] {processor.py:914} INFO - Processing file /home/airflow/.local/lib/python3.12/site-packages/airflow/example_dags/example_xcomargs.py for tasks to queue
[2025-03-12T14:19:35.283+0000] {logging_mixin.py:190} INFO - [2025-03-12T14:19:35.283+0000] {dagbag.py:588} INFO - Filling up the DagBag from /home/airflow/.local/lib/python3.12/site-packages/airflow/example_dags/example_xcomargs.py
[2025-03-12T14:19:35.291+0000] {processor.py:925} INFO - DAG(s) 'example_xcom_args_with_operators', 'example_xcom_args' retrieved from /home/airflow/.local/lib/python3.12/site-packages/airflow/example_dags/example_xcomargs.py
[2025-03-12T14:19:35.310+0000] {logging_mixin.py:190} INFO - [2025-03-12T14:19:35.309+0000] {dag.py:3239} INFO - Sync 2 DAGs
[2025-03-12T14:19:35.321+0000] {logging_mixin.py:190} INFO - [2025-03-12T14:19:35.321+0000] {dag.py:4180} INFO - Setting next_dagrun for example_xcom_args to None, run_after=None
[2025-03-12T14:19:35.325+0000] {logging_mixin.py:190} INFO - [2025-03-12T14:19:35.325+0000] {dag.py:4180} INFO - Setting next_dagrun for example_xcom_args_with_operators to None, run_after=None
[2025-03-12T14:19:35.339+0000] {processor.py:208} INFO - Processing /home/airflow/.local/lib/python3.12/site-packages/airflow/example_dags/example_xcomargs.py took 0.065 seconds
