[2025-03-12T13:44:56.161+0000] {processor.py:186} INFO - Started process (PID=221) to work on /home/airflow/.local/lib/python3.12/site-packages/airflow/example_dags/example_task_group_decorator.py
[2025-03-12T13:44:56.162+0000] {processor.py:914} INFO - Processing file /home/airflow/.local/lib/python3.12/site-packages/airflow/example_dags/example_task_group_decorator.py for tasks to queue
[2025-03-12T13:44:56.164+0000] {logging_mixin.py:190} INFO - [2025-03-12T13:44:56.164+0000] {dagbag.py:588} INFO - Filling up the DagBag from /home/airflow/.local/lib/python3.12/site-packages/airflow/example_dags/example_task_group_decorator.py
[2025-03-12T13:44:56.179+0000] {processor.py:925} INFO - DAG(s) 'example_task_group_decorator' retrieved from /home/airflow/.local/lib/python3.12/site-packages/airflow/example_dags/example_task_group_decorator.py
[2025-03-12T13:44:56.287+0000] {logging_mixin.py:190} INFO - [2025-03-12T13:44:56.286+0000] {override.py:1912} INFO - Created Permission View: can edit on DAG:example_task_group_decorator
[2025-03-12T13:44:56.296+0000] {logging_mixin.py:190} INFO - [2025-03-12T13:44:56.296+0000] {override.py:1912} INFO - Created Permission View: can delete on DAG:example_task_group_decorator
[2025-03-12T13:44:56.304+0000] {logging_mixin.py:190} INFO - [2025-03-12T13:44:56.303+0000] {override.py:1912} INFO - Created Permission View: can read on DAG:example_task_group_decorator
[2025-03-12T13:44:56.313+0000] {logging_mixin.py:190} INFO - [2025-03-12T13:44:56.312+0000] {override.py:1912} INFO - Created Permission View: can delete on DAG Run:example_task_group_decorator
[2025-03-12T13:44:56.319+0000] {logging_mixin.py:190} INFO - [2025-03-12T13:44:56.319+0000] {override.py:1912} INFO - Created Permission View: menu access on DAG Run:example_task_group_decorator
[2025-03-12T13:44:56.325+0000] {logging_mixin.py:190} INFO - [2025-03-12T13:44:56.325+0000] {override.py:1912} INFO - Created Permission View: can create on DAG Run:example_task_group_decorator
[2025-03-12T13:44:56.332+0000] {logging_mixin.py:190} INFO - [2025-03-12T13:44:56.331+0000] {override.py:1912} INFO - Created Permission View: can read on DAG Run:example_task_group_decorator
[2025-03-12T13:44:56.332+0000] {logging_mixin.py:190} INFO - [2025-03-12T13:44:56.332+0000] {dag.py:3239} INFO - Sync 1 DAGs
[2025-03-12T13:44:56.347+0000] {logging_mixin.py:190} INFO - [2025-03-12T13:44:56.347+0000] {dag.py:3262} INFO - Creating ORM DAG for example_task_group_decorator
[2025-03-12T13:44:56.348+0000] {logging_mixin.py:190} INFO - [2025-03-12T13:44:56.348+0000] {dag.py:4180} INFO - Setting next_dagrun for example_task_group_decorator to None, run_after=None
[2025-03-12T13:44:56.363+0000] {processor.py:208} INFO - Processing /home/airflow/.local/lib/python3.12/site-packages/airflow/example_dags/example_task_group_decorator.py took 0.209 seconds
[2025-03-12T13:45:26.567+0000] {processor.py:186} INFO - Started process (PID=527) to work on /home/airflow/.local/lib/python3.12/site-packages/airflow/example_dags/example_task_group_decorator.py
[2025-03-12T13:45:26.568+0000] {processor.py:914} INFO - Processing file /home/airflow/.local/lib/python3.12/site-packages/airflow/example_dags/example_task_group_decorator.py for tasks to queue
[2025-03-12T13:45:26.570+0000] {logging_mixin.py:190} INFO - [2025-03-12T13:45:26.570+0000] {dagbag.py:588} INFO - Filling up the DagBag from /home/airflow/.local/lib/python3.12/site-packages/airflow/example_dags/example_task_group_decorator.py
[2025-03-12T13:45:26.581+0000] {processor.py:925} INFO - DAG(s) 'example_task_group_decorator' retrieved from /home/airflow/.local/lib/python3.12/site-packages/airflow/example_dags/example_task_group_decorator.py
[2025-03-12T13:45:26.600+0000] {logging_mixin.py:190} INFO - [2025-03-12T13:45:26.599+0000] {dag.py:3239} INFO - Sync 1 DAGs
[2025-03-12T13:45:26.610+0000] {logging_mixin.py:190} INFO - [2025-03-12T13:45:26.610+0000] {dag.py:4180} INFO - Setting next_dagrun for example_task_group_decorator to None, run_after=None
[2025-03-12T13:45:26.627+0000] {processor.py:208} INFO - Processing /home/airflow/.local/lib/python3.12/site-packages/airflow/example_dags/example_task_group_decorator.py took 0.063 seconds
[2025-03-12T13:45:57.270+0000] {processor.py:186} INFO - Started process (PID=833) to work on /home/airflow/.local/lib/python3.12/site-packages/airflow/example_dags/example_task_group_decorator.py
[2025-03-12T13:45:57.270+0000] {processor.py:914} INFO - Processing file /home/airflow/.local/lib/python3.12/site-packages/airflow/example_dags/example_task_group_decorator.py for tasks to queue
[2025-03-12T13:45:57.272+0000] {logging_mixin.py:190} INFO - [2025-03-12T13:45:57.272+0000] {dagbag.py:588} INFO - Filling up the DagBag from /home/airflow/.local/lib/python3.12/site-packages/airflow/example_dags/example_task_group_decorator.py
[2025-03-12T13:45:57.283+0000] {processor.py:925} INFO - DAG(s) 'example_task_group_decorator' retrieved from /home/airflow/.local/lib/python3.12/site-packages/airflow/example_dags/example_task_group_decorator.py
[2025-03-12T13:45:57.302+0000] {logging_mixin.py:190} INFO - [2025-03-12T13:45:57.302+0000] {dag.py:3239} INFO - Sync 1 DAGs
[2025-03-12T13:45:57.313+0000] {logging_mixin.py:190} INFO - [2025-03-12T13:45:57.312+0000] {dag.py:4180} INFO - Setting next_dagrun for example_task_group_decorator to None, run_after=None
[2025-03-12T13:45:57.331+0000] {processor.py:208} INFO - Processing /home/airflow/.local/lib/python3.12/site-packages/airflow/example_dags/example_task_group_decorator.py took 0.065 seconds
[2025-03-12T13:47:01.280+0000] {processor.py:186} INFO - Started process (PID=210) to work on /home/airflow/.local/lib/python3.12/site-packages/airflow/example_dags/example_task_group_decorator.py
[2025-03-12T13:47:01.281+0000] {processor.py:914} INFO - Processing file /home/airflow/.local/lib/python3.12/site-packages/airflow/example_dags/example_task_group_decorator.py for tasks to queue
[2025-03-12T13:47:01.283+0000] {logging_mixin.py:190} INFO - [2025-03-12T13:47:01.283+0000] {dagbag.py:588} INFO - Filling up the DagBag from /home/airflow/.local/lib/python3.12/site-packages/airflow/example_dags/example_task_group_decorator.py
[2025-03-12T13:47:01.296+0000] {processor.py:925} INFO - DAG(s) 'example_task_group_decorator' retrieved from /home/airflow/.local/lib/python3.12/site-packages/airflow/example_dags/example_task_group_decorator.py
[2025-03-12T13:47:01.327+0000] {logging_mixin.py:190} INFO - [2025-03-12T13:47:01.326+0000] {dag.py:3239} INFO - Sync 1 DAGs
[2025-03-12T13:47:01.340+0000] {logging_mixin.py:190} INFO - [2025-03-12T13:47:01.340+0000] {dag.py:4180} INFO - Setting next_dagrun for example_task_group_decorator to None, run_after=None
[2025-03-12T13:47:01.357+0000] {processor.py:208} INFO - Processing /home/airflow/.local/lib/python3.12/site-packages/airflow/example_dags/example_task_group_decorator.py took 0.082 seconds
[2025-03-12T13:47:31.553+0000] {processor.py:186} INFO - Started process (PID=516) to work on /home/airflow/.local/lib/python3.12/site-packages/airflow/example_dags/example_task_group_decorator.py
[2025-03-12T13:47:31.554+0000] {processor.py:914} INFO - Processing file /home/airflow/.local/lib/python3.12/site-packages/airflow/example_dags/example_task_group_decorator.py for tasks to queue
[2025-03-12T13:47:31.556+0000] {logging_mixin.py:190} INFO - [2025-03-12T13:47:31.555+0000] {dagbag.py:588} INFO - Filling up the DagBag from /home/airflow/.local/lib/python3.12/site-packages/airflow/example_dags/example_task_group_decorator.py
[2025-03-12T13:47:31.569+0000] {processor.py:925} INFO - DAG(s) 'example_task_group_decorator' retrieved from /home/airflow/.local/lib/python3.12/site-packages/airflow/example_dags/example_task_group_decorator.py
[2025-03-12T13:47:31.588+0000] {logging_mixin.py:190} INFO - [2025-03-12T13:47:31.588+0000] {dag.py:3239} INFO - Sync 1 DAGs
[2025-03-12T13:47:31.599+0000] {logging_mixin.py:190} INFO - [2025-03-12T13:47:31.598+0000] {dag.py:4180} INFO - Setting next_dagrun for example_task_group_decorator to None, run_after=None
[2025-03-12T13:47:31.613+0000] {processor.py:208} INFO - Processing /home/airflow/.local/lib/python3.12/site-packages/airflow/example_dags/example_task_group_decorator.py took 0.065 seconds
[2025-03-12T13:48:01.719+0000] {processor.py:186} INFO - Started process (PID=820) to work on /home/airflow/.local/lib/python3.12/site-packages/airflow/example_dags/example_task_group_decorator.py
[2025-03-12T13:48:01.720+0000] {processor.py:914} INFO - Processing file /home/airflow/.local/lib/python3.12/site-packages/airflow/example_dags/example_task_group_decorator.py for tasks to queue
[2025-03-12T13:48:01.722+0000] {logging_mixin.py:190} INFO - [2025-03-12T13:48:01.722+0000] {dagbag.py:588} INFO - Filling up the DagBag from /home/airflow/.local/lib/python3.12/site-packages/airflow/example_dags/example_task_group_decorator.py
[2025-03-12T13:48:01.736+0000] {processor.py:925} INFO - DAG(s) 'example_task_group_decorator' retrieved from /home/airflow/.local/lib/python3.12/site-packages/airflow/example_dags/example_task_group_decorator.py
[2025-03-12T13:48:01.758+0000] {logging_mixin.py:190} INFO - [2025-03-12T13:48:01.757+0000] {dag.py:3239} INFO - Sync 1 DAGs
[2025-03-12T13:48:01.771+0000] {logging_mixin.py:190} INFO - [2025-03-12T13:48:01.770+0000] {dag.py:4180} INFO - Setting next_dagrun for example_task_group_decorator to None, run_after=None
[2025-03-12T13:48:01.788+0000] {processor.py:208} INFO - Processing /home/airflow/.local/lib/python3.12/site-packages/airflow/example_dags/example_task_group_decorator.py took 0.074 seconds
[2025-03-12T13:48:32.028+0000] {processor.py:186} INFO - Started process (PID=1126) to work on /home/airflow/.local/lib/python3.12/site-packages/airflow/example_dags/example_task_group_decorator.py
[2025-03-12T13:48:32.029+0000] {processor.py:914} INFO - Processing file /home/airflow/.local/lib/python3.12/site-packages/airflow/example_dags/example_task_group_decorator.py for tasks to queue
[2025-03-12T13:48:32.030+0000] {logging_mixin.py:190} INFO - [2025-03-12T13:48:32.030+0000] {dagbag.py:588} INFO - Filling up the DagBag from /home/airflow/.local/lib/python3.12/site-packages/airflow/example_dags/example_task_group_decorator.py
[2025-03-12T13:48:32.040+0000] {processor.py:925} INFO - DAG(s) 'example_task_group_decorator' retrieved from /home/airflow/.local/lib/python3.12/site-packages/airflow/example_dags/example_task_group_decorator.py
[2025-03-12T13:48:32.061+0000] {logging_mixin.py:190} INFO - [2025-03-12T13:48:32.061+0000] {dag.py:3239} INFO - Sync 1 DAGs
[2025-03-12T13:48:32.075+0000] {logging_mixin.py:190} INFO - [2025-03-12T13:48:32.074+0000] {dag.py:4180} INFO - Setting next_dagrun for example_task_group_decorator to None, run_after=None
[2025-03-12T13:48:32.091+0000] {processor.py:208} INFO - Processing /home/airflow/.local/lib/python3.12/site-packages/airflow/example_dags/example_task_group_decorator.py took 0.067 seconds
[2025-03-12T13:49:02.689+0000] {processor.py:186} INFO - Started process (PID=1433) to work on /home/airflow/.local/lib/python3.12/site-packages/airflow/example_dags/example_task_group_decorator.py
[2025-03-12T13:49:02.690+0000] {processor.py:914} INFO - Processing file /home/airflow/.local/lib/python3.12/site-packages/airflow/example_dags/example_task_group_decorator.py for tasks to queue
[2025-03-12T13:49:02.691+0000] {logging_mixin.py:190} INFO - [2025-03-12T13:49:02.691+0000] {dagbag.py:588} INFO - Filling up the DagBag from /home/airflow/.local/lib/python3.12/site-packages/airflow/example_dags/example_task_group_decorator.py
[2025-03-12T13:49:02.702+0000] {processor.py:925} INFO - DAG(s) 'example_task_group_decorator' retrieved from /home/airflow/.local/lib/python3.12/site-packages/airflow/example_dags/example_task_group_decorator.py
[2025-03-12T13:49:02.722+0000] {logging_mixin.py:190} INFO - [2025-03-12T13:49:02.721+0000] {dag.py:3239} INFO - Sync 1 DAGs
[2025-03-12T13:49:02.732+0000] {logging_mixin.py:190} INFO - [2025-03-12T13:49:02.732+0000] {dag.py:4180} INFO - Setting next_dagrun for example_task_group_decorator to None, run_after=None
[2025-03-12T13:49:02.748+0000] {processor.py:208} INFO - Processing /home/airflow/.local/lib/python3.12/site-packages/airflow/example_dags/example_task_group_decorator.py took 0.064 seconds
[2025-03-12T13:49:33.522+0000] {processor.py:186} INFO - Started process (PID=1741) to work on /home/airflow/.local/lib/python3.12/site-packages/airflow/example_dags/example_task_group_decorator.py
[2025-03-12T13:49:33.523+0000] {processor.py:914} INFO - Processing file /home/airflow/.local/lib/python3.12/site-packages/airflow/example_dags/example_task_group_decorator.py for tasks to queue
[2025-03-12T13:49:33.525+0000] {logging_mixin.py:190} INFO - [2025-03-12T13:49:33.525+0000] {dagbag.py:588} INFO - Filling up the DagBag from /home/airflow/.local/lib/python3.12/site-packages/airflow/example_dags/example_task_group_decorator.py
[2025-03-12T13:49:33.538+0000] {processor.py:925} INFO - DAG(s) 'example_task_group_decorator' retrieved from /home/airflow/.local/lib/python3.12/site-packages/airflow/example_dags/example_task_group_decorator.py
[2025-03-12T13:49:33.557+0000] {logging_mixin.py:190} INFO - [2025-03-12T13:49:33.557+0000] {dag.py:3239} INFO - Sync 1 DAGs
[2025-03-12T13:49:33.568+0000] {logging_mixin.py:190} INFO - [2025-03-12T13:49:33.568+0000] {dag.py:4180} INFO - Setting next_dagrun for example_task_group_decorator to None, run_after=None
[2025-03-12T13:49:33.583+0000] {processor.py:208} INFO - Processing /home/airflow/.local/lib/python3.12/site-packages/airflow/example_dags/example_task_group_decorator.py took 0.065 seconds
[2025-03-12T13:50:06.353+0000] {processor.py:186} INFO - Started process (PID=2045) to work on /home/airflow/.local/lib/python3.12/site-packages/airflow/example_dags/example_task_group_decorator.py
[2025-03-12T13:50:06.354+0000] {processor.py:914} INFO - Processing file /home/airflow/.local/lib/python3.12/site-packages/airflow/example_dags/example_task_group_decorator.py for tasks to queue
[2025-03-12T13:50:06.355+0000] {logging_mixin.py:190} INFO - [2025-03-12T13:50:06.355+0000] {dagbag.py:588} INFO - Filling up the DagBag from /home/airflow/.local/lib/python3.12/site-packages/airflow/example_dags/example_task_group_decorator.py
[2025-03-12T13:50:06.368+0000] {processor.py:925} INFO - DAG(s) 'example_task_group_decorator' retrieved from /home/airflow/.local/lib/python3.12/site-packages/airflow/example_dags/example_task_group_decorator.py
[2025-03-12T13:50:06.389+0000] {logging_mixin.py:190} INFO - [2025-03-12T13:50:06.389+0000] {dag.py:3239} INFO - Sync 1 DAGs
[2025-03-12T13:50:06.399+0000] {logging_mixin.py:190} INFO - [2025-03-12T13:50:06.398+0000] {dag.py:4180} INFO - Setting next_dagrun for example_task_group_decorator to None, run_after=None
[2025-03-12T13:50:06.413+0000] {processor.py:208} INFO - Processing /home/airflow/.local/lib/python3.12/site-packages/airflow/example_dags/example_task_group_decorator.py took 0.065 seconds
[2025-03-12T13:50:40.531+0000] {processor.py:186} INFO - Started process (PID=2354) to work on /home/airflow/.local/lib/python3.12/site-packages/airflow/example_dags/example_task_group_decorator.py
[2025-03-12T13:50:40.532+0000] {processor.py:914} INFO - Processing file /home/airflow/.local/lib/python3.12/site-packages/airflow/example_dags/example_task_group_decorator.py for tasks to queue
[2025-03-12T13:50:40.534+0000] {logging_mixin.py:190} INFO - [2025-03-12T13:50:40.534+0000] {dagbag.py:588} INFO - Filling up the DagBag from /home/airflow/.local/lib/python3.12/site-packages/airflow/example_dags/example_task_group_decorator.py
[2025-03-12T13:50:40.547+0000] {processor.py:925} INFO - DAG(s) 'example_task_group_decorator' retrieved from /home/airflow/.local/lib/python3.12/site-packages/airflow/example_dags/example_task_group_decorator.py
[2025-03-12T13:50:40.576+0000] {logging_mixin.py:190} INFO - [2025-03-12T13:50:40.576+0000] {dag.py:3239} INFO - Sync 1 DAGs
[2025-03-12T13:50:40.589+0000] {logging_mixin.py:190} INFO - [2025-03-12T13:50:40.589+0000] {dag.py:4180} INFO - Setting next_dagrun for example_task_group_decorator to None, run_after=None
[2025-03-12T13:50:40.606+0000] {processor.py:208} INFO - Processing /home/airflow/.local/lib/python3.12/site-packages/airflow/example_dags/example_task_group_decorator.py took 0.079 seconds
[2025-03-12T13:51:13.489+0000] {processor.py:186} INFO - Started process (PID=2658) to work on /home/airflow/.local/lib/python3.12/site-packages/airflow/example_dags/example_task_group_decorator.py
[2025-03-12T13:51:13.490+0000] {processor.py:914} INFO - Processing file /home/airflow/.local/lib/python3.12/site-packages/airflow/example_dags/example_task_group_decorator.py for tasks to queue
[2025-03-12T13:51:13.492+0000] {logging_mixin.py:190} INFO - [2025-03-12T13:51:13.492+0000] {dagbag.py:588} INFO - Filling up the DagBag from /home/airflow/.local/lib/python3.12/site-packages/airflow/example_dags/example_task_group_decorator.py
[2025-03-12T13:51:13.505+0000] {processor.py:925} INFO - DAG(s) 'example_task_group_decorator' retrieved from /home/airflow/.local/lib/python3.12/site-packages/airflow/example_dags/example_task_group_decorator.py
[2025-03-12T13:51:13.527+0000] {logging_mixin.py:190} INFO - [2025-03-12T13:51:13.527+0000] {dag.py:3239} INFO - Sync 1 DAGs
[2025-03-12T13:51:13.539+0000] {logging_mixin.py:190} INFO - [2025-03-12T13:51:13.539+0000] {dag.py:4180} INFO - Setting next_dagrun for example_task_group_decorator to None, run_after=None
[2025-03-12T13:51:13.557+0000] {processor.py:208} INFO - Processing /home/airflow/.local/lib/python3.12/site-packages/airflow/example_dags/example_task_group_decorator.py took 0.072 seconds
[2025-03-12T13:51:46.232+0000] {processor.py:186} INFO - Started process (PID=2964) to work on /home/airflow/.local/lib/python3.12/site-packages/airflow/example_dags/example_task_group_decorator.py
[2025-03-12T13:51:46.233+0000] {processor.py:914} INFO - Processing file /home/airflow/.local/lib/python3.12/site-packages/airflow/example_dags/example_task_group_decorator.py for tasks to queue
[2025-03-12T13:51:46.236+0000] {logging_mixin.py:190} INFO - [2025-03-12T13:51:46.235+0000] {dagbag.py:588} INFO - Filling up the DagBag from /home/airflow/.local/lib/python3.12/site-packages/airflow/example_dags/example_task_group_decorator.py
[2025-03-12T13:51:46.248+0000] {processor.py:925} INFO - DAG(s) 'example_task_group_decorator' retrieved from /home/airflow/.local/lib/python3.12/site-packages/airflow/example_dags/example_task_group_decorator.py
[2025-03-12T13:51:46.266+0000] {logging_mixin.py:190} INFO - [2025-03-12T13:51:46.266+0000] {dag.py:3239} INFO - Sync 1 DAGs
[2025-03-12T13:51:46.276+0000] {logging_mixin.py:190} INFO - [2025-03-12T13:51:46.276+0000] {dag.py:4180} INFO - Setting next_dagrun for example_task_group_decorator to None, run_after=None
[2025-03-12T13:51:46.291+0000] {processor.py:208} INFO - Processing /home/airflow/.local/lib/python3.12/site-packages/airflow/example_dags/example_task_group_decorator.py took 0.064 seconds
[2025-03-12T13:52:20.223+0000] {processor.py:186} INFO - Started process (PID=3270) to work on /home/airflow/.local/lib/python3.12/site-packages/airflow/example_dags/example_task_group_decorator.py
[2025-03-12T13:52:20.224+0000] {processor.py:914} INFO - Processing file /home/airflow/.local/lib/python3.12/site-packages/airflow/example_dags/example_task_group_decorator.py for tasks to queue
[2025-03-12T13:52:20.226+0000] {logging_mixin.py:190} INFO - [2025-03-12T13:52:20.226+0000] {dagbag.py:588} INFO - Filling up the DagBag from /home/airflow/.local/lib/python3.12/site-packages/airflow/example_dags/example_task_group_decorator.py
[2025-03-12T13:52:20.237+0000] {processor.py:925} INFO - DAG(s) 'example_task_group_decorator' retrieved from /home/airflow/.local/lib/python3.12/site-packages/airflow/example_dags/example_task_group_decorator.py
[2025-03-12T13:52:20.255+0000] {logging_mixin.py:190} INFO - [2025-03-12T13:52:20.255+0000] {dag.py:3239} INFO - Sync 1 DAGs
[2025-03-12T13:52:20.265+0000] {logging_mixin.py:190} INFO - [2025-03-12T13:52:20.265+0000] {dag.py:4180} INFO - Setting next_dagrun for example_task_group_decorator to None, run_after=None
[2025-03-12T13:52:20.277+0000] {processor.py:208} INFO - Processing /home/airflow/.local/lib/python3.12/site-packages/airflow/example_dags/example_task_group_decorator.py took 0.058 seconds
[2025-03-12T13:52:53.895+0000] {processor.py:186} INFO - Started process (PID=3576) to work on /home/airflow/.local/lib/python3.12/site-packages/airflow/example_dags/example_task_group_decorator.py
[2025-03-12T13:52:53.903+0000] {processor.py:914} INFO - Processing file /home/airflow/.local/lib/python3.12/site-packages/airflow/example_dags/example_task_group_decorator.py for tasks to queue
[2025-03-12T13:52:53.906+0000] {logging_mixin.py:190} INFO - [2025-03-12T13:52:53.906+0000] {dagbag.py:588} INFO - Filling up the DagBag from /home/airflow/.local/lib/python3.12/site-packages/airflow/example_dags/example_task_group_decorator.py
[2025-03-12T13:52:53.936+0000] {processor.py:925} INFO - DAG(s) 'example_task_group_decorator' retrieved from /home/airflow/.local/lib/python3.12/site-packages/airflow/example_dags/example_task_group_decorator.py
[2025-03-12T13:52:53.974+0000] {logging_mixin.py:190} INFO - [2025-03-12T13:52:53.973+0000] {dag.py:3239} INFO - Sync 1 DAGs
[2025-03-12T13:52:53.993+0000] {logging_mixin.py:190} INFO - [2025-03-12T13:52:53.993+0000] {dag.py:4180} INFO - Setting next_dagrun for example_task_group_decorator to None, run_after=None
[2025-03-12T13:52:54.020+0000] {processor.py:208} INFO - Processing /home/airflow/.local/lib/python3.12/site-packages/airflow/example_dags/example_task_group_decorator.py took 0.133 seconds
[2025-03-12T13:53:26.247+0000] {processor.py:186} INFO - Started process (PID=3884) to work on /home/airflow/.local/lib/python3.12/site-packages/airflow/example_dags/example_task_group_decorator.py
[2025-03-12T13:53:26.248+0000] {processor.py:914} INFO - Processing file /home/airflow/.local/lib/python3.12/site-packages/airflow/example_dags/example_task_group_decorator.py for tasks to queue
[2025-03-12T13:53:26.250+0000] {logging_mixin.py:190} INFO - [2025-03-12T13:53:26.249+0000] {dagbag.py:588} INFO - Filling up the DagBag from /home/airflow/.local/lib/python3.12/site-packages/airflow/example_dags/example_task_group_decorator.py
[2025-03-12T13:53:26.260+0000] {processor.py:925} INFO - DAG(s) 'example_task_group_decorator' retrieved from /home/airflow/.local/lib/python3.12/site-packages/airflow/example_dags/example_task_group_decorator.py
[2025-03-12T13:53:26.280+0000] {logging_mixin.py:190} INFO - [2025-03-12T13:53:26.280+0000] {dag.py:3239} INFO - Sync 1 DAGs
[2025-03-12T13:53:26.291+0000] {logging_mixin.py:190} INFO - [2025-03-12T13:53:26.291+0000] {dag.py:4180} INFO - Setting next_dagrun for example_task_group_decorator to None, run_after=None
[2025-03-12T13:53:26.306+0000] {processor.py:208} INFO - Processing /home/airflow/.local/lib/python3.12/site-packages/airflow/example_dags/example_task_group_decorator.py took 0.064 seconds
[2025-03-12T13:53:59.834+0000] {processor.py:186} INFO - Started process (PID=4188) to work on /home/airflow/.local/lib/python3.12/site-packages/airflow/example_dags/example_task_group_decorator.py
[2025-03-12T13:53:59.835+0000] {processor.py:914} INFO - Processing file /home/airflow/.local/lib/python3.12/site-packages/airflow/example_dags/example_task_group_decorator.py for tasks to queue
[2025-03-12T13:53:59.837+0000] {logging_mixin.py:190} INFO - [2025-03-12T13:53:59.837+0000] {dagbag.py:588} INFO - Filling up the DagBag from /home/airflow/.local/lib/python3.12/site-packages/airflow/example_dags/example_task_group_decorator.py
[2025-03-12T13:53:59.858+0000] {processor.py:925} INFO - DAG(s) 'example_task_group_decorator' retrieved from /home/airflow/.local/lib/python3.12/site-packages/airflow/example_dags/example_task_group_decorator.py
[2025-03-12T13:53:59.892+0000] {logging_mixin.py:190} INFO - [2025-03-12T13:53:59.892+0000] {dag.py:3239} INFO - Sync 1 DAGs
[2025-03-12T13:53:59.917+0000] {logging_mixin.py:190} INFO - [2025-03-12T13:53:59.917+0000] {dag.py:4180} INFO - Setting next_dagrun for example_task_group_decorator to None, run_after=None
[2025-03-12T13:53:59.941+0000] {processor.py:208} INFO - Processing /home/airflow/.local/lib/python3.12/site-packages/airflow/example_dags/example_task_group_decorator.py took 0.112 seconds
[2025-03-12T13:54:33.102+0000] {processor.py:186} INFO - Started process (PID=4494) to work on /home/airflow/.local/lib/python3.12/site-packages/airflow/example_dags/example_task_group_decorator.py
[2025-03-12T13:54:33.103+0000] {processor.py:914} INFO - Processing file /home/airflow/.local/lib/python3.12/site-packages/airflow/example_dags/example_task_group_decorator.py for tasks to queue
[2025-03-12T13:54:33.105+0000] {logging_mixin.py:190} INFO - [2025-03-12T13:54:33.105+0000] {dagbag.py:588} INFO - Filling up the DagBag from /home/airflow/.local/lib/python3.12/site-packages/airflow/example_dags/example_task_group_decorator.py
[2025-03-12T13:54:33.120+0000] {processor.py:925} INFO - DAG(s) 'example_task_group_decorator' retrieved from /home/airflow/.local/lib/python3.12/site-packages/airflow/example_dags/example_task_group_decorator.py
[2025-03-12T13:54:33.143+0000] {logging_mixin.py:190} INFO - [2025-03-12T13:54:33.143+0000] {dag.py:3239} INFO - Sync 1 DAGs
[2025-03-12T13:54:33.160+0000] {logging_mixin.py:190} INFO - [2025-03-12T13:54:33.160+0000] {dag.py:4180} INFO - Setting next_dagrun for example_task_group_decorator to None, run_after=None
[2025-03-12T13:54:33.178+0000] {processor.py:208} INFO - Processing /home/airflow/.local/lib/python3.12/site-packages/airflow/example_dags/example_task_group_decorator.py took 0.081 seconds
[2025-03-12T13:55:07.231+0000] {processor.py:186} INFO - Started process (PID=4802) to work on /home/airflow/.local/lib/python3.12/site-packages/airflow/example_dags/example_task_group_decorator.py
[2025-03-12T13:55:07.232+0000] {processor.py:914} INFO - Processing file /home/airflow/.local/lib/python3.12/site-packages/airflow/example_dags/example_task_group_decorator.py for tasks to queue
[2025-03-12T13:55:07.234+0000] {logging_mixin.py:190} INFO - [2025-03-12T13:55:07.234+0000] {dagbag.py:588} INFO - Filling up the DagBag from /home/airflow/.local/lib/python3.12/site-packages/airflow/example_dags/example_task_group_decorator.py
[2025-03-12T13:55:07.251+0000] {processor.py:925} INFO - DAG(s) 'example_task_group_decorator' retrieved from /home/airflow/.local/lib/python3.12/site-packages/airflow/example_dags/example_task_group_decorator.py
[2025-03-12T13:55:07.280+0000] {logging_mixin.py:190} INFO - [2025-03-12T13:55:07.280+0000] {dag.py:3239} INFO - Sync 1 DAGs
[2025-03-12T13:55:07.304+0000] {logging_mixin.py:190} INFO - [2025-03-12T13:55:07.304+0000] {dag.py:4180} INFO - Setting next_dagrun for example_task_group_decorator to None, run_after=None
[2025-03-12T13:55:07.328+0000] {processor.py:208} INFO - Processing /home/airflow/.local/lib/python3.12/site-packages/airflow/example_dags/example_task_group_decorator.py took 0.103 seconds
[2025-03-12T13:55:39.682+0000] {processor.py:186} INFO - Started process (PID=5106) to work on /home/airflow/.local/lib/python3.12/site-packages/airflow/example_dags/example_task_group_decorator.py
[2025-03-12T13:55:39.683+0000] {processor.py:914} INFO - Processing file /home/airflow/.local/lib/python3.12/site-packages/airflow/example_dags/example_task_group_decorator.py for tasks to queue
[2025-03-12T13:55:39.685+0000] {logging_mixin.py:190} INFO - [2025-03-12T13:55:39.685+0000] {dagbag.py:588} INFO - Filling up the DagBag from /home/airflow/.local/lib/python3.12/site-packages/airflow/example_dags/example_task_group_decorator.py
[2025-03-12T13:55:39.697+0000] {processor.py:925} INFO - DAG(s) 'example_task_group_decorator' retrieved from /home/airflow/.local/lib/python3.12/site-packages/airflow/example_dags/example_task_group_decorator.py
[2025-03-12T13:55:39.720+0000] {logging_mixin.py:190} INFO - [2025-03-12T13:55:39.720+0000] {dag.py:3239} INFO - Sync 1 DAGs
[2025-03-12T13:55:39.731+0000] {logging_mixin.py:190} INFO - [2025-03-12T13:55:39.731+0000] {dag.py:4180} INFO - Setting next_dagrun for example_task_group_decorator to None, run_after=None
[2025-03-12T13:55:39.747+0000] {processor.py:208} INFO - Processing /home/airflow/.local/lib/python3.12/site-packages/airflow/example_dags/example_task_group_decorator.py took 0.068 seconds
[2025-03-12T13:56:13.458+0000] {processor.py:186} INFO - Started process (PID=5412) to work on /home/airflow/.local/lib/python3.12/site-packages/airflow/example_dags/example_task_group_decorator.py
[2025-03-12T13:56:13.459+0000] {processor.py:914} INFO - Processing file /home/airflow/.local/lib/python3.12/site-packages/airflow/example_dags/example_task_group_decorator.py for tasks to queue
[2025-03-12T13:56:13.461+0000] {logging_mixin.py:190} INFO - [2025-03-12T13:56:13.461+0000] {dagbag.py:588} INFO - Filling up the DagBag from /home/airflow/.local/lib/python3.12/site-packages/airflow/example_dags/example_task_group_decorator.py
[2025-03-12T13:56:13.484+0000] {processor.py:925} INFO - DAG(s) 'example_task_group_decorator' retrieved from /home/airflow/.local/lib/python3.12/site-packages/airflow/example_dags/example_task_group_decorator.py
[2025-03-12T13:56:13.509+0000] {logging_mixin.py:190} INFO - [2025-03-12T13:56:13.509+0000] {dag.py:3239} INFO - Sync 1 DAGs
[2025-03-12T13:56:13.523+0000] {logging_mixin.py:190} INFO - [2025-03-12T13:56:13.523+0000] {dag.py:4180} INFO - Setting next_dagrun for example_task_group_decorator to None, run_after=None
[2025-03-12T13:56:13.540+0000] {processor.py:208} INFO - Processing /home/airflow/.local/lib/python3.12/site-packages/airflow/example_dags/example_task_group_decorator.py took 0.087 seconds
[2025-03-12T13:56:46.694+0000] {processor.py:186} INFO - Started process (PID=5718) to work on /home/airflow/.local/lib/python3.12/site-packages/airflow/example_dags/example_task_group_decorator.py
[2025-03-12T13:56:46.695+0000] {processor.py:914} INFO - Processing file /home/airflow/.local/lib/python3.12/site-packages/airflow/example_dags/example_task_group_decorator.py for tasks to queue
[2025-03-12T13:56:46.697+0000] {logging_mixin.py:190} INFO - [2025-03-12T13:56:46.697+0000] {dagbag.py:588} INFO - Filling up the DagBag from /home/airflow/.local/lib/python3.12/site-packages/airflow/example_dags/example_task_group_decorator.py
[2025-03-12T13:56:46.707+0000] {processor.py:925} INFO - DAG(s) 'example_task_group_decorator' retrieved from /home/airflow/.local/lib/python3.12/site-packages/airflow/example_dags/example_task_group_decorator.py
[2025-03-12T13:56:46.727+0000] {logging_mixin.py:190} INFO - [2025-03-12T13:56:46.727+0000] {dag.py:3239} INFO - Sync 1 DAGs
[2025-03-12T13:56:46.739+0000] {logging_mixin.py:190} INFO - [2025-03-12T13:56:46.738+0000] {dag.py:4180} INFO - Setting next_dagrun for example_task_group_decorator to None, run_after=None
[2025-03-12T13:56:46.756+0000] {processor.py:208} INFO - Processing /home/airflow/.local/lib/python3.12/site-packages/airflow/example_dags/example_task_group_decorator.py took 0.065 seconds
[2025-03-12T13:57:20.182+0000] {processor.py:186} INFO - Started process (PID=6024) to work on /home/airflow/.local/lib/python3.12/site-packages/airflow/example_dags/example_task_group_decorator.py
[2025-03-12T13:57:20.183+0000] {processor.py:914} INFO - Processing file /home/airflow/.local/lib/python3.12/site-packages/airflow/example_dags/example_task_group_decorator.py for tasks to queue
[2025-03-12T13:57:20.184+0000] {logging_mixin.py:190} INFO - [2025-03-12T13:57:20.184+0000] {dagbag.py:588} INFO - Filling up the DagBag from /home/airflow/.local/lib/python3.12/site-packages/airflow/example_dags/example_task_group_decorator.py
[2025-03-12T13:57:20.195+0000] {processor.py:925} INFO - DAG(s) 'example_task_group_decorator' retrieved from /home/airflow/.local/lib/python3.12/site-packages/airflow/example_dags/example_task_group_decorator.py
[2025-03-12T13:57:20.214+0000] {logging_mixin.py:190} INFO - [2025-03-12T13:57:20.213+0000] {dag.py:3239} INFO - Sync 1 DAGs
[2025-03-12T13:57:20.224+0000] {logging_mixin.py:190} INFO - [2025-03-12T13:57:20.224+0000] {dag.py:4180} INFO - Setting next_dagrun for example_task_group_decorator to None, run_after=None
[2025-03-12T13:57:20.247+0000] {processor.py:208} INFO - Processing /home/airflow/.local/lib/python3.12/site-packages/airflow/example_dags/example_task_group_decorator.py took 0.069 seconds
[2025-03-12T13:57:53.802+0000] {processor.py:186} INFO - Started process (PID=6330) to work on /home/airflow/.local/lib/python3.12/site-packages/airflow/example_dags/example_task_group_decorator.py
[2025-03-12T13:57:53.803+0000] {processor.py:914} INFO - Processing file /home/airflow/.local/lib/python3.12/site-packages/airflow/example_dags/example_task_group_decorator.py for tasks to queue
[2025-03-12T13:57:53.805+0000] {logging_mixin.py:190} INFO - [2025-03-12T13:57:53.805+0000] {dagbag.py:588} INFO - Filling up the DagBag from /home/airflow/.local/lib/python3.12/site-packages/airflow/example_dags/example_task_group_decorator.py
[2025-03-12T13:57:53.816+0000] {processor.py:925} INFO - DAG(s) 'example_task_group_decorator' retrieved from /home/airflow/.local/lib/python3.12/site-packages/airflow/example_dags/example_task_group_decorator.py
[2025-03-12T13:57:53.834+0000] {logging_mixin.py:190} INFO - [2025-03-12T13:57:53.834+0000] {dag.py:3239} INFO - Sync 1 DAGs
[2025-03-12T13:57:53.844+0000] {logging_mixin.py:190} INFO - [2025-03-12T13:57:53.844+0000] {dag.py:4180} INFO - Setting next_dagrun for example_task_group_decorator to None, run_after=None
[2025-03-12T13:57:53.859+0000] {processor.py:208} INFO - Processing /home/airflow/.local/lib/python3.12/site-packages/airflow/example_dags/example_task_group_decorator.py took 0.061 seconds
[2025-03-12T13:58:26.861+0000] {processor.py:186} INFO - Started process (PID=6636) to work on /home/airflow/.local/lib/python3.12/site-packages/airflow/example_dags/example_task_group_decorator.py
[2025-03-12T13:58:26.862+0000] {processor.py:914} INFO - Processing file /home/airflow/.local/lib/python3.12/site-packages/airflow/example_dags/example_task_group_decorator.py for tasks to queue
[2025-03-12T13:58:26.864+0000] {logging_mixin.py:190} INFO - [2025-03-12T13:58:26.864+0000] {dagbag.py:588} INFO - Filling up the DagBag from /home/airflow/.local/lib/python3.12/site-packages/airflow/example_dags/example_task_group_decorator.py
[2025-03-12T13:58:26.876+0000] {processor.py:925} INFO - DAG(s) 'example_task_group_decorator' retrieved from /home/airflow/.local/lib/python3.12/site-packages/airflow/example_dags/example_task_group_decorator.py
[2025-03-12T13:58:26.900+0000] {logging_mixin.py:190} INFO - [2025-03-12T13:58:26.900+0000] {dag.py:3239} INFO - Sync 1 DAGs
[2025-03-12T13:58:26.911+0000] {logging_mixin.py:190} INFO - [2025-03-12T13:58:26.911+0000] {dag.py:4180} INFO - Setting next_dagrun for example_task_group_decorator to None, run_after=None
[2025-03-12T13:58:26.930+0000] {processor.py:208} INFO - Processing /home/airflow/.local/lib/python3.12/site-packages/airflow/example_dags/example_task_group_decorator.py took 0.072 seconds
[2025-03-12T13:59:00.207+0000] {processor.py:186} INFO - Started process (PID=6942) to work on /home/airflow/.local/lib/python3.12/site-packages/airflow/example_dags/example_task_group_decorator.py
[2025-03-12T13:59:00.208+0000] {processor.py:914} INFO - Processing file /home/airflow/.local/lib/python3.12/site-packages/airflow/example_dags/example_task_group_decorator.py for tasks to queue
[2025-03-12T13:59:00.210+0000] {logging_mixin.py:190} INFO - [2025-03-12T13:59:00.209+0000] {dagbag.py:588} INFO - Filling up the DagBag from /home/airflow/.local/lib/python3.12/site-packages/airflow/example_dags/example_task_group_decorator.py
[2025-03-12T13:59:00.224+0000] {processor.py:925} INFO - DAG(s) 'example_task_group_decorator' retrieved from /home/airflow/.local/lib/python3.12/site-packages/airflow/example_dags/example_task_group_decorator.py
[2025-03-12T13:59:00.249+0000] {logging_mixin.py:190} INFO - [2025-03-12T13:59:00.248+0000] {dag.py:3239} INFO - Sync 1 DAGs
[2025-03-12T13:59:00.262+0000] {logging_mixin.py:190} INFO - [2025-03-12T13:59:00.262+0000] {dag.py:4180} INFO - Setting next_dagrun for example_task_group_decorator to None, run_after=None
[2025-03-12T13:59:00.278+0000] {processor.py:208} INFO - Processing /home/airflow/.local/lib/python3.12/site-packages/airflow/example_dags/example_task_group_decorator.py took 0.076 seconds
[2025-03-12T13:59:33.264+0000] {processor.py:186} INFO - Started process (PID=7248) to work on /home/airflow/.local/lib/python3.12/site-packages/airflow/example_dags/example_task_group_decorator.py
[2025-03-12T13:59:33.265+0000] {processor.py:914} INFO - Processing file /home/airflow/.local/lib/python3.12/site-packages/airflow/example_dags/example_task_group_decorator.py for tasks to queue
[2025-03-12T13:59:33.267+0000] {logging_mixin.py:190} INFO - [2025-03-12T13:59:33.267+0000] {dagbag.py:588} INFO - Filling up the DagBag from /home/airflow/.local/lib/python3.12/site-packages/airflow/example_dags/example_task_group_decorator.py
[2025-03-12T13:59:33.279+0000] {processor.py:925} INFO - DAG(s) 'example_task_group_decorator' retrieved from /home/airflow/.local/lib/python3.12/site-packages/airflow/example_dags/example_task_group_decorator.py
[2025-03-12T13:59:33.299+0000] {logging_mixin.py:190} INFO - [2025-03-12T13:59:33.299+0000] {dag.py:3239} INFO - Sync 1 DAGs
[2025-03-12T13:59:33.311+0000] {logging_mixin.py:190} INFO - [2025-03-12T13:59:33.311+0000] {dag.py:4180} INFO - Setting next_dagrun for example_task_group_decorator to None, run_after=None
[2025-03-12T13:59:33.328+0000] {processor.py:208} INFO - Processing /home/airflow/.local/lib/python3.12/site-packages/airflow/example_dags/example_task_group_decorator.py took 0.069 seconds
[2025-03-12T14:00:07.015+0000] {processor.py:186} INFO - Started process (PID=7554) to work on /home/airflow/.local/lib/python3.12/site-packages/airflow/example_dags/example_task_group_decorator.py
[2025-03-12T14:00:07.016+0000] {processor.py:914} INFO - Processing file /home/airflow/.local/lib/python3.12/site-packages/airflow/example_dags/example_task_group_decorator.py for tasks to queue
[2025-03-12T14:00:07.017+0000] {logging_mixin.py:190} INFO - [2025-03-12T14:00:07.017+0000] {dagbag.py:588} INFO - Filling up the DagBag from /home/airflow/.local/lib/python3.12/site-packages/airflow/example_dags/example_task_group_decorator.py
[2025-03-12T14:00:07.028+0000] {processor.py:925} INFO - DAG(s) 'example_task_group_decorator' retrieved from /home/airflow/.local/lib/python3.12/site-packages/airflow/example_dags/example_task_group_decorator.py
[2025-03-12T14:00:07.047+0000] {logging_mixin.py:190} INFO - [2025-03-12T14:00:07.047+0000] {dag.py:3239} INFO - Sync 1 DAGs
[2025-03-12T14:00:07.057+0000] {logging_mixin.py:190} INFO - [2025-03-12T14:00:07.057+0000] {dag.py:4180} INFO - Setting next_dagrun for example_task_group_decorator to None, run_after=None
[2025-03-12T14:00:07.073+0000] {processor.py:208} INFO - Processing /home/airflow/.local/lib/python3.12/site-packages/airflow/example_dags/example_task_group_decorator.py took 0.062 seconds
[2025-03-12T14:00:39.840+0000] {processor.py:186} INFO - Started process (PID=7860) to work on /home/airflow/.local/lib/python3.12/site-packages/airflow/example_dags/example_task_group_decorator.py
[2025-03-12T14:00:39.841+0000] {processor.py:914} INFO - Processing file /home/airflow/.local/lib/python3.12/site-packages/airflow/example_dags/example_task_group_decorator.py for tasks to queue
[2025-03-12T14:00:39.843+0000] {logging_mixin.py:190} INFO - [2025-03-12T14:00:39.843+0000] {dagbag.py:588} INFO - Filling up the DagBag from /home/airflow/.local/lib/python3.12/site-packages/airflow/example_dags/example_task_group_decorator.py
[2025-03-12T14:00:39.854+0000] {processor.py:925} INFO - DAG(s) 'example_task_group_decorator' retrieved from /home/airflow/.local/lib/python3.12/site-packages/airflow/example_dags/example_task_group_decorator.py
[2025-03-12T14:00:39.877+0000] {logging_mixin.py:190} INFO - [2025-03-12T14:00:39.877+0000] {dag.py:3239} INFO - Sync 1 DAGs
[2025-03-12T14:00:39.890+0000] {logging_mixin.py:190} INFO - [2025-03-12T14:00:39.889+0000] {dag.py:4180} INFO - Setting next_dagrun for example_task_group_decorator to None, run_after=None
[2025-03-12T14:00:39.908+0000] {processor.py:208} INFO - Processing /home/airflow/.local/lib/python3.12/site-packages/airflow/example_dags/example_task_group_decorator.py took 0.074 seconds
[2025-03-12T14:01:13.504+0000] {processor.py:186} INFO - Started process (PID=8166) to work on /home/airflow/.local/lib/python3.12/site-packages/airflow/example_dags/example_task_group_decorator.py
[2025-03-12T14:01:13.505+0000] {processor.py:914} INFO - Processing file /home/airflow/.local/lib/python3.12/site-packages/airflow/example_dags/example_task_group_decorator.py for tasks to queue
[2025-03-12T14:01:13.506+0000] {logging_mixin.py:190} INFO - [2025-03-12T14:01:13.506+0000] {dagbag.py:588} INFO - Filling up the DagBag from /home/airflow/.local/lib/python3.12/site-packages/airflow/example_dags/example_task_group_decorator.py
[2025-03-12T14:01:13.519+0000] {processor.py:925} INFO - DAG(s) 'example_task_group_decorator' retrieved from /home/airflow/.local/lib/python3.12/site-packages/airflow/example_dags/example_task_group_decorator.py
[2025-03-12T14:01:13.538+0000] {logging_mixin.py:190} INFO - [2025-03-12T14:01:13.538+0000] {dag.py:3239} INFO - Sync 1 DAGs
[2025-03-12T14:01:13.549+0000] {logging_mixin.py:190} INFO - [2025-03-12T14:01:13.549+0000] {dag.py:4180} INFO - Setting next_dagrun for example_task_group_decorator to None, run_after=None
[2025-03-12T14:01:13.567+0000] {processor.py:208} INFO - Processing /home/airflow/.local/lib/python3.12/site-packages/airflow/example_dags/example_task_group_decorator.py took 0.067 seconds
[2025-03-12T14:01:46.432+0000] {processor.py:186} INFO - Started process (PID=8473) to work on /home/airflow/.local/lib/python3.12/site-packages/airflow/example_dags/example_task_group_decorator.py
[2025-03-12T14:01:46.432+0000] {processor.py:914} INFO - Processing file /home/airflow/.local/lib/python3.12/site-packages/airflow/example_dags/example_task_group_decorator.py for tasks to queue
[2025-03-12T14:01:46.434+0000] {logging_mixin.py:190} INFO - [2025-03-12T14:01:46.434+0000] {dagbag.py:588} INFO - Filling up the DagBag from /home/airflow/.local/lib/python3.12/site-packages/airflow/example_dags/example_task_group_decorator.py
[2025-03-12T14:01:46.446+0000] {processor.py:925} INFO - DAG(s) 'example_task_group_decorator' retrieved from /home/airflow/.local/lib/python3.12/site-packages/airflow/example_dags/example_task_group_decorator.py
[2025-03-12T14:01:46.464+0000] {logging_mixin.py:190} INFO - [2025-03-12T14:01:46.464+0000] {dag.py:3239} INFO - Sync 1 DAGs
[2025-03-12T14:01:46.474+0000] {logging_mixin.py:190} INFO - [2025-03-12T14:01:46.474+0000] {dag.py:4180} INFO - Setting next_dagrun for example_task_group_decorator to None, run_after=None
[2025-03-12T14:01:46.489+0000] {processor.py:208} INFO - Processing /home/airflow/.local/lib/python3.12/site-packages/airflow/example_dags/example_task_group_decorator.py took 0.061 seconds
[2025-03-12T14:02:20.378+0000] {processor.py:186} INFO - Started process (PID=8781) to work on /home/airflow/.local/lib/python3.12/site-packages/airflow/example_dags/example_task_group_decorator.py
[2025-03-12T14:02:20.379+0000] {processor.py:914} INFO - Processing file /home/airflow/.local/lib/python3.12/site-packages/airflow/example_dags/example_task_group_decorator.py for tasks to queue
[2025-03-12T14:02:20.381+0000] {logging_mixin.py:190} INFO - [2025-03-12T14:02:20.381+0000] {dagbag.py:588} INFO - Filling up the DagBag from /home/airflow/.local/lib/python3.12/site-packages/airflow/example_dags/example_task_group_decorator.py
[2025-03-12T14:02:20.391+0000] {processor.py:925} INFO - DAG(s) 'example_task_group_decorator' retrieved from /home/airflow/.local/lib/python3.12/site-packages/airflow/example_dags/example_task_group_decorator.py
[2025-03-12T14:02:20.410+0000] {logging_mixin.py:190} INFO - [2025-03-12T14:02:20.410+0000] {dag.py:3239} INFO - Sync 1 DAGs
[2025-03-12T14:02:20.421+0000] {logging_mixin.py:190} INFO - [2025-03-12T14:02:20.421+0000] {dag.py:4180} INFO - Setting next_dagrun for example_task_group_decorator to None, run_after=None
[2025-03-12T14:02:20.436+0000] {processor.py:208} INFO - Processing /home/airflow/.local/lib/python3.12/site-packages/airflow/example_dags/example_task_group_decorator.py took 0.062 seconds
[2025-03-12T14:02:53.400+0000] {processor.py:186} INFO - Started process (PID=9085) to work on /home/airflow/.local/lib/python3.12/site-packages/airflow/example_dags/example_task_group_decorator.py
[2025-03-12T14:02:53.401+0000] {processor.py:914} INFO - Processing file /home/airflow/.local/lib/python3.12/site-packages/airflow/example_dags/example_task_group_decorator.py for tasks to queue
[2025-03-12T14:02:53.403+0000] {logging_mixin.py:190} INFO - [2025-03-12T14:02:53.403+0000] {dagbag.py:588} INFO - Filling up the DagBag from /home/airflow/.local/lib/python3.12/site-packages/airflow/example_dags/example_task_group_decorator.py
[2025-03-12T14:02:53.413+0000] {processor.py:925} INFO - DAG(s) 'example_task_group_decorator' retrieved from /home/airflow/.local/lib/python3.12/site-packages/airflow/example_dags/example_task_group_decorator.py
[2025-03-12T14:02:53.433+0000] {logging_mixin.py:190} INFO - [2025-03-12T14:02:53.432+0000] {dag.py:3239} INFO - Sync 1 DAGs
[2025-03-12T14:02:53.443+0000] {logging_mixin.py:190} INFO - [2025-03-12T14:02:53.442+0000] {dag.py:4180} INFO - Setting next_dagrun for example_task_group_decorator to None, run_after=None
[2025-03-12T14:02:53.457+0000] {processor.py:208} INFO - Processing /home/airflow/.local/lib/python3.12/site-packages/airflow/example_dags/example_task_group_decorator.py took 0.061 seconds
[2025-03-12T14:03:26.480+0000] {processor.py:186} INFO - Started process (PID=9391) to work on /home/airflow/.local/lib/python3.12/site-packages/airflow/example_dags/example_task_group_decorator.py
[2025-03-12T14:03:26.481+0000] {processor.py:914} INFO - Processing file /home/airflow/.local/lib/python3.12/site-packages/airflow/example_dags/example_task_group_decorator.py for tasks to queue
[2025-03-12T14:03:26.483+0000] {logging_mixin.py:190} INFO - [2025-03-12T14:03:26.483+0000] {dagbag.py:588} INFO - Filling up the DagBag from /home/airflow/.local/lib/python3.12/site-packages/airflow/example_dags/example_task_group_decorator.py
[2025-03-12T14:03:26.495+0000] {processor.py:925} INFO - DAG(s) 'example_task_group_decorator' retrieved from /home/airflow/.local/lib/python3.12/site-packages/airflow/example_dags/example_task_group_decorator.py
[2025-03-12T14:03:26.514+0000] {logging_mixin.py:190} INFO - [2025-03-12T14:03:26.514+0000] {dag.py:3239} INFO - Sync 1 DAGs
[2025-03-12T14:03:26.525+0000] {logging_mixin.py:190} INFO - [2025-03-12T14:03:26.525+0000] {dag.py:4180} INFO - Setting next_dagrun for example_task_group_decorator to None, run_after=None
[2025-03-12T14:03:26.540+0000] {processor.py:208} INFO - Processing /home/airflow/.local/lib/python3.12/site-packages/airflow/example_dags/example_task_group_decorator.py took 0.065 seconds
[2025-03-12T14:04:00.445+0000] {processor.py:186} INFO - Started process (PID=9697) to work on /home/airflow/.local/lib/python3.12/site-packages/airflow/example_dags/example_task_group_decorator.py
[2025-03-12T14:04:00.446+0000] {processor.py:914} INFO - Processing file /home/airflow/.local/lib/python3.12/site-packages/airflow/example_dags/example_task_group_decorator.py for tasks to queue
[2025-03-12T14:04:00.448+0000] {logging_mixin.py:190} INFO - [2025-03-12T14:04:00.448+0000] {dagbag.py:588} INFO - Filling up the DagBag from /home/airflow/.local/lib/python3.12/site-packages/airflow/example_dags/example_task_group_decorator.py
[2025-03-12T14:04:00.465+0000] {processor.py:925} INFO - DAG(s) 'example_task_group_decorator' retrieved from /home/airflow/.local/lib/python3.12/site-packages/airflow/example_dags/example_task_group_decorator.py
[2025-03-12T14:04:00.491+0000] {logging_mixin.py:190} INFO - [2025-03-12T14:04:00.491+0000] {dag.py:3239} INFO - Sync 1 DAGs
[2025-03-12T14:04:00.506+0000] {logging_mixin.py:190} INFO - [2025-03-12T14:04:00.506+0000] {dag.py:4180} INFO - Setting next_dagrun for example_task_group_decorator to None, run_after=None
[2025-03-12T14:04:00.526+0000] {processor.py:208} INFO - Processing /home/airflow/.local/lib/python3.12/site-packages/airflow/example_dags/example_task_group_decorator.py took 0.088 seconds
[2025-03-12T14:04:32.902+0000] {processor.py:186} INFO - Started process (PID=10003) to work on /home/airflow/.local/lib/python3.12/site-packages/airflow/example_dags/example_task_group_decorator.py
[2025-03-12T14:04:32.903+0000] {processor.py:914} INFO - Processing file /home/airflow/.local/lib/python3.12/site-packages/airflow/example_dags/example_task_group_decorator.py for tasks to queue
[2025-03-12T14:04:32.905+0000] {logging_mixin.py:190} INFO - [2025-03-12T14:04:32.905+0000] {dagbag.py:588} INFO - Filling up the DagBag from /home/airflow/.local/lib/python3.12/site-packages/airflow/example_dags/example_task_group_decorator.py
[2025-03-12T14:04:32.922+0000] {processor.py:925} INFO - DAG(s) 'example_task_group_decorator' retrieved from /home/airflow/.local/lib/python3.12/site-packages/airflow/example_dags/example_task_group_decorator.py
[2025-03-12T14:04:32.946+0000] {logging_mixin.py:190} INFO - [2025-03-12T14:04:32.946+0000] {dag.py:3239} INFO - Sync 1 DAGs
[2025-03-12T14:04:32.959+0000] {logging_mixin.py:190} INFO - [2025-03-12T14:04:32.958+0000] {dag.py:4180} INFO - Setting next_dagrun for example_task_group_decorator to None, run_after=None
[2025-03-12T14:04:32.974+0000] {processor.py:208} INFO - Processing /home/airflow/.local/lib/python3.12/site-packages/airflow/example_dags/example_task_group_decorator.py took 0.077 seconds
[2025-03-12T14:05:06.388+0000] {processor.py:186} INFO - Started process (PID=10309) to work on /home/airflow/.local/lib/python3.12/site-packages/airflow/example_dags/example_task_group_decorator.py
[2025-03-12T14:05:06.389+0000] {processor.py:914} INFO - Processing file /home/airflow/.local/lib/python3.12/site-packages/airflow/example_dags/example_task_group_decorator.py for tasks to queue
[2025-03-12T14:05:06.390+0000] {logging_mixin.py:190} INFO - [2025-03-12T14:05:06.390+0000] {dagbag.py:588} INFO - Filling up the DagBag from /home/airflow/.local/lib/python3.12/site-packages/airflow/example_dags/example_task_group_decorator.py
[2025-03-12T14:05:06.401+0000] {processor.py:925} INFO - DAG(s) 'example_task_group_decorator' retrieved from /home/airflow/.local/lib/python3.12/site-packages/airflow/example_dags/example_task_group_decorator.py
[2025-03-12T14:05:06.419+0000] {logging_mixin.py:190} INFO - [2025-03-12T14:05:06.419+0000] {dag.py:3239} INFO - Sync 1 DAGs
[2025-03-12T14:05:06.430+0000] {logging_mixin.py:190} INFO - [2025-03-12T14:05:06.430+0000] {dag.py:4180} INFO - Setting next_dagrun for example_task_group_decorator to None, run_after=None
[2025-03-12T14:05:06.443+0000] {processor.py:208} INFO - Processing /home/airflow/.local/lib/python3.12/site-packages/airflow/example_dags/example_task_group_decorator.py took 0.059 seconds
[2025-03-12T14:05:40.282+0000] {processor.py:186} INFO - Started process (PID=10620) to work on /home/airflow/.local/lib/python3.12/site-packages/airflow/example_dags/example_task_group_decorator.py
[2025-03-12T14:05:40.282+0000] {processor.py:914} INFO - Processing file /home/airflow/.local/lib/python3.12/site-packages/airflow/example_dags/example_task_group_decorator.py for tasks to queue
[2025-03-12T14:05:40.284+0000] {logging_mixin.py:190} INFO - [2025-03-12T14:05:40.284+0000] {dagbag.py:588} INFO - Filling up the DagBag from /home/airflow/.local/lib/python3.12/site-packages/airflow/example_dags/example_task_group_decorator.py
[2025-03-12T14:05:40.298+0000] {processor.py:925} INFO - DAG(s) 'example_task_group_decorator' retrieved from /home/airflow/.local/lib/python3.12/site-packages/airflow/example_dags/example_task_group_decorator.py
[2025-03-12T14:05:40.320+0000] {logging_mixin.py:190} INFO - [2025-03-12T14:05:40.319+0000] {dag.py:3239} INFO - Sync 1 DAGs
[2025-03-12T14:05:40.331+0000] {logging_mixin.py:190} INFO - [2025-03-12T14:05:40.331+0000] {dag.py:4180} INFO - Setting next_dagrun for example_task_group_decorator to None, run_after=None
[2025-03-12T14:05:40.349+0000] {processor.py:208} INFO - Processing /home/airflow/.local/lib/python3.12/site-packages/airflow/example_dags/example_task_group_decorator.py took 0.072 seconds
[2025-03-12T14:06:13.069+0000] {processor.py:186} INFO - Started process (PID=10928) to work on /home/airflow/.local/lib/python3.12/site-packages/airflow/example_dags/example_task_group_decorator.py
[2025-03-12T14:06:13.070+0000] {processor.py:914} INFO - Processing file /home/airflow/.local/lib/python3.12/site-packages/airflow/example_dags/example_task_group_decorator.py for tasks to queue
[2025-03-12T14:06:13.073+0000] {logging_mixin.py:190} INFO - [2025-03-12T14:06:13.073+0000] {dagbag.py:588} INFO - Filling up the DagBag from /home/airflow/.local/lib/python3.12/site-packages/airflow/example_dags/example_task_group_decorator.py
[2025-03-12T14:06:13.087+0000] {processor.py:925} INFO - DAG(s) 'example_task_group_decorator' retrieved from /home/airflow/.local/lib/python3.12/site-packages/airflow/example_dags/example_task_group_decorator.py
[2025-03-12T14:06:13.111+0000] {logging_mixin.py:190} INFO - [2025-03-12T14:06:13.111+0000] {dag.py:3239} INFO - Sync 1 DAGs
[2025-03-12T14:06:13.123+0000] {logging_mixin.py:190} INFO - [2025-03-12T14:06:13.123+0000] {dag.py:4180} INFO - Setting next_dagrun for example_task_group_decorator to None, run_after=None
[2025-03-12T14:06:13.137+0000] {processor.py:208} INFO - Processing /home/airflow/.local/lib/python3.12/site-packages/airflow/example_dags/example_task_group_decorator.py took 0.073 seconds
[2025-03-12T14:06:46.876+0000] {processor.py:186} INFO - Started process (PID=11232) to work on /home/airflow/.local/lib/python3.12/site-packages/airflow/example_dags/example_task_group_decorator.py
[2025-03-12T14:06:46.877+0000] {processor.py:914} INFO - Processing file /home/airflow/.local/lib/python3.12/site-packages/airflow/example_dags/example_task_group_decorator.py for tasks to queue
[2025-03-12T14:06:46.879+0000] {logging_mixin.py:190} INFO - [2025-03-12T14:06:46.879+0000] {dagbag.py:588} INFO - Filling up the DagBag from /home/airflow/.local/lib/python3.12/site-packages/airflow/example_dags/example_task_group_decorator.py
[2025-03-12T14:06:46.891+0000] {processor.py:925} INFO - DAG(s) 'example_task_group_decorator' retrieved from /home/airflow/.local/lib/python3.12/site-packages/airflow/example_dags/example_task_group_decorator.py
[2025-03-12T14:06:46.910+0000] {logging_mixin.py:190} INFO - [2025-03-12T14:06:46.910+0000] {dag.py:3239} INFO - Sync 1 DAGs
[2025-03-12T14:06:46.921+0000] {logging_mixin.py:190} INFO - [2025-03-12T14:06:46.921+0000] {dag.py:4180} INFO - Setting next_dagrun for example_task_group_decorator to None, run_after=None
[2025-03-12T14:06:46.935+0000] {processor.py:208} INFO - Processing /home/airflow/.local/lib/python3.12/site-packages/airflow/example_dags/example_task_group_decorator.py took 0.065 seconds
[2025-03-12T14:07:20.562+0000] {processor.py:186} INFO - Started process (PID=11538) to work on /home/airflow/.local/lib/python3.12/site-packages/airflow/example_dags/example_task_group_decorator.py
[2025-03-12T14:07:20.562+0000] {processor.py:914} INFO - Processing file /home/airflow/.local/lib/python3.12/site-packages/airflow/example_dags/example_task_group_decorator.py for tasks to queue
[2025-03-12T14:07:20.564+0000] {logging_mixin.py:190} INFO - [2025-03-12T14:07:20.564+0000] {dagbag.py:588} INFO - Filling up the DagBag from /home/airflow/.local/lib/python3.12/site-packages/airflow/example_dags/example_task_group_decorator.py
[2025-03-12T14:07:20.576+0000] {processor.py:925} INFO - DAG(s) 'example_task_group_decorator' retrieved from /home/airflow/.local/lib/python3.12/site-packages/airflow/example_dags/example_task_group_decorator.py
[2025-03-12T14:07:20.595+0000] {logging_mixin.py:190} INFO - [2025-03-12T14:07:20.595+0000] {dag.py:3239} INFO - Sync 1 DAGs
[2025-03-12T14:07:20.612+0000] {logging_mixin.py:190} INFO - [2025-03-12T14:07:20.611+0000] {dag.py:4180} INFO - Setting next_dagrun for example_task_group_decorator to None, run_after=None
[2025-03-12T14:07:20.627+0000] {processor.py:208} INFO - Processing /home/airflow/.local/lib/python3.12/site-packages/airflow/example_dags/example_task_group_decorator.py took 0.070 seconds
[2025-03-12T14:07:53.460+0000] {processor.py:186} INFO - Started process (PID=11846) to work on /home/airflow/.local/lib/python3.12/site-packages/airflow/example_dags/example_task_group_decorator.py
[2025-03-12T14:07:53.461+0000] {processor.py:914} INFO - Processing file /home/airflow/.local/lib/python3.12/site-packages/airflow/example_dags/example_task_group_decorator.py for tasks to queue
[2025-03-12T14:07:53.463+0000] {logging_mixin.py:190} INFO - [2025-03-12T14:07:53.463+0000] {dagbag.py:588} INFO - Filling up the DagBag from /home/airflow/.local/lib/python3.12/site-packages/airflow/example_dags/example_task_group_decorator.py
[2025-03-12T14:07:53.474+0000] {processor.py:925} INFO - DAG(s) 'example_task_group_decorator' retrieved from /home/airflow/.local/lib/python3.12/site-packages/airflow/example_dags/example_task_group_decorator.py
[2025-03-12T14:07:53.494+0000] {logging_mixin.py:190} INFO - [2025-03-12T14:07:53.494+0000] {dag.py:3239} INFO - Sync 1 DAGs
[2025-03-12T14:07:53.505+0000] {logging_mixin.py:190} INFO - [2025-03-12T14:07:53.504+0000] {dag.py:4180} INFO - Setting next_dagrun for example_task_group_decorator to None, run_after=None
[2025-03-12T14:07:53.522+0000] {processor.py:208} INFO - Processing /home/airflow/.local/lib/python3.12/site-packages/airflow/example_dags/example_task_group_decorator.py took 0.066 seconds
[2025-03-12T14:08:27.243+0000] {processor.py:186} INFO - Started process (PID=12150) to work on /home/airflow/.local/lib/python3.12/site-packages/airflow/example_dags/example_task_group_decorator.py
[2025-03-12T14:08:27.243+0000] {processor.py:914} INFO - Processing file /home/airflow/.local/lib/python3.12/site-packages/airflow/example_dags/example_task_group_decorator.py for tasks to queue
[2025-03-12T14:08:27.245+0000] {logging_mixin.py:190} INFO - [2025-03-12T14:08:27.245+0000] {dagbag.py:588} INFO - Filling up the DagBag from /home/airflow/.local/lib/python3.12/site-packages/airflow/example_dags/example_task_group_decorator.py
[2025-03-12T14:08:27.256+0000] {processor.py:925} INFO - DAG(s) 'example_task_group_decorator' retrieved from /home/airflow/.local/lib/python3.12/site-packages/airflow/example_dags/example_task_group_decorator.py
[2025-03-12T14:08:27.274+0000] {logging_mixin.py:190} INFO - [2025-03-12T14:08:27.274+0000] {dag.py:3239} INFO - Sync 1 DAGs
[2025-03-12T14:08:27.284+0000] {logging_mixin.py:190} INFO - [2025-03-12T14:08:27.284+0000] {dag.py:4180} INFO - Setting next_dagrun for example_task_group_decorator to None, run_after=None
[2025-03-12T14:08:27.298+0000] {processor.py:208} INFO - Processing /home/airflow/.local/lib/python3.12/site-packages/airflow/example_dags/example_task_group_decorator.py took 0.060 seconds
[2025-03-12T14:09:00.305+0000] {processor.py:186} INFO - Started process (PID=12456) to work on /home/airflow/.local/lib/python3.12/site-packages/airflow/example_dags/example_task_group_decorator.py
[2025-03-12T14:09:00.306+0000] {processor.py:914} INFO - Processing file /home/airflow/.local/lib/python3.12/site-packages/airflow/example_dags/example_task_group_decorator.py for tasks to queue
[2025-03-12T14:09:00.307+0000] {logging_mixin.py:190} INFO - [2025-03-12T14:09:00.307+0000] {dagbag.py:588} INFO - Filling up the DagBag from /home/airflow/.local/lib/python3.12/site-packages/airflow/example_dags/example_task_group_decorator.py
[2025-03-12T14:09:00.318+0000] {processor.py:925} INFO - DAG(s) 'example_task_group_decorator' retrieved from /home/airflow/.local/lib/python3.12/site-packages/airflow/example_dags/example_task_group_decorator.py
[2025-03-12T14:09:00.337+0000] {logging_mixin.py:190} INFO - [2025-03-12T14:09:00.337+0000] {dag.py:3239} INFO - Sync 1 DAGs
[2025-03-12T14:09:00.350+0000] {logging_mixin.py:190} INFO - [2025-03-12T14:09:00.349+0000] {dag.py:4180} INFO - Setting next_dagrun for example_task_group_decorator to None, run_after=None
[2025-03-12T14:09:00.369+0000] {processor.py:208} INFO - Processing /home/airflow/.local/lib/python3.12/site-packages/airflow/example_dags/example_task_group_decorator.py took 0.068 seconds
[2025-03-12T14:09:33.873+0000] {processor.py:186} INFO - Started process (PID=12762) to work on /home/airflow/.local/lib/python3.12/site-packages/airflow/example_dags/example_task_group_decorator.py
[2025-03-12T14:09:33.875+0000] {processor.py:914} INFO - Processing file /home/airflow/.local/lib/python3.12/site-packages/airflow/example_dags/example_task_group_decorator.py for tasks to queue
[2025-03-12T14:09:33.878+0000] {logging_mixin.py:190} INFO - [2025-03-12T14:09:33.877+0000] {dagbag.py:588} INFO - Filling up the DagBag from /home/airflow/.local/lib/python3.12/site-packages/airflow/example_dags/example_task_group_decorator.py
[2025-03-12T14:09:33.893+0000] {processor.py:925} INFO - DAG(s) 'example_task_group_decorator' retrieved from /home/airflow/.local/lib/python3.12/site-packages/airflow/example_dags/example_task_group_decorator.py
[2025-03-12T14:09:33.915+0000] {logging_mixin.py:190} INFO - [2025-03-12T14:09:33.914+0000] {dag.py:3239} INFO - Sync 1 DAGs
[2025-03-12T14:09:33.929+0000] {logging_mixin.py:190} INFO - [2025-03-12T14:09:33.928+0000] {dag.py:4180} INFO - Setting next_dagrun for example_task_group_decorator to None, run_after=None
[2025-03-12T14:09:33.943+0000] {processor.py:208} INFO - Processing /home/airflow/.local/lib/python3.12/site-packages/airflow/example_dags/example_task_group_decorator.py took 0.090 seconds
[2025-03-12T14:10:06.756+0000] {processor.py:186} INFO - Started process (PID=13068) to work on /home/airflow/.local/lib/python3.12/site-packages/airflow/example_dags/example_task_group_decorator.py
[2025-03-12T14:10:06.756+0000] {processor.py:914} INFO - Processing file /home/airflow/.local/lib/python3.12/site-packages/airflow/example_dags/example_task_group_decorator.py for tasks to queue
[2025-03-12T14:10:06.759+0000] {logging_mixin.py:190} INFO - [2025-03-12T14:10:06.758+0000] {dagbag.py:588} INFO - Filling up the DagBag from /home/airflow/.local/lib/python3.12/site-packages/airflow/example_dags/example_task_group_decorator.py
[2025-03-12T14:10:06.770+0000] {processor.py:925} INFO - DAG(s) 'example_task_group_decorator' retrieved from /home/airflow/.local/lib/python3.12/site-packages/airflow/example_dags/example_task_group_decorator.py
[2025-03-12T14:10:06.791+0000] {logging_mixin.py:190} INFO - [2025-03-12T14:10:06.791+0000] {dag.py:3239} INFO - Sync 1 DAGs
[2025-03-12T14:10:06.803+0000] {logging_mixin.py:190} INFO - [2025-03-12T14:10:06.803+0000] {dag.py:4180} INFO - Setting next_dagrun for example_task_group_decorator to None, run_after=None
[2025-03-12T14:10:06.820+0000] {processor.py:208} INFO - Processing /home/airflow/.local/lib/python3.12/site-packages/airflow/example_dags/example_task_group_decorator.py took 0.068 seconds
[2025-03-12T14:10:39.693+0000] {processor.py:186} INFO - Started process (PID=13374) to work on /home/airflow/.local/lib/python3.12/site-packages/airflow/example_dags/example_task_group_decorator.py
[2025-03-12T14:10:39.694+0000] {processor.py:914} INFO - Processing file /home/airflow/.local/lib/python3.12/site-packages/airflow/example_dags/example_task_group_decorator.py for tasks to queue
[2025-03-12T14:10:39.695+0000] {logging_mixin.py:190} INFO - [2025-03-12T14:10:39.695+0000] {dagbag.py:588} INFO - Filling up the DagBag from /home/airflow/.local/lib/python3.12/site-packages/airflow/example_dags/example_task_group_decorator.py
[2025-03-12T14:10:39.706+0000] {processor.py:925} INFO - DAG(s) 'example_task_group_decorator' retrieved from /home/airflow/.local/lib/python3.12/site-packages/airflow/example_dags/example_task_group_decorator.py
[2025-03-12T14:10:39.726+0000] {logging_mixin.py:190} INFO - [2025-03-12T14:10:39.726+0000] {dag.py:3239} INFO - Sync 1 DAGs
[2025-03-12T14:10:39.739+0000] {logging_mixin.py:190} INFO - [2025-03-12T14:10:39.738+0000] {dag.py:4180} INFO - Setting next_dagrun for example_task_group_decorator to None, run_after=None
[2025-03-12T14:10:39.756+0000] {processor.py:208} INFO - Processing /home/airflow/.local/lib/python3.12/site-packages/airflow/example_dags/example_task_group_decorator.py took 0.069 seconds
[2025-03-12T14:11:13.640+0000] {processor.py:186} INFO - Started process (PID=13682) to work on /home/airflow/.local/lib/python3.12/site-packages/airflow/example_dags/example_task_group_decorator.py
[2025-03-12T14:11:13.641+0000] {processor.py:914} INFO - Processing file /home/airflow/.local/lib/python3.12/site-packages/airflow/example_dags/example_task_group_decorator.py for tasks to queue
[2025-03-12T14:11:13.642+0000] {logging_mixin.py:190} INFO - [2025-03-12T14:11:13.642+0000] {dagbag.py:588} INFO - Filling up the DagBag from /home/airflow/.local/lib/python3.12/site-packages/airflow/example_dags/example_task_group_decorator.py
[2025-03-12T14:11:13.654+0000] {processor.py:925} INFO - DAG(s) 'example_task_group_decorator' retrieved from /home/airflow/.local/lib/python3.12/site-packages/airflow/example_dags/example_task_group_decorator.py
[2025-03-12T14:11:13.672+0000] {logging_mixin.py:190} INFO - [2025-03-12T14:11:13.672+0000] {dag.py:3239} INFO - Sync 1 DAGs
[2025-03-12T14:11:13.683+0000] {logging_mixin.py:190} INFO - [2025-03-12T14:11:13.683+0000] {dag.py:4180} INFO - Setting next_dagrun for example_task_group_decorator to None, run_after=None
[2025-03-12T14:11:13.698+0000] {processor.py:208} INFO - Processing /home/airflow/.local/lib/python3.12/site-packages/airflow/example_dags/example_task_group_decorator.py took 0.063 seconds
[2025-03-12T14:11:46.789+0000] {processor.py:186} INFO - Started process (PID=13987) to work on /home/airflow/.local/lib/python3.12/site-packages/airflow/example_dags/example_task_group_decorator.py
[2025-03-12T14:11:46.790+0000] {processor.py:914} INFO - Processing file /home/airflow/.local/lib/python3.12/site-packages/airflow/example_dags/example_task_group_decorator.py for tasks to queue
[2025-03-12T14:11:46.791+0000] {logging_mixin.py:190} INFO - [2025-03-12T14:11:46.791+0000] {dagbag.py:588} INFO - Filling up the DagBag from /home/airflow/.local/lib/python3.12/site-packages/airflow/example_dags/example_task_group_decorator.py
[2025-03-12T14:11:46.802+0000] {processor.py:925} INFO - DAG(s) 'example_task_group_decorator' retrieved from /home/airflow/.local/lib/python3.12/site-packages/airflow/example_dags/example_task_group_decorator.py
[2025-03-12T14:11:46.822+0000] {logging_mixin.py:190} INFO - [2025-03-12T14:11:46.821+0000] {dag.py:3239} INFO - Sync 1 DAGs
[2025-03-12T14:11:46.832+0000] {logging_mixin.py:190} INFO - [2025-03-12T14:11:46.831+0000] {dag.py:4180} INFO - Setting next_dagrun for example_task_group_decorator to None, run_after=None
[2025-03-12T14:11:46.847+0000] {processor.py:208} INFO - Processing /home/airflow/.local/lib/python3.12/site-packages/airflow/example_dags/example_task_group_decorator.py took 0.062 seconds
[2025-03-12T14:12:20.983+0000] {processor.py:186} INFO - Started process (PID=14293) to work on /home/airflow/.local/lib/python3.12/site-packages/airflow/example_dags/example_task_group_decorator.py
[2025-03-12T14:12:20.984+0000] {processor.py:914} INFO - Processing file /home/airflow/.local/lib/python3.12/site-packages/airflow/example_dags/example_task_group_decorator.py for tasks to queue
[2025-03-12T14:12:20.986+0000] {logging_mixin.py:190} INFO - [2025-03-12T14:12:20.986+0000] {dagbag.py:588} INFO - Filling up the DagBag from /home/airflow/.local/lib/python3.12/site-packages/airflow/example_dags/example_task_group_decorator.py
[2025-03-12T14:12:21.000+0000] {processor.py:925} INFO - DAG(s) 'example_task_group_decorator' retrieved from /home/airflow/.local/lib/python3.12/site-packages/airflow/example_dags/example_task_group_decorator.py
[2025-03-12T14:12:21.024+0000] {logging_mixin.py:190} INFO - [2025-03-12T14:12:21.024+0000] {dag.py:3239} INFO - Sync 1 DAGs
[2025-03-12T14:12:21.037+0000] {logging_mixin.py:190} INFO - [2025-03-12T14:12:21.037+0000] {dag.py:4180} INFO - Setting next_dagrun for example_task_group_decorator to None, run_after=None
[2025-03-12T14:12:21.052+0000] {processor.py:208} INFO - Processing /home/airflow/.local/lib/python3.12/site-packages/airflow/example_dags/example_task_group_decorator.py took 0.074 seconds
[2025-03-12T14:14:00.835+0000] {processor.py:186} INFO - Started process (PID=222) to work on /home/airflow/.local/lib/python3.12/site-packages/airflow/example_dags/example_task_group_decorator.py
[2025-03-12T14:14:00.836+0000] {processor.py:914} INFO - Processing file /home/airflow/.local/lib/python3.12/site-packages/airflow/example_dags/example_task_group_decorator.py for tasks to queue
[2025-03-12T14:14:00.838+0000] {logging_mixin.py:190} INFO - [2025-03-12T14:14:00.838+0000] {dagbag.py:588} INFO - Filling up the DagBag from /home/airflow/.local/lib/python3.12/site-packages/airflow/example_dags/example_task_group_decorator.py
[2025-03-12T14:14:00.854+0000] {processor.py:925} INFO - DAG(s) 'example_task_group_decorator' retrieved from /home/airflow/.local/lib/python3.12/site-packages/airflow/example_dags/example_task_group_decorator.py
[2025-03-12T14:14:00.963+0000] {logging_mixin.py:190} INFO - [2025-03-12T14:14:00.962+0000] {override.py:1912} INFO - Created Permission View: can read on DAG:example_task_group_decorator
[2025-03-12T14:14:00.973+0000] {logging_mixin.py:190} INFO - [2025-03-12T14:14:00.973+0000] {override.py:1912} INFO - Created Permission View: can edit on DAG:example_task_group_decorator
[2025-03-12T14:14:00.980+0000] {logging_mixin.py:190} INFO - [2025-03-12T14:14:00.980+0000] {override.py:1912} INFO - Created Permission View: can delete on DAG:example_task_group_decorator
[2025-03-12T14:14:00.987+0000] {logging_mixin.py:190} INFO - [2025-03-12T14:14:00.987+0000] {override.py:1912} INFO - Created Permission View: can create on DAG Run:example_task_group_decorator
[2025-03-12T14:14:00.995+0000] {logging_mixin.py:190} INFO - [2025-03-12T14:14:00.994+0000] {override.py:1912} INFO - Created Permission View: can read on DAG Run:example_task_group_decorator
[2025-03-12T14:14:01.001+0000] {logging_mixin.py:190} INFO - [2025-03-12T14:14:01.000+0000] {override.py:1912} INFO - Created Permission View: menu access on DAG Run:example_task_group_decorator
[2025-03-12T14:14:01.008+0000] {logging_mixin.py:190} INFO - [2025-03-12T14:14:01.008+0000] {override.py:1912} INFO - Created Permission View: can delete on DAG Run:example_task_group_decorator
[2025-03-12T14:14:01.009+0000] {logging_mixin.py:190} INFO - [2025-03-12T14:14:01.008+0000] {dag.py:3239} INFO - Sync 1 DAGs
[2025-03-12T14:14:01.021+0000] {logging_mixin.py:190} INFO - [2025-03-12T14:14:01.021+0000] {dag.py:3262} INFO - Creating ORM DAG for example_task_group_decorator
[2025-03-12T14:14:01.022+0000] {logging_mixin.py:190} INFO - [2025-03-12T14:14:01.022+0000] {dag.py:4180} INFO - Setting next_dagrun for example_task_group_decorator to None, run_after=None
[2025-03-12T14:14:01.035+0000] {processor.py:208} INFO - Processing /home/airflow/.local/lib/python3.12/site-packages/airflow/example_dags/example_task_group_decorator.py took 0.205 seconds
[2025-03-12T14:14:33.115+0000] {processor.py:186} INFO - Started process (PID=530) to work on /home/airflow/.local/lib/python3.12/site-packages/airflow/example_dags/example_task_group_decorator.py
[2025-03-12T14:14:33.116+0000] {processor.py:914} INFO - Processing file /home/airflow/.local/lib/python3.12/site-packages/airflow/example_dags/example_task_group_decorator.py for tasks to queue
[2025-03-12T14:14:33.119+0000] {logging_mixin.py:190} INFO - [2025-03-12T14:14:33.118+0000] {dagbag.py:588} INFO - Filling up the DagBag from /home/airflow/.local/lib/python3.12/site-packages/airflow/example_dags/example_task_group_decorator.py
[2025-03-12T14:14:33.131+0000] {processor.py:925} INFO - DAG(s) 'example_task_group_decorator' retrieved from /home/airflow/.local/lib/python3.12/site-packages/airflow/example_dags/example_task_group_decorator.py
[2025-03-12T14:14:33.151+0000] {logging_mixin.py:190} INFO - [2025-03-12T14:14:33.151+0000] {dag.py:3239} INFO - Sync 1 DAGs
[2025-03-12T14:14:33.162+0000] {logging_mixin.py:190} INFO - [2025-03-12T14:14:33.162+0000] {dag.py:4180} INFO - Setting next_dagrun for example_task_group_decorator to None, run_after=None
[2025-03-12T14:14:33.180+0000] {processor.py:208} INFO - Processing /home/airflow/.local/lib/python3.12/site-packages/airflow/example_dags/example_task_group_decorator.py took 0.070 seconds
[2025-03-12T14:15:06.978+0000] {processor.py:186} INFO - Started process (PID=836) to work on /home/airflow/.local/lib/python3.12/site-packages/airflow/example_dags/example_task_group_decorator.py
[2025-03-12T14:15:06.979+0000] {processor.py:914} INFO - Processing file /home/airflow/.local/lib/python3.12/site-packages/airflow/example_dags/example_task_group_decorator.py for tasks to queue
[2025-03-12T14:15:06.980+0000] {logging_mixin.py:190} INFO - [2025-03-12T14:15:06.980+0000] {dagbag.py:588} INFO - Filling up the DagBag from /home/airflow/.local/lib/python3.12/site-packages/airflow/example_dags/example_task_group_decorator.py
[2025-03-12T14:15:06.994+0000] {processor.py:925} INFO - DAG(s) 'example_task_group_decorator' retrieved from /home/airflow/.local/lib/python3.12/site-packages/airflow/example_dags/example_task_group_decorator.py
[2025-03-12T14:15:07.014+0000] {logging_mixin.py:190} INFO - [2025-03-12T14:15:07.013+0000] {dag.py:3239} INFO - Sync 1 DAGs
[2025-03-12T14:15:07.025+0000] {logging_mixin.py:190} INFO - [2025-03-12T14:15:07.024+0000] {dag.py:4180} INFO - Setting next_dagrun for example_task_group_decorator to None, run_after=None
[2025-03-12T14:15:07.040+0000] {processor.py:208} INFO - Processing /home/airflow/.local/lib/python3.12/site-packages/airflow/example_dags/example_task_group_decorator.py took 0.067 seconds
[2025-03-12T14:15:40.688+0000] {processor.py:186} INFO - Started process (PID=1140) to work on /home/airflow/.local/lib/python3.12/site-packages/airflow/example_dags/example_task_group_decorator.py
[2025-03-12T14:15:40.688+0000] {processor.py:914} INFO - Processing file /home/airflow/.local/lib/python3.12/site-packages/airflow/example_dags/example_task_group_decorator.py for tasks to queue
[2025-03-12T14:15:40.690+0000] {logging_mixin.py:190} INFO - [2025-03-12T14:15:40.690+0000] {dagbag.py:588} INFO - Filling up the DagBag from /home/airflow/.local/lib/python3.12/site-packages/airflow/example_dags/example_task_group_decorator.py
[2025-03-12T14:15:40.704+0000] {processor.py:925} INFO - DAG(s) 'example_task_group_decorator' retrieved from /home/airflow/.local/lib/python3.12/site-packages/airflow/example_dags/example_task_group_decorator.py
[2025-03-12T14:15:40.726+0000] {logging_mixin.py:190} INFO - [2025-03-12T14:15:40.726+0000] {dag.py:3239} INFO - Sync 1 DAGs
[2025-03-12T14:15:40.737+0000] {logging_mixin.py:190} INFO - [2025-03-12T14:15:40.737+0000] {dag.py:4180} INFO - Setting next_dagrun for example_task_group_decorator to None, run_after=None
[2025-03-12T14:15:40.753+0000] {processor.py:208} INFO - Processing /home/airflow/.local/lib/python3.12/site-packages/airflow/example_dags/example_task_group_decorator.py took 0.070 seconds
[2025-03-12T14:16:13.775+0000] {processor.py:186} INFO - Started process (PID=1446) to work on /home/airflow/.local/lib/python3.12/site-packages/airflow/example_dags/example_task_group_decorator.py
[2025-03-12T14:16:13.776+0000] {processor.py:914} INFO - Processing file /home/airflow/.local/lib/python3.12/site-packages/airflow/example_dags/example_task_group_decorator.py for tasks to queue
[2025-03-12T14:16:13.777+0000] {logging_mixin.py:190} INFO - [2025-03-12T14:16:13.777+0000] {dagbag.py:588} INFO - Filling up the DagBag from /home/airflow/.local/lib/python3.12/site-packages/airflow/example_dags/example_task_group_decorator.py
[2025-03-12T14:16:13.788+0000] {processor.py:925} INFO - DAG(s) 'example_task_group_decorator' retrieved from /home/airflow/.local/lib/python3.12/site-packages/airflow/example_dags/example_task_group_decorator.py
[2025-03-12T14:16:13.814+0000] {logging_mixin.py:190} INFO - [2025-03-12T14:16:13.813+0000] {dag.py:3239} INFO - Sync 1 DAGs
[2025-03-12T14:16:13.825+0000] {logging_mixin.py:190} INFO - [2025-03-12T14:16:13.825+0000] {dag.py:4180} INFO - Setting next_dagrun for example_task_group_decorator to None, run_after=None
[2025-03-12T14:16:13.842+0000] {processor.py:208} INFO - Processing /home/airflow/.local/lib/python3.12/site-packages/airflow/example_dags/example_task_group_decorator.py took 0.071 seconds
[2025-03-12T14:16:47.331+0000] {processor.py:186} INFO - Started process (PID=1753) to work on /home/airflow/.local/lib/python3.12/site-packages/airflow/example_dags/example_task_group_decorator.py
[2025-03-12T14:16:47.332+0000] {processor.py:914} INFO - Processing file /home/airflow/.local/lib/python3.12/site-packages/airflow/example_dags/example_task_group_decorator.py for tasks to queue
[2025-03-12T14:16:47.335+0000] {logging_mixin.py:190} INFO - [2025-03-12T14:16:47.334+0000] {dagbag.py:588} INFO - Filling up the DagBag from /home/airflow/.local/lib/python3.12/site-packages/airflow/example_dags/example_task_group_decorator.py
[2025-03-12T14:16:47.349+0000] {processor.py:925} INFO - DAG(s) 'example_task_group_decorator' retrieved from /home/airflow/.local/lib/python3.12/site-packages/airflow/example_dags/example_task_group_decorator.py
[2025-03-12T14:16:47.370+0000] {logging_mixin.py:190} INFO - [2025-03-12T14:16:47.370+0000] {dag.py:3239} INFO - Sync 1 DAGs
[2025-03-12T14:16:47.381+0000] {logging_mixin.py:190} INFO - [2025-03-12T14:16:47.381+0000] {dag.py:4180} INFO - Setting next_dagrun for example_task_group_decorator to None, run_after=None
[2025-03-12T14:16:47.397+0000] {processor.py:208} INFO - Processing /home/airflow/.local/lib/python3.12/site-packages/airflow/example_dags/example_task_group_decorator.py took 0.071 seconds
[2025-03-12T14:17:20.410+0000] {processor.py:186} INFO - Started process (PID=2059) to work on /home/airflow/.local/lib/python3.12/site-packages/airflow/example_dags/example_task_group_decorator.py
[2025-03-12T14:17:20.411+0000] {processor.py:914} INFO - Processing file /home/airflow/.local/lib/python3.12/site-packages/airflow/example_dags/example_task_group_decorator.py for tasks to queue
[2025-03-12T14:17:20.412+0000] {logging_mixin.py:190} INFO - [2025-03-12T14:17:20.412+0000] {dagbag.py:588} INFO - Filling up the DagBag from /home/airflow/.local/lib/python3.12/site-packages/airflow/example_dags/example_task_group_decorator.py
[2025-03-12T14:17:20.423+0000] {processor.py:925} INFO - DAG(s) 'example_task_group_decorator' retrieved from /home/airflow/.local/lib/python3.12/site-packages/airflow/example_dags/example_task_group_decorator.py
[2025-03-12T14:17:20.443+0000] {logging_mixin.py:190} INFO - [2025-03-12T14:17:20.442+0000] {dag.py:3239} INFO - Sync 1 DAGs
[2025-03-12T14:17:20.454+0000] {logging_mixin.py:190} INFO - [2025-03-12T14:17:20.453+0000] {dag.py:4180} INFO - Setting next_dagrun for example_task_group_decorator to None, run_after=None
[2025-03-12T14:17:20.471+0000] {processor.py:208} INFO - Processing /home/airflow/.local/lib/python3.12/site-packages/airflow/example_dags/example_task_group_decorator.py took 0.065 seconds
[2025-03-12T14:17:53.817+0000] {processor.py:186} INFO - Started process (PID=2365) to work on /home/airflow/.local/lib/python3.12/site-packages/airflow/example_dags/example_task_group_decorator.py
[2025-03-12T14:17:53.818+0000] {processor.py:914} INFO - Processing file /home/airflow/.local/lib/python3.12/site-packages/airflow/example_dags/example_task_group_decorator.py for tasks to queue
[2025-03-12T14:17:53.820+0000] {logging_mixin.py:190} INFO - [2025-03-12T14:17:53.820+0000] {dagbag.py:588} INFO - Filling up the DagBag from /home/airflow/.local/lib/python3.12/site-packages/airflow/example_dags/example_task_group_decorator.py
[2025-03-12T14:17:53.834+0000] {processor.py:925} INFO - DAG(s) 'example_task_group_decorator' retrieved from /home/airflow/.local/lib/python3.12/site-packages/airflow/example_dags/example_task_group_decorator.py
[2025-03-12T14:17:53.855+0000] {logging_mixin.py:190} INFO - [2025-03-12T14:17:53.855+0000] {dag.py:3239} INFO - Sync 1 DAGs
[2025-03-12T14:17:53.867+0000] {logging_mixin.py:190} INFO - [2025-03-12T14:17:53.867+0000] {dag.py:4180} INFO - Setting next_dagrun for example_task_group_decorator to None, run_after=None
[2025-03-12T14:17:53.884+0000] {processor.py:208} INFO - Processing /home/airflow/.local/lib/python3.12/site-packages/airflow/example_dags/example_task_group_decorator.py took 0.072 seconds
[2025-03-12T14:18:27.211+0000] {processor.py:186} INFO - Started process (PID=2673) to work on /home/airflow/.local/lib/python3.12/site-packages/airflow/example_dags/example_task_group_decorator.py
[2025-03-12T14:18:27.212+0000] {processor.py:914} INFO - Processing file /home/airflow/.local/lib/python3.12/site-packages/airflow/example_dags/example_task_group_decorator.py for tasks to queue
[2025-03-12T14:18:27.215+0000] {logging_mixin.py:190} INFO - [2025-03-12T14:18:27.214+0000] {dagbag.py:588} INFO - Filling up the DagBag from /home/airflow/.local/lib/python3.12/site-packages/airflow/example_dags/example_task_group_decorator.py
[2025-03-12T14:18:27.231+0000] {processor.py:925} INFO - DAG(s) 'example_task_group_decorator' retrieved from /home/airflow/.local/lib/python3.12/site-packages/airflow/example_dags/example_task_group_decorator.py
[2025-03-12T14:18:27.256+0000] {logging_mixin.py:190} INFO - [2025-03-12T14:18:27.256+0000] {dag.py:3239} INFO - Sync 1 DAGs
[2025-03-12T14:18:27.271+0000] {logging_mixin.py:190} INFO - [2025-03-12T14:18:27.271+0000] {dag.py:4180} INFO - Setting next_dagrun for example_task_group_decorator to None, run_after=None
[2025-03-12T14:18:27.290+0000] {processor.py:208} INFO - Processing /home/airflow/.local/lib/python3.12/site-packages/airflow/example_dags/example_task_group_decorator.py took 0.085 seconds
[2025-03-12T14:18:59.913+0000] {processor.py:186} INFO - Started process (PID=2977) to work on /home/airflow/.local/lib/python3.12/site-packages/airflow/example_dags/example_task_group_decorator.py
[2025-03-12T14:18:59.914+0000] {processor.py:914} INFO - Processing file /home/airflow/.local/lib/python3.12/site-packages/airflow/example_dags/example_task_group_decorator.py for tasks to queue
[2025-03-12T14:18:59.916+0000] {logging_mixin.py:190} INFO - [2025-03-12T14:18:59.915+0000] {dagbag.py:588} INFO - Filling up the DagBag from /home/airflow/.local/lib/python3.12/site-packages/airflow/example_dags/example_task_group_decorator.py
[2025-03-12T14:18:59.930+0000] {processor.py:925} INFO - DAG(s) 'example_task_group_decorator' retrieved from /home/airflow/.local/lib/python3.12/site-packages/airflow/example_dags/example_task_group_decorator.py
[2025-03-12T14:18:59.949+0000] {logging_mixin.py:190} INFO - [2025-03-12T14:18:59.949+0000] {dag.py:3239} INFO - Sync 1 DAGs
[2025-03-12T14:18:59.959+0000] {logging_mixin.py:190} INFO - [2025-03-12T14:18:59.959+0000] {dag.py:4180} INFO - Setting next_dagrun for example_task_group_decorator to None, run_after=None
[2025-03-12T14:18:59.974+0000] {processor.py:208} INFO - Processing /home/airflow/.local/lib/python3.12/site-packages/airflow/example_dags/example_task_group_decorator.py took 0.066 seconds
[2025-03-12T14:19:33.987+0000] {processor.py:186} INFO - Started process (PID=3283) to work on /home/airflow/.local/lib/python3.12/site-packages/airflow/example_dags/example_task_group_decorator.py
[2025-03-12T14:19:33.988+0000] {processor.py:914} INFO - Processing file /home/airflow/.local/lib/python3.12/site-packages/airflow/example_dags/example_task_group_decorator.py for tasks to queue
[2025-03-12T14:19:33.990+0000] {logging_mixin.py:190} INFO - [2025-03-12T14:19:33.990+0000] {dagbag.py:588} INFO - Filling up the DagBag from /home/airflow/.local/lib/python3.12/site-packages/airflow/example_dags/example_task_group_decorator.py
[2025-03-12T14:19:34.004+0000] {processor.py:925} INFO - DAG(s) 'example_task_group_decorator' retrieved from /home/airflow/.local/lib/python3.12/site-packages/airflow/example_dags/example_task_group_decorator.py
[2025-03-12T14:19:34.023+0000] {logging_mixin.py:190} INFO - [2025-03-12T14:19:34.023+0000] {dag.py:3239} INFO - Sync 1 DAGs
[2025-03-12T14:19:34.035+0000] {logging_mixin.py:190} INFO - [2025-03-12T14:19:34.034+0000] {dag.py:4180} INFO - Setting next_dagrun for example_task_group_decorator to None, run_after=None
[2025-03-12T14:19:34.052+0000] {processor.py:208} INFO - Processing /home/airflow/.local/lib/python3.12/site-packages/airflow/example_dags/example_task_group_decorator.py took 0.069 seconds
