[2025-03-12T13:44:58.571+0000] {processor.py:186} INFO - Started process (PID=287) to work on /home/airflow/.local/lib/python3.12/site-packages/airflow/example_dags/example_branch_python_dop_operator_3.py
[2025-03-12T13:44:58.572+0000] {processor.py:914} INFO - Processing file /home/airflow/.local/lib/python3.12/site-packages/airflow/example_dags/example_branch_python_dop_operator_3.py for tasks to queue
[2025-03-12T13:44:58.575+0000] {logging_mixin.py:190} INFO - [2025-03-12T13:44:58.574+0000] {dagbag.py:588} INFO - Filling up the DagBag from /home/airflow/.local/lib/python3.12/site-packages/airflow/example_dags/example_branch_python_dop_operator_3.py
[2025-03-12T13:44:58.585+0000] {processor.py:925} INFO - DAG(s) 'example_branch_dop_operator_v3' retrieved from /home/airflow/.local/lib/python3.12/site-packages/airflow/example_dags/example_branch_python_dop_operator_3.py
[2025-03-12T13:44:58.684+0000] {logging_mixin.py:190} INFO - [2025-03-12T13:44:58.683+0000] {override.py:1912} INFO - Created Permission View: can edit on DAG:example_branch_dop_operator_v3
[2025-03-12T13:44:58.693+0000] {logging_mixin.py:190} INFO - [2025-03-12T13:44:58.692+0000] {override.py:1912} INFO - Created Permission View: can delete on DAG:example_branch_dop_operator_v3
[2025-03-12T13:44:58.698+0000] {logging_mixin.py:190} INFO - [2025-03-12T13:44:58.698+0000] {override.py:1912} INFO - Created Permission View: can read on DAG:example_branch_dop_operator_v3
[2025-03-12T13:44:58.705+0000] {logging_mixin.py:190} INFO - [2025-03-12T13:44:58.705+0000] {override.py:1912} INFO - Created Permission View: can delete on DAG Run:example_branch_dop_operator_v3
[2025-03-12T13:44:58.711+0000] {logging_mixin.py:190} INFO - [2025-03-12T13:44:58.711+0000] {override.py:1912} INFO - Created Permission View: menu access on DAG Run:example_branch_dop_operator_v3
[2025-03-12T13:44:58.718+0000] {logging_mixin.py:190} INFO - [2025-03-12T13:44:58.717+0000] {override.py:1912} INFO - Created Permission View: can create on DAG Run:example_branch_dop_operator_v3
[2025-03-12T13:44:58.723+0000] {logging_mixin.py:190} INFO - [2025-03-12T13:44:58.723+0000] {override.py:1912} INFO - Created Permission View: can read on DAG Run:example_branch_dop_operator_v3
[2025-03-12T13:44:58.724+0000] {logging_mixin.py:190} INFO - [2025-03-12T13:44:58.724+0000] {dag.py:3239} INFO - Sync 1 DAGs
[2025-03-12T13:44:58.736+0000] {logging_mixin.py:190} INFO - [2025-03-12T13:44:58.736+0000] {dag.py:3262} INFO - Creating ORM DAG for example_branch_dop_operator_v3
[2025-03-12T13:44:58.751+0000] {logging_mixin.py:190} INFO - [2025-03-12T13:44:58.751+0000] {dag.py:4180} INFO - Setting next_dagrun for example_branch_dop_operator_v3 to 2025-03-12 13:43:00+00:00, run_after=2025-03-12 13:44:00+00:00
[2025-03-12T13:44:58.767+0000] {processor.py:208} INFO - Processing /home/airflow/.local/lib/python3.12/site-packages/airflow/example_dags/example_branch_python_dop_operator_3.py took 0.201 seconds
[2025-03-12T13:45:29.099+0000] {processor.py:186} INFO - Started process (PID=584) to work on /home/airflow/.local/lib/python3.12/site-packages/airflow/example_dags/example_branch_python_dop_operator_3.py
[2025-03-12T13:45:29.100+0000] {processor.py:914} INFO - Processing file /home/airflow/.local/lib/python3.12/site-packages/airflow/example_dags/example_branch_python_dop_operator_3.py for tasks to queue
[2025-03-12T13:45:29.102+0000] {logging_mixin.py:190} INFO - [2025-03-12T13:45:29.102+0000] {dagbag.py:588} INFO - Filling up the DagBag from /home/airflow/.local/lib/python3.12/site-packages/airflow/example_dags/example_branch_python_dop_operator_3.py
[2025-03-12T13:45:29.110+0000] {processor.py:925} INFO - DAG(s) 'example_branch_dop_operator_v3' retrieved from /home/airflow/.local/lib/python3.12/site-packages/airflow/example_dags/example_branch_python_dop_operator_3.py
[2025-03-12T13:45:29.125+0000] {logging_mixin.py:190} INFO - [2025-03-12T13:45:29.125+0000] {dag.py:3239} INFO - Sync 1 DAGs
[2025-03-12T13:45:29.143+0000] {logging_mixin.py:190} INFO - [2025-03-12T13:45:29.143+0000] {dag.py:4180} INFO - Setting next_dagrun for example_branch_dop_operator_v3 to 2025-03-12 13:44:00+00:00, run_after=2025-03-12 13:45:00+00:00
[2025-03-12T13:45:29.158+0000] {processor.py:208} INFO - Processing /home/airflow/.local/lib/python3.12/site-packages/airflow/example_dags/example_branch_python_dop_operator_3.py took 0.063 seconds
[2025-03-12T13:45:59.822+0000] {processor.py:186} INFO - Started process (PID=890) to work on /home/airflow/.local/lib/python3.12/site-packages/airflow/example_dags/example_branch_python_dop_operator_3.py
[2025-03-12T13:45:59.823+0000] {processor.py:914} INFO - Processing file /home/airflow/.local/lib/python3.12/site-packages/airflow/example_dags/example_branch_python_dop_operator_3.py for tasks to queue
[2025-03-12T13:45:59.825+0000] {logging_mixin.py:190} INFO - [2025-03-12T13:45:59.824+0000] {dagbag.py:588} INFO - Filling up the DagBag from /home/airflow/.local/lib/python3.12/site-packages/airflow/example_dags/example_branch_python_dop_operator_3.py
[2025-03-12T13:45:59.834+0000] {processor.py:925} INFO - DAG(s) 'example_branch_dop_operator_v3' retrieved from /home/airflow/.local/lib/python3.12/site-packages/airflow/example_dags/example_branch_python_dop_operator_3.py
[2025-03-12T13:45:59.850+0000] {logging_mixin.py:190} INFO - [2025-03-12T13:45:59.850+0000] {dag.py:3239} INFO - Sync 1 DAGs
[2025-03-12T13:45:59.872+0000] {logging_mixin.py:190} INFO - [2025-03-12T13:45:59.872+0000] {dag.py:4180} INFO - Setting next_dagrun for example_branch_dop_operator_v3 to 2025-03-12 13:44:00+00:00, run_after=2025-03-12 13:45:00+00:00
[2025-03-12T13:45:59.892+0000] {processor.py:208} INFO - Processing /home/airflow/.local/lib/python3.12/site-packages/airflow/example_dags/example_branch_python_dop_operator_3.py took 0.074 seconds
[2025-03-12T13:47:02.392+0000] {processor.py:186} INFO - Started process (PID=268) to work on /home/airflow/.local/lib/python3.12/site-packages/airflow/example_dags/example_branch_python_dop_operator_3.py
[2025-03-12T13:47:02.393+0000] {processor.py:914} INFO - Processing file /home/airflow/.local/lib/python3.12/site-packages/airflow/example_dags/example_branch_python_dop_operator_3.py for tasks to queue
[2025-03-12T13:47:02.396+0000] {logging_mixin.py:190} INFO - [2025-03-12T13:47:02.396+0000] {dagbag.py:588} INFO - Filling up the DagBag from /home/airflow/.local/lib/python3.12/site-packages/airflow/example_dags/example_branch_python_dop_operator_3.py
[2025-03-12T13:47:02.417+0000] {processor.py:925} INFO - DAG(s) 'example_branch_dop_operator_v3' retrieved from /home/airflow/.local/lib/python3.12/site-packages/airflow/example_dags/example_branch_python_dop_operator_3.py
[2025-03-12T13:47:02.459+0000] {logging_mixin.py:190} INFO - [2025-03-12T13:47:02.459+0000] {dag.py:3239} INFO - Sync 1 DAGs
[2025-03-12T13:47:02.503+0000] {logging_mixin.py:190} INFO - [2025-03-12T13:47:02.503+0000] {dag.py:4180} INFO - Setting next_dagrun for example_branch_dop_operator_v3 to 2025-03-12 13:46:00+00:00, run_after=2025-03-12 13:47:00+00:00
[2025-03-12T13:47:02.529+0000] {processor.py:208} INFO - Processing /home/airflow/.local/lib/python3.12/site-packages/airflow/example_dags/example_branch_python_dop_operator_3.py took 0.144 seconds
[2025-03-12T13:47:33.809+0000] {processor.py:186} INFO - Started process (PID=576) to work on /home/airflow/.local/lib/python3.12/site-packages/airflow/example_dags/example_branch_python_dop_operator_3.py
[2025-03-12T13:47:33.811+0000] {processor.py:914} INFO - Processing file /home/airflow/.local/lib/python3.12/site-packages/airflow/example_dags/example_branch_python_dop_operator_3.py for tasks to queue
[2025-03-12T13:47:33.812+0000] {logging_mixin.py:190} INFO - [2025-03-12T13:47:33.812+0000] {dagbag.py:588} INFO - Filling up the DagBag from /home/airflow/.local/lib/python3.12/site-packages/airflow/example_dags/example_branch_python_dop_operator_3.py
[2025-03-12T13:47:33.820+0000] {processor.py:925} INFO - DAG(s) 'example_branch_dop_operator_v3' retrieved from /home/airflow/.local/lib/python3.12/site-packages/airflow/example_dags/example_branch_python_dop_operator_3.py
[2025-03-12T13:47:33.838+0000] {logging_mixin.py:190} INFO - [2025-03-12T13:47:33.837+0000] {dag.py:3239} INFO - Sync 1 DAGs
[2025-03-12T13:47:33.858+0000] {logging_mixin.py:190} INFO - [2025-03-12T13:47:33.858+0000] {dag.py:4180} INFO - Setting next_dagrun for example_branch_dop_operator_v3 to 2025-03-12 13:46:00+00:00, run_after=2025-03-12 13:47:00+00:00
[2025-03-12T13:47:33.873+0000] {processor.py:208} INFO - Processing /home/airflow/.local/lib/python3.12/site-packages/airflow/example_dags/example_branch_python_dop_operator_3.py took 0.068 seconds
[2025-03-12T13:48:04.371+0000] {processor.py:186} INFO - Started process (PID=880) to work on /home/airflow/.local/lib/python3.12/site-packages/airflow/example_dags/example_branch_python_dop_operator_3.py
[2025-03-12T13:48:04.372+0000] {processor.py:914} INFO - Processing file /home/airflow/.local/lib/python3.12/site-packages/airflow/example_dags/example_branch_python_dop_operator_3.py for tasks to queue
[2025-03-12T13:48:04.373+0000] {logging_mixin.py:190} INFO - [2025-03-12T13:48:04.373+0000] {dagbag.py:588} INFO - Filling up the DagBag from /home/airflow/.local/lib/python3.12/site-packages/airflow/example_dags/example_branch_python_dop_operator_3.py
[2025-03-12T13:48:04.381+0000] {processor.py:925} INFO - DAG(s) 'example_branch_dop_operator_v3' retrieved from /home/airflow/.local/lib/python3.12/site-packages/airflow/example_dags/example_branch_python_dop_operator_3.py
[2025-03-12T13:48:04.396+0000] {logging_mixin.py:190} INFO - [2025-03-12T13:48:04.396+0000] {dag.py:3239} INFO - Sync 1 DAGs
[2025-03-12T13:48:04.416+0000] {logging_mixin.py:190} INFO - [2025-03-12T13:48:04.416+0000] {dag.py:4180} INFO - Setting next_dagrun for example_branch_dop_operator_v3 to 2025-03-12 13:47:00+00:00, run_after=2025-03-12 13:48:00+00:00
[2025-03-12T13:48:04.434+0000] {processor.py:208} INFO - Processing /home/airflow/.local/lib/python3.12/site-packages/airflow/example_dags/example_branch_python_dop_operator_3.py took 0.067 seconds
[2025-03-12T13:48:34.609+0000] {processor.py:186} INFO - Started process (PID=1183) to work on /home/airflow/.local/lib/python3.12/site-packages/airflow/example_dags/example_branch_python_dop_operator_3.py
[2025-03-12T13:48:34.610+0000] {processor.py:914} INFO - Processing file /home/airflow/.local/lib/python3.12/site-packages/airflow/example_dags/example_branch_python_dop_operator_3.py for tasks to queue
[2025-03-12T13:48:34.612+0000] {logging_mixin.py:190} INFO - [2025-03-12T13:48:34.611+0000] {dagbag.py:588} INFO - Filling up the DagBag from /home/airflow/.local/lib/python3.12/site-packages/airflow/example_dags/example_branch_python_dop_operator_3.py
[2025-03-12T13:48:34.619+0000] {processor.py:925} INFO - DAG(s) 'example_branch_dop_operator_v3' retrieved from /home/airflow/.local/lib/python3.12/site-packages/airflow/example_dags/example_branch_python_dop_operator_3.py
[2025-03-12T13:48:34.634+0000] {logging_mixin.py:190} INFO - [2025-03-12T13:48:34.633+0000] {dag.py:3239} INFO - Sync 1 DAGs
[2025-03-12T13:48:34.652+0000] {logging_mixin.py:190} INFO - [2025-03-12T13:48:34.652+0000] {dag.py:4180} INFO - Setting next_dagrun for example_branch_dop_operator_v3 to 2025-03-12 13:47:00+00:00, run_after=2025-03-12 13:48:00+00:00
[2025-03-12T13:48:34.668+0000] {processor.py:208} INFO - Processing /home/airflow/.local/lib/python3.12/site-packages/airflow/example_dags/example_branch_python_dop_operator_3.py took 0.063 seconds
[2025-03-12T13:49:05.422+0000] {processor.py:186} INFO - Started process (PID=1490) to work on /home/airflow/.local/lib/python3.12/site-packages/airflow/example_dags/example_branch_python_dop_operator_3.py
[2025-03-12T13:49:05.423+0000] {processor.py:914} INFO - Processing file /home/airflow/.local/lib/python3.12/site-packages/airflow/example_dags/example_branch_python_dop_operator_3.py for tasks to queue
[2025-03-12T13:49:05.424+0000] {logging_mixin.py:190} INFO - [2025-03-12T13:49:05.424+0000] {dagbag.py:588} INFO - Filling up the DagBag from /home/airflow/.local/lib/python3.12/site-packages/airflow/example_dags/example_branch_python_dop_operator_3.py
[2025-03-12T13:49:05.433+0000] {processor.py:925} INFO - DAG(s) 'example_branch_dop_operator_v3' retrieved from /home/airflow/.local/lib/python3.12/site-packages/airflow/example_dags/example_branch_python_dop_operator_3.py
[2025-03-12T13:49:05.446+0000] {logging_mixin.py:190} INFO - [2025-03-12T13:49:05.446+0000] {dag.py:3239} INFO - Sync 1 DAGs
[2025-03-12T13:49:05.463+0000] {logging_mixin.py:190} INFO - [2025-03-12T13:49:05.463+0000] {dag.py:4180} INFO - Setting next_dagrun for example_branch_dop_operator_v3 to 2025-03-12 13:48:00+00:00, run_after=2025-03-12 13:49:00+00:00
[2025-03-12T13:49:05.479+0000] {processor.py:208} INFO - Processing /home/airflow/.local/lib/python3.12/site-packages/airflow/example_dags/example_branch_python_dop_operator_3.py took 0.061 seconds
[2025-03-12T13:49:36.134+0000] {processor.py:186} INFO - Started process (PID=1796) to work on /home/airflow/.local/lib/python3.12/site-packages/airflow/example_dags/example_branch_python_dop_operator_3.py
[2025-03-12T13:49:36.135+0000] {processor.py:914} INFO - Processing file /home/airflow/.local/lib/python3.12/site-packages/airflow/example_dags/example_branch_python_dop_operator_3.py for tasks to queue
[2025-03-12T13:49:36.137+0000] {logging_mixin.py:190} INFO - [2025-03-12T13:49:36.136+0000] {dagbag.py:588} INFO - Filling up the DagBag from /home/airflow/.local/lib/python3.12/site-packages/airflow/example_dags/example_branch_python_dop_operator_3.py
[2025-03-12T13:49:36.149+0000] {processor.py:925} INFO - DAG(s) 'example_branch_dop_operator_v3' retrieved from /home/airflow/.local/lib/python3.12/site-packages/airflow/example_dags/example_branch_python_dop_operator_3.py
[2025-03-12T13:49:36.164+0000] {logging_mixin.py:190} INFO - [2025-03-12T13:49:36.164+0000] {dag.py:3239} INFO - Sync 1 DAGs
[2025-03-12T13:49:36.192+0000] {logging_mixin.py:190} INFO - [2025-03-12T13:49:36.192+0000] {dag.py:4180} INFO - Setting next_dagrun for example_branch_dop_operator_v3 to 2025-03-12 13:48:00+00:00, run_after=2025-03-12 13:49:00+00:00
[2025-03-12T13:49:36.211+0000] {processor.py:208} INFO - Processing /home/airflow/.local/lib/python3.12/site-packages/airflow/example_dags/example_branch_python_dop_operator_3.py took 0.082 seconds
[2025-03-12T13:50:07.125+0000] {processor.py:186} INFO - Started process (PID=2102) to work on /home/airflow/.local/lib/python3.12/site-packages/airflow/example_dags/example_branch_python_dop_operator_3.py
[2025-03-12T13:50:07.127+0000] {processor.py:914} INFO - Processing file /home/airflow/.local/lib/python3.12/site-packages/airflow/example_dags/example_branch_python_dop_operator_3.py for tasks to queue
[2025-03-12T13:50:07.129+0000] {logging_mixin.py:190} INFO - [2025-03-12T13:50:07.128+0000] {dagbag.py:588} INFO - Filling up the DagBag from /home/airflow/.local/lib/python3.12/site-packages/airflow/example_dags/example_branch_python_dop_operator_3.py
[2025-03-12T13:50:07.139+0000] {processor.py:925} INFO - DAG(s) 'example_branch_dop_operator_v3' retrieved from /home/airflow/.local/lib/python3.12/site-packages/airflow/example_dags/example_branch_python_dop_operator_3.py
[2025-03-12T13:50:07.156+0000] {logging_mixin.py:190} INFO - [2025-03-12T13:50:07.156+0000] {dag.py:3239} INFO - Sync 1 DAGs
[2025-03-12T13:50:07.182+0000] {logging_mixin.py:190} INFO - [2025-03-12T13:50:07.181+0000] {dag.py:4180} INFO - Setting next_dagrun for example_branch_dop_operator_v3 to 2025-03-12 13:49:00+00:00, run_after=2025-03-12 13:50:00+00:00
[2025-03-12T13:50:07.198+0000] {processor.py:208} INFO - Processing /home/airflow/.local/lib/python3.12/site-packages/airflow/example_dags/example_branch_python_dop_operator_3.py took 0.078 seconds
[2025-03-12T13:50:41.304+0000] {processor.py:186} INFO - Started process (PID=2412) to work on /home/airflow/.local/lib/python3.12/site-packages/airflow/example_dags/example_branch_python_dop_operator_3.py
[2025-03-12T13:50:41.305+0000] {processor.py:914} INFO - Processing file /home/airflow/.local/lib/python3.12/site-packages/airflow/example_dags/example_branch_python_dop_operator_3.py for tasks to queue
[2025-03-12T13:50:41.307+0000] {logging_mixin.py:190} INFO - [2025-03-12T13:50:41.307+0000] {dagbag.py:588} INFO - Filling up the DagBag from /home/airflow/.local/lib/python3.12/site-packages/airflow/example_dags/example_branch_python_dop_operator_3.py
[2025-03-12T13:50:41.315+0000] {processor.py:925} INFO - DAG(s) 'example_branch_dop_operator_v3' retrieved from /home/airflow/.local/lib/python3.12/site-packages/airflow/example_dags/example_branch_python_dop_operator_3.py
[2025-03-12T13:50:41.333+0000] {logging_mixin.py:190} INFO - [2025-03-12T13:50:41.333+0000] {dag.py:3239} INFO - Sync 1 DAGs
[2025-03-12T13:50:41.357+0000] {logging_mixin.py:190} INFO - [2025-03-12T13:50:41.357+0000] {dag.py:4180} INFO - Setting next_dagrun for example_branch_dop_operator_v3 to 2025-03-12 13:49:00+00:00, run_after=2025-03-12 13:50:00+00:00
[2025-03-12T13:50:41.421+0000] {processor.py:208} INFO - Processing /home/airflow/.local/lib/python3.12/site-packages/airflow/example_dags/example_branch_python_dop_operator_3.py took 0.122 seconds
[2025-03-12T13:51:14.255+0000] {processor.py:186} INFO - Started process (PID=2718) to work on /home/airflow/.local/lib/python3.12/site-packages/airflow/example_dags/example_branch_python_dop_operator_3.py
[2025-03-12T13:51:14.256+0000] {processor.py:914} INFO - Processing file /home/airflow/.local/lib/python3.12/site-packages/airflow/example_dags/example_branch_python_dop_operator_3.py for tasks to queue
[2025-03-12T13:51:14.258+0000] {logging_mixin.py:190} INFO - [2025-03-12T13:51:14.258+0000] {dagbag.py:588} INFO - Filling up the DagBag from /home/airflow/.local/lib/python3.12/site-packages/airflow/example_dags/example_branch_python_dop_operator_3.py
[2025-03-12T13:51:14.266+0000] {processor.py:925} INFO - DAG(s) 'example_branch_dop_operator_v3' retrieved from /home/airflow/.local/lib/python3.12/site-packages/airflow/example_dags/example_branch_python_dop_operator_3.py
[2025-03-12T13:51:14.283+0000] {logging_mixin.py:190} INFO - [2025-03-12T13:51:14.283+0000] {dag.py:3239} INFO - Sync 1 DAGs
[2025-03-12T13:51:14.302+0000] {logging_mixin.py:190} INFO - [2025-03-12T13:51:14.302+0000] {dag.py:4180} INFO - Setting next_dagrun for example_branch_dop_operator_v3 to 2025-03-12 13:50:00+00:00, run_after=2025-03-12 13:51:00+00:00
[2025-03-12T13:51:14.318+0000] {processor.py:208} INFO - Processing /home/airflow/.local/lib/python3.12/site-packages/airflow/example_dags/example_branch_python_dop_operator_3.py took 0.067 seconds
[2025-03-12T13:51:47.166+0000] {processor.py:186} INFO - Started process (PID=3024) to work on /home/airflow/.local/lib/python3.12/site-packages/airflow/example_dags/example_branch_python_dop_operator_3.py
[2025-03-12T13:51:47.167+0000] {processor.py:914} INFO - Processing file /home/airflow/.local/lib/python3.12/site-packages/airflow/example_dags/example_branch_python_dop_operator_3.py for tasks to queue
[2025-03-12T13:51:47.170+0000] {logging_mixin.py:190} INFO - [2025-03-12T13:51:47.170+0000] {dagbag.py:588} INFO - Filling up the DagBag from /home/airflow/.local/lib/python3.12/site-packages/airflow/example_dags/example_branch_python_dop_operator_3.py
[2025-03-12T13:51:47.180+0000] {processor.py:925} INFO - DAG(s) 'example_branch_dop_operator_v3' retrieved from /home/airflow/.local/lib/python3.12/site-packages/airflow/example_dags/example_branch_python_dop_operator_3.py
[2025-03-12T13:51:47.204+0000] {logging_mixin.py:190} INFO - [2025-03-12T13:51:47.203+0000] {dag.py:3239} INFO - Sync 1 DAGs
[2025-03-12T13:51:47.233+0000] {logging_mixin.py:190} INFO - [2025-03-12T13:51:47.232+0000] {dag.py:4180} INFO - Setting next_dagrun for example_branch_dop_operator_v3 to 2025-03-12 13:50:00+00:00, run_after=2025-03-12 13:51:00+00:00
[2025-03-12T13:51:47.257+0000] {processor.py:208} INFO - Processing /home/airflow/.local/lib/python3.12/site-packages/airflow/example_dags/example_branch_python_dop_operator_3.py took 0.096 seconds
[2025-03-12T13:52:20.850+0000] {processor.py:186} INFO - Started process (PID=3330) to work on /home/airflow/.local/lib/python3.12/site-packages/airflow/example_dags/example_branch_python_dop_operator_3.py
[2025-03-12T13:52:20.851+0000] {processor.py:914} INFO - Processing file /home/airflow/.local/lib/python3.12/site-packages/airflow/example_dags/example_branch_python_dop_operator_3.py for tasks to queue
[2025-03-12T13:52:20.853+0000] {logging_mixin.py:190} INFO - [2025-03-12T13:52:20.852+0000] {dagbag.py:588} INFO - Filling up the DagBag from /home/airflow/.local/lib/python3.12/site-packages/airflow/example_dags/example_branch_python_dop_operator_3.py
[2025-03-12T13:52:20.861+0000] {processor.py:925} INFO - DAG(s) 'example_branch_dop_operator_v3' retrieved from /home/airflow/.local/lib/python3.12/site-packages/airflow/example_dags/example_branch_python_dop_operator_3.py
[2025-03-12T13:52:20.876+0000] {logging_mixin.py:190} INFO - [2025-03-12T13:52:20.876+0000] {dag.py:3239} INFO - Sync 1 DAGs
[2025-03-12T13:52:20.895+0000] {logging_mixin.py:190} INFO - [2025-03-12T13:52:20.895+0000] {dag.py:4180} INFO - Setting next_dagrun for example_branch_dop_operator_v3 to 2025-03-12 13:51:00+00:00, run_after=2025-03-12 13:52:00+00:00
[2025-03-12T13:52:20.912+0000] {processor.py:208} INFO - Processing /home/airflow/.local/lib/python3.12/site-packages/airflow/example_dags/example_branch_python_dop_operator_3.py took 0.065 seconds
[2025-03-12T13:52:55.117+0000] {processor.py:186} INFO - Started process (PID=3636) to work on /home/airflow/.local/lib/python3.12/site-packages/airflow/example_dags/example_branch_python_dop_operator_3.py
[2025-03-12T13:52:55.119+0000] {processor.py:914} INFO - Processing file /home/airflow/.local/lib/python3.12/site-packages/airflow/example_dags/example_branch_python_dop_operator_3.py for tasks to queue
[2025-03-12T13:52:55.123+0000] {logging_mixin.py:190} INFO - [2025-03-12T13:52:55.122+0000] {dagbag.py:588} INFO - Filling up the DagBag from /home/airflow/.local/lib/python3.12/site-packages/airflow/example_dags/example_branch_python_dop_operator_3.py
[2025-03-12T13:52:55.142+0000] {processor.py:925} INFO - DAG(s) 'example_branch_dop_operator_v3' retrieved from /home/airflow/.local/lib/python3.12/site-packages/airflow/example_dags/example_branch_python_dop_operator_3.py
[2025-03-12T13:52:55.173+0000] {logging_mixin.py:190} INFO - [2025-03-12T13:52:55.173+0000] {dag.py:3239} INFO - Sync 1 DAGs
[2025-03-12T13:52:55.219+0000] {logging_mixin.py:190} INFO - [2025-03-12T13:52:55.218+0000] {dag.py:4180} INFO - Setting next_dagrun for example_branch_dop_operator_v3 to 2025-03-12 13:51:00+00:00, run_after=2025-03-12 13:52:00+00:00
[2025-03-12T13:52:55.250+0000] {processor.py:208} INFO - Processing /home/airflow/.local/lib/python3.12/site-packages/airflow/example_dags/example_branch_python_dop_operator_3.py took 0.141 seconds
[2025-03-12T13:53:27.401+0000] {processor.py:186} INFO - Started process (PID=3942) to work on /home/airflow/.local/lib/python3.12/site-packages/airflow/example_dags/example_branch_python_dop_operator_3.py
[2025-03-12T13:53:27.402+0000] {processor.py:914} INFO - Processing file /home/airflow/.local/lib/python3.12/site-packages/airflow/example_dags/example_branch_python_dop_operator_3.py for tasks to queue
[2025-03-12T13:53:27.405+0000] {logging_mixin.py:190} INFO - [2025-03-12T13:53:27.404+0000] {dagbag.py:588} INFO - Filling up the DagBag from /home/airflow/.local/lib/python3.12/site-packages/airflow/example_dags/example_branch_python_dop_operator_3.py
[2025-03-12T13:53:27.416+0000] {processor.py:925} INFO - DAG(s) 'example_branch_dop_operator_v3' retrieved from /home/airflow/.local/lib/python3.12/site-packages/airflow/example_dags/example_branch_python_dop_operator_3.py
[2025-03-12T13:53:27.443+0000] {logging_mixin.py:190} INFO - [2025-03-12T13:53:27.443+0000] {dag.py:3239} INFO - Sync 1 DAGs
[2025-03-12T13:53:27.478+0000] {logging_mixin.py:190} INFO - [2025-03-12T13:53:27.477+0000] {dag.py:4180} INFO - Setting next_dagrun for example_branch_dop_operator_v3 to 2025-03-12 13:52:00+00:00, run_after=2025-03-12 13:53:00+00:00
[2025-03-12T13:53:27.503+0000] {processor.py:208} INFO - Processing /home/airflow/.local/lib/python3.12/site-packages/airflow/example_dags/example_branch_python_dop_operator_3.py took 0.108 seconds
[2025-03-12T13:54:00.756+0000] {processor.py:186} INFO - Started process (PID=4248) to work on /home/airflow/.local/lib/python3.12/site-packages/airflow/example_dags/example_branch_python_dop_operator_3.py
[2025-03-12T13:54:00.757+0000] {processor.py:914} INFO - Processing file /home/airflow/.local/lib/python3.12/site-packages/airflow/example_dags/example_branch_python_dop_operator_3.py for tasks to queue
[2025-03-12T13:54:00.759+0000] {logging_mixin.py:190} INFO - [2025-03-12T13:54:00.759+0000] {dagbag.py:588} INFO - Filling up the DagBag from /home/airflow/.local/lib/python3.12/site-packages/airflow/example_dags/example_branch_python_dop_operator_3.py
[2025-03-12T13:54:00.773+0000] {processor.py:925} INFO - DAG(s) 'example_branch_dop_operator_v3' retrieved from /home/airflow/.local/lib/python3.12/site-packages/airflow/example_dags/example_branch_python_dop_operator_3.py
[2025-03-12T13:54:00.796+0000] {logging_mixin.py:190} INFO - [2025-03-12T13:54:00.796+0000] {dag.py:3239} INFO - Sync 1 DAGs
[2025-03-12T13:54:00.829+0000] {logging_mixin.py:190} INFO - [2025-03-12T13:54:00.829+0000] {dag.py:4180} INFO - Setting next_dagrun for example_branch_dop_operator_v3 to 2025-03-12 13:53:00+00:00, run_after=2025-03-12 13:54:00+00:00
[2025-03-12T13:54:00.853+0000] {processor.py:208} INFO - Processing /home/airflow/.local/lib/python3.12/site-packages/airflow/example_dags/example_branch_python_dop_operator_3.py took 0.104 seconds
[2025-03-12T13:54:34.371+0000] {processor.py:186} INFO - Started process (PID=4554) to work on /home/airflow/.local/lib/python3.12/site-packages/airflow/example_dags/example_branch_python_dop_operator_3.py
[2025-03-12T13:54:34.372+0000] {processor.py:914} INFO - Processing file /home/airflow/.local/lib/python3.12/site-packages/airflow/example_dags/example_branch_python_dop_operator_3.py for tasks to queue
[2025-03-12T13:54:34.374+0000] {logging_mixin.py:190} INFO - [2025-03-12T13:54:34.374+0000] {dagbag.py:588} INFO - Filling up the DagBag from /home/airflow/.local/lib/python3.12/site-packages/airflow/example_dags/example_branch_python_dop_operator_3.py
[2025-03-12T13:54:34.385+0000] {processor.py:925} INFO - DAG(s) 'example_branch_dop_operator_v3' retrieved from /home/airflow/.local/lib/python3.12/site-packages/airflow/example_dags/example_branch_python_dop_operator_3.py
[2025-03-12T13:54:34.406+0000] {logging_mixin.py:190} INFO - [2025-03-12T13:54:34.405+0000] {dag.py:3239} INFO - Sync 1 DAGs
[2025-03-12T13:54:34.444+0000] {logging_mixin.py:190} INFO - [2025-03-12T13:54:34.443+0000] {dag.py:4180} INFO - Setting next_dagrun for example_branch_dop_operator_v3 to 2025-03-12 13:53:00+00:00, run_after=2025-03-12 13:54:00+00:00
[2025-03-12T13:54:34.471+0000] {processor.py:208} INFO - Processing /home/airflow/.local/lib/python3.12/site-packages/airflow/example_dags/example_branch_python_dop_operator_3.py took 0.106 seconds
[2025-03-12T13:55:08.152+0000] {processor.py:186} INFO - Started process (PID=4860) to work on /home/airflow/.local/lib/python3.12/site-packages/airflow/example_dags/example_branch_python_dop_operator_3.py
[2025-03-12T13:55:08.153+0000] {processor.py:914} INFO - Processing file /home/airflow/.local/lib/python3.12/site-packages/airflow/example_dags/example_branch_python_dop_operator_3.py for tasks to queue
[2025-03-12T13:55:08.156+0000] {logging_mixin.py:190} INFO - [2025-03-12T13:55:08.156+0000] {dagbag.py:588} INFO - Filling up the DagBag from /home/airflow/.local/lib/python3.12/site-packages/airflow/example_dags/example_branch_python_dop_operator_3.py
[2025-03-12T13:55:08.164+0000] {processor.py:925} INFO - DAG(s) 'example_branch_dop_operator_v3' retrieved from /home/airflow/.local/lib/python3.12/site-packages/airflow/example_dags/example_branch_python_dop_operator_3.py
[2025-03-12T13:55:08.184+0000] {logging_mixin.py:190} INFO - [2025-03-12T13:55:08.183+0000] {dag.py:3239} INFO - Sync 1 DAGs
[2025-03-12T13:55:08.203+0000] {logging_mixin.py:190} INFO - [2025-03-12T13:55:08.203+0000] {dag.py:4180} INFO - Setting next_dagrun for example_branch_dop_operator_v3 to 2025-03-12 13:54:00+00:00, run_after=2025-03-12 13:55:00+00:00
[2025-03-12T13:55:08.221+0000] {processor.py:208} INFO - Processing /home/airflow/.local/lib/python3.12/site-packages/airflow/example_dags/example_branch_python_dop_operator_3.py took 0.074 seconds
[2025-03-12T13:55:40.529+0000] {processor.py:186} INFO - Started process (PID=5166) to work on /home/airflow/.local/lib/python3.12/site-packages/airflow/example_dags/example_branch_python_dop_operator_3.py
[2025-03-12T13:55:40.530+0000] {processor.py:914} INFO - Processing file /home/airflow/.local/lib/python3.12/site-packages/airflow/example_dags/example_branch_python_dop_operator_3.py for tasks to queue
[2025-03-12T13:55:40.532+0000] {logging_mixin.py:190} INFO - [2025-03-12T13:55:40.532+0000] {dagbag.py:588} INFO - Filling up the DagBag from /home/airflow/.local/lib/python3.12/site-packages/airflow/example_dags/example_branch_python_dop_operator_3.py
[2025-03-12T13:55:40.542+0000] {processor.py:925} INFO - DAG(s) 'example_branch_dop_operator_v3' retrieved from /home/airflow/.local/lib/python3.12/site-packages/airflow/example_dags/example_branch_python_dop_operator_3.py
[2025-03-12T13:55:40.560+0000] {logging_mixin.py:190} INFO - [2025-03-12T13:55:40.560+0000] {dag.py:3239} INFO - Sync 1 DAGs
[2025-03-12T13:55:40.582+0000] {logging_mixin.py:190} INFO - [2025-03-12T13:55:40.582+0000] {dag.py:4180} INFO - Setting next_dagrun for example_branch_dop_operator_v3 to 2025-03-12 13:54:00+00:00, run_after=2025-03-12 13:55:00+00:00
[2025-03-12T13:55:40.598+0000] {processor.py:208} INFO - Processing /home/airflow/.local/lib/python3.12/site-packages/airflow/example_dags/example_branch_python_dop_operator_3.py took 0.074 seconds
[2025-03-12T13:56:14.408+0000] {processor.py:186} INFO - Started process (PID=5472) to work on /home/airflow/.local/lib/python3.12/site-packages/airflow/example_dags/example_branch_python_dop_operator_3.py
[2025-03-12T13:56:14.409+0000] {processor.py:914} INFO - Processing file /home/airflow/.local/lib/python3.12/site-packages/airflow/example_dags/example_branch_python_dop_operator_3.py for tasks to queue
[2025-03-12T13:56:14.411+0000] {logging_mixin.py:190} INFO - [2025-03-12T13:56:14.410+0000] {dagbag.py:588} INFO - Filling up the DagBag from /home/airflow/.local/lib/python3.12/site-packages/airflow/example_dags/example_branch_python_dop_operator_3.py
[2025-03-12T13:56:14.418+0000] {processor.py:925} INFO - DAG(s) 'example_branch_dop_operator_v3' retrieved from /home/airflow/.local/lib/python3.12/site-packages/airflow/example_dags/example_branch_python_dop_operator_3.py
[2025-03-12T13:56:14.434+0000] {logging_mixin.py:190} INFO - [2025-03-12T13:56:14.434+0000] {dag.py:3239} INFO - Sync 1 DAGs
[2025-03-12T13:56:14.453+0000] {logging_mixin.py:190} INFO - [2025-03-12T13:56:14.453+0000] {dag.py:4180} INFO - Setting next_dagrun for example_branch_dop_operator_v3 to 2025-03-12 13:55:00+00:00, run_after=2025-03-12 13:56:00+00:00
[2025-03-12T13:56:14.467+0000] {processor.py:208} INFO - Processing /home/airflow/.local/lib/python3.12/site-packages/airflow/example_dags/example_branch_python_dop_operator_3.py took 0.063 seconds
[2025-03-12T13:56:47.524+0000] {processor.py:186} INFO - Started process (PID=5778) to work on /home/airflow/.local/lib/python3.12/site-packages/airflow/example_dags/example_branch_python_dop_operator_3.py
[2025-03-12T13:56:47.526+0000] {processor.py:914} INFO - Processing file /home/airflow/.local/lib/python3.12/site-packages/airflow/example_dags/example_branch_python_dop_operator_3.py for tasks to queue
[2025-03-12T13:56:47.529+0000] {logging_mixin.py:190} INFO - [2025-03-12T13:56:47.528+0000] {dagbag.py:588} INFO - Filling up the DagBag from /home/airflow/.local/lib/python3.12/site-packages/airflow/example_dags/example_branch_python_dop_operator_3.py
[2025-03-12T13:56:47.538+0000] {processor.py:925} INFO - DAG(s) 'example_branch_dop_operator_v3' retrieved from /home/airflow/.local/lib/python3.12/site-packages/airflow/example_dags/example_branch_python_dop_operator_3.py
[2025-03-12T13:56:47.564+0000] {logging_mixin.py:190} INFO - [2025-03-12T13:56:47.564+0000] {dag.py:3239} INFO - Sync 1 DAGs
[2025-03-12T13:56:47.598+0000] {logging_mixin.py:190} INFO - [2025-03-12T13:56:47.596+0000] {dag.py:4180} INFO - Setting next_dagrun for example_branch_dop_operator_v3 to 2025-03-12 13:55:00+00:00, run_after=2025-03-12 13:56:00+00:00
[2025-03-12T13:56:47.614+0000] {processor.py:208} INFO - Processing /home/airflow/.local/lib/python3.12/site-packages/airflow/example_dags/example_branch_python_dop_operator_3.py took 0.095 seconds
[2025-03-12T13:57:20.982+0000] {processor.py:186} INFO - Started process (PID=6084) to work on /home/airflow/.local/lib/python3.12/site-packages/airflow/example_dags/example_branch_python_dop_operator_3.py
[2025-03-12T13:57:20.983+0000] {processor.py:914} INFO - Processing file /home/airflow/.local/lib/python3.12/site-packages/airflow/example_dags/example_branch_python_dop_operator_3.py for tasks to queue
[2025-03-12T13:57:20.986+0000] {logging_mixin.py:190} INFO - [2025-03-12T13:57:20.985+0000] {dagbag.py:588} INFO - Filling up the DagBag from /home/airflow/.local/lib/python3.12/site-packages/airflow/example_dags/example_branch_python_dop_operator_3.py
[2025-03-12T13:57:20.994+0000] {processor.py:925} INFO - DAG(s) 'example_branch_dop_operator_v3' retrieved from /home/airflow/.local/lib/python3.12/site-packages/airflow/example_dags/example_branch_python_dop_operator_3.py
[2025-03-12T13:57:21.012+0000] {logging_mixin.py:190} INFO - [2025-03-12T13:57:21.012+0000] {dag.py:3239} INFO - Sync 1 DAGs
[2025-03-12T13:57:21.033+0000] {logging_mixin.py:190} INFO - [2025-03-12T13:57:21.032+0000] {dag.py:4180} INFO - Setting next_dagrun for example_branch_dop_operator_v3 to 2025-03-12 13:56:00+00:00, run_after=2025-03-12 13:57:00+00:00
[2025-03-12T13:57:21.047+0000] {processor.py:208} INFO - Processing /home/airflow/.local/lib/python3.12/site-packages/airflow/example_dags/example_branch_python_dop_operator_3.py took 0.070 seconds
[2025-03-12T13:57:54.898+0000] {processor.py:186} INFO - Started process (PID=6392) to work on /home/airflow/.local/lib/python3.12/site-packages/airflow/example_dags/example_branch_python_dop_operator_3.py
[2025-03-12T13:57:54.899+0000] {processor.py:914} INFO - Processing file /home/airflow/.local/lib/python3.12/site-packages/airflow/example_dags/example_branch_python_dop_operator_3.py for tasks to queue
[2025-03-12T13:57:54.901+0000] {logging_mixin.py:190} INFO - [2025-03-12T13:57:54.901+0000] {dagbag.py:588} INFO - Filling up the DagBag from /home/airflow/.local/lib/python3.12/site-packages/airflow/example_dags/example_branch_python_dop_operator_3.py
[2025-03-12T13:57:54.911+0000] {processor.py:925} INFO - DAG(s) 'example_branch_dop_operator_v3' retrieved from /home/airflow/.local/lib/python3.12/site-packages/airflow/example_dags/example_branch_python_dop_operator_3.py
[2025-03-12T13:57:54.926+0000] {logging_mixin.py:190} INFO - [2025-03-12T13:57:54.925+0000] {dag.py:3239} INFO - Sync 1 DAGs
[2025-03-12T13:57:54.943+0000] {logging_mixin.py:190} INFO - [2025-03-12T13:57:54.943+0000] {dag.py:4180} INFO - Setting next_dagrun for example_branch_dop_operator_v3 to 2025-03-12 13:56:00+00:00, run_after=2025-03-12 13:57:00+00:00
[2025-03-12T13:57:54.958+0000] {processor.py:208} INFO - Processing /home/airflow/.local/lib/python3.12/site-packages/airflow/example_dags/example_branch_python_dop_operator_3.py took 0.064 seconds
[2025-03-12T13:58:27.716+0000] {processor.py:186} INFO - Started process (PID=6696) to work on /home/airflow/.local/lib/python3.12/site-packages/airflow/example_dags/example_branch_python_dop_operator_3.py
[2025-03-12T13:58:27.717+0000] {processor.py:914} INFO - Processing file /home/airflow/.local/lib/python3.12/site-packages/airflow/example_dags/example_branch_python_dop_operator_3.py for tasks to queue
[2025-03-12T13:58:27.718+0000] {logging_mixin.py:190} INFO - [2025-03-12T13:58:27.718+0000] {dagbag.py:588} INFO - Filling up the DagBag from /home/airflow/.local/lib/python3.12/site-packages/airflow/example_dags/example_branch_python_dop_operator_3.py
[2025-03-12T13:58:27.726+0000] {processor.py:925} INFO - DAG(s) 'example_branch_dop_operator_v3' retrieved from /home/airflow/.local/lib/python3.12/site-packages/airflow/example_dags/example_branch_python_dop_operator_3.py
[2025-03-12T13:58:27.741+0000] {logging_mixin.py:190} INFO - [2025-03-12T13:58:27.740+0000] {dag.py:3239} INFO - Sync 1 DAGs
[2025-03-12T13:58:27.762+0000] {logging_mixin.py:190} INFO - [2025-03-12T13:58:27.762+0000] {dag.py:4180} INFO - Setting next_dagrun for example_branch_dop_operator_v3 to 2025-03-12 13:57:00+00:00, run_after=2025-03-12 13:58:00+00:00
[2025-03-12T13:58:27.777+0000] {processor.py:208} INFO - Processing /home/airflow/.local/lib/python3.12/site-packages/airflow/example_dags/example_branch_python_dop_operator_3.py took 0.066 seconds
[2025-03-12T13:59:01.189+0000] {processor.py:186} INFO - Started process (PID=7002) to work on /home/airflow/.local/lib/python3.12/site-packages/airflow/example_dags/example_branch_python_dop_operator_3.py
[2025-03-12T13:59:01.190+0000] {processor.py:914} INFO - Processing file /home/airflow/.local/lib/python3.12/site-packages/airflow/example_dags/example_branch_python_dop_operator_3.py for tasks to queue
[2025-03-12T13:59:01.193+0000] {logging_mixin.py:190} INFO - [2025-03-12T13:59:01.193+0000] {dagbag.py:588} INFO - Filling up the DagBag from /home/airflow/.local/lib/python3.12/site-packages/airflow/example_dags/example_branch_python_dop_operator_3.py
[2025-03-12T13:59:01.204+0000] {processor.py:925} INFO - DAG(s) 'example_branch_dop_operator_v3' retrieved from /home/airflow/.local/lib/python3.12/site-packages/airflow/example_dags/example_branch_python_dop_operator_3.py
[2025-03-12T13:59:01.224+0000] {logging_mixin.py:190} INFO - [2025-03-12T13:59:01.224+0000] {dag.py:3239} INFO - Sync 1 DAGs
[2025-03-12T13:59:01.249+0000] {logging_mixin.py:190} INFO - [2025-03-12T13:59:01.249+0000] {dag.py:4180} INFO - Setting next_dagrun for example_branch_dop_operator_v3 to 2025-03-12 13:58:00+00:00, run_after=2025-03-12 13:59:00+00:00
[2025-03-12T13:59:01.267+0000] {processor.py:208} INFO - Processing /home/airflow/.local/lib/python3.12/site-packages/airflow/example_dags/example_branch_python_dop_operator_3.py took 0.084 seconds
[2025-03-12T13:59:34.034+0000] {processor.py:186} INFO - Started process (PID=7308) to work on /home/airflow/.local/lib/python3.12/site-packages/airflow/example_dags/example_branch_python_dop_operator_3.py
[2025-03-12T13:59:34.035+0000] {processor.py:914} INFO - Processing file /home/airflow/.local/lib/python3.12/site-packages/airflow/example_dags/example_branch_python_dop_operator_3.py for tasks to queue
[2025-03-12T13:59:34.037+0000] {logging_mixin.py:190} INFO - [2025-03-12T13:59:34.036+0000] {dagbag.py:588} INFO - Filling up the DagBag from /home/airflow/.local/lib/python3.12/site-packages/airflow/example_dags/example_branch_python_dop_operator_3.py
[2025-03-12T13:59:34.045+0000] {processor.py:925} INFO - DAG(s) 'example_branch_dop_operator_v3' retrieved from /home/airflow/.local/lib/python3.12/site-packages/airflow/example_dags/example_branch_python_dop_operator_3.py
[2025-03-12T13:59:34.063+0000] {logging_mixin.py:190} INFO - [2025-03-12T13:59:34.062+0000] {dag.py:3239} INFO - Sync 1 DAGs
[2025-03-12T13:59:34.084+0000] {logging_mixin.py:190} INFO - [2025-03-12T13:59:34.084+0000] {dag.py:4180} INFO - Setting next_dagrun for example_branch_dop_operator_v3 to 2025-03-12 13:58:00+00:00, run_after=2025-03-12 13:59:00+00:00
[2025-03-12T13:59:34.118+0000] {processor.py:208} INFO - Processing /home/airflow/.local/lib/python3.12/site-packages/airflow/example_dags/example_branch_python_dop_operator_3.py took 0.088 seconds
[2025-03-12T14:00:07.893+0000] {processor.py:186} INFO - Started process (PID=7614) to work on /home/airflow/.local/lib/python3.12/site-packages/airflow/example_dags/example_branch_python_dop_operator_3.py
[2025-03-12T14:00:07.894+0000] {processor.py:914} INFO - Processing file /home/airflow/.local/lib/python3.12/site-packages/airflow/example_dags/example_branch_python_dop_operator_3.py for tasks to queue
[2025-03-12T14:00:07.896+0000] {logging_mixin.py:190} INFO - [2025-03-12T14:00:07.896+0000] {dagbag.py:588} INFO - Filling up the DagBag from /home/airflow/.local/lib/python3.12/site-packages/airflow/example_dags/example_branch_python_dop_operator_3.py
[2025-03-12T14:00:07.905+0000] {processor.py:925} INFO - DAG(s) 'example_branch_dop_operator_v3' retrieved from /home/airflow/.local/lib/python3.12/site-packages/airflow/example_dags/example_branch_python_dop_operator_3.py
[2025-03-12T14:00:07.921+0000] {logging_mixin.py:190} INFO - [2025-03-12T14:00:07.921+0000] {dag.py:3239} INFO - Sync 1 DAGs
[2025-03-12T14:00:07.946+0000] {logging_mixin.py:190} INFO - [2025-03-12T14:00:07.946+0000] {dag.py:4180} INFO - Setting next_dagrun for example_branch_dop_operator_v3 to 2025-03-12 13:59:00+00:00, run_after=2025-03-12 14:00:00+00:00
[2025-03-12T14:00:07.963+0000] {processor.py:208} INFO - Processing /home/airflow/.local/lib/python3.12/site-packages/airflow/example_dags/example_branch_python_dop_operator_3.py took 0.076 seconds
[2025-03-12T14:00:40.686+0000] {processor.py:186} INFO - Started process (PID=7920) to work on /home/airflow/.local/lib/python3.12/site-packages/airflow/example_dags/example_branch_python_dop_operator_3.py
[2025-03-12T14:00:40.687+0000] {processor.py:914} INFO - Processing file /home/airflow/.local/lib/python3.12/site-packages/airflow/example_dags/example_branch_python_dop_operator_3.py for tasks to queue
[2025-03-12T14:00:40.689+0000] {logging_mixin.py:190} INFO - [2025-03-12T14:00:40.688+0000] {dagbag.py:588} INFO - Filling up the DagBag from /home/airflow/.local/lib/python3.12/site-packages/airflow/example_dags/example_branch_python_dop_operator_3.py
[2025-03-12T14:00:40.696+0000] {processor.py:925} INFO - DAG(s) 'example_branch_dop_operator_v3' retrieved from /home/airflow/.local/lib/python3.12/site-packages/airflow/example_dags/example_branch_python_dop_operator_3.py
[2025-03-12T14:00:40.710+0000] {logging_mixin.py:190} INFO - [2025-03-12T14:00:40.710+0000] {dag.py:3239} INFO - Sync 1 DAGs
[2025-03-12T14:00:40.730+0000] {logging_mixin.py:190} INFO - [2025-03-12T14:00:40.730+0000] {dag.py:4180} INFO - Setting next_dagrun for example_branch_dop_operator_v3 to 2025-03-12 13:59:00+00:00, run_after=2025-03-12 14:00:00+00:00
[2025-03-12T14:00:40.744+0000] {processor.py:208} INFO - Processing /home/airflow/.local/lib/python3.12/site-packages/airflow/example_dags/example_branch_python_dop_operator_3.py took 0.063 seconds
[2025-03-12T14:01:14.211+0000] {processor.py:186} INFO - Started process (PID=8226) to work on /home/airflow/.local/lib/python3.12/site-packages/airflow/example_dags/example_branch_python_dop_operator_3.py
[2025-03-12T14:01:14.212+0000] {processor.py:914} INFO - Processing file /home/airflow/.local/lib/python3.12/site-packages/airflow/example_dags/example_branch_python_dop_operator_3.py for tasks to queue
[2025-03-12T14:01:14.214+0000] {logging_mixin.py:190} INFO - [2025-03-12T14:01:14.214+0000] {dagbag.py:588} INFO - Filling up the DagBag from /home/airflow/.local/lib/python3.12/site-packages/airflow/example_dags/example_branch_python_dop_operator_3.py
[2025-03-12T14:01:14.223+0000] {processor.py:925} INFO - DAG(s) 'example_branch_dop_operator_v3' retrieved from /home/airflow/.local/lib/python3.12/site-packages/airflow/example_dags/example_branch_python_dop_operator_3.py
[2025-03-12T14:01:14.240+0000] {logging_mixin.py:190} INFO - [2025-03-12T14:01:14.240+0000] {dag.py:3239} INFO - Sync 1 DAGs
[2025-03-12T14:01:14.262+0000] {logging_mixin.py:190} INFO - [2025-03-12T14:01:14.262+0000] {dag.py:4180} INFO - Setting next_dagrun for example_branch_dop_operator_v3 to 2025-03-12 14:00:00+00:00, run_after=2025-03-12 14:01:00+00:00
[2025-03-12T14:01:14.280+0000] {processor.py:208} INFO - Processing /home/airflow/.local/lib/python3.12/site-packages/airflow/example_dags/example_branch_python_dop_operator_3.py took 0.073 seconds
[2025-03-12T14:01:47.184+0000] {processor.py:186} INFO - Started process (PID=8533) to work on /home/airflow/.local/lib/python3.12/site-packages/airflow/example_dags/example_branch_python_dop_operator_3.py
[2025-03-12T14:01:47.185+0000] {processor.py:914} INFO - Processing file /home/airflow/.local/lib/python3.12/site-packages/airflow/example_dags/example_branch_python_dop_operator_3.py for tasks to queue
[2025-03-12T14:01:47.187+0000] {logging_mixin.py:190} INFO - [2025-03-12T14:01:47.187+0000] {dagbag.py:588} INFO - Filling up the DagBag from /home/airflow/.local/lib/python3.12/site-packages/airflow/example_dags/example_branch_python_dop_operator_3.py
[2025-03-12T14:01:47.196+0000] {processor.py:925} INFO - DAG(s) 'example_branch_dop_operator_v3' retrieved from /home/airflow/.local/lib/python3.12/site-packages/airflow/example_dags/example_branch_python_dop_operator_3.py
[2025-03-12T14:01:47.214+0000] {logging_mixin.py:190} INFO - [2025-03-12T14:01:47.213+0000] {dag.py:3239} INFO - Sync 1 DAGs
[2025-03-12T14:01:47.235+0000] {logging_mixin.py:190} INFO - [2025-03-12T14:01:47.235+0000] {dag.py:4180} INFO - Setting next_dagrun for example_branch_dop_operator_v3 to 2025-03-12 14:00:00+00:00, run_after=2025-03-12 14:01:00+00:00
[2025-03-12T14:01:47.252+0000] {processor.py:208} INFO - Processing /home/airflow/.local/lib/python3.12/site-packages/airflow/example_dags/example_branch_python_dop_operator_3.py took 0.073 seconds
[2025-03-12T14:02:21.093+0000] {processor.py:186} INFO - Started process (PID=8839) to work on /home/airflow/.local/lib/python3.12/site-packages/airflow/example_dags/example_branch_python_dop_operator_3.py
[2025-03-12T14:02:21.094+0000] {processor.py:914} INFO - Processing file /home/airflow/.local/lib/python3.12/site-packages/airflow/example_dags/example_branch_python_dop_operator_3.py for tasks to queue
[2025-03-12T14:02:21.096+0000] {logging_mixin.py:190} INFO - [2025-03-12T14:02:21.096+0000] {dagbag.py:588} INFO - Filling up the DagBag from /home/airflow/.local/lib/python3.12/site-packages/airflow/example_dags/example_branch_python_dop_operator_3.py
[2025-03-12T14:02:21.104+0000] {processor.py:925} INFO - DAG(s) 'example_branch_dop_operator_v3' retrieved from /home/airflow/.local/lib/python3.12/site-packages/airflow/example_dags/example_branch_python_dop_operator_3.py
[2025-03-12T14:02:21.135+0000] {logging_mixin.py:190} INFO - [2025-03-12T14:02:21.135+0000] {dag.py:3239} INFO - Sync 1 DAGs
[2025-03-12T14:02:21.174+0000] {logging_mixin.py:190} INFO - [2025-03-12T14:02:21.173+0000] {dag.py:4180} INFO - Setting next_dagrun for example_branch_dop_operator_v3 to 2025-03-12 14:01:00+00:00, run_after=2025-03-12 14:02:00+00:00
[2025-03-12T14:02:21.192+0000] {processor.py:208} INFO - Processing /home/airflow/.local/lib/python3.12/site-packages/airflow/example_dags/example_branch_python_dop_operator_3.py took 0.104 seconds
[2025-03-12T14:02:54.507+0000] {processor.py:186} INFO - Started process (PID=9147) to work on /home/airflow/.local/lib/python3.12/site-packages/airflow/example_dags/example_branch_python_dop_operator_3.py
[2025-03-12T14:02:54.508+0000] {processor.py:914} INFO - Processing file /home/airflow/.local/lib/python3.12/site-packages/airflow/example_dags/example_branch_python_dop_operator_3.py for tasks to queue
[2025-03-12T14:02:54.510+0000] {logging_mixin.py:190} INFO - [2025-03-12T14:02:54.510+0000] {dagbag.py:588} INFO - Filling up the DagBag from /home/airflow/.local/lib/python3.12/site-packages/airflow/example_dags/example_branch_python_dop_operator_3.py
[2025-03-12T14:02:54.517+0000] {processor.py:925} INFO - DAG(s) 'example_branch_dop_operator_v3' retrieved from /home/airflow/.local/lib/python3.12/site-packages/airflow/example_dags/example_branch_python_dop_operator_3.py
[2025-03-12T14:02:54.533+0000] {logging_mixin.py:190} INFO - [2025-03-12T14:02:54.532+0000] {dag.py:3239} INFO - Sync 1 DAGs
[2025-03-12T14:02:54.550+0000] {logging_mixin.py:190} INFO - [2025-03-12T14:02:54.550+0000] {dag.py:4180} INFO - Setting next_dagrun for example_branch_dop_operator_v3 to 2025-03-12 14:01:00+00:00, run_after=2025-03-12 14:02:00+00:00
[2025-03-12T14:02:54.566+0000] {processor.py:208} INFO - Processing /home/airflow/.local/lib/python3.12/site-packages/airflow/example_dags/example_branch_python_dop_operator_3.py took 0.062 seconds
[2025-03-12T14:03:27.302+0000] {processor.py:186} INFO - Started process (PID=9451) to work on /home/airflow/.local/lib/python3.12/site-packages/airflow/example_dags/example_branch_python_dop_operator_3.py
[2025-03-12T14:03:27.303+0000] {processor.py:914} INFO - Processing file /home/airflow/.local/lib/python3.12/site-packages/airflow/example_dags/example_branch_python_dop_operator_3.py for tasks to queue
[2025-03-12T14:03:27.305+0000] {logging_mixin.py:190} INFO - [2025-03-12T14:03:27.305+0000] {dagbag.py:588} INFO - Filling up the DagBag from /home/airflow/.local/lib/python3.12/site-packages/airflow/example_dags/example_branch_python_dop_operator_3.py
[2025-03-12T14:03:27.313+0000] {processor.py:925} INFO - DAG(s) 'example_branch_dop_operator_v3' retrieved from /home/airflow/.local/lib/python3.12/site-packages/airflow/example_dags/example_branch_python_dop_operator_3.py
[2025-03-12T14:03:27.329+0000] {logging_mixin.py:190} INFO - [2025-03-12T14:03:27.329+0000] {dag.py:3239} INFO - Sync 1 DAGs
[2025-03-12T14:03:27.353+0000] {logging_mixin.py:190} INFO - [2025-03-12T14:03:27.353+0000] {dag.py:4180} INFO - Setting next_dagrun for example_branch_dop_operator_v3 to 2025-03-12 14:02:00+00:00, run_after=2025-03-12 14:03:00+00:00
[2025-03-12T14:03:27.372+0000] {processor.py:208} INFO - Processing /home/airflow/.local/lib/python3.12/site-packages/airflow/example_dags/example_branch_python_dop_operator_3.py took 0.076 seconds
[2025-03-12T14:04:01.728+0000] {processor.py:186} INFO - Started process (PID=9757) to work on /home/airflow/.local/lib/python3.12/site-packages/airflow/example_dags/example_branch_python_dop_operator_3.py
[2025-03-12T14:04:01.730+0000] {processor.py:914} INFO - Processing file /home/airflow/.local/lib/python3.12/site-packages/airflow/example_dags/example_branch_python_dop_operator_3.py for tasks to queue
[2025-03-12T14:04:01.734+0000] {logging_mixin.py:190} INFO - [2025-03-12T14:04:01.733+0000] {dagbag.py:588} INFO - Filling up the DagBag from /home/airflow/.local/lib/python3.12/site-packages/airflow/example_dags/example_branch_python_dop_operator_3.py
[2025-03-12T14:04:01.765+0000] {processor.py:925} INFO - DAG(s) 'example_branch_dop_operator_v3' retrieved from /home/airflow/.local/lib/python3.12/site-packages/airflow/example_dags/example_branch_python_dop_operator_3.py
[2025-03-12T14:04:01.829+0000] {logging_mixin.py:190} INFO - [2025-03-12T14:04:01.828+0000] {dag.py:3239} INFO - Sync 1 DAGs
[2025-03-12T14:04:01.911+0000] {logging_mixin.py:190} INFO - [2025-03-12T14:04:01.911+0000] {dag.py:4180} INFO - Setting next_dagrun for example_branch_dop_operator_v3 to 2025-03-12 14:03:00+00:00, run_after=2025-03-12 14:04:00+00:00
[2025-03-12T14:04:01.959+0000] {processor.py:208} INFO - Processing /home/airflow/.local/lib/python3.12/site-packages/airflow/example_dags/example_branch_python_dop_operator_3.py took 0.241 seconds
[2025-03-12T14:04:33.512+0000] {processor.py:186} INFO - Started process (PID=10058) to work on /home/airflow/.local/lib/python3.12/site-packages/airflow/example_dags/example_branch_python_dop_operator_3.py
[2025-03-12T14:04:33.513+0000] {processor.py:914} INFO - Processing file /home/airflow/.local/lib/python3.12/site-packages/airflow/example_dags/example_branch_python_dop_operator_3.py for tasks to queue
[2025-03-12T14:04:33.515+0000] {logging_mixin.py:190} INFO - [2025-03-12T14:04:33.514+0000] {dagbag.py:588} INFO - Filling up the DagBag from /home/airflow/.local/lib/python3.12/site-packages/airflow/example_dags/example_branch_python_dop_operator_3.py
[2025-03-12T14:04:33.523+0000] {processor.py:925} INFO - DAG(s) 'example_branch_dop_operator_v3' retrieved from /home/airflow/.local/lib/python3.12/site-packages/airflow/example_dags/example_branch_python_dop_operator_3.py
[2025-03-12T14:04:33.538+0000] {logging_mixin.py:190} INFO - [2025-03-12T14:04:33.538+0000] {dag.py:3239} INFO - Sync 1 DAGs
[2025-03-12T14:04:33.560+0000] {logging_mixin.py:190} INFO - [2025-03-12T14:04:33.560+0000] {dag.py:4180} INFO - Setting next_dagrun for example_branch_dop_operator_v3 to 2025-03-12 14:03:00+00:00, run_after=2025-03-12 14:04:00+00:00
[2025-03-12T14:04:33.576+0000] {processor.py:208} INFO - Processing /home/airflow/.local/lib/python3.12/site-packages/airflow/example_dags/example_branch_python_dop_operator_3.py took 0.068 seconds
[2025-03-12T14:05:07.082+0000] {processor.py:186} INFO - Started process (PID=10369) to work on /home/airflow/.local/lib/python3.12/site-packages/airflow/example_dags/example_branch_python_dop_operator_3.py
[2025-03-12T14:05:07.083+0000] {processor.py:914} INFO - Processing file /home/airflow/.local/lib/python3.12/site-packages/airflow/example_dags/example_branch_python_dop_operator_3.py for tasks to queue
[2025-03-12T14:05:07.085+0000] {logging_mixin.py:190} INFO - [2025-03-12T14:05:07.084+0000] {dagbag.py:588} INFO - Filling up the DagBag from /home/airflow/.local/lib/python3.12/site-packages/airflow/example_dags/example_branch_python_dop_operator_3.py
[2025-03-12T14:05:07.093+0000] {processor.py:925} INFO - DAG(s) 'example_branch_dop_operator_v3' retrieved from /home/airflow/.local/lib/python3.12/site-packages/airflow/example_dags/example_branch_python_dop_operator_3.py
[2025-03-12T14:05:07.108+0000] {logging_mixin.py:190} INFO - [2025-03-12T14:05:07.108+0000] {dag.py:3239} INFO - Sync 1 DAGs
[2025-03-12T14:05:07.127+0000] {logging_mixin.py:190} INFO - [2025-03-12T14:05:07.127+0000] {dag.py:4180} INFO - Setting next_dagrun for example_branch_dop_operator_v3 to 2025-03-12 14:04:00+00:00, run_after=2025-03-12 14:05:00+00:00
[2025-03-12T14:05:07.144+0000] {processor.py:208} INFO - Processing /home/airflow/.local/lib/python3.12/site-packages/airflow/example_dags/example_branch_python_dop_operator_3.py took 0.066 seconds
[2025-03-12T14:05:41.226+0000] {processor.py:186} INFO - Started process (PID=10680) to work on /home/airflow/.local/lib/python3.12/site-packages/airflow/example_dags/example_branch_python_dop_operator_3.py
[2025-03-12T14:05:41.227+0000] {processor.py:914} INFO - Processing file /home/airflow/.local/lib/python3.12/site-packages/airflow/example_dags/example_branch_python_dop_operator_3.py for tasks to queue
[2025-03-12T14:05:41.230+0000] {logging_mixin.py:190} INFO - [2025-03-12T14:05:41.229+0000] {dagbag.py:588} INFO - Filling up the DagBag from /home/airflow/.local/lib/python3.12/site-packages/airflow/example_dags/example_branch_python_dop_operator_3.py
[2025-03-12T14:05:41.240+0000] {processor.py:925} INFO - DAG(s) 'example_branch_dop_operator_v3' retrieved from /home/airflow/.local/lib/python3.12/site-packages/airflow/example_dags/example_branch_python_dop_operator_3.py
[2025-03-12T14:05:41.261+0000] {logging_mixin.py:190} INFO - [2025-03-12T14:05:41.261+0000] {dag.py:3239} INFO - Sync 1 DAGs
[2025-03-12T14:05:41.291+0000] {logging_mixin.py:190} INFO - [2025-03-12T14:05:41.291+0000] {dag.py:4180} INFO - Setting next_dagrun for example_branch_dop_operator_v3 to 2025-03-12 14:04:00+00:00, run_after=2025-03-12 14:05:00+00:00
[2025-03-12T14:05:41.312+0000] {processor.py:208} INFO - Processing /home/airflow/.local/lib/python3.12/site-packages/airflow/example_dags/example_branch_python_dop_operator_3.py took 0.092 seconds
[2025-03-12T14:06:13.914+0000] {processor.py:186} INFO - Started process (PID=10986) to work on /home/airflow/.local/lib/python3.12/site-packages/airflow/example_dags/example_branch_python_dop_operator_3.py
[2025-03-12T14:06:13.915+0000] {processor.py:914} INFO - Processing file /home/airflow/.local/lib/python3.12/site-packages/airflow/example_dags/example_branch_python_dop_operator_3.py for tasks to queue
[2025-03-12T14:06:13.917+0000] {logging_mixin.py:190} INFO - [2025-03-12T14:06:13.917+0000] {dagbag.py:588} INFO - Filling up the DagBag from /home/airflow/.local/lib/python3.12/site-packages/airflow/example_dags/example_branch_python_dop_operator_3.py
[2025-03-12T14:06:13.927+0000] {processor.py:925} INFO - DAG(s) 'example_branch_dop_operator_v3' retrieved from /home/airflow/.local/lib/python3.12/site-packages/airflow/example_dags/example_branch_python_dop_operator_3.py
[2025-03-12T14:06:13.943+0000] {logging_mixin.py:190} INFO - [2025-03-12T14:06:13.943+0000] {dag.py:3239} INFO - Sync 1 DAGs
[2025-03-12T14:06:13.963+0000] {logging_mixin.py:190} INFO - [2025-03-12T14:06:13.963+0000] {dag.py:4180} INFO - Setting next_dagrun for example_branch_dop_operator_v3 to 2025-03-12 14:05:00+00:00, run_after=2025-03-12 14:06:00+00:00
[2025-03-12T14:06:13.981+0000] {processor.py:208} INFO - Processing /home/airflow/.local/lib/python3.12/site-packages/airflow/example_dags/example_branch_python_dop_operator_3.py took 0.071 seconds
[2025-03-12T14:06:47.692+0000] {processor.py:186} INFO - Started process (PID=11292) to work on /home/airflow/.local/lib/python3.12/site-packages/airflow/example_dags/example_branch_python_dop_operator_3.py
[2025-03-12T14:06:47.693+0000] {processor.py:914} INFO - Processing file /home/airflow/.local/lib/python3.12/site-packages/airflow/example_dags/example_branch_python_dop_operator_3.py for tasks to queue
[2025-03-12T14:06:47.697+0000] {logging_mixin.py:190} INFO - [2025-03-12T14:06:47.697+0000] {dagbag.py:588} INFO - Filling up the DagBag from /home/airflow/.local/lib/python3.12/site-packages/airflow/example_dags/example_branch_python_dop_operator_3.py
[2025-03-12T14:06:47.707+0000] {processor.py:925} INFO - DAG(s) 'example_branch_dop_operator_v3' retrieved from /home/airflow/.local/lib/python3.12/site-packages/airflow/example_dags/example_branch_python_dop_operator_3.py
[2025-03-12T14:06:47.728+0000] {logging_mixin.py:190} INFO - [2025-03-12T14:06:47.728+0000] {dag.py:3239} INFO - Sync 1 DAGs
[2025-03-12T14:06:47.760+0000] {logging_mixin.py:190} INFO - [2025-03-12T14:06:47.759+0000] {dag.py:4180} INFO - Setting next_dagrun for example_branch_dop_operator_v3 to 2025-03-12 14:05:00+00:00, run_after=2025-03-12 14:06:00+00:00
[2025-03-12T14:06:47.780+0000] {processor.py:208} INFO - Processing /home/airflow/.local/lib/python3.12/site-packages/airflow/example_dags/example_branch_python_dop_operator_3.py took 0.094 seconds
[2025-03-12T14:07:21.319+0000] {processor.py:186} INFO - Started process (PID=11598) to work on /home/airflow/.local/lib/python3.12/site-packages/airflow/example_dags/example_branch_python_dop_operator_3.py
[2025-03-12T14:07:21.320+0000] {processor.py:914} INFO - Processing file /home/airflow/.local/lib/python3.12/site-packages/airflow/example_dags/example_branch_python_dop_operator_3.py for tasks to queue
[2025-03-12T14:07:21.322+0000] {logging_mixin.py:190} INFO - [2025-03-12T14:07:21.322+0000] {dagbag.py:588} INFO - Filling up the DagBag from /home/airflow/.local/lib/python3.12/site-packages/airflow/example_dags/example_branch_python_dop_operator_3.py
[2025-03-12T14:07:21.330+0000] {processor.py:925} INFO - DAG(s) 'example_branch_dop_operator_v3' retrieved from /home/airflow/.local/lib/python3.12/site-packages/airflow/example_dags/example_branch_python_dop_operator_3.py
[2025-03-12T14:07:21.345+0000] {logging_mixin.py:190} INFO - [2025-03-12T14:07:21.345+0000] {dag.py:3239} INFO - Sync 1 DAGs
[2025-03-12T14:07:21.364+0000] {logging_mixin.py:190} INFO - [2025-03-12T14:07:21.364+0000] {dag.py:4180} INFO - Setting next_dagrun for example_branch_dop_operator_v3 to 2025-03-12 14:06:00+00:00, run_after=2025-03-12 14:07:00+00:00
[2025-03-12T14:07:21.381+0000] {processor.py:208} INFO - Processing /home/airflow/.local/lib/python3.12/site-packages/airflow/example_dags/example_branch_python_dop_operator_3.py took 0.066 seconds
[2025-03-12T14:07:54.179+0000] {processor.py:186} INFO - Started process (PID=11904) to work on /home/airflow/.local/lib/python3.12/site-packages/airflow/example_dags/example_branch_python_dop_operator_3.py
[2025-03-12T14:07:54.180+0000] {processor.py:914} INFO - Processing file /home/airflow/.local/lib/python3.12/site-packages/airflow/example_dags/example_branch_python_dop_operator_3.py for tasks to queue
[2025-03-12T14:07:54.182+0000] {logging_mixin.py:190} INFO - [2025-03-12T14:07:54.182+0000] {dagbag.py:588} INFO - Filling up the DagBag from /home/airflow/.local/lib/python3.12/site-packages/airflow/example_dags/example_branch_python_dop_operator_3.py
[2025-03-12T14:07:54.190+0000] {processor.py:925} INFO - DAG(s) 'example_branch_dop_operator_v3' retrieved from /home/airflow/.local/lib/python3.12/site-packages/airflow/example_dags/example_branch_python_dop_operator_3.py
[2025-03-12T14:07:54.207+0000] {logging_mixin.py:190} INFO - [2025-03-12T14:07:54.207+0000] {dag.py:3239} INFO - Sync 1 DAGs
[2025-03-12T14:07:54.229+0000] {logging_mixin.py:190} INFO - [2025-03-12T14:07:54.229+0000] {dag.py:4180} INFO - Setting next_dagrun for example_branch_dop_operator_v3 to 2025-03-12 14:06:00+00:00, run_after=2025-03-12 14:07:00+00:00
[2025-03-12T14:07:54.246+0000] {processor.py:208} INFO - Processing /home/airflow/.local/lib/python3.12/site-packages/airflow/example_dags/example_branch_python_dop_operator_3.py took 0.071 seconds
[2025-03-12T14:08:28.053+0000] {processor.py:186} INFO - Started process (PID=12210) to work on /home/airflow/.local/lib/python3.12/site-packages/airflow/example_dags/example_branch_python_dop_operator_3.py
[2025-03-12T14:08:28.054+0000] {processor.py:914} INFO - Processing file /home/airflow/.local/lib/python3.12/site-packages/airflow/example_dags/example_branch_python_dop_operator_3.py for tasks to queue
[2025-03-12T14:08:28.055+0000] {logging_mixin.py:190} INFO - [2025-03-12T14:08:28.055+0000] {dagbag.py:588} INFO - Filling up the DagBag from /home/airflow/.local/lib/python3.12/site-packages/airflow/example_dags/example_branch_python_dop_operator_3.py
[2025-03-12T14:08:28.063+0000] {processor.py:925} INFO - DAG(s) 'example_branch_dop_operator_v3' retrieved from /home/airflow/.local/lib/python3.12/site-packages/airflow/example_dags/example_branch_python_dop_operator_3.py
[2025-03-12T14:08:28.079+0000] {logging_mixin.py:190} INFO - [2025-03-12T14:08:28.078+0000] {dag.py:3239} INFO - Sync 1 DAGs
[2025-03-12T14:08:28.101+0000] {logging_mixin.py:190} INFO - [2025-03-12T14:08:28.100+0000] {dag.py:4180} INFO - Setting next_dagrun for example_branch_dop_operator_v3 to 2025-03-12 14:07:00+00:00, run_after=2025-03-12 14:08:00+00:00
[2025-03-12T14:08:28.118+0000] {processor.py:208} INFO - Processing /home/airflow/.local/lib/python3.12/site-packages/airflow/example_dags/example_branch_python_dop_operator_3.py took 0.069 seconds
[2025-03-12T14:09:01.135+0000] {processor.py:186} INFO - Started process (PID=12516) to work on /home/airflow/.local/lib/python3.12/site-packages/airflow/example_dags/example_branch_python_dop_operator_3.py
[2025-03-12T14:09:01.136+0000] {processor.py:914} INFO - Processing file /home/airflow/.local/lib/python3.12/site-packages/airflow/example_dags/example_branch_python_dop_operator_3.py for tasks to queue
[2025-03-12T14:09:01.138+0000] {logging_mixin.py:190} INFO - [2025-03-12T14:09:01.138+0000] {dagbag.py:588} INFO - Filling up the DagBag from /home/airflow/.local/lib/python3.12/site-packages/airflow/example_dags/example_branch_python_dop_operator_3.py
[2025-03-12T14:09:01.147+0000] {processor.py:925} INFO - DAG(s) 'example_branch_dop_operator_v3' retrieved from /home/airflow/.local/lib/python3.12/site-packages/airflow/example_dags/example_branch_python_dop_operator_3.py
[2025-03-12T14:09:01.163+0000] {logging_mixin.py:190} INFO - [2025-03-12T14:09:01.163+0000] {dag.py:3239} INFO - Sync 1 DAGs
[2025-03-12T14:09:01.184+0000] {logging_mixin.py:190} INFO - [2025-03-12T14:09:01.184+0000] {dag.py:4180} INFO - Setting next_dagrun for example_branch_dop_operator_v3 to 2025-03-12 14:08:00+00:00, run_after=2025-03-12 14:09:00+00:00
[2025-03-12T14:09:01.199+0000] {processor.py:208} INFO - Processing /home/airflow/.local/lib/python3.12/site-packages/airflow/example_dags/example_branch_python_dop_operator_3.py took 0.069 seconds
[2025-03-12T14:09:34.757+0000] {processor.py:186} INFO - Started process (PID=12822) to work on /home/airflow/.local/lib/python3.12/site-packages/airflow/example_dags/example_branch_python_dop_operator_3.py
[2025-03-12T14:09:34.758+0000] {processor.py:914} INFO - Processing file /home/airflow/.local/lib/python3.12/site-packages/airflow/example_dags/example_branch_python_dop_operator_3.py for tasks to queue
[2025-03-12T14:09:34.760+0000] {logging_mixin.py:190} INFO - [2025-03-12T14:09:34.760+0000] {dagbag.py:588} INFO - Filling up the DagBag from /home/airflow/.local/lib/python3.12/site-packages/airflow/example_dags/example_branch_python_dop_operator_3.py
[2025-03-12T14:09:34.768+0000] {processor.py:925} INFO - DAG(s) 'example_branch_dop_operator_v3' retrieved from /home/airflow/.local/lib/python3.12/site-packages/airflow/example_dags/example_branch_python_dop_operator_3.py
[2025-03-12T14:09:34.783+0000] {logging_mixin.py:190} INFO - [2025-03-12T14:09:34.783+0000] {dag.py:3239} INFO - Sync 1 DAGs
[2025-03-12T14:09:34.807+0000] {logging_mixin.py:190} INFO - [2025-03-12T14:09:34.807+0000] {dag.py:4180} INFO - Setting next_dagrun for example_branch_dop_operator_v3 to 2025-03-12 14:08:00+00:00, run_after=2025-03-12 14:09:00+00:00
[2025-03-12T14:09:34.822+0000] {processor.py:208} INFO - Processing /home/airflow/.local/lib/python3.12/site-packages/airflow/example_dags/example_branch_python_dop_operator_3.py took 0.069 seconds
[2025-03-12T14:10:07.510+0000] {processor.py:186} INFO - Started process (PID=13128) to work on /home/airflow/.local/lib/python3.12/site-packages/airflow/example_dags/example_branch_python_dop_operator_3.py
[2025-03-12T14:10:07.511+0000] {processor.py:914} INFO - Processing file /home/airflow/.local/lib/python3.12/site-packages/airflow/example_dags/example_branch_python_dop_operator_3.py for tasks to queue
[2025-03-12T14:10:07.513+0000] {logging_mixin.py:190} INFO - [2025-03-12T14:10:07.513+0000] {dagbag.py:588} INFO - Filling up the DagBag from /home/airflow/.local/lib/python3.12/site-packages/airflow/example_dags/example_branch_python_dop_operator_3.py
[2025-03-12T14:10:07.522+0000] {processor.py:925} INFO - DAG(s) 'example_branch_dop_operator_v3' retrieved from /home/airflow/.local/lib/python3.12/site-packages/airflow/example_dags/example_branch_python_dop_operator_3.py
[2025-03-12T14:10:07.539+0000] {logging_mixin.py:190} INFO - [2025-03-12T14:10:07.539+0000] {dag.py:3239} INFO - Sync 1 DAGs
[2025-03-12T14:10:07.570+0000] {logging_mixin.py:190} INFO - [2025-03-12T14:10:07.570+0000] {dag.py:4180} INFO - Setting next_dagrun for example_branch_dop_operator_v3 to 2025-03-12 14:09:00+00:00, run_after=2025-03-12 14:10:00+00:00
[2025-03-12T14:10:07.592+0000] {processor.py:208} INFO - Processing /home/airflow/.local/lib/python3.12/site-packages/airflow/example_dags/example_branch_python_dop_operator_3.py took 0.086 seconds
[2025-03-12T14:10:40.473+0000] {processor.py:186} INFO - Started process (PID=13434) to work on /home/airflow/.local/lib/python3.12/site-packages/airflow/example_dags/example_branch_python_dop_operator_3.py
[2025-03-12T14:10:40.474+0000] {processor.py:914} INFO - Processing file /home/airflow/.local/lib/python3.12/site-packages/airflow/example_dags/example_branch_python_dop_operator_3.py for tasks to queue
[2025-03-12T14:10:40.476+0000] {logging_mixin.py:190} INFO - [2025-03-12T14:10:40.476+0000] {dagbag.py:588} INFO - Filling up the DagBag from /home/airflow/.local/lib/python3.12/site-packages/airflow/example_dags/example_branch_python_dop_operator_3.py
[2025-03-12T14:10:40.484+0000] {processor.py:925} INFO - DAG(s) 'example_branch_dop_operator_v3' retrieved from /home/airflow/.local/lib/python3.12/site-packages/airflow/example_dags/example_branch_python_dop_operator_3.py
[2025-03-12T14:10:40.501+0000] {logging_mixin.py:190} INFO - [2025-03-12T14:10:40.500+0000] {dag.py:3239} INFO - Sync 1 DAGs
[2025-03-12T14:10:40.520+0000] {logging_mixin.py:190} INFO - [2025-03-12T14:10:40.520+0000] {dag.py:4180} INFO - Setting next_dagrun for example_branch_dop_operator_v3 to 2025-03-12 14:09:00+00:00, run_after=2025-03-12 14:10:00+00:00
[2025-03-12T14:10:40.536+0000] {processor.py:208} INFO - Processing /home/airflow/.local/lib/python3.12/site-packages/airflow/example_dags/example_branch_python_dop_operator_3.py took 0.067 seconds
[2025-03-12T14:11:14.368+0000] {processor.py:186} INFO - Started process (PID=13740) to work on /home/airflow/.local/lib/python3.12/site-packages/airflow/example_dags/example_branch_python_dop_operator_3.py
[2025-03-12T14:11:14.369+0000] {processor.py:914} INFO - Processing file /home/airflow/.local/lib/python3.12/site-packages/airflow/example_dags/example_branch_python_dop_operator_3.py for tasks to queue
[2025-03-12T14:11:14.371+0000] {logging_mixin.py:190} INFO - [2025-03-12T14:11:14.370+0000] {dagbag.py:588} INFO - Filling up the DagBag from /home/airflow/.local/lib/python3.12/site-packages/airflow/example_dags/example_branch_python_dop_operator_3.py
[2025-03-12T14:11:14.379+0000] {processor.py:925} INFO - DAG(s) 'example_branch_dop_operator_v3' retrieved from /home/airflow/.local/lib/python3.12/site-packages/airflow/example_dags/example_branch_python_dop_operator_3.py
[2025-03-12T14:11:14.394+0000] {logging_mixin.py:190} INFO - [2025-03-12T14:11:14.394+0000] {dag.py:3239} INFO - Sync 1 DAGs
[2025-03-12T14:11:14.415+0000] {logging_mixin.py:190} INFO - [2025-03-12T14:11:14.415+0000] {dag.py:4180} INFO - Setting next_dagrun for example_branch_dop_operator_v3 to 2025-03-12 14:10:00+00:00, run_after=2025-03-12 14:11:00+00:00
[2025-03-12T14:11:14.431+0000] {processor.py:208} INFO - Processing /home/airflow/.local/lib/python3.12/site-packages/airflow/example_dags/example_branch_python_dop_operator_3.py took 0.068 seconds
[2025-03-12T14:11:47.934+0000] {processor.py:186} INFO - Started process (PID=14049) to work on /home/airflow/.local/lib/python3.12/site-packages/airflow/example_dags/example_branch_python_dop_operator_3.py
[2025-03-12T14:11:47.935+0000] {processor.py:914} INFO - Processing file /home/airflow/.local/lib/python3.12/site-packages/airflow/example_dags/example_branch_python_dop_operator_3.py for tasks to queue
[2025-03-12T14:11:47.937+0000] {logging_mixin.py:190} INFO - [2025-03-12T14:11:47.937+0000] {dagbag.py:588} INFO - Filling up the DagBag from /home/airflow/.local/lib/python3.12/site-packages/airflow/example_dags/example_branch_python_dop_operator_3.py
[2025-03-12T14:11:47.947+0000] {processor.py:925} INFO - DAG(s) 'example_branch_dop_operator_v3' retrieved from /home/airflow/.local/lib/python3.12/site-packages/airflow/example_dags/example_branch_python_dop_operator_3.py
[2025-03-12T14:11:47.962+0000] {logging_mixin.py:190} INFO - [2025-03-12T14:11:47.962+0000] {dag.py:3239} INFO - Sync 1 DAGs
[2025-03-12T14:11:47.987+0000] {logging_mixin.py:190} INFO - [2025-03-12T14:11:47.987+0000] {dag.py:4180} INFO - Setting next_dagrun for example_branch_dop_operator_v3 to 2025-03-12 14:10:00+00:00, run_after=2025-03-12 14:11:00+00:00
[2025-03-12T14:11:48.005+0000] {processor.py:208} INFO - Processing /home/airflow/.local/lib/python3.12/site-packages/airflow/example_dags/example_branch_python_dop_operator_3.py took 0.075 seconds
[2025-03-12T14:12:21.769+0000] {processor.py:186} INFO - Started process (PID=14353) to work on /home/airflow/.local/lib/python3.12/site-packages/airflow/example_dags/example_branch_python_dop_operator_3.py
[2025-03-12T14:12:21.770+0000] {processor.py:914} INFO - Processing file /home/airflow/.local/lib/python3.12/site-packages/airflow/example_dags/example_branch_python_dop_operator_3.py for tasks to queue
[2025-03-12T14:12:21.772+0000] {logging_mixin.py:190} INFO - [2025-03-12T14:12:21.772+0000] {dagbag.py:588} INFO - Filling up the DagBag from /home/airflow/.local/lib/python3.12/site-packages/airflow/example_dags/example_branch_python_dop_operator_3.py
[2025-03-12T14:12:21.779+0000] {processor.py:925} INFO - DAG(s) 'example_branch_dop_operator_v3' retrieved from /home/airflow/.local/lib/python3.12/site-packages/airflow/example_dags/example_branch_python_dop_operator_3.py
[2025-03-12T14:12:21.794+0000] {logging_mixin.py:190} INFO - [2025-03-12T14:12:21.794+0000] {dag.py:3239} INFO - Sync 1 DAGs
[2025-03-12T14:12:21.812+0000] {logging_mixin.py:190} INFO - [2025-03-12T14:12:21.812+0000] {dag.py:4180} INFO - Setting next_dagrun for example_branch_dop_operator_v3 to 2025-03-12 14:11:00+00:00, run_after=2025-03-12 14:12:00+00:00
[2025-03-12T14:12:21.827+0000] {processor.py:208} INFO - Processing /home/airflow/.local/lib/python3.12/site-packages/airflow/example_dags/example_branch_python_dop_operator_3.py took 0.062 seconds
[2025-03-12T14:14:02.928+0000] {processor.py:186} INFO - Started process (PID=288) to work on /home/airflow/.local/lib/python3.12/site-packages/airflow/example_dags/example_branch_python_dop_operator_3.py
[2025-03-12T14:14:02.929+0000] {processor.py:914} INFO - Processing file /home/airflow/.local/lib/python3.12/site-packages/airflow/example_dags/example_branch_python_dop_operator_3.py for tasks to queue
[2025-03-12T14:14:02.932+0000] {logging_mixin.py:190} INFO - [2025-03-12T14:14:02.932+0000] {dagbag.py:588} INFO - Filling up the DagBag from /home/airflow/.local/lib/python3.12/site-packages/airflow/example_dags/example_branch_python_dop_operator_3.py
[2025-03-12T14:14:02.946+0000] {processor.py:925} INFO - DAG(s) 'example_branch_dop_operator_v3' retrieved from /home/airflow/.local/lib/python3.12/site-packages/airflow/example_dags/example_branch_python_dop_operator_3.py
[2025-03-12T14:14:03.084+0000] {logging_mixin.py:190} INFO - [2025-03-12T14:14:03.083+0000] {override.py:1912} INFO - Created Permission View: can read on DAG:example_branch_dop_operator_v3
[2025-03-12T14:14:03.099+0000] {logging_mixin.py:190} INFO - [2025-03-12T14:14:03.099+0000] {override.py:1912} INFO - Created Permission View: can edit on DAG:example_branch_dop_operator_v3
[2025-03-12T14:14:03.106+0000] {logging_mixin.py:190} INFO - [2025-03-12T14:14:03.106+0000] {override.py:1912} INFO - Created Permission View: can delete on DAG:example_branch_dop_operator_v3
[2025-03-12T14:14:03.115+0000] {logging_mixin.py:190} INFO - [2025-03-12T14:14:03.115+0000] {override.py:1912} INFO - Created Permission View: can create on DAG Run:example_branch_dop_operator_v3
[2025-03-12T14:14:03.124+0000] {logging_mixin.py:190} INFO - [2025-03-12T14:14:03.123+0000] {override.py:1912} INFO - Created Permission View: can read on DAG Run:example_branch_dop_operator_v3
[2025-03-12T14:14:03.131+0000] {logging_mixin.py:190} INFO - [2025-03-12T14:14:03.131+0000] {override.py:1912} INFO - Created Permission View: menu access on DAG Run:example_branch_dop_operator_v3
[2025-03-12T14:14:03.141+0000] {logging_mixin.py:190} INFO - [2025-03-12T14:14:03.140+0000] {override.py:1912} INFO - Created Permission View: can delete on DAG Run:example_branch_dop_operator_v3
[2025-03-12T14:14:03.141+0000] {logging_mixin.py:190} INFO - [2025-03-12T14:14:03.141+0000] {dag.py:3239} INFO - Sync 1 DAGs
[2025-03-12T14:14:03.155+0000] {logging_mixin.py:190} INFO - [2025-03-12T14:14:03.155+0000] {dag.py:3262} INFO - Creating ORM DAG for example_branch_dop_operator_v3
[2025-03-12T14:14:03.170+0000] {logging_mixin.py:190} INFO - [2025-03-12T14:14:03.170+0000] {dag.py:4180} INFO - Setting next_dagrun for example_branch_dop_operator_v3 to 2025-03-12 14:13:00+00:00, run_after=2025-03-12 14:14:00+00:00
[2025-03-12T14:14:03.187+0000] {processor.py:208} INFO - Processing /home/airflow/.local/lib/python3.12/site-packages/airflow/example_dags/example_branch_python_dop_operator_3.py took 0.266 seconds
[2025-03-12T14:14:33.730+0000] {processor.py:186} INFO - Started process (PID=583) to work on /home/airflow/.local/lib/python3.12/site-packages/airflow/example_dags/example_branch_python_dop_operator_3.py
[2025-03-12T14:14:33.731+0000] {processor.py:914} INFO - Processing file /home/airflow/.local/lib/python3.12/site-packages/airflow/example_dags/example_branch_python_dop_operator_3.py for tasks to queue
[2025-03-12T14:14:33.732+0000] {logging_mixin.py:190} INFO - [2025-03-12T14:14:33.732+0000] {dagbag.py:588} INFO - Filling up the DagBag from /home/airflow/.local/lib/python3.12/site-packages/airflow/example_dags/example_branch_python_dop_operator_3.py
[2025-03-12T14:14:33.740+0000] {processor.py:925} INFO - DAG(s) 'example_branch_dop_operator_v3' retrieved from /home/airflow/.local/lib/python3.12/site-packages/airflow/example_dags/example_branch_python_dop_operator_3.py
[2025-03-12T14:14:33.755+0000] {logging_mixin.py:190} INFO - [2025-03-12T14:14:33.754+0000] {dag.py:3239} INFO - Sync 1 DAGs
[2025-03-12T14:14:33.776+0000] {logging_mixin.py:190} INFO - [2025-03-12T14:14:33.776+0000] {dag.py:4180} INFO - Setting next_dagrun for example_branch_dop_operator_v3 to 2025-03-12 14:13:00+00:00, run_after=2025-03-12 14:14:00+00:00
[2025-03-12T14:14:33.791+0000] {processor.py:208} INFO - Processing /home/airflow/.local/lib/python3.12/site-packages/airflow/example_dags/example_branch_python_dop_operator_3.py took 0.065 seconds
[2025-03-12T14:15:07.733+0000] {processor.py:186} INFO - Started process (PID=894) to work on /home/airflow/.local/lib/python3.12/site-packages/airflow/example_dags/example_branch_python_dop_operator_3.py
[2025-03-12T14:15:07.734+0000] {processor.py:914} INFO - Processing file /home/airflow/.local/lib/python3.12/site-packages/airflow/example_dags/example_branch_python_dop_operator_3.py for tasks to queue
[2025-03-12T14:15:07.736+0000] {logging_mixin.py:190} INFO - [2025-03-12T14:15:07.736+0000] {dagbag.py:588} INFO - Filling up the DagBag from /home/airflow/.local/lib/python3.12/site-packages/airflow/example_dags/example_branch_python_dop_operator_3.py
[2025-03-12T14:15:07.746+0000] {processor.py:925} INFO - DAG(s) 'example_branch_dop_operator_v3' retrieved from /home/airflow/.local/lib/python3.12/site-packages/airflow/example_dags/example_branch_python_dop_operator_3.py
[2025-03-12T14:15:07.767+0000] {logging_mixin.py:190} INFO - [2025-03-12T14:15:07.767+0000] {dag.py:3239} INFO - Sync 1 DAGs
[2025-03-12T14:15:07.790+0000] {logging_mixin.py:190} INFO - [2025-03-12T14:15:07.790+0000] {dag.py:4180} INFO - Setting next_dagrun for example_branch_dop_operator_v3 to 2025-03-12 14:14:00+00:00, run_after=2025-03-12 14:15:00+00:00
[2025-03-12T14:15:07.808+0000] {processor.py:208} INFO - Processing /home/airflow/.local/lib/python3.12/site-packages/airflow/example_dags/example_branch_python_dop_operator_3.py took 0.080 seconds
[2025-03-12T14:15:41.494+0000] {processor.py:186} INFO - Started process (PID=1200) to work on /home/airflow/.local/lib/python3.12/site-packages/airflow/example_dags/example_branch_python_dop_operator_3.py
[2025-03-12T14:15:41.495+0000] {processor.py:914} INFO - Processing file /home/airflow/.local/lib/python3.12/site-packages/airflow/example_dags/example_branch_python_dop_operator_3.py for tasks to queue
[2025-03-12T14:15:41.497+0000] {logging_mixin.py:190} INFO - [2025-03-12T14:15:41.497+0000] {dagbag.py:588} INFO - Filling up the DagBag from /home/airflow/.local/lib/python3.12/site-packages/airflow/example_dags/example_branch_python_dop_operator_3.py
[2025-03-12T14:15:41.508+0000] {processor.py:925} INFO - DAG(s) 'example_branch_dop_operator_v3' retrieved from /home/airflow/.local/lib/python3.12/site-packages/airflow/example_dags/example_branch_python_dop_operator_3.py
[2025-03-12T14:15:41.527+0000] {logging_mixin.py:190} INFO - [2025-03-12T14:15:41.526+0000] {dag.py:3239} INFO - Sync 1 DAGs
[2025-03-12T14:15:41.549+0000] {logging_mixin.py:190} INFO - [2025-03-12T14:15:41.548+0000] {dag.py:4180} INFO - Setting next_dagrun for example_branch_dop_operator_v3 to 2025-03-12 14:14:00+00:00, run_after=2025-03-12 14:15:00+00:00
[2025-03-12T14:15:41.568+0000] {processor.py:208} INFO - Processing /home/airflow/.local/lib/python3.12/site-packages/airflow/example_dags/example_branch_python_dop_operator_3.py took 0.080 seconds
[2025-03-12T14:16:14.986+0000] {processor.py:186} INFO - Started process (PID=1508) to work on /home/airflow/.local/lib/python3.12/site-packages/airflow/example_dags/example_branch_python_dop_operator_3.py
[2025-03-12T14:16:14.987+0000] {processor.py:914} INFO - Processing file /home/airflow/.local/lib/python3.12/site-packages/airflow/example_dags/example_branch_python_dop_operator_3.py for tasks to queue
[2025-03-12T14:16:14.989+0000] {logging_mixin.py:190} INFO - [2025-03-12T14:16:14.988+0000] {dagbag.py:588} INFO - Filling up the DagBag from /home/airflow/.local/lib/python3.12/site-packages/airflow/example_dags/example_branch_python_dop_operator_3.py
[2025-03-12T14:16:14.997+0000] {processor.py:925} INFO - DAG(s) 'example_branch_dop_operator_v3' retrieved from /home/airflow/.local/lib/python3.12/site-packages/airflow/example_dags/example_branch_python_dop_operator_3.py
[2025-03-12T14:16:15.013+0000] {logging_mixin.py:190} INFO - [2025-03-12T14:16:15.012+0000] {dag.py:3239} INFO - Sync 1 DAGs
[2025-03-12T14:16:15.030+0000] {logging_mixin.py:190} INFO - [2025-03-12T14:16:15.030+0000] {dag.py:4180} INFO - Setting next_dagrun for example_branch_dop_operator_v3 to 2025-03-12 14:15:00+00:00, run_after=2025-03-12 14:16:00+00:00
[2025-03-12T14:16:15.045+0000] {processor.py:208} INFO - Processing /home/airflow/.local/lib/python3.12/site-packages/airflow/example_dags/example_branch_python_dop_operator_3.py took 0.064 seconds
[2025-03-12T14:16:48.186+0000] {processor.py:186} INFO - Started process (PID=1813) to work on /home/airflow/.local/lib/python3.12/site-packages/airflow/example_dags/example_branch_python_dop_operator_3.py
[2025-03-12T14:16:48.187+0000] {processor.py:914} INFO - Processing file /home/airflow/.local/lib/python3.12/site-packages/airflow/example_dags/example_branch_python_dop_operator_3.py for tasks to queue
[2025-03-12T14:16:48.189+0000] {logging_mixin.py:190} INFO - [2025-03-12T14:16:48.188+0000] {dagbag.py:588} INFO - Filling up the DagBag from /home/airflow/.local/lib/python3.12/site-packages/airflow/example_dags/example_branch_python_dop_operator_3.py
[2025-03-12T14:16:48.199+0000] {processor.py:925} INFO - DAG(s) 'example_branch_dop_operator_v3' retrieved from /home/airflow/.local/lib/python3.12/site-packages/airflow/example_dags/example_branch_python_dop_operator_3.py
[2025-03-12T14:16:48.218+0000] {logging_mixin.py:190} INFO - [2025-03-12T14:16:48.217+0000] {dag.py:3239} INFO - Sync 1 DAGs
[2025-03-12T14:16:48.241+0000] {logging_mixin.py:190} INFO - [2025-03-12T14:16:48.241+0000] {dag.py:4180} INFO - Setting next_dagrun for example_branch_dop_operator_v3 to 2025-03-12 14:15:00+00:00, run_after=2025-03-12 14:16:00+00:00
[2025-03-12T14:16:48.260+0000] {processor.py:208} INFO - Processing /home/airflow/.local/lib/python3.12/site-packages/airflow/example_dags/example_branch_python_dop_operator_3.py took 0.079 seconds
[2025-03-12T14:17:21.550+0000] {processor.py:186} INFO - Started process (PID=2121) to work on /home/airflow/.local/lib/python3.12/site-packages/airflow/example_dags/example_branch_python_dop_operator_3.py
[2025-03-12T14:17:21.551+0000] {processor.py:914} INFO - Processing file /home/airflow/.local/lib/python3.12/site-packages/airflow/example_dags/example_branch_python_dop_operator_3.py for tasks to queue
[2025-03-12T14:17:21.553+0000] {logging_mixin.py:190} INFO - [2025-03-12T14:17:21.552+0000] {dagbag.py:588} INFO - Filling up the DagBag from /home/airflow/.local/lib/python3.12/site-packages/airflow/example_dags/example_branch_python_dop_operator_3.py
[2025-03-12T14:17:21.560+0000] {processor.py:925} INFO - DAG(s) 'example_branch_dop_operator_v3' retrieved from /home/airflow/.local/lib/python3.12/site-packages/airflow/example_dags/example_branch_python_dop_operator_3.py
[2025-03-12T14:17:21.575+0000] {logging_mixin.py:190} INFO - [2025-03-12T14:17:21.575+0000] {dag.py:3239} INFO - Sync 1 DAGs
[2025-03-12T14:17:21.594+0000] {logging_mixin.py:190} INFO - [2025-03-12T14:17:21.594+0000] {dag.py:4180} INFO - Setting next_dagrun for example_branch_dop_operator_v3 to 2025-03-12 14:16:00+00:00, run_after=2025-03-12 14:17:00+00:00
[2025-03-12T14:17:21.610+0000] {processor.py:208} INFO - Processing /home/airflow/.local/lib/python3.12/site-packages/airflow/example_dags/example_branch_python_dop_operator_3.py took 0.065 seconds
[2025-03-12T14:17:54.619+0000] {processor.py:186} INFO - Started process (PID=2425) to work on /home/airflow/.local/lib/python3.12/site-packages/airflow/example_dags/example_branch_python_dop_operator_3.py
[2025-03-12T14:17:54.620+0000] {processor.py:914} INFO - Processing file /home/airflow/.local/lib/python3.12/site-packages/airflow/example_dags/example_branch_python_dop_operator_3.py for tasks to queue
[2025-03-12T14:17:54.623+0000] {logging_mixin.py:190} INFO - [2025-03-12T14:17:54.622+0000] {dagbag.py:588} INFO - Filling up the DagBag from /home/airflow/.local/lib/python3.12/site-packages/airflow/example_dags/example_branch_python_dop_operator_3.py
[2025-03-12T14:17:54.633+0000] {processor.py:925} INFO - DAG(s) 'example_branch_dop_operator_v3' retrieved from /home/airflow/.local/lib/python3.12/site-packages/airflow/example_dags/example_branch_python_dop_operator_3.py
[2025-03-12T14:17:54.650+0000] {logging_mixin.py:190} INFO - [2025-03-12T14:17:54.649+0000] {dag.py:3239} INFO - Sync 1 DAGs
[2025-03-12T14:17:54.673+0000] {logging_mixin.py:190} INFO - [2025-03-12T14:17:54.673+0000] {dag.py:4180} INFO - Setting next_dagrun for example_branch_dop_operator_v3 to 2025-03-12 14:16:00+00:00, run_after=2025-03-12 14:17:00+00:00
[2025-03-12T14:17:54.692+0000] {processor.py:208} INFO - Processing /home/airflow/.local/lib/python3.12/site-packages/airflow/example_dags/example_branch_python_dop_operator_3.py took 0.079 seconds
[2025-03-12T14:18:27.943+0000] {processor.py:186} INFO - Started process (PID=2731) to work on /home/airflow/.local/lib/python3.12/site-packages/airflow/example_dags/example_branch_python_dop_operator_3.py
[2025-03-12T14:18:27.944+0000] {processor.py:914} INFO - Processing file /home/airflow/.local/lib/python3.12/site-packages/airflow/example_dags/example_branch_python_dop_operator_3.py for tasks to queue
[2025-03-12T14:18:27.946+0000] {logging_mixin.py:190} INFO - [2025-03-12T14:18:27.945+0000] {dagbag.py:588} INFO - Filling up the DagBag from /home/airflow/.local/lib/python3.12/site-packages/airflow/example_dags/example_branch_python_dop_operator_3.py
[2025-03-12T14:18:27.954+0000] {processor.py:925} INFO - DAG(s) 'example_branch_dop_operator_v3' retrieved from /home/airflow/.local/lib/python3.12/site-packages/airflow/example_dags/example_branch_python_dop_operator_3.py
[2025-03-12T14:18:27.970+0000] {logging_mixin.py:190} INFO - [2025-03-12T14:18:27.970+0000] {dag.py:3239} INFO - Sync 1 DAGs
[2025-03-12T14:18:27.991+0000] {logging_mixin.py:190} INFO - [2025-03-12T14:18:27.991+0000] {dag.py:4180} INFO - Setting next_dagrun for example_branch_dop_operator_v3 to 2025-03-12 14:17:00+00:00, run_after=2025-03-12 14:18:00+00:00
[2025-03-12T14:18:28.008+0000] {processor.py:208} INFO - Processing /home/airflow/.local/lib/python3.12/site-packages/airflow/example_dags/example_branch_python_dop_operator_3.py took 0.070 seconds
[2025-03-12T14:19:00.673+0000] {processor.py:186} INFO - Started process (PID=3037) to work on /home/airflow/.local/lib/python3.12/site-packages/airflow/example_dags/example_branch_python_dop_operator_3.py
[2025-03-12T14:19:00.674+0000] {processor.py:914} INFO - Processing file /home/airflow/.local/lib/python3.12/site-packages/airflow/example_dags/example_branch_python_dop_operator_3.py for tasks to queue
[2025-03-12T14:19:00.676+0000] {logging_mixin.py:190} INFO - [2025-03-12T14:19:00.676+0000] {dagbag.py:588} INFO - Filling up the DagBag from /home/airflow/.local/lib/python3.12/site-packages/airflow/example_dags/example_branch_python_dop_operator_3.py
[2025-03-12T14:19:00.685+0000] {processor.py:925} INFO - DAG(s) 'example_branch_dop_operator_v3' retrieved from /home/airflow/.local/lib/python3.12/site-packages/airflow/example_dags/example_branch_python_dop_operator_3.py
[2025-03-12T14:19:00.701+0000] {logging_mixin.py:190} INFO - [2025-03-12T14:19:00.701+0000] {dag.py:3239} INFO - Sync 1 DAGs
[2025-03-12T14:19:00.720+0000] {logging_mixin.py:190} INFO - [2025-03-12T14:19:00.720+0000] {dag.py:4180} INFO - Setting next_dagrun for example_branch_dop_operator_v3 to 2025-03-12 14:18:00+00:00, run_after=2025-03-12 14:19:00+00:00
[2025-03-12T14:19:00.737+0000] {processor.py:208} INFO - Processing /home/airflow/.local/lib/python3.12/site-packages/airflow/example_dags/example_branch_python_dop_operator_3.py took 0.070 seconds
[2025-03-12T14:19:34.910+0000] {processor.py:186} INFO - Started process (PID=3343) to work on /home/airflow/.local/lib/python3.12/site-packages/airflow/example_dags/example_branch_python_dop_operator_3.py
[2025-03-12T14:19:34.911+0000] {processor.py:914} INFO - Processing file /home/airflow/.local/lib/python3.12/site-packages/airflow/example_dags/example_branch_python_dop_operator_3.py for tasks to queue
[2025-03-12T14:19:34.912+0000] {logging_mixin.py:190} INFO - [2025-03-12T14:19:34.912+0000] {dagbag.py:588} INFO - Filling up the DagBag from /home/airflow/.local/lib/python3.12/site-packages/airflow/example_dags/example_branch_python_dop_operator_3.py
[2025-03-12T14:19:34.921+0000] {processor.py:925} INFO - DAG(s) 'example_branch_dop_operator_v3' retrieved from /home/airflow/.local/lib/python3.12/site-packages/airflow/example_dags/example_branch_python_dop_operator_3.py
[2025-03-12T14:19:34.939+0000] {logging_mixin.py:190} INFO - [2025-03-12T14:19:34.939+0000] {dag.py:3239} INFO - Sync 1 DAGs
[2025-03-12T14:19:34.963+0000] {logging_mixin.py:190} INFO - [2025-03-12T14:19:34.963+0000] {dag.py:4180} INFO - Setting next_dagrun for example_branch_dop_operator_v3 to 2025-03-12 14:18:00+00:00, run_after=2025-03-12 14:19:00+00:00
[2025-03-12T14:19:34.980+0000] {processor.py:208} INFO - Processing /home/airflow/.local/lib/python3.12/site-packages/airflow/example_dags/example_branch_python_dop_operator_3.py took 0.075 seconds
