[2025-03-12T13:45:00.556+0000] {processor.py:186} INFO - Started process (PID=327) to work on /home/airflow/.local/lib/python3.12/site-packages/airflow/example_dags/example_python_operator.py
[2025-03-12T13:45:00.557+0000] {processor.py:914} INFO - Processing file /home/airflow/.local/lib/python3.12/site-packages/airflow/example_dags/example_python_operator.py for tasks to queue
[2025-03-12T13:45:00.560+0000] {logging_mixin.py:190} INFO - [2025-03-12T13:45:00.560+0000] {dagbag.py:588} INFO - Filling up the DagBag from /home/airflow/.local/lib/python3.12/site-packages/airflow/example_dags/example_python_operator.py
[2025-03-12T13:45:00.575+0000] {processor.py:925} INFO - DAG(s) 'example_python_operator' retrieved from /home/airflow/.local/lib/python3.12/site-packages/airflow/example_dags/example_python_operator.py
[2025-03-12T13:45:00.683+0000] {logging_mixin.py:190} INFO - [2025-03-12T13:45:00.682+0000] {override.py:1912} INFO - Created Permission View: can edit on DAG:example_python_operator
[2025-03-12T13:45:00.693+0000] {logging_mixin.py:190} INFO - [2025-03-12T13:45:00.693+0000] {override.py:1912} INFO - Created Permission View: can delete on DAG:example_python_operator
[2025-03-12T13:45:00.700+0000] {logging_mixin.py:190} INFO - [2025-03-12T13:45:00.700+0000] {override.py:1912} INFO - Created Permission View: can read on DAG:example_python_operator
[2025-03-12T13:45:00.710+0000] {logging_mixin.py:190} INFO - [2025-03-12T13:45:00.709+0000] {override.py:1912} INFO - Created Permission View: can delete on DAG Run:example_python_operator
[2025-03-12T13:45:00.718+0000] {logging_mixin.py:190} INFO - [2025-03-12T13:45:00.718+0000] {override.py:1912} INFO - Created Permission View: menu access on DAG Run:example_python_operator
[2025-03-12T13:45:00.726+0000] {logging_mixin.py:190} INFO - [2025-03-12T13:45:00.726+0000] {override.py:1912} INFO - Created Permission View: can create on DAG Run:example_python_operator
[2025-03-12T13:45:00.733+0000] {logging_mixin.py:190} INFO - [2025-03-12T13:45:00.733+0000] {override.py:1912} INFO - Created Permission View: can read on DAG Run:example_python_operator
[2025-03-12T13:45:00.734+0000] {logging_mixin.py:190} INFO - [2025-03-12T13:45:00.734+0000] {dag.py:3239} INFO - Sync 1 DAGs
[2025-03-12T13:45:00.751+0000] {logging_mixin.py:190} INFO - [2025-03-12T13:45:00.751+0000] {dag.py:3262} INFO - Creating ORM DAG for example_python_operator
[2025-03-12T13:45:00.752+0000] {logging_mixin.py:190} INFO - [2025-03-12T13:45:00.752+0000] {dag.py:4180} INFO - Setting next_dagrun for example_python_operator to None, run_after=None
[2025-03-12T13:45:00.776+0000] {processor.py:208} INFO - Processing /home/airflow/.local/lib/python3.12/site-packages/airflow/example_dags/example_python_operator.py took 0.226 seconds
[2025-03-12T13:45:30.936+0000] {processor.py:186} INFO - Started process (PID=622) to work on /home/airflow/.local/lib/python3.12/site-packages/airflow/example_dags/example_python_operator.py
[2025-03-12T13:45:30.937+0000] {processor.py:914} INFO - Processing file /home/airflow/.local/lib/python3.12/site-packages/airflow/example_dags/example_python_operator.py for tasks to queue
[2025-03-12T13:45:30.938+0000] {logging_mixin.py:190} INFO - [2025-03-12T13:45:30.938+0000] {dagbag.py:588} INFO - Filling up the DagBag from /home/airflow/.local/lib/python3.12/site-packages/airflow/example_dags/example_python_operator.py
[2025-03-12T13:45:30.947+0000] {processor.py:925} INFO - DAG(s) 'example_python_operator' retrieved from /home/airflow/.local/lib/python3.12/site-packages/airflow/example_dags/example_python_operator.py
[2025-03-12T13:45:30.968+0000] {logging_mixin.py:190} INFO - [2025-03-12T13:45:30.967+0000] {dag.py:3239} INFO - Sync 1 DAGs
[2025-03-12T13:45:30.984+0000] {logging_mixin.py:190} INFO - [2025-03-12T13:45:30.983+0000] {dag.py:4180} INFO - Setting next_dagrun for example_python_operator to None, run_after=None
[2025-03-12T13:45:31.008+0000] {processor.py:208} INFO - Processing /home/airflow/.local/lib/python3.12/site-packages/airflow/example_dags/example_python_operator.py took 0.076 seconds
[2025-03-12T13:46:01.273+0000] {processor.py:186} INFO - Started process (PID=928) to work on /home/airflow/.local/lib/python3.12/site-packages/airflow/example_dags/example_python_operator.py
[2025-03-12T13:46:01.274+0000] {processor.py:914} INFO - Processing file /home/airflow/.local/lib/python3.12/site-packages/airflow/example_dags/example_python_operator.py for tasks to queue
[2025-03-12T13:46:01.276+0000] {logging_mixin.py:190} INFO - [2025-03-12T13:46:01.275+0000] {dagbag.py:588} INFO - Filling up the DagBag from /home/airflow/.local/lib/python3.12/site-packages/airflow/example_dags/example_python_operator.py
[2025-03-12T13:46:01.286+0000] {processor.py:925} INFO - DAG(s) 'example_python_operator' retrieved from /home/airflow/.local/lib/python3.12/site-packages/airflow/example_dags/example_python_operator.py
[2025-03-12T13:46:01.306+0000] {logging_mixin.py:190} INFO - [2025-03-12T13:46:01.306+0000] {dag.py:3239} INFO - Sync 1 DAGs
[2025-03-12T13:46:01.318+0000] {logging_mixin.py:190} INFO - [2025-03-12T13:46:01.318+0000] {dag.py:4180} INFO - Setting next_dagrun for example_python_operator to None, run_after=None
[2025-03-12T13:46:01.334+0000] {processor.py:208} INFO - Processing /home/airflow/.local/lib/python3.12/site-packages/airflow/example_dags/example_python_operator.py took 0.066 seconds
[2025-03-12T13:47:03.127+0000] {processor.py:186} INFO - Started process (PID=314) to work on /home/airflow/.local/lib/python3.12/site-packages/airflow/example_dags/example_python_operator.py
[2025-03-12T13:47:03.129+0000] {processor.py:914} INFO - Processing file /home/airflow/.local/lib/python3.12/site-packages/airflow/example_dags/example_python_operator.py for tasks to queue
[2025-03-12T13:47:03.131+0000] {logging_mixin.py:190} INFO - [2025-03-12T13:47:03.131+0000] {dagbag.py:588} INFO - Filling up the DagBag from /home/airflow/.local/lib/python3.12/site-packages/airflow/example_dags/example_python_operator.py
[2025-03-12T13:47:03.143+0000] {processor.py:925} INFO - DAG(s) 'example_python_operator' retrieved from /home/airflow/.local/lib/python3.12/site-packages/airflow/example_dags/example_python_operator.py
[2025-03-12T13:47:03.252+0000] {logging_mixin.py:190} INFO - [2025-03-12T13:47:03.252+0000] {dag.py:3239} INFO - Sync 1 DAGs
[2025-03-12T13:47:03.265+0000] {logging_mixin.py:190} INFO - [2025-03-12T13:47:03.264+0000] {dag.py:4180} INFO - Setting next_dagrun for example_python_operator to None, run_after=None
[2025-03-12T13:47:03.285+0000] {processor.py:208} INFO - Processing /home/airflow/.local/lib/python3.12/site-packages/airflow/example_dags/example_python_operator.py took 0.163 seconds
[2025-03-12T13:47:34.168+0000] {processor.py:186} INFO - Started process (PID=614) to work on /home/airflow/.local/lib/python3.12/site-packages/airflow/example_dags/example_python_operator.py
[2025-03-12T13:47:34.168+0000] {processor.py:914} INFO - Processing file /home/airflow/.local/lib/python3.12/site-packages/airflow/example_dags/example_python_operator.py for tasks to queue
[2025-03-12T13:47:34.170+0000] {logging_mixin.py:190} INFO - [2025-03-12T13:47:34.170+0000] {dagbag.py:588} INFO - Filling up the DagBag from /home/airflow/.local/lib/python3.12/site-packages/airflow/example_dags/example_python_operator.py
[2025-03-12T13:47:34.179+0000] {processor.py:925} INFO - DAG(s) 'example_python_operator' retrieved from /home/airflow/.local/lib/python3.12/site-packages/airflow/example_dags/example_python_operator.py
[2025-03-12T13:47:34.198+0000] {logging_mixin.py:190} INFO - [2025-03-12T13:47:34.198+0000] {dag.py:3239} INFO - Sync 1 DAGs
[2025-03-12T13:47:34.209+0000] {logging_mixin.py:190} INFO - [2025-03-12T13:47:34.209+0000] {dag.py:4180} INFO - Setting next_dagrun for example_python_operator to None, run_after=None
[2025-03-12T13:47:34.223+0000] {processor.py:208} INFO - Processing /home/airflow/.local/lib/python3.12/site-packages/airflow/example_dags/example_python_operator.py took 0.060 seconds
[2025-03-12T13:48:04.930+0000] {processor.py:186} INFO - Started process (PID=915) to work on /home/airflow/.local/lib/python3.12/site-packages/airflow/example_dags/example_python_operator.py
[2025-03-12T13:48:04.931+0000] {processor.py:914} INFO - Processing file /home/airflow/.local/lib/python3.12/site-packages/airflow/example_dags/example_python_operator.py for tasks to queue
[2025-03-12T13:48:04.933+0000] {logging_mixin.py:190} INFO - [2025-03-12T13:48:04.932+0000] {dagbag.py:588} INFO - Filling up the DagBag from /home/airflow/.local/lib/python3.12/site-packages/airflow/example_dags/example_python_operator.py
[2025-03-12T13:48:04.942+0000] {processor.py:925} INFO - DAG(s) 'example_python_operator' retrieved from /home/airflow/.local/lib/python3.12/site-packages/airflow/example_dags/example_python_operator.py
[2025-03-12T13:48:04.959+0000] {logging_mixin.py:190} INFO - [2025-03-12T13:48:04.959+0000] {dag.py:3239} INFO - Sync 1 DAGs
[2025-03-12T13:48:04.972+0000] {logging_mixin.py:190} INFO - [2025-03-12T13:48:04.972+0000] {dag.py:4180} INFO - Setting next_dagrun for example_python_operator to None, run_after=None
[2025-03-12T13:48:04.992+0000] {processor.py:208} INFO - Processing /home/airflow/.local/lib/python3.12/site-packages/airflow/example_dags/example_python_operator.py took 0.066 seconds
[2025-03-12T13:48:35.116+0000] {processor.py:186} INFO - Started process (PID=1221) to work on /home/airflow/.local/lib/python3.12/site-packages/airflow/example_dags/example_python_operator.py
[2025-03-12T13:48:35.117+0000] {processor.py:914} INFO - Processing file /home/airflow/.local/lib/python3.12/site-packages/airflow/example_dags/example_python_operator.py for tasks to queue
[2025-03-12T13:48:35.119+0000] {logging_mixin.py:190} INFO - [2025-03-12T13:48:35.119+0000] {dagbag.py:588} INFO - Filling up the DagBag from /home/airflow/.local/lib/python3.12/site-packages/airflow/example_dags/example_python_operator.py
[2025-03-12T13:48:35.128+0000] {processor.py:925} INFO - DAG(s) 'example_python_operator' retrieved from /home/airflow/.local/lib/python3.12/site-packages/airflow/example_dags/example_python_operator.py
[2025-03-12T13:48:35.148+0000] {logging_mixin.py:190} INFO - [2025-03-12T13:48:35.148+0000] {dag.py:3239} INFO - Sync 1 DAGs
[2025-03-12T13:48:35.161+0000] {logging_mixin.py:190} INFO - [2025-03-12T13:48:35.161+0000] {dag.py:4180} INFO - Setting next_dagrun for example_python_operator to None, run_after=None
[2025-03-12T13:48:35.178+0000] {processor.py:208} INFO - Processing /home/airflow/.local/lib/python3.12/site-packages/airflow/example_dags/example_python_operator.py took 0.066 seconds
[2025-03-12T13:49:05.783+0000] {processor.py:186} INFO - Started process (PID=1523) to work on /home/airflow/.local/lib/python3.12/site-packages/airflow/example_dags/example_python_operator.py
[2025-03-12T13:49:05.783+0000] {processor.py:914} INFO - Processing file /home/airflow/.local/lib/python3.12/site-packages/airflow/example_dags/example_python_operator.py for tasks to queue
[2025-03-12T13:49:05.785+0000] {logging_mixin.py:190} INFO - [2025-03-12T13:49:05.785+0000] {dagbag.py:588} INFO - Filling up the DagBag from /home/airflow/.local/lib/python3.12/site-packages/airflow/example_dags/example_python_operator.py
[2025-03-12T13:49:05.801+0000] {processor.py:925} INFO - DAG(s) 'example_python_operator' retrieved from /home/airflow/.local/lib/python3.12/site-packages/airflow/example_dags/example_python_operator.py
[2025-03-12T13:49:05.823+0000] {logging_mixin.py:190} INFO - [2025-03-12T13:49:05.822+0000] {dag.py:3239} INFO - Sync 1 DAGs
[2025-03-12T13:49:05.837+0000] {logging_mixin.py:190} INFO - [2025-03-12T13:49:05.837+0000] {dag.py:4180} INFO - Setting next_dagrun for example_python_operator to None, run_after=None
[2025-03-12T13:49:05.854+0000] {processor.py:208} INFO - Processing /home/airflow/.local/lib/python3.12/site-packages/airflow/example_dags/example_python_operator.py took 0.076 seconds
[2025-03-12T13:49:36.464+0000] {processor.py:186} INFO - Started process (PID=1829) to work on /home/airflow/.local/lib/python3.12/site-packages/airflow/example_dags/example_python_operator.py
[2025-03-12T13:49:36.465+0000] {processor.py:914} INFO - Processing file /home/airflow/.local/lib/python3.12/site-packages/airflow/example_dags/example_python_operator.py for tasks to queue
[2025-03-12T13:49:36.467+0000] {logging_mixin.py:190} INFO - [2025-03-12T13:49:36.466+0000] {dagbag.py:588} INFO - Filling up the DagBag from /home/airflow/.local/lib/python3.12/site-packages/airflow/example_dags/example_python_operator.py
[2025-03-12T13:49:36.478+0000] {processor.py:925} INFO - DAG(s) 'example_python_operator' retrieved from /home/airflow/.local/lib/python3.12/site-packages/airflow/example_dags/example_python_operator.py
[2025-03-12T13:49:36.499+0000] {logging_mixin.py:190} INFO - [2025-03-12T13:49:36.498+0000] {dag.py:3239} INFO - Sync 1 DAGs
[2025-03-12T13:49:36.514+0000] {logging_mixin.py:190} INFO - [2025-03-12T13:49:36.514+0000] {dag.py:4180} INFO - Setting next_dagrun for example_python_operator to None, run_after=None
[2025-03-12T13:49:36.536+0000] {processor.py:208} INFO - Processing /home/airflow/.local/lib/python3.12/site-packages/airflow/example_dags/example_python_operator.py took 0.077 seconds
[2025-03-12T13:50:07.579+0000] {processor.py:186} INFO - Started process (PID=2137) to work on /home/airflow/.local/lib/python3.12/site-packages/airflow/example_dags/example_python_operator.py
[2025-03-12T13:50:07.579+0000] {processor.py:914} INFO - Processing file /home/airflow/.local/lib/python3.12/site-packages/airflow/example_dags/example_python_operator.py for tasks to queue
[2025-03-12T13:50:07.581+0000] {logging_mixin.py:190} INFO - [2025-03-12T13:50:07.581+0000] {dagbag.py:588} INFO - Filling up the DagBag from /home/airflow/.local/lib/python3.12/site-packages/airflow/example_dags/example_python_operator.py
[2025-03-12T13:50:07.590+0000] {processor.py:925} INFO - DAG(s) 'example_python_operator' retrieved from /home/airflow/.local/lib/python3.12/site-packages/airflow/example_dags/example_python_operator.py
[2025-03-12T13:50:07.610+0000] {logging_mixin.py:190} INFO - [2025-03-12T13:50:07.609+0000] {dag.py:3239} INFO - Sync 1 DAGs
[2025-03-12T13:50:07.620+0000] {logging_mixin.py:190} INFO - [2025-03-12T13:50:07.620+0000] {dag.py:4180} INFO - Setting next_dagrun for example_python_operator to None, run_after=None
[2025-03-12T13:50:07.635+0000] {processor.py:208} INFO - Processing /home/airflow/.local/lib/python3.12/site-packages/airflow/example_dags/example_python_operator.py took 0.060 seconds
[2025-03-12T13:50:42.154+0000] {processor.py:186} INFO - Started process (PID=2452) to work on /home/airflow/.local/lib/python3.12/site-packages/airflow/example_dags/example_python_operator.py
[2025-03-12T13:50:42.154+0000] {processor.py:914} INFO - Processing file /home/airflow/.local/lib/python3.12/site-packages/airflow/example_dags/example_python_operator.py for tasks to queue
[2025-03-12T13:50:42.156+0000] {logging_mixin.py:190} INFO - [2025-03-12T13:50:42.156+0000] {dagbag.py:588} INFO - Filling up the DagBag from /home/airflow/.local/lib/python3.12/site-packages/airflow/example_dags/example_python_operator.py
[2025-03-12T13:50:42.168+0000] {processor.py:925} INFO - DAG(s) 'example_python_operator' retrieved from /home/airflow/.local/lib/python3.12/site-packages/airflow/example_dags/example_python_operator.py
[2025-03-12T13:50:42.186+0000] {logging_mixin.py:190} INFO - [2025-03-12T13:50:42.186+0000] {dag.py:3239} INFO - Sync 1 DAGs
[2025-03-12T13:50:42.196+0000] {logging_mixin.py:190} INFO - [2025-03-12T13:50:42.196+0000] {dag.py:4180} INFO - Setting next_dagrun for example_python_operator to None, run_after=None
[2025-03-12T13:50:42.210+0000] {processor.py:208} INFO - Processing /home/airflow/.local/lib/python3.12/site-packages/airflow/example_dags/example_python_operator.py took 0.061 seconds
[2025-03-12T13:51:14.754+0000] {processor.py:186} INFO - Started process (PID=2758) to work on /home/airflow/.local/lib/python3.12/site-packages/airflow/example_dags/example_python_operator.py
[2025-03-12T13:51:14.755+0000] {processor.py:914} INFO - Processing file /home/airflow/.local/lib/python3.12/site-packages/airflow/example_dags/example_python_operator.py for tasks to queue
[2025-03-12T13:51:14.757+0000] {logging_mixin.py:190} INFO - [2025-03-12T13:51:14.757+0000] {dagbag.py:588} INFO - Filling up the DagBag from /home/airflow/.local/lib/python3.12/site-packages/airflow/example_dags/example_python_operator.py
[2025-03-12T13:51:14.765+0000] {processor.py:925} INFO - DAG(s) 'example_python_operator' retrieved from /home/airflow/.local/lib/python3.12/site-packages/airflow/example_dags/example_python_operator.py
[2025-03-12T13:51:14.782+0000] {logging_mixin.py:190} INFO - [2025-03-12T13:51:14.782+0000] {dag.py:3239} INFO - Sync 1 DAGs
[2025-03-12T13:51:14.792+0000] {logging_mixin.py:190} INFO - [2025-03-12T13:51:14.792+0000] {dag.py:4180} INFO - Setting next_dagrun for example_python_operator to None, run_after=None
[2025-03-12T13:51:14.807+0000] {processor.py:208} INFO - Processing /home/airflow/.local/lib/python3.12/site-packages/airflow/example_dags/example_python_operator.py took 0.056 seconds
[2025-03-12T13:51:47.803+0000] {processor.py:186} INFO - Started process (PID=3064) to work on /home/airflow/.local/lib/python3.12/site-packages/airflow/example_dags/example_python_operator.py
[2025-03-12T13:51:47.804+0000] {processor.py:914} INFO - Processing file /home/airflow/.local/lib/python3.12/site-packages/airflow/example_dags/example_python_operator.py for tasks to queue
[2025-03-12T13:51:47.806+0000] {logging_mixin.py:190} INFO - [2025-03-12T13:51:47.806+0000] {dagbag.py:588} INFO - Filling up the DagBag from /home/airflow/.local/lib/python3.12/site-packages/airflow/example_dags/example_python_operator.py
[2025-03-12T13:51:47.816+0000] {processor.py:925} INFO - DAG(s) 'example_python_operator' retrieved from /home/airflow/.local/lib/python3.12/site-packages/airflow/example_dags/example_python_operator.py
[2025-03-12T13:51:47.835+0000] {logging_mixin.py:190} INFO - [2025-03-12T13:51:47.835+0000] {dag.py:3239} INFO - Sync 1 DAGs
[2025-03-12T13:51:47.846+0000] {logging_mixin.py:190} INFO - [2025-03-12T13:51:47.845+0000] {dag.py:4180} INFO - Setting next_dagrun for example_python_operator to None, run_after=None
[2025-03-12T13:51:47.860+0000] {processor.py:208} INFO - Processing /home/airflow/.local/lib/python3.12/site-packages/airflow/example_dags/example_python_operator.py took 0.061 seconds
[2025-03-12T13:52:21.673+0000] {processor.py:186} INFO - Started process (PID=3370) to work on /home/airflow/.local/lib/python3.12/site-packages/airflow/example_dags/example_python_operator.py
[2025-03-12T13:52:21.673+0000] {processor.py:914} INFO - Processing file /home/airflow/.local/lib/python3.12/site-packages/airflow/example_dags/example_python_operator.py for tasks to queue
[2025-03-12T13:52:21.675+0000] {logging_mixin.py:190} INFO - [2025-03-12T13:52:21.675+0000] {dagbag.py:588} INFO - Filling up the DagBag from /home/airflow/.local/lib/python3.12/site-packages/airflow/example_dags/example_python_operator.py
[2025-03-12T13:52:21.684+0000] {processor.py:925} INFO - DAG(s) 'example_python_operator' retrieved from /home/airflow/.local/lib/python3.12/site-packages/airflow/example_dags/example_python_operator.py
[2025-03-12T13:52:21.700+0000] {logging_mixin.py:190} INFO - [2025-03-12T13:52:21.700+0000] {dag.py:3239} INFO - Sync 1 DAGs
[2025-03-12T13:52:21.710+0000] {logging_mixin.py:190} INFO - [2025-03-12T13:52:21.710+0000] {dag.py:4180} INFO - Setting next_dagrun for example_python_operator to None, run_after=None
[2025-03-12T13:52:21.724+0000] {processor.py:208} INFO - Processing /home/airflow/.local/lib/python3.12/site-packages/airflow/example_dags/example_python_operator.py took 0.055 seconds
[2025-03-12T13:52:56.988+0000] {processor.py:186} INFO - Started process (PID=3676) to work on /home/airflow/.local/lib/python3.12/site-packages/airflow/example_dags/example_python_operator.py
[2025-03-12T13:52:56.991+0000] {processor.py:914} INFO - Processing file /home/airflow/.local/lib/python3.12/site-packages/airflow/example_dags/example_python_operator.py for tasks to queue
[2025-03-12T13:52:56.995+0000] {logging_mixin.py:190} INFO - [2025-03-12T13:52:56.994+0000] {dagbag.py:588} INFO - Filling up the DagBag from /home/airflow/.local/lib/python3.12/site-packages/airflow/example_dags/example_python_operator.py
[2025-03-12T13:52:57.022+0000] {processor.py:925} INFO - DAG(s) 'example_python_operator' retrieved from /home/airflow/.local/lib/python3.12/site-packages/airflow/example_dags/example_python_operator.py
[2025-03-12T13:52:57.062+0000] {logging_mixin.py:190} INFO - [2025-03-12T13:52:57.061+0000] {dag.py:3239} INFO - Sync 1 DAGs
[2025-03-12T13:52:57.092+0000] {logging_mixin.py:190} INFO - [2025-03-12T13:52:57.091+0000] {dag.py:4180} INFO - Setting next_dagrun for example_python_operator to None, run_after=None
[2025-03-12T13:52:57.142+0000] {processor.py:208} INFO - Processing /home/airflow/.local/lib/python3.12/site-packages/airflow/example_dags/example_python_operator.py took 0.168 seconds
[2025-03-12T13:53:28.984+0000] {processor.py:186} INFO - Started process (PID=3982) to work on /home/airflow/.local/lib/python3.12/site-packages/airflow/example_dags/example_python_operator.py
[2025-03-12T13:53:28.984+0000] {processor.py:914} INFO - Processing file /home/airflow/.local/lib/python3.12/site-packages/airflow/example_dags/example_python_operator.py for tasks to queue
[2025-03-12T13:53:28.987+0000] {logging_mixin.py:190} INFO - [2025-03-12T13:53:28.987+0000] {dagbag.py:588} INFO - Filling up the DagBag from /home/airflow/.local/lib/python3.12/site-packages/airflow/example_dags/example_python_operator.py
[2025-03-12T13:53:28.999+0000] {processor.py:925} INFO - DAG(s) 'example_python_operator' retrieved from /home/airflow/.local/lib/python3.12/site-packages/airflow/example_dags/example_python_operator.py
[2025-03-12T13:53:29.023+0000] {logging_mixin.py:190} INFO - [2025-03-12T13:53:29.022+0000] {dag.py:3239} INFO - Sync 1 DAGs
[2025-03-12T13:53:29.039+0000] {logging_mixin.py:190} INFO - [2025-03-12T13:53:29.039+0000] {dag.py:4180} INFO - Setting next_dagrun for example_python_operator to None, run_after=None
[2025-03-12T13:53:29.060+0000] {processor.py:208} INFO - Processing /home/airflow/.local/lib/python3.12/site-packages/airflow/example_dags/example_python_operator.py took 0.082 seconds
[2025-03-12T13:54:01.487+0000] {processor.py:186} INFO - Started process (PID=4288) to work on /home/airflow/.local/lib/python3.12/site-packages/airflow/example_dags/example_python_operator.py
[2025-03-12T13:54:01.489+0000] {processor.py:914} INFO - Processing file /home/airflow/.local/lib/python3.12/site-packages/airflow/example_dags/example_python_operator.py for tasks to queue
[2025-03-12T13:54:01.491+0000] {logging_mixin.py:190} INFO - [2025-03-12T13:54:01.491+0000] {dagbag.py:588} INFO - Filling up the DagBag from /home/airflow/.local/lib/python3.12/site-packages/airflow/example_dags/example_python_operator.py
[2025-03-12T13:54:01.504+0000] {processor.py:925} INFO - DAG(s) 'example_python_operator' retrieved from /home/airflow/.local/lib/python3.12/site-packages/airflow/example_dags/example_python_operator.py
[2025-03-12T13:54:01.530+0000] {logging_mixin.py:190} INFO - [2025-03-12T13:54:01.530+0000] {dag.py:3239} INFO - Sync 1 DAGs
[2025-03-12T13:54:01.550+0000] {logging_mixin.py:190} INFO - [2025-03-12T13:54:01.550+0000] {dag.py:4180} INFO - Setting next_dagrun for example_python_operator to None, run_after=None
[2025-03-12T13:54:01.573+0000] {processor.py:208} INFO - Processing /home/airflow/.local/lib/python3.12/site-packages/airflow/example_dags/example_python_operator.py took 0.092 seconds
[2025-03-12T13:54:35.146+0000] {processor.py:186} INFO - Started process (PID=4594) to work on /home/airflow/.local/lib/python3.12/site-packages/airflow/example_dags/example_python_operator.py
[2025-03-12T13:54:35.147+0000] {processor.py:914} INFO - Processing file /home/airflow/.local/lib/python3.12/site-packages/airflow/example_dags/example_python_operator.py for tasks to queue
[2025-03-12T13:54:35.150+0000] {logging_mixin.py:190} INFO - [2025-03-12T13:54:35.149+0000] {dagbag.py:588} INFO - Filling up the DagBag from /home/airflow/.local/lib/python3.12/site-packages/airflow/example_dags/example_python_operator.py
[2025-03-12T13:54:35.164+0000] {processor.py:925} INFO - DAG(s) 'example_python_operator' retrieved from /home/airflow/.local/lib/python3.12/site-packages/airflow/example_dags/example_python_operator.py
[2025-03-12T13:54:35.186+0000] {logging_mixin.py:190} INFO - [2025-03-12T13:54:35.186+0000] {dag.py:3239} INFO - Sync 1 DAGs
[2025-03-12T13:54:35.206+0000] {logging_mixin.py:190} INFO - [2025-03-12T13:54:35.206+0000] {dag.py:4180} INFO - Setting next_dagrun for example_python_operator to None, run_after=None
[2025-03-12T13:54:35.227+0000] {processor.py:208} INFO - Processing /home/airflow/.local/lib/python3.12/site-packages/airflow/example_dags/example_python_operator.py took 0.087 seconds
[2025-03-12T13:55:09.083+0000] {processor.py:186} INFO - Started process (PID=4900) to work on /home/airflow/.local/lib/python3.12/site-packages/airflow/example_dags/example_python_operator.py
[2025-03-12T13:55:09.083+0000] {processor.py:914} INFO - Processing file /home/airflow/.local/lib/python3.12/site-packages/airflow/example_dags/example_python_operator.py for tasks to queue
[2025-03-12T13:55:09.085+0000] {logging_mixin.py:190} INFO - [2025-03-12T13:55:09.085+0000] {dagbag.py:588} INFO - Filling up the DagBag from /home/airflow/.local/lib/python3.12/site-packages/airflow/example_dags/example_python_operator.py
[2025-03-12T13:55:09.096+0000] {processor.py:925} INFO - DAG(s) 'example_python_operator' retrieved from /home/airflow/.local/lib/python3.12/site-packages/airflow/example_dags/example_python_operator.py
[2025-03-12T13:55:09.116+0000] {logging_mixin.py:190} INFO - [2025-03-12T13:55:09.116+0000] {dag.py:3239} INFO - Sync 1 DAGs
[2025-03-12T13:55:09.128+0000] {logging_mixin.py:190} INFO - [2025-03-12T13:55:09.128+0000] {dag.py:4180} INFO - Setting next_dagrun for example_python_operator to None, run_after=None
[2025-03-12T13:55:09.143+0000] {processor.py:208} INFO - Processing /home/airflow/.local/lib/python3.12/site-packages/airflow/example_dags/example_python_operator.py took 0.065 seconds
[2025-03-12T13:55:41.069+0000] {processor.py:186} INFO - Started process (PID=5206) to work on /home/airflow/.local/lib/python3.12/site-packages/airflow/example_dags/example_python_operator.py
[2025-03-12T13:55:41.070+0000] {processor.py:914} INFO - Processing file /home/airflow/.local/lib/python3.12/site-packages/airflow/example_dags/example_python_operator.py for tasks to queue
[2025-03-12T13:55:41.072+0000] {logging_mixin.py:190} INFO - [2025-03-12T13:55:41.072+0000] {dagbag.py:588} INFO - Filling up the DagBag from /home/airflow/.local/lib/python3.12/site-packages/airflow/example_dags/example_python_operator.py
[2025-03-12T13:55:41.083+0000] {processor.py:925} INFO - DAG(s) 'example_python_operator' retrieved from /home/airflow/.local/lib/python3.12/site-packages/airflow/example_dags/example_python_operator.py
[2025-03-12T13:55:41.104+0000] {logging_mixin.py:190} INFO - [2025-03-12T13:55:41.104+0000] {dag.py:3239} INFO - Sync 1 DAGs
[2025-03-12T13:55:41.115+0000] {logging_mixin.py:190} INFO - [2025-03-12T13:55:41.115+0000] {dag.py:4180} INFO - Setting next_dagrun for example_python_operator to None, run_after=None
[2025-03-12T13:55:41.128+0000] {processor.py:208} INFO - Processing /home/airflow/.local/lib/python3.12/site-packages/airflow/example_dags/example_python_operator.py took 0.064 seconds
[2025-03-12T13:56:14.985+0000] {processor.py:186} INFO - Started process (PID=5512) to work on /home/airflow/.local/lib/python3.12/site-packages/airflow/example_dags/example_python_operator.py
[2025-03-12T13:56:14.986+0000] {processor.py:914} INFO - Processing file /home/airflow/.local/lib/python3.12/site-packages/airflow/example_dags/example_python_operator.py for tasks to queue
[2025-03-12T13:56:14.988+0000] {logging_mixin.py:190} INFO - [2025-03-12T13:56:14.987+0000] {dagbag.py:588} INFO - Filling up the DagBag from /home/airflow/.local/lib/python3.12/site-packages/airflow/example_dags/example_python_operator.py
[2025-03-12T13:56:14.998+0000] {processor.py:925} INFO - DAG(s) 'example_python_operator' retrieved from /home/airflow/.local/lib/python3.12/site-packages/airflow/example_dags/example_python_operator.py
[2025-03-12T13:56:15.019+0000] {logging_mixin.py:190} INFO - [2025-03-12T13:56:15.019+0000] {dag.py:3239} INFO - Sync 1 DAGs
[2025-03-12T13:56:15.034+0000] {logging_mixin.py:190} INFO - [2025-03-12T13:56:15.034+0000] {dag.py:4180} INFO - Setting next_dagrun for example_python_operator to None, run_after=None
[2025-03-12T13:56:15.050+0000] {processor.py:208} INFO - Processing /home/airflow/.local/lib/python3.12/site-packages/airflow/example_dags/example_python_operator.py took 0.070 seconds
[2025-03-12T13:56:48.399+0000] {processor.py:186} INFO - Started process (PID=5818) to work on /home/airflow/.local/lib/python3.12/site-packages/airflow/example_dags/example_python_operator.py
[2025-03-12T13:56:48.400+0000] {processor.py:914} INFO - Processing file /home/airflow/.local/lib/python3.12/site-packages/airflow/example_dags/example_python_operator.py for tasks to queue
[2025-03-12T13:56:48.401+0000] {logging_mixin.py:190} INFO - [2025-03-12T13:56:48.401+0000] {dagbag.py:588} INFO - Filling up the DagBag from /home/airflow/.local/lib/python3.12/site-packages/airflow/example_dags/example_python_operator.py
[2025-03-12T13:56:48.410+0000] {processor.py:925} INFO - DAG(s) 'example_python_operator' retrieved from /home/airflow/.local/lib/python3.12/site-packages/airflow/example_dags/example_python_operator.py
[2025-03-12T13:56:48.427+0000] {logging_mixin.py:190} INFO - [2025-03-12T13:56:48.427+0000] {dag.py:3239} INFO - Sync 1 DAGs
[2025-03-12T13:56:48.438+0000] {logging_mixin.py:190} INFO - [2025-03-12T13:56:48.438+0000] {dag.py:4180} INFO - Setting next_dagrun for example_python_operator to None, run_after=None
[2025-03-12T13:56:48.453+0000] {processor.py:208} INFO - Processing /home/airflow/.local/lib/python3.12/site-packages/airflow/example_dags/example_python_operator.py took 0.058 seconds
[2025-03-12T13:57:21.487+0000] {processor.py:186} INFO - Started process (PID=6124) to work on /home/airflow/.local/lib/python3.12/site-packages/airflow/example_dags/example_python_operator.py
[2025-03-12T13:57:21.488+0000] {processor.py:914} INFO - Processing file /home/airflow/.local/lib/python3.12/site-packages/airflow/example_dags/example_python_operator.py for tasks to queue
[2025-03-12T13:57:21.490+0000] {logging_mixin.py:190} INFO - [2025-03-12T13:57:21.489+0000] {dagbag.py:588} INFO - Filling up the DagBag from /home/airflow/.local/lib/python3.12/site-packages/airflow/example_dags/example_python_operator.py
[2025-03-12T13:57:21.499+0000] {processor.py:925} INFO - DAG(s) 'example_python_operator' retrieved from /home/airflow/.local/lib/python3.12/site-packages/airflow/example_dags/example_python_operator.py
[2025-03-12T13:57:21.517+0000] {logging_mixin.py:190} INFO - [2025-03-12T13:57:21.517+0000] {dag.py:3239} INFO - Sync 1 DAGs
[2025-03-12T13:57:21.528+0000] {logging_mixin.py:190} INFO - [2025-03-12T13:57:21.528+0000] {dag.py:4180} INFO - Setting next_dagrun for example_python_operator to None, run_after=None
[2025-03-12T13:57:21.542+0000] {processor.py:208} INFO - Processing /home/airflow/.local/lib/python3.12/site-packages/airflow/example_dags/example_python_operator.py took 0.059 seconds
[2025-03-12T13:57:55.334+0000] {processor.py:186} INFO - Started process (PID=6430) to work on /home/airflow/.local/lib/python3.12/site-packages/airflow/example_dags/example_python_operator.py
[2025-03-12T13:57:55.335+0000] {processor.py:914} INFO - Processing file /home/airflow/.local/lib/python3.12/site-packages/airflow/example_dags/example_python_operator.py for tasks to queue
[2025-03-12T13:57:55.337+0000] {logging_mixin.py:190} INFO - [2025-03-12T13:57:55.337+0000] {dagbag.py:588} INFO - Filling up the DagBag from /home/airflow/.local/lib/python3.12/site-packages/airflow/example_dags/example_python_operator.py
[2025-03-12T13:57:55.347+0000] {processor.py:925} INFO - DAG(s) 'example_python_operator' retrieved from /home/airflow/.local/lib/python3.12/site-packages/airflow/example_dags/example_python_operator.py
[2025-03-12T13:57:55.372+0000] {logging_mixin.py:190} INFO - [2025-03-12T13:57:55.371+0000] {dag.py:3239} INFO - Sync 1 DAGs
[2025-03-12T13:57:55.383+0000] {logging_mixin.py:190} INFO - [2025-03-12T13:57:55.383+0000] {dag.py:4180} INFO - Setting next_dagrun for example_python_operator to None, run_after=None
[2025-03-12T13:57:55.396+0000] {processor.py:208} INFO - Processing /home/airflow/.local/lib/python3.12/site-packages/airflow/example_dags/example_python_operator.py took 0.066 seconds
[2025-03-12T13:58:28.344+0000] {processor.py:186} INFO - Started process (PID=6736) to work on /home/airflow/.local/lib/python3.12/site-packages/airflow/example_dags/example_python_operator.py
[2025-03-12T13:58:28.346+0000] {processor.py:914} INFO - Processing file /home/airflow/.local/lib/python3.12/site-packages/airflow/example_dags/example_python_operator.py for tasks to queue
[2025-03-12T13:58:28.348+0000] {logging_mixin.py:190} INFO - [2025-03-12T13:58:28.347+0000] {dagbag.py:588} INFO - Filling up the DagBag from /home/airflow/.local/lib/python3.12/site-packages/airflow/example_dags/example_python_operator.py
[2025-03-12T13:58:28.358+0000] {processor.py:925} INFO - DAG(s) 'example_python_operator' retrieved from /home/airflow/.local/lib/python3.12/site-packages/airflow/example_dags/example_python_operator.py
[2025-03-12T13:58:28.376+0000] {logging_mixin.py:190} INFO - [2025-03-12T13:58:28.376+0000] {dag.py:3239} INFO - Sync 1 DAGs
[2025-03-12T13:58:28.388+0000] {logging_mixin.py:190} INFO - [2025-03-12T13:58:28.387+0000] {dag.py:4180} INFO - Setting next_dagrun for example_python_operator to None, run_after=None
[2025-03-12T13:58:28.405+0000] {processor.py:208} INFO - Processing /home/airflow/.local/lib/python3.12/site-packages/airflow/example_dags/example_python_operator.py took 0.064 seconds
[2025-03-12T13:59:02.073+0000] {processor.py:186} INFO - Started process (PID=7042) to work on /home/airflow/.local/lib/python3.12/site-packages/airflow/example_dags/example_python_operator.py
[2025-03-12T13:59:02.075+0000] {processor.py:914} INFO - Processing file /home/airflow/.local/lib/python3.12/site-packages/airflow/example_dags/example_python_operator.py for tasks to queue
[2025-03-12T13:59:02.079+0000] {logging_mixin.py:190} INFO - [2025-03-12T13:59:02.079+0000] {dagbag.py:588} INFO - Filling up the DagBag from /home/airflow/.local/lib/python3.12/site-packages/airflow/example_dags/example_python_operator.py
[2025-03-12T13:59:02.103+0000] {processor.py:925} INFO - DAG(s) 'example_python_operator' retrieved from /home/airflow/.local/lib/python3.12/site-packages/airflow/example_dags/example_python_operator.py
[2025-03-12T13:59:02.143+0000] {logging_mixin.py:190} INFO - [2025-03-12T13:59:02.143+0000] {dag.py:3239} INFO - Sync 1 DAGs
[2025-03-12T13:59:02.170+0000] {logging_mixin.py:190} INFO - [2025-03-12T13:59:02.169+0000] {dag.py:4180} INFO - Setting next_dagrun for example_python_operator to None, run_after=None
[2025-03-12T13:59:02.212+0000] {processor.py:208} INFO - Processing /home/airflow/.local/lib/python3.12/site-packages/airflow/example_dags/example_python_operator.py took 0.149 seconds
[2025-03-12T13:59:34.654+0000] {processor.py:186} INFO - Started process (PID=7348) to work on /home/airflow/.local/lib/python3.12/site-packages/airflow/example_dags/example_python_operator.py
[2025-03-12T13:59:34.655+0000] {processor.py:914} INFO - Processing file /home/airflow/.local/lib/python3.12/site-packages/airflow/example_dags/example_python_operator.py for tasks to queue
[2025-03-12T13:59:34.657+0000] {logging_mixin.py:190} INFO - [2025-03-12T13:59:34.657+0000] {dagbag.py:588} INFO - Filling up the DagBag from /home/airflow/.local/lib/python3.12/site-packages/airflow/example_dags/example_python_operator.py
[2025-03-12T13:59:34.668+0000] {processor.py:925} INFO - DAG(s) 'example_python_operator' retrieved from /home/airflow/.local/lib/python3.12/site-packages/airflow/example_dags/example_python_operator.py
[2025-03-12T13:59:34.687+0000] {logging_mixin.py:190} INFO - [2025-03-12T13:59:34.686+0000] {dag.py:3239} INFO - Sync 1 DAGs
[2025-03-12T13:59:34.697+0000] {logging_mixin.py:190} INFO - [2025-03-12T13:59:34.697+0000] {dag.py:4180} INFO - Setting next_dagrun for example_python_operator to None, run_after=None
[2025-03-12T13:59:34.711+0000] {processor.py:208} INFO - Processing /home/airflow/.local/lib/python3.12/site-packages/airflow/example_dags/example_python_operator.py took 0.061 seconds
[2025-03-12T14:00:08.481+0000] {processor.py:186} INFO - Started process (PID=7654) to work on /home/airflow/.local/lib/python3.12/site-packages/airflow/example_dags/example_python_operator.py
[2025-03-12T14:00:08.481+0000] {processor.py:914} INFO - Processing file /home/airflow/.local/lib/python3.12/site-packages/airflow/example_dags/example_python_operator.py for tasks to queue
[2025-03-12T14:00:08.483+0000] {logging_mixin.py:190} INFO - [2025-03-12T14:00:08.483+0000] {dagbag.py:588} INFO - Filling up the DagBag from /home/airflow/.local/lib/python3.12/site-packages/airflow/example_dags/example_python_operator.py
[2025-03-12T14:00:08.492+0000] {processor.py:925} INFO - DAG(s) 'example_python_operator' retrieved from /home/airflow/.local/lib/python3.12/site-packages/airflow/example_dags/example_python_operator.py
[2025-03-12T14:00:08.510+0000] {logging_mixin.py:190} INFO - [2025-03-12T14:00:08.509+0000] {dag.py:3239} INFO - Sync 1 DAGs
[2025-03-12T14:00:08.521+0000] {logging_mixin.py:190} INFO - [2025-03-12T14:00:08.521+0000] {dag.py:4180} INFO - Setting next_dagrun for example_python_operator to None, run_after=None
[2025-03-12T14:00:08.538+0000] {processor.py:208} INFO - Processing /home/airflow/.local/lib/python3.12/site-packages/airflow/example_dags/example_python_operator.py took 0.061 seconds
[2025-03-12T14:00:41.194+0000] {processor.py:186} INFO - Started process (PID=7960) to work on /home/airflow/.local/lib/python3.12/site-packages/airflow/example_dags/example_python_operator.py
[2025-03-12T14:00:41.195+0000] {processor.py:914} INFO - Processing file /home/airflow/.local/lib/python3.12/site-packages/airflow/example_dags/example_python_operator.py for tasks to queue
[2025-03-12T14:00:41.197+0000] {logging_mixin.py:190} INFO - [2025-03-12T14:00:41.197+0000] {dagbag.py:588} INFO - Filling up the DagBag from /home/airflow/.local/lib/python3.12/site-packages/airflow/example_dags/example_python_operator.py
[2025-03-12T14:00:41.205+0000] {processor.py:925} INFO - DAG(s) 'example_python_operator' retrieved from /home/airflow/.local/lib/python3.12/site-packages/airflow/example_dags/example_python_operator.py
[2025-03-12T14:00:41.222+0000] {logging_mixin.py:190} INFO - [2025-03-12T14:00:41.222+0000] {dag.py:3239} INFO - Sync 1 DAGs
[2025-03-12T14:00:41.233+0000] {logging_mixin.py:190} INFO - [2025-03-12T14:00:41.232+0000] {dag.py:4180} INFO - Setting next_dagrun for example_python_operator to None, run_after=None
[2025-03-12T14:00:41.247+0000] {processor.py:208} INFO - Processing /home/airflow/.local/lib/python3.12/site-packages/airflow/example_dags/example_python_operator.py took 0.057 seconds
[2025-03-12T14:01:15.123+0000] {processor.py:186} INFO - Started process (PID=8266) to work on /home/airflow/.local/lib/python3.12/site-packages/airflow/example_dags/example_python_operator.py
[2025-03-12T14:01:15.124+0000] {processor.py:914} INFO - Processing file /home/airflow/.local/lib/python3.12/site-packages/airflow/example_dags/example_python_operator.py for tasks to queue
[2025-03-12T14:01:15.125+0000] {logging_mixin.py:190} INFO - [2025-03-12T14:01:15.125+0000] {dagbag.py:588} INFO - Filling up the DagBag from /home/airflow/.local/lib/python3.12/site-packages/airflow/example_dags/example_python_operator.py
[2025-03-12T14:01:15.134+0000] {processor.py:925} INFO - DAG(s) 'example_python_operator' retrieved from /home/airflow/.local/lib/python3.12/site-packages/airflow/example_dags/example_python_operator.py
[2025-03-12T14:01:15.150+0000] {logging_mixin.py:190} INFO - [2025-03-12T14:01:15.150+0000] {dag.py:3239} INFO - Sync 1 DAGs
[2025-03-12T14:01:15.161+0000] {logging_mixin.py:190} INFO - [2025-03-12T14:01:15.161+0000] {dag.py:4180} INFO - Setting next_dagrun for example_python_operator to None, run_after=None
[2025-03-12T14:01:15.177+0000] {processor.py:208} INFO - Processing /home/airflow/.local/lib/python3.12/site-packages/airflow/example_dags/example_python_operator.py took 0.057 seconds
[2025-03-12T14:01:47.794+0000] {processor.py:186} INFO - Started process (PID=8573) to work on /home/airflow/.local/lib/python3.12/site-packages/airflow/example_dags/example_python_operator.py
[2025-03-12T14:01:47.795+0000] {processor.py:914} INFO - Processing file /home/airflow/.local/lib/python3.12/site-packages/airflow/example_dags/example_python_operator.py for tasks to queue
[2025-03-12T14:01:47.797+0000] {logging_mixin.py:190} INFO - [2025-03-12T14:01:47.797+0000] {dagbag.py:588} INFO - Filling up the DagBag from /home/airflow/.local/lib/python3.12/site-packages/airflow/example_dags/example_python_operator.py
[2025-03-12T14:01:47.808+0000] {processor.py:925} INFO - DAG(s) 'example_python_operator' retrieved from /home/airflow/.local/lib/python3.12/site-packages/airflow/example_dags/example_python_operator.py
[2025-03-12T14:01:47.829+0000] {logging_mixin.py:190} INFO - [2025-03-12T14:01:47.828+0000] {dag.py:3239} INFO - Sync 1 DAGs
[2025-03-12T14:01:47.847+0000] {logging_mixin.py:190} INFO - [2025-03-12T14:01:47.847+0000] {dag.py:4180} INFO - Setting next_dagrun for example_python_operator to None, run_after=None
[2025-03-12T14:01:47.863+0000] {processor.py:208} INFO - Processing /home/airflow/.local/lib/python3.12/site-packages/airflow/example_dags/example_python_operator.py took 0.074 seconds
[2025-03-12T14:02:21.598+0000] {processor.py:186} INFO - Started process (PID=8879) to work on /home/airflow/.local/lib/python3.12/site-packages/airflow/example_dags/example_python_operator.py
[2025-03-12T14:02:21.599+0000] {processor.py:914} INFO - Processing file /home/airflow/.local/lib/python3.12/site-packages/airflow/example_dags/example_python_operator.py for tasks to queue
[2025-03-12T14:02:21.601+0000] {logging_mixin.py:190} INFO - [2025-03-12T14:02:21.600+0000] {dagbag.py:588} INFO - Filling up the DagBag from /home/airflow/.local/lib/python3.12/site-packages/airflow/example_dags/example_python_operator.py
[2025-03-12T14:02:21.609+0000] {processor.py:925} INFO - DAG(s) 'example_python_operator' retrieved from /home/airflow/.local/lib/python3.12/site-packages/airflow/example_dags/example_python_operator.py
[2025-03-12T14:02:21.626+0000] {logging_mixin.py:190} INFO - [2025-03-12T14:02:21.626+0000] {dag.py:3239} INFO - Sync 1 DAGs
[2025-03-12T14:02:21.637+0000] {logging_mixin.py:190} INFO - [2025-03-12T14:02:21.637+0000] {dag.py:4180} INFO - Setting next_dagrun for example_python_operator to None, run_after=None
[2025-03-12T14:02:21.651+0000] {processor.py:208} INFO - Processing /home/airflow/.local/lib/python3.12/site-packages/airflow/example_dags/example_python_operator.py took 0.057 seconds
[2025-03-12T14:02:55.292+0000] {processor.py:186} INFO - Started process (PID=9185) to work on /home/airflow/.local/lib/python3.12/site-packages/airflow/example_dags/example_python_operator.py
[2025-03-12T14:02:55.293+0000] {processor.py:914} INFO - Processing file /home/airflow/.local/lib/python3.12/site-packages/airflow/example_dags/example_python_operator.py for tasks to queue
[2025-03-12T14:02:55.295+0000] {logging_mixin.py:190} INFO - [2025-03-12T14:02:55.295+0000] {dagbag.py:588} INFO - Filling up the DagBag from /home/airflow/.local/lib/python3.12/site-packages/airflow/example_dags/example_python_operator.py
[2025-03-12T14:02:55.304+0000] {processor.py:925} INFO - DAG(s) 'example_python_operator' retrieved from /home/airflow/.local/lib/python3.12/site-packages/airflow/example_dags/example_python_operator.py
[2025-03-12T14:02:55.324+0000] {logging_mixin.py:190} INFO - [2025-03-12T14:02:55.323+0000] {dag.py:3239} INFO - Sync 1 DAGs
[2025-03-12T14:02:55.335+0000] {logging_mixin.py:190} INFO - [2025-03-12T14:02:55.335+0000] {dag.py:4180} INFO - Setting next_dagrun for example_python_operator to None, run_after=None
[2025-03-12T14:02:55.350+0000] {processor.py:208} INFO - Processing /home/airflow/.local/lib/python3.12/site-packages/airflow/example_dags/example_python_operator.py took 0.063 seconds
[2025-03-12T14:03:27.946+0000] {processor.py:186} INFO - Started process (PID=9491) to work on /home/airflow/.local/lib/python3.12/site-packages/airflow/example_dags/example_python_operator.py
[2025-03-12T14:03:27.947+0000] {processor.py:914} INFO - Processing file /home/airflow/.local/lib/python3.12/site-packages/airflow/example_dags/example_python_operator.py for tasks to queue
[2025-03-12T14:03:27.950+0000] {logging_mixin.py:190} INFO - [2025-03-12T14:03:27.949+0000] {dagbag.py:588} INFO - Filling up the DagBag from /home/airflow/.local/lib/python3.12/site-packages/airflow/example_dags/example_python_operator.py
[2025-03-12T14:03:27.964+0000] {processor.py:925} INFO - DAG(s) 'example_python_operator' retrieved from /home/airflow/.local/lib/python3.12/site-packages/airflow/example_dags/example_python_operator.py
[2025-03-12T14:03:27.986+0000] {logging_mixin.py:190} INFO - [2025-03-12T14:03:27.986+0000] {dag.py:3239} INFO - Sync 1 DAGs
[2025-03-12T14:03:28.000+0000] {logging_mixin.py:190} INFO - [2025-03-12T14:03:28.000+0000] {dag.py:4180} INFO - Setting next_dagrun for example_python_operator to None, run_after=None
[2025-03-12T14:03:28.026+0000] {processor.py:208} INFO - Processing /home/airflow/.local/lib/python3.12/site-packages/airflow/example_dags/example_python_operator.py took 0.086 seconds
[2025-03-12T14:04:02.978+0000] {processor.py:186} INFO - Started process (PID=9797) to work on /home/airflow/.local/lib/python3.12/site-packages/airflow/example_dags/example_python_operator.py
[2025-03-12T14:04:02.979+0000] {processor.py:914} INFO - Processing file /home/airflow/.local/lib/python3.12/site-packages/airflow/example_dags/example_python_operator.py for tasks to queue
[2025-03-12T14:04:02.982+0000] {logging_mixin.py:190} INFO - [2025-03-12T14:04:02.981+0000] {dagbag.py:588} INFO - Filling up the DagBag from /home/airflow/.local/lib/python3.12/site-packages/airflow/example_dags/example_python_operator.py
[2025-03-12T14:04:03.004+0000] {processor.py:925} INFO - DAG(s) 'example_python_operator' retrieved from /home/airflow/.local/lib/python3.12/site-packages/airflow/example_dags/example_python_operator.py
[2025-03-12T14:04:03.034+0000] {logging_mixin.py:190} INFO - [2025-03-12T14:04:03.033+0000] {dag.py:3239} INFO - Sync 1 DAGs
[2025-03-12T14:04:03.055+0000] {logging_mixin.py:190} INFO - [2025-03-12T14:04:03.055+0000] {dag.py:4180} INFO - Setting next_dagrun for example_python_operator to None, run_after=None
[2025-03-12T14:04:03.083+0000] {processor.py:208} INFO - Processing /home/airflow/.local/lib/python3.12/site-packages/airflow/example_dags/example_python_operator.py took 0.112 seconds
[2025-03-12T14:04:34.360+0000] {processor.py:186} INFO - Started process (PID=10103) to work on /home/airflow/.local/lib/python3.12/site-packages/airflow/example_dags/example_python_operator.py
[2025-03-12T14:04:34.361+0000] {processor.py:914} INFO - Processing file /home/airflow/.local/lib/python3.12/site-packages/airflow/example_dags/example_python_operator.py for tasks to queue
[2025-03-12T14:04:34.363+0000] {logging_mixin.py:190} INFO - [2025-03-12T14:04:34.363+0000] {dagbag.py:588} INFO - Filling up the DagBag from /home/airflow/.local/lib/python3.12/site-packages/airflow/example_dags/example_python_operator.py
[2025-03-12T14:04:34.372+0000] {processor.py:925} INFO - DAG(s) 'example_python_operator' retrieved from /home/airflow/.local/lib/python3.12/site-packages/airflow/example_dags/example_python_operator.py
[2025-03-12T14:04:34.390+0000] {logging_mixin.py:190} INFO - [2025-03-12T14:04:34.390+0000] {dag.py:3239} INFO - Sync 1 DAGs
[2025-03-12T14:04:34.402+0000] {logging_mixin.py:190} INFO - [2025-03-12T14:04:34.401+0000] {dag.py:4180} INFO - Setting next_dagrun for example_python_operator to None, run_after=None
[2025-03-12T14:04:34.417+0000] {processor.py:208} INFO - Processing /home/airflow/.local/lib/python3.12/site-packages/airflow/example_dags/example_python_operator.py took 0.061 seconds
[2025-03-12T14:05:07.649+0000] {processor.py:186} INFO - Started process (PID=10409) to work on /home/airflow/.local/lib/python3.12/site-packages/airflow/example_dags/example_python_operator.py
[2025-03-12T14:05:07.650+0000] {processor.py:914} INFO - Processing file /home/airflow/.local/lib/python3.12/site-packages/airflow/example_dags/example_python_operator.py for tasks to queue
[2025-03-12T14:05:07.653+0000] {logging_mixin.py:190} INFO - [2025-03-12T14:05:07.652+0000] {dagbag.py:588} INFO - Filling up the DagBag from /home/airflow/.local/lib/python3.12/site-packages/airflow/example_dags/example_python_operator.py
[2025-03-12T14:05:07.664+0000] {processor.py:925} INFO - DAG(s) 'example_python_operator' retrieved from /home/airflow/.local/lib/python3.12/site-packages/airflow/example_dags/example_python_operator.py
[2025-03-12T14:05:07.688+0000] {logging_mixin.py:190} INFO - [2025-03-12T14:05:07.688+0000] {dag.py:3239} INFO - Sync 1 DAGs
[2025-03-12T14:05:07.705+0000] {logging_mixin.py:190} INFO - [2025-03-12T14:05:07.705+0000] {dag.py:4180} INFO - Setting next_dagrun for example_python_operator to None, run_after=None
[2025-03-12T14:05:07.727+0000] {processor.py:208} INFO - Processing /home/airflow/.local/lib/python3.12/site-packages/airflow/example_dags/example_python_operator.py took 0.083 seconds
[2025-03-12T14:05:41.974+0000] {processor.py:186} INFO - Started process (PID=10720) to work on /home/airflow/.local/lib/python3.12/site-packages/airflow/example_dags/example_python_operator.py
[2025-03-12T14:05:41.975+0000] {processor.py:914} INFO - Processing file /home/airflow/.local/lib/python3.12/site-packages/airflow/example_dags/example_python_operator.py for tasks to queue
[2025-03-12T14:05:41.977+0000] {logging_mixin.py:190} INFO - [2025-03-12T14:05:41.977+0000] {dagbag.py:588} INFO - Filling up the DagBag from /home/airflow/.local/lib/python3.12/site-packages/airflow/example_dags/example_python_operator.py
[2025-03-12T14:05:41.989+0000] {processor.py:925} INFO - DAG(s) 'example_python_operator' retrieved from /home/airflow/.local/lib/python3.12/site-packages/airflow/example_dags/example_python_operator.py
[2025-03-12T14:05:42.010+0000] {logging_mixin.py:190} INFO - [2025-03-12T14:05:42.009+0000] {dag.py:3239} INFO - Sync 1 DAGs
[2025-03-12T14:05:42.022+0000] {logging_mixin.py:190} INFO - [2025-03-12T14:05:42.021+0000] {dag.py:4180} INFO - Setting next_dagrun for example_python_operator to None, run_after=None
[2025-03-12T14:05:42.040+0000] {processor.py:208} INFO - Processing /home/airflow/.local/lib/python3.12/site-packages/airflow/example_dags/example_python_operator.py took 0.072 seconds
[2025-03-12T14:06:14.415+0000] {processor.py:186} INFO - Started process (PID=11026) to work on /home/airflow/.local/lib/python3.12/site-packages/airflow/example_dags/example_python_operator.py
[2025-03-12T14:06:14.416+0000] {processor.py:914} INFO - Processing file /home/airflow/.local/lib/python3.12/site-packages/airflow/example_dags/example_python_operator.py for tasks to queue
[2025-03-12T14:06:14.417+0000] {logging_mixin.py:190} INFO - [2025-03-12T14:06:14.417+0000] {dagbag.py:588} INFO - Filling up the DagBag from /home/airflow/.local/lib/python3.12/site-packages/airflow/example_dags/example_python_operator.py
[2025-03-12T14:06:14.426+0000] {processor.py:925} INFO - DAG(s) 'example_python_operator' retrieved from /home/airflow/.local/lib/python3.12/site-packages/airflow/example_dags/example_python_operator.py
[2025-03-12T14:06:14.446+0000] {logging_mixin.py:190} INFO - [2025-03-12T14:06:14.446+0000] {dag.py:3239} INFO - Sync 1 DAGs
[2025-03-12T14:06:14.457+0000] {logging_mixin.py:190} INFO - [2025-03-12T14:06:14.457+0000] {dag.py:4180} INFO - Setting next_dagrun for example_python_operator to None, run_after=None
[2025-03-12T14:06:14.473+0000] {processor.py:208} INFO - Processing /home/airflow/.local/lib/python3.12/site-packages/airflow/example_dags/example_python_operator.py took 0.062 seconds
[2025-03-12T14:06:48.227+0000] {processor.py:186} INFO - Started process (PID=11332) to work on /home/airflow/.local/lib/python3.12/site-packages/airflow/example_dags/example_python_operator.py
[2025-03-12T14:06:48.228+0000] {processor.py:914} INFO - Processing file /home/airflow/.local/lib/python3.12/site-packages/airflow/example_dags/example_python_operator.py for tasks to queue
[2025-03-12T14:06:48.230+0000] {logging_mixin.py:190} INFO - [2025-03-12T14:06:48.230+0000] {dagbag.py:588} INFO - Filling up the DagBag from /home/airflow/.local/lib/python3.12/site-packages/airflow/example_dags/example_python_operator.py
[2025-03-12T14:06:48.240+0000] {processor.py:925} INFO - DAG(s) 'example_python_operator' retrieved from /home/airflow/.local/lib/python3.12/site-packages/airflow/example_dags/example_python_operator.py
[2025-03-12T14:06:48.258+0000] {logging_mixin.py:190} INFO - [2025-03-12T14:06:48.257+0000] {dag.py:3239} INFO - Sync 1 DAGs
[2025-03-12T14:06:48.268+0000] {logging_mixin.py:190} INFO - [2025-03-12T14:06:48.268+0000] {dag.py:4180} INFO - Setting next_dagrun for example_python_operator to None, run_after=None
[2025-03-12T14:06:48.283+0000] {processor.py:208} INFO - Processing /home/airflow/.local/lib/python3.12/site-packages/airflow/example_dags/example_python_operator.py took 0.060 seconds
[2025-03-12T14:07:21.818+0000] {processor.py:186} INFO - Started process (PID=11638) to work on /home/airflow/.local/lib/python3.12/site-packages/airflow/example_dags/example_python_operator.py
[2025-03-12T14:07:21.819+0000] {processor.py:914} INFO - Processing file /home/airflow/.local/lib/python3.12/site-packages/airflow/example_dags/example_python_operator.py for tasks to queue
[2025-03-12T14:07:21.821+0000] {logging_mixin.py:190} INFO - [2025-03-12T14:07:21.821+0000] {dagbag.py:588} INFO - Filling up the DagBag from /home/airflow/.local/lib/python3.12/site-packages/airflow/example_dags/example_python_operator.py
[2025-03-12T14:07:21.831+0000] {processor.py:925} INFO - DAG(s) 'example_python_operator' retrieved from /home/airflow/.local/lib/python3.12/site-packages/airflow/example_dags/example_python_operator.py
[2025-03-12T14:07:21.854+0000] {logging_mixin.py:190} INFO - [2025-03-12T14:07:21.853+0000] {dag.py:3239} INFO - Sync 1 DAGs
[2025-03-12T14:07:21.865+0000] {logging_mixin.py:190} INFO - [2025-03-12T14:07:21.865+0000] {dag.py:4180} INFO - Setting next_dagrun for example_python_operator to None, run_after=None
[2025-03-12T14:07:21.878+0000] {processor.py:208} INFO - Processing /home/airflow/.local/lib/python3.12/site-packages/airflow/example_dags/example_python_operator.py took 0.066 seconds
[2025-03-12T14:07:54.694+0000] {processor.py:186} INFO - Started process (PID=11944) to work on /home/airflow/.local/lib/python3.12/site-packages/airflow/example_dags/example_python_operator.py
[2025-03-12T14:07:54.695+0000] {processor.py:914} INFO - Processing file /home/airflow/.local/lib/python3.12/site-packages/airflow/example_dags/example_python_operator.py for tasks to queue
[2025-03-12T14:07:54.697+0000] {logging_mixin.py:190} INFO - [2025-03-12T14:07:54.697+0000] {dagbag.py:588} INFO - Filling up the DagBag from /home/airflow/.local/lib/python3.12/site-packages/airflow/example_dags/example_python_operator.py
[2025-03-12T14:07:54.705+0000] {processor.py:925} INFO - DAG(s) 'example_python_operator' retrieved from /home/airflow/.local/lib/python3.12/site-packages/airflow/example_dags/example_python_operator.py
[2025-03-12T14:07:54.722+0000] {logging_mixin.py:190} INFO - [2025-03-12T14:07:54.722+0000] {dag.py:3239} INFO - Sync 1 DAGs
[2025-03-12T14:07:54.733+0000] {logging_mixin.py:190} INFO - [2025-03-12T14:07:54.733+0000] {dag.py:4180} INFO - Setting next_dagrun for example_python_operator to None, run_after=None
[2025-03-12T14:07:54.748+0000] {processor.py:208} INFO - Processing /home/airflow/.local/lib/python3.12/site-packages/airflow/example_dags/example_python_operator.py took 0.058 seconds
[2025-03-12T14:08:28.941+0000] {processor.py:186} INFO - Started process (PID=12250) to work on /home/airflow/.local/lib/python3.12/site-packages/airflow/example_dags/example_python_operator.py
[2025-03-12T14:08:28.942+0000] {processor.py:914} INFO - Processing file /home/airflow/.local/lib/python3.12/site-packages/airflow/example_dags/example_python_operator.py for tasks to queue
[2025-03-12T14:08:28.944+0000] {logging_mixin.py:190} INFO - [2025-03-12T14:08:28.944+0000] {dagbag.py:588} INFO - Filling up the DagBag from /home/airflow/.local/lib/python3.12/site-packages/airflow/example_dags/example_python_operator.py
[2025-03-12T14:08:28.954+0000] {processor.py:925} INFO - DAG(s) 'example_python_operator' retrieved from /home/airflow/.local/lib/python3.12/site-packages/airflow/example_dags/example_python_operator.py
[2025-03-12T14:08:28.970+0000] {logging_mixin.py:190} INFO - [2025-03-12T14:08:28.970+0000] {dag.py:3239} INFO - Sync 1 DAGs
[2025-03-12T14:08:28.980+0000] {logging_mixin.py:190} INFO - [2025-03-12T14:08:28.980+0000] {dag.py:4180} INFO - Setting next_dagrun for example_python_operator to None, run_after=None
[2025-03-12T14:08:28.995+0000] {processor.py:208} INFO - Processing /home/airflow/.local/lib/python3.12/site-packages/airflow/example_dags/example_python_operator.py took 0.059 seconds
[2025-03-12T14:09:01.680+0000] {processor.py:186} INFO - Started process (PID=12556) to work on /home/airflow/.local/lib/python3.12/site-packages/airflow/example_dags/example_python_operator.py
[2025-03-12T14:09:01.681+0000] {processor.py:914} INFO - Processing file /home/airflow/.local/lib/python3.12/site-packages/airflow/example_dags/example_python_operator.py for tasks to queue
[2025-03-12T14:09:01.683+0000] {logging_mixin.py:190} INFO - [2025-03-12T14:09:01.683+0000] {dagbag.py:588} INFO - Filling up the DagBag from /home/airflow/.local/lib/python3.12/site-packages/airflow/example_dags/example_python_operator.py
[2025-03-12T14:09:01.698+0000] {processor.py:925} INFO - DAG(s) 'example_python_operator' retrieved from /home/airflow/.local/lib/python3.12/site-packages/airflow/example_dags/example_python_operator.py
[2025-03-12T14:09:01.728+0000] {logging_mixin.py:190} INFO - [2025-03-12T14:09:01.728+0000] {dag.py:3239} INFO - Sync 1 DAGs
[2025-03-12T14:09:01.746+0000] {logging_mixin.py:190} INFO - [2025-03-12T14:09:01.745+0000] {dag.py:4180} INFO - Setting next_dagrun for example_python_operator to None, run_after=None
[2025-03-12T14:09:01.763+0000] {processor.py:208} INFO - Processing /home/airflow/.local/lib/python3.12/site-packages/airflow/example_dags/example_python_operator.py took 0.089 seconds
[2025-03-12T14:09:35.281+0000] {processor.py:186} INFO - Started process (PID=12862) to work on /home/airflow/.local/lib/python3.12/site-packages/airflow/example_dags/example_python_operator.py
[2025-03-12T14:09:35.282+0000] {processor.py:914} INFO - Processing file /home/airflow/.local/lib/python3.12/site-packages/airflow/example_dags/example_python_operator.py for tasks to queue
[2025-03-12T14:09:35.284+0000] {logging_mixin.py:190} INFO - [2025-03-12T14:09:35.284+0000] {dagbag.py:588} INFO - Filling up the DagBag from /home/airflow/.local/lib/python3.12/site-packages/airflow/example_dags/example_python_operator.py
[2025-03-12T14:09:35.292+0000] {processor.py:925} INFO - DAG(s) 'example_python_operator' retrieved from /home/airflow/.local/lib/python3.12/site-packages/airflow/example_dags/example_python_operator.py
[2025-03-12T14:09:35.310+0000] {logging_mixin.py:190} INFO - [2025-03-12T14:09:35.310+0000] {dag.py:3239} INFO - Sync 1 DAGs
[2025-03-12T14:09:35.325+0000] {logging_mixin.py:190} INFO - [2025-03-12T14:09:35.325+0000] {dag.py:4180} INFO - Setting next_dagrun for example_python_operator to None, run_after=None
[2025-03-12T14:09:35.341+0000] {processor.py:208} INFO - Processing /home/airflow/.local/lib/python3.12/site-packages/airflow/example_dags/example_python_operator.py took 0.063 seconds
[2025-03-12T14:10:08.249+0000] {processor.py:186} INFO - Started process (PID=13168) to work on /home/airflow/.local/lib/python3.12/site-packages/airflow/example_dags/example_python_operator.py
[2025-03-12T14:10:08.250+0000] {processor.py:914} INFO - Processing file /home/airflow/.local/lib/python3.12/site-packages/airflow/example_dags/example_python_operator.py for tasks to queue
[2025-03-12T14:10:08.252+0000] {logging_mixin.py:190} INFO - [2025-03-12T14:10:08.252+0000] {dagbag.py:588} INFO - Filling up the DagBag from /home/airflow/.local/lib/python3.12/site-packages/airflow/example_dags/example_python_operator.py
[2025-03-12T14:10:08.263+0000] {processor.py:925} INFO - DAG(s) 'example_python_operator' retrieved from /home/airflow/.local/lib/python3.12/site-packages/airflow/example_dags/example_python_operator.py
[2025-03-12T14:10:08.280+0000] {logging_mixin.py:190} INFO - [2025-03-12T14:10:08.280+0000] {dag.py:3239} INFO - Sync 1 DAGs
[2025-03-12T14:10:08.291+0000] {logging_mixin.py:190} INFO - [2025-03-12T14:10:08.291+0000] {dag.py:4180} INFO - Setting next_dagrun for example_python_operator to None, run_after=None
[2025-03-12T14:10:08.306+0000] {processor.py:208} INFO - Processing /home/airflow/.local/lib/python3.12/site-packages/airflow/example_dags/example_python_operator.py took 0.061 seconds
[2025-03-12T14:10:40.984+0000] {processor.py:186} INFO - Started process (PID=13474) to work on /home/airflow/.local/lib/python3.12/site-packages/airflow/example_dags/example_python_operator.py
[2025-03-12T14:10:40.985+0000] {processor.py:914} INFO - Processing file /home/airflow/.local/lib/python3.12/site-packages/airflow/example_dags/example_python_operator.py for tasks to queue
[2025-03-12T14:10:40.987+0000] {logging_mixin.py:190} INFO - [2025-03-12T14:10:40.987+0000] {dagbag.py:588} INFO - Filling up the DagBag from /home/airflow/.local/lib/python3.12/site-packages/airflow/example_dags/example_python_operator.py
[2025-03-12T14:10:40.996+0000] {processor.py:925} INFO - DAG(s) 'example_python_operator' retrieved from /home/airflow/.local/lib/python3.12/site-packages/airflow/example_dags/example_python_operator.py
[2025-03-12T14:10:41.016+0000] {logging_mixin.py:190} INFO - [2025-03-12T14:10:41.016+0000] {dag.py:3239} INFO - Sync 1 DAGs
[2025-03-12T14:10:41.027+0000] {logging_mixin.py:190} INFO - [2025-03-12T14:10:41.027+0000] {dag.py:4180} INFO - Setting next_dagrun for example_python_operator to None, run_after=None
[2025-03-12T14:10:41.043+0000] {processor.py:208} INFO - Processing /home/airflow/.local/lib/python3.12/site-packages/airflow/example_dags/example_python_operator.py took 0.063 seconds
[2025-03-12T14:11:14.885+0000] {processor.py:186} INFO - Started process (PID=13780) to work on /home/airflow/.local/lib/python3.12/site-packages/airflow/example_dags/example_python_operator.py
[2025-03-12T14:11:14.886+0000] {processor.py:914} INFO - Processing file /home/airflow/.local/lib/python3.12/site-packages/airflow/example_dags/example_python_operator.py for tasks to queue
[2025-03-12T14:11:14.888+0000] {logging_mixin.py:190} INFO - [2025-03-12T14:11:14.887+0000] {dagbag.py:588} INFO - Filling up the DagBag from /home/airflow/.local/lib/python3.12/site-packages/airflow/example_dags/example_python_operator.py
[2025-03-12T14:11:14.897+0000] {processor.py:925} INFO - DAG(s) 'example_python_operator' retrieved from /home/airflow/.local/lib/python3.12/site-packages/airflow/example_dags/example_python_operator.py
[2025-03-12T14:11:14.919+0000] {logging_mixin.py:190} INFO - [2025-03-12T14:11:14.919+0000] {dag.py:3239} INFO - Sync 1 DAGs
[2025-03-12T14:11:14.930+0000] {logging_mixin.py:190} INFO - [2025-03-12T14:11:14.930+0000] {dag.py:4180} INFO - Setting next_dagrun for example_python_operator to None, run_after=None
[2025-03-12T14:11:14.945+0000] {processor.py:208} INFO - Processing /home/airflow/.local/lib/python3.12/site-packages/airflow/example_dags/example_python_operator.py took 0.066 seconds
[2025-03-12T14:11:48.369+0000] {processor.py:186} INFO - Started process (PID=14087) to work on /home/airflow/.local/lib/python3.12/site-packages/airflow/example_dags/example_python_operator.py
[2025-03-12T14:11:48.370+0000] {processor.py:914} INFO - Processing file /home/airflow/.local/lib/python3.12/site-packages/airflow/example_dags/example_python_operator.py for tasks to queue
[2025-03-12T14:11:48.372+0000] {logging_mixin.py:190} INFO - [2025-03-12T14:11:48.372+0000] {dagbag.py:588} INFO - Filling up the DagBag from /home/airflow/.local/lib/python3.12/site-packages/airflow/example_dags/example_python_operator.py
[2025-03-12T14:11:48.380+0000] {processor.py:925} INFO - DAG(s) 'example_python_operator' retrieved from /home/airflow/.local/lib/python3.12/site-packages/airflow/example_dags/example_python_operator.py
[2025-03-12T14:11:48.398+0000] {logging_mixin.py:190} INFO - [2025-03-12T14:11:48.398+0000] {dag.py:3239} INFO - Sync 1 DAGs
[2025-03-12T14:11:48.409+0000] {logging_mixin.py:190} INFO - [2025-03-12T14:11:48.409+0000] {dag.py:4180} INFO - Setting next_dagrun for example_python_operator to None, run_after=None
[2025-03-12T14:11:48.424+0000] {processor.py:208} INFO - Processing /home/airflow/.local/lib/python3.12/site-packages/airflow/example_dags/example_python_operator.py took 0.059 seconds
[2025-03-12T14:12:22.269+0000] {processor.py:186} INFO - Started process (PID=14393) to work on /home/airflow/.local/lib/python3.12/site-packages/airflow/example_dags/example_python_operator.py
[2025-03-12T14:12:22.270+0000] {processor.py:914} INFO - Processing file /home/airflow/.local/lib/python3.12/site-packages/airflow/example_dags/example_python_operator.py for tasks to queue
[2025-03-12T14:12:22.272+0000] {logging_mixin.py:190} INFO - [2025-03-12T14:12:22.272+0000] {dagbag.py:588} INFO - Filling up the DagBag from /home/airflow/.local/lib/python3.12/site-packages/airflow/example_dags/example_python_operator.py
[2025-03-12T14:12:22.280+0000] {processor.py:925} INFO - DAG(s) 'example_python_operator' retrieved from /home/airflow/.local/lib/python3.12/site-packages/airflow/example_dags/example_python_operator.py
[2025-03-12T14:12:22.297+0000] {logging_mixin.py:190} INFO - [2025-03-12T14:12:22.297+0000] {dag.py:3239} INFO - Sync 1 DAGs
[2025-03-12T14:12:22.308+0000] {logging_mixin.py:190} INFO - [2025-03-12T14:12:22.308+0000] {dag.py:4180} INFO - Setting next_dagrun for example_python_operator to None, run_after=None
[2025-03-12T14:12:22.323+0000] {processor.py:208} INFO - Processing /home/airflow/.local/lib/python3.12/site-packages/airflow/example_dags/example_python_operator.py took 0.058 seconds
[2025-03-12T14:14:05.074+0000] {processor.py:186} INFO - Started process (PID=328) to work on /home/airflow/.local/lib/python3.12/site-packages/airflow/example_dags/example_python_operator.py
[2025-03-12T14:14:05.076+0000] {processor.py:914} INFO - Processing file /home/airflow/.local/lib/python3.12/site-packages/airflow/example_dags/example_python_operator.py for tasks to queue
[2025-03-12T14:14:05.078+0000] {logging_mixin.py:190} INFO - [2025-03-12T14:14:05.078+0000] {dagbag.py:588} INFO - Filling up the DagBag from /home/airflow/.local/lib/python3.12/site-packages/airflow/example_dags/example_python_operator.py
[2025-03-12T14:14:05.094+0000] {processor.py:925} INFO - DAG(s) 'example_python_operator' retrieved from /home/airflow/.local/lib/python3.12/site-packages/airflow/example_dags/example_python_operator.py
[2025-03-12T14:14:05.262+0000] {logging_mixin.py:190} INFO - [2025-03-12T14:14:05.261+0000] {override.py:1912} INFO - Created Permission View: can read on DAG:example_python_operator
[2025-03-12T14:14:05.278+0000] {logging_mixin.py:190} INFO - [2025-03-12T14:14:05.277+0000] {override.py:1912} INFO - Created Permission View: can edit on DAG:example_python_operator
[2025-03-12T14:14:05.290+0000] {logging_mixin.py:190} INFO - [2025-03-12T14:14:05.289+0000] {override.py:1912} INFO - Created Permission View: can delete on DAG:example_python_operator
[2025-03-12T14:14:05.301+0000] {logging_mixin.py:190} INFO - [2025-03-12T14:14:05.300+0000] {override.py:1912} INFO - Created Permission View: can create on DAG Run:example_python_operator
[2025-03-12T14:14:05.309+0000] {logging_mixin.py:190} INFO - [2025-03-12T14:14:05.309+0000] {override.py:1912} INFO - Created Permission View: can read on DAG Run:example_python_operator
[2025-03-12T14:14:05.319+0000] {logging_mixin.py:190} INFO - [2025-03-12T14:14:05.319+0000] {override.py:1912} INFO - Created Permission View: menu access on DAG Run:example_python_operator
[2025-03-12T14:14:05.328+0000] {logging_mixin.py:190} INFO - [2025-03-12T14:14:05.327+0000] {override.py:1912} INFO - Created Permission View: can delete on DAG Run:example_python_operator
[2025-03-12T14:14:05.329+0000] {logging_mixin.py:190} INFO - [2025-03-12T14:14:05.328+0000] {dag.py:3239} INFO - Sync 1 DAGs
[2025-03-12T14:14:05.350+0000] {logging_mixin.py:190} INFO - [2025-03-12T14:14:05.350+0000] {dag.py:3262} INFO - Creating ORM DAG for example_python_operator
[2025-03-12T14:14:05.351+0000] {logging_mixin.py:190} INFO - [2025-03-12T14:14:05.351+0000] {dag.py:4180} INFO - Setting next_dagrun for example_python_operator to None, run_after=None
[2025-03-12T14:14:05.374+0000] {processor.py:208} INFO - Processing /home/airflow/.local/lib/python3.12/site-packages/airflow/example_dags/example_python_operator.py took 0.305 seconds
[2025-03-12T14:14:35.456+0000] {processor.py:186} INFO - Started process (PID=631) to work on /home/airflow/.local/lib/python3.12/site-packages/airflow/example_dags/example_python_operator.py
[2025-03-12T14:14:35.457+0000] {processor.py:914} INFO - Processing file /home/airflow/.local/lib/python3.12/site-packages/airflow/example_dags/example_python_operator.py for tasks to queue
[2025-03-12T14:14:35.458+0000] {logging_mixin.py:190} INFO - [2025-03-12T14:14:35.458+0000] {dagbag.py:588} INFO - Filling up the DagBag from /home/airflow/.local/lib/python3.12/site-packages/airflow/example_dags/example_python_operator.py
[2025-03-12T14:14:35.468+0000] {processor.py:925} INFO - DAG(s) 'example_python_operator' retrieved from /home/airflow/.local/lib/python3.12/site-packages/airflow/example_dags/example_python_operator.py
[2025-03-12T14:14:35.487+0000] {logging_mixin.py:190} INFO - [2025-03-12T14:14:35.487+0000] {dag.py:3239} INFO - Sync 1 DAGs
[2025-03-12T14:14:35.500+0000] {logging_mixin.py:190} INFO - [2025-03-12T14:14:35.499+0000] {dag.py:4180} INFO - Setting next_dagrun for example_python_operator to None, run_after=None
[2025-03-12T14:14:35.519+0000] {processor.py:208} INFO - Processing /home/airflow/.local/lib/python3.12/site-packages/airflow/example_dags/example_python_operator.py took 0.068 seconds
[2025-03-12T14:15:08.284+0000] {processor.py:186} INFO - Started process (PID=931) to work on /home/airflow/.local/lib/python3.12/site-packages/airflow/example_dags/example_python_operator.py
[2025-03-12T14:15:08.286+0000] {processor.py:914} INFO - Processing file /home/airflow/.local/lib/python3.12/site-packages/airflow/example_dags/example_python_operator.py for tasks to queue
[2025-03-12T14:15:08.288+0000] {logging_mixin.py:190} INFO - [2025-03-12T14:15:08.287+0000] {dagbag.py:588} INFO - Filling up the DagBag from /home/airflow/.local/lib/python3.12/site-packages/airflow/example_dags/example_python_operator.py
[2025-03-12T14:15:08.298+0000] {processor.py:925} INFO - DAG(s) 'example_python_operator' retrieved from /home/airflow/.local/lib/python3.12/site-packages/airflow/example_dags/example_python_operator.py
[2025-03-12T14:15:08.315+0000] {logging_mixin.py:190} INFO - [2025-03-12T14:15:08.315+0000] {dag.py:3239} INFO - Sync 1 DAGs
[2025-03-12T14:15:08.326+0000] {logging_mixin.py:190} INFO - [2025-03-12T14:15:08.326+0000] {dag.py:4180} INFO - Setting next_dagrun for example_python_operator to None, run_after=None
[2025-03-12T14:15:08.342+0000] {processor.py:208} INFO - Processing /home/airflow/.local/lib/python3.12/site-packages/airflow/example_dags/example_python_operator.py took 0.063 seconds
[2025-03-12T14:15:42.015+0000] {processor.py:186} INFO - Started process (PID=1240) to work on /home/airflow/.local/lib/python3.12/site-packages/airflow/example_dags/example_python_operator.py
[2025-03-12T14:15:42.016+0000] {processor.py:914} INFO - Processing file /home/airflow/.local/lib/python3.12/site-packages/airflow/example_dags/example_python_operator.py for tasks to queue
[2025-03-12T14:15:42.018+0000] {logging_mixin.py:190} INFO - [2025-03-12T14:15:42.018+0000] {dagbag.py:588} INFO - Filling up the DagBag from /home/airflow/.local/lib/python3.12/site-packages/airflow/example_dags/example_python_operator.py
[2025-03-12T14:15:42.027+0000] {processor.py:925} INFO - DAG(s) 'example_python_operator' retrieved from /home/airflow/.local/lib/python3.12/site-packages/airflow/example_dags/example_python_operator.py
[2025-03-12T14:15:42.045+0000] {logging_mixin.py:190} INFO - [2025-03-12T14:15:42.045+0000] {dag.py:3239} INFO - Sync 1 DAGs
[2025-03-12T14:15:42.058+0000] {logging_mixin.py:190} INFO - [2025-03-12T14:15:42.058+0000] {dag.py:4180} INFO - Setting next_dagrun for example_python_operator to None, run_after=None
[2025-03-12T14:15:42.074+0000] {processor.py:208} INFO - Processing /home/airflow/.local/lib/python3.12/site-packages/airflow/example_dags/example_python_operator.py took 0.063 seconds
[2025-03-12T14:16:15.970+0000] {processor.py:186} INFO - Started process (PID=1553) to work on /home/airflow/.local/lib/python3.12/site-packages/airflow/example_dags/example_python_operator.py
[2025-03-12T14:16:15.972+0000] {processor.py:914} INFO - Processing file /home/airflow/.local/lib/python3.12/site-packages/airflow/example_dags/example_python_operator.py for tasks to queue
[2025-03-12T14:16:15.977+0000] {logging_mixin.py:190} INFO - [2025-03-12T14:16:15.977+0000] {dagbag.py:588} INFO - Filling up the DagBag from /home/airflow/.local/lib/python3.12/site-packages/airflow/example_dags/example_python_operator.py
[2025-03-12T14:16:15.998+0000] {processor.py:925} INFO - DAG(s) 'example_python_operator' retrieved from /home/airflow/.local/lib/python3.12/site-packages/airflow/example_dags/example_python_operator.py
[2025-03-12T14:16:16.030+0000] {logging_mixin.py:190} INFO - [2025-03-12T14:16:16.030+0000] {dag.py:3239} INFO - Sync 1 DAGs
[2025-03-12T14:16:16.046+0000] {logging_mixin.py:190} INFO - [2025-03-12T14:16:16.046+0000] {dag.py:4180} INFO - Setting next_dagrun for example_python_operator to None, run_after=None
[2025-03-12T14:16:16.062+0000] {processor.py:208} INFO - Processing /home/airflow/.local/lib/python3.12/site-packages/airflow/example_dags/example_python_operator.py took 0.097 seconds
[2025-03-12T14:16:48.782+0000] {processor.py:186} INFO - Started process (PID=1853) to work on /home/airflow/.local/lib/python3.12/site-packages/airflow/example_dags/example_python_operator.py
[2025-03-12T14:16:48.783+0000] {processor.py:914} INFO - Processing file /home/airflow/.local/lib/python3.12/site-packages/airflow/example_dags/example_python_operator.py for tasks to queue
[2025-03-12T14:16:48.786+0000] {logging_mixin.py:190} INFO - [2025-03-12T14:16:48.785+0000] {dagbag.py:588} INFO - Filling up the DagBag from /home/airflow/.local/lib/python3.12/site-packages/airflow/example_dags/example_python_operator.py
[2025-03-12T14:16:48.798+0000] {processor.py:925} INFO - DAG(s) 'example_python_operator' retrieved from /home/airflow/.local/lib/python3.12/site-packages/airflow/example_dags/example_python_operator.py
[2025-03-12T14:16:48.859+0000] {logging_mixin.py:190} INFO - [2025-03-12T14:16:48.858+0000] {dag.py:3239} INFO - Sync 1 DAGs
[2025-03-12T14:16:48.880+0000] {logging_mixin.py:190} INFO - [2025-03-12T14:16:48.880+0000] {dag.py:4180} INFO - Setting next_dagrun for example_python_operator to None, run_after=None
[2025-03-12T14:16:48.906+0000] {processor.py:208} INFO - Processing /home/airflow/.local/lib/python3.12/site-packages/airflow/example_dags/example_python_operator.py took 0.130 seconds
[2025-03-12T14:17:22.348+0000] {processor.py:186} INFO - Started process (PID=2165) to work on /home/airflow/.local/lib/python3.12/site-packages/airflow/example_dags/example_python_operator.py
[2025-03-12T14:17:22.349+0000] {processor.py:914} INFO - Processing file /home/airflow/.local/lib/python3.12/site-packages/airflow/example_dags/example_python_operator.py for tasks to queue
[2025-03-12T14:17:22.351+0000] {logging_mixin.py:190} INFO - [2025-03-12T14:17:22.350+0000] {dagbag.py:588} INFO - Filling up the DagBag from /home/airflow/.local/lib/python3.12/site-packages/airflow/example_dags/example_python_operator.py
[2025-03-12T14:17:22.360+0000] {processor.py:925} INFO - DAG(s) 'example_python_operator' retrieved from /home/airflow/.local/lib/python3.12/site-packages/airflow/example_dags/example_python_operator.py
[2025-03-12T14:17:22.376+0000] {logging_mixin.py:190} INFO - [2025-03-12T14:17:22.376+0000] {dag.py:3239} INFO - Sync 1 DAGs
[2025-03-12T14:17:22.389+0000] {logging_mixin.py:190} INFO - [2025-03-12T14:17:22.389+0000] {dag.py:4180} INFO - Setting next_dagrun for example_python_operator to None, run_after=None
[2025-03-12T14:17:22.404+0000] {processor.py:208} INFO - Processing /home/airflow/.local/lib/python3.12/site-packages/airflow/example_dags/example_python_operator.py took 0.060 seconds
[2025-03-12T14:17:55.524+0000] {processor.py:186} INFO - Started process (PID=2465) to work on /home/airflow/.local/lib/python3.12/site-packages/airflow/example_dags/example_python_operator.py
[2025-03-12T14:17:55.524+0000] {processor.py:914} INFO - Processing file /home/airflow/.local/lib/python3.12/site-packages/airflow/example_dags/example_python_operator.py for tasks to queue
[2025-03-12T14:17:55.526+0000] {logging_mixin.py:190} INFO - [2025-03-12T14:17:55.526+0000] {dagbag.py:588} INFO - Filling up the DagBag from /home/airflow/.local/lib/python3.12/site-packages/airflow/example_dags/example_python_operator.py
[2025-03-12T14:17:55.535+0000] {processor.py:925} INFO - DAG(s) 'example_python_operator' retrieved from /home/airflow/.local/lib/python3.12/site-packages/airflow/example_dags/example_python_operator.py
[2025-03-12T14:17:55.553+0000] {logging_mixin.py:190} INFO - [2025-03-12T14:17:55.553+0000] {dag.py:3239} INFO - Sync 1 DAGs
[2025-03-12T14:17:55.565+0000] {logging_mixin.py:190} INFO - [2025-03-12T14:17:55.565+0000] {dag.py:4180} INFO - Setting next_dagrun for example_python_operator to None, run_after=None
[2025-03-12T14:17:55.582+0000] {processor.py:208} INFO - Processing /home/airflow/.local/lib/python3.12/site-packages/airflow/example_dags/example_python_operator.py took 0.063 seconds
[2025-03-12T14:18:28.471+0000] {processor.py:186} INFO - Started process (PID=2771) to work on /home/airflow/.local/lib/python3.12/site-packages/airflow/example_dags/example_python_operator.py
[2025-03-12T14:18:28.472+0000] {processor.py:914} INFO - Processing file /home/airflow/.local/lib/python3.12/site-packages/airflow/example_dags/example_python_operator.py for tasks to queue
[2025-03-12T14:18:28.474+0000] {logging_mixin.py:190} INFO - [2025-03-12T14:18:28.474+0000] {dagbag.py:588} INFO - Filling up the DagBag from /home/airflow/.local/lib/python3.12/site-packages/airflow/example_dags/example_python_operator.py
[2025-03-12T14:18:28.485+0000] {processor.py:925} INFO - DAG(s) 'example_python_operator' retrieved from /home/airflow/.local/lib/python3.12/site-packages/airflow/example_dags/example_python_operator.py
[2025-03-12T14:18:28.504+0000] {logging_mixin.py:190} INFO - [2025-03-12T14:18:28.504+0000] {dag.py:3239} INFO - Sync 1 DAGs
[2025-03-12T14:18:28.515+0000] {logging_mixin.py:190} INFO - [2025-03-12T14:18:28.515+0000] {dag.py:4180} INFO - Setting next_dagrun for example_python_operator to None, run_after=None
[2025-03-12T14:18:28.532+0000] {processor.py:208} INFO - Processing /home/airflow/.local/lib/python3.12/site-packages/airflow/example_dags/example_python_operator.py took 0.065 seconds
[2025-03-12T14:19:01.183+0000] {processor.py:186} INFO - Started process (PID=3077) to work on /home/airflow/.local/lib/python3.12/site-packages/airflow/example_dags/example_python_operator.py
[2025-03-12T14:19:01.184+0000] {processor.py:914} INFO - Processing file /home/airflow/.local/lib/python3.12/site-packages/airflow/example_dags/example_python_operator.py for tasks to queue
[2025-03-12T14:19:01.186+0000] {logging_mixin.py:190} INFO - [2025-03-12T14:19:01.186+0000] {dagbag.py:588} INFO - Filling up the DagBag from /home/airflow/.local/lib/python3.12/site-packages/airflow/example_dags/example_python_operator.py
[2025-03-12T14:19:01.195+0000] {processor.py:925} INFO - DAG(s) 'example_python_operator' retrieved from /home/airflow/.local/lib/python3.12/site-packages/airflow/example_dags/example_python_operator.py
[2025-03-12T14:19:01.213+0000] {logging_mixin.py:190} INFO - [2025-03-12T14:19:01.212+0000] {dag.py:3239} INFO - Sync 1 DAGs
[2025-03-12T14:19:01.224+0000] {logging_mixin.py:190} INFO - [2025-03-12T14:19:01.224+0000] {dag.py:4180} INFO - Setting next_dagrun for example_python_operator to None, run_after=None
[2025-03-12T14:19:01.240+0000] {processor.py:208} INFO - Processing /home/airflow/.local/lib/python3.12/site-packages/airflow/example_dags/example_python_operator.py took 0.061 seconds
[2025-03-12T14:19:35.473+0000] {processor.py:186} INFO - Started process (PID=3383) to work on /home/airflow/.local/lib/python3.12/site-packages/airflow/example_dags/example_python_operator.py
[2025-03-12T14:19:35.474+0000] {processor.py:914} INFO - Processing file /home/airflow/.local/lib/python3.12/site-packages/airflow/example_dags/example_python_operator.py for tasks to queue
[2025-03-12T14:19:35.476+0000] {logging_mixin.py:190} INFO - [2025-03-12T14:19:35.476+0000] {dagbag.py:588} INFO - Filling up the DagBag from /home/airflow/.local/lib/python3.12/site-packages/airflow/example_dags/example_python_operator.py
[2025-03-12T14:19:35.486+0000] {processor.py:925} INFO - DAG(s) 'example_python_operator' retrieved from /home/airflow/.local/lib/python3.12/site-packages/airflow/example_dags/example_python_operator.py
[2025-03-12T14:19:35.506+0000] {logging_mixin.py:190} INFO - [2025-03-12T14:19:35.506+0000] {dag.py:3239} INFO - Sync 1 DAGs
[2025-03-12T14:19:35.519+0000] {logging_mixin.py:190} INFO - [2025-03-12T14:19:35.518+0000] {dag.py:4180} INFO - Setting next_dagrun for example_python_operator to None, run_after=None
[2025-03-12T14:19:35.534+0000] {processor.py:208} INFO - Processing /home/airflow/.local/lib/python3.12/site-packages/airflow/example_dags/example_python_operator.py took 0.067 seconds
