[2025-03-12T13:44:55.681+0000] {processor.py:186} INFO - Started process (PID=206) to work on /home/airflow/.local/lib/python3.12/site-packages/airflow/example_dags/example_branch_labels.py
[2025-03-12T13:44:55.681+0000] {processor.py:914} INFO - Processing file /home/airflow/.local/lib/python3.12/site-packages/airflow/example_dags/example_branch_labels.py for tasks to queue
[2025-03-12T13:44:55.684+0000] {logging_mixin.py:190} INFO - [2025-03-12T13:44:55.684+0000] {dagbag.py:588} INFO - Filling up the DagBag from /home/airflow/.local/lib/python3.12/site-packages/airflow/example_dags/example_branch_labels.py
[2025-03-12T13:44:55.698+0000] {processor.py:925} INFO - DAG(s) 'example_branch_labels' retrieved from /home/airflow/.local/lib/python3.12/site-packages/airflow/example_dags/example_branch_labels.py
[2025-03-12T13:44:55.818+0000] {logging_mixin.py:190} INFO - [2025-03-12T13:44:55.818+0000] {override.py:1912} INFO - Created Permission View: can edit on DAG:example_branch_labels
[2025-03-12T13:44:55.828+0000] {logging_mixin.py:190} INFO - [2025-03-12T13:44:55.828+0000] {override.py:1912} INFO - Created Permission View: can delete on DAG:example_branch_labels
[2025-03-12T13:44:55.834+0000] {logging_mixin.py:190} INFO - [2025-03-12T13:44:55.833+0000] {override.py:1912} INFO - Created Permission View: can read on DAG:example_branch_labels
[2025-03-12T13:44:55.840+0000] {logging_mixin.py:190} INFO - [2025-03-12T13:44:55.840+0000] {override.py:1912} INFO - Created Permission View: can delete on DAG Run:example_branch_labels
[2025-03-12T13:44:55.846+0000] {logging_mixin.py:190} INFO - [2025-03-12T13:44:55.846+0000] {override.py:1912} INFO - Created Permission View: menu access on DAG Run:example_branch_labels
[2025-03-12T13:44:55.851+0000] {logging_mixin.py:190} INFO - [2025-03-12T13:44:55.851+0000] {override.py:1912} INFO - Created Permission View: can create on DAG Run:example_branch_labels
[2025-03-12T13:44:55.857+0000] {logging_mixin.py:190} INFO - [2025-03-12T13:44:55.857+0000] {override.py:1912} INFO - Created Permission View: can read on DAG Run:example_branch_labels
[2025-03-12T13:44:55.858+0000] {logging_mixin.py:190} INFO - [2025-03-12T13:44:55.858+0000] {dag.py:3239} INFO - Sync 1 DAGs
[2025-03-12T13:44:55.870+0000] {logging_mixin.py:190} INFO - [2025-03-12T13:44:55.870+0000] {dag.py:3262} INFO - Creating ORM DAG for example_branch_labels
[2025-03-12T13:44:55.881+0000] {logging_mixin.py:190} INFO - [2025-03-12T13:44:55.880+0000] {dag.py:4180} INFO - Setting next_dagrun for example_branch_labels to 2025-03-11 00:00:00+00:00, run_after=2025-03-12 00:00:00+00:00
[2025-03-12T13:44:55.895+0000] {processor.py:208} INFO - Processing /home/airflow/.local/lib/python3.12/site-packages/airflow/example_dags/example_branch_labels.py took 0.220 seconds
[2025-03-12T13:45:26.400+0000] {processor.py:186} INFO - Started process (PID=512) to work on /home/airflow/.local/lib/python3.12/site-packages/airflow/example_dags/example_branch_labels.py
[2025-03-12T13:45:26.401+0000] {processor.py:914} INFO - Processing file /home/airflow/.local/lib/python3.12/site-packages/airflow/example_dags/example_branch_labels.py for tasks to queue
[2025-03-12T13:45:26.403+0000] {logging_mixin.py:190} INFO - [2025-03-12T13:45:26.403+0000] {dagbag.py:588} INFO - Filling up the DagBag from /home/airflow/.local/lib/python3.12/site-packages/airflow/example_dags/example_branch_labels.py
[2025-03-12T13:45:26.409+0000] {processor.py:925} INFO - DAG(s) 'example_branch_labels' retrieved from /home/airflow/.local/lib/python3.12/site-packages/airflow/example_dags/example_branch_labels.py
[2025-03-12T13:45:26.425+0000] {logging_mixin.py:190} INFO - [2025-03-12T13:45:26.424+0000] {dag.py:3239} INFO - Sync 1 DAGs
[2025-03-12T13:45:26.444+0000] {logging_mixin.py:190} INFO - [2025-03-12T13:45:26.444+0000] {dag.py:4180} INFO - Setting next_dagrun for example_branch_labels to 2025-03-11 00:00:00+00:00, run_after=2025-03-12 00:00:00+00:00
[2025-03-12T13:45:26.459+0000] {processor.py:208} INFO - Processing /home/airflow/.local/lib/python3.12/site-packages/airflow/example_dags/example_branch_labels.py took 0.062 seconds
[2025-03-12T13:45:57.091+0000] {processor.py:186} INFO - Started process (PID=818) to work on /home/airflow/.local/lib/python3.12/site-packages/airflow/example_dags/example_branch_labels.py
[2025-03-12T13:45:57.091+0000] {processor.py:914} INFO - Processing file /home/airflow/.local/lib/python3.12/site-packages/airflow/example_dags/example_branch_labels.py for tasks to queue
[2025-03-12T13:45:57.093+0000] {logging_mixin.py:190} INFO - [2025-03-12T13:45:57.093+0000] {dagbag.py:588} INFO - Filling up the DagBag from /home/airflow/.local/lib/python3.12/site-packages/airflow/example_dags/example_branch_labels.py
[2025-03-12T13:45:57.100+0000] {processor.py:925} INFO - DAG(s) 'example_branch_labels' retrieved from /home/airflow/.local/lib/python3.12/site-packages/airflow/example_dags/example_branch_labels.py
[2025-03-12T13:45:57.116+0000] {logging_mixin.py:190} INFO - [2025-03-12T13:45:57.116+0000] {dag.py:3239} INFO - Sync 1 DAGs
[2025-03-12T13:45:57.133+0000] {logging_mixin.py:190} INFO - [2025-03-12T13:45:57.132+0000] {dag.py:4180} INFO - Setting next_dagrun for example_branch_labels to 2025-03-11 00:00:00+00:00, run_after=2025-03-12 00:00:00+00:00
[2025-03-12T13:45:57.147+0000] {processor.py:208} INFO - Processing /home/airflow/.local/lib/python3.12/site-packages/airflow/example_dags/example_branch_labels.py took 0.061 seconds
[2025-03-12T13:47:01.056+0000] {processor.py:186} INFO - Started process (PID=195) to work on /home/airflow/.local/lib/python3.12/site-packages/airflow/example_dags/example_branch_labels.py
[2025-03-12T13:47:01.057+0000] {processor.py:914} INFO - Processing file /home/airflow/.local/lib/python3.12/site-packages/airflow/example_dags/example_branch_labels.py for tasks to queue
[2025-03-12T13:47:01.059+0000] {logging_mixin.py:190} INFO - [2025-03-12T13:47:01.059+0000] {dagbag.py:588} INFO - Filling up the DagBag from /home/airflow/.local/lib/python3.12/site-packages/airflow/example_dags/example_branch_labels.py
[2025-03-12T13:47:01.068+0000] {processor.py:925} INFO - DAG(s) 'example_branch_labels' retrieved from /home/airflow/.local/lib/python3.12/site-packages/airflow/example_dags/example_branch_labels.py
[2025-03-12T13:47:01.093+0000] {logging_mixin.py:190} INFO - [2025-03-12T13:47:01.092+0000] {dag.py:3239} INFO - Sync 1 DAGs
[2025-03-12T13:47:01.114+0000] {logging_mixin.py:190} INFO - [2025-03-12T13:47:01.114+0000] {dag.py:4180} INFO - Setting next_dagrun for example_branch_labels to 2025-03-11 00:00:00+00:00, run_after=2025-03-12 00:00:00+00:00
[2025-03-12T13:47:01.130+0000] {processor.py:208} INFO - Processing /home/airflow/.local/lib/python3.12/site-packages/airflow/example_dags/example_branch_labels.py took 0.079 seconds
[2025-03-12T13:47:31.375+0000] {processor.py:186} INFO - Started process (PID=501) to work on /home/airflow/.local/lib/python3.12/site-packages/airflow/example_dags/example_branch_labels.py
[2025-03-12T13:47:31.376+0000] {processor.py:914} INFO - Processing file /home/airflow/.local/lib/python3.12/site-packages/airflow/example_dags/example_branch_labels.py for tasks to queue
[2025-03-12T13:47:31.377+0000] {logging_mixin.py:190} INFO - [2025-03-12T13:47:31.377+0000] {dagbag.py:588} INFO - Filling up the DagBag from /home/airflow/.local/lib/python3.12/site-packages/airflow/example_dags/example_branch_labels.py
[2025-03-12T13:47:31.385+0000] {processor.py:925} INFO - DAG(s) 'example_branch_labels' retrieved from /home/airflow/.local/lib/python3.12/site-packages/airflow/example_dags/example_branch_labels.py
[2025-03-12T13:47:31.400+0000] {logging_mixin.py:190} INFO - [2025-03-12T13:47:31.400+0000] {dag.py:3239} INFO - Sync 1 DAGs
[2025-03-12T13:47:31.418+0000] {logging_mixin.py:190} INFO - [2025-03-12T13:47:31.418+0000] {dag.py:4180} INFO - Setting next_dagrun for example_branch_labels to 2025-03-11 00:00:00+00:00, run_after=2025-03-12 00:00:00+00:00
[2025-03-12T13:47:31.431+0000] {processor.py:208} INFO - Processing /home/airflow/.local/lib/python3.12/site-packages/airflow/example_dags/example_branch_labels.py took 0.061 seconds
[2025-03-12T13:48:01.556+0000] {processor.py:186} INFO - Started process (PID=805) to work on /home/airflow/.local/lib/python3.12/site-packages/airflow/example_dags/example_branch_labels.py
[2025-03-12T13:48:01.557+0000] {processor.py:914} INFO - Processing file /home/airflow/.local/lib/python3.12/site-packages/airflow/example_dags/example_branch_labels.py for tasks to queue
[2025-03-12T13:48:01.559+0000] {logging_mixin.py:190} INFO - [2025-03-12T13:48:01.558+0000] {dagbag.py:588} INFO - Filling up the DagBag from /home/airflow/.local/lib/python3.12/site-packages/airflow/example_dags/example_branch_labels.py
[2025-03-12T13:48:01.566+0000] {processor.py:925} INFO - DAG(s) 'example_branch_labels' retrieved from /home/airflow/.local/lib/python3.12/site-packages/airflow/example_dags/example_branch_labels.py
[2025-03-12T13:48:01.584+0000] {logging_mixin.py:190} INFO - [2025-03-12T13:48:01.584+0000] {dag.py:3239} INFO - Sync 1 DAGs
[2025-03-12T13:48:01.603+0000] {logging_mixin.py:190} INFO - [2025-03-12T13:48:01.602+0000] {dag.py:4180} INFO - Setting next_dagrun for example_branch_labels to 2025-03-11 00:00:00+00:00, run_after=2025-03-12 00:00:00+00:00
[2025-03-12T13:48:01.619+0000] {processor.py:208} INFO - Processing /home/airflow/.local/lib/python3.12/site-packages/airflow/example_dags/example_branch_labels.py took 0.067 seconds
[2025-03-12T13:48:31.854+0000] {processor.py:186} INFO - Started process (PID=1111) to work on /home/airflow/.local/lib/python3.12/site-packages/airflow/example_dags/example_branch_labels.py
[2025-03-12T13:48:31.855+0000] {processor.py:914} INFO - Processing file /home/airflow/.local/lib/python3.12/site-packages/airflow/example_dags/example_branch_labels.py for tasks to queue
[2025-03-12T13:48:31.857+0000] {logging_mixin.py:190} INFO - [2025-03-12T13:48:31.857+0000] {dagbag.py:588} INFO - Filling up the DagBag from /home/airflow/.local/lib/python3.12/site-packages/airflow/example_dags/example_branch_labels.py
[2025-03-12T13:48:31.864+0000] {processor.py:925} INFO - DAG(s) 'example_branch_labels' retrieved from /home/airflow/.local/lib/python3.12/site-packages/airflow/example_dags/example_branch_labels.py
[2025-03-12T13:48:31.880+0000] {logging_mixin.py:190} INFO - [2025-03-12T13:48:31.879+0000] {dag.py:3239} INFO - Sync 1 DAGs
[2025-03-12T13:48:31.897+0000] {logging_mixin.py:190} INFO - [2025-03-12T13:48:31.897+0000] {dag.py:4180} INFO - Setting next_dagrun for example_branch_labels to 2025-03-11 00:00:00+00:00, run_after=2025-03-12 00:00:00+00:00
[2025-03-12T13:48:31.912+0000] {processor.py:208} INFO - Processing /home/airflow/.local/lib/python3.12/site-packages/airflow/example_dags/example_branch_labels.py took 0.062 seconds
[2025-03-12T13:49:02.514+0000] {processor.py:186} INFO - Started process (PID=1418) to work on /home/airflow/.local/lib/python3.12/site-packages/airflow/example_dags/example_branch_labels.py
[2025-03-12T13:49:02.514+0000] {processor.py:914} INFO - Processing file /home/airflow/.local/lib/python3.12/site-packages/airflow/example_dags/example_branch_labels.py for tasks to queue
[2025-03-12T13:49:02.516+0000] {logging_mixin.py:190} INFO - [2025-03-12T13:49:02.516+0000] {dagbag.py:588} INFO - Filling up the DagBag from /home/airflow/.local/lib/python3.12/site-packages/airflow/example_dags/example_branch_labels.py
[2025-03-12T13:49:02.523+0000] {processor.py:925} INFO - DAG(s) 'example_branch_labels' retrieved from /home/airflow/.local/lib/python3.12/site-packages/airflow/example_dags/example_branch_labels.py
[2025-03-12T13:49:02.539+0000] {logging_mixin.py:190} INFO - [2025-03-12T13:49:02.538+0000] {dag.py:3239} INFO - Sync 1 DAGs
[2025-03-12T13:49:02.557+0000] {logging_mixin.py:190} INFO - [2025-03-12T13:49:02.557+0000] {dag.py:4180} INFO - Setting next_dagrun for example_branch_labels to 2025-03-11 00:00:00+00:00, run_after=2025-03-12 00:00:00+00:00
[2025-03-12T13:49:02.573+0000] {processor.py:208} INFO - Processing /home/airflow/.local/lib/python3.12/site-packages/airflow/example_dags/example_branch_labels.py took 0.063 seconds
[2025-03-12T13:49:33.347+0000] {processor.py:186} INFO - Started process (PID=1724) to work on /home/airflow/.local/lib/python3.12/site-packages/airflow/example_dags/example_branch_labels.py
[2025-03-12T13:49:33.348+0000] {processor.py:914} INFO - Processing file /home/airflow/.local/lib/python3.12/site-packages/airflow/example_dags/example_branch_labels.py for tasks to queue
[2025-03-12T13:49:33.349+0000] {logging_mixin.py:190} INFO - [2025-03-12T13:49:33.349+0000] {dagbag.py:588} INFO - Filling up the DagBag from /home/airflow/.local/lib/python3.12/site-packages/airflow/example_dags/example_branch_labels.py
[2025-03-12T13:49:33.357+0000] {processor.py:925} INFO - DAG(s) 'example_branch_labels' retrieved from /home/airflow/.local/lib/python3.12/site-packages/airflow/example_dags/example_branch_labels.py
[2025-03-12T13:49:33.375+0000] {logging_mixin.py:190} INFO - [2025-03-12T13:49:33.375+0000] {dag.py:3239} INFO - Sync 1 DAGs
[2025-03-12T13:49:33.392+0000] {logging_mixin.py:190} INFO - [2025-03-12T13:49:33.392+0000] {dag.py:4180} INFO - Setting next_dagrun for example_branch_labels to 2025-03-11 00:00:00+00:00, run_after=2025-03-12 00:00:00+00:00
[2025-03-12T13:49:33.407+0000] {processor.py:208} INFO - Processing /home/airflow/.local/lib/python3.12/site-packages/airflow/example_dags/example_branch_labels.py took 0.064 seconds
[2025-03-12T13:50:06.178+0000] {processor.py:186} INFO - Started process (PID=2030) to work on /home/airflow/.local/lib/python3.12/site-packages/airflow/example_dags/example_branch_labels.py
[2025-03-12T13:50:06.179+0000] {processor.py:914} INFO - Processing file /home/airflow/.local/lib/python3.12/site-packages/airflow/example_dags/example_branch_labels.py for tasks to queue
[2025-03-12T13:50:06.180+0000] {logging_mixin.py:190} INFO - [2025-03-12T13:50:06.180+0000] {dagbag.py:588} INFO - Filling up the DagBag from /home/airflow/.local/lib/python3.12/site-packages/airflow/example_dags/example_branch_labels.py
[2025-03-12T13:50:06.187+0000] {processor.py:925} INFO - DAG(s) 'example_branch_labels' retrieved from /home/airflow/.local/lib/python3.12/site-packages/airflow/example_dags/example_branch_labels.py
[2025-03-12T13:50:06.202+0000] {logging_mixin.py:190} INFO - [2025-03-12T13:50:06.202+0000] {dag.py:3239} INFO - Sync 1 DAGs
[2025-03-12T13:50:06.219+0000] {logging_mixin.py:190} INFO - [2025-03-12T13:50:06.219+0000] {dag.py:4180} INFO - Setting next_dagrun for example_branch_labels to 2025-03-11 00:00:00+00:00, run_after=2025-03-12 00:00:00+00:00
[2025-03-12T13:50:06.233+0000] {processor.py:208} INFO - Processing /home/airflow/.local/lib/python3.12/site-packages/airflow/example_dags/example_branch_labels.py took 0.060 seconds
[2025-03-12T13:50:40.352+0000] {processor.py:186} INFO - Started process (PID=2339) to work on /home/airflow/.local/lib/python3.12/site-packages/airflow/example_dags/example_branch_labels.py
[2025-03-12T13:50:40.353+0000] {processor.py:914} INFO - Processing file /home/airflow/.local/lib/python3.12/site-packages/airflow/example_dags/example_branch_labels.py for tasks to queue
[2025-03-12T13:50:40.354+0000] {logging_mixin.py:190} INFO - [2025-03-12T13:50:40.354+0000] {dagbag.py:588} INFO - Filling up the DagBag from /home/airflow/.local/lib/python3.12/site-packages/airflow/example_dags/example_branch_labels.py
[2025-03-12T13:50:40.362+0000] {processor.py:925} INFO - DAG(s) 'example_branch_labels' retrieved from /home/airflow/.local/lib/python3.12/site-packages/airflow/example_dags/example_branch_labels.py
[2025-03-12T13:50:40.376+0000] {logging_mixin.py:190} INFO - [2025-03-12T13:50:40.376+0000] {dag.py:3239} INFO - Sync 1 DAGs
[2025-03-12T13:50:40.393+0000] {logging_mixin.py:190} INFO - [2025-03-12T13:50:40.393+0000] {dag.py:4180} INFO - Setting next_dagrun for example_branch_labels to 2025-03-11 00:00:00+00:00, run_after=2025-03-12 00:00:00+00:00
[2025-03-12T13:50:40.408+0000] {processor.py:208} INFO - Processing /home/airflow/.local/lib/python3.12/site-packages/airflow/example_dags/example_branch_labels.py took 0.060 seconds
[2025-03-12T13:51:13.310+0000] {processor.py:186} INFO - Started process (PID=2643) to work on /home/airflow/.local/lib/python3.12/site-packages/airflow/example_dags/example_branch_labels.py
[2025-03-12T13:51:13.311+0000] {processor.py:914} INFO - Processing file /home/airflow/.local/lib/python3.12/site-packages/airflow/example_dags/example_branch_labels.py for tasks to queue
[2025-03-12T13:51:13.313+0000] {logging_mixin.py:190} INFO - [2025-03-12T13:51:13.313+0000] {dagbag.py:588} INFO - Filling up the DagBag from /home/airflow/.local/lib/python3.12/site-packages/airflow/example_dags/example_branch_labels.py
[2025-03-12T13:51:13.320+0000] {processor.py:925} INFO - DAG(s) 'example_branch_labels' retrieved from /home/airflow/.local/lib/python3.12/site-packages/airflow/example_dags/example_branch_labels.py
[2025-03-12T13:51:13.337+0000] {logging_mixin.py:190} INFO - [2025-03-12T13:51:13.337+0000] {dag.py:3239} INFO - Sync 1 DAGs
[2025-03-12T13:51:13.356+0000] {logging_mixin.py:190} INFO - [2025-03-12T13:51:13.355+0000] {dag.py:4180} INFO - Setting next_dagrun for example_branch_labels to 2025-03-11 00:00:00+00:00, run_after=2025-03-12 00:00:00+00:00
[2025-03-12T13:51:13.372+0000] {processor.py:208} INFO - Processing /home/airflow/.local/lib/python3.12/site-packages/airflow/example_dags/example_branch_labels.py took 0.066 seconds
[2025-03-12T13:51:46.031+0000] {processor.py:186} INFO - Started process (PID=2949) to work on /home/airflow/.local/lib/python3.12/site-packages/airflow/example_dags/example_branch_labels.py
[2025-03-12T13:51:46.032+0000] {processor.py:914} INFO - Processing file /home/airflow/.local/lib/python3.12/site-packages/airflow/example_dags/example_branch_labels.py for tasks to queue
[2025-03-12T13:51:46.033+0000] {logging_mixin.py:190} INFO - [2025-03-12T13:51:46.033+0000] {dagbag.py:588} INFO - Filling up the DagBag from /home/airflow/.local/lib/python3.12/site-packages/airflow/example_dags/example_branch_labels.py
[2025-03-12T13:51:46.041+0000] {processor.py:925} INFO - DAG(s) 'example_branch_labels' retrieved from /home/airflow/.local/lib/python3.12/site-packages/airflow/example_dags/example_branch_labels.py
[2025-03-12T13:51:46.061+0000] {logging_mixin.py:190} INFO - [2025-03-12T13:51:46.060+0000] {dag.py:3239} INFO - Sync 1 DAGs
[2025-03-12T13:51:46.081+0000] {logging_mixin.py:190} INFO - [2025-03-12T13:51:46.081+0000] {dag.py:4180} INFO - Setting next_dagrun for example_branch_labels to 2025-03-11 00:00:00+00:00, run_after=2025-03-12 00:00:00+00:00
[2025-03-12T13:51:46.099+0000] {processor.py:208} INFO - Processing /home/airflow/.local/lib/python3.12/site-packages/airflow/example_dags/example_branch_labels.py took 0.072 seconds
[2025-03-12T13:52:20.025+0000] {processor.py:186} INFO - Started process (PID=3255) to work on /home/airflow/.local/lib/python3.12/site-packages/airflow/example_dags/example_branch_labels.py
[2025-03-12T13:52:20.025+0000] {processor.py:914} INFO - Processing file /home/airflow/.local/lib/python3.12/site-packages/airflow/example_dags/example_branch_labels.py for tasks to queue
[2025-03-12T13:52:20.027+0000] {logging_mixin.py:190} INFO - [2025-03-12T13:52:20.027+0000] {dagbag.py:588} INFO - Filling up the DagBag from /home/airflow/.local/lib/python3.12/site-packages/airflow/example_dags/example_branch_labels.py
[2025-03-12T13:52:20.036+0000] {processor.py:925} INFO - DAG(s) 'example_branch_labels' retrieved from /home/airflow/.local/lib/python3.12/site-packages/airflow/example_dags/example_branch_labels.py
[2025-03-12T13:52:20.053+0000] {logging_mixin.py:190} INFO - [2025-03-12T13:52:20.053+0000] {dag.py:3239} INFO - Sync 1 DAGs
[2025-03-12T13:52:20.073+0000] {logging_mixin.py:190} INFO - [2025-03-12T13:52:20.072+0000] {dag.py:4180} INFO - Setting next_dagrun for example_branch_labels to 2025-03-11 00:00:00+00:00, run_after=2025-03-12 00:00:00+00:00
[2025-03-12T13:52:20.089+0000] {processor.py:208} INFO - Processing /home/airflow/.local/lib/python3.12/site-packages/airflow/example_dags/example_branch_labels.py took 0.069 seconds
[2025-03-12T13:52:53.604+0000] {processor.py:186} INFO - Started process (PID=3561) to work on /home/airflow/.local/lib/python3.12/site-packages/airflow/example_dags/example_branch_labels.py
[2025-03-12T13:52:53.605+0000] {processor.py:914} INFO - Processing file /home/airflow/.local/lib/python3.12/site-packages/airflow/example_dags/example_branch_labels.py for tasks to queue
[2025-03-12T13:52:53.608+0000] {logging_mixin.py:190} INFO - [2025-03-12T13:52:53.608+0000] {dagbag.py:588} INFO - Filling up the DagBag from /home/airflow/.local/lib/python3.12/site-packages/airflow/example_dags/example_branch_labels.py
[2025-03-12T13:52:53.622+0000] {processor.py:925} INFO - DAG(s) 'example_branch_labels' retrieved from /home/airflow/.local/lib/python3.12/site-packages/airflow/example_dags/example_branch_labels.py
[2025-03-12T13:52:53.649+0000] {logging_mixin.py:190} INFO - [2025-03-12T13:52:53.649+0000] {dag.py:3239} INFO - Sync 1 DAGs
[2025-03-12T13:52:53.684+0000] {logging_mixin.py:190} INFO - [2025-03-12T13:52:53.683+0000] {dag.py:4180} INFO - Setting next_dagrun for example_branch_labels to 2025-03-11 00:00:00+00:00, run_after=2025-03-12 00:00:00+00:00
[2025-03-12T13:52:53.708+0000] {processor.py:208} INFO - Processing /home/airflow/.local/lib/python3.12/site-packages/airflow/example_dags/example_branch_labels.py took 0.112 seconds
[2025-03-12T13:53:26.040+0000] {processor.py:186} INFO - Started process (PID=3869) to work on /home/airflow/.local/lib/python3.12/site-packages/airflow/example_dags/example_branch_labels.py
[2025-03-12T13:53:26.042+0000] {processor.py:914} INFO - Processing file /home/airflow/.local/lib/python3.12/site-packages/airflow/example_dags/example_branch_labels.py for tasks to queue
[2025-03-12T13:53:26.045+0000] {logging_mixin.py:190} INFO - [2025-03-12T13:53:26.044+0000] {dagbag.py:588} INFO - Filling up the DagBag from /home/airflow/.local/lib/python3.12/site-packages/airflow/example_dags/example_branch_labels.py
[2025-03-12T13:53:26.058+0000] {processor.py:925} INFO - DAG(s) 'example_branch_labels' retrieved from /home/airflow/.local/lib/python3.12/site-packages/airflow/example_dags/example_branch_labels.py
[2025-03-12T13:53:26.078+0000] {logging_mixin.py:190} INFO - [2025-03-12T13:53:26.078+0000] {dag.py:3239} INFO - Sync 1 DAGs
[2025-03-12T13:53:26.099+0000] {logging_mixin.py:190} INFO - [2025-03-12T13:53:26.099+0000] {dag.py:4180} INFO - Setting next_dagrun for example_branch_labels to 2025-03-11 00:00:00+00:00, run_after=2025-03-12 00:00:00+00:00
[2025-03-12T13:53:26.112+0000] {processor.py:208} INFO - Processing /home/airflow/.local/lib/python3.12/site-packages/airflow/example_dags/example_branch_labels.py took 0.080 seconds
[2025-03-12T13:53:59.646+0000] {processor.py:186} INFO - Started process (PID=4173) to work on /home/airflow/.local/lib/python3.12/site-packages/airflow/example_dags/example_branch_labels.py
[2025-03-12T13:53:59.647+0000] {processor.py:914} INFO - Processing file /home/airflow/.local/lib/python3.12/site-packages/airflow/example_dags/example_branch_labels.py for tasks to queue
[2025-03-12T13:53:59.649+0000] {logging_mixin.py:190} INFO - [2025-03-12T13:53:59.649+0000] {dagbag.py:588} INFO - Filling up the DagBag from /home/airflow/.local/lib/python3.12/site-packages/airflow/example_dags/example_branch_labels.py
[2025-03-12T13:53:59.659+0000] {processor.py:925} INFO - DAG(s) 'example_branch_labels' retrieved from /home/airflow/.local/lib/python3.12/site-packages/airflow/example_dags/example_branch_labels.py
[2025-03-12T13:53:59.678+0000] {logging_mixin.py:190} INFO - [2025-03-12T13:53:59.678+0000] {dag.py:3239} INFO - Sync 1 DAGs
[2025-03-12T13:53:59.699+0000] {logging_mixin.py:190} INFO - [2025-03-12T13:53:59.699+0000] {dag.py:4180} INFO - Setting next_dagrun for example_branch_labels to 2025-03-11 00:00:00+00:00, run_after=2025-03-12 00:00:00+00:00
[2025-03-12T13:53:59.714+0000] {processor.py:208} INFO - Processing /home/airflow/.local/lib/python3.12/site-packages/airflow/example_dags/example_branch_labels.py took 0.074 seconds
[2025-03-12T13:54:32.884+0000] {processor.py:186} INFO - Started process (PID=4479) to work on /home/airflow/.local/lib/python3.12/site-packages/airflow/example_dags/example_branch_labels.py
[2025-03-12T13:54:32.885+0000] {processor.py:914} INFO - Processing file /home/airflow/.local/lib/python3.12/site-packages/airflow/example_dags/example_branch_labels.py for tasks to queue
[2025-03-12T13:54:32.888+0000] {logging_mixin.py:190} INFO - [2025-03-12T13:54:32.887+0000] {dagbag.py:588} INFO - Filling up the DagBag from /home/airflow/.local/lib/python3.12/site-packages/airflow/example_dags/example_branch_labels.py
[2025-03-12T13:54:32.896+0000] {processor.py:925} INFO - DAG(s) 'example_branch_labels' retrieved from /home/airflow/.local/lib/python3.12/site-packages/airflow/example_dags/example_branch_labels.py
[2025-03-12T13:54:32.917+0000] {logging_mixin.py:190} INFO - [2025-03-12T13:54:32.917+0000] {dag.py:3239} INFO - Sync 1 DAGs
[2025-03-12T13:54:32.945+0000] {logging_mixin.py:190} INFO - [2025-03-12T13:54:32.945+0000] {dag.py:4180} INFO - Setting next_dagrun for example_branch_labels to 2025-03-11 00:00:00+00:00, run_after=2025-03-12 00:00:00+00:00
[2025-03-12T13:54:32.963+0000] {processor.py:208} INFO - Processing /home/airflow/.local/lib/python3.12/site-packages/airflow/example_dags/example_branch_labels.py took 0.084 seconds
[2025-03-12T13:55:07.001+0000] {processor.py:186} INFO - Started process (PID=4785) to work on /home/airflow/.local/lib/python3.12/site-packages/airflow/example_dags/example_branch_labels.py
[2025-03-12T13:55:07.002+0000] {processor.py:914} INFO - Processing file /home/airflow/.local/lib/python3.12/site-packages/airflow/example_dags/example_branch_labels.py for tasks to queue
[2025-03-12T13:55:07.005+0000] {logging_mixin.py:190} INFO - [2025-03-12T13:55:07.004+0000] {dagbag.py:588} INFO - Filling up the DagBag from /home/airflow/.local/lib/python3.12/site-packages/airflow/example_dags/example_branch_labels.py
[2025-03-12T13:55:07.016+0000] {processor.py:925} INFO - DAG(s) 'example_branch_labels' retrieved from /home/airflow/.local/lib/python3.12/site-packages/airflow/example_dags/example_branch_labels.py
[2025-03-12T13:55:07.040+0000] {logging_mixin.py:190} INFO - [2025-03-12T13:55:07.040+0000] {dag.py:3239} INFO - Sync 1 DAGs
[2025-03-12T13:55:07.070+0000] {logging_mixin.py:190} INFO - [2025-03-12T13:55:07.070+0000] {dag.py:4180} INFO - Setting next_dagrun for example_branch_labels to 2025-03-11 00:00:00+00:00, run_after=2025-03-12 00:00:00+00:00
[2025-03-12T13:55:07.090+0000] {processor.py:208} INFO - Processing /home/airflow/.local/lib/python3.12/site-packages/airflow/example_dags/example_branch_labels.py took 0.097 seconds
[2025-03-12T13:55:39.477+0000] {processor.py:186} INFO - Started process (PID=5091) to work on /home/airflow/.local/lib/python3.12/site-packages/airflow/example_dags/example_branch_labels.py
[2025-03-12T13:55:39.478+0000] {processor.py:914} INFO - Processing file /home/airflow/.local/lib/python3.12/site-packages/airflow/example_dags/example_branch_labels.py for tasks to queue
[2025-03-12T13:55:39.480+0000] {logging_mixin.py:190} INFO - [2025-03-12T13:55:39.479+0000] {dagbag.py:588} INFO - Filling up the DagBag from /home/airflow/.local/lib/python3.12/site-packages/airflow/example_dags/example_branch_labels.py
[2025-03-12T13:55:39.487+0000] {processor.py:925} INFO - DAG(s) 'example_branch_labels' retrieved from /home/airflow/.local/lib/python3.12/site-packages/airflow/example_dags/example_branch_labels.py
[2025-03-12T13:55:39.505+0000] {logging_mixin.py:190} INFO - [2025-03-12T13:55:39.505+0000] {dag.py:3239} INFO - Sync 1 DAGs
[2025-03-12T13:55:39.525+0000] {logging_mixin.py:190} INFO - [2025-03-12T13:55:39.525+0000] {dag.py:4180} INFO - Setting next_dagrun for example_branch_labels to 2025-03-11 00:00:00+00:00, run_after=2025-03-12 00:00:00+00:00
[2025-03-12T13:55:39.541+0000] {processor.py:208} INFO - Processing /home/airflow/.local/lib/python3.12/site-packages/airflow/example_dags/example_branch_labels.py took 0.068 seconds
[2025-03-12T13:56:13.261+0000] {processor.py:186} INFO - Started process (PID=5397) to work on /home/airflow/.local/lib/python3.12/site-packages/airflow/example_dags/example_branch_labels.py
[2025-03-12T13:56:13.263+0000] {processor.py:914} INFO - Processing file /home/airflow/.local/lib/python3.12/site-packages/airflow/example_dags/example_branch_labels.py for tasks to queue
[2025-03-12T13:56:13.265+0000] {logging_mixin.py:190} INFO - [2025-03-12T13:56:13.265+0000] {dagbag.py:588} INFO - Filling up the DagBag from /home/airflow/.local/lib/python3.12/site-packages/airflow/example_dags/example_branch_labels.py
[2025-03-12T13:56:13.272+0000] {processor.py:925} INFO - DAG(s) 'example_branch_labels' retrieved from /home/airflow/.local/lib/python3.12/site-packages/airflow/example_dags/example_branch_labels.py
[2025-03-12T13:56:13.289+0000] {logging_mixin.py:190} INFO - [2025-03-12T13:56:13.289+0000] {dag.py:3239} INFO - Sync 1 DAGs
[2025-03-12T13:56:13.308+0000] {logging_mixin.py:190} INFO - [2025-03-12T13:56:13.308+0000] {dag.py:4180} INFO - Setting next_dagrun for example_branch_labels to 2025-03-11 00:00:00+00:00, run_after=2025-03-12 00:00:00+00:00
[2025-03-12T13:56:13.324+0000] {processor.py:208} INFO - Processing /home/airflow/.local/lib/python3.12/site-packages/airflow/example_dags/example_branch_labels.py took 0.068 seconds
[2025-03-12T13:56:46.512+0000] {processor.py:186} INFO - Started process (PID=5703) to work on /home/airflow/.local/lib/python3.12/site-packages/airflow/example_dags/example_branch_labels.py
[2025-03-12T13:56:46.513+0000] {processor.py:914} INFO - Processing file /home/airflow/.local/lib/python3.12/site-packages/airflow/example_dags/example_branch_labels.py for tasks to queue
[2025-03-12T13:56:46.515+0000] {logging_mixin.py:190} INFO - [2025-03-12T13:56:46.515+0000] {dagbag.py:588} INFO - Filling up the DagBag from /home/airflow/.local/lib/python3.12/site-packages/airflow/example_dags/example_branch_labels.py
[2025-03-12T13:56:46.522+0000] {processor.py:925} INFO - DAG(s) 'example_branch_labels' retrieved from /home/airflow/.local/lib/python3.12/site-packages/airflow/example_dags/example_branch_labels.py
[2025-03-12T13:56:46.539+0000] {logging_mixin.py:190} INFO - [2025-03-12T13:56:46.539+0000] {dag.py:3239} INFO - Sync 1 DAGs
[2025-03-12T13:56:46.559+0000] {logging_mixin.py:190} INFO - [2025-03-12T13:56:46.558+0000] {dag.py:4180} INFO - Setting next_dagrun for example_branch_labels to 2025-03-11 00:00:00+00:00, run_after=2025-03-12 00:00:00+00:00
[2025-03-12T13:56:46.574+0000] {processor.py:208} INFO - Processing /home/airflow/.local/lib/python3.12/site-packages/airflow/example_dags/example_branch_labels.py took 0.066 seconds
[2025-03-12T13:57:20.012+0000] {processor.py:186} INFO - Started process (PID=6009) to work on /home/airflow/.local/lib/python3.12/site-packages/airflow/example_dags/example_branch_labels.py
[2025-03-12T13:57:20.013+0000] {processor.py:914} INFO - Processing file /home/airflow/.local/lib/python3.12/site-packages/airflow/example_dags/example_branch_labels.py for tasks to queue
[2025-03-12T13:57:20.014+0000] {logging_mixin.py:190} INFO - [2025-03-12T13:57:20.014+0000] {dagbag.py:588} INFO - Filling up the DagBag from /home/airflow/.local/lib/python3.12/site-packages/airflow/example_dags/example_branch_labels.py
[2025-03-12T13:57:20.021+0000] {processor.py:925} INFO - DAG(s) 'example_branch_labels' retrieved from /home/airflow/.local/lib/python3.12/site-packages/airflow/example_dags/example_branch_labels.py
[2025-03-12T13:57:20.037+0000] {logging_mixin.py:190} INFO - [2025-03-12T13:57:20.036+0000] {dag.py:3239} INFO - Sync 1 DAGs
[2025-03-12T13:57:20.054+0000] {logging_mixin.py:190} INFO - [2025-03-12T13:57:20.054+0000] {dag.py:4180} INFO - Setting next_dagrun for example_branch_labels to 2025-03-11 00:00:00+00:00, run_after=2025-03-12 00:00:00+00:00
[2025-03-12T13:57:20.069+0000] {processor.py:208} INFO - Processing /home/airflow/.local/lib/python3.12/site-packages/airflow/example_dags/example_branch_labels.py took 0.061 seconds
[2025-03-12T13:57:53.630+0000] {processor.py:186} INFO - Started process (PID=6315) to work on /home/airflow/.local/lib/python3.12/site-packages/airflow/example_dags/example_branch_labels.py
[2025-03-12T13:57:53.630+0000] {processor.py:914} INFO - Processing file /home/airflow/.local/lib/python3.12/site-packages/airflow/example_dags/example_branch_labels.py for tasks to queue
[2025-03-12T13:57:53.632+0000] {logging_mixin.py:190} INFO - [2025-03-12T13:57:53.632+0000] {dagbag.py:588} INFO - Filling up the DagBag from /home/airflow/.local/lib/python3.12/site-packages/airflow/example_dags/example_branch_labels.py
[2025-03-12T13:57:53.638+0000] {processor.py:925} INFO - DAG(s) 'example_branch_labels' retrieved from /home/airflow/.local/lib/python3.12/site-packages/airflow/example_dags/example_branch_labels.py
[2025-03-12T13:57:53.655+0000] {logging_mixin.py:190} INFO - [2025-03-12T13:57:53.654+0000] {dag.py:3239} INFO - Sync 1 DAGs
[2025-03-12T13:57:53.673+0000] {logging_mixin.py:190} INFO - [2025-03-12T13:57:53.673+0000] {dag.py:4180} INFO - Setting next_dagrun for example_branch_labels to 2025-03-11 00:00:00+00:00, run_after=2025-03-12 00:00:00+00:00
[2025-03-12T13:57:53.689+0000] {processor.py:208} INFO - Processing /home/airflow/.local/lib/python3.12/site-packages/airflow/example_dags/example_branch_labels.py took 0.064 seconds
[2025-03-12T13:58:26.679+0000] {processor.py:186} INFO - Started process (PID=6621) to work on /home/airflow/.local/lib/python3.12/site-packages/airflow/example_dags/example_branch_labels.py
[2025-03-12T13:58:26.680+0000] {processor.py:914} INFO - Processing file /home/airflow/.local/lib/python3.12/site-packages/airflow/example_dags/example_branch_labels.py for tasks to queue
[2025-03-12T13:58:26.681+0000] {logging_mixin.py:190} INFO - [2025-03-12T13:58:26.681+0000] {dagbag.py:588} INFO - Filling up the DagBag from /home/airflow/.local/lib/python3.12/site-packages/airflow/example_dags/example_branch_labels.py
[2025-03-12T13:58:26.689+0000] {processor.py:925} INFO - DAG(s) 'example_branch_labels' retrieved from /home/airflow/.local/lib/python3.12/site-packages/airflow/example_dags/example_branch_labels.py
[2025-03-12T13:58:26.708+0000] {logging_mixin.py:190} INFO - [2025-03-12T13:58:26.708+0000] {dag.py:3239} INFO - Sync 1 DAGs
[2025-03-12T13:58:26.728+0000] {logging_mixin.py:190} INFO - [2025-03-12T13:58:26.727+0000] {dag.py:4180} INFO - Setting next_dagrun for example_branch_labels to 2025-03-11 00:00:00+00:00, run_after=2025-03-12 00:00:00+00:00
[2025-03-12T13:58:26.745+0000] {processor.py:208} INFO - Processing /home/airflow/.local/lib/python3.12/site-packages/airflow/example_dags/example_branch_labels.py took 0.070 seconds
[2025-03-12T13:59:00.006+0000] {processor.py:186} INFO - Started process (PID=6927) to work on /home/airflow/.local/lib/python3.12/site-packages/airflow/example_dags/example_branch_labels.py
[2025-03-12T13:59:00.007+0000] {processor.py:914} INFO - Processing file /home/airflow/.local/lib/python3.12/site-packages/airflow/example_dags/example_branch_labels.py for tasks to queue
[2025-03-12T13:59:00.009+0000] {logging_mixin.py:190} INFO - [2025-03-12T13:59:00.009+0000] {dagbag.py:588} INFO - Filling up the DagBag from /home/airflow/.local/lib/python3.12/site-packages/airflow/example_dags/example_branch_labels.py
[2025-03-12T13:59:00.018+0000] {processor.py:925} INFO - DAG(s) 'example_branch_labels' retrieved from /home/airflow/.local/lib/python3.12/site-packages/airflow/example_dags/example_branch_labels.py
[2025-03-12T13:59:00.035+0000] {logging_mixin.py:190} INFO - [2025-03-12T13:59:00.034+0000] {dag.py:3239} INFO - Sync 1 DAGs
[2025-03-12T13:59:00.053+0000] {logging_mixin.py:190} INFO - [2025-03-12T13:59:00.053+0000] {dag.py:4180} INFO - Setting next_dagrun for example_branch_labels to 2025-03-11 00:00:00+00:00, run_after=2025-03-12 00:00:00+00:00
[2025-03-12T13:59:00.070+0000] {processor.py:208} INFO - Processing /home/airflow/.local/lib/python3.12/site-packages/airflow/example_dags/example_branch_labels.py took 0.068 seconds
[2025-03-12T13:59:33.090+0000] {processor.py:186} INFO - Started process (PID=7233) to work on /home/airflow/.local/lib/python3.12/site-packages/airflow/example_dags/example_branch_labels.py
[2025-03-12T13:59:33.090+0000] {processor.py:914} INFO - Processing file /home/airflow/.local/lib/python3.12/site-packages/airflow/example_dags/example_branch_labels.py for tasks to queue
[2025-03-12T13:59:33.092+0000] {logging_mixin.py:190} INFO - [2025-03-12T13:59:33.092+0000] {dagbag.py:588} INFO - Filling up the DagBag from /home/airflow/.local/lib/python3.12/site-packages/airflow/example_dags/example_branch_labels.py
[2025-03-12T13:59:33.099+0000] {processor.py:925} INFO - DAG(s) 'example_branch_labels' retrieved from /home/airflow/.local/lib/python3.12/site-packages/airflow/example_dags/example_branch_labels.py
[2025-03-12T13:59:33.114+0000] {logging_mixin.py:190} INFO - [2025-03-12T13:59:33.114+0000] {dag.py:3239} INFO - Sync 1 DAGs
[2025-03-12T13:59:33.131+0000] {logging_mixin.py:190} INFO - [2025-03-12T13:59:33.131+0000] {dag.py:4180} INFO - Setting next_dagrun for example_branch_labels to 2025-03-11 00:00:00+00:00, run_after=2025-03-12 00:00:00+00:00
[2025-03-12T13:59:33.145+0000] {processor.py:208} INFO - Processing /home/airflow/.local/lib/python3.12/site-packages/airflow/example_dags/example_branch_labels.py took 0.059 seconds
[2025-03-12T14:00:06.844+0000] {processor.py:186} INFO - Started process (PID=7539) to work on /home/airflow/.local/lib/python3.12/site-packages/airflow/example_dags/example_branch_labels.py
[2025-03-12T14:00:06.845+0000] {processor.py:914} INFO - Processing file /home/airflow/.local/lib/python3.12/site-packages/airflow/example_dags/example_branch_labels.py for tasks to queue
[2025-03-12T14:00:06.847+0000] {logging_mixin.py:190} INFO - [2025-03-12T14:00:06.847+0000] {dagbag.py:588} INFO - Filling up the DagBag from /home/airflow/.local/lib/python3.12/site-packages/airflow/example_dags/example_branch_labels.py
[2025-03-12T14:00:06.854+0000] {processor.py:925} INFO - DAG(s) 'example_branch_labels' retrieved from /home/airflow/.local/lib/python3.12/site-packages/airflow/example_dags/example_branch_labels.py
[2025-03-12T14:00:06.870+0000] {logging_mixin.py:190} INFO - [2025-03-12T14:00:06.870+0000] {dag.py:3239} INFO - Sync 1 DAGs
[2025-03-12T14:00:06.886+0000] {logging_mixin.py:190} INFO - [2025-03-12T14:00:06.886+0000] {dag.py:4180} INFO - Setting next_dagrun for example_branch_labels to 2025-03-11 00:00:00+00:00, run_after=2025-03-12 00:00:00+00:00
[2025-03-12T14:00:06.902+0000] {processor.py:208} INFO - Processing /home/airflow/.local/lib/python3.12/site-packages/airflow/example_dags/example_branch_labels.py took 0.062 seconds
[2025-03-12T14:00:39.612+0000] {processor.py:186} INFO - Started process (PID=7845) to work on /home/airflow/.local/lib/python3.12/site-packages/airflow/example_dags/example_branch_labels.py
[2025-03-12T14:00:39.613+0000] {processor.py:914} INFO - Processing file /home/airflow/.local/lib/python3.12/site-packages/airflow/example_dags/example_branch_labels.py for tasks to queue
[2025-03-12T14:00:39.615+0000] {logging_mixin.py:190} INFO - [2025-03-12T14:00:39.614+0000] {dagbag.py:588} INFO - Filling up the DagBag from /home/airflow/.local/lib/python3.12/site-packages/airflow/example_dags/example_branch_labels.py
[2025-03-12T14:00:39.623+0000] {processor.py:925} INFO - DAG(s) 'example_branch_labels' retrieved from /home/airflow/.local/lib/python3.12/site-packages/airflow/example_dags/example_branch_labels.py
[2025-03-12T14:00:39.641+0000] {logging_mixin.py:190} INFO - [2025-03-12T14:00:39.641+0000] {dag.py:3239} INFO - Sync 1 DAGs
[2025-03-12T14:00:39.665+0000] {logging_mixin.py:190} INFO - [2025-03-12T14:00:39.664+0000] {dag.py:4180} INFO - Setting next_dagrun for example_branch_labels to 2025-03-11 00:00:00+00:00, run_after=2025-03-12 00:00:00+00:00
[2025-03-12T14:00:39.686+0000] {processor.py:208} INFO - Processing /home/airflow/.local/lib/python3.12/site-packages/airflow/example_dags/example_branch_labels.py took 0.079 seconds
[2025-03-12T14:01:13.331+0000] {processor.py:186} INFO - Started process (PID=8151) to work on /home/airflow/.local/lib/python3.12/site-packages/airflow/example_dags/example_branch_labels.py
[2025-03-12T14:01:13.332+0000] {processor.py:914} INFO - Processing file /home/airflow/.local/lib/python3.12/site-packages/airflow/example_dags/example_branch_labels.py for tasks to queue
[2025-03-12T14:01:13.334+0000] {logging_mixin.py:190} INFO - [2025-03-12T14:01:13.334+0000] {dagbag.py:588} INFO - Filling up the DagBag from /home/airflow/.local/lib/python3.12/site-packages/airflow/example_dags/example_branch_labels.py
[2025-03-12T14:01:13.342+0000] {processor.py:925} INFO - DAG(s) 'example_branch_labels' retrieved from /home/airflow/.local/lib/python3.12/site-packages/airflow/example_dags/example_branch_labels.py
[2025-03-12T14:01:13.359+0000] {logging_mixin.py:190} INFO - [2025-03-12T14:01:13.359+0000] {dag.py:3239} INFO - Sync 1 DAGs
[2025-03-12T14:01:13.379+0000] {logging_mixin.py:190} INFO - [2025-03-12T14:01:13.379+0000] {dag.py:4180} INFO - Setting next_dagrun for example_branch_labels to 2025-03-11 00:00:00+00:00, run_after=2025-03-12 00:00:00+00:00
[2025-03-12T14:01:13.395+0000] {processor.py:208} INFO - Processing /home/airflow/.local/lib/python3.12/site-packages/airflow/example_dags/example_branch_labels.py took 0.069 seconds
[2025-03-12T14:01:46.340+0000] {processor.py:186} INFO - Started process (PID=8460) to work on /home/airflow/.local/lib/python3.12/site-packages/airflow/example_dags/example_branch_labels.py
[2025-03-12T14:01:46.340+0000] {processor.py:914} INFO - Processing file /home/airflow/.local/lib/python3.12/site-packages/airflow/example_dags/example_branch_labels.py for tasks to queue
[2025-03-12T14:01:46.342+0000] {logging_mixin.py:190} INFO - [2025-03-12T14:01:46.342+0000] {dagbag.py:588} INFO - Filling up the DagBag from /home/airflow/.local/lib/python3.12/site-packages/airflow/example_dags/example_branch_labels.py
[2025-03-12T14:01:46.350+0000] {processor.py:925} INFO - DAG(s) 'example_branch_labels' retrieved from /home/airflow/.local/lib/python3.12/site-packages/airflow/example_dags/example_branch_labels.py
[2025-03-12T14:01:46.367+0000] {logging_mixin.py:190} INFO - [2025-03-12T14:01:46.367+0000] {dag.py:3239} INFO - Sync 1 DAGs
[2025-03-12T14:01:46.384+0000] {logging_mixin.py:190} INFO - [2025-03-12T14:01:46.383+0000] {dag.py:4180} INFO - Setting next_dagrun for example_branch_labels to 2025-03-11 00:00:00+00:00, run_after=2025-03-12 00:00:00+00:00
[2025-03-12T14:01:46.398+0000] {processor.py:208} INFO - Processing /home/airflow/.local/lib/python3.12/site-packages/airflow/example_dags/example_branch_labels.py took 0.063 seconds
[2025-03-12T14:02:20.206+0000] {processor.py:186} INFO - Started process (PID=8764) to work on /home/airflow/.local/lib/python3.12/site-packages/airflow/example_dags/example_branch_labels.py
[2025-03-12T14:02:20.207+0000] {processor.py:914} INFO - Processing file /home/airflow/.local/lib/python3.12/site-packages/airflow/example_dags/example_branch_labels.py for tasks to queue
[2025-03-12T14:02:20.209+0000] {logging_mixin.py:190} INFO - [2025-03-12T14:02:20.208+0000] {dagbag.py:588} INFO - Filling up the DagBag from /home/airflow/.local/lib/python3.12/site-packages/airflow/example_dags/example_branch_labels.py
[2025-03-12T14:02:20.216+0000] {processor.py:925} INFO - DAG(s) 'example_branch_labels' retrieved from /home/airflow/.local/lib/python3.12/site-packages/airflow/example_dags/example_branch_labels.py
[2025-03-12T14:02:20.233+0000] {logging_mixin.py:190} INFO - [2025-03-12T14:02:20.233+0000] {dag.py:3239} INFO - Sync 1 DAGs
[2025-03-12T14:02:20.251+0000] {logging_mixin.py:190} INFO - [2025-03-12T14:02:20.250+0000] {dag.py:4180} INFO - Setting next_dagrun for example_branch_labels to 2025-03-11 00:00:00+00:00, run_after=2025-03-12 00:00:00+00:00
[2025-03-12T14:02:20.264+0000] {processor.py:208} INFO - Processing /home/airflow/.local/lib/python3.12/site-packages/airflow/example_dags/example_branch_labels.py took 0.062 seconds
[2025-03-12T14:02:53.218+0000] {processor.py:186} INFO - Started process (PID=9070) to work on /home/airflow/.local/lib/python3.12/site-packages/airflow/example_dags/example_branch_labels.py
[2025-03-12T14:02:53.219+0000] {processor.py:914} INFO - Processing file /home/airflow/.local/lib/python3.12/site-packages/airflow/example_dags/example_branch_labels.py for tasks to queue
[2025-03-12T14:02:53.221+0000] {logging_mixin.py:190} INFO - [2025-03-12T14:02:53.221+0000] {dagbag.py:588} INFO - Filling up the DagBag from /home/airflow/.local/lib/python3.12/site-packages/airflow/example_dags/example_branch_labels.py
[2025-03-12T14:02:53.228+0000] {processor.py:925} INFO - DAG(s) 'example_branch_labels' retrieved from /home/airflow/.local/lib/python3.12/site-packages/airflow/example_dags/example_branch_labels.py
[2025-03-12T14:02:53.244+0000] {logging_mixin.py:190} INFO - [2025-03-12T14:02:53.244+0000] {dag.py:3239} INFO - Sync 1 DAGs
[2025-03-12T14:02:53.261+0000] {logging_mixin.py:190} INFO - [2025-03-12T14:02:53.261+0000] {dag.py:4180} INFO - Setting next_dagrun for example_branch_labels to 2025-03-11 00:00:00+00:00, run_after=2025-03-12 00:00:00+00:00
[2025-03-12T14:02:53.275+0000] {processor.py:208} INFO - Processing /home/airflow/.local/lib/python3.12/site-packages/airflow/example_dags/example_branch_labels.py took 0.061 seconds
[2025-03-12T14:03:26.279+0000] {processor.py:186} INFO - Started process (PID=9376) to work on /home/airflow/.local/lib/python3.12/site-packages/airflow/example_dags/example_branch_labels.py
[2025-03-12T14:03:26.280+0000] {processor.py:914} INFO - Processing file /home/airflow/.local/lib/python3.12/site-packages/airflow/example_dags/example_branch_labels.py for tasks to queue
[2025-03-12T14:03:26.283+0000] {logging_mixin.py:190} INFO - [2025-03-12T14:03:26.282+0000] {dagbag.py:588} INFO - Filling up the DagBag from /home/airflow/.local/lib/python3.12/site-packages/airflow/example_dags/example_branch_labels.py
[2025-03-12T14:03:26.293+0000] {processor.py:925} INFO - DAG(s) 'example_branch_labels' retrieved from /home/airflow/.local/lib/python3.12/site-packages/airflow/example_dags/example_branch_labels.py
[2025-03-12T14:03:26.315+0000] {logging_mixin.py:190} INFO - [2025-03-12T14:03:26.315+0000] {dag.py:3239} INFO - Sync 1 DAGs
[2025-03-12T14:03:26.340+0000] {logging_mixin.py:190} INFO - [2025-03-12T14:03:26.340+0000] {dag.py:4180} INFO - Setting next_dagrun for example_branch_labels to 2025-03-11 00:00:00+00:00, run_after=2025-03-12 00:00:00+00:00
[2025-03-12T14:03:26.358+0000] {processor.py:208} INFO - Processing /home/airflow/.local/lib/python3.12/site-packages/airflow/example_dags/example_branch_labels.py took 0.087 seconds
[2025-03-12T14:04:00.226+0000] {processor.py:186} INFO - Started process (PID=9682) to work on /home/airflow/.local/lib/python3.12/site-packages/airflow/example_dags/example_branch_labels.py
[2025-03-12T14:04:00.227+0000] {processor.py:914} INFO - Processing file /home/airflow/.local/lib/python3.12/site-packages/airflow/example_dags/example_branch_labels.py for tasks to queue
[2025-03-12T14:04:00.230+0000] {logging_mixin.py:190} INFO - [2025-03-12T14:04:00.229+0000] {dagbag.py:588} INFO - Filling up the DagBag from /home/airflow/.local/lib/python3.12/site-packages/airflow/example_dags/example_branch_labels.py
[2025-03-12T14:04:00.239+0000] {processor.py:925} INFO - DAG(s) 'example_branch_labels' retrieved from /home/airflow/.local/lib/python3.12/site-packages/airflow/example_dags/example_branch_labels.py
[2025-03-12T14:04:00.259+0000] {logging_mixin.py:190} INFO - [2025-03-12T14:04:00.259+0000] {dag.py:3239} INFO - Sync 1 DAGs
[2025-03-12T14:04:00.283+0000] {logging_mixin.py:190} INFO - [2025-03-12T14:04:00.282+0000] {dag.py:4180} INFO - Setting next_dagrun for example_branch_labels to 2025-03-11 00:00:00+00:00, run_after=2025-03-12 00:00:00+00:00
[2025-03-12T14:04:00.301+0000] {processor.py:208} INFO - Processing /home/airflow/.local/lib/python3.12/site-packages/airflow/example_dags/example_branch_labels.py took 0.081 seconds
[2025-03-12T14:04:32.794+0000] {processor.py:186} INFO - Started process (PID=9990) to work on /home/airflow/.local/lib/python3.12/site-packages/airflow/example_dags/example_branch_labels.py
[2025-03-12T14:04:32.795+0000] {processor.py:914} INFO - Processing file /home/airflow/.local/lib/python3.12/site-packages/airflow/example_dags/example_branch_labels.py for tasks to queue
[2025-03-12T14:04:32.798+0000] {logging_mixin.py:190} INFO - [2025-03-12T14:04:32.798+0000] {dagbag.py:588} INFO - Filling up the DagBag from /home/airflow/.local/lib/python3.12/site-packages/airflow/example_dags/example_branch_labels.py
[2025-03-12T14:04:32.806+0000] {processor.py:925} INFO - DAG(s) 'example_branch_labels' retrieved from /home/airflow/.local/lib/python3.12/site-packages/airflow/example_dags/example_branch_labels.py
[2025-03-12T14:04:32.824+0000] {logging_mixin.py:190} INFO - [2025-03-12T14:04:32.824+0000] {dag.py:3239} INFO - Sync 1 DAGs
[2025-03-12T14:04:32.847+0000] {logging_mixin.py:190} INFO - [2025-03-12T14:04:32.847+0000] {dag.py:4180} INFO - Setting next_dagrun for example_branch_labels to 2025-03-11 00:00:00+00:00, run_after=2025-03-12 00:00:00+00:00
[2025-03-12T14:04:32.864+0000] {processor.py:208} INFO - Processing /home/airflow/.local/lib/python3.12/site-packages/airflow/example_dags/example_branch_labels.py took 0.075 seconds
[2025-03-12T14:05:06.296+0000] {processor.py:186} INFO - Started process (PID=10296) to work on /home/airflow/.local/lib/python3.12/site-packages/airflow/example_dags/example_branch_labels.py
[2025-03-12T14:05:06.297+0000] {processor.py:914} INFO - Processing file /home/airflow/.local/lib/python3.12/site-packages/airflow/example_dags/example_branch_labels.py for tasks to queue
[2025-03-12T14:05:06.298+0000] {logging_mixin.py:190} INFO - [2025-03-12T14:05:06.298+0000] {dagbag.py:588} INFO - Filling up the DagBag from /home/airflow/.local/lib/python3.12/site-packages/airflow/example_dags/example_branch_labels.py
[2025-03-12T14:05:06.305+0000] {processor.py:925} INFO - DAG(s) 'example_branch_labels' retrieved from /home/airflow/.local/lib/python3.12/site-packages/airflow/example_dags/example_branch_labels.py
[2025-03-12T14:05:06.322+0000] {logging_mixin.py:190} INFO - [2025-03-12T14:05:06.322+0000] {dag.py:3239} INFO - Sync 1 DAGs
[2025-03-12T14:05:06.340+0000] {logging_mixin.py:190} INFO - [2025-03-12T14:05:06.340+0000] {dag.py:4180} INFO - Setting next_dagrun for example_branch_labels to 2025-03-11 00:00:00+00:00, run_after=2025-03-12 00:00:00+00:00
[2025-03-12T14:05:06.353+0000] {processor.py:208} INFO - Processing /home/airflow/.local/lib/python3.12/site-packages/airflow/example_dags/example_branch_labels.py took 0.062 seconds
[2025-03-12T14:05:40.099+0000] {processor.py:186} INFO - Started process (PID=10605) to work on /home/airflow/.local/lib/python3.12/site-packages/airflow/example_dags/example_branch_labels.py
[2025-03-12T14:05:40.100+0000] {processor.py:914} INFO - Processing file /home/airflow/.local/lib/python3.12/site-packages/airflow/example_dags/example_branch_labels.py for tasks to queue
[2025-03-12T14:05:40.102+0000] {logging_mixin.py:190} INFO - [2025-03-12T14:05:40.102+0000] {dagbag.py:588} INFO - Filling up the DagBag from /home/airflow/.local/lib/python3.12/site-packages/airflow/example_dags/example_branch_labels.py
[2025-03-12T14:05:40.111+0000] {processor.py:925} INFO - DAG(s) 'example_branch_labels' retrieved from /home/airflow/.local/lib/python3.12/site-packages/airflow/example_dags/example_branch_labels.py
[2025-03-12T14:05:40.127+0000] {logging_mixin.py:190} INFO - [2025-03-12T14:05:40.126+0000] {dag.py:3239} INFO - Sync 1 DAGs
[2025-03-12T14:05:40.144+0000] {logging_mixin.py:190} INFO - [2025-03-12T14:05:40.143+0000] {dag.py:4180} INFO - Setting next_dagrun for example_branch_labels to 2025-03-11 00:00:00+00:00, run_after=2025-03-12 00:00:00+00:00
[2025-03-12T14:05:40.159+0000] {processor.py:208} INFO - Processing /home/airflow/.local/lib/python3.12/site-packages/airflow/example_dags/example_branch_labels.py took 0.064 seconds
[2025-03-12T14:06:12.874+0000] {processor.py:186} INFO - Started process (PID=10911) to work on /home/airflow/.local/lib/python3.12/site-packages/airflow/example_dags/example_branch_labels.py
[2025-03-12T14:06:12.875+0000] {processor.py:914} INFO - Processing file /home/airflow/.local/lib/python3.12/site-packages/airflow/example_dags/example_branch_labels.py for tasks to queue
[2025-03-12T14:06:12.877+0000] {logging_mixin.py:190} INFO - [2025-03-12T14:06:12.876+0000] {dagbag.py:588} INFO - Filling up the DagBag from /home/airflow/.local/lib/python3.12/site-packages/airflow/example_dags/example_branch_labels.py
[2025-03-12T14:06:12.885+0000] {processor.py:925} INFO - DAG(s) 'example_branch_labels' retrieved from /home/airflow/.local/lib/python3.12/site-packages/airflow/example_dags/example_branch_labels.py
[2025-03-12T14:06:12.903+0000] {logging_mixin.py:190} INFO - [2025-03-12T14:06:12.903+0000] {dag.py:3239} INFO - Sync 1 DAGs
[2025-03-12T14:06:12.925+0000] {logging_mixin.py:190} INFO - [2025-03-12T14:06:12.925+0000] {dag.py:4180} INFO - Setting next_dagrun for example_branch_labels to 2025-03-11 00:00:00+00:00, run_after=2025-03-12 00:00:00+00:00
[2025-03-12T14:06:12.942+0000] {processor.py:208} INFO - Processing /home/airflow/.local/lib/python3.12/site-packages/airflow/example_dags/example_branch_labels.py took 0.074 seconds
[2025-03-12T14:06:46.680+0000] {processor.py:186} INFO - Started process (PID=11217) to work on /home/airflow/.local/lib/python3.12/site-packages/airflow/example_dags/example_branch_labels.py
[2025-03-12T14:06:46.680+0000] {processor.py:914} INFO - Processing file /home/airflow/.local/lib/python3.12/site-packages/airflow/example_dags/example_branch_labels.py for tasks to queue
[2025-03-12T14:06:46.682+0000] {logging_mixin.py:190} INFO - [2025-03-12T14:06:46.682+0000] {dagbag.py:588} INFO - Filling up the DagBag from /home/airflow/.local/lib/python3.12/site-packages/airflow/example_dags/example_branch_labels.py
[2025-03-12T14:06:46.691+0000] {processor.py:925} INFO - DAG(s) 'example_branch_labels' retrieved from /home/airflow/.local/lib/python3.12/site-packages/airflow/example_dags/example_branch_labels.py
[2025-03-12T14:06:46.707+0000] {logging_mixin.py:190} INFO - [2025-03-12T14:06:46.707+0000] {dag.py:3239} INFO - Sync 1 DAGs
[2025-03-12T14:06:46.727+0000] {logging_mixin.py:190} INFO - [2025-03-12T14:06:46.726+0000] {dag.py:4180} INFO - Setting next_dagrun for example_branch_labels to 2025-03-11 00:00:00+00:00, run_after=2025-03-12 00:00:00+00:00
[2025-03-12T14:06:46.742+0000] {processor.py:208} INFO - Processing /home/airflow/.local/lib/python3.12/site-packages/airflow/example_dags/example_branch_labels.py took 0.067 seconds
[2025-03-12T14:07:20.386+0000] {processor.py:186} INFO - Started process (PID=11523) to work on /home/airflow/.local/lib/python3.12/site-packages/airflow/example_dags/example_branch_labels.py
[2025-03-12T14:07:20.387+0000] {processor.py:914} INFO - Processing file /home/airflow/.local/lib/python3.12/site-packages/airflow/example_dags/example_branch_labels.py for tasks to queue
[2025-03-12T14:07:20.389+0000] {logging_mixin.py:190} INFO - [2025-03-12T14:07:20.389+0000] {dagbag.py:588} INFO - Filling up the DagBag from /home/airflow/.local/lib/python3.12/site-packages/airflow/example_dags/example_branch_labels.py
[2025-03-12T14:07:20.396+0000] {processor.py:925} INFO - DAG(s) 'example_branch_labels' retrieved from /home/airflow/.local/lib/python3.12/site-packages/airflow/example_dags/example_branch_labels.py
[2025-03-12T14:07:20.412+0000] {logging_mixin.py:190} INFO - [2025-03-12T14:07:20.411+0000] {dag.py:3239} INFO - Sync 1 DAGs
[2025-03-12T14:07:20.429+0000] {logging_mixin.py:190} INFO - [2025-03-12T14:07:20.428+0000] {dag.py:4180} INFO - Setting next_dagrun for example_branch_labels to 2025-03-11 00:00:00+00:00, run_after=2025-03-12 00:00:00+00:00
[2025-03-12T14:07:20.445+0000] {processor.py:208} INFO - Processing /home/airflow/.local/lib/python3.12/site-packages/airflow/example_dags/example_branch_labels.py took 0.062 seconds
[2025-03-12T14:07:53.240+0000] {processor.py:186} INFO - Started process (PID=11831) to work on /home/airflow/.local/lib/python3.12/site-packages/airflow/example_dags/example_branch_labels.py
[2025-03-12T14:07:53.241+0000] {processor.py:914} INFO - Processing file /home/airflow/.local/lib/python3.12/site-packages/airflow/example_dags/example_branch_labels.py for tasks to queue
[2025-03-12T14:07:53.243+0000] {logging_mixin.py:190} INFO - [2025-03-12T14:07:53.243+0000] {dagbag.py:588} INFO - Filling up the DagBag from /home/airflow/.local/lib/python3.12/site-packages/airflow/example_dags/example_branch_labels.py
[2025-03-12T14:07:53.258+0000] {processor.py:925} INFO - DAG(s) 'example_branch_labels' retrieved from /home/airflow/.local/lib/python3.12/site-packages/airflow/example_dags/example_branch_labels.py
[2025-03-12T14:07:53.278+0000] {logging_mixin.py:190} INFO - [2025-03-12T14:07:53.278+0000] {dag.py:3239} INFO - Sync 1 DAGs
[2025-03-12T14:07:53.303+0000] {logging_mixin.py:190} INFO - [2025-03-12T14:07:53.303+0000] {dag.py:4180} INFO - Setting next_dagrun for example_branch_labels to 2025-03-11 00:00:00+00:00, run_after=2025-03-12 00:00:00+00:00
[2025-03-12T14:07:53.323+0000] {processor.py:208} INFO - Processing /home/airflow/.local/lib/python3.12/site-packages/airflow/example_dags/example_branch_labels.py took 0.090 seconds
[2025-03-12T14:08:27.070+0000] {processor.py:186} INFO - Started process (PID=12135) to work on /home/airflow/.local/lib/python3.12/site-packages/airflow/example_dags/example_branch_labels.py
[2025-03-12T14:08:27.071+0000] {processor.py:914} INFO - Processing file /home/airflow/.local/lib/python3.12/site-packages/airflow/example_dags/example_branch_labels.py for tasks to queue
[2025-03-12T14:08:27.072+0000] {logging_mixin.py:190} INFO - [2025-03-12T14:08:27.072+0000] {dagbag.py:588} INFO - Filling up the DagBag from /home/airflow/.local/lib/python3.12/site-packages/airflow/example_dags/example_branch_labels.py
[2025-03-12T14:08:27.079+0000] {processor.py:925} INFO - DAG(s) 'example_branch_labels' retrieved from /home/airflow/.local/lib/python3.12/site-packages/airflow/example_dags/example_branch_labels.py
[2025-03-12T14:08:27.095+0000] {logging_mixin.py:190} INFO - [2025-03-12T14:08:27.094+0000] {dag.py:3239} INFO - Sync 1 DAGs
[2025-03-12T14:08:27.111+0000] {logging_mixin.py:190} INFO - [2025-03-12T14:08:27.111+0000] {dag.py:4180} INFO - Setting next_dagrun for example_branch_labels to 2025-03-11 00:00:00+00:00, run_after=2025-03-12 00:00:00+00:00
[2025-03-12T14:08:27.126+0000] {processor.py:208} INFO - Processing /home/airflow/.local/lib/python3.12/site-packages/airflow/example_dags/example_branch_labels.py took 0.060 seconds
[2025-03-12T14:09:00.120+0000] {processor.py:186} INFO - Started process (PID=12441) to work on /home/airflow/.local/lib/python3.12/site-packages/airflow/example_dags/example_branch_labels.py
[2025-03-12T14:09:00.121+0000] {processor.py:914} INFO - Processing file /home/airflow/.local/lib/python3.12/site-packages/airflow/example_dags/example_branch_labels.py for tasks to queue
[2025-03-12T14:09:00.123+0000] {logging_mixin.py:190} INFO - [2025-03-12T14:09:00.123+0000] {dagbag.py:588} INFO - Filling up the DagBag from /home/airflow/.local/lib/python3.12/site-packages/airflow/example_dags/example_branch_labels.py
[2025-03-12T14:09:00.131+0000] {processor.py:925} INFO - DAG(s) 'example_branch_labels' retrieved from /home/airflow/.local/lib/python3.12/site-packages/airflow/example_dags/example_branch_labels.py
[2025-03-12T14:09:00.150+0000] {logging_mixin.py:190} INFO - [2025-03-12T14:09:00.149+0000] {dag.py:3239} INFO - Sync 1 DAGs
[2025-03-12T14:09:00.167+0000] {logging_mixin.py:190} INFO - [2025-03-12T14:09:00.167+0000] {dag.py:4180} INFO - Setting next_dagrun for example_branch_labels to 2025-03-11 00:00:00+00:00, run_after=2025-03-12 00:00:00+00:00
[2025-03-12T14:09:00.183+0000] {processor.py:208} INFO - Processing /home/airflow/.local/lib/python3.12/site-packages/airflow/example_dags/example_branch_labels.py took 0.067 seconds
[2025-03-12T14:09:33.647+0000] {processor.py:186} INFO - Started process (PID=12747) to work on /home/airflow/.local/lib/python3.12/site-packages/airflow/example_dags/example_branch_labels.py
[2025-03-12T14:09:33.648+0000] {processor.py:914} INFO - Processing file /home/airflow/.local/lib/python3.12/site-packages/airflow/example_dags/example_branch_labels.py for tasks to queue
[2025-03-12T14:09:33.649+0000] {logging_mixin.py:190} INFO - [2025-03-12T14:09:33.649+0000] {dagbag.py:588} INFO - Filling up the DagBag from /home/airflow/.local/lib/python3.12/site-packages/airflow/example_dags/example_branch_labels.py
[2025-03-12T14:09:33.656+0000] {processor.py:925} INFO - DAG(s) 'example_branch_labels' retrieved from /home/airflow/.local/lib/python3.12/site-packages/airflow/example_dags/example_branch_labels.py
[2025-03-12T14:09:33.672+0000] {logging_mixin.py:190} INFO - [2025-03-12T14:09:33.671+0000] {dag.py:3239} INFO - Sync 1 DAGs
[2025-03-12T14:09:33.692+0000] {logging_mixin.py:190} INFO - [2025-03-12T14:09:33.692+0000] {dag.py:4180} INFO - Setting next_dagrun for example_branch_labels to 2025-03-11 00:00:00+00:00, run_after=2025-03-12 00:00:00+00:00
[2025-03-12T14:09:33.714+0000] {processor.py:208} INFO - Processing /home/airflow/.local/lib/python3.12/site-packages/airflow/example_dags/example_branch_labels.py took 0.072 seconds
[2025-03-12T14:10:06.584+0000] {processor.py:186} INFO - Started process (PID=13053) to work on /home/airflow/.local/lib/python3.12/site-packages/airflow/example_dags/example_branch_labels.py
[2025-03-12T14:10:06.584+0000] {processor.py:914} INFO - Processing file /home/airflow/.local/lib/python3.12/site-packages/airflow/example_dags/example_branch_labels.py for tasks to queue
[2025-03-12T14:10:06.586+0000] {logging_mixin.py:190} INFO - [2025-03-12T14:10:06.586+0000] {dagbag.py:588} INFO - Filling up the DagBag from /home/airflow/.local/lib/python3.12/site-packages/airflow/example_dags/example_branch_labels.py
[2025-03-12T14:10:06.593+0000] {processor.py:925} INFO - DAG(s) 'example_branch_labels' retrieved from /home/airflow/.local/lib/python3.12/site-packages/airflow/example_dags/example_branch_labels.py
[2025-03-12T14:10:06.607+0000] {logging_mixin.py:190} INFO - [2025-03-12T14:10:06.607+0000] {dag.py:3239} INFO - Sync 1 DAGs
[2025-03-12T14:10:06.626+0000] {logging_mixin.py:190} INFO - [2025-03-12T14:10:06.626+0000] {dag.py:4180} INFO - Setting next_dagrun for example_branch_labels to 2025-03-11 00:00:00+00:00, run_after=2025-03-12 00:00:00+00:00
[2025-03-12T14:10:06.642+0000] {processor.py:208} INFO - Processing /home/airflow/.local/lib/python3.12/site-packages/airflow/example_dags/example_branch_labels.py took 0.062 seconds
[2025-03-12T14:10:39.514+0000] {processor.py:186} INFO - Started process (PID=13359) to work on /home/airflow/.local/lib/python3.12/site-packages/airflow/example_dags/example_branch_labels.py
[2025-03-12T14:10:39.514+0000] {processor.py:914} INFO - Processing file /home/airflow/.local/lib/python3.12/site-packages/airflow/example_dags/example_branch_labels.py for tasks to queue
[2025-03-12T14:10:39.516+0000] {logging_mixin.py:190} INFO - [2025-03-12T14:10:39.516+0000] {dagbag.py:588} INFO - Filling up the DagBag from /home/airflow/.local/lib/python3.12/site-packages/airflow/example_dags/example_branch_labels.py
[2025-03-12T14:10:39.523+0000] {processor.py:925} INFO - DAG(s) 'example_branch_labels' retrieved from /home/airflow/.local/lib/python3.12/site-packages/airflow/example_dags/example_branch_labels.py
[2025-03-12T14:10:39.539+0000] {logging_mixin.py:190} INFO - [2025-03-12T14:10:39.539+0000] {dag.py:3239} INFO - Sync 1 DAGs
[2025-03-12T14:10:39.557+0000] {logging_mixin.py:190} INFO - [2025-03-12T14:10:39.557+0000] {dag.py:4180} INFO - Setting next_dagrun for example_branch_labels to 2025-03-11 00:00:00+00:00, run_after=2025-03-12 00:00:00+00:00
[2025-03-12T14:10:39.573+0000] {processor.py:208} INFO - Processing /home/airflow/.local/lib/python3.12/site-packages/airflow/example_dags/example_branch_labels.py took 0.064 seconds
[2025-03-12T14:11:13.435+0000] {processor.py:186} INFO - Started process (PID=13665) to work on /home/airflow/.local/lib/python3.12/site-packages/airflow/example_dags/example_branch_labels.py
[2025-03-12T14:11:13.436+0000] {processor.py:914} INFO - Processing file /home/airflow/.local/lib/python3.12/site-packages/airflow/example_dags/example_branch_labels.py for tasks to queue
[2025-03-12T14:11:13.438+0000] {logging_mixin.py:190} INFO - [2025-03-12T14:11:13.438+0000] {dagbag.py:588} INFO - Filling up the DagBag from /home/airflow/.local/lib/python3.12/site-packages/airflow/example_dags/example_branch_labels.py
[2025-03-12T14:11:13.447+0000] {processor.py:925} INFO - DAG(s) 'example_branch_labels' retrieved from /home/airflow/.local/lib/python3.12/site-packages/airflow/example_dags/example_branch_labels.py
[2025-03-12T14:11:13.465+0000] {logging_mixin.py:190} INFO - [2025-03-12T14:11:13.465+0000] {dag.py:3239} INFO - Sync 1 DAGs
[2025-03-12T14:11:13.494+0000] {logging_mixin.py:190} INFO - [2025-03-12T14:11:13.494+0000] {dag.py:4180} INFO - Setting next_dagrun for example_branch_labels to 2025-03-11 00:00:00+00:00, run_after=2025-03-12 00:00:00+00:00
[2025-03-12T14:11:13.513+0000] {processor.py:208} INFO - Processing /home/airflow/.local/lib/python3.12/site-packages/airflow/example_dags/example_branch_labels.py took 0.084 seconds
[2025-03-12T14:11:46.618+0000] {processor.py:186} INFO - Started process (PID=13972) to work on /home/airflow/.local/lib/python3.12/site-packages/airflow/example_dags/example_branch_labels.py
[2025-03-12T14:11:46.618+0000] {processor.py:914} INFO - Processing file /home/airflow/.local/lib/python3.12/site-packages/airflow/example_dags/example_branch_labels.py for tasks to queue
[2025-03-12T14:11:46.620+0000] {logging_mixin.py:190} INFO - [2025-03-12T14:11:46.620+0000] {dagbag.py:588} INFO - Filling up the DagBag from /home/airflow/.local/lib/python3.12/site-packages/airflow/example_dags/example_branch_labels.py
[2025-03-12T14:11:46.628+0000] {processor.py:925} INFO - DAG(s) 'example_branch_labels' retrieved from /home/airflow/.local/lib/python3.12/site-packages/airflow/example_dags/example_branch_labels.py
[2025-03-12T14:11:46.643+0000] {logging_mixin.py:190} INFO - [2025-03-12T14:11:46.643+0000] {dag.py:3239} INFO - Sync 1 DAGs
[2025-03-12T14:11:46.665+0000] {logging_mixin.py:190} INFO - [2025-03-12T14:11:46.664+0000] {dag.py:4180} INFO - Setting next_dagrun for example_branch_labels to 2025-03-11 00:00:00+00:00, run_after=2025-03-12 00:00:00+00:00
[2025-03-12T14:11:46.680+0000] {processor.py:208} INFO - Processing /home/airflow/.local/lib/python3.12/site-packages/airflow/example_dags/example_branch_labels.py took 0.066 seconds
[2025-03-12T14:12:20.717+0000] {processor.py:186} INFO - Started process (PID=14278) to work on /home/airflow/.local/lib/python3.12/site-packages/airflow/example_dags/example_branch_labels.py
[2025-03-12T14:12:20.719+0000] {processor.py:914} INFO - Processing file /home/airflow/.local/lib/python3.12/site-packages/airflow/example_dags/example_branch_labels.py for tasks to queue
[2025-03-12T14:12:20.721+0000] {logging_mixin.py:190} INFO - [2025-03-12T14:12:20.721+0000] {dagbag.py:588} INFO - Filling up the DagBag from /home/airflow/.local/lib/python3.12/site-packages/airflow/example_dags/example_branch_labels.py
[2025-03-12T14:12:20.731+0000] {processor.py:925} INFO - DAG(s) 'example_branch_labels' retrieved from /home/airflow/.local/lib/python3.12/site-packages/airflow/example_dags/example_branch_labels.py
[2025-03-12T14:12:20.752+0000] {logging_mixin.py:190} INFO - [2025-03-12T14:12:20.752+0000] {dag.py:3239} INFO - Sync 1 DAGs
[2025-03-12T14:12:20.808+0000] {logging_mixin.py:190} INFO - [2025-03-12T14:12:20.808+0000] {dag.py:4180} INFO - Setting next_dagrun for example_branch_labels to 2025-03-11 00:00:00+00:00, run_after=2025-03-12 00:00:00+00:00
[2025-03-12T14:12:20.843+0000] {processor.py:208} INFO - Processing /home/airflow/.local/lib/python3.12/site-packages/airflow/example_dags/example_branch_labels.py took 0.131 seconds
[2025-03-12T14:14:00.327+0000] {processor.py:186} INFO - Started process (PID=207) to work on /home/airflow/.local/lib/python3.12/site-packages/airflow/example_dags/example_branch_labels.py
[2025-03-12T14:14:00.328+0000] {processor.py:914} INFO - Processing file /home/airflow/.local/lib/python3.12/site-packages/airflow/example_dags/example_branch_labels.py for tasks to queue
[2025-03-12T14:14:00.330+0000] {logging_mixin.py:190} INFO - [2025-03-12T14:14:00.330+0000] {dagbag.py:588} INFO - Filling up the DagBag from /home/airflow/.local/lib/python3.12/site-packages/airflow/example_dags/example_branch_labels.py
[2025-03-12T14:14:00.340+0000] {processor.py:925} INFO - DAG(s) 'example_branch_labels' retrieved from /home/airflow/.local/lib/python3.12/site-packages/airflow/example_dags/example_branch_labels.py
[2025-03-12T14:14:00.449+0000] {logging_mixin.py:190} INFO - [2025-03-12T14:14:00.449+0000] {override.py:1912} INFO - Created Permission View: can read on DAG:example_branch_labels
[2025-03-12T14:14:00.458+0000] {logging_mixin.py:190} INFO - [2025-03-12T14:14:00.458+0000] {override.py:1912} INFO - Created Permission View: can edit on DAG:example_branch_labels
[2025-03-12T14:14:00.464+0000] {logging_mixin.py:190} INFO - [2025-03-12T14:14:00.464+0000] {override.py:1912} INFO - Created Permission View: can delete on DAG:example_branch_labels
[2025-03-12T14:14:00.471+0000] {logging_mixin.py:190} INFO - [2025-03-12T14:14:00.471+0000] {override.py:1912} INFO - Created Permission View: can create on DAG Run:example_branch_labels
[2025-03-12T14:14:00.480+0000] {logging_mixin.py:190} INFO - [2025-03-12T14:14:00.479+0000] {override.py:1912} INFO - Created Permission View: can read on DAG Run:example_branch_labels
[2025-03-12T14:14:00.495+0000] {logging_mixin.py:190} INFO - [2025-03-12T14:14:00.495+0000] {override.py:1912} INFO - Created Permission View: menu access on DAG Run:example_branch_labels
[2025-03-12T14:14:00.505+0000] {logging_mixin.py:190} INFO - [2025-03-12T14:14:00.504+0000] {override.py:1912} INFO - Created Permission View: can delete on DAG Run:example_branch_labels
[2025-03-12T14:14:00.507+0000] {logging_mixin.py:190} INFO - [2025-03-12T14:14:00.507+0000] {dag.py:3239} INFO - Sync 1 DAGs
[2025-03-12T14:14:00.524+0000] {logging_mixin.py:190} INFO - [2025-03-12T14:14:00.524+0000] {dag.py:3262} INFO - Creating ORM DAG for example_branch_labels
[2025-03-12T14:14:00.536+0000] {logging_mixin.py:190} INFO - [2025-03-12T14:14:00.536+0000] {dag.py:4180} INFO - Setting next_dagrun for example_branch_labels to 2025-03-11 00:00:00+00:00, run_after=2025-03-12 00:00:00+00:00
[2025-03-12T14:14:00.552+0000] {processor.py:208} INFO - Processing /home/airflow/.local/lib/python3.12/site-packages/airflow/example_dags/example_branch_labels.py took 0.230 seconds
[2025-03-12T14:14:32.916+0000] {processor.py:186} INFO - Started process (PID=515) to work on /home/airflow/.local/lib/python3.12/site-packages/airflow/example_dags/example_branch_labels.py
[2025-03-12T14:14:32.917+0000] {processor.py:914} INFO - Processing file /home/airflow/.local/lib/python3.12/site-packages/airflow/example_dags/example_branch_labels.py for tasks to queue
[2025-03-12T14:14:32.919+0000] {logging_mixin.py:190} INFO - [2025-03-12T14:14:32.919+0000] {dagbag.py:588} INFO - Filling up the DagBag from /home/airflow/.local/lib/python3.12/site-packages/airflow/example_dags/example_branch_labels.py
[2025-03-12T14:14:32.926+0000] {processor.py:925} INFO - DAG(s) 'example_branch_labels' retrieved from /home/airflow/.local/lib/python3.12/site-packages/airflow/example_dags/example_branch_labels.py
[2025-03-12T14:14:32.941+0000] {logging_mixin.py:190} INFO - [2025-03-12T14:14:32.941+0000] {dag.py:3239} INFO - Sync 1 DAGs
[2025-03-12T14:14:32.959+0000] {logging_mixin.py:190} INFO - [2025-03-12T14:14:32.959+0000] {dag.py:4180} INFO - Setting next_dagrun for example_branch_labels to 2025-03-11 00:00:00+00:00, run_after=2025-03-12 00:00:00+00:00
[2025-03-12T14:14:32.972+0000] {processor.py:208} INFO - Processing /home/airflow/.local/lib/python3.12/site-packages/airflow/example_dags/example_branch_labels.py took 0.060 seconds
[2025-03-12T14:15:06.791+0000] {processor.py:186} INFO - Started process (PID=819) to work on /home/airflow/.local/lib/python3.12/site-packages/airflow/example_dags/example_branch_labels.py
[2025-03-12T14:15:06.792+0000] {processor.py:914} INFO - Processing file /home/airflow/.local/lib/python3.12/site-packages/airflow/example_dags/example_branch_labels.py for tasks to queue
[2025-03-12T14:15:06.794+0000] {logging_mixin.py:190} INFO - [2025-03-12T14:15:06.793+0000] {dagbag.py:588} INFO - Filling up the DagBag from /home/airflow/.local/lib/python3.12/site-packages/airflow/example_dags/example_branch_labels.py
[2025-03-12T14:15:06.801+0000] {processor.py:925} INFO - DAG(s) 'example_branch_labels' retrieved from /home/airflow/.local/lib/python3.12/site-packages/airflow/example_dags/example_branch_labels.py
[2025-03-12T14:15:06.819+0000] {logging_mixin.py:190} INFO - [2025-03-12T14:15:06.819+0000] {dag.py:3239} INFO - Sync 1 DAGs
[2025-03-12T14:15:06.838+0000] {logging_mixin.py:190} INFO - [2025-03-12T14:15:06.838+0000] {dag.py:4180} INFO - Setting next_dagrun for example_branch_labels to 2025-03-11 00:00:00+00:00, run_after=2025-03-12 00:00:00+00:00
[2025-03-12T14:15:06.856+0000] {processor.py:208} INFO - Processing /home/airflow/.local/lib/python3.12/site-packages/airflow/example_dags/example_branch_labels.py took 0.069 seconds
[2025-03-12T14:15:40.509+0000] {processor.py:186} INFO - Started process (PID=1125) to work on /home/airflow/.local/lib/python3.12/site-packages/airflow/example_dags/example_branch_labels.py
[2025-03-12T14:15:40.510+0000] {processor.py:914} INFO - Processing file /home/airflow/.local/lib/python3.12/site-packages/airflow/example_dags/example_branch_labels.py for tasks to queue
[2025-03-12T14:15:40.512+0000] {logging_mixin.py:190} INFO - [2025-03-12T14:15:40.512+0000] {dagbag.py:588} INFO - Filling up the DagBag from /home/airflow/.local/lib/python3.12/site-packages/airflow/example_dags/example_branch_labels.py
[2025-03-12T14:15:40.520+0000] {processor.py:925} INFO - DAG(s) 'example_branch_labels' retrieved from /home/airflow/.local/lib/python3.12/site-packages/airflow/example_dags/example_branch_labels.py
[2025-03-12T14:15:40.536+0000] {logging_mixin.py:190} INFO - [2025-03-12T14:15:40.536+0000] {dag.py:3239} INFO - Sync 1 DAGs
[2025-03-12T14:15:40.553+0000] {logging_mixin.py:190} INFO - [2025-03-12T14:15:40.553+0000] {dag.py:4180} INFO - Setting next_dagrun for example_branch_labels to 2025-03-11 00:00:00+00:00, run_after=2025-03-12 00:00:00+00:00
[2025-03-12T14:15:40.569+0000] {processor.py:208} INFO - Processing /home/airflow/.local/lib/python3.12/site-packages/airflow/example_dags/example_branch_labels.py took 0.065 seconds
[2025-03-12T14:16:13.604+0000] {processor.py:186} INFO - Started process (PID=1431) to work on /home/airflow/.local/lib/python3.12/site-packages/airflow/example_dags/example_branch_labels.py
[2025-03-12T14:16:13.605+0000] {processor.py:914} INFO - Processing file /home/airflow/.local/lib/python3.12/site-packages/airflow/example_dags/example_branch_labels.py for tasks to queue
[2025-03-12T14:16:13.607+0000] {logging_mixin.py:190} INFO - [2025-03-12T14:16:13.607+0000] {dagbag.py:588} INFO - Filling up the DagBag from /home/airflow/.local/lib/python3.12/site-packages/airflow/example_dags/example_branch_labels.py
[2025-03-12T14:16:13.614+0000] {processor.py:925} INFO - DAG(s) 'example_branch_labels' retrieved from /home/airflow/.local/lib/python3.12/site-packages/airflow/example_dags/example_branch_labels.py
[2025-03-12T14:16:13.629+0000] {logging_mixin.py:190} INFO - [2025-03-12T14:16:13.629+0000] {dag.py:3239} INFO - Sync 1 DAGs
[2025-03-12T14:16:13.645+0000] {logging_mixin.py:190} INFO - [2025-03-12T14:16:13.645+0000] {dag.py:4180} INFO - Setting next_dagrun for example_branch_labels to 2025-03-11 00:00:00+00:00, run_after=2025-03-12 00:00:00+00:00
[2025-03-12T14:16:13.660+0000] {processor.py:208} INFO - Processing /home/airflow/.local/lib/python3.12/site-packages/airflow/example_dags/example_branch_labels.py took 0.060 seconds
[2025-03-12T14:16:47.131+0000] {processor.py:186} INFO - Started process (PID=1738) to work on /home/airflow/.local/lib/python3.12/site-packages/airflow/example_dags/example_branch_labels.py
[2025-03-12T14:16:47.132+0000] {processor.py:914} INFO - Processing file /home/airflow/.local/lib/python3.12/site-packages/airflow/example_dags/example_branch_labels.py for tasks to queue
[2025-03-12T14:16:47.133+0000] {logging_mixin.py:190} INFO - [2025-03-12T14:16:47.133+0000] {dagbag.py:588} INFO - Filling up the DagBag from /home/airflow/.local/lib/python3.12/site-packages/airflow/example_dags/example_branch_labels.py
[2025-03-12T14:16:47.141+0000] {processor.py:925} INFO - DAG(s) 'example_branch_labels' retrieved from /home/airflow/.local/lib/python3.12/site-packages/airflow/example_dags/example_branch_labels.py
[2025-03-12T14:16:47.159+0000] {logging_mixin.py:190} INFO - [2025-03-12T14:16:47.159+0000] {dag.py:3239} INFO - Sync 1 DAGs
[2025-03-12T14:16:47.182+0000] {logging_mixin.py:190} INFO - [2025-03-12T14:16:47.182+0000] {dag.py:4180} INFO - Setting next_dagrun for example_branch_labels to 2025-03-11 00:00:00+00:00, run_after=2025-03-12 00:00:00+00:00
[2025-03-12T14:16:47.198+0000] {processor.py:208} INFO - Processing /home/airflow/.local/lib/python3.12/site-packages/airflow/example_dags/example_branch_labels.py took 0.072 seconds
[2025-03-12T14:17:20.236+0000] {processor.py:186} INFO - Started process (PID=2044) to work on /home/airflow/.local/lib/python3.12/site-packages/airflow/example_dags/example_branch_labels.py
[2025-03-12T14:17:20.237+0000] {processor.py:914} INFO - Processing file /home/airflow/.local/lib/python3.12/site-packages/airflow/example_dags/example_branch_labels.py for tasks to queue
[2025-03-12T14:17:20.239+0000] {logging_mixin.py:190} INFO - [2025-03-12T14:17:20.238+0000] {dagbag.py:588} INFO - Filling up the DagBag from /home/airflow/.local/lib/python3.12/site-packages/airflow/example_dags/example_branch_labels.py
[2025-03-12T14:17:20.246+0000] {processor.py:925} INFO - DAG(s) 'example_branch_labels' retrieved from /home/airflow/.local/lib/python3.12/site-packages/airflow/example_dags/example_branch_labels.py
[2025-03-12T14:17:20.262+0000] {logging_mixin.py:190} INFO - [2025-03-12T14:17:20.261+0000] {dag.py:3239} INFO - Sync 1 DAGs
[2025-03-12T14:17:20.280+0000] {logging_mixin.py:190} INFO - [2025-03-12T14:17:20.280+0000] {dag.py:4180} INFO - Setting next_dagrun for example_branch_labels to 2025-03-11 00:00:00+00:00, run_after=2025-03-12 00:00:00+00:00
[2025-03-12T14:17:20.295+0000] {processor.py:208} INFO - Processing /home/airflow/.local/lib/python3.12/site-packages/airflow/example_dags/example_branch_labels.py took 0.064 seconds
[2025-03-12T14:17:53.640+0000] {processor.py:186} INFO - Started process (PID=2350) to work on /home/airflow/.local/lib/python3.12/site-packages/airflow/example_dags/example_branch_labels.py
[2025-03-12T14:17:53.641+0000] {processor.py:914} INFO - Processing file /home/airflow/.local/lib/python3.12/site-packages/airflow/example_dags/example_branch_labels.py for tasks to queue
[2025-03-12T14:17:53.643+0000] {logging_mixin.py:190} INFO - [2025-03-12T14:17:53.642+0000] {dagbag.py:588} INFO - Filling up the DagBag from /home/airflow/.local/lib/python3.12/site-packages/airflow/example_dags/example_branch_labels.py
[2025-03-12T14:17:53.651+0000] {processor.py:925} INFO - DAG(s) 'example_branch_labels' retrieved from /home/airflow/.local/lib/python3.12/site-packages/airflow/example_dags/example_branch_labels.py
[2025-03-12T14:17:53.668+0000] {logging_mixin.py:190} INFO - [2025-03-12T14:17:53.668+0000] {dag.py:3239} INFO - Sync 1 DAGs
[2025-03-12T14:17:53.689+0000] {logging_mixin.py:190} INFO - [2025-03-12T14:17:53.689+0000] {dag.py:4180} INFO - Setting next_dagrun for example_branch_labels to 2025-03-11 00:00:00+00:00, run_after=2025-03-12 00:00:00+00:00
[2025-03-12T14:17:53.705+0000] {processor.py:208} INFO - Processing /home/airflow/.local/lib/python3.12/site-packages/airflow/example_dags/example_branch_labels.py took 0.071 seconds
[2025-03-12T14:18:27.001+0000] {processor.py:186} INFO - Started process (PID=2658) to work on /home/airflow/.local/lib/python3.12/site-packages/airflow/example_dags/example_branch_labels.py
[2025-03-12T14:18:27.001+0000] {processor.py:914} INFO - Processing file /home/airflow/.local/lib/python3.12/site-packages/airflow/example_dags/example_branch_labels.py for tasks to queue
[2025-03-12T14:18:27.003+0000] {logging_mixin.py:190} INFO - [2025-03-12T14:18:27.003+0000] {dagbag.py:588} INFO - Filling up the DagBag from /home/airflow/.local/lib/python3.12/site-packages/airflow/example_dags/example_branch_labels.py
[2025-03-12T14:18:27.010+0000] {processor.py:925} INFO - DAG(s) 'example_branch_labels' retrieved from /home/airflow/.local/lib/python3.12/site-packages/airflow/example_dags/example_branch_labels.py
[2025-03-12T14:18:27.027+0000] {logging_mixin.py:190} INFO - [2025-03-12T14:18:27.027+0000] {dag.py:3239} INFO - Sync 1 DAGs
[2025-03-12T14:18:27.045+0000] {logging_mixin.py:190} INFO - [2025-03-12T14:18:27.044+0000] {dag.py:4180} INFO - Setting next_dagrun for example_branch_labels to 2025-03-11 00:00:00+00:00, run_after=2025-03-12 00:00:00+00:00
[2025-03-12T14:18:27.061+0000] {processor.py:208} INFO - Processing /home/airflow/.local/lib/python3.12/site-packages/airflow/example_dags/example_branch_labels.py took 0.065 seconds
[2025-03-12T14:18:59.746+0000] {processor.py:186} INFO - Started process (PID=2962) to work on /home/airflow/.local/lib/python3.12/site-packages/airflow/example_dags/example_branch_labels.py
[2025-03-12T14:18:59.747+0000] {processor.py:914} INFO - Processing file /home/airflow/.local/lib/python3.12/site-packages/airflow/example_dags/example_branch_labels.py for tasks to queue
[2025-03-12T14:18:59.749+0000] {logging_mixin.py:190} INFO - [2025-03-12T14:18:59.748+0000] {dagbag.py:588} INFO - Filling up the DagBag from /home/airflow/.local/lib/python3.12/site-packages/airflow/example_dags/example_branch_labels.py
[2025-03-12T14:18:59.755+0000] {processor.py:925} INFO - DAG(s) 'example_branch_labels' retrieved from /home/airflow/.local/lib/python3.12/site-packages/airflow/example_dags/example_branch_labels.py
[2025-03-12T14:18:59.771+0000] {logging_mixin.py:190} INFO - [2025-03-12T14:18:59.771+0000] {dag.py:3239} INFO - Sync 1 DAGs
[2025-03-12T14:18:59.789+0000] {logging_mixin.py:190} INFO - [2025-03-12T14:18:59.789+0000] {dag.py:4180} INFO - Setting next_dagrun for example_branch_labels to 2025-03-11 00:00:00+00:00, run_after=2025-03-12 00:00:00+00:00
[2025-03-12T14:18:59.805+0000] {processor.py:208} INFO - Processing /home/airflow/.local/lib/python3.12/site-packages/airflow/example_dags/example_branch_labels.py took 0.064 seconds
[2025-03-12T14:19:33.806+0000] {processor.py:186} INFO - Started process (PID=3268) to work on /home/airflow/.local/lib/python3.12/site-packages/airflow/example_dags/example_branch_labels.py
[2025-03-12T14:19:33.806+0000] {processor.py:914} INFO - Processing file /home/airflow/.local/lib/python3.12/site-packages/airflow/example_dags/example_branch_labels.py for tasks to queue
[2025-03-12T14:19:33.808+0000] {logging_mixin.py:190} INFO - [2025-03-12T14:19:33.808+0000] {dagbag.py:588} INFO - Filling up the DagBag from /home/airflow/.local/lib/python3.12/site-packages/airflow/example_dags/example_branch_labels.py
[2025-03-12T14:19:33.816+0000] {processor.py:925} INFO - DAG(s) 'example_branch_labels' retrieved from /home/airflow/.local/lib/python3.12/site-packages/airflow/example_dags/example_branch_labels.py
[2025-03-12T14:19:33.834+0000] {logging_mixin.py:190} INFO - [2025-03-12T14:19:33.834+0000] {dag.py:3239} INFO - Sync 1 DAGs
[2025-03-12T14:19:33.852+0000] {logging_mixin.py:190} INFO - [2025-03-12T14:19:33.852+0000] {dag.py:4180} INFO - Setting next_dagrun for example_branch_labels to 2025-03-11 00:00:00+00:00, run_after=2025-03-12 00:00:00+00:00
[2025-03-12T14:19:33.870+0000] {processor.py:208} INFO - Processing /home/airflow/.local/lib/python3.12/site-packages/airflow/example_dags/example_branch_labels.py took 0.068 seconds
