[2025-03-12T13:44:56.964+0000] {processor.py:186} INFO - Started process (PID=246) to work on /home/airflow/.local/lib/python3.12/site-packages/airflow/example_dags/example_branch_operator.py
[2025-03-12T13:44:56.965+0000] {processor.py:914} INFO - Processing file /home/airflow/.local/lib/python3.12/site-packages/airflow/example_dags/example_branch_operator.py for tasks to queue
[2025-03-12T13:44:56.967+0000] {logging_mixin.py:190} INFO - [2025-03-12T13:44:56.967+0000] {dagbag.py:588} INFO - Filling up the DagBag from /home/airflow/.local/lib/python3.12/site-packages/airflow/example_dags/example_branch_operator.py
[2025-03-12T13:44:56.999+0000] {processor.py:925} INFO - DAG(s) 'example_branch_operator' retrieved from /home/airflow/.local/lib/python3.12/site-packages/airflow/example_dags/example_branch_operator.py
[2025-03-12T13:44:57.146+0000] {logging_mixin.py:190} INFO - [2025-03-12T13:44:57.145+0000] {override.py:1912} INFO - Created Permission View: can edit on DAG:example_branch_operator
[2025-03-12T13:44:57.161+0000] {logging_mixin.py:190} INFO - [2025-03-12T13:44:57.161+0000] {override.py:1912} INFO - Created Permission View: can delete on DAG:example_branch_operator
[2025-03-12T13:44:57.168+0000] {logging_mixin.py:190} INFO - [2025-03-12T13:44:57.168+0000] {override.py:1912} INFO - Created Permission View: can read on DAG:example_branch_operator
[2025-03-12T13:44:57.178+0000] {logging_mixin.py:190} INFO - [2025-03-12T13:44:57.178+0000] {override.py:1912} INFO - Created Permission View: can delete on DAG Run:example_branch_operator
[2025-03-12T13:44:57.185+0000] {logging_mixin.py:190} INFO - [2025-03-12T13:44:57.185+0000] {override.py:1912} INFO - Created Permission View: menu access on DAG Run:example_branch_operator
[2025-03-12T13:44:57.193+0000] {logging_mixin.py:190} INFO - [2025-03-12T13:44:57.193+0000] {override.py:1912} INFO - Created Permission View: can create on DAG Run:example_branch_operator
[2025-03-12T13:44:57.201+0000] {logging_mixin.py:190} INFO - [2025-03-12T13:44:57.201+0000] {override.py:1912} INFO - Created Permission View: can read on DAG Run:example_branch_operator
[2025-03-12T13:44:57.202+0000] {logging_mixin.py:190} INFO - [2025-03-12T13:44:57.202+0000] {dag.py:3239} INFO - Sync 1 DAGs
[2025-03-12T13:44:57.217+0000] {logging_mixin.py:190} INFO - [2025-03-12T13:44:57.217+0000] {dag.py:3262} INFO - Creating ORM DAG for example_branch_operator
[2025-03-12T13:44:57.232+0000] {logging_mixin.py:190} INFO - [2025-03-12T13:44:57.232+0000] {dag.py:4180} INFO - Setting next_dagrun for example_branch_operator to 2025-03-11 00:00:00+00:00, run_after=2025-03-12 00:00:00+00:00
[2025-03-12T13:44:57.254+0000] {processor.py:208} INFO - Processing /home/airflow/.local/lib/python3.12/site-packages/airflow/example_dags/example_branch_operator.py took 0.296 seconds
[2025-03-12T13:45:27.752+0000] {processor.py:186} INFO - Started process (PID=552) to work on /home/airflow/.local/lib/python3.12/site-packages/airflow/example_dags/example_branch_operator.py
[2025-03-12T13:45:27.753+0000] {processor.py:914} INFO - Processing file /home/airflow/.local/lib/python3.12/site-packages/airflow/example_dags/example_branch_operator.py for tasks to queue
[2025-03-12T13:45:27.755+0000] {logging_mixin.py:190} INFO - [2025-03-12T13:45:27.755+0000] {dagbag.py:588} INFO - Filling up the DagBag from /home/airflow/.local/lib/python3.12/site-packages/airflow/example_dags/example_branch_operator.py
[2025-03-12T13:45:27.770+0000] {processor.py:925} INFO - DAG(s) 'example_branch_operator' retrieved from /home/airflow/.local/lib/python3.12/site-packages/airflow/example_dags/example_branch_operator.py
[2025-03-12T13:45:27.791+0000] {logging_mixin.py:190} INFO - [2025-03-12T13:45:27.791+0000] {dag.py:3239} INFO - Sync 1 DAGs
[2025-03-12T13:45:27.808+0000] {logging_mixin.py:190} INFO - [2025-03-12T13:45:27.808+0000] {dag.py:4180} INFO - Setting next_dagrun for example_branch_operator to 2025-03-11 00:00:00+00:00, run_after=2025-03-12 00:00:00+00:00
[2025-03-12T13:45:27.823+0000] {processor.py:208} INFO - Processing /home/airflow/.local/lib/python3.12/site-packages/airflow/example_dags/example_branch_operator.py took 0.077 seconds
[2025-03-12T13:45:58.470+0000] {processor.py:186} INFO - Started process (PID=858) to work on /home/airflow/.local/lib/python3.12/site-packages/airflow/example_dags/example_branch_operator.py
[2025-03-12T13:45:58.470+0000] {processor.py:914} INFO - Processing file /home/airflow/.local/lib/python3.12/site-packages/airflow/example_dags/example_branch_operator.py for tasks to queue
[2025-03-12T13:45:58.472+0000] {logging_mixin.py:190} INFO - [2025-03-12T13:45:58.472+0000] {dagbag.py:588} INFO - Filling up the DagBag from /home/airflow/.local/lib/python3.12/site-packages/airflow/example_dags/example_branch_operator.py
[2025-03-12T13:45:58.488+0000] {processor.py:925} INFO - DAG(s) 'example_branch_operator' retrieved from /home/airflow/.local/lib/python3.12/site-packages/airflow/example_dags/example_branch_operator.py
[2025-03-12T13:45:58.510+0000] {logging_mixin.py:190} INFO - [2025-03-12T13:45:58.510+0000] {dag.py:3239} INFO - Sync 1 DAGs
[2025-03-12T13:45:58.530+0000] {logging_mixin.py:190} INFO - [2025-03-12T13:45:58.530+0000] {dag.py:4180} INFO - Setting next_dagrun for example_branch_operator to 2025-03-11 00:00:00+00:00, run_after=2025-03-12 00:00:00+00:00
[2025-03-12T13:45:58.546+0000] {processor.py:208} INFO - Processing /home/airflow/.local/lib/python3.12/site-packages/airflow/example_dags/example_branch_operator.py took 0.081 seconds
[2025-03-12T13:47:01.633+0000] {processor.py:186} INFO - Started process (PID=233) to work on /home/airflow/.local/lib/python3.12/site-packages/airflow/example_dags/example_branch_operator.py
[2025-03-12T13:47:01.634+0000] {processor.py:914} INFO - Processing file /home/airflow/.local/lib/python3.12/site-packages/airflow/example_dags/example_branch_operator.py for tasks to queue
[2025-03-12T13:47:01.636+0000] {logging_mixin.py:190} INFO - [2025-03-12T13:47:01.636+0000] {dagbag.py:588} INFO - Filling up the DagBag from /home/airflow/.local/lib/python3.12/site-packages/airflow/example_dags/example_branch_operator.py
[2025-03-12T13:47:01.652+0000] {processor.py:925} INFO - DAG(s) 'example_branch_operator' retrieved from /home/airflow/.local/lib/python3.12/site-packages/airflow/example_dags/example_branch_operator.py
[2025-03-12T13:47:01.775+0000] {logging_mixin.py:190} INFO - [2025-03-12T13:47:01.775+0000] {dag.py:3239} INFO - Sync 1 DAGs
[2025-03-12T13:47:01.800+0000] {logging_mixin.py:190} INFO - [2025-03-12T13:47:01.800+0000] {dag.py:4180} INFO - Setting next_dagrun for example_branch_operator to 2025-03-11 00:00:00+00:00, run_after=2025-03-12 00:00:00+00:00
[2025-03-12T13:47:01.822+0000] {processor.py:208} INFO - Processing /home/airflow/.local/lib/python3.12/site-packages/airflow/example_dags/example_branch_operator.py took 0.194 seconds
[2025-03-12T13:47:31.938+0000] {processor.py:186} INFO - Started process (PID=541) to work on /home/airflow/.local/lib/python3.12/site-packages/airflow/example_dags/example_branch_operator.py
[2025-03-12T13:47:31.939+0000] {processor.py:914} INFO - Processing file /home/airflow/.local/lib/python3.12/site-packages/airflow/example_dags/example_branch_operator.py for tasks to queue
[2025-03-12T13:47:31.941+0000] {logging_mixin.py:190} INFO - [2025-03-12T13:47:31.941+0000] {dagbag.py:588} INFO - Filling up the DagBag from /home/airflow/.local/lib/python3.12/site-packages/airflow/example_dags/example_branch_operator.py
[2025-03-12T13:47:31.953+0000] {processor.py:925} INFO - DAG(s) 'example_branch_operator' retrieved from /home/airflow/.local/lib/python3.12/site-packages/airflow/example_dags/example_branch_operator.py
[2025-03-12T13:47:31.974+0000] {logging_mixin.py:190} INFO - [2025-03-12T13:47:31.974+0000] {dag.py:3239} INFO - Sync 1 DAGs
[2025-03-12T13:47:31.990+0000] {logging_mixin.py:190} INFO - [2025-03-12T13:47:31.990+0000] {dag.py:4180} INFO - Setting next_dagrun for example_branch_operator to 2025-03-11 00:00:00+00:00, run_after=2025-03-12 00:00:00+00:00
[2025-03-12T13:47:32.004+0000] {processor.py:208} INFO - Processing /home/airflow/.local/lib/python3.12/site-packages/airflow/example_dags/example_branch_operator.py took 0.070 seconds
[2025-03-12T13:48:02.034+0000] {processor.py:186} INFO - Started process (PID=847) to work on /home/airflow/.local/lib/python3.12/site-packages/airflow/example_dags/example_branch_operator.py
[2025-03-12T13:48:02.034+0000] {processor.py:914} INFO - Processing file /home/airflow/.local/lib/python3.12/site-packages/airflow/example_dags/example_branch_operator.py for tasks to queue
[2025-03-12T13:48:02.036+0000] {logging_mixin.py:190} INFO - [2025-03-12T13:48:02.036+0000] {dagbag.py:588} INFO - Filling up the DagBag from /home/airflow/.local/lib/python3.12/site-packages/airflow/example_dags/example_branch_operator.py
[2025-03-12T13:48:02.048+0000] {processor.py:925} INFO - DAG(s) 'example_branch_operator' retrieved from /home/airflow/.local/lib/python3.12/site-packages/airflow/example_dags/example_branch_operator.py
[2025-03-12T13:48:02.069+0000] {logging_mixin.py:190} INFO - [2025-03-12T13:48:02.069+0000] {dag.py:3239} INFO - Sync 1 DAGs
[2025-03-12T13:48:02.086+0000] {logging_mixin.py:190} INFO - [2025-03-12T13:48:02.086+0000] {dag.py:4180} INFO - Setting next_dagrun for example_branch_operator to 2025-03-11 00:00:00+00:00, run_after=2025-03-12 00:00:00+00:00
[2025-03-12T13:48:02.101+0000] {processor.py:208} INFO - Processing /home/airflow/.local/lib/python3.12/site-packages/airflow/example_dags/example_branch_operator.py took 0.072 seconds
[2025-03-12T13:48:32.306+0000] {processor.py:186} INFO - Started process (PID=1151) to work on /home/airflow/.local/lib/python3.12/site-packages/airflow/example_dags/example_branch_operator.py
[2025-03-12T13:48:32.306+0000] {processor.py:914} INFO - Processing file /home/airflow/.local/lib/python3.12/site-packages/airflow/example_dags/example_branch_operator.py for tasks to queue
[2025-03-12T13:48:32.308+0000] {logging_mixin.py:190} INFO - [2025-03-12T13:48:32.308+0000] {dagbag.py:588} INFO - Filling up the DagBag from /home/airflow/.local/lib/python3.12/site-packages/airflow/example_dags/example_branch_operator.py
[2025-03-12T13:48:32.321+0000] {processor.py:925} INFO - DAG(s) 'example_branch_operator' retrieved from /home/airflow/.local/lib/python3.12/site-packages/airflow/example_dags/example_branch_operator.py
[2025-03-12T13:48:32.342+0000] {logging_mixin.py:190} INFO - [2025-03-12T13:48:32.342+0000] {dag.py:3239} INFO - Sync 1 DAGs
[2025-03-12T13:48:32.361+0000] {logging_mixin.py:190} INFO - [2025-03-12T13:48:32.360+0000] {dag.py:4180} INFO - Setting next_dagrun for example_branch_operator to 2025-03-11 00:00:00+00:00, run_after=2025-03-12 00:00:00+00:00
[2025-03-12T13:48:32.377+0000] {processor.py:208} INFO - Processing /home/airflow/.local/lib/python3.12/site-packages/airflow/example_dags/example_branch_operator.py took 0.075 seconds
[2025-03-12T13:49:02.960+0000] {processor.py:186} INFO - Started process (PID=1458) to work on /home/airflow/.local/lib/python3.12/site-packages/airflow/example_dags/example_branch_operator.py
[2025-03-12T13:49:02.960+0000] {processor.py:914} INFO - Processing file /home/airflow/.local/lib/python3.12/site-packages/airflow/example_dags/example_branch_operator.py for tasks to queue
[2025-03-12T13:49:02.962+0000] {logging_mixin.py:190} INFO - [2025-03-12T13:49:02.962+0000] {dagbag.py:588} INFO - Filling up the DagBag from /home/airflow/.local/lib/python3.12/site-packages/airflow/example_dags/example_branch_operator.py
[2025-03-12T13:49:02.978+0000] {processor.py:925} INFO - DAG(s) 'example_branch_operator' retrieved from /home/airflow/.local/lib/python3.12/site-packages/airflow/example_dags/example_branch_operator.py
[2025-03-12T13:49:03.004+0000] {logging_mixin.py:190} INFO - [2025-03-12T13:49:03.004+0000] {dag.py:3239} INFO - Sync 1 DAGs
[2025-03-12T13:49:03.033+0000] {logging_mixin.py:190} INFO - [2025-03-12T13:49:03.033+0000] {dag.py:4180} INFO - Setting next_dagrun for example_branch_operator to 2025-03-11 00:00:00+00:00, run_after=2025-03-12 00:00:00+00:00
[2025-03-12T13:49:03.052+0000] {processor.py:208} INFO - Processing /home/airflow/.local/lib/python3.12/site-packages/airflow/example_dags/example_branch_operator.py took 0.096 seconds
[2025-03-12T13:49:33.807+0000] {processor.py:186} INFO - Started process (PID=1764) to work on /home/airflow/.local/lib/python3.12/site-packages/airflow/example_dags/example_branch_operator.py
[2025-03-12T13:49:33.808+0000] {processor.py:914} INFO - Processing file /home/airflow/.local/lib/python3.12/site-packages/airflow/example_dags/example_branch_operator.py for tasks to queue
[2025-03-12T13:49:33.810+0000] {logging_mixin.py:190} INFO - [2025-03-12T13:49:33.809+0000] {dagbag.py:588} INFO - Filling up the DagBag from /home/airflow/.local/lib/python3.12/site-packages/airflow/example_dags/example_branch_operator.py
[2025-03-12T13:49:33.822+0000] {processor.py:925} INFO - DAG(s) 'example_branch_operator' retrieved from /home/airflow/.local/lib/python3.12/site-packages/airflow/example_dags/example_branch_operator.py
[2025-03-12T13:49:33.844+0000] {logging_mixin.py:190} INFO - [2025-03-12T13:49:33.844+0000] {dag.py:3239} INFO - Sync 1 DAGs
[2025-03-12T13:49:33.862+0000] {logging_mixin.py:190} INFO - [2025-03-12T13:49:33.862+0000] {dag.py:4180} INFO - Setting next_dagrun for example_branch_operator to 2025-03-11 00:00:00+00:00, run_after=2025-03-12 00:00:00+00:00
[2025-03-12T13:49:33.879+0000] {processor.py:208} INFO - Processing /home/airflow/.local/lib/python3.12/site-packages/airflow/example_dags/example_branch_operator.py took 0.076 seconds
[2025-03-12T13:50:06.653+0000] {processor.py:186} INFO - Started process (PID=2070) to work on /home/airflow/.local/lib/python3.12/site-packages/airflow/example_dags/example_branch_operator.py
[2025-03-12T13:50:06.654+0000] {processor.py:914} INFO - Processing file /home/airflow/.local/lib/python3.12/site-packages/airflow/example_dags/example_branch_operator.py for tasks to queue
[2025-03-12T13:50:06.656+0000] {logging_mixin.py:190} INFO - [2025-03-12T13:50:06.656+0000] {dagbag.py:588} INFO - Filling up the DagBag from /home/airflow/.local/lib/python3.12/site-packages/airflow/example_dags/example_branch_operator.py
[2025-03-12T13:50:06.673+0000] {processor.py:925} INFO - DAG(s) 'example_branch_operator' retrieved from /home/airflow/.local/lib/python3.12/site-packages/airflow/example_dags/example_branch_operator.py
[2025-03-12T13:50:06.701+0000] {logging_mixin.py:190} INFO - [2025-03-12T13:50:06.700+0000] {dag.py:3239} INFO - Sync 1 DAGs
[2025-03-12T13:50:06.726+0000] {logging_mixin.py:190} INFO - [2025-03-12T13:50:06.726+0000] {dag.py:4180} INFO - Setting next_dagrun for example_branch_operator to 2025-03-11 00:00:00+00:00, run_after=2025-03-12 00:00:00+00:00
[2025-03-12T13:50:06.748+0000] {processor.py:208} INFO - Processing /home/airflow/.local/lib/python3.12/site-packages/airflow/example_dags/example_branch_operator.py took 0.099 seconds
[2025-03-12T13:50:40.831+0000] {processor.py:186} INFO - Started process (PID=2377) to work on /home/airflow/.local/lib/python3.12/site-packages/airflow/example_dags/example_branch_operator.py
[2025-03-12T13:50:40.832+0000] {processor.py:914} INFO - Processing file /home/airflow/.local/lib/python3.12/site-packages/airflow/example_dags/example_branch_operator.py for tasks to queue
[2025-03-12T13:50:40.834+0000] {logging_mixin.py:190} INFO - [2025-03-12T13:50:40.833+0000] {dagbag.py:588} INFO - Filling up the DagBag from /home/airflow/.local/lib/python3.12/site-packages/airflow/example_dags/example_branch_operator.py
[2025-03-12T13:50:40.848+0000] {processor.py:925} INFO - DAG(s) 'example_branch_operator' retrieved from /home/airflow/.local/lib/python3.12/site-packages/airflow/example_dags/example_branch_operator.py
[2025-03-12T13:50:40.871+0000] {logging_mixin.py:190} INFO - [2025-03-12T13:50:40.871+0000] {dag.py:3239} INFO - Sync 1 DAGs
[2025-03-12T13:50:40.892+0000] {logging_mixin.py:190} INFO - [2025-03-12T13:50:40.892+0000] {dag.py:4180} INFO - Setting next_dagrun for example_branch_operator to 2025-03-11 00:00:00+00:00, run_after=2025-03-12 00:00:00+00:00
[2025-03-12T13:50:40.908+0000] {processor.py:208} INFO - Processing /home/airflow/.local/lib/python3.12/site-packages/airflow/example_dags/example_branch_operator.py took 0.082 seconds
[2025-03-12T13:51:13.792+0000] {processor.py:186} INFO - Started process (PID=2683) to work on /home/airflow/.local/lib/python3.12/site-packages/airflow/example_dags/example_branch_operator.py
[2025-03-12T13:51:13.793+0000] {processor.py:914} INFO - Processing file /home/airflow/.local/lib/python3.12/site-packages/airflow/example_dags/example_branch_operator.py for tasks to queue
[2025-03-12T13:51:13.795+0000] {logging_mixin.py:190} INFO - [2025-03-12T13:51:13.795+0000] {dagbag.py:588} INFO - Filling up the DagBag from /home/airflow/.local/lib/python3.12/site-packages/airflow/example_dags/example_branch_operator.py
[2025-03-12T13:51:13.807+0000] {processor.py:925} INFO - DAG(s) 'example_branch_operator' retrieved from /home/airflow/.local/lib/python3.12/site-packages/airflow/example_dags/example_branch_operator.py
[2025-03-12T13:51:13.829+0000] {logging_mixin.py:190} INFO - [2025-03-12T13:51:13.828+0000] {dag.py:3239} INFO - Sync 1 DAGs
[2025-03-12T13:51:13.845+0000] {logging_mixin.py:190} INFO - [2025-03-12T13:51:13.845+0000] {dag.py:4180} INFO - Setting next_dagrun for example_branch_operator to 2025-03-11 00:00:00+00:00, run_after=2025-03-12 00:00:00+00:00
[2025-03-12T13:51:13.861+0000] {processor.py:208} INFO - Processing /home/airflow/.local/lib/python3.12/site-packages/airflow/example_dags/example_branch_operator.py took 0.074 seconds
[2025-03-12T13:51:46.510+0000] {processor.py:186} INFO - Started process (PID=2989) to work on /home/airflow/.local/lib/python3.12/site-packages/airflow/example_dags/example_branch_operator.py
[2025-03-12T13:51:46.510+0000] {processor.py:914} INFO - Processing file /home/airflow/.local/lib/python3.12/site-packages/airflow/example_dags/example_branch_operator.py for tasks to queue
[2025-03-12T13:51:46.513+0000] {logging_mixin.py:190} INFO - [2025-03-12T13:51:46.512+0000] {dagbag.py:588} INFO - Filling up the DagBag from /home/airflow/.local/lib/python3.12/site-packages/airflow/example_dags/example_branch_operator.py
[2025-03-12T13:51:46.531+0000] {processor.py:925} INFO - DAG(s) 'example_branch_operator' retrieved from /home/airflow/.local/lib/python3.12/site-packages/airflow/example_dags/example_branch_operator.py
[2025-03-12T13:51:46.556+0000] {logging_mixin.py:190} INFO - [2025-03-12T13:51:46.556+0000] {dag.py:3239} INFO - Sync 1 DAGs
[2025-03-12T13:51:46.579+0000] {logging_mixin.py:190} INFO - [2025-03-12T13:51:46.579+0000] {dag.py:4180} INFO - Setting next_dagrun for example_branch_operator to 2025-03-11 00:00:00+00:00, run_after=2025-03-12 00:00:00+00:00
[2025-03-12T13:51:46.598+0000] {processor.py:208} INFO - Processing /home/airflow/.local/lib/python3.12/site-packages/airflow/example_dags/example_branch_operator.py took 0.093 seconds
[2025-03-12T13:52:20.472+0000] {processor.py:186} INFO - Started process (PID=3295) to work on /home/airflow/.local/lib/python3.12/site-packages/airflow/example_dags/example_branch_operator.py
[2025-03-12T13:52:20.472+0000] {processor.py:914} INFO - Processing file /home/airflow/.local/lib/python3.12/site-packages/airflow/example_dags/example_branch_operator.py for tasks to queue
[2025-03-12T13:52:20.474+0000] {logging_mixin.py:190} INFO - [2025-03-12T13:52:20.474+0000] {dagbag.py:588} INFO - Filling up the DagBag from /home/airflow/.local/lib/python3.12/site-packages/airflow/example_dags/example_branch_operator.py
[2025-03-12T13:52:20.488+0000] {processor.py:925} INFO - DAG(s) 'example_branch_operator' retrieved from /home/airflow/.local/lib/python3.12/site-packages/airflow/example_dags/example_branch_operator.py
[2025-03-12T13:52:20.509+0000] {logging_mixin.py:190} INFO - [2025-03-12T13:52:20.509+0000] {dag.py:3239} INFO - Sync 1 DAGs
[2025-03-12T13:52:20.526+0000] {logging_mixin.py:190} INFO - [2025-03-12T13:52:20.526+0000] {dag.py:4180} INFO - Setting next_dagrun for example_branch_operator to 2025-03-11 00:00:00+00:00, run_after=2025-03-12 00:00:00+00:00
[2025-03-12T13:52:20.538+0000] {processor.py:208} INFO - Processing /home/airflow/.local/lib/python3.12/site-packages/airflow/example_dags/example_branch_operator.py took 0.070 seconds
[2025-03-12T13:52:54.246+0000] {processor.py:186} INFO - Started process (PID=3601) to work on /home/airflow/.local/lib/python3.12/site-packages/airflow/example_dags/example_branch_operator.py
[2025-03-12T13:52:54.247+0000] {processor.py:914} INFO - Processing file /home/airflow/.local/lib/python3.12/site-packages/airflow/example_dags/example_branch_operator.py for tasks to queue
[2025-03-12T13:52:54.251+0000] {logging_mixin.py:190} INFO - [2025-03-12T13:52:54.250+0000] {dagbag.py:588} INFO - Filling up the DagBag from /home/airflow/.local/lib/python3.12/site-packages/airflow/example_dags/example_branch_operator.py
[2025-03-12T13:52:54.277+0000] {processor.py:925} INFO - DAG(s) 'example_branch_operator' retrieved from /home/airflow/.local/lib/python3.12/site-packages/airflow/example_dags/example_branch_operator.py
[2025-03-12T13:52:54.312+0000] {logging_mixin.py:190} INFO - [2025-03-12T13:52:54.312+0000] {dag.py:3239} INFO - Sync 1 DAGs
[2025-03-12T13:52:54.348+0000] {logging_mixin.py:190} INFO - [2025-03-12T13:52:54.347+0000] {dag.py:4180} INFO - Setting next_dagrun for example_branch_operator to 2025-03-11 00:00:00+00:00, run_after=2025-03-12 00:00:00+00:00
[2025-03-12T13:52:54.376+0000] {processor.py:208} INFO - Processing /home/airflow/.local/lib/python3.12/site-packages/airflow/example_dags/example_branch_operator.py took 0.138 seconds
[2025-03-12T13:53:26.561+0000] {processor.py:186} INFO - Started process (PID=3907) to work on /home/airflow/.local/lib/python3.12/site-packages/airflow/example_dags/example_branch_operator.py
[2025-03-12T13:53:26.562+0000] {processor.py:914} INFO - Processing file /home/airflow/.local/lib/python3.12/site-packages/airflow/example_dags/example_branch_operator.py for tasks to queue
[2025-03-12T13:53:26.565+0000] {logging_mixin.py:190} INFO - [2025-03-12T13:53:26.564+0000] {dagbag.py:588} INFO - Filling up the DagBag from /home/airflow/.local/lib/python3.12/site-packages/airflow/example_dags/example_branch_operator.py
[2025-03-12T13:53:26.589+0000] {processor.py:925} INFO - DAG(s) 'example_branch_operator' retrieved from /home/airflow/.local/lib/python3.12/site-packages/airflow/example_dags/example_branch_operator.py
[2025-03-12T13:53:26.631+0000] {logging_mixin.py:190} INFO - [2025-03-12T13:53:26.631+0000] {dag.py:3239} INFO - Sync 1 DAGs
[2025-03-12T13:53:26.681+0000] {logging_mixin.py:190} INFO - [2025-03-12T13:53:26.681+0000] {dag.py:4180} INFO - Setting next_dagrun for example_branch_operator to 2025-03-11 00:00:00+00:00, run_after=2025-03-12 00:00:00+00:00
[2025-03-12T13:53:26.707+0000] {processor.py:208} INFO - Processing /home/airflow/.local/lib/python3.12/site-packages/airflow/example_dags/example_branch_operator.py took 0.153 seconds
[2025-03-12T13:54:00.238+0000] {processor.py:186} INFO - Started process (PID=4213) to work on /home/airflow/.local/lib/python3.12/site-packages/airflow/example_dags/example_branch_operator.py
[2025-03-12T13:54:00.239+0000] {processor.py:914} INFO - Processing file /home/airflow/.local/lib/python3.12/site-packages/airflow/example_dags/example_branch_operator.py for tasks to queue
[2025-03-12T13:54:00.241+0000] {logging_mixin.py:190} INFO - [2025-03-12T13:54:00.241+0000] {dagbag.py:588} INFO - Filling up the DagBag from /home/airflow/.local/lib/python3.12/site-packages/airflow/example_dags/example_branch_operator.py
[2025-03-12T13:54:00.258+0000] {processor.py:925} INFO - DAG(s) 'example_branch_operator' retrieved from /home/airflow/.local/lib/python3.12/site-packages/airflow/example_dags/example_branch_operator.py
[2025-03-12T13:54:00.283+0000] {logging_mixin.py:190} INFO - [2025-03-12T13:54:00.283+0000] {dag.py:3239} INFO - Sync 1 DAGs
[2025-03-12T13:54:00.304+0000] {logging_mixin.py:190} INFO - [2025-03-12T13:54:00.304+0000] {dag.py:4180} INFO - Setting next_dagrun for example_branch_operator to 2025-03-11 00:00:00+00:00, run_after=2025-03-12 00:00:00+00:00
[2025-03-12T13:54:00.320+0000] {processor.py:208} INFO - Processing /home/airflow/.local/lib/python3.12/site-packages/airflow/example_dags/example_branch_operator.py took 0.087 seconds
[2025-03-12T13:54:33.481+0000] {processor.py:186} INFO - Started process (PID=4519) to work on /home/airflow/.local/lib/python3.12/site-packages/airflow/example_dags/example_branch_operator.py
[2025-03-12T13:54:33.482+0000] {processor.py:914} INFO - Processing file /home/airflow/.local/lib/python3.12/site-packages/airflow/example_dags/example_branch_operator.py for tasks to queue
[2025-03-12T13:54:33.485+0000] {logging_mixin.py:190} INFO - [2025-03-12T13:54:33.485+0000] {dagbag.py:588} INFO - Filling up the DagBag from /home/airflow/.local/lib/python3.12/site-packages/airflow/example_dags/example_branch_operator.py
[2025-03-12T13:54:33.524+0000] {processor.py:925} INFO - DAG(s) 'example_branch_operator' retrieved from /home/airflow/.local/lib/python3.12/site-packages/airflow/example_dags/example_branch_operator.py
[2025-03-12T13:54:33.587+0000] {logging_mixin.py:190} INFO - [2025-03-12T13:54:33.587+0000] {dag.py:3239} INFO - Sync 1 DAGs
[2025-03-12T13:54:33.617+0000] {logging_mixin.py:190} INFO - [2025-03-12T13:54:33.616+0000] {dag.py:4180} INFO - Setting next_dagrun for example_branch_operator to 2025-03-11 00:00:00+00:00, run_after=2025-03-12 00:00:00+00:00
[2025-03-12T13:54:33.636+0000] {processor.py:208} INFO - Processing /home/airflow/.local/lib/python3.12/site-packages/airflow/example_dags/example_branch_operator.py took 0.162 seconds
[2025-03-12T13:55:07.652+0000] {processor.py:186} INFO - Started process (PID=4827) to work on /home/airflow/.local/lib/python3.12/site-packages/airflow/example_dags/example_branch_operator.py
[2025-03-12T13:55:07.653+0000] {processor.py:914} INFO - Processing file /home/airflow/.local/lib/python3.12/site-packages/airflow/example_dags/example_branch_operator.py for tasks to queue
[2025-03-12T13:55:07.657+0000] {logging_mixin.py:190} INFO - [2025-03-12T13:55:07.657+0000] {dagbag.py:588} INFO - Filling up the DagBag from /home/airflow/.local/lib/python3.12/site-packages/airflow/example_dags/example_branch_operator.py
[2025-03-12T13:55:07.677+0000] {processor.py:925} INFO - DAG(s) 'example_branch_operator' retrieved from /home/airflow/.local/lib/python3.12/site-packages/airflow/example_dags/example_branch_operator.py
[2025-03-12T13:55:07.699+0000] {logging_mixin.py:190} INFO - [2025-03-12T13:55:07.699+0000] {dag.py:3239} INFO - Sync 1 DAGs
[2025-03-12T13:55:07.718+0000] {logging_mixin.py:190} INFO - [2025-03-12T13:55:07.718+0000] {dag.py:4180} INFO - Setting next_dagrun for example_branch_operator to 2025-03-11 00:00:00+00:00, run_after=2025-03-12 00:00:00+00:00
[2025-03-12T13:55:07.732+0000] {processor.py:208} INFO - Processing /home/airflow/.local/lib/python3.12/site-packages/airflow/example_dags/example_branch_operator.py took 0.084 seconds
[2025-03-12T13:55:39.989+0000] {processor.py:186} INFO - Started process (PID=5131) to work on /home/airflow/.local/lib/python3.12/site-packages/airflow/example_dags/example_branch_operator.py
[2025-03-12T13:55:39.990+0000] {processor.py:914} INFO - Processing file /home/airflow/.local/lib/python3.12/site-packages/airflow/example_dags/example_branch_operator.py for tasks to queue
[2025-03-12T13:55:39.992+0000] {logging_mixin.py:190} INFO - [2025-03-12T13:55:39.992+0000] {dagbag.py:588} INFO - Filling up the DagBag from /home/airflow/.local/lib/python3.12/site-packages/airflow/example_dags/example_branch_operator.py
[2025-03-12T13:55:40.015+0000] {processor.py:925} INFO - DAG(s) 'example_branch_operator' retrieved from /home/airflow/.local/lib/python3.12/site-packages/airflow/example_dags/example_branch_operator.py
[2025-03-12T13:55:40.064+0000] {logging_mixin.py:190} INFO - [2025-03-12T13:55:40.064+0000] {dag.py:3239} INFO - Sync 1 DAGs
[2025-03-12T13:55:40.093+0000] {logging_mixin.py:190} INFO - [2025-03-12T13:55:40.092+0000] {dag.py:4180} INFO - Setting next_dagrun for example_branch_operator to 2025-03-11 00:00:00+00:00, run_after=2025-03-12 00:00:00+00:00
[2025-03-12T13:55:40.109+0000] {processor.py:208} INFO - Processing /home/airflow/.local/lib/python3.12/site-packages/airflow/example_dags/example_branch_operator.py took 0.124 seconds
[2025-03-12T13:56:13.810+0000] {processor.py:186} INFO - Started process (PID=5437) to work on /home/airflow/.local/lib/python3.12/site-packages/airflow/example_dags/example_branch_operator.py
[2025-03-12T13:56:13.812+0000] {processor.py:914} INFO - Processing file /home/airflow/.local/lib/python3.12/site-packages/airflow/example_dags/example_branch_operator.py for tasks to queue
[2025-03-12T13:56:13.814+0000] {logging_mixin.py:190} INFO - [2025-03-12T13:56:13.814+0000] {dagbag.py:588} INFO - Filling up the DagBag from /home/airflow/.local/lib/python3.12/site-packages/airflow/example_dags/example_branch_operator.py
[2025-03-12T13:56:13.840+0000] {processor.py:925} INFO - DAG(s) 'example_branch_operator' retrieved from /home/airflow/.local/lib/python3.12/site-packages/airflow/example_dags/example_branch_operator.py
[2025-03-12T13:56:13.881+0000] {logging_mixin.py:190} INFO - [2025-03-12T13:56:13.881+0000] {dag.py:3239} INFO - Sync 1 DAGs
[2025-03-12T13:56:13.918+0000] {logging_mixin.py:190} INFO - [2025-03-12T13:56:13.918+0000] {dag.py:4180} INFO - Setting next_dagrun for example_branch_operator to 2025-03-11 00:00:00+00:00, run_after=2025-03-12 00:00:00+00:00
[2025-03-12T13:56:13.944+0000] {processor.py:208} INFO - Processing /home/airflow/.local/lib/python3.12/site-packages/airflow/example_dags/example_branch_operator.py took 0.139 seconds
[2025-03-12T13:56:46.960+0000] {processor.py:186} INFO - Started process (PID=5743) to work on /home/airflow/.local/lib/python3.12/site-packages/airflow/example_dags/example_branch_operator.py
[2025-03-12T13:56:46.960+0000] {processor.py:914} INFO - Processing file /home/airflow/.local/lib/python3.12/site-packages/airflow/example_dags/example_branch_operator.py for tasks to queue
[2025-03-12T13:56:46.963+0000] {logging_mixin.py:190} INFO - [2025-03-12T13:56:46.963+0000] {dagbag.py:588} INFO - Filling up the DagBag from /home/airflow/.local/lib/python3.12/site-packages/airflow/example_dags/example_branch_operator.py
[2025-03-12T13:56:46.980+0000] {processor.py:925} INFO - DAG(s) 'example_branch_operator' retrieved from /home/airflow/.local/lib/python3.12/site-packages/airflow/example_dags/example_branch_operator.py
[2025-03-12T13:56:47.003+0000] {logging_mixin.py:190} INFO - [2025-03-12T13:56:47.003+0000] {dag.py:3239} INFO - Sync 1 DAGs
[2025-03-12T13:56:47.024+0000] {logging_mixin.py:190} INFO - [2025-03-12T13:56:47.023+0000] {dag.py:4180} INFO - Setting next_dagrun for example_branch_operator to 2025-03-11 00:00:00+00:00, run_after=2025-03-12 00:00:00+00:00
[2025-03-12T13:56:47.041+0000] {processor.py:208} INFO - Processing /home/airflow/.local/lib/python3.12/site-packages/airflow/example_dags/example_branch_operator.py took 0.085 seconds
[2025-03-12T13:57:20.504+0000] {processor.py:186} INFO - Started process (PID=6049) to work on /home/airflow/.local/lib/python3.12/site-packages/airflow/example_dags/example_branch_operator.py
[2025-03-12T13:57:20.504+0000] {processor.py:914} INFO - Processing file /home/airflow/.local/lib/python3.12/site-packages/airflow/example_dags/example_branch_operator.py for tasks to queue
[2025-03-12T13:57:20.507+0000] {logging_mixin.py:190} INFO - [2025-03-12T13:57:20.507+0000] {dagbag.py:588} INFO - Filling up the DagBag from /home/airflow/.local/lib/python3.12/site-packages/airflow/example_dags/example_branch_operator.py
[2025-03-12T13:57:20.520+0000] {processor.py:925} INFO - DAG(s) 'example_branch_operator' retrieved from /home/airflow/.local/lib/python3.12/site-packages/airflow/example_dags/example_branch_operator.py
[2025-03-12T13:57:20.545+0000] {logging_mixin.py:190} INFO - [2025-03-12T13:57:20.545+0000] {dag.py:3239} INFO - Sync 1 DAGs
[2025-03-12T13:57:20.577+0000] {logging_mixin.py:190} INFO - [2025-03-12T13:57:20.577+0000] {dag.py:4180} INFO - Setting next_dagrun for example_branch_operator to 2025-03-11 00:00:00+00:00, run_after=2025-03-12 00:00:00+00:00
[2025-03-12T13:57:20.607+0000] {processor.py:208} INFO - Processing /home/airflow/.local/lib/python3.12/site-packages/airflow/example_dags/example_branch_operator.py took 0.107 seconds
[2025-03-12T13:57:54.055+0000] {processor.py:186} INFO - Started process (PID=6355) to work on /home/airflow/.local/lib/python3.12/site-packages/airflow/example_dags/example_branch_operator.py
[2025-03-12T13:57:54.055+0000] {processor.py:914} INFO - Processing file /home/airflow/.local/lib/python3.12/site-packages/airflow/example_dags/example_branch_operator.py for tasks to queue
[2025-03-12T13:57:54.057+0000] {logging_mixin.py:190} INFO - [2025-03-12T13:57:54.057+0000] {dagbag.py:588} INFO - Filling up the DagBag from /home/airflow/.local/lib/python3.12/site-packages/airflow/example_dags/example_branch_operator.py
[2025-03-12T13:57:54.069+0000] {processor.py:925} INFO - DAG(s) 'example_branch_operator' retrieved from /home/airflow/.local/lib/python3.12/site-packages/airflow/example_dags/example_branch_operator.py
[2025-03-12T13:57:54.089+0000] {logging_mixin.py:190} INFO - [2025-03-12T13:57:54.089+0000] {dag.py:3239} INFO - Sync 1 DAGs
[2025-03-12T13:57:54.105+0000] {logging_mixin.py:190} INFO - [2025-03-12T13:57:54.105+0000] {dag.py:4180} INFO - Setting next_dagrun for example_branch_operator to 2025-03-11 00:00:00+00:00, run_after=2025-03-12 00:00:00+00:00
[2025-03-12T13:57:54.121+0000] {processor.py:208} INFO - Processing /home/airflow/.local/lib/python3.12/site-packages/airflow/example_dags/example_branch_operator.py took 0.070 seconds
[2025-03-12T13:58:27.150+0000] {processor.py:186} INFO - Started process (PID=6661) to work on /home/airflow/.local/lib/python3.12/site-packages/airflow/example_dags/example_branch_operator.py
[2025-03-12T13:58:27.151+0000] {processor.py:914} INFO - Processing file /home/airflow/.local/lib/python3.12/site-packages/airflow/example_dags/example_branch_operator.py for tasks to queue
[2025-03-12T13:58:27.154+0000] {logging_mixin.py:190} INFO - [2025-03-12T13:58:27.153+0000] {dagbag.py:588} INFO - Filling up the DagBag from /home/airflow/.local/lib/python3.12/site-packages/airflow/example_dags/example_branch_operator.py
[2025-03-12T13:58:27.175+0000] {processor.py:925} INFO - DAG(s) 'example_branch_operator' retrieved from /home/airflow/.local/lib/python3.12/site-packages/airflow/example_dags/example_branch_operator.py
[2025-03-12T13:58:27.205+0000] {logging_mixin.py:190} INFO - [2025-03-12T13:58:27.205+0000] {dag.py:3239} INFO - Sync 1 DAGs
[2025-03-12T13:58:27.229+0000] {logging_mixin.py:190} INFO - [2025-03-12T13:58:27.229+0000] {dag.py:4180} INFO - Setting next_dagrun for example_branch_operator to 2025-03-11 00:00:00+00:00, run_after=2025-03-12 00:00:00+00:00
[2025-03-12T13:58:27.246+0000] {processor.py:208} INFO - Processing /home/airflow/.local/lib/python3.12/site-packages/airflow/example_dags/example_branch_operator.py took 0.102 seconds
[2025-03-12T13:59:00.559+0000] {processor.py:186} INFO - Started process (PID=6967) to work on /home/airflow/.local/lib/python3.12/site-packages/airflow/example_dags/example_branch_operator.py
[2025-03-12T13:59:00.560+0000] {processor.py:914} INFO - Processing file /home/airflow/.local/lib/python3.12/site-packages/airflow/example_dags/example_branch_operator.py for tasks to queue
[2025-03-12T13:59:00.562+0000] {logging_mixin.py:190} INFO - [2025-03-12T13:59:00.562+0000] {dagbag.py:588} INFO - Filling up the DagBag from /home/airflow/.local/lib/python3.12/site-packages/airflow/example_dags/example_branch_operator.py
[2025-03-12T13:59:00.588+0000] {processor.py:925} INFO - DAG(s) 'example_branch_operator' retrieved from /home/airflow/.local/lib/python3.12/site-packages/airflow/example_dags/example_branch_operator.py
[2025-03-12T13:59:00.638+0000] {logging_mixin.py:190} INFO - [2025-03-12T13:59:00.638+0000] {dag.py:3239} INFO - Sync 1 DAGs
[2025-03-12T13:59:00.660+0000] {logging_mixin.py:190} INFO - [2025-03-12T13:59:00.660+0000] {dag.py:4180} INFO - Setting next_dagrun for example_branch_operator to 2025-03-11 00:00:00+00:00, run_after=2025-03-12 00:00:00+00:00
[2025-03-12T13:59:00.691+0000] {processor.py:208} INFO - Processing /home/airflow/.local/lib/python3.12/site-packages/airflow/example_dags/example_branch_operator.py took 0.137 seconds
[2025-03-12T13:59:33.560+0000] {processor.py:186} INFO - Started process (PID=7273) to work on /home/airflow/.local/lib/python3.12/site-packages/airflow/example_dags/example_branch_operator.py
[2025-03-12T13:59:33.561+0000] {processor.py:914} INFO - Processing file /home/airflow/.local/lib/python3.12/site-packages/airflow/example_dags/example_branch_operator.py for tasks to queue
[2025-03-12T13:59:33.563+0000] {logging_mixin.py:190} INFO - [2025-03-12T13:59:33.563+0000] {dagbag.py:588} INFO - Filling up the DagBag from /home/airflow/.local/lib/python3.12/site-packages/airflow/example_dags/example_branch_operator.py
[2025-03-12T13:59:33.576+0000] {processor.py:925} INFO - DAG(s) 'example_branch_operator' retrieved from /home/airflow/.local/lib/python3.12/site-packages/airflow/example_dags/example_branch_operator.py
[2025-03-12T13:59:33.598+0000] {logging_mixin.py:190} INFO - [2025-03-12T13:59:33.598+0000] {dag.py:3239} INFO - Sync 1 DAGs
[2025-03-12T13:59:33.615+0000] {logging_mixin.py:190} INFO - [2025-03-12T13:59:33.615+0000] {dag.py:4180} INFO - Setting next_dagrun for example_branch_operator to 2025-03-11 00:00:00+00:00, run_after=2025-03-12 00:00:00+00:00
[2025-03-12T13:59:33.631+0000] {processor.py:208} INFO - Processing /home/airflow/.local/lib/python3.12/site-packages/airflow/example_dags/example_branch_operator.py took 0.075 seconds
[2025-03-12T14:00:07.312+0000] {processor.py:186} INFO - Started process (PID=7579) to work on /home/airflow/.local/lib/python3.12/site-packages/airflow/example_dags/example_branch_operator.py
[2025-03-12T14:00:07.314+0000] {processor.py:914} INFO - Processing file /home/airflow/.local/lib/python3.12/site-packages/airflow/example_dags/example_branch_operator.py for tasks to queue
[2025-03-12T14:00:07.316+0000] {logging_mixin.py:190} INFO - [2025-03-12T14:00:07.316+0000] {dagbag.py:588} INFO - Filling up the DagBag from /home/airflow/.local/lib/python3.12/site-packages/airflow/example_dags/example_branch_operator.py
[2025-03-12T14:00:07.336+0000] {processor.py:925} INFO - DAG(s) 'example_branch_operator' retrieved from /home/airflow/.local/lib/python3.12/site-packages/airflow/example_dags/example_branch_operator.py
[2025-03-12T14:00:07.366+0000] {logging_mixin.py:190} INFO - [2025-03-12T14:00:07.366+0000] {dag.py:3239} INFO - Sync 1 DAGs
[2025-03-12T14:00:07.392+0000] {logging_mixin.py:190} INFO - [2025-03-12T14:00:07.392+0000] {dag.py:4180} INFO - Setting next_dagrun for example_branch_operator to 2025-03-11 00:00:00+00:00, run_after=2025-03-12 00:00:00+00:00
[2025-03-12T14:00:07.409+0000] {processor.py:208} INFO - Processing /home/airflow/.local/lib/python3.12/site-packages/airflow/example_dags/example_branch_operator.py took 0.103 seconds
[2025-03-12T14:00:40.154+0000] {processor.py:186} INFO - Started process (PID=7887) to work on /home/airflow/.local/lib/python3.12/site-packages/airflow/example_dags/example_branch_operator.py
[2025-03-12T14:00:40.155+0000] {processor.py:914} INFO - Processing file /home/airflow/.local/lib/python3.12/site-packages/airflow/example_dags/example_branch_operator.py for tasks to queue
[2025-03-12T14:00:40.157+0000] {logging_mixin.py:190} INFO - [2025-03-12T14:00:40.156+0000] {dagbag.py:588} INFO - Filling up the DagBag from /home/airflow/.local/lib/python3.12/site-packages/airflow/example_dags/example_branch_operator.py
[2025-03-12T14:00:40.172+0000] {processor.py:925} INFO - DAG(s) 'example_branch_operator' retrieved from /home/airflow/.local/lib/python3.12/site-packages/airflow/example_dags/example_branch_operator.py
[2025-03-12T14:00:40.193+0000] {logging_mixin.py:190} INFO - [2025-03-12T14:00:40.193+0000] {dag.py:3239} INFO - Sync 1 DAGs
[2025-03-12T14:00:40.210+0000] {logging_mixin.py:190} INFO - [2025-03-12T14:00:40.210+0000] {dag.py:4180} INFO - Setting next_dagrun for example_branch_operator to 2025-03-11 00:00:00+00:00, run_after=2025-03-12 00:00:00+00:00
[2025-03-12T14:00:40.224+0000] {processor.py:208} INFO - Processing /home/airflow/.local/lib/python3.12/site-packages/airflow/example_dags/example_branch_operator.py took 0.074 seconds
[2025-03-12T14:01:13.705+0000] {processor.py:186} INFO - Started process (PID=8191) to work on /home/airflow/.local/lib/python3.12/site-packages/airflow/example_dags/example_branch_operator.py
[2025-03-12T14:01:13.705+0000] {processor.py:914} INFO - Processing file /home/airflow/.local/lib/python3.12/site-packages/airflow/example_dags/example_branch_operator.py for tasks to queue
[2025-03-12T14:01:13.707+0000] {logging_mixin.py:190} INFO - [2025-03-12T14:01:13.707+0000] {dagbag.py:588} INFO - Filling up the DagBag from /home/airflow/.local/lib/python3.12/site-packages/airflow/example_dags/example_branch_operator.py
[2025-03-12T14:01:13.721+0000] {processor.py:925} INFO - DAG(s) 'example_branch_operator' retrieved from /home/airflow/.local/lib/python3.12/site-packages/airflow/example_dags/example_branch_operator.py
[2025-03-12T14:01:13.744+0000] {logging_mixin.py:190} INFO - [2025-03-12T14:01:13.744+0000] {dag.py:3239} INFO - Sync 1 DAGs
[2025-03-12T14:01:13.767+0000] {logging_mixin.py:190} INFO - [2025-03-12T14:01:13.766+0000] {dag.py:4180} INFO - Setting next_dagrun for example_branch_operator to 2025-03-11 00:00:00+00:00, run_after=2025-03-12 00:00:00+00:00
[2025-03-12T14:01:13.784+0000] {processor.py:208} INFO - Processing /home/airflow/.local/lib/python3.12/site-packages/airflow/example_dags/example_branch_operator.py took 0.084 seconds
[2025-03-12T14:01:46.731+0000] {processor.py:186} INFO - Started process (PID=8498) to work on /home/airflow/.local/lib/python3.12/site-packages/airflow/example_dags/example_branch_operator.py
[2025-03-12T14:01:46.732+0000] {processor.py:914} INFO - Processing file /home/airflow/.local/lib/python3.12/site-packages/airflow/example_dags/example_branch_operator.py for tasks to queue
[2025-03-12T14:01:46.734+0000] {logging_mixin.py:190} INFO - [2025-03-12T14:01:46.734+0000] {dagbag.py:588} INFO - Filling up the DagBag from /home/airflow/.local/lib/python3.12/site-packages/airflow/example_dags/example_branch_operator.py
[2025-03-12T14:01:46.748+0000] {processor.py:925} INFO - DAG(s) 'example_branch_operator' retrieved from /home/airflow/.local/lib/python3.12/site-packages/airflow/example_dags/example_branch_operator.py
[2025-03-12T14:01:46.771+0000] {logging_mixin.py:190} INFO - [2025-03-12T14:01:46.771+0000] {dag.py:3239} INFO - Sync 1 DAGs
[2025-03-12T14:01:46.795+0000] {logging_mixin.py:190} INFO - [2025-03-12T14:01:46.795+0000] {dag.py:4180} INFO - Setting next_dagrun for example_branch_operator to 2025-03-11 00:00:00+00:00, run_after=2025-03-12 00:00:00+00:00
[2025-03-12T14:01:46.809+0000] {processor.py:208} INFO - Processing /home/airflow/.local/lib/python3.12/site-packages/airflow/example_dags/example_branch_operator.py took 0.083 seconds
[2025-03-12T14:02:20.640+0000] {processor.py:186} INFO - Started process (PID=8804) to work on /home/airflow/.local/lib/python3.12/site-packages/airflow/example_dags/example_branch_operator.py
[2025-03-12T14:02:20.641+0000] {processor.py:914} INFO - Processing file /home/airflow/.local/lib/python3.12/site-packages/airflow/example_dags/example_branch_operator.py for tasks to queue
[2025-03-12T14:02:20.642+0000] {logging_mixin.py:190} INFO - [2025-03-12T14:02:20.642+0000] {dagbag.py:588} INFO - Filling up the DagBag from /home/airflow/.local/lib/python3.12/site-packages/airflow/example_dags/example_branch_operator.py
[2025-03-12T14:02:20.657+0000] {processor.py:925} INFO - DAG(s) 'example_branch_operator' retrieved from /home/airflow/.local/lib/python3.12/site-packages/airflow/example_dags/example_branch_operator.py
[2025-03-12T14:02:20.681+0000] {logging_mixin.py:190} INFO - [2025-03-12T14:02:20.680+0000] {dag.py:3239} INFO - Sync 1 DAGs
[2025-03-12T14:02:20.699+0000] {logging_mixin.py:190} INFO - [2025-03-12T14:02:20.699+0000] {dag.py:4180} INFO - Setting next_dagrun for example_branch_operator to 2025-03-11 00:00:00+00:00, run_after=2025-03-12 00:00:00+00:00
[2025-03-12T14:02:20.715+0000] {processor.py:208} INFO - Processing /home/airflow/.local/lib/python3.12/site-packages/airflow/example_dags/example_branch_operator.py took 0.080 seconds
[2025-03-12T14:02:53.662+0000] {processor.py:186} INFO - Started process (PID=9110) to work on /home/airflow/.local/lib/python3.12/site-packages/airflow/example_dags/example_branch_operator.py
[2025-03-12T14:02:53.663+0000] {processor.py:914} INFO - Processing file /home/airflow/.local/lib/python3.12/site-packages/airflow/example_dags/example_branch_operator.py for tasks to queue
[2025-03-12T14:02:53.665+0000] {logging_mixin.py:190} INFO - [2025-03-12T14:02:53.664+0000] {dagbag.py:588} INFO - Filling up the DagBag from /home/airflow/.local/lib/python3.12/site-packages/airflow/example_dags/example_branch_operator.py
[2025-03-12T14:02:53.677+0000] {processor.py:925} INFO - DAG(s) 'example_branch_operator' retrieved from /home/airflow/.local/lib/python3.12/site-packages/airflow/example_dags/example_branch_operator.py
[2025-03-12T14:02:53.701+0000] {logging_mixin.py:190} INFO - [2025-03-12T14:02:53.700+0000] {dag.py:3239} INFO - Sync 1 DAGs
[2025-03-12T14:02:53.721+0000] {logging_mixin.py:190} INFO - [2025-03-12T14:02:53.721+0000] {dag.py:4180} INFO - Setting next_dagrun for example_branch_operator to 2025-03-11 00:00:00+00:00, run_after=2025-03-12 00:00:00+00:00
[2025-03-12T14:02:53.735+0000] {processor.py:208} INFO - Processing /home/airflow/.local/lib/python3.12/site-packages/airflow/example_dags/example_branch_operator.py took 0.077 seconds
[2025-03-12T14:03:26.784+0000] {processor.py:186} INFO - Started process (PID=9418) to work on /home/airflow/.local/lib/python3.12/site-packages/airflow/example_dags/example_branch_operator.py
[2025-03-12T14:03:26.785+0000] {processor.py:914} INFO - Processing file /home/airflow/.local/lib/python3.12/site-packages/airflow/example_dags/example_branch_operator.py for tasks to queue
[2025-03-12T14:03:26.786+0000] {logging_mixin.py:190} INFO - [2025-03-12T14:03:26.786+0000] {dagbag.py:588} INFO - Filling up the DagBag from /home/airflow/.local/lib/python3.12/site-packages/airflow/example_dags/example_branch_operator.py
[2025-03-12T14:03:26.803+0000] {processor.py:925} INFO - DAG(s) 'example_branch_operator' retrieved from /home/airflow/.local/lib/python3.12/site-packages/airflow/example_dags/example_branch_operator.py
[2025-03-12T14:03:26.828+0000] {logging_mixin.py:190} INFO - [2025-03-12T14:03:26.828+0000] {dag.py:3239} INFO - Sync 1 DAGs
[2025-03-12T14:03:26.845+0000] {logging_mixin.py:190} INFO - [2025-03-12T14:03:26.845+0000] {dag.py:4180} INFO - Setting next_dagrun for example_branch_operator to 2025-03-11 00:00:00+00:00, run_after=2025-03-12 00:00:00+00:00
[2025-03-12T14:03:26.864+0000] {processor.py:208} INFO - Processing /home/airflow/.local/lib/python3.12/site-packages/airflow/example_dags/example_branch_operator.py took 0.085 seconds
[2025-03-12T14:04:00.931+0000] {processor.py:186} INFO - Started process (PID=9724) to work on /home/airflow/.local/lib/python3.12/site-packages/airflow/example_dags/example_branch_operator.py
[2025-03-12T14:04:00.932+0000] {processor.py:914} INFO - Processing file /home/airflow/.local/lib/python3.12/site-packages/airflow/example_dags/example_branch_operator.py for tasks to queue
[2025-03-12T14:04:00.934+0000] {logging_mixin.py:190} INFO - [2025-03-12T14:04:00.934+0000] {dagbag.py:588} INFO - Filling up the DagBag from /home/airflow/.local/lib/python3.12/site-packages/airflow/example_dags/example_branch_operator.py
[2025-03-12T14:04:00.957+0000] {processor.py:925} INFO - DAG(s) 'example_branch_operator' retrieved from /home/airflow/.local/lib/python3.12/site-packages/airflow/example_dags/example_branch_operator.py
[2025-03-12T14:04:00.991+0000] {logging_mixin.py:190} INFO - [2025-03-12T14:04:00.991+0000] {dag.py:3239} INFO - Sync 1 DAGs
[2025-03-12T14:04:01.029+0000] {logging_mixin.py:190} INFO - [2025-03-12T14:04:01.028+0000] {dag.py:4180} INFO - Setting next_dagrun for example_branch_operator to 2025-03-11 00:00:00+00:00, run_after=2025-03-12 00:00:00+00:00
[2025-03-12T14:04:01.062+0000] {processor.py:208} INFO - Processing /home/airflow/.local/lib/python3.12/site-packages/airflow/example_dags/example_branch_operator.py took 0.139 seconds
[2025-03-12T14:04:33.214+0000] {processor.py:186} INFO - Started process (PID=10028) to work on /home/airflow/.local/lib/python3.12/site-packages/airflow/example_dags/example_branch_operator.py
[2025-03-12T14:04:33.215+0000] {processor.py:914} INFO - Processing file /home/airflow/.local/lib/python3.12/site-packages/airflow/example_dags/example_branch_operator.py for tasks to queue
[2025-03-12T14:04:33.217+0000] {logging_mixin.py:190} INFO - [2025-03-12T14:04:33.217+0000] {dagbag.py:588} INFO - Filling up the DagBag from /home/airflow/.local/lib/python3.12/site-packages/airflow/example_dags/example_branch_operator.py
[2025-03-12T14:04:33.239+0000] {processor.py:925} INFO - DAG(s) 'example_branch_operator' retrieved from /home/airflow/.local/lib/python3.12/site-packages/airflow/example_dags/example_branch_operator.py
[2025-03-12T14:04:33.259+0000] {logging_mixin.py:190} INFO - [2025-03-12T14:04:33.259+0000] {dag.py:3239} INFO - Sync 1 DAGs
[2025-03-12T14:04:33.281+0000] {logging_mixin.py:190} INFO - [2025-03-12T14:04:33.281+0000] {dag.py:4180} INFO - Setting next_dagrun for example_branch_operator to 2025-03-11 00:00:00+00:00, run_after=2025-03-12 00:00:00+00:00
[2025-03-12T14:04:33.295+0000] {processor.py:208} INFO - Processing /home/airflow/.local/lib/python3.12/site-packages/airflow/example_dags/example_branch_operator.py took 0.086 seconds
[2025-03-12T14:05:06.640+0000] {processor.py:186} INFO - Started process (PID=10334) to work on /home/airflow/.local/lib/python3.12/site-packages/airflow/example_dags/example_branch_operator.py
[2025-03-12T14:05:06.641+0000] {processor.py:914} INFO - Processing file /home/airflow/.local/lib/python3.12/site-packages/airflow/example_dags/example_branch_operator.py for tasks to queue
[2025-03-12T14:05:06.643+0000] {logging_mixin.py:190} INFO - [2025-03-12T14:05:06.643+0000] {dagbag.py:588} INFO - Filling up the DagBag from /home/airflow/.local/lib/python3.12/site-packages/airflow/example_dags/example_branch_operator.py
[2025-03-12T14:05:06.658+0000] {processor.py:925} INFO - DAG(s) 'example_branch_operator' retrieved from /home/airflow/.local/lib/python3.12/site-packages/airflow/example_dags/example_branch_operator.py
[2025-03-12T14:05:06.685+0000] {logging_mixin.py:190} INFO - [2025-03-12T14:05:06.685+0000] {dag.py:3239} INFO - Sync 1 DAGs
[2025-03-12T14:05:06.705+0000] {logging_mixin.py:190} INFO - [2025-03-12T14:05:06.705+0000] {dag.py:4180} INFO - Setting next_dagrun for example_branch_operator to 2025-03-11 00:00:00+00:00, run_after=2025-03-12 00:00:00+00:00
[2025-03-12T14:05:06.720+0000] {processor.py:208} INFO - Processing /home/airflow/.local/lib/python3.12/site-packages/airflow/example_dags/example_branch_operator.py took 0.084 seconds
[2025-03-12T14:05:40.614+0000] {processor.py:186} INFO - Started process (PID=10645) to work on /home/airflow/.local/lib/python3.12/site-packages/airflow/example_dags/example_branch_operator.py
[2025-03-12T14:05:40.615+0000] {processor.py:914} INFO - Processing file /home/airflow/.local/lib/python3.12/site-packages/airflow/example_dags/example_branch_operator.py for tasks to queue
[2025-03-12T14:05:40.617+0000] {logging_mixin.py:190} INFO - [2025-03-12T14:05:40.617+0000] {dagbag.py:588} INFO - Filling up the DagBag from /home/airflow/.local/lib/python3.12/site-packages/airflow/example_dags/example_branch_operator.py
[2025-03-12T14:05:40.633+0000] {processor.py:925} INFO - DAG(s) 'example_branch_operator' retrieved from /home/airflow/.local/lib/python3.12/site-packages/airflow/example_dags/example_branch_operator.py
[2025-03-12T14:05:40.660+0000] {logging_mixin.py:190} INFO - [2025-03-12T14:05:40.659+0000] {dag.py:3239} INFO - Sync 1 DAGs
[2025-03-12T14:05:40.681+0000] {logging_mixin.py:190} INFO - [2025-03-12T14:05:40.681+0000] {dag.py:4180} INFO - Setting next_dagrun for example_branch_operator to 2025-03-11 00:00:00+00:00, run_after=2025-03-12 00:00:00+00:00
[2025-03-12T14:05:40.700+0000] {processor.py:208} INFO - Processing /home/airflow/.local/lib/python3.12/site-packages/airflow/example_dags/example_branch_operator.py took 0.091 seconds
[2025-03-12T14:06:13.426+0000] {processor.py:186} INFO - Started process (PID=10953) to work on /home/airflow/.local/lib/python3.12/site-packages/airflow/example_dags/example_branch_operator.py
[2025-03-12T14:06:13.427+0000] {processor.py:914} INFO - Processing file /home/airflow/.local/lib/python3.12/site-packages/airflow/example_dags/example_branch_operator.py for tasks to queue
[2025-03-12T14:06:13.430+0000] {logging_mixin.py:190} INFO - [2025-03-12T14:06:13.429+0000] {dagbag.py:588} INFO - Filling up the DagBag from /home/airflow/.local/lib/python3.12/site-packages/airflow/example_dags/example_branch_operator.py
[2025-03-12T14:06:13.446+0000] {processor.py:925} INFO - DAG(s) 'example_branch_operator' retrieved from /home/airflow/.local/lib/python3.12/site-packages/airflow/example_dags/example_branch_operator.py
[2025-03-12T14:06:13.469+0000] {logging_mixin.py:190} INFO - [2025-03-12T14:06:13.469+0000] {dag.py:3239} INFO - Sync 1 DAGs
[2025-03-12T14:06:13.488+0000] {logging_mixin.py:190} INFO - [2025-03-12T14:06:13.488+0000] {dag.py:4180} INFO - Setting next_dagrun for example_branch_operator to 2025-03-11 00:00:00+00:00, run_after=2025-03-12 00:00:00+00:00
[2025-03-12T14:06:13.504+0000] {processor.py:208} INFO - Processing /home/airflow/.local/lib/python3.12/site-packages/airflow/example_dags/example_branch_operator.py took 0.083 seconds
[2025-03-12T14:06:47.142+0000] {processor.py:186} INFO - Started process (PID=11257) to work on /home/airflow/.local/lib/python3.12/site-packages/airflow/example_dags/example_branch_operator.py
[2025-03-12T14:06:47.143+0000] {processor.py:914} INFO - Processing file /home/airflow/.local/lib/python3.12/site-packages/airflow/example_dags/example_branch_operator.py for tasks to queue
[2025-03-12T14:06:47.145+0000] {logging_mixin.py:190} INFO - [2025-03-12T14:06:47.145+0000] {dagbag.py:588} INFO - Filling up the DagBag from /home/airflow/.local/lib/python3.12/site-packages/airflow/example_dags/example_branch_operator.py
[2025-03-12T14:06:47.159+0000] {processor.py:925} INFO - DAG(s) 'example_branch_operator' retrieved from /home/airflow/.local/lib/python3.12/site-packages/airflow/example_dags/example_branch_operator.py
[2025-03-12T14:06:47.181+0000] {logging_mixin.py:190} INFO - [2025-03-12T14:06:47.181+0000] {dag.py:3239} INFO - Sync 1 DAGs
[2025-03-12T14:06:47.199+0000] {logging_mixin.py:190} INFO - [2025-03-12T14:06:47.199+0000] {dag.py:4180} INFO - Setting next_dagrun for example_branch_operator to 2025-03-11 00:00:00+00:00, run_after=2025-03-12 00:00:00+00:00
[2025-03-12T14:06:47.213+0000] {processor.py:208} INFO - Processing /home/airflow/.local/lib/python3.12/site-packages/airflow/example_dags/example_branch_operator.py took 0.076 seconds
[2025-03-12T14:07:20.845+0000] {processor.py:186} INFO - Started process (PID=11563) to work on /home/airflow/.local/lib/python3.12/site-packages/airflow/example_dags/example_branch_operator.py
[2025-03-12T14:07:20.846+0000] {processor.py:914} INFO - Processing file /home/airflow/.local/lib/python3.12/site-packages/airflow/example_dags/example_branch_operator.py for tasks to queue
[2025-03-12T14:07:20.848+0000] {logging_mixin.py:190} INFO - [2025-03-12T14:07:20.848+0000] {dagbag.py:588} INFO - Filling up the DagBag from /home/airflow/.local/lib/python3.12/site-packages/airflow/example_dags/example_branch_operator.py
[2025-03-12T14:07:20.863+0000] {processor.py:925} INFO - DAG(s) 'example_branch_operator' retrieved from /home/airflow/.local/lib/python3.12/site-packages/airflow/example_dags/example_branch_operator.py
[2025-03-12T14:07:20.886+0000] {logging_mixin.py:190} INFO - [2025-03-12T14:07:20.886+0000] {dag.py:3239} INFO - Sync 1 DAGs
[2025-03-12T14:07:20.904+0000] {logging_mixin.py:190} INFO - [2025-03-12T14:07:20.904+0000] {dag.py:4180} INFO - Setting next_dagrun for example_branch_operator to 2025-03-11 00:00:00+00:00, run_after=2025-03-12 00:00:00+00:00
[2025-03-12T14:07:20.920+0000] {processor.py:208} INFO - Processing /home/airflow/.local/lib/python3.12/site-packages/airflow/example_dags/example_branch_operator.py took 0.079 seconds
[2025-03-12T14:07:53.750+0000] {processor.py:186} INFO - Started process (PID=11869) to work on /home/airflow/.local/lib/python3.12/site-packages/airflow/example_dags/example_branch_operator.py
[2025-03-12T14:07:53.751+0000] {processor.py:914} INFO - Processing file /home/airflow/.local/lib/python3.12/site-packages/airflow/example_dags/example_branch_operator.py for tasks to queue
[2025-03-12T14:07:53.753+0000] {logging_mixin.py:190} INFO - [2025-03-12T14:07:53.753+0000] {dagbag.py:588} INFO - Filling up the DagBag from /home/airflow/.local/lib/python3.12/site-packages/airflow/example_dags/example_branch_operator.py
[2025-03-12T14:07:53.766+0000] {processor.py:925} INFO - DAG(s) 'example_branch_operator' retrieved from /home/airflow/.local/lib/python3.12/site-packages/airflow/example_dags/example_branch_operator.py
[2025-03-12T14:07:53.787+0000] {logging_mixin.py:190} INFO - [2025-03-12T14:07:53.787+0000] {dag.py:3239} INFO - Sync 1 DAGs
[2025-03-12T14:07:53.805+0000] {logging_mixin.py:190} INFO - [2025-03-12T14:07:53.805+0000] {dag.py:4180} INFO - Setting next_dagrun for example_branch_operator to 2025-03-11 00:00:00+00:00, run_after=2025-03-12 00:00:00+00:00
[2025-03-12T14:07:53.821+0000] {processor.py:208} INFO - Processing /home/airflow/.local/lib/python3.12/site-packages/airflow/example_dags/example_branch_operator.py took 0.075 seconds
[2025-03-12T14:08:27.538+0000] {processor.py:186} INFO - Started process (PID=12175) to work on /home/airflow/.local/lib/python3.12/site-packages/airflow/example_dags/example_branch_operator.py
[2025-03-12T14:08:27.540+0000] {processor.py:914} INFO - Processing file /home/airflow/.local/lib/python3.12/site-packages/airflow/example_dags/example_branch_operator.py for tasks to queue
[2025-03-12T14:08:27.542+0000] {logging_mixin.py:190} INFO - [2025-03-12T14:08:27.541+0000] {dagbag.py:588} INFO - Filling up the DagBag from /home/airflow/.local/lib/python3.12/site-packages/airflow/example_dags/example_branch_operator.py
[2025-03-12T14:08:27.557+0000] {processor.py:925} INFO - DAG(s) 'example_branch_operator' retrieved from /home/airflow/.local/lib/python3.12/site-packages/airflow/example_dags/example_branch_operator.py
[2025-03-12T14:08:27.582+0000] {logging_mixin.py:190} INFO - [2025-03-12T14:08:27.581+0000] {dag.py:3239} INFO - Sync 1 DAGs
[2025-03-12T14:08:27.604+0000] {logging_mixin.py:190} INFO - [2025-03-12T14:08:27.603+0000] {dag.py:4180} INFO - Setting next_dagrun for example_branch_operator to 2025-03-11 00:00:00+00:00, run_after=2025-03-12 00:00:00+00:00
[2025-03-12T14:08:27.622+0000] {processor.py:208} INFO - Processing /home/airflow/.local/lib/python3.12/site-packages/airflow/example_dags/example_branch_operator.py took 0.088 seconds
[2025-03-12T14:09:00.591+0000] {processor.py:186} INFO - Started process (PID=12481) to work on /home/airflow/.local/lib/python3.12/site-packages/airflow/example_dags/example_branch_operator.py
[2025-03-12T14:09:00.592+0000] {processor.py:914} INFO - Processing file /home/airflow/.local/lib/python3.12/site-packages/airflow/example_dags/example_branch_operator.py for tasks to queue
[2025-03-12T14:09:00.594+0000] {logging_mixin.py:190} INFO - [2025-03-12T14:09:00.593+0000] {dagbag.py:588} INFO - Filling up the DagBag from /home/airflow/.local/lib/python3.12/site-packages/airflow/example_dags/example_branch_operator.py
[2025-03-12T14:09:00.608+0000] {processor.py:925} INFO - DAG(s) 'example_branch_operator' retrieved from /home/airflow/.local/lib/python3.12/site-packages/airflow/example_dags/example_branch_operator.py
[2025-03-12T14:09:00.631+0000] {logging_mixin.py:190} INFO - [2025-03-12T14:09:00.631+0000] {dag.py:3239} INFO - Sync 1 DAGs
[2025-03-12T14:09:00.652+0000] {logging_mixin.py:190} INFO - [2025-03-12T14:09:00.652+0000] {dag.py:4180} INFO - Setting next_dagrun for example_branch_operator to 2025-03-11 00:00:00+00:00, run_after=2025-03-12 00:00:00+00:00
[2025-03-12T14:09:00.668+0000] {processor.py:208} INFO - Processing /home/airflow/.local/lib/python3.12/site-packages/airflow/example_dags/example_branch_operator.py took 0.081 seconds
[2025-03-12T14:09:34.256+0000] {processor.py:186} INFO - Started process (PID=12787) to work on /home/airflow/.local/lib/python3.12/site-packages/airflow/example_dags/example_branch_operator.py
[2025-03-12T14:09:34.257+0000] {processor.py:914} INFO - Processing file /home/airflow/.local/lib/python3.12/site-packages/airflow/example_dags/example_branch_operator.py for tasks to queue
[2025-03-12T14:09:34.259+0000] {logging_mixin.py:190} INFO - [2025-03-12T14:09:34.259+0000] {dagbag.py:588} INFO - Filling up the DagBag from /home/airflow/.local/lib/python3.12/site-packages/airflow/example_dags/example_branch_operator.py
[2025-03-12T14:09:34.273+0000] {processor.py:925} INFO - DAG(s) 'example_branch_operator' retrieved from /home/airflow/.local/lib/python3.12/site-packages/airflow/example_dags/example_branch_operator.py
[2025-03-12T14:09:34.297+0000] {logging_mixin.py:190} INFO - [2025-03-12T14:09:34.296+0000] {dag.py:3239} INFO - Sync 1 DAGs
[2025-03-12T14:09:34.323+0000] {logging_mixin.py:190} INFO - [2025-03-12T14:09:34.323+0000] {dag.py:4180} INFO - Setting next_dagrun for example_branch_operator to 2025-03-11 00:00:00+00:00, run_after=2025-03-12 00:00:00+00:00
[2025-03-12T14:09:34.338+0000] {processor.py:208} INFO - Processing /home/airflow/.local/lib/python3.12/site-packages/airflow/example_dags/example_branch_operator.py took 0.086 seconds
[2025-03-12T14:10:07.047+0000] {processor.py:186} INFO - Started process (PID=13093) to work on /home/airflow/.local/lib/python3.12/site-packages/airflow/example_dags/example_branch_operator.py
[2025-03-12T14:10:07.048+0000] {processor.py:914} INFO - Processing file /home/airflow/.local/lib/python3.12/site-packages/airflow/example_dags/example_branch_operator.py for tasks to queue
[2025-03-12T14:10:07.050+0000] {logging_mixin.py:190} INFO - [2025-03-12T14:10:07.050+0000] {dagbag.py:588} INFO - Filling up the DagBag from /home/airflow/.local/lib/python3.12/site-packages/airflow/example_dags/example_branch_operator.py
[2025-03-12T14:10:07.064+0000] {processor.py:925} INFO - DAG(s) 'example_branch_operator' retrieved from /home/airflow/.local/lib/python3.12/site-packages/airflow/example_dags/example_branch_operator.py
[2025-03-12T14:10:07.093+0000] {logging_mixin.py:190} INFO - [2025-03-12T14:10:07.093+0000] {dag.py:3239} INFO - Sync 1 DAGs
[2025-03-12T14:10:07.118+0000] {logging_mixin.py:190} INFO - [2025-03-12T14:10:07.118+0000] {dag.py:4180} INFO - Setting next_dagrun for example_branch_operator to 2025-03-11 00:00:00+00:00, run_after=2025-03-12 00:00:00+00:00
[2025-03-12T14:10:07.135+0000] {processor.py:208} INFO - Processing /home/airflow/.local/lib/python3.12/site-packages/airflow/example_dags/example_branch_operator.py took 0.093 seconds
[2025-03-12T14:10:39.981+0000] {processor.py:186} INFO - Started process (PID=13399) to work on /home/airflow/.local/lib/python3.12/site-packages/airflow/example_dags/example_branch_operator.py
[2025-03-12T14:10:39.982+0000] {processor.py:914} INFO - Processing file /home/airflow/.local/lib/python3.12/site-packages/airflow/example_dags/example_branch_operator.py for tasks to queue
[2025-03-12T14:10:39.984+0000] {logging_mixin.py:190} INFO - [2025-03-12T14:10:39.983+0000] {dagbag.py:588} INFO - Filling up the DagBag from /home/airflow/.local/lib/python3.12/site-packages/airflow/example_dags/example_branch_operator.py
[2025-03-12T14:10:39.997+0000] {processor.py:925} INFO - DAG(s) 'example_branch_operator' retrieved from /home/airflow/.local/lib/python3.12/site-packages/airflow/example_dags/example_branch_operator.py
[2025-03-12T14:10:40.020+0000] {logging_mixin.py:190} INFO - [2025-03-12T14:10:40.020+0000] {dag.py:3239} INFO - Sync 1 DAGs
[2025-03-12T14:10:40.038+0000] {logging_mixin.py:190} INFO - [2025-03-12T14:10:40.038+0000] {dag.py:4180} INFO - Setting next_dagrun for example_branch_operator to 2025-03-11 00:00:00+00:00, run_after=2025-03-12 00:00:00+00:00
[2025-03-12T14:10:40.055+0000] {processor.py:208} INFO - Processing /home/airflow/.local/lib/python3.12/site-packages/airflow/example_dags/example_branch_operator.py took 0.079 seconds
[2025-03-12T14:11:13.847+0000] {processor.py:186} INFO - Started process (PID=13705) to work on /home/airflow/.local/lib/python3.12/site-packages/airflow/example_dags/example_branch_operator.py
[2025-03-12T14:11:13.848+0000] {processor.py:914} INFO - Processing file /home/airflow/.local/lib/python3.12/site-packages/airflow/example_dags/example_branch_operator.py for tasks to queue
[2025-03-12T14:11:13.850+0000] {logging_mixin.py:190} INFO - [2025-03-12T14:11:13.849+0000] {dagbag.py:588} INFO - Filling up the DagBag from /home/airflow/.local/lib/python3.12/site-packages/airflow/example_dags/example_branch_operator.py
[2025-03-12T14:11:13.864+0000] {processor.py:925} INFO - DAG(s) 'example_branch_operator' retrieved from /home/airflow/.local/lib/python3.12/site-packages/airflow/example_dags/example_branch_operator.py
[2025-03-12T14:11:13.888+0000] {logging_mixin.py:190} INFO - [2025-03-12T14:11:13.888+0000] {dag.py:3239} INFO - Sync 1 DAGs
[2025-03-12T14:11:13.909+0000] {logging_mixin.py:190} INFO - [2025-03-12T14:11:13.909+0000] {dag.py:4180} INFO - Setting next_dagrun for example_branch_operator to 2025-03-11 00:00:00+00:00, run_after=2025-03-12 00:00:00+00:00
[2025-03-12T14:11:13.926+0000] {processor.py:208} INFO - Processing /home/airflow/.local/lib/python3.12/site-packages/airflow/example_dags/example_branch_operator.py took 0.084 seconds
[2025-03-12T14:11:47.048+0000] {processor.py:186} INFO - Started process (PID=14012) to work on /home/airflow/.local/lib/python3.12/site-packages/airflow/example_dags/example_branch_operator.py
[2025-03-12T14:11:47.049+0000] {processor.py:914} INFO - Processing file /home/airflow/.local/lib/python3.12/site-packages/airflow/example_dags/example_branch_operator.py for tasks to queue
[2025-03-12T14:11:47.050+0000] {logging_mixin.py:190} INFO - [2025-03-12T14:11:47.050+0000] {dagbag.py:588} INFO - Filling up the DagBag from /home/airflow/.local/lib/python3.12/site-packages/airflow/example_dags/example_branch_operator.py
[2025-03-12T14:11:47.063+0000] {processor.py:925} INFO - DAG(s) 'example_branch_operator' retrieved from /home/airflow/.local/lib/python3.12/site-packages/airflow/example_dags/example_branch_operator.py
[2025-03-12T14:11:47.084+0000] {logging_mixin.py:190} INFO - [2025-03-12T14:11:47.084+0000] {dag.py:3239} INFO - Sync 1 DAGs
[2025-03-12T14:11:47.101+0000] {logging_mixin.py:190} INFO - [2025-03-12T14:11:47.101+0000] {dag.py:4180} INFO - Setting next_dagrun for example_branch_operator to 2025-03-11 00:00:00+00:00, run_after=2025-03-12 00:00:00+00:00
[2025-03-12T14:11:47.116+0000] {processor.py:208} INFO - Processing /home/airflow/.local/lib/python3.12/site-packages/airflow/example_dags/example_branch_operator.py took 0.072 seconds
[2025-03-12T14:12:21.307+0000] {processor.py:186} INFO - Started process (PID=14318) to work on /home/airflow/.local/lib/python3.12/site-packages/airflow/example_dags/example_branch_operator.py
[2025-03-12T14:12:21.308+0000] {processor.py:914} INFO - Processing file /home/airflow/.local/lib/python3.12/site-packages/airflow/example_dags/example_branch_operator.py for tasks to queue
[2025-03-12T14:12:21.310+0000] {logging_mixin.py:190} INFO - [2025-03-12T14:12:21.310+0000] {dagbag.py:588} INFO - Filling up the DagBag from /home/airflow/.local/lib/python3.12/site-packages/airflow/example_dags/example_branch_operator.py
[2025-03-12T14:12:21.325+0000] {processor.py:925} INFO - DAG(s) 'example_branch_operator' retrieved from /home/airflow/.local/lib/python3.12/site-packages/airflow/example_dags/example_branch_operator.py
[2025-03-12T14:12:21.353+0000] {logging_mixin.py:190} INFO - [2025-03-12T14:12:21.353+0000] {dag.py:3239} INFO - Sync 1 DAGs
[2025-03-12T14:12:21.371+0000] {logging_mixin.py:190} INFO - [2025-03-12T14:12:21.371+0000] {dag.py:4180} INFO - Setting next_dagrun for example_branch_operator to 2025-03-11 00:00:00+00:00, run_after=2025-03-12 00:00:00+00:00
[2025-03-12T14:12:21.384+0000] {processor.py:208} INFO - Processing /home/airflow/.local/lib/python3.12/site-packages/airflow/example_dags/example_branch_operator.py took 0.082 seconds
[2025-03-12T14:14:01.572+0000] {processor.py:186} INFO - Started process (PID=247) to work on /home/airflow/.local/lib/python3.12/site-packages/airflow/example_dags/example_branch_operator.py
[2025-03-12T14:14:01.573+0000] {processor.py:914} INFO - Processing file /home/airflow/.local/lib/python3.12/site-packages/airflow/example_dags/example_branch_operator.py for tasks to queue
[2025-03-12T14:14:01.576+0000] {logging_mixin.py:190} INFO - [2025-03-12T14:14:01.576+0000] {dagbag.py:588} INFO - Filling up the DagBag from /home/airflow/.local/lib/python3.12/site-packages/airflow/example_dags/example_branch_operator.py
[2025-03-12T14:14:01.609+0000] {processor.py:925} INFO - DAG(s) 'example_branch_operator' retrieved from /home/airflow/.local/lib/python3.12/site-packages/airflow/example_dags/example_branch_operator.py
[2025-03-12T14:14:01.731+0000] {logging_mixin.py:190} INFO - [2025-03-12T14:14:01.731+0000] {override.py:1912} INFO - Created Permission View: can read on DAG:example_branch_operator
[2025-03-12T14:14:01.746+0000] {logging_mixin.py:190} INFO - [2025-03-12T14:14:01.745+0000] {override.py:1912} INFO - Created Permission View: can edit on DAG:example_branch_operator
[2025-03-12T14:14:01.753+0000] {logging_mixin.py:190} INFO - [2025-03-12T14:14:01.752+0000] {override.py:1912} INFO - Created Permission View: can delete on DAG:example_branch_operator
[2025-03-12T14:14:01.761+0000] {logging_mixin.py:190} INFO - [2025-03-12T14:14:01.761+0000] {override.py:1912} INFO - Created Permission View: can create on DAG Run:example_branch_operator
[2025-03-12T14:14:01.768+0000] {logging_mixin.py:190} INFO - [2025-03-12T14:14:01.768+0000] {override.py:1912} INFO - Created Permission View: can read on DAG Run:example_branch_operator
[2025-03-12T14:14:01.775+0000] {logging_mixin.py:190} INFO - [2025-03-12T14:14:01.775+0000] {override.py:1912} INFO - Created Permission View: menu access on DAG Run:example_branch_operator
[2025-03-12T14:14:01.783+0000] {logging_mixin.py:190} INFO - [2025-03-12T14:14:01.783+0000] {override.py:1912} INFO - Created Permission View: can delete on DAG Run:example_branch_operator
[2025-03-12T14:14:01.784+0000] {logging_mixin.py:190} INFO - [2025-03-12T14:14:01.784+0000] {dag.py:3239} INFO - Sync 1 DAGs
[2025-03-12T14:14:01.797+0000] {logging_mixin.py:190} INFO - [2025-03-12T14:14:01.797+0000] {dag.py:3262} INFO - Creating ORM DAG for example_branch_operator
[2025-03-12T14:14:01.808+0000] {logging_mixin.py:190} INFO - [2025-03-12T14:14:01.808+0000] {dag.py:4180} INFO - Setting next_dagrun for example_branch_operator to 2025-03-11 00:00:00+00:00, run_after=2025-03-12 00:00:00+00:00
[2025-03-12T14:14:01.830+0000] {processor.py:208} INFO - Processing /home/airflow/.local/lib/python3.12/site-packages/airflow/example_dags/example_branch_operator.py took 0.264 seconds
[2025-03-12T14:14:33.317+0000] {processor.py:186} INFO - Started process (PID=553) to work on /home/airflow/.local/lib/python3.12/site-packages/airflow/example_dags/example_branch_operator.py
[2025-03-12T14:14:33.318+0000] {processor.py:914} INFO - Processing file /home/airflow/.local/lib/python3.12/site-packages/airflow/example_dags/example_branch_operator.py for tasks to queue
[2025-03-12T14:14:33.320+0000] {logging_mixin.py:190} INFO - [2025-03-12T14:14:33.320+0000] {dagbag.py:588} INFO - Filling up the DagBag from /home/airflow/.local/lib/python3.12/site-packages/airflow/example_dags/example_branch_operator.py
[2025-03-12T14:14:33.334+0000] {processor.py:925} INFO - DAG(s) 'example_branch_operator' retrieved from /home/airflow/.local/lib/python3.12/site-packages/airflow/example_dags/example_branch_operator.py
[2025-03-12T14:14:33.357+0000] {logging_mixin.py:190} INFO - [2025-03-12T14:14:33.356+0000] {dag.py:3239} INFO - Sync 1 DAGs
[2025-03-12T14:14:33.376+0000] {logging_mixin.py:190} INFO - [2025-03-12T14:14:33.376+0000] {dag.py:4180} INFO - Setting next_dagrun for example_branch_operator to 2025-03-11 00:00:00+00:00, run_after=2025-03-12 00:00:00+00:00
[2025-03-12T14:14:33.393+0000] {processor.py:208} INFO - Processing /home/airflow/.local/lib/python3.12/site-packages/airflow/example_dags/example_branch_operator.py took 0.080 seconds
[2025-03-12T14:15:07.291+0000] {processor.py:186} INFO - Started process (PID=859) to work on /home/airflow/.local/lib/python3.12/site-packages/airflow/example_dags/example_branch_operator.py
[2025-03-12T14:15:07.292+0000] {processor.py:914} INFO - Processing file /home/airflow/.local/lib/python3.12/site-packages/airflow/example_dags/example_branch_operator.py for tasks to queue
[2025-03-12T14:15:07.294+0000] {logging_mixin.py:190} INFO - [2025-03-12T14:15:07.293+0000] {dagbag.py:588} INFO - Filling up the DagBag from /home/airflow/.local/lib/python3.12/site-packages/airflow/example_dags/example_branch_operator.py
[2025-03-12T14:15:07.310+0000] {processor.py:925} INFO - DAG(s) 'example_branch_operator' retrieved from /home/airflow/.local/lib/python3.12/site-packages/airflow/example_dags/example_branch_operator.py
[2025-03-12T14:15:07.334+0000] {logging_mixin.py:190} INFO - [2025-03-12T14:15:07.334+0000] {dag.py:3239} INFO - Sync 1 DAGs
[2025-03-12T14:15:07.356+0000] {logging_mixin.py:190} INFO - [2025-03-12T14:15:07.356+0000] {dag.py:4180} INFO - Setting next_dagrun for example_branch_operator to 2025-03-11 00:00:00+00:00, run_after=2025-03-12 00:00:00+00:00
[2025-03-12T14:15:07.371+0000] {processor.py:208} INFO - Processing /home/airflow/.local/lib/python3.12/site-packages/airflow/example_dags/example_branch_operator.py took 0.086 seconds
[2025-03-12T14:15:40.985+0000] {processor.py:186} INFO - Started process (PID=1165) to work on /home/airflow/.local/lib/python3.12/site-packages/airflow/example_dags/example_branch_operator.py
[2025-03-12T14:15:40.989+0000] {processor.py:914} INFO - Processing file /home/airflow/.local/lib/python3.12/site-packages/airflow/example_dags/example_branch_operator.py for tasks to queue
[2025-03-12T14:15:40.991+0000] {logging_mixin.py:190} INFO - [2025-03-12T14:15:40.991+0000] {dagbag.py:588} INFO - Filling up the DagBag from /home/airflow/.local/lib/python3.12/site-packages/airflow/example_dags/example_branch_operator.py
[2025-03-12T14:15:41.005+0000] {processor.py:925} INFO - DAG(s) 'example_branch_operator' retrieved from /home/airflow/.local/lib/python3.12/site-packages/airflow/example_dags/example_branch_operator.py
[2025-03-12T14:15:41.028+0000] {logging_mixin.py:190} INFO - [2025-03-12T14:15:41.027+0000] {dag.py:3239} INFO - Sync 1 DAGs
[2025-03-12T14:15:41.047+0000] {logging_mixin.py:190} INFO - [2025-03-12T14:15:41.047+0000] {dag.py:4180} INFO - Setting next_dagrun for example_branch_operator to 2025-03-11 00:00:00+00:00, run_after=2025-03-12 00:00:00+00:00
[2025-03-12T14:15:41.063+0000] {processor.py:208} INFO - Processing /home/airflow/.local/lib/python3.12/site-packages/airflow/example_dags/example_branch_operator.py took 0.083 seconds
[2025-03-12T14:16:14.063+0000] {processor.py:186} INFO - Started process (PID=1471) to work on /home/airflow/.local/lib/python3.12/site-packages/airflow/example_dags/example_branch_operator.py
[2025-03-12T14:16:14.064+0000] {processor.py:914} INFO - Processing file /home/airflow/.local/lib/python3.12/site-packages/airflow/example_dags/example_branch_operator.py for tasks to queue
[2025-03-12T14:16:14.065+0000] {logging_mixin.py:190} INFO - [2025-03-12T14:16:14.065+0000] {dagbag.py:588} INFO - Filling up the DagBag from /home/airflow/.local/lib/python3.12/site-packages/airflow/example_dags/example_branch_operator.py
[2025-03-12T14:16:14.082+0000] {processor.py:925} INFO - DAG(s) 'example_branch_operator' retrieved from /home/airflow/.local/lib/python3.12/site-packages/airflow/example_dags/example_branch_operator.py
[2025-03-12T14:16:14.106+0000] {logging_mixin.py:190} INFO - [2025-03-12T14:16:14.106+0000] {dag.py:3239} INFO - Sync 1 DAGs
[2025-03-12T14:16:14.125+0000] {logging_mixin.py:190} INFO - [2025-03-12T14:16:14.125+0000] {dag.py:4180} INFO - Setting next_dagrun for example_branch_operator to 2025-03-11 00:00:00+00:00, run_after=2025-03-12 00:00:00+00:00
[2025-03-12T14:16:14.140+0000] {processor.py:208} INFO - Processing /home/airflow/.local/lib/python3.12/site-packages/airflow/example_dags/example_branch_operator.py took 0.083 seconds
[2025-03-12T14:16:47.652+0000] {processor.py:186} INFO - Started process (PID=1778) to work on /home/airflow/.local/lib/python3.12/site-packages/airflow/example_dags/example_branch_operator.py
[2025-03-12T14:16:47.653+0000] {processor.py:914} INFO - Processing file /home/airflow/.local/lib/python3.12/site-packages/airflow/example_dags/example_branch_operator.py for tasks to queue
[2025-03-12T14:16:47.656+0000] {logging_mixin.py:190} INFO - [2025-03-12T14:16:47.655+0000] {dagbag.py:588} INFO - Filling up the DagBag from /home/airflow/.local/lib/python3.12/site-packages/airflow/example_dags/example_branch_operator.py
[2025-03-12T14:16:47.673+0000] {processor.py:925} INFO - DAG(s) 'example_branch_operator' retrieved from /home/airflow/.local/lib/python3.12/site-packages/airflow/example_dags/example_branch_operator.py
[2025-03-12T14:16:47.697+0000] {logging_mixin.py:190} INFO - [2025-03-12T14:16:47.697+0000] {dag.py:3239} INFO - Sync 1 DAGs
[2025-03-12T14:16:47.718+0000] {logging_mixin.py:190} INFO - [2025-03-12T14:16:47.718+0000] {dag.py:4180} INFO - Setting next_dagrun for example_branch_operator to 2025-03-11 00:00:00+00:00, run_after=2025-03-12 00:00:00+00:00
[2025-03-12T14:16:47.739+0000] {processor.py:208} INFO - Processing /home/airflow/.local/lib/python3.12/site-packages/airflow/example_dags/example_branch_operator.py took 0.091 seconds
[2025-03-12T14:17:20.684+0000] {processor.py:186} INFO - Started process (PID=2084) to work on /home/airflow/.local/lib/python3.12/site-packages/airflow/example_dags/example_branch_operator.py
[2025-03-12T14:17:20.684+0000] {processor.py:914} INFO - Processing file /home/airflow/.local/lib/python3.12/site-packages/airflow/example_dags/example_branch_operator.py for tasks to queue
[2025-03-12T14:17:20.686+0000] {logging_mixin.py:190} INFO - [2025-03-12T14:17:20.686+0000] {dagbag.py:588} INFO - Filling up the DagBag from /home/airflow/.local/lib/python3.12/site-packages/airflow/example_dags/example_branch_operator.py
[2025-03-12T14:17:20.700+0000] {processor.py:925} INFO - DAG(s) 'example_branch_operator' retrieved from /home/airflow/.local/lib/python3.12/site-packages/airflow/example_dags/example_branch_operator.py
[2025-03-12T14:17:20.725+0000] {logging_mixin.py:190} INFO - [2025-03-12T14:17:20.725+0000] {dag.py:3239} INFO - Sync 1 DAGs
[2025-03-12T14:17:20.746+0000] {logging_mixin.py:190} INFO - [2025-03-12T14:17:20.745+0000] {dag.py:4180} INFO - Setting next_dagrun for example_branch_operator to 2025-03-11 00:00:00+00:00, run_after=2025-03-12 00:00:00+00:00
[2025-03-12T14:17:20.762+0000] {processor.py:208} INFO - Processing /home/airflow/.local/lib/python3.12/site-packages/airflow/example_dags/example_branch_operator.py took 0.083 seconds
[2025-03-12T14:17:54.132+0000] {processor.py:186} INFO - Started process (PID=2392) to work on /home/airflow/.local/lib/python3.12/site-packages/airflow/example_dags/example_branch_operator.py
[2025-03-12T14:17:54.133+0000] {processor.py:914} INFO - Processing file /home/airflow/.local/lib/python3.12/site-packages/airflow/example_dags/example_branch_operator.py for tasks to queue
[2025-03-12T14:17:54.135+0000] {logging_mixin.py:190} INFO - [2025-03-12T14:17:54.135+0000] {dagbag.py:588} INFO - Filling up the DagBag from /home/airflow/.local/lib/python3.12/site-packages/airflow/example_dags/example_branch_operator.py
[2025-03-12T14:17:54.151+0000] {processor.py:925} INFO - DAG(s) 'example_branch_operator' retrieved from /home/airflow/.local/lib/python3.12/site-packages/airflow/example_dags/example_branch_operator.py
[2025-03-12T14:17:54.175+0000] {logging_mixin.py:190} INFO - [2025-03-12T14:17:54.175+0000] {dag.py:3239} INFO - Sync 1 DAGs
[2025-03-12T14:17:54.197+0000] {logging_mixin.py:190} INFO - [2025-03-12T14:17:54.197+0000] {dag.py:4180} INFO - Setting next_dagrun for example_branch_operator to 2025-03-11 00:00:00+00:00, run_after=2025-03-12 00:00:00+00:00
[2025-03-12T14:17:54.216+0000] {processor.py:208} INFO - Processing /home/airflow/.local/lib/python3.12/site-packages/airflow/example_dags/example_branch_operator.py took 0.089 seconds
[2025-03-12T14:18:27.525+0000] {processor.py:186} INFO - Started process (PID=2696) to work on /home/airflow/.local/lib/python3.12/site-packages/airflow/example_dags/example_branch_operator.py
[2025-03-12T14:18:27.526+0000] {processor.py:914} INFO - Processing file /home/airflow/.local/lib/python3.12/site-packages/airflow/example_dags/example_branch_operator.py for tasks to queue
[2025-03-12T14:18:27.528+0000] {logging_mixin.py:190} INFO - [2025-03-12T14:18:27.528+0000] {dagbag.py:588} INFO - Filling up the DagBag from /home/airflow/.local/lib/python3.12/site-packages/airflow/example_dags/example_branch_operator.py
[2025-03-12T14:18:27.543+0000] {processor.py:925} INFO - DAG(s) 'example_branch_operator' retrieved from /home/airflow/.local/lib/python3.12/site-packages/airflow/example_dags/example_branch_operator.py
[2025-03-12T14:18:27.567+0000] {logging_mixin.py:190} INFO - [2025-03-12T14:18:27.567+0000] {dag.py:3239} INFO - Sync 1 DAGs
[2025-03-12T14:18:27.585+0000] {logging_mixin.py:190} INFO - [2025-03-12T14:18:27.585+0000] {dag.py:4180} INFO - Setting next_dagrun for example_branch_operator to 2025-03-11 00:00:00+00:00, run_after=2025-03-12 00:00:00+00:00
[2025-03-12T14:18:27.599+0000] {processor.py:208} INFO - Processing /home/airflow/.local/lib/python3.12/site-packages/airflow/example_dags/example_branch_operator.py took 0.079 seconds
[2025-03-12T14:19:00.206+0000] {processor.py:186} INFO - Started process (PID=3004) to work on /home/airflow/.local/lib/python3.12/site-packages/airflow/example_dags/example_branch_operator.py
[2025-03-12T14:19:00.207+0000] {processor.py:914} INFO - Processing file /home/airflow/.local/lib/python3.12/site-packages/airflow/example_dags/example_branch_operator.py for tasks to queue
[2025-03-12T14:19:00.209+0000] {logging_mixin.py:190} INFO - [2025-03-12T14:19:00.209+0000] {dagbag.py:588} INFO - Filling up the DagBag from /home/airflow/.local/lib/python3.12/site-packages/airflow/example_dags/example_branch_operator.py
[2025-03-12T14:19:00.223+0000] {processor.py:925} INFO - DAG(s) 'example_branch_operator' retrieved from /home/airflow/.local/lib/python3.12/site-packages/airflow/example_dags/example_branch_operator.py
[2025-03-12T14:19:00.245+0000] {logging_mixin.py:190} INFO - [2025-03-12T14:19:00.244+0000] {dag.py:3239} INFO - Sync 1 DAGs
[2025-03-12T14:19:00.262+0000] {logging_mixin.py:190} INFO - [2025-03-12T14:19:00.261+0000] {dag.py:4180} INFO - Setting next_dagrun for example_branch_operator to 2025-03-11 00:00:00+00:00, run_after=2025-03-12 00:00:00+00:00
[2025-03-12T14:19:00.277+0000] {processor.py:208} INFO - Processing /home/airflow/.local/lib/python3.12/site-packages/airflow/example_dags/example_branch_operator.py took 0.075 seconds
[2025-03-12T14:19:34.345+0000] {processor.py:186} INFO - Started process (PID=3308) to work on /home/airflow/.local/lib/python3.12/site-packages/airflow/example_dags/example_branch_operator.py
[2025-03-12T14:19:34.346+0000] {processor.py:914} INFO - Processing file /home/airflow/.local/lib/python3.12/site-packages/airflow/example_dags/example_branch_operator.py for tasks to queue
[2025-03-12T14:19:34.348+0000] {logging_mixin.py:190} INFO - [2025-03-12T14:19:34.347+0000] {dagbag.py:588} INFO - Filling up the DagBag from /home/airflow/.local/lib/python3.12/site-packages/airflow/example_dags/example_branch_operator.py
[2025-03-12T14:19:34.363+0000] {processor.py:925} INFO - DAG(s) 'example_branch_operator' retrieved from /home/airflow/.local/lib/python3.12/site-packages/airflow/example_dags/example_branch_operator.py
[2025-03-12T14:19:34.387+0000] {logging_mixin.py:190} INFO - [2025-03-12T14:19:34.387+0000] {dag.py:3239} INFO - Sync 1 DAGs
[2025-03-12T14:19:34.409+0000] {logging_mixin.py:190} INFO - [2025-03-12T14:19:34.409+0000] {dag.py:4180} INFO - Setting next_dagrun for example_branch_operator to 2025-03-11 00:00:00+00:00, run_after=2025-03-12 00:00:00+00:00
[2025-03-12T14:19:34.424+0000] {processor.py:208} INFO - Processing /home/airflow/.local/lib/python3.12/site-packages/airflow/example_dags/example_branch_operator.py took 0.085 seconds
