[2025-03-12T13:44:57.973+0000] {processor.py:186} INFO - Started process (PID=271) to work on /home/airflow/.local/lib/python3.12/site-packages/airflow/example_dags/example_complex.py
[2025-03-12T13:44:57.975+0000] {processor.py:914} INFO - Processing file /home/airflow/.local/lib/python3.12/site-packages/airflow/example_dags/example_complex.py for tasks to queue
[2025-03-12T13:44:57.977+0000] {logging_mixin.py:190} INFO - [2025-03-12T13:44:57.977+0000] {dagbag.py:588} INFO - Filling up the DagBag from /home/airflow/.local/lib/python3.12/site-packages/airflow/example_dags/example_complex.py
[2025-03-12T13:44:57.993+0000] {processor.py:925} INFO - DAG(s) 'example_complex' retrieved from /home/airflow/.local/lib/python3.12/site-packages/airflow/example_dags/example_complex.py
[2025-03-12T13:44:58.116+0000] {logging_mixin.py:190} INFO - [2025-03-12T13:44:58.116+0000] {override.py:1912} INFO - Created Permission View: can edit on DAG:example_complex
[2025-03-12T13:44:58.128+0000] {logging_mixin.py:190} INFO - [2025-03-12T13:44:58.127+0000] {override.py:1912} INFO - Created Permission View: can delete on DAG:example_complex
[2025-03-12T13:44:58.136+0000] {logging_mixin.py:190} INFO - [2025-03-12T13:44:58.136+0000] {override.py:1912} INFO - Created Permission View: can read on DAG:example_complex
[2025-03-12T13:44:58.146+0000] {logging_mixin.py:190} INFO - [2025-03-12T13:44:58.146+0000] {override.py:1912} INFO - Created Permission View: can delete on DAG Run:example_complex
[2025-03-12T13:44:58.157+0000] {logging_mixin.py:190} INFO - [2025-03-12T13:44:58.156+0000] {override.py:1912} INFO - Created Permission View: menu access on DAG Run:example_complex
[2025-03-12T13:44:58.171+0000] {logging_mixin.py:190} INFO - [2025-03-12T13:44:58.171+0000] {override.py:1912} INFO - Created Permission View: can create on DAG Run:example_complex
[2025-03-12T13:44:58.179+0000] {logging_mixin.py:190} INFO - [2025-03-12T13:44:58.179+0000] {override.py:1912} INFO - Created Permission View: can read on DAG Run:example_complex
[2025-03-12T13:44:58.180+0000] {logging_mixin.py:190} INFO - [2025-03-12T13:44:58.180+0000] {dag.py:3239} INFO - Sync 1 DAGs
[2025-03-12T13:44:58.194+0000] {logging_mixin.py:190} INFO - [2025-03-12T13:44:58.194+0000] {dag.py:3262} INFO - Creating ORM DAG for example_complex
[2025-03-12T13:44:58.195+0000] {logging_mixin.py:190} INFO - [2025-03-12T13:44:58.195+0000] {dag.py:4180} INFO - Setting next_dagrun for example_complex to None, run_after=None
[2025-03-12T13:44:58.235+0000] {processor.py:208} INFO - Processing /home/airflow/.local/lib/python3.12/site-packages/airflow/example_dags/example_complex.py took 0.269 seconds
[2025-03-12T13:45:28.907+0000] {processor.py:186} INFO - Started process (PID=572) to work on /home/airflow/.local/lib/python3.12/site-packages/airflow/example_dags/example_complex.py
[2025-03-12T13:45:28.908+0000] {processor.py:914} INFO - Processing file /home/airflow/.local/lib/python3.12/site-packages/airflow/example_dags/example_complex.py for tasks to queue
[2025-03-12T13:45:28.910+0000] {logging_mixin.py:190} INFO - [2025-03-12T13:45:28.910+0000] {dagbag.py:588} INFO - Filling up the DagBag from /home/airflow/.local/lib/python3.12/site-packages/airflow/example_dags/example_complex.py
[2025-03-12T13:45:28.923+0000] {processor.py:925} INFO - DAG(s) 'example_complex' retrieved from /home/airflow/.local/lib/python3.12/site-packages/airflow/example_dags/example_complex.py
[2025-03-12T13:45:28.953+0000] {logging_mixin.py:190} INFO - [2025-03-12T13:45:28.953+0000] {dag.py:3239} INFO - Sync 1 DAGs
[2025-03-12T13:45:28.966+0000] {logging_mixin.py:190} INFO - [2025-03-12T13:45:28.966+0000] {dag.py:4180} INFO - Setting next_dagrun for example_complex to None, run_after=None
[2025-03-12T13:45:28.983+0000] {processor.py:208} INFO - Processing /home/airflow/.local/lib/python3.12/site-packages/airflow/example_dags/example_complex.py took 0.081 seconds
[2025-03-12T13:45:59.638+0000] {processor.py:186} INFO - Started process (PID=878) to work on /home/airflow/.local/lib/python3.12/site-packages/airflow/example_dags/example_complex.py
[2025-03-12T13:45:59.639+0000] {processor.py:914} INFO - Processing file /home/airflow/.local/lib/python3.12/site-packages/airflow/example_dags/example_complex.py for tasks to queue
[2025-03-12T13:45:59.641+0000] {logging_mixin.py:190} INFO - [2025-03-12T13:45:59.640+0000] {dagbag.py:588} INFO - Filling up the DagBag from /home/airflow/.local/lib/python3.12/site-packages/airflow/example_dags/example_complex.py
[2025-03-12T13:45:59.652+0000] {processor.py:925} INFO - DAG(s) 'example_complex' retrieved from /home/airflow/.local/lib/python3.12/site-packages/airflow/example_dags/example_complex.py
[2025-03-12T13:45:59.677+0000] {logging_mixin.py:190} INFO - [2025-03-12T13:45:59.677+0000] {dag.py:3239} INFO - Sync 1 DAGs
[2025-03-12T13:45:59.691+0000] {logging_mixin.py:190} INFO - [2025-03-12T13:45:59.691+0000] {dag.py:4180} INFO - Setting next_dagrun for example_complex to None, run_after=None
[2025-03-12T13:45:59.707+0000] {processor.py:208} INFO - Processing /home/airflow/.local/lib/python3.12/site-packages/airflow/example_dags/example_complex.py took 0.073 seconds
[2025-03-12T13:47:02.036+0000] {processor.py:186} INFO - Started process (PID=258) to work on /home/airflow/.local/lib/python3.12/site-packages/airflow/example_dags/example_complex.py
[2025-03-12T13:47:02.037+0000] {processor.py:914} INFO - Processing file /home/airflow/.local/lib/python3.12/site-packages/airflow/example_dags/example_complex.py for tasks to queue
[2025-03-12T13:47:02.039+0000] {logging_mixin.py:190} INFO - [2025-03-12T13:47:02.039+0000] {dagbag.py:588} INFO - Filling up the DagBag from /home/airflow/.local/lib/python3.12/site-packages/airflow/example_dags/example_complex.py
[2025-03-12T13:47:02.052+0000] {processor.py:925} INFO - DAG(s) 'example_complex' retrieved from /home/airflow/.local/lib/python3.12/site-packages/airflow/example_dags/example_complex.py
[2025-03-12T13:47:02.094+0000] {logging_mixin.py:190} INFO - [2025-03-12T13:47:02.093+0000] {dag.py:3239} INFO - Sync 1 DAGs
[2025-03-12T13:47:02.114+0000] {logging_mixin.py:190} INFO - [2025-03-12T13:47:02.114+0000] {dag.py:4180} INFO - Setting next_dagrun for example_complex to None, run_after=None
[2025-03-12T13:47:02.136+0000] {processor.py:208} INFO - Processing /home/airflow/.local/lib/python3.12/site-packages/airflow/example_dags/example_complex.py took 0.105 seconds
[2025-03-12T13:47:32.227+0000] {processor.py:186} INFO - Started process (PID=561) to work on /home/airflow/.local/lib/python3.12/site-packages/airflow/example_dags/example_complex.py
[2025-03-12T13:47:32.228+0000] {processor.py:914} INFO - Processing file /home/airflow/.local/lib/python3.12/site-packages/airflow/example_dags/example_complex.py for tasks to queue
[2025-03-12T13:47:32.230+0000] {logging_mixin.py:190} INFO - [2025-03-12T13:47:32.230+0000] {dagbag.py:588} INFO - Filling up the DagBag from /home/airflow/.local/lib/python3.12/site-packages/airflow/example_dags/example_complex.py
[2025-03-12T13:47:32.240+0000] {processor.py:925} INFO - DAG(s) 'example_complex' retrieved from /home/airflow/.local/lib/python3.12/site-packages/airflow/example_dags/example_complex.py
[2025-03-12T13:47:32.265+0000] {logging_mixin.py:190} INFO - [2025-03-12T13:47:32.265+0000] {dag.py:3239} INFO - Sync 1 DAGs
[2025-03-12T13:47:32.276+0000] {logging_mixin.py:190} INFO - [2025-03-12T13:47:32.276+0000] {dag.py:4180} INFO - Setting next_dagrun for example_complex to None, run_after=None
[2025-03-12T13:47:32.293+0000] {processor.py:208} INFO - Processing /home/airflow/.local/lib/python3.12/site-packages/airflow/example_dags/example_complex.py took 0.070 seconds
[2025-03-12T13:48:03.265+0000] {processor.py:186} INFO - Started process (PID=867) to work on /home/airflow/.local/lib/python3.12/site-packages/airflow/example_dags/example_complex.py
[2025-03-12T13:48:03.266+0000] {processor.py:914} INFO - Processing file /home/airflow/.local/lib/python3.12/site-packages/airflow/example_dags/example_complex.py for tasks to queue
[2025-03-12T13:48:03.268+0000] {logging_mixin.py:190} INFO - [2025-03-12T13:48:03.268+0000] {dagbag.py:588} INFO - Filling up the DagBag from /home/airflow/.local/lib/python3.12/site-packages/airflow/example_dags/example_complex.py
[2025-03-12T13:48:03.276+0000] {processor.py:925} INFO - DAG(s) 'example_complex' retrieved from /home/airflow/.local/lib/python3.12/site-packages/airflow/example_dags/example_complex.py
[2025-03-12T13:48:03.299+0000] {logging_mixin.py:190} INFO - [2025-03-12T13:48:03.298+0000] {dag.py:3239} INFO - Sync 1 DAGs
[2025-03-12T13:48:03.308+0000] {logging_mixin.py:190} INFO - [2025-03-12T13:48:03.308+0000] {dag.py:4180} INFO - Setting next_dagrun for example_complex to None, run_after=None
[2025-03-12T13:48:03.322+0000] {processor.py:208} INFO - Processing /home/airflow/.local/lib/python3.12/site-packages/airflow/example_dags/example_complex.py took 0.061 seconds
[2025-03-12T13:48:33.509+0000] {processor.py:186} INFO - Started process (PID=1173) to work on /home/airflow/.local/lib/python3.12/site-packages/airflow/example_dags/example_complex.py
[2025-03-12T13:48:33.510+0000] {processor.py:914} INFO - Processing file /home/airflow/.local/lib/python3.12/site-packages/airflow/example_dags/example_complex.py for tasks to queue
[2025-03-12T13:48:33.512+0000] {logging_mixin.py:190} INFO - [2025-03-12T13:48:33.511+0000] {dagbag.py:588} INFO - Filling up the DagBag from /home/airflow/.local/lib/python3.12/site-packages/airflow/example_dags/example_complex.py
[2025-03-12T13:48:33.520+0000] {processor.py:925} INFO - DAG(s) 'example_complex' retrieved from /home/airflow/.local/lib/python3.12/site-packages/airflow/example_dags/example_complex.py
[2025-03-12T13:48:33.547+0000] {logging_mixin.py:190} INFO - [2025-03-12T13:48:33.547+0000] {dag.py:3239} INFO - Sync 1 DAGs
[2025-03-12T13:48:33.559+0000] {logging_mixin.py:190} INFO - [2025-03-12T13:48:33.558+0000] {dag.py:4180} INFO - Setting next_dagrun for example_complex to None, run_after=None
[2025-03-12T13:48:33.575+0000] {processor.py:208} INFO - Processing /home/airflow/.local/lib/python3.12/site-packages/airflow/example_dags/example_complex.py took 0.070 seconds
[2025-03-12T13:49:04.317+0000] {processor.py:186} INFO - Started process (PID=1480) to work on /home/airflow/.local/lib/python3.12/site-packages/airflow/example_dags/example_complex.py
[2025-03-12T13:49:04.318+0000] {processor.py:914} INFO - Processing file /home/airflow/.local/lib/python3.12/site-packages/airflow/example_dags/example_complex.py for tasks to queue
[2025-03-12T13:49:04.320+0000] {logging_mixin.py:190} INFO - [2025-03-12T13:49:04.320+0000] {dagbag.py:588} INFO - Filling up the DagBag from /home/airflow/.local/lib/python3.12/site-packages/airflow/example_dags/example_complex.py
[2025-03-12T13:49:04.330+0000] {processor.py:925} INFO - DAG(s) 'example_complex' retrieved from /home/airflow/.local/lib/python3.12/site-packages/airflow/example_dags/example_complex.py
[2025-03-12T13:49:04.360+0000] {logging_mixin.py:190} INFO - [2025-03-12T13:49:04.359+0000] {dag.py:3239} INFO - Sync 1 DAGs
[2025-03-12T13:49:04.373+0000] {logging_mixin.py:190} INFO - [2025-03-12T13:49:04.373+0000] {dag.py:4180} INFO - Setting next_dagrun for example_complex to None, run_after=None
[2025-03-12T13:49:04.391+0000] {processor.py:208} INFO - Processing /home/airflow/.local/lib/python3.12/site-packages/airflow/example_dags/example_complex.py took 0.079 seconds
[2025-03-12T13:49:35.037+0000] {processor.py:186} INFO - Started process (PID=1786) to work on /home/airflow/.local/lib/python3.12/site-packages/airflow/example_dags/example_complex.py
[2025-03-12T13:49:35.038+0000] {processor.py:914} INFO - Processing file /home/airflow/.local/lib/python3.12/site-packages/airflow/example_dags/example_complex.py for tasks to queue
[2025-03-12T13:49:35.039+0000] {logging_mixin.py:190} INFO - [2025-03-12T13:49:35.039+0000] {dagbag.py:588} INFO - Filling up the DagBag from /home/airflow/.local/lib/python3.12/site-packages/airflow/example_dags/example_complex.py
[2025-03-12T13:49:35.048+0000] {processor.py:925} INFO - DAG(s) 'example_complex' retrieved from /home/airflow/.local/lib/python3.12/site-packages/airflow/example_dags/example_complex.py
[2025-03-12T13:49:35.072+0000] {logging_mixin.py:190} INFO - [2025-03-12T13:49:35.071+0000] {dag.py:3239} INFO - Sync 1 DAGs
[2025-03-12T13:49:35.083+0000] {logging_mixin.py:190} INFO - [2025-03-12T13:49:35.082+0000] {dag.py:4180} INFO - Setting next_dagrun for example_complex to None, run_after=None
[2025-03-12T13:49:35.098+0000] {processor.py:208} INFO - Processing /home/airflow/.local/lib/python3.12/site-packages/airflow/example_dags/example_complex.py took 0.065 seconds
[2025-03-12T13:50:07.006+0000] {processor.py:186} INFO - Started process (PID=2092) to work on /home/airflow/.local/lib/python3.12/site-packages/airflow/example_dags/example_complex.py
[2025-03-12T13:50:07.009+0000] {processor.py:914} INFO - Processing file /home/airflow/.local/lib/python3.12/site-packages/airflow/example_dags/example_complex.py for tasks to queue
[2025-03-12T13:50:07.011+0000] {logging_mixin.py:190} INFO - [2025-03-12T13:50:07.011+0000] {dagbag.py:588} INFO - Filling up the DagBag from /home/airflow/.local/lib/python3.12/site-packages/airflow/example_dags/example_complex.py
[2025-03-12T13:50:07.023+0000] {processor.py:925} INFO - DAG(s) 'example_complex' retrieved from /home/airflow/.local/lib/python3.12/site-packages/airflow/example_dags/example_complex.py
[2025-03-12T13:50:07.057+0000] {logging_mixin.py:190} INFO - [2025-03-12T13:50:07.057+0000] {dag.py:3239} INFO - Sync 1 DAGs
[2025-03-12T13:50:07.072+0000] {logging_mixin.py:190} INFO - [2025-03-12T13:50:07.072+0000] {dag.py:4180} INFO - Setting next_dagrun for example_complex to None, run_after=None
[2025-03-12T13:50:07.091+0000] {processor.py:208} INFO - Processing /home/airflow/.local/lib/python3.12/site-packages/airflow/example_dags/example_complex.py took 0.089 seconds
[2025-03-12T13:50:41.095+0000] {processor.py:186} INFO - Started process (PID=2402) to work on /home/airflow/.local/lib/python3.12/site-packages/airflow/example_dags/example_complex.py
[2025-03-12T13:50:41.096+0000] {processor.py:914} INFO - Processing file /home/airflow/.local/lib/python3.12/site-packages/airflow/example_dags/example_complex.py for tasks to queue
[2025-03-12T13:50:41.099+0000] {logging_mixin.py:190} INFO - [2025-03-12T13:50:41.098+0000] {dagbag.py:588} INFO - Filling up the DagBag from /home/airflow/.local/lib/python3.12/site-packages/airflow/example_dags/example_complex.py
[2025-03-12T13:50:41.114+0000] {processor.py:925} INFO - DAG(s) 'example_complex' retrieved from /home/airflow/.local/lib/python3.12/site-packages/airflow/example_dags/example_complex.py
[2025-03-12T13:50:41.147+0000] {logging_mixin.py:190} INFO - [2025-03-12T13:50:41.147+0000] {dag.py:3239} INFO - Sync 1 DAGs
[2025-03-12T13:50:41.159+0000] {logging_mixin.py:190} INFO - [2025-03-12T13:50:41.159+0000] {dag.py:4180} INFO - Setting next_dagrun for example_complex to None, run_after=None
[2025-03-12T13:50:41.174+0000] {processor.py:208} INFO - Processing /home/airflow/.local/lib/python3.12/site-packages/airflow/example_dags/example_complex.py took 0.085 seconds
[2025-03-12T13:51:14.072+0000] {processor.py:186} INFO - Started process (PID=2708) to work on /home/airflow/.local/lib/python3.12/site-packages/airflow/example_dags/example_complex.py
[2025-03-12T13:51:14.072+0000] {processor.py:914} INFO - Processing file /home/airflow/.local/lib/python3.12/site-packages/airflow/example_dags/example_complex.py for tasks to queue
[2025-03-12T13:51:14.074+0000] {logging_mixin.py:190} INFO - [2025-03-12T13:51:14.074+0000] {dagbag.py:588} INFO - Filling up the DagBag from /home/airflow/.local/lib/python3.12/site-packages/airflow/example_dags/example_complex.py
[2025-03-12T13:51:14.084+0000] {processor.py:925} INFO - DAG(s) 'example_complex' retrieved from /home/airflow/.local/lib/python3.12/site-packages/airflow/example_dags/example_complex.py
[2025-03-12T13:51:14.108+0000] {logging_mixin.py:190} INFO - [2025-03-12T13:51:14.108+0000] {dag.py:3239} INFO - Sync 1 DAGs
[2025-03-12T13:51:14.119+0000] {logging_mixin.py:190} INFO - [2025-03-12T13:51:14.119+0000] {dag.py:4180} INFO - Setting next_dagrun for example_complex to None, run_after=None
[2025-03-12T13:51:14.136+0000] {processor.py:208} INFO - Processing /home/airflow/.local/lib/python3.12/site-packages/airflow/example_dags/example_complex.py took 0.069 seconds
[2025-03-12T13:51:46.915+0000] {processor.py:186} INFO - Started process (PID=3014) to work on /home/airflow/.local/lib/python3.12/site-packages/airflow/example_dags/example_complex.py
[2025-03-12T13:51:46.916+0000] {processor.py:914} INFO - Processing file /home/airflow/.local/lib/python3.12/site-packages/airflow/example_dags/example_complex.py for tasks to queue
[2025-03-12T13:51:46.919+0000] {logging_mixin.py:190} INFO - [2025-03-12T13:51:46.919+0000] {dagbag.py:588} INFO - Filling up the DagBag from /home/airflow/.local/lib/python3.12/site-packages/airflow/example_dags/example_complex.py
[2025-03-12T13:51:46.933+0000] {processor.py:925} INFO - DAG(s) 'example_complex' retrieved from /home/airflow/.local/lib/python3.12/site-packages/airflow/example_dags/example_complex.py
[2025-03-12T13:51:46.977+0000] {logging_mixin.py:190} INFO - [2025-03-12T13:51:46.977+0000] {dag.py:3239} INFO - Sync 1 DAGs
[2025-03-12T13:51:46.994+0000] {logging_mixin.py:190} INFO - [2025-03-12T13:51:46.994+0000] {dag.py:4180} INFO - Setting next_dagrun for example_complex to None, run_after=None
[2025-03-12T13:51:47.018+0000] {processor.py:208} INFO - Processing /home/airflow/.local/lib/python3.12/site-packages/airflow/example_dags/example_complex.py took 0.109 seconds
[2025-03-12T13:52:20.692+0000] {processor.py:186} INFO - Started process (PID=3320) to work on /home/airflow/.local/lib/python3.12/site-packages/airflow/example_dags/example_complex.py
[2025-03-12T13:52:20.693+0000] {processor.py:914} INFO - Processing file /home/airflow/.local/lib/python3.12/site-packages/airflow/example_dags/example_complex.py for tasks to queue
[2025-03-12T13:52:20.694+0000] {logging_mixin.py:190} INFO - [2025-03-12T13:52:20.694+0000] {dagbag.py:588} INFO - Filling up the DagBag from /home/airflow/.local/lib/python3.12/site-packages/airflow/example_dags/example_complex.py
[2025-03-12T13:52:20.703+0000] {processor.py:925} INFO - DAG(s) 'example_complex' retrieved from /home/airflow/.local/lib/python3.12/site-packages/airflow/example_dags/example_complex.py
[2025-03-12T13:52:20.726+0000] {logging_mixin.py:190} INFO - [2025-03-12T13:52:20.726+0000] {dag.py:3239} INFO - Sync 1 DAGs
[2025-03-12T13:52:20.736+0000] {logging_mixin.py:190} INFO - [2025-03-12T13:52:20.736+0000] {dag.py:4180} INFO - Setting next_dagrun for example_complex to None, run_after=None
[2025-03-12T13:52:20.749+0000] {processor.py:208} INFO - Processing /home/airflow/.local/lib/python3.12/site-packages/airflow/example_dags/example_complex.py took 0.061 seconds
[2025-03-12T13:52:54.789+0000] {processor.py:186} INFO - Started process (PID=3626) to work on /home/airflow/.local/lib/python3.12/site-packages/airflow/example_dags/example_complex.py
[2025-03-12T13:52:54.791+0000] {processor.py:914} INFO - Processing file /home/airflow/.local/lib/python3.12/site-packages/airflow/example_dags/example_complex.py for tasks to queue
[2025-03-12T13:52:54.794+0000] {logging_mixin.py:190} INFO - [2025-03-12T13:52:54.793+0000] {dagbag.py:588} INFO - Filling up the DagBag from /home/airflow/.local/lib/python3.12/site-packages/airflow/example_dags/example_complex.py
[2025-03-12T13:52:54.813+0000] {processor.py:925} INFO - DAG(s) 'example_complex' retrieved from /home/airflow/.local/lib/python3.12/site-packages/airflow/example_dags/example_complex.py
[2025-03-12T13:52:54.863+0000] {logging_mixin.py:190} INFO - [2025-03-12T13:52:54.862+0000] {dag.py:3239} INFO - Sync 1 DAGs
[2025-03-12T13:52:54.884+0000] {logging_mixin.py:190} INFO - [2025-03-12T13:52:54.884+0000] {dag.py:4180} INFO - Setting next_dagrun for example_complex to None, run_after=None
[2025-03-12T13:52:54.912+0000] {processor.py:208} INFO - Processing /home/airflow/.local/lib/python3.12/site-packages/airflow/example_dags/example_complex.py took 0.132 seconds
[2025-03-12T13:53:27.096+0000] {processor.py:186} INFO - Started process (PID=3932) to work on /home/airflow/.local/lib/python3.12/site-packages/airflow/example_dags/example_complex.py
[2025-03-12T13:53:27.098+0000] {processor.py:914} INFO - Processing file /home/airflow/.local/lib/python3.12/site-packages/airflow/example_dags/example_complex.py for tasks to queue
[2025-03-12T13:53:27.103+0000] {logging_mixin.py:190} INFO - [2025-03-12T13:53:27.102+0000] {dagbag.py:588} INFO - Filling up the DagBag from /home/airflow/.local/lib/python3.12/site-packages/airflow/example_dags/example_complex.py
[2025-03-12T13:53:27.116+0000] {processor.py:925} INFO - DAG(s) 'example_complex' retrieved from /home/airflow/.local/lib/python3.12/site-packages/airflow/example_dags/example_complex.py
[2025-03-12T13:53:27.157+0000] {logging_mixin.py:190} INFO - [2025-03-12T13:53:27.157+0000] {dag.py:3239} INFO - Sync 1 DAGs
[2025-03-12T13:53:27.175+0000] {logging_mixin.py:190} INFO - [2025-03-12T13:53:27.174+0000] {dag.py:4180} INFO - Setting next_dagrun for example_complex to None, run_after=None
[2025-03-12T13:53:27.220+0000] {processor.py:208} INFO - Processing /home/airflow/.local/lib/python3.12/site-packages/airflow/example_dags/example_complex.py took 0.131 seconds
[2025-03-12T13:54:00.550+0000] {processor.py:186} INFO - Started process (PID=4238) to work on /home/airflow/.local/lib/python3.12/site-packages/airflow/example_dags/example_complex.py
[2025-03-12T13:54:00.550+0000] {processor.py:914} INFO - Processing file /home/airflow/.local/lib/python3.12/site-packages/airflow/example_dags/example_complex.py for tasks to queue
[2025-03-12T13:54:00.553+0000] {logging_mixin.py:190} INFO - [2025-03-12T13:54:00.552+0000] {dagbag.py:588} INFO - Filling up the DagBag from /home/airflow/.local/lib/python3.12/site-packages/airflow/example_dags/example_complex.py
[2025-03-12T13:54:00.564+0000] {processor.py:925} INFO - DAG(s) 'example_complex' retrieved from /home/airflow/.local/lib/python3.12/site-packages/airflow/example_dags/example_complex.py
[2025-03-12T13:54:00.595+0000] {logging_mixin.py:190} INFO - [2025-03-12T13:54:00.595+0000] {dag.py:3239} INFO - Sync 1 DAGs
[2025-03-12T13:54:00.609+0000] {logging_mixin.py:190} INFO - [2025-03-12T13:54:00.609+0000] {dag.py:4180} INFO - Setting next_dagrun for example_complex to None, run_after=None
[2025-03-12T13:54:00.627+0000] {processor.py:208} INFO - Processing /home/airflow/.local/lib/python3.12/site-packages/airflow/example_dags/example_complex.py took 0.083 seconds
[2025-03-12T13:54:34.001+0000] {processor.py:186} INFO - Started process (PID=4544) to work on /home/airflow/.local/lib/python3.12/site-packages/airflow/example_dags/example_complex.py
[2025-03-12T13:54:34.002+0000] {processor.py:914} INFO - Processing file /home/airflow/.local/lib/python3.12/site-packages/airflow/example_dags/example_complex.py for tasks to queue
[2025-03-12T13:54:34.005+0000] {logging_mixin.py:190} INFO - [2025-03-12T13:54:34.005+0000] {dagbag.py:588} INFO - Filling up the DagBag from /home/airflow/.local/lib/python3.12/site-packages/airflow/example_dags/example_complex.py
[2025-03-12T13:54:34.025+0000] {processor.py:925} INFO - DAG(s) 'example_complex' retrieved from /home/airflow/.local/lib/python3.12/site-packages/airflow/example_dags/example_complex.py
[2025-03-12T13:54:34.083+0000] {logging_mixin.py:190} INFO - [2025-03-12T13:54:34.082+0000] {dag.py:3239} INFO - Sync 1 DAGs
[2025-03-12T13:54:34.125+0000] {logging_mixin.py:190} INFO - [2025-03-12T13:54:34.124+0000] {dag.py:4180} INFO - Setting next_dagrun for example_complex to None, run_after=None
[2025-03-12T13:54:34.193+0000] {processor.py:208} INFO - Processing /home/airflow/.local/lib/python3.12/site-packages/airflow/example_dags/example_complex.py took 0.201 seconds
[2025-03-12T13:55:07.964+0000] {processor.py:186} INFO - Started process (PID=4850) to work on /home/airflow/.local/lib/python3.12/site-packages/airflow/example_dags/example_complex.py
[2025-03-12T13:55:07.965+0000] {processor.py:914} INFO - Processing file /home/airflow/.local/lib/python3.12/site-packages/airflow/example_dags/example_complex.py for tasks to queue
[2025-03-12T13:55:07.967+0000] {logging_mixin.py:190} INFO - [2025-03-12T13:55:07.967+0000] {dagbag.py:588} INFO - Filling up the DagBag from /home/airflow/.local/lib/python3.12/site-packages/airflow/example_dags/example_complex.py
[2025-03-12T13:55:07.976+0000] {processor.py:925} INFO - DAG(s) 'example_complex' retrieved from /home/airflow/.local/lib/python3.12/site-packages/airflow/example_dags/example_complex.py
[2025-03-12T13:55:08.002+0000] {logging_mixin.py:190} INFO - [2025-03-12T13:55:08.001+0000] {dag.py:3239} INFO - Sync 1 DAGs
[2025-03-12T13:55:08.013+0000] {logging_mixin.py:190} INFO - [2025-03-12T13:55:08.013+0000] {dag.py:4180} INFO - Setting next_dagrun for example_complex to None, run_after=None
[2025-03-12T13:55:08.029+0000] {processor.py:208} INFO - Processing /home/airflow/.local/lib/python3.12/site-packages/airflow/example_dags/example_complex.py took 0.069 seconds
[2025-03-12T13:55:40.358+0000] {processor.py:186} INFO - Started process (PID=5156) to work on /home/airflow/.local/lib/python3.12/site-packages/airflow/example_dags/example_complex.py
[2025-03-12T13:55:40.359+0000] {processor.py:914} INFO - Processing file /home/airflow/.local/lib/python3.12/site-packages/airflow/example_dags/example_complex.py for tasks to queue
[2025-03-12T13:55:40.361+0000] {logging_mixin.py:190} INFO - [2025-03-12T13:55:40.361+0000] {dagbag.py:588} INFO - Filling up the DagBag from /home/airflow/.local/lib/python3.12/site-packages/airflow/example_dags/example_complex.py
[2025-03-12T13:55:40.371+0000] {processor.py:925} INFO - DAG(s) 'example_complex' retrieved from /home/airflow/.local/lib/python3.12/site-packages/airflow/example_dags/example_complex.py
[2025-03-12T13:55:40.395+0000] {logging_mixin.py:190} INFO - [2025-03-12T13:55:40.395+0000] {dag.py:3239} INFO - Sync 1 DAGs
[2025-03-12T13:55:40.406+0000] {logging_mixin.py:190} INFO - [2025-03-12T13:55:40.406+0000] {dag.py:4180} INFO - Setting next_dagrun for example_complex to None, run_after=None
[2025-03-12T13:55:40.419+0000] {processor.py:208} INFO - Processing /home/airflow/.local/lib/python3.12/site-packages/airflow/example_dags/example_complex.py took 0.069 seconds
[2025-03-12T13:56:14.235+0000] {processor.py:186} INFO - Started process (PID=5462) to work on /home/airflow/.local/lib/python3.12/site-packages/airflow/example_dags/example_complex.py
[2025-03-12T13:56:14.236+0000] {processor.py:914} INFO - Processing file /home/airflow/.local/lib/python3.12/site-packages/airflow/example_dags/example_complex.py for tasks to queue
[2025-03-12T13:56:14.238+0000] {logging_mixin.py:190} INFO - [2025-03-12T13:56:14.238+0000] {dagbag.py:588} INFO - Filling up the DagBag from /home/airflow/.local/lib/python3.12/site-packages/airflow/example_dags/example_complex.py
[2025-03-12T13:56:14.249+0000] {processor.py:925} INFO - DAG(s) 'example_complex' retrieved from /home/airflow/.local/lib/python3.12/site-packages/airflow/example_dags/example_complex.py
[2025-03-12T13:56:14.278+0000] {logging_mixin.py:190} INFO - [2025-03-12T13:56:14.278+0000] {dag.py:3239} INFO - Sync 1 DAGs
[2025-03-12T13:56:14.290+0000] {logging_mixin.py:190} INFO - [2025-03-12T13:56:14.289+0000] {dag.py:4180} INFO - Setting next_dagrun for example_complex to None, run_after=None
[2025-03-12T13:56:14.304+0000] {processor.py:208} INFO - Processing /home/airflow/.local/lib/python3.12/site-packages/airflow/example_dags/example_complex.py took 0.073 seconds
[2025-03-12T13:56:47.320+0000] {processor.py:186} INFO - Started process (PID=5768) to work on /home/airflow/.local/lib/python3.12/site-packages/airflow/example_dags/example_complex.py
[2025-03-12T13:56:47.321+0000] {processor.py:914} INFO - Processing file /home/airflow/.local/lib/python3.12/site-packages/airflow/example_dags/example_complex.py for tasks to queue
[2025-03-12T13:56:47.323+0000] {logging_mixin.py:190} INFO - [2025-03-12T13:56:47.323+0000] {dagbag.py:588} INFO - Filling up the DagBag from /home/airflow/.local/lib/python3.12/site-packages/airflow/example_dags/example_complex.py
[2025-03-12T13:56:47.334+0000] {processor.py:925} INFO - DAG(s) 'example_complex' retrieved from /home/airflow/.local/lib/python3.12/site-packages/airflow/example_dags/example_complex.py
[2025-03-12T13:56:47.360+0000] {logging_mixin.py:190} INFO - [2025-03-12T13:56:47.360+0000] {dag.py:3239} INFO - Sync 1 DAGs
[2025-03-12T13:56:47.375+0000] {logging_mixin.py:190} INFO - [2025-03-12T13:56:47.375+0000] {dag.py:4180} INFO - Setting next_dagrun for example_complex to None, run_after=None
[2025-03-12T13:56:47.394+0000] {processor.py:208} INFO - Processing /home/airflow/.local/lib/python3.12/site-packages/airflow/example_dags/example_complex.py took 0.079 seconds
[2025-03-12T13:57:20.807+0000] {processor.py:186} INFO - Started process (PID=6074) to work on /home/airflow/.local/lib/python3.12/site-packages/airflow/example_dags/example_complex.py
[2025-03-12T13:57:20.807+0000] {processor.py:914} INFO - Processing file /home/airflow/.local/lib/python3.12/site-packages/airflow/example_dags/example_complex.py for tasks to queue
[2025-03-12T13:57:20.809+0000] {logging_mixin.py:190} INFO - [2025-03-12T13:57:20.809+0000] {dagbag.py:588} INFO - Filling up the DagBag from /home/airflow/.local/lib/python3.12/site-packages/airflow/example_dags/example_complex.py
[2025-03-12T13:57:20.817+0000] {processor.py:925} INFO - DAG(s) 'example_complex' retrieved from /home/airflow/.local/lib/python3.12/site-packages/airflow/example_dags/example_complex.py
[2025-03-12T13:57:20.840+0000] {logging_mixin.py:190} INFO - [2025-03-12T13:57:20.840+0000] {dag.py:3239} INFO - Sync 1 DAGs
[2025-03-12T13:57:20.850+0000] {logging_mixin.py:190} INFO - [2025-03-12T13:57:20.850+0000] {dag.py:4180} INFO - Setting next_dagrun for example_complex to None, run_after=None
[2025-03-12T13:57:20.865+0000] {processor.py:208} INFO - Processing /home/airflow/.local/lib/python3.12/site-packages/airflow/example_dags/example_complex.py took 0.062 seconds
[2025-03-12T13:57:54.809+0000] {processor.py:186} INFO - Started process (PID=6382) to work on /home/airflow/.local/lib/python3.12/site-packages/airflow/example_dags/example_complex.py
[2025-03-12T13:57:54.810+0000] {processor.py:914} INFO - Processing file /home/airflow/.local/lib/python3.12/site-packages/airflow/example_dags/example_complex.py for tasks to queue
[2025-03-12T13:57:54.812+0000] {logging_mixin.py:190} INFO - [2025-03-12T13:57:54.811+0000] {dagbag.py:588} INFO - Filling up the DagBag from /home/airflow/.local/lib/python3.12/site-packages/airflow/example_dags/example_complex.py
[2025-03-12T13:57:54.821+0000] {processor.py:925} INFO - DAG(s) 'example_complex' retrieved from /home/airflow/.local/lib/python3.12/site-packages/airflow/example_dags/example_complex.py
[2025-03-12T13:57:54.845+0000] {logging_mixin.py:190} INFO - [2025-03-12T13:57:54.845+0000] {dag.py:3239} INFO - Sync 1 DAGs
[2025-03-12T13:57:54.856+0000] {logging_mixin.py:190} INFO - [2025-03-12T13:57:54.856+0000] {dag.py:4180} INFO - Setting next_dagrun for example_complex to None, run_after=None
[2025-03-12T13:57:54.873+0000] {processor.py:208} INFO - Processing /home/airflow/.local/lib/python3.12/site-packages/airflow/example_dags/example_complex.py took 0.068 seconds
[2025-03-12T13:58:27.507+0000] {processor.py:186} INFO - Started process (PID=6686) to work on /home/airflow/.local/lib/python3.12/site-packages/airflow/example_dags/example_complex.py
[2025-03-12T13:58:27.508+0000] {processor.py:914} INFO - Processing file /home/airflow/.local/lib/python3.12/site-packages/airflow/example_dags/example_complex.py for tasks to queue
[2025-03-12T13:58:27.510+0000] {logging_mixin.py:190} INFO - [2025-03-12T13:58:27.510+0000] {dagbag.py:588} INFO - Filling up the DagBag from /home/airflow/.local/lib/python3.12/site-packages/airflow/example_dags/example_complex.py
[2025-03-12T13:58:27.521+0000] {processor.py:925} INFO - DAG(s) 'example_complex' retrieved from /home/airflow/.local/lib/python3.12/site-packages/airflow/example_dags/example_complex.py
[2025-03-12T13:58:27.557+0000] {logging_mixin.py:190} INFO - [2025-03-12T13:58:27.557+0000] {dag.py:3239} INFO - Sync 1 DAGs
[2025-03-12T13:58:27.572+0000] {logging_mixin.py:190} INFO - [2025-03-12T13:58:27.572+0000] {dag.py:4180} INFO - Setting next_dagrun for example_complex to None, run_after=None
[2025-03-12T13:58:27.589+0000] {processor.py:208} INFO - Processing /home/airflow/.local/lib/python3.12/site-packages/airflow/example_dags/example_complex.py took 0.086 seconds
[2025-03-12T13:59:00.940+0000] {processor.py:186} INFO - Started process (PID=6992) to work on /home/airflow/.local/lib/python3.12/site-packages/airflow/example_dags/example_complex.py
[2025-03-12T13:59:00.941+0000] {processor.py:914} INFO - Processing file /home/airflow/.local/lib/python3.12/site-packages/airflow/example_dags/example_complex.py for tasks to queue
[2025-03-12T13:59:00.951+0000] {logging_mixin.py:190} INFO - [2025-03-12T13:59:00.950+0000] {dagbag.py:588} INFO - Filling up the DagBag from /home/airflow/.local/lib/python3.12/site-packages/airflow/example_dags/example_complex.py
[2025-03-12T13:59:00.978+0000] {processor.py:925} INFO - DAG(s) 'example_complex' retrieved from /home/airflow/.local/lib/python3.12/site-packages/airflow/example_dags/example_complex.py
[2025-03-12T13:59:01.033+0000] {logging_mixin.py:190} INFO - [2025-03-12T13:59:01.032+0000] {dag.py:3239} INFO - Sync 1 DAGs
[2025-03-12T13:59:01.049+0000] {logging_mixin.py:190} INFO - [2025-03-12T13:59:01.049+0000] {dag.py:4180} INFO - Setting next_dagrun for example_complex to None, run_after=None
[2025-03-12T13:59:01.064+0000] {processor.py:208} INFO - Processing /home/airflow/.local/lib/python3.12/site-packages/airflow/example_dags/example_complex.py took 0.129 seconds
[2025-03-12T13:59:33.845+0000] {processor.py:186} INFO - Started process (PID=7298) to work on /home/airflow/.local/lib/python3.12/site-packages/airflow/example_dags/example_complex.py
[2025-03-12T13:59:33.845+0000] {processor.py:914} INFO - Processing file /home/airflow/.local/lib/python3.12/site-packages/airflow/example_dags/example_complex.py for tasks to queue
[2025-03-12T13:59:33.847+0000] {logging_mixin.py:190} INFO - [2025-03-12T13:59:33.847+0000] {dagbag.py:588} INFO - Filling up the DagBag from /home/airflow/.local/lib/python3.12/site-packages/airflow/example_dags/example_complex.py
[2025-03-12T13:59:33.858+0000] {processor.py:925} INFO - DAG(s) 'example_complex' retrieved from /home/airflow/.local/lib/python3.12/site-packages/airflow/example_dags/example_complex.py
[2025-03-12T13:59:33.890+0000] {logging_mixin.py:190} INFO - [2025-03-12T13:59:33.889+0000] {dag.py:3239} INFO - Sync 1 DAGs
[2025-03-12T13:59:33.905+0000] {logging_mixin.py:190} INFO - [2025-03-12T13:59:33.905+0000] {dag.py:4180} INFO - Setting next_dagrun for example_complex to None, run_after=None
[2025-03-12T13:59:33.924+0000] {processor.py:208} INFO - Processing /home/airflow/.local/lib/python3.12/site-packages/airflow/example_dags/example_complex.py took 0.083 seconds
[2025-03-12T14:00:07.696+0000] {processor.py:186} INFO - Started process (PID=7604) to work on /home/airflow/.local/lib/python3.12/site-packages/airflow/example_dags/example_complex.py
[2025-03-12T14:00:07.697+0000] {processor.py:914} INFO - Processing file /home/airflow/.local/lib/python3.12/site-packages/airflow/example_dags/example_complex.py for tasks to queue
[2025-03-12T14:00:07.700+0000] {logging_mixin.py:190} INFO - [2025-03-12T14:00:07.699+0000] {dagbag.py:588} INFO - Filling up the DagBag from /home/airflow/.local/lib/python3.12/site-packages/airflow/example_dags/example_complex.py
[2025-03-12T14:00:07.712+0000] {processor.py:925} INFO - DAG(s) 'example_complex' retrieved from /home/airflow/.local/lib/python3.12/site-packages/airflow/example_dags/example_complex.py
[2025-03-12T14:00:07.741+0000] {logging_mixin.py:190} INFO - [2025-03-12T14:00:07.741+0000] {dag.py:3239} INFO - Sync 1 DAGs
[2025-03-12T14:00:07.756+0000] {logging_mixin.py:190} INFO - [2025-03-12T14:00:07.756+0000] {dag.py:4180} INFO - Setting next_dagrun for example_complex to None, run_after=None
[2025-03-12T14:00:07.776+0000] {processor.py:208} INFO - Processing /home/airflow/.local/lib/python3.12/site-packages/airflow/example_dags/example_complex.py took 0.086 seconds
[2025-03-12T14:00:40.475+0000] {processor.py:186} INFO - Started process (PID=7910) to work on /home/airflow/.local/lib/python3.12/site-packages/airflow/example_dags/example_complex.py
[2025-03-12T14:00:40.476+0000] {processor.py:914} INFO - Processing file /home/airflow/.local/lib/python3.12/site-packages/airflow/example_dags/example_complex.py for tasks to queue
[2025-03-12T14:00:40.477+0000] {logging_mixin.py:190} INFO - [2025-03-12T14:00:40.477+0000] {dagbag.py:588} INFO - Filling up the DagBag from /home/airflow/.local/lib/python3.12/site-packages/airflow/example_dags/example_complex.py
[2025-03-12T14:00:40.487+0000] {processor.py:925} INFO - DAG(s) 'example_complex' retrieved from /home/airflow/.local/lib/python3.12/site-packages/airflow/example_dags/example_complex.py
[2025-03-12T14:00:40.522+0000] {logging_mixin.py:190} INFO - [2025-03-12T14:00:40.521+0000] {dag.py:3239} INFO - Sync 1 DAGs
[2025-03-12T14:00:40.536+0000] {logging_mixin.py:190} INFO - [2025-03-12T14:00:40.536+0000] {dag.py:4180} INFO - Setting next_dagrun for example_complex to None, run_after=None
[2025-03-12T14:00:40.551+0000] {processor.py:208} INFO - Processing /home/airflow/.local/lib/python3.12/site-packages/airflow/example_dags/example_complex.py took 0.082 seconds
[2025-03-12T14:01:14.024+0000] {processor.py:186} INFO - Started process (PID=8216) to work on /home/airflow/.local/lib/python3.12/site-packages/airflow/example_dags/example_complex.py
[2025-03-12T14:01:14.025+0000] {processor.py:914} INFO - Processing file /home/airflow/.local/lib/python3.12/site-packages/airflow/example_dags/example_complex.py for tasks to queue
[2025-03-12T14:01:14.027+0000] {logging_mixin.py:190} INFO - [2025-03-12T14:01:14.027+0000] {dagbag.py:588} INFO - Filling up the DagBag from /home/airflow/.local/lib/python3.12/site-packages/airflow/example_dags/example_complex.py
[2025-03-12T14:01:14.036+0000] {processor.py:925} INFO - DAG(s) 'example_complex' retrieved from /home/airflow/.local/lib/python3.12/site-packages/airflow/example_dags/example_complex.py
[2025-03-12T14:01:14.062+0000] {logging_mixin.py:190} INFO - [2025-03-12T14:01:14.062+0000] {dag.py:3239} INFO - Sync 1 DAGs
[2025-03-12T14:01:14.073+0000] {logging_mixin.py:190} INFO - [2025-03-12T14:01:14.073+0000] {dag.py:4180} INFO - Setting next_dagrun for example_complex to None, run_after=None
[2025-03-12T14:01:14.090+0000] {processor.py:208} INFO - Processing /home/airflow/.local/lib/python3.12/site-packages/airflow/example_dags/example_complex.py took 0.070 seconds
[2025-03-12T14:01:47.007+0000] {processor.py:186} INFO - Started process (PID=8523) to work on /home/airflow/.local/lib/python3.12/site-packages/airflow/example_dags/example_complex.py
[2025-03-12T14:01:47.008+0000] {processor.py:914} INFO - Processing file /home/airflow/.local/lib/python3.12/site-packages/airflow/example_dags/example_complex.py for tasks to queue
[2025-03-12T14:01:47.009+0000] {logging_mixin.py:190} INFO - [2025-03-12T14:01:47.009+0000] {dagbag.py:588} INFO - Filling up the DagBag from /home/airflow/.local/lib/python3.12/site-packages/airflow/example_dags/example_complex.py
[2025-03-12T14:01:47.018+0000] {processor.py:925} INFO - DAG(s) 'example_complex' retrieved from /home/airflow/.local/lib/python3.12/site-packages/airflow/example_dags/example_complex.py
[2025-03-12T14:01:47.041+0000] {logging_mixin.py:190} INFO - [2025-03-12T14:01:47.041+0000] {dag.py:3239} INFO - Sync 1 DAGs
[2025-03-12T14:01:47.051+0000] {logging_mixin.py:190} INFO - [2025-03-12T14:01:47.051+0000] {dag.py:4180} INFO - Setting next_dagrun for example_complex to None, run_after=None
[2025-03-12T14:01:47.066+0000] {processor.py:208} INFO - Processing /home/airflow/.local/lib/python3.12/site-packages/airflow/example_dags/example_complex.py took 0.063 seconds
[2025-03-12T14:02:20.908+0000] {processor.py:186} INFO - Started process (PID=8829) to work on /home/airflow/.local/lib/python3.12/site-packages/airflow/example_dags/example_complex.py
[2025-03-12T14:02:20.909+0000] {processor.py:914} INFO - Processing file /home/airflow/.local/lib/python3.12/site-packages/airflow/example_dags/example_complex.py for tasks to queue
[2025-03-12T14:02:20.911+0000] {logging_mixin.py:190} INFO - [2025-03-12T14:02:20.911+0000] {dagbag.py:588} INFO - Filling up the DagBag from /home/airflow/.local/lib/python3.12/site-packages/airflow/example_dags/example_complex.py
[2025-03-12T14:02:20.924+0000] {processor.py:925} INFO - DAG(s) 'example_complex' retrieved from /home/airflow/.local/lib/python3.12/site-packages/airflow/example_dags/example_complex.py
[2025-03-12T14:02:20.949+0000] {logging_mixin.py:190} INFO - [2025-03-12T14:02:20.949+0000] {dag.py:3239} INFO - Sync 1 DAGs
[2025-03-12T14:02:20.961+0000] {logging_mixin.py:190} INFO - [2025-03-12T14:02:20.960+0000] {dag.py:4180} INFO - Setting next_dagrun for example_complex to None, run_after=None
[2025-03-12T14:02:20.975+0000] {processor.py:208} INFO - Processing /home/airflow/.local/lib/python3.12/site-packages/airflow/example_dags/example_complex.py took 0.073 seconds
[2025-03-12T14:02:54.417+0000] {processor.py:186} INFO - Started process (PID=9137) to work on /home/airflow/.local/lib/python3.12/site-packages/airflow/example_dags/example_complex.py
[2025-03-12T14:02:54.418+0000] {processor.py:914} INFO - Processing file /home/airflow/.local/lib/python3.12/site-packages/airflow/example_dags/example_complex.py for tasks to queue
[2025-03-12T14:02:54.419+0000] {logging_mixin.py:190} INFO - [2025-03-12T14:02:54.419+0000] {dagbag.py:588} INFO - Filling up the DagBag from /home/airflow/.local/lib/python3.12/site-packages/airflow/example_dags/example_complex.py
[2025-03-12T14:02:54.428+0000] {processor.py:925} INFO - DAG(s) 'example_complex' retrieved from /home/airflow/.local/lib/python3.12/site-packages/airflow/example_dags/example_complex.py
[2025-03-12T14:02:54.452+0000] {logging_mixin.py:190} INFO - [2025-03-12T14:02:54.452+0000] {dag.py:3239} INFO - Sync 1 DAGs
[2025-03-12T14:02:54.462+0000] {logging_mixin.py:190} INFO - [2025-03-12T14:02:54.462+0000] {dag.py:4180} INFO - Setting next_dagrun for example_complex to None, run_after=None
[2025-03-12T14:02:54.479+0000] {processor.py:208} INFO - Processing /home/airflow/.local/lib/python3.12/site-packages/airflow/example_dags/example_complex.py took 0.066 seconds
[2025-03-12T14:03:27.098+0000] {processor.py:186} INFO - Started process (PID=9441) to work on /home/airflow/.local/lib/python3.12/site-packages/airflow/example_dags/example_complex.py
[2025-03-12T14:03:27.099+0000] {processor.py:914} INFO - Processing file /home/airflow/.local/lib/python3.12/site-packages/airflow/example_dags/example_complex.py for tasks to queue
[2025-03-12T14:03:27.100+0000] {logging_mixin.py:190} INFO - [2025-03-12T14:03:27.100+0000] {dagbag.py:588} INFO - Filling up the DagBag from /home/airflow/.local/lib/python3.12/site-packages/airflow/example_dags/example_complex.py
[2025-03-12T14:03:27.110+0000] {processor.py:925} INFO - DAG(s) 'example_complex' retrieved from /home/airflow/.local/lib/python3.12/site-packages/airflow/example_dags/example_complex.py
[2025-03-12T14:03:27.135+0000] {logging_mixin.py:190} INFO - [2025-03-12T14:03:27.134+0000] {dag.py:3239} INFO - Sync 1 DAGs
[2025-03-12T14:03:27.146+0000] {logging_mixin.py:190} INFO - [2025-03-12T14:03:27.146+0000] {dag.py:4180} INFO - Setting next_dagrun for example_complex to None, run_after=None
[2025-03-12T14:03:27.166+0000] {processor.py:208} INFO - Processing /home/airflow/.local/lib/python3.12/site-packages/airflow/example_dags/example_complex.py took 0.073 seconds
[2025-03-12T14:04:01.266+0000] {processor.py:186} INFO - Started process (PID=9747) to work on /home/airflow/.local/lib/python3.12/site-packages/airflow/example_dags/example_complex.py
[2025-03-12T14:04:01.268+0000] {processor.py:914} INFO - Processing file /home/airflow/.local/lib/python3.12/site-packages/airflow/example_dags/example_complex.py for tasks to queue
[2025-03-12T14:04:01.272+0000] {logging_mixin.py:190} INFO - [2025-03-12T14:04:01.271+0000] {dagbag.py:588} INFO - Filling up the DagBag from /home/airflow/.local/lib/python3.12/site-packages/airflow/example_dags/example_complex.py
[2025-03-12T14:04:01.288+0000] {processor.py:925} INFO - DAG(s) 'example_complex' retrieved from /home/airflow/.local/lib/python3.12/site-packages/airflow/example_dags/example_complex.py
[2025-03-12T14:04:01.327+0000] {logging_mixin.py:190} INFO - [2025-03-12T14:04:01.327+0000] {dag.py:3239} INFO - Sync 1 DAGs
[2025-03-12T14:04:01.349+0000] {logging_mixin.py:190} INFO - [2025-03-12T14:04:01.348+0000] {dag.py:4180} INFO - Setting next_dagrun for example_complex to None, run_after=None
[2025-03-12T14:04:01.379+0000] {processor.py:208} INFO - Processing /home/airflow/.local/lib/python3.12/site-packages/airflow/example_dags/example_complex.py took 0.120 seconds
[2025-03-12T14:04:33.412+0000] {processor.py:186} INFO - Started process (PID=10048) to work on /home/airflow/.local/lib/python3.12/site-packages/airflow/example_dags/example_complex.py
[2025-03-12T14:04:33.413+0000] {processor.py:914} INFO - Processing file /home/airflow/.local/lib/python3.12/site-packages/airflow/example_dags/example_complex.py for tasks to queue
[2025-03-12T14:04:33.415+0000] {logging_mixin.py:190} INFO - [2025-03-12T14:04:33.415+0000] {dagbag.py:588} INFO - Filling up the DagBag from /home/airflow/.local/lib/python3.12/site-packages/airflow/example_dags/example_complex.py
[2025-03-12T14:04:33.425+0000] {processor.py:925} INFO - DAG(s) 'example_complex' retrieved from /home/airflow/.local/lib/python3.12/site-packages/airflow/example_dags/example_complex.py
[2025-03-12T14:04:33.450+0000] {logging_mixin.py:190} INFO - [2025-03-12T14:04:33.450+0000] {dag.py:3239} INFO - Sync 1 DAGs
[2025-03-12T14:04:33.464+0000] {logging_mixin.py:190} INFO - [2025-03-12T14:04:33.464+0000] {dag.py:4180} INFO - Setting next_dagrun for example_complex to None, run_after=None
[2025-03-12T14:04:33.481+0000] {processor.py:208} INFO - Processing /home/airflow/.local/lib/python3.12/site-packages/airflow/example_dags/example_complex.py took 0.074 seconds
[2025-03-12T14:05:06.893+0000] {processor.py:186} INFO - Started process (PID=10359) to work on /home/airflow/.local/lib/python3.12/site-packages/airflow/example_dags/example_complex.py
[2025-03-12T14:05:06.893+0000] {processor.py:914} INFO - Processing file /home/airflow/.local/lib/python3.12/site-packages/airflow/example_dags/example_complex.py for tasks to queue
[2025-03-12T14:05:06.895+0000] {logging_mixin.py:190} INFO - [2025-03-12T14:05:06.895+0000] {dagbag.py:588} INFO - Filling up the DagBag from /home/airflow/.local/lib/python3.12/site-packages/airflow/example_dags/example_complex.py
[2025-03-12T14:05:06.903+0000] {processor.py:925} INFO - DAG(s) 'example_complex' retrieved from /home/airflow/.local/lib/python3.12/site-packages/airflow/example_dags/example_complex.py
[2025-03-12T14:05:06.928+0000] {logging_mixin.py:190} INFO - [2025-03-12T14:05:06.928+0000] {dag.py:3239} INFO - Sync 1 DAGs
[2025-03-12T14:05:06.940+0000] {logging_mixin.py:190} INFO - [2025-03-12T14:05:06.939+0000] {dag.py:4180} INFO - Setting next_dagrun for example_complex to None, run_after=None
[2025-03-12T14:05:06.956+0000] {processor.py:208} INFO - Processing /home/airflow/.local/lib/python3.12/site-packages/airflow/example_dags/example_complex.py took 0.068 seconds
[2025-03-12T14:05:40.988+0000] {processor.py:186} INFO - Started process (PID=10670) to work on /home/airflow/.local/lib/python3.12/site-packages/airflow/example_dags/example_complex.py
[2025-03-12T14:05:40.989+0000] {processor.py:914} INFO - Processing file /home/airflow/.local/lib/python3.12/site-packages/airflow/example_dags/example_complex.py for tasks to queue
[2025-03-12T14:05:40.991+0000] {logging_mixin.py:190} INFO - [2025-03-12T14:05:40.990+0000] {dagbag.py:588} INFO - Filling up the DagBag from /home/airflow/.local/lib/python3.12/site-packages/airflow/example_dags/example_complex.py
[2025-03-12T14:05:41.001+0000] {processor.py:925} INFO - DAG(s) 'example_complex' retrieved from /home/airflow/.local/lib/python3.12/site-packages/airflow/example_dags/example_complex.py
[2025-03-12T14:05:41.032+0000] {logging_mixin.py:190} INFO - [2025-03-12T14:05:41.031+0000] {dag.py:3239} INFO - Sync 1 DAGs
[2025-03-12T14:05:41.046+0000] {logging_mixin.py:190} INFO - [2025-03-12T14:05:41.046+0000] {dag.py:4180} INFO - Setting next_dagrun for example_complex to None, run_after=None
[2025-03-12T14:05:41.066+0000] {processor.py:208} INFO - Processing /home/airflow/.local/lib/python3.12/site-packages/airflow/example_dags/example_complex.py took 0.082 seconds
[2025-03-12T14:06:13.733+0000] {processor.py:186} INFO - Started process (PID=10976) to work on /home/airflow/.local/lib/python3.12/site-packages/airflow/example_dags/example_complex.py
[2025-03-12T14:06:13.734+0000] {processor.py:914} INFO - Processing file /home/airflow/.local/lib/python3.12/site-packages/airflow/example_dags/example_complex.py for tasks to queue
[2025-03-12T14:06:13.736+0000] {logging_mixin.py:190} INFO - [2025-03-12T14:06:13.735+0000] {dagbag.py:588} INFO - Filling up the DagBag from /home/airflow/.local/lib/python3.12/site-packages/airflow/example_dags/example_complex.py
[2025-03-12T14:06:13.745+0000] {processor.py:925} INFO - DAG(s) 'example_complex' retrieved from /home/airflow/.local/lib/python3.12/site-packages/airflow/example_dags/example_complex.py
[2025-03-12T14:06:13.769+0000] {logging_mixin.py:190} INFO - [2025-03-12T14:06:13.769+0000] {dag.py:3239} INFO - Sync 1 DAGs
[2025-03-12T14:06:13.782+0000] {logging_mixin.py:190} INFO - [2025-03-12T14:06:13.781+0000] {dag.py:4180} INFO - Setting next_dagrun for example_complex to None, run_after=None
[2025-03-12T14:06:13.797+0000] {processor.py:208} INFO - Processing /home/airflow/.local/lib/python3.12/site-packages/airflow/example_dags/example_complex.py took 0.069 seconds
[2025-03-12T14:06:47.443+0000] {processor.py:186} INFO - Started process (PID=11282) to work on /home/airflow/.local/lib/python3.12/site-packages/airflow/example_dags/example_complex.py
[2025-03-12T14:06:47.444+0000] {processor.py:914} INFO - Processing file /home/airflow/.local/lib/python3.12/site-packages/airflow/example_dags/example_complex.py for tasks to queue
[2025-03-12T14:06:47.446+0000] {logging_mixin.py:190} INFO - [2025-03-12T14:06:47.445+0000] {dagbag.py:588} INFO - Filling up the DagBag from /home/airflow/.local/lib/python3.12/site-packages/airflow/example_dags/example_complex.py
[2025-03-12T14:06:47.457+0000] {processor.py:925} INFO - DAG(s) 'example_complex' retrieved from /home/airflow/.local/lib/python3.12/site-packages/airflow/example_dags/example_complex.py
[2025-03-12T14:06:47.486+0000] {logging_mixin.py:190} INFO - [2025-03-12T14:06:47.486+0000] {dag.py:3239} INFO - Sync 1 DAGs
[2025-03-12T14:06:47.500+0000] {logging_mixin.py:190} INFO - [2025-03-12T14:06:47.499+0000] {dag.py:4180} INFO - Setting next_dagrun for example_complex to None, run_after=None
[2025-03-12T14:06:47.516+0000] {processor.py:208} INFO - Processing /home/airflow/.local/lib/python3.12/site-packages/airflow/example_dags/example_complex.py took 0.078 seconds
[2025-03-12T14:07:21.131+0000] {processor.py:186} INFO - Started process (PID=11588) to work on /home/airflow/.local/lib/python3.12/site-packages/airflow/example_dags/example_complex.py
[2025-03-12T14:07:21.132+0000] {processor.py:914} INFO - Processing file /home/airflow/.local/lib/python3.12/site-packages/airflow/example_dags/example_complex.py for tasks to queue
[2025-03-12T14:07:21.134+0000] {logging_mixin.py:190} INFO - [2025-03-12T14:07:21.134+0000] {dagbag.py:588} INFO - Filling up the DagBag from /home/airflow/.local/lib/python3.12/site-packages/airflow/example_dags/example_complex.py
[2025-03-12T14:07:21.143+0000] {processor.py:925} INFO - DAG(s) 'example_complex' retrieved from /home/airflow/.local/lib/python3.12/site-packages/airflow/example_dags/example_complex.py
[2025-03-12T14:07:21.168+0000] {logging_mixin.py:190} INFO - [2025-03-12T14:07:21.167+0000] {dag.py:3239} INFO - Sync 1 DAGs
[2025-03-12T14:07:21.179+0000] {logging_mixin.py:190} INFO - [2025-03-12T14:07:21.179+0000] {dag.py:4180} INFO - Setting next_dagrun for example_complex to None, run_after=None
[2025-03-12T14:07:21.198+0000] {processor.py:208} INFO - Processing /home/airflow/.local/lib/python3.12/site-packages/airflow/example_dags/example_complex.py took 0.071 seconds
[2025-03-12T14:07:53.995+0000] {processor.py:186} INFO - Started process (PID=11894) to work on /home/airflow/.local/lib/python3.12/site-packages/airflow/example_dags/example_complex.py
[2025-03-12T14:07:53.996+0000] {processor.py:914} INFO - Processing file /home/airflow/.local/lib/python3.12/site-packages/airflow/example_dags/example_complex.py for tasks to queue
[2025-03-12T14:07:53.998+0000] {logging_mixin.py:190} INFO - [2025-03-12T14:07:53.998+0000] {dagbag.py:588} INFO - Filling up the DagBag from /home/airflow/.local/lib/python3.12/site-packages/airflow/example_dags/example_complex.py
[2025-03-12T14:07:54.006+0000] {processor.py:925} INFO - DAG(s) 'example_complex' retrieved from /home/airflow/.local/lib/python3.12/site-packages/airflow/example_dags/example_complex.py
[2025-03-12T14:07:54.030+0000] {logging_mixin.py:190} INFO - [2025-03-12T14:07:54.030+0000] {dag.py:3239} INFO - Sync 1 DAGs
[2025-03-12T14:07:54.040+0000] {logging_mixin.py:190} INFO - [2025-03-12T14:07:54.040+0000] {dag.py:4180} INFO - Setting next_dagrun for example_complex to None, run_after=None
[2025-03-12T14:07:54.056+0000] {processor.py:208} INFO - Processing /home/airflow/.local/lib/python3.12/site-packages/airflow/example_dags/example_complex.py took 0.067 seconds
[2025-03-12T14:08:27.864+0000] {processor.py:186} INFO - Started process (PID=12200) to work on /home/airflow/.local/lib/python3.12/site-packages/airflow/example_dags/example_complex.py
[2025-03-12T14:08:27.865+0000] {processor.py:914} INFO - Processing file /home/airflow/.local/lib/python3.12/site-packages/airflow/example_dags/example_complex.py for tasks to queue
[2025-03-12T14:08:27.867+0000] {logging_mixin.py:190} INFO - [2025-03-12T14:08:27.867+0000] {dagbag.py:588} INFO - Filling up the DagBag from /home/airflow/.local/lib/python3.12/site-packages/airflow/example_dags/example_complex.py
[2025-03-12T14:08:27.879+0000] {processor.py:925} INFO - DAG(s) 'example_complex' retrieved from /home/airflow/.local/lib/python3.12/site-packages/airflow/example_dags/example_complex.py
[2025-03-12T14:08:27.903+0000] {logging_mixin.py:190} INFO - [2025-03-12T14:08:27.903+0000] {dag.py:3239} INFO - Sync 1 DAGs
[2025-03-12T14:08:27.917+0000] {logging_mixin.py:190} INFO - [2025-03-12T14:08:27.917+0000] {dag.py:4180} INFO - Setting next_dagrun for example_complex to None, run_after=None
[2025-03-12T14:08:27.934+0000] {processor.py:208} INFO - Processing /home/airflow/.local/lib/python3.12/site-packages/airflow/example_dags/example_complex.py took 0.075 seconds
[2025-03-12T14:09:00.915+0000] {processor.py:186} INFO - Started process (PID=12506) to work on /home/airflow/.local/lib/python3.12/site-packages/airflow/example_dags/example_complex.py
[2025-03-12T14:09:00.915+0000] {processor.py:914} INFO - Processing file /home/airflow/.local/lib/python3.12/site-packages/airflow/example_dags/example_complex.py for tasks to queue
[2025-03-12T14:09:00.917+0000] {logging_mixin.py:190} INFO - [2025-03-12T14:09:00.917+0000] {dagbag.py:588} INFO - Filling up the DagBag from /home/airflow/.local/lib/python3.12/site-packages/airflow/example_dags/example_complex.py
[2025-03-12T14:09:00.928+0000] {processor.py:925} INFO - DAG(s) 'example_complex' retrieved from /home/airflow/.local/lib/python3.12/site-packages/airflow/example_dags/example_complex.py
[2025-03-12T14:09:00.956+0000] {logging_mixin.py:190} INFO - [2025-03-12T14:09:00.956+0000] {dag.py:3239} INFO - Sync 1 DAGs
[2025-03-12T14:09:00.969+0000] {logging_mixin.py:190} INFO - [2025-03-12T14:09:00.969+0000] {dag.py:4180} INFO - Setting next_dagrun for example_complex to None, run_after=None
[2025-03-12T14:09:00.989+0000] {processor.py:208} INFO - Processing /home/airflow/.local/lib/python3.12/site-packages/airflow/example_dags/example_complex.py took 0.079 seconds
[2025-03-12T14:09:34.558+0000] {processor.py:186} INFO - Started process (PID=12812) to work on /home/airflow/.local/lib/python3.12/site-packages/airflow/example_dags/example_complex.py
[2025-03-12T14:09:34.558+0000] {processor.py:914} INFO - Processing file /home/airflow/.local/lib/python3.12/site-packages/airflow/example_dags/example_complex.py for tasks to queue
[2025-03-12T14:09:34.561+0000] {logging_mixin.py:190} INFO - [2025-03-12T14:09:34.560+0000] {dagbag.py:588} INFO - Filling up the DagBag from /home/airflow/.local/lib/python3.12/site-packages/airflow/example_dags/example_complex.py
[2025-03-12T14:09:34.575+0000] {processor.py:925} INFO - DAG(s) 'example_complex' retrieved from /home/airflow/.local/lib/python3.12/site-packages/airflow/example_dags/example_complex.py
[2025-03-12T14:09:34.598+0000] {logging_mixin.py:190} INFO - [2025-03-12T14:09:34.597+0000] {dag.py:3239} INFO - Sync 1 DAGs
[2025-03-12T14:09:34.609+0000] {logging_mixin.py:190} INFO - [2025-03-12T14:09:34.609+0000] {dag.py:4180} INFO - Setting next_dagrun for example_complex to None, run_after=None
[2025-03-12T14:09:34.626+0000] {processor.py:208} INFO - Processing /home/airflow/.local/lib/python3.12/site-packages/airflow/example_dags/example_complex.py took 0.073 seconds
[2025-03-12T14:10:07.298+0000] {processor.py:186} INFO - Started process (PID=13118) to work on /home/airflow/.local/lib/python3.12/site-packages/airflow/example_dags/example_complex.py
[2025-03-12T14:10:07.299+0000] {processor.py:914} INFO - Processing file /home/airflow/.local/lib/python3.12/site-packages/airflow/example_dags/example_complex.py for tasks to queue
[2025-03-12T14:10:07.301+0000] {logging_mixin.py:190} INFO - [2025-03-12T14:10:07.300+0000] {dagbag.py:588} INFO - Filling up the DagBag from /home/airflow/.local/lib/python3.12/site-packages/airflow/example_dags/example_complex.py
[2025-03-12T14:10:07.310+0000] {processor.py:925} INFO - DAG(s) 'example_complex' retrieved from /home/airflow/.local/lib/python3.12/site-packages/airflow/example_dags/example_complex.py
[2025-03-12T14:10:07.339+0000] {logging_mixin.py:190} INFO - [2025-03-12T14:10:07.339+0000] {dag.py:3239} INFO - Sync 1 DAGs
[2025-03-12T14:10:07.358+0000] {logging_mixin.py:190} INFO - [2025-03-12T14:10:07.357+0000] {dag.py:4180} INFO - Setting next_dagrun for example_complex to None, run_after=None
[2025-03-12T14:10:07.379+0000] {processor.py:208} INFO - Processing /home/airflow/.local/lib/python3.12/site-packages/airflow/example_dags/example_complex.py took 0.084 seconds
[2025-03-12T14:10:40.281+0000] {processor.py:186} INFO - Started process (PID=13424) to work on /home/airflow/.local/lib/python3.12/site-packages/airflow/example_dags/example_complex.py
[2025-03-12T14:10:40.282+0000] {processor.py:914} INFO - Processing file /home/airflow/.local/lib/python3.12/site-packages/airflow/example_dags/example_complex.py for tasks to queue
[2025-03-12T14:10:40.284+0000] {logging_mixin.py:190} INFO - [2025-03-12T14:10:40.283+0000] {dagbag.py:588} INFO - Filling up the DagBag from /home/airflow/.local/lib/python3.12/site-packages/airflow/example_dags/example_complex.py
[2025-03-12T14:10:40.293+0000] {processor.py:925} INFO - DAG(s) 'example_complex' retrieved from /home/airflow/.local/lib/python3.12/site-packages/airflow/example_dags/example_complex.py
[2025-03-12T14:10:40.317+0000] {logging_mixin.py:190} INFO - [2025-03-12T14:10:40.317+0000] {dag.py:3239} INFO - Sync 1 DAGs
[2025-03-12T14:10:40.328+0000] {logging_mixin.py:190} INFO - [2025-03-12T14:10:40.328+0000] {dag.py:4180} INFO - Setting next_dagrun for example_complex to None, run_after=None
[2025-03-12T14:10:40.343+0000] {processor.py:208} INFO - Processing /home/airflow/.local/lib/python3.12/site-packages/airflow/example_dags/example_complex.py took 0.066 seconds
[2025-03-12T14:11:14.179+0000] {processor.py:186} INFO - Started process (PID=13730) to work on /home/airflow/.local/lib/python3.12/site-packages/airflow/example_dags/example_complex.py
[2025-03-12T14:11:14.180+0000] {processor.py:914} INFO - Processing file /home/airflow/.local/lib/python3.12/site-packages/airflow/example_dags/example_complex.py for tasks to queue
[2025-03-12T14:11:14.182+0000] {logging_mixin.py:190} INFO - [2025-03-12T14:11:14.181+0000] {dagbag.py:588} INFO - Filling up the DagBag from /home/airflow/.local/lib/python3.12/site-packages/airflow/example_dags/example_complex.py
[2025-03-12T14:11:14.191+0000] {processor.py:925} INFO - DAG(s) 'example_complex' retrieved from /home/airflow/.local/lib/python3.12/site-packages/airflow/example_dags/example_complex.py
[2025-03-12T14:11:14.217+0000] {logging_mixin.py:190} INFO - [2025-03-12T14:11:14.217+0000] {dag.py:3239} INFO - Sync 1 DAGs
[2025-03-12T14:11:14.229+0000] {logging_mixin.py:190} INFO - [2025-03-12T14:11:14.229+0000] {dag.py:4180} INFO - Setting next_dagrun for example_complex to None, run_after=None
[2025-03-12T14:11:14.248+0000] {processor.py:208} INFO - Processing /home/airflow/.local/lib/python3.12/site-packages/airflow/example_dags/example_complex.py took 0.073 seconds
[2025-03-12T14:11:47.836+0000] {processor.py:186} INFO - Started process (PID=14039) to work on /home/airflow/.local/lib/python3.12/site-packages/airflow/example_dags/example_complex.py
[2025-03-12T14:11:47.837+0000] {processor.py:914} INFO - Processing file /home/airflow/.local/lib/python3.12/site-packages/airflow/example_dags/example_complex.py for tasks to queue
[2025-03-12T14:11:47.839+0000] {logging_mixin.py:190} INFO - [2025-03-12T14:11:47.839+0000] {dagbag.py:588} INFO - Filling up the DagBag from /home/airflow/.local/lib/python3.12/site-packages/airflow/example_dags/example_complex.py
[2025-03-12T14:11:47.850+0000] {processor.py:925} INFO - DAG(s) 'example_complex' retrieved from /home/airflow/.local/lib/python3.12/site-packages/airflow/example_dags/example_complex.py
[2025-03-12T14:11:47.877+0000] {logging_mixin.py:190} INFO - [2025-03-12T14:11:47.877+0000] {dag.py:3239} INFO - Sync 1 DAGs
[2025-03-12T14:11:47.892+0000] {logging_mixin.py:190} INFO - [2025-03-12T14:11:47.892+0000] {dag.py:4180} INFO - Setting next_dagrun for example_complex to None, run_after=None
[2025-03-12T14:11:47.912+0000] {processor.py:208} INFO - Processing /home/airflow/.local/lib/python3.12/site-packages/airflow/example_dags/example_complex.py took 0.081 seconds
[2025-03-12T14:12:21.585+0000] {processor.py:186} INFO - Started process (PID=14343) to work on /home/airflow/.local/lib/python3.12/site-packages/airflow/example_dags/example_complex.py
[2025-03-12T14:12:21.585+0000] {processor.py:914} INFO - Processing file /home/airflow/.local/lib/python3.12/site-packages/airflow/example_dags/example_complex.py for tasks to queue
[2025-03-12T14:12:21.587+0000] {logging_mixin.py:190} INFO - [2025-03-12T14:12:21.587+0000] {dagbag.py:588} INFO - Filling up the DagBag from /home/airflow/.local/lib/python3.12/site-packages/airflow/example_dags/example_complex.py
[2025-03-12T14:12:21.596+0000] {processor.py:925} INFO - DAG(s) 'example_complex' retrieved from /home/airflow/.local/lib/python3.12/site-packages/airflow/example_dags/example_complex.py
[2025-03-12T14:12:21.619+0000] {logging_mixin.py:190} INFO - [2025-03-12T14:12:21.619+0000] {dag.py:3239} INFO - Sync 1 DAGs
[2025-03-12T14:12:21.632+0000] {logging_mixin.py:190} INFO - [2025-03-12T14:12:21.632+0000] {dag.py:4180} INFO - Setting next_dagrun for example_complex to None, run_after=None
[2025-03-12T14:12:21.647+0000] {processor.py:208} INFO - Processing /home/airflow/.local/lib/python3.12/site-packages/airflow/example_dags/example_complex.py took 0.066 seconds
[2025-03-12T14:14:02.276+0000] {processor.py:186} INFO - Started process (PID=278) to work on /home/airflow/.local/lib/python3.12/site-packages/airflow/example_dags/example_complex.py
[2025-03-12T14:14:02.278+0000] {processor.py:914} INFO - Processing file /home/airflow/.local/lib/python3.12/site-packages/airflow/example_dags/example_complex.py for tasks to queue
[2025-03-12T14:14:02.280+0000] {logging_mixin.py:190} INFO - [2025-03-12T14:14:02.280+0000] {dagbag.py:588} INFO - Filling up the DagBag from /home/airflow/.local/lib/python3.12/site-packages/airflow/example_dags/example_complex.py
[2025-03-12T14:14:02.298+0000] {processor.py:925} INFO - DAG(s) 'example_complex' retrieved from /home/airflow/.local/lib/python3.12/site-packages/airflow/example_dags/example_complex.py
[2025-03-12T14:14:02.473+0000] {logging_mixin.py:190} INFO - [2025-03-12T14:14:02.472+0000] {override.py:1912} INFO - Created Permission View: can read on DAG:example_complex
[2025-03-12T14:14:02.485+0000] {logging_mixin.py:190} INFO - [2025-03-12T14:14:02.485+0000] {override.py:1912} INFO - Created Permission View: can edit on DAG:example_complex
[2025-03-12T14:14:02.493+0000] {logging_mixin.py:190} INFO - [2025-03-12T14:14:02.492+0000] {override.py:1912} INFO - Created Permission View: can delete on DAG:example_complex
[2025-03-12T14:14:02.533+0000] {logging_mixin.py:190} INFO - [2025-03-12T14:14:02.533+0000] {override.py:1912} INFO - Created Permission View: can create on DAG Run:example_complex
[2025-03-12T14:14:02.544+0000] {logging_mixin.py:190} INFO - [2025-03-12T14:14:02.544+0000] {override.py:1912} INFO - Created Permission View: can read on DAG Run:example_complex
[2025-03-12T14:14:02.557+0000] {logging_mixin.py:190} INFO - [2025-03-12T14:14:02.557+0000] {override.py:1912} INFO - Created Permission View: menu access on DAG Run:example_complex
[2025-03-12T14:14:02.566+0000] {logging_mixin.py:190} INFO - [2025-03-12T14:14:02.566+0000] {override.py:1912} INFO - Created Permission View: can delete on DAG Run:example_complex
[2025-03-12T14:14:02.567+0000] {logging_mixin.py:190} INFO - [2025-03-12T14:14:02.567+0000] {dag.py:3239} INFO - Sync 1 DAGs
[2025-03-12T14:14:02.581+0000] {logging_mixin.py:190} INFO - [2025-03-12T14:14:02.580+0000] {dag.py:3262} INFO - Creating ORM DAG for example_complex
[2025-03-12T14:14:02.582+0000] {logging_mixin.py:190} INFO - [2025-03-12T14:14:02.581+0000] {dag.py:4180} INFO - Setting next_dagrun for example_complex to None, run_after=None
[2025-03-12T14:14:02.600+0000] {processor.py:208} INFO - Processing /home/airflow/.local/lib/python3.12/site-packages/airflow/example_dags/example_complex.py took 0.330 seconds
[2025-03-12T14:14:33.630+0000] {processor.py:186} INFO - Started process (PID=575) to work on /home/airflow/.local/lib/python3.12/site-packages/airflow/example_dags/example_complex.py
[2025-03-12T14:14:33.631+0000] {processor.py:914} INFO - Processing file /home/airflow/.local/lib/python3.12/site-packages/airflow/example_dags/example_complex.py for tasks to queue
[2025-03-12T14:14:33.634+0000] {logging_mixin.py:190} INFO - [2025-03-12T14:14:33.633+0000] {dagbag.py:588} INFO - Filling up the DagBag from /home/airflow/.local/lib/python3.12/site-packages/airflow/example_dags/example_complex.py
[2025-03-12T14:14:33.643+0000] {processor.py:925} INFO - DAG(s) 'example_complex' retrieved from /home/airflow/.local/lib/python3.12/site-packages/airflow/example_dags/example_complex.py
[2025-03-12T14:14:33.668+0000] {logging_mixin.py:190} INFO - [2025-03-12T14:14:33.668+0000] {dag.py:3239} INFO - Sync 1 DAGs
[2025-03-12T14:14:33.679+0000] {logging_mixin.py:190} INFO - [2025-03-12T14:14:33.679+0000] {dag.py:4180} INFO - Setting next_dagrun for example_complex to None, run_after=None
[2025-03-12T14:14:33.695+0000] {processor.py:208} INFO - Processing /home/airflow/.local/lib/python3.12/site-packages/airflow/example_dags/example_complex.py took 0.069 seconds
[2025-03-12T14:15:07.534+0000] {processor.py:186} INFO - Started process (PID=884) to work on /home/airflow/.local/lib/python3.12/site-packages/airflow/example_dags/example_complex.py
[2025-03-12T14:15:07.535+0000] {processor.py:914} INFO - Processing file /home/airflow/.local/lib/python3.12/site-packages/airflow/example_dags/example_complex.py for tasks to queue
[2025-03-12T14:15:07.537+0000] {logging_mixin.py:190} INFO - [2025-03-12T14:15:07.537+0000] {dagbag.py:588} INFO - Filling up the DagBag from /home/airflow/.local/lib/python3.12/site-packages/airflow/example_dags/example_complex.py
[2025-03-12T14:15:07.546+0000] {processor.py:925} INFO - DAG(s) 'example_complex' retrieved from /home/airflow/.local/lib/python3.12/site-packages/airflow/example_dags/example_complex.py
[2025-03-12T14:15:07.572+0000] {logging_mixin.py:190} INFO - [2025-03-12T14:15:07.572+0000] {dag.py:3239} INFO - Sync 1 DAGs
[2025-03-12T14:15:07.586+0000] {logging_mixin.py:190} INFO - [2025-03-12T14:15:07.586+0000] {dag.py:4180} INFO - Setting next_dagrun for example_complex to None, run_after=None
[2025-03-12T14:15:07.603+0000] {processor.py:208} INFO - Processing /home/airflow/.local/lib/python3.12/site-packages/airflow/example_dags/example_complex.py took 0.075 seconds
[2025-03-12T14:15:41.297+0000] {processor.py:186} INFO - Started process (PID=1190) to work on /home/airflow/.local/lib/python3.12/site-packages/airflow/example_dags/example_complex.py
[2025-03-12T14:15:41.298+0000] {processor.py:914} INFO - Processing file /home/airflow/.local/lib/python3.12/site-packages/airflow/example_dags/example_complex.py for tasks to queue
[2025-03-12T14:15:41.300+0000] {logging_mixin.py:190} INFO - [2025-03-12T14:15:41.300+0000] {dagbag.py:588} INFO - Filling up the DagBag from /home/airflow/.local/lib/python3.12/site-packages/airflow/example_dags/example_complex.py
[2025-03-12T14:15:41.310+0000] {processor.py:925} INFO - DAG(s) 'example_complex' retrieved from /home/airflow/.local/lib/python3.12/site-packages/airflow/example_dags/example_complex.py
[2025-03-12T14:15:41.342+0000] {logging_mixin.py:190} INFO - [2025-03-12T14:15:41.342+0000] {dag.py:3239} INFO - Sync 1 DAGs
[2025-03-12T14:15:41.353+0000] {logging_mixin.py:190} INFO - [2025-03-12T14:15:41.353+0000] {dag.py:4180} INFO - Setting next_dagrun for example_complex to None, run_after=None
[2025-03-12T14:15:41.371+0000] {processor.py:208} INFO - Processing /home/airflow/.local/lib/python3.12/site-packages/airflow/example_dags/example_complex.py took 0.079 seconds
[2025-03-12T14:16:14.900+0000] {processor.py:186} INFO - Started process (PID=1498) to work on /home/airflow/.local/lib/python3.12/site-packages/airflow/example_dags/example_complex.py
[2025-03-12T14:16:14.901+0000] {processor.py:914} INFO - Processing file /home/airflow/.local/lib/python3.12/site-packages/airflow/example_dags/example_complex.py for tasks to queue
[2025-03-12T14:16:14.903+0000] {logging_mixin.py:190} INFO - [2025-03-12T14:16:14.903+0000] {dagbag.py:588} INFO - Filling up the DagBag from /home/airflow/.local/lib/python3.12/site-packages/airflow/example_dags/example_complex.py
[2025-03-12T14:16:14.911+0000] {processor.py:925} INFO - DAG(s) 'example_complex' retrieved from /home/airflow/.local/lib/python3.12/site-packages/airflow/example_dags/example_complex.py
[2025-03-12T14:16:14.936+0000] {logging_mixin.py:190} INFO - [2025-03-12T14:16:14.936+0000] {dag.py:3239} INFO - Sync 1 DAGs
[2025-03-12T14:16:14.946+0000] {logging_mixin.py:190} INFO - [2025-03-12T14:16:14.946+0000] {dag.py:4180} INFO - Setting next_dagrun for example_complex to None, run_after=None
[2025-03-12T14:16:14.962+0000] {processor.py:208} INFO - Processing /home/airflow/.local/lib/python3.12/site-packages/airflow/example_dags/example_complex.py took 0.066 seconds
[2025-03-12T14:16:47.986+0000] {processor.py:186} INFO - Started process (PID=1803) to work on /home/airflow/.local/lib/python3.12/site-packages/airflow/example_dags/example_complex.py
[2025-03-12T14:16:47.987+0000] {processor.py:914} INFO - Processing file /home/airflow/.local/lib/python3.12/site-packages/airflow/example_dags/example_complex.py for tasks to queue
[2025-03-12T14:16:47.989+0000] {logging_mixin.py:190} INFO - [2025-03-12T14:16:47.989+0000] {dagbag.py:588} INFO - Filling up the DagBag from /home/airflow/.local/lib/python3.12/site-packages/airflow/example_dags/example_complex.py
[2025-03-12T14:16:48.001+0000] {processor.py:925} INFO - DAG(s) 'example_complex' retrieved from /home/airflow/.local/lib/python3.12/site-packages/airflow/example_dags/example_complex.py
[2025-03-12T14:16:48.027+0000] {logging_mixin.py:190} INFO - [2025-03-12T14:16:48.027+0000] {dag.py:3239} INFO - Sync 1 DAGs
[2025-03-12T14:16:48.039+0000] {logging_mixin.py:190} INFO - [2025-03-12T14:16:48.038+0000] {dag.py:4180} INFO - Setting next_dagrun for example_complex to None, run_after=None
[2025-03-12T14:16:48.055+0000] {processor.py:208} INFO - Processing /home/airflow/.local/lib/python3.12/site-packages/airflow/example_dags/example_complex.py took 0.074 seconds
[2025-03-12T14:17:21.463+0000] {processor.py:186} INFO - Started process (PID=2111) to work on /home/airflow/.local/lib/python3.12/site-packages/airflow/example_dags/example_complex.py
[2025-03-12T14:17:21.464+0000] {processor.py:914} INFO - Processing file /home/airflow/.local/lib/python3.12/site-packages/airflow/example_dags/example_complex.py for tasks to queue
[2025-03-12T14:17:21.465+0000] {logging_mixin.py:190} INFO - [2025-03-12T14:17:21.465+0000] {dagbag.py:588} INFO - Filling up the DagBag from /home/airflow/.local/lib/python3.12/site-packages/airflow/example_dags/example_complex.py
[2025-03-12T14:17:21.474+0000] {processor.py:925} INFO - DAG(s) 'example_complex' retrieved from /home/airflow/.local/lib/python3.12/site-packages/airflow/example_dags/example_complex.py
[2025-03-12T14:17:21.500+0000] {logging_mixin.py:190} INFO - [2025-03-12T14:17:21.500+0000] {dag.py:3239} INFO - Sync 1 DAGs
[2025-03-12T14:17:21.510+0000] {logging_mixin.py:190} INFO - [2025-03-12T14:17:21.510+0000] {dag.py:4180} INFO - Setting next_dagrun for example_complex to None, run_after=None
[2025-03-12T14:17:21.526+0000] {processor.py:208} INFO - Processing /home/airflow/.local/lib/python3.12/site-packages/airflow/example_dags/example_complex.py took 0.068 seconds
[2025-03-12T14:17:54.444+0000] {processor.py:186} INFO - Started process (PID=2415) to work on /home/airflow/.local/lib/python3.12/site-packages/airflow/example_dags/example_complex.py
[2025-03-12T14:17:54.445+0000] {processor.py:914} INFO - Processing file /home/airflow/.local/lib/python3.12/site-packages/airflow/example_dags/example_complex.py for tasks to queue
[2025-03-12T14:17:54.447+0000] {logging_mixin.py:190} INFO - [2025-03-12T14:17:54.447+0000] {dagbag.py:588} INFO - Filling up the DagBag from /home/airflow/.local/lib/python3.12/site-packages/airflow/example_dags/example_complex.py
[2025-03-12T14:17:54.456+0000] {processor.py:925} INFO - DAG(s) 'example_complex' retrieved from /home/airflow/.local/lib/python3.12/site-packages/airflow/example_dags/example_complex.py
[2025-03-12T14:17:54.479+0000] {logging_mixin.py:190} INFO - [2025-03-12T14:17:54.479+0000] {dag.py:3239} INFO - Sync 1 DAGs
[2025-03-12T14:17:54.489+0000] {logging_mixin.py:190} INFO - [2025-03-12T14:17:54.489+0000] {dag.py:4180} INFO - Setting next_dagrun for example_complex to None, run_after=None
[2025-03-12T14:17:54.504+0000] {processor.py:208} INFO - Processing /home/airflow/.local/lib/python3.12/site-packages/airflow/example_dags/example_complex.py took 0.064 seconds
[2025-03-12T14:18:27.761+0000] {processor.py:186} INFO - Started process (PID=2721) to work on /home/airflow/.local/lib/python3.12/site-packages/airflow/example_dags/example_complex.py
[2025-03-12T14:18:27.763+0000] {processor.py:914} INFO - Processing file /home/airflow/.local/lib/python3.12/site-packages/airflow/example_dags/example_complex.py for tasks to queue
[2025-03-12T14:18:27.765+0000] {logging_mixin.py:190} INFO - [2025-03-12T14:18:27.765+0000] {dagbag.py:588} INFO - Filling up the DagBag from /home/airflow/.local/lib/python3.12/site-packages/airflow/example_dags/example_complex.py
[2025-03-12T14:18:27.774+0000] {processor.py:925} INFO - DAG(s) 'example_complex' retrieved from /home/airflow/.local/lib/python3.12/site-packages/airflow/example_dags/example_complex.py
[2025-03-12T14:18:27.798+0000] {logging_mixin.py:190} INFO - [2025-03-12T14:18:27.798+0000] {dag.py:3239} INFO - Sync 1 DAGs
[2025-03-12T14:18:27.809+0000] {logging_mixin.py:190} INFO - [2025-03-12T14:18:27.809+0000] {dag.py:4180} INFO - Setting next_dagrun for example_complex to None, run_after=None
[2025-03-12T14:18:27.825+0000] {processor.py:208} INFO - Processing /home/airflow/.local/lib/python3.12/site-packages/airflow/example_dags/example_complex.py took 0.067 seconds
[2025-03-12T14:19:00.496+0000] {processor.py:186} INFO - Started process (PID=3027) to work on /home/airflow/.local/lib/python3.12/site-packages/airflow/example_dags/example_complex.py
[2025-03-12T14:19:00.497+0000] {processor.py:914} INFO - Processing file /home/airflow/.local/lib/python3.12/site-packages/airflow/example_dags/example_complex.py for tasks to queue
[2025-03-12T14:19:00.498+0000] {logging_mixin.py:190} INFO - [2025-03-12T14:19:00.498+0000] {dagbag.py:588} INFO - Filling up the DagBag from /home/airflow/.local/lib/python3.12/site-packages/airflow/example_dags/example_complex.py
[2025-03-12T14:19:00.507+0000] {processor.py:925} INFO - DAG(s) 'example_complex' retrieved from /home/airflow/.local/lib/python3.12/site-packages/airflow/example_dags/example_complex.py
[2025-03-12T14:19:00.531+0000] {logging_mixin.py:190} INFO - [2025-03-12T14:19:00.531+0000] {dag.py:3239} INFO - Sync 1 DAGs
[2025-03-12T14:19:00.541+0000] {logging_mixin.py:190} INFO - [2025-03-12T14:19:00.541+0000] {dag.py:4180} INFO - Setting next_dagrun for example_complex to None, run_after=None
[2025-03-12T14:19:00.556+0000] {processor.py:208} INFO - Processing /home/airflow/.local/lib/python3.12/site-packages/airflow/example_dags/example_complex.py took 0.064 seconds
[2025-03-12T14:19:34.713+0000] {processor.py:186} INFO - Started process (PID=3333) to work on /home/airflow/.local/lib/python3.12/site-packages/airflow/example_dags/example_complex.py
[2025-03-12T14:19:34.714+0000] {processor.py:914} INFO - Processing file /home/airflow/.local/lib/python3.12/site-packages/airflow/example_dags/example_complex.py for tasks to queue
[2025-03-12T14:19:34.716+0000] {logging_mixin.py:190} INFO - [2025-03-12T14:19:34.715+0000] {dagbag.py:588} INFO - Filling up the DagBag from /home/airflow/.local/lib/python3.12/site-packages/airflow/example_dags/example_complex.py
[2025-03-12T14:19:34.725+0000] {processor.py:925} INFO - DAG(s) 'example_complex' retrieved from /home/airflow/.local/lib/python3.12/site-packages/airflow/example_dags/example_complex.py
[2025-03-12T14:19:34.752+0000] {logging_mixin.py:190} INFO - [2025-03-12T14:19:34.752+0000] {dag.py:3239} INFO - Sync 1 DAGs
[2025-03-12T14:19:34.764+0000] {logging_mixin.py:190} INFO - [2025-03-12T14:19:34.763+0000] {dag.py:4180} INFO - Setting next_dagrun for example_complex to None, run_after=None
[2025-03-12T14:19:34.780+0000] {processor.py:208} INFO - Processing /home/airflow/.local/lib/python3.12/site-packages/airflow/example_dags/example_complex.py took 0.072 seconds
