[2025-03-12T13:45:09.140+0000] {processor.py:186} INFO - Started process (PID=447) to work on /home/airflow/.local/lib/python3.12/site-packages/airflow/example_dags/example_kubernetes_executor.py
[2025-03-12T13:45:09.141+0000] {processor.py:914} INFO - Processing file /home/airflow/.local/lib/python3.12/site-packages/airflow/example_dags/example_kubernetes_executor.py for tasks to queue
[2025-03-12T13:45:09.144+0000] {logging_mixin.py:190} INFO - [2025-03-12T13:45:09.144+0000] {dagbag.py:588} INFO - Filling up the DagBag from /home/airflow/.local/lib/python3.12/site-packages/airflow/example_dags/example_kubernetes_executor.py
[2025-03-12T13:45:09.164+0000] {processor.py:925} INFO - DAG(s) 'example_kubernetes_executor' retrieved from /home/airflow/.local/lib/python3.12/site-packages/airflow/example_dags/example_kubernetes_executor.py
[2025-03-12T13:45:09.291+0000] {logging_mixin.py:190} INFO - [2025-03-12T13:45:09.290+0000] {override.py:1912} INFO - Created Permission View: can edit on DAG:example_kubernetes_executor
[2025-03-12T13:45:09.300+0000] {logging_mixin.py:190} INFO - [2025-03-12T13:45:09.300+0000] {override.py:1912} INFO - Created Permission View: can delete on DAG:example_kubernetes_executor
[2025-03-12T13:45:09.307+0000] {logging_mixin.py:190} INFO - [2025-03-12T13:45:09.307+0000] {override.py:1912} INFO - Created Permission View: can read on DAG:example_kubernetes_executor
[2025-03-12T13:45:09.315+0000] {logging_mixin.py:190} INFO - [2025-03-12T13:45:09.315+0000] {override.py:1912} INFO - Created Permission View: can delete on DAG Run:example_kubernetes_executor
[2025-03-12T13:45:09.323+0000] {logging_mixin.py:190} INFO - [2025-03-12T13:45:09.322+0000] {override.py:1912} INFO - Created Permission View: menu access on DAG Run:example_kubernetes_executor
[2025-03-12T13:45:09.331+0000] {logging_mixin.py:190} INFO - [2025-03-12T13:45:09.330+0000] {override.py:1912} INFO - Created Permission View: can create on DAG Run:example_kubernetes_executor
[2025-03-12T13:45:09.337+0000] {logging_mixin.py:190} INFO - [2025-03-12T13:45:09.337+0000] {override.py:1912} INFO - Created Permission View: can read on DAG Run:example_kubernetes_executor
[2025-03-12T13:45:09.338+0000] {logging_mixin.py:190} INFO - [2025-03-12T13:45:09.338+0000] {dag.py:3239} INFO - Sync 1 DAGs
[2025-03-12T13:45:09.353+0000] {logging_mixin.py:190} INFO - [2025-03-12T13:45:09.353+0000] {dag.py:3262} INFO - Creating ORM DAG for example_kubernetes_executor
[2025-03-12T13:45:09.354+0000] {logging_mixin.py:190} INFO - [2025-03-12T13:45:09.354+0000] {dag.py:4180} INFO - Setting next_dagrun for example_kubernetes_executor to None, run_after=None
[2025-03-12T13:45:09.374+0000] {processor.py:208} INFO - Processing /home/airflow/.local/lib/python3.12/site-packages/airflow/example_dags/example_kubernetes_executor.py took 0.241 seconds
[2025-03-12T13:45:41.392+0000] {processor.py:186} INFO - Started process (PID=753) to work on /home/airflow/.local/lib/python3.12/site-packages/airflow/example_dags/example_kubernetes_executor.py
[2025-03-12T13:45:41.393+0000] {processor.py:914} INFO - Processing file /home/airflow/.local/lib/python3.12/site-packages/airflow/example_dags/example_kubernetes_executor.py for tasks to queue
[2025-03-12T13:45:41.395+0000] {logging_mixin.py:190} INFO - [2025-03-12T13:45:41.394+0000] {dagbag.py:588} INFO - Filling up the DagBag from /home/airflow/.local/lib/python3.12/site-packages/airflow/example_dags/example_kubernetes_executor.py
[2025-03-12T13:45:41.408+0000] {processor.py:925} INFO - DAG(s) 'example_kubernetes_executor' retrieved from /home/airflow/.local/lib/python3.12/site-packages/airflow/example_dags/example_kubernetes_executor.py
[2025-03-12T13:45:41.427+0000] {logging_mixin.py:190} INFO - [2025-03-12T13:45:41.426+0000] {dag.py:3239} INFO - Sync 1 DAGs
[2025-03-12T13:45:41.437+0000] {logging_mixin.py:190} INFO - [2025-03-12T13:45:41.437+0000] {dag.py:4180} INFO - Setting next_dagrun for example_kubernetes_executor to None, run_after=None
[2025-03-12T13:45:41.451+0000] {processor.py:208} INFO - Processing /home/airflow/.local/lib/python3.12/site-packages/airflow/example_dags/example_kubernetes_executor.py took 0.064 seconds
[2025-03-12T13:46:14.312+0000] {processor.py:186} INFO - Started process (PID=1059) to work on /home/airflow/.local/lib/python3.12/site-packages/airflow/example_dags/example_kubernetes_executor.py
[2025-03-12T13:46:14.313+0000] {processor.py:914} INFO - Processing file /home/airflow/.local/lib/python3.12/site-packages/airflow/example_dags/example_kubernetes_executor.py for tasks to queue
[2025-03-12T13:46:14.315+0000] {logging_mixin.py:190} INFO - [2025-03-12T13:46:14.315+0000] {dagbag.py:588} INFO - Filling up the DagBag from /home/airflow/.local/lib/python3.12/site-packages/airflow/example_dags/example_kubernetes_executor.py
[2025-03-12T13:46:14.330+0000] {processor.py:925} INFO - DAG(s) 'example_kubernetes_executor' retrieved from /home/airflow/.local/lib/python3.12/site-packages/airflow/example_dags/example_kubernetes_executor.py
[2025-03-12T13:46:14.360+0000] {logging_mixin.py:190} INFO - [2025-03-12T13:46:14.360+0000] {dag.py:3239} INFO - Sync 1 DAGs
[2025-03-12T13:46:14.378+0000] {logging_mixin.py:190} INFO - [2025-03-12T13:46:14.378+0000] {dag.py:4180} INFO - Setting next_dagrun for example_kubernetes_executor to None, run_after=None
[2025-03-12T13:46:14.398+0000] {processor.py:208} INFO - Processing /home/airflow/.local/lib/python3.12/site-packages/airflow/example_dags/example_kubernetes_executor.py took 0.092 seconds
[2025-03-12T13:47:06.076+0000] {processor.py:186} INFO - Started process (PID=434) to work on /home/airflow/.local/lib/python3.12/site-packages/airflow/example_dags/example_kubernetes_executor.py
[2025-03-12T13:47:06.078+0000] {processor.py:914} INFO - Processing file /home/airflow/.local/lib/python3.12/site-packages/airflow/example_dags/example_kubernetes_executor.py for tasks to queue
[2025-03-12T13:47:06.080+0000] {logging_mixin.py:190} INFO - [2025-03-12T13:47:06.079+0000] {dagbag.py:588} INFO - Filling up the DagBag from /home/airflow/.local/lib/python3.12/site-packages/airflow/example_dags/example_kubernetes_executor.py
[2025-03-12T13:47:06.091+0000] {processor.py:925} INFO - DAG(s) 'example_kubernetes_executor' retrieved from /home/airflow/.local/lib/python3.12/site-packages/airflow/example_dags/example_kubernetes_executor.py
[2025-03-12T13:47:06.113+0000] {logging_mixin.py:190} INFO - [2025-03-12T13:47:06.112+0000] {dag.py:3239} INFO - Sync 1 DAGs
[2025-03-12T13:47:06.124+0000] {logging_mixin.py:190} INFO - [2025-03-12T13:47:06.124+0000] {dag.py:4180} INFO - Setting next_dagrun for example_kubernetes_executor to None, run_after=None
[2025-03-12T13:47:06.143+0000] {processor.py:208} INFO - Processing /home/airflow/.local/lib/python3.12/site-packages/airflow/example_dags/example_kubernetes_executor.py took 0.071 seconds
[2025-03-12T13:47:36.452+0000] {processor.py:186} INFO - Started process (PID=742) to work on /home/airflow/.local/lib/python3.12/site-packages/airflow/example_dags/example_kubernetes_executor.py
[2025-03-12T13:47:36.453+0000] {processor.py:914} INFO - Processing file /home/airflow/.local/lib/python3.12/site-packages/airflow/example_dags/example_kubernetes_executor.py for tasks to queue
[2025-03-12T13:47:36.455+0000] {logging_mixin.py:190} INFO - [2025-03-12T13:47:36.455+0000] {dagbag.py:588} INFO - Filling up the DagBag from /home/airflow/.local/lib/python3.12/site-packages/airflow/example_dags/example_kubernetes_executor.py
[2025-03-12T13:47:36.466+0000] {processor.py:925} INFO - DAG(s) 'example_kubernetes_executor' retrieved from /home/airflow/.local/lib/python3.12/site-packages/airflow/example_dags/example_kubernetes_executor.py
[2025-03-12T13:47:36.485+0000] {logging_mixin.py:190} INFO - [2025-03-12T13:47:36.485+0000] {dag.py:3239} INFO - Sync 1 DAGs
[2025-03-12T13:47:36.497+0000] {logging_mixin.py:190} INFO - [2025-03-12T13:47:36.496+0000] {dag.py:4180} INFO - Setting next_dagrun for example_kubernetes_executor to None, run_after=None
[2025-03-12T13:47:36.512+0000] {processor.py:208} INFO - Processing /home/airflow/.local/lib/python3.12/site-packages/airflow/example_dags/example_kubernetes_executor.py took 0.064 seconds
[2025-03-12T13:48:07.722+0000] {processor.py:186} INFO - Started process (PID=1040) to work on /home/airflow/.local/lib/python3.12/site-packages/airflow/example_dags/example_kubernetes_executor.py
[2025-03-12T13:48:07.723+0000] {processor.py:914} INFO - Processing file /home/airflow/.local/lib/python3.12/site-packages/airflow/example_dags/example_kubernetes_executor.py for tasks to queue
[2025-03-12T13:48:07.725+0000] {logging_mixin.py:190} INFO - [2025-03-12T13:48:07.725+0000] {dagbag.py:588} INFO - Filling up the DagBag from /home/airflow/.local/lib/python3.12/site-packages/airflow/example_dags/example_kubernetes_executor.py
[2025-03-12T13:48:07.737+0000] {processor.py:925} INFO - DAG(s) 'example_kubernetes_executor' retrieved from /home/airflow/.local/lib/python3.12/site-packages/airflow/example_dags/example_kubernetes_executor.py
[2025-03-12T13:48:07.758+0000] {logging_mixin.py:190} INFO - [2025-03-12T13:48:07.758+0000] {dag.py:3239} INFO - Sync 1 DAGs
[2025-03-12T13:48:07.772+0000] {logging_mixin.py:190} INFO - [2025-03-12T13:48:07.771+0000] {dag.py:4180} INFO - Setting next_dagrun for example_kubernetes_executor to None, run_after=None
[2025-03-12T13:48:07.787+0000] {processor.py:208} INFO - Processing /home/airflow/.local/lib/python3.12/site-packages/airflow/example_dags/example_kubernetes_executor.py took 0.071 seconds
[2025-03-12T13:48:38.376+0000] {processor.py:186} INFO - Started process (PID=1346) to work on /home/airflow/.local/lib/python3.12/site-packages/airflow/example_dags/example_kubernetes_executor.py
[2025-03-12T13:48:38.377+0000] {processor.py:914} INFO - Processing file /home/airflow/.local/lib/python3.12/site-packages/airflow/example_dags/example_kubernetes_executor.py for tasks to queue
[2025-03-12T13:48:38.379+0000] {logging_mixin.py:190} INFO - [2025-03-12T13:48:38.378+0000] {dagbag.py:588} INFO - Filling up the DagBag from /home/airflow/.local/lib/python3.12/site-packages/airflow/example_dags/example_kubernetes_executor.py
[2025-03-12T13:48:38.392+0000] {processor.py:925} INFO - DAG(s) 'example_kubernetes_executor' retrieved from /home/airflow/.local/lib/python3.12/site-packages/airflow/example_dags/example_kubernetes_executor.py
[2025-03-12T13:48:38.411+0000] {logging_mixin.py:190} INFO - [2025-03-12T13:48:38.411+0000] {dag.py:3239} INFO - Sync 1 DAGs
[2025-03-12T13:48:38.422+0000] {logging_mixin.py:190} INFO - [2025-03-12T13:48:38.422+0000] {dag.py:4180} INFO - Setting next_dagrun for example_kubernetes_executor to None, run_after=None
[2025-03-12T13:48:38.438+0000] {processor.py:208} INFO - Processing /home/airflow/.local/lib/python3.12/site-packages/airflow/example_dags/example_kubernetes_executor.py took 0.067 seconds
[2025-03-12T13:49:09.280+0000] {processor.py:186} INFO - Started process (PID=1653) to work on /home/airflow/.local/lib/python3.12/site-packages/airflow/example_dags/example_kubernetes_executor.py
[2025-03-12T13:49:09.281+0000] {processor.py:914} INFO - Processing file /home/airflow/.local/lib/python3.12/site-packages/airflow/example_dags/example_kubernetes_executor.py for tasks to queue
[2025-03-12T13:49:09.283+0000] {logging_mixin.py:190} INFO - [2025-03-12T13:49:09.283+0000] {dagbag.py:588} INFO - Filling up the DagBag from /home/airflow/.local/lib/python3.12/site-packages/airflow/example_dags/example_kubernetes_executor.py
[2025-03-12T13:49:09.295+0000] {processor.py:925} INFO - DAG(s) 'example_kubernetes_executor' retrieved from /home/airflow/.local/lib/python3.12/site-packages/airflow/example_dags/example_kubernetes_executor.py
[2025-03-12T13:49:09.313+0000] {logging_mixin.py:190} INFO - [2025-03-12T13:49:09.313+0000] {dag.py:3239} INFO - Sync 1 DAGs
[2025-03-12T13:49:09.325+0000] {logging_mixin.py:190} INFO - [2025-03-12T13:49:09.325+0000] {dag.py:4180} INFO - Setting next_dagrun for example_kubernetes_executor to None, run_after=None
[2025-03-12T13:49:09.340+0000] {processor.py:208} INFO - Processing /home/airflow/.local/lib/python3.12/site-packages/airflow/example_dags/example_kubernetes_executor.py took 0.063 seconds
[2025-03-12T13:49:40.018+0000] {processor.py:186} INFO - Started process (PID=1961) to work on /home/airflow/.local/lib/python3.12/site-packages/airflow/example_dags/example_kubernetes_executor.py
[2025-03-12T13:49:40.018+0000] {processor.py:914} INFO - Processing file /home/airflow/.local/lib/python3.12/site-packages/airflow/example_dags/example_kubernetes_executor.py for tasks to queue
[2025-03-12T13:49:40.020+0000] {logging_mixin.py:190} INFO - [2025-03-12T13:49:40.020+0000] {dagbag.py:588} INFO - Filling up the DagBag from /home/airflow/.local/lib/python3.12/site-packages/airflow/example_dags/example_kubernetes_executor.py
[2025-03-12T13:49:40.030+0000] {processor.py:925} INFO - DAG(s) 'example_kubernetes_executor' retrieved from /home/airflow/.local/lib/python3.12/site-packages/airflow/example_dags/example_kubernetes_executor.py
[2025-03-12T13:49:40.049+0000] {logging_mixin.py:190} INFO - [2025-03-12T13:49:40.049+0000] {dag.py:3239} INFO - Sync 1 DAGs
[2025-03-12T13:49:40.060+0000] {logging_mixin.py:190} INFO - [2025-03-12T13:49:40.060+0000] {dag.py:4180} INFO - Setting next_dagrun for example_kubernetes_executor to None, run_after=None
[2025-03-12T13:49:40.075+0000] {processor.py:208} INFO - Processing /home/airflow/.local/lib/python3.12/site-packages/airflow/example_dags/example_kubernetes_executor.py took 0.062 seconds
[2025-03-12T13:50:11.133+0000] {processor.py:186} INFO - Started process (PID=2267) to work on /home/airflow/.local/lib/python3.12/site-packages/airflow/example_dags/example_kubernetes_executor.py
[2025-03-12T13:50:11.134+0000] {processor.py:914} INFO - Processing file /home/airflow/.local/lib/python3.12/site-packages/airflow/example_dags/example_kubernetes_executor.py for tasks to queue
[2025-03-12T13:50:11.136+0000] {logging_mixin.py:190} INFO - [2025-03-12T13:50:11.136+0000] {dagbag.py:588} INFO - Filling up the DagBag from /home/airflow/.local/lib/python3.12/site-packages/airflow/example_dags/example_kubernetes_executor.py
[2025-03-12T13:50:11.146+0000] {processor.py:925} INFO - DAG(s) 'example_kubernetes_executor' retrieved from /home/airflow/.local/lib/python3.12/site-packages/airflow/example_dags/example_kubernetes_executor.py
[2025-03-12T13:50:11.165+0000] {logging_mixin.py:190} INFO - [2025-03-12T13:50:11.164+0000] {dag.py:3239} INFO - Sync 1 DAGs
[2025-03-12T13:50:11.174+0000] {logging_mixin.py:190} INFO - [2025-03-12T13:50:11.174+0000] {dag.py:4180} INFO - Setting next_dagrun for example_kubernetes_executor to None, run_after=None
[2025-03-12T13:50:11.190+0000] {processor.py:208} INFO - Processing /home/airflow/.local/lib/python3.12/site-packages/airflow/example_dags/example_kubernetes_executor.py took 0.061 seconds
[2025-03-12T13:50:44.089+0000] {processor.py:186} INFO - Started process (PID=2572) to work on /home/airflow/.local/lib/python3.12/site-packages/airflow/example_dags/example_kubernetes_executor.py
[2025-03-12T13:50:44.090+0000] {processor.py:914} INFO - Processing file /home/airflow/.local/lib/python3.12/site-packages/airflow/example_dags/example_kubernetes_executor.py for tasks to queue
[2025-03-12T13:50:44.092+0000] {logging_mixin.py:190} INFO - [2025-03-12T13:50:44.092+0000] {dagbag.py:588} INFO - Filling up the DagBag from /home/airflow/.local/lib/python3.12/site-packages/airflow/example_dags/example_kubernetes_executor.py
[2025-03-12T13:50:44.103+0000] {processor.py:925} INFO - DAG(s) 'example_kubernetes_executor' retrieved from /home/airflow/.local/lib/python3.12/site-packages/airflow/example_dags/example_kubernetes_executor.py
[2025-03-12T13:50:44.124+0000] {logging_mixin.py:190} INFO - [2025-03-12T13:50:44.123+0000] {dag.py:3239} INFO - Sync 1 DAGs
[2025-03-12T13:50:44.136+0000] {logging_mixin.py:190} INFO - [2025-03-12T13:50:44.135+0000] {dag.py:4180} INFO - Setting next_dagrun for example_kubernetes_executor to None, run_after=None
[2025-03-12T13:50:44.152+0000] {processor.py:208} INFO - Processing /home/airflow/.local/lib/python3.12/site-packages/airflow/example_dags/example_kubernetes_executor.py took 0.068 seconds
[2025-03-12T13:51:16.746+0000] {processor.py:186} INFO - Started process (PID=2878) to work on /home/airflow/.local/lib/python3.12/site-packages/airflow/example_dags/example_kubernetes_executor.py
[2025-03-12T13:51:16.747+0000] {processor.py:914} INFO - Processing file /home/airflow/.local/lib/python3.12/site-packages/airflow/example_dags/example_kubernetes_executor.py for tasks to queue
[2025-03-12T13:51:16.749+0000] {logging_mixin.py:190} INFO - [2025-03-12T13:51:16.749+0000] {dagbag.py:588} INFO - Filling up the DagBag from /home/airflow/.local/lib/python3.12/site-packages/airflow/example_dags/example_kubernetes_executor.py
[2025-03-12T13:51:16.764+0000] {processor.py:925} INFO - DAG(s) 'example_kubernetes_executor' retrieved from /home/airflow/.local/lib/python3.12/site-packages/airflow/example_dags/example_kubernetes_executor.py
[2025-03-12T13:51:16.789+0000] {logging_mixin.py:190} INFO - [2025-03-12T13:51:16.788+0000] {dag.py:3239} INFO - Sync 1 DAGs
[2025-03-12T13:51:16.805+0000] {logging_mixin.py:190} INFO - [2025-03-12T13:51:16.805+0000] {dag.py:4180} INFO - Setting next_dagrun for example_kubernetes_executor to None, run_after=None
[2025-03-12T13:51:16.820+0000] {processor.py:208} INFO - Processing /home/airflow/.local/lib/python3.12/site-packages/airflow/example_dags/example_kubernetes_executor.py took 0.080 seconds
[2025-03-12T13:51:49.879+0000] {processor.py:186} INFO - Started process (PID=3186) to work on /home/airflow/.local/lib/python3.12/site-packages/airflow/example_dags/example_kubernetes_executor.py
[2025-03-12T13:51:49.880+0000] {processor.py:914} INFO - Processing file /home/airflow/.local/lib/python3.12/site-packages/airflow/example_dags/example_kubernetes_executor.py for tasks to queue
[2025-03-12T13:51:49.883+0000] {logging_mixin.py:190} INFO - [2025-03-12T13:51:49.882+0000] {dagbag.py:588} INFO - Filling up the DagBag from /home/airflow/.local/lib/python3.12/site-packages/airflow/example_dags/example_kubernetes_executor.py
[2025-03-12T13:51:49.894+0000] {processor.py:925} INFO - DAG(s) 'example_kubernetes_executor' retrieved from /home/airflow/.local/lib/python3.12/site-packages/airflow/example_dags/example_kubernetes_executor.py
[2025-03-12T13:51:49.913+0000] {logging_mixin.py:190} INFO - [2025-03-12T13:51:49.913+0000] {dag.py:3239} INFO - Sync 1 DAGs
[2025-03-12T13:51:49.925+0000] {logging_mixin.py:190} INFO - [2025-03-12T13:51:49.925+0000] {dag.py:4180} INFO - Setting next_dagrun for example_kubernetes_executor to None, run_after=None
[2025-03-12T13:51:49.940+0000] {processor.py:208} INFO - Processing /home/airflow/.local/lib/python3.12/site-packages/airflow/example_dags/example_kubernetes_executor.py took 0.067 seconds
[2025-03-12T13:52:23.462+0000] {processor.py:186} INFO - Started process (PID=3492) to work on /home/airflow/.local/lib/python3.12/site-packages/airflow/example_dags/example_kubernetes_executor.py
[2025-03-12T13:52:23.463+0000] {processor.py:914} INFO - Processing file /home/airflow/.local/lib/python3.12/site-packages/airflow/example_dags/example_kubernetes_executor.py for tasks to queue
[2025-03-12T13:52:23.465+0000] {logging_mixin.py:190} INFO - [2025-03-12T13:52:23.465+0000] {dagbag.py:588} INFO - Filling up the DagBag from /home/airflow/.local/lib/python3.12/site-packages/airflow/example_dags/example_kubernetes_executor.py
[2025-03-12T13:52:23.475+0000] {processor.py:925} INFO - DAG(s) 'example_kubernetes_executor' retrieved from /home/airflow/.local/lib/python3.12/site-packages/airflow/example_dags/example_kubernetes_executor.py
[2025-03-12T13:52:23.492+0000] {logging_mixin.py:190} INFO - [2025-03-12T13:52:23.492+0000] {dag.py:3239} INFO - Sync 1 DAGs
[2025-03-12T13:52:23.503+0000] {logging_mixin.py:190} INFO - [2025-03-12T13:52:23.503+0000] {dag.py:4180} INFO - Setting next_dagrun for example_kubernetes_executor to None, run_after=None
[2025-03-12T13:52:23.517+0000] {processor.py:208} INFO - Processing /home/airflow/.local/lib/python3.12/site-packages/airflow/example_dags/example_kubernetes_executor.py took 0.058 seconds
[2025-03-12T13:53:00.747+0000] {processor.py:186} INFO - Started process (PID=3796) to work on /home/airflow/.local/lib/python3.12/site-packages/airflow/example_dags/example_kubernetes_executor.py
[2025-03-12T13:53:00.748+0000] {processor.py:914} INFO - Processing file /home/airflow/.local/lib/python3.12/site-packages/airflow/example_dags/example_kubernetes_executor.py for tasks to queue
[2025-03-12T13:53:00.750+0000] {logging_mixin.py:190} INFO - [2025-03-12T13:53:00.750+0000] {dagbag.py:588} INFO - Filling up the DagBag from /home/airflow/.local/lib/python3.12/site-packages/airflow/example_dags/example_kubernetes_executor.py
[2025-03-12T13:53:00.769+0000] {processor.py:925} INFO - DAG(s) 'example_kubernetes_executor' retrieved from /home/airflow/.local/lib/python3.12/site-packages/airflow/example_dags/example_kubernetes_executor.py
[2025-03-12T13:53:00.799+0000] {logging_mixin.py:190} INFO - [2025-03-12T13:53:00.798+0000] {dag.py:3239} INFO - Sync 1 DAGs
[2025-03-12T13:53:00.819+0000] {logging_mixin.py:190} INFO - [2025-03-12T13:53:00.818+0000] {dag.py:4180} INFO - Setting next_dagrun for example_kubernetes_executor to None, run_after=None
[2025-03-12T13:53:00.839+0000] {processor.py:208} INFO - Processing /home/airflow/.local/lib/python3.12/site-packages/airflow/example_dags/example_kubernetes_executor.py took 0.099 seconds
[2025-03-12T13:53:31.938+0000] {processor.py:186} INFO - Started process (PID=4097) to work on /home/airflow/.local/lib/python3.12/site-packages/airflow/example_dags/example_kubernetes_executor.py
[2025-03-12T13:53:31.939+0000] {processor.py:914} INFO - Processing file /home/airflow/.local/lib/python3.12/site-packages/airflow/example_dags/example_kubernetes_executor.py for tasks to queue
[2025-03-12T13:53:31.942+0000] {logging_mixin.py:190} INFO - [2025-03-12T13:53:31.942+0000] {dagbag.py:588} INFO - Filling up the DagBag from /home/airflow/.local/lib/python3.12/site-packages/airflow/example_dags/example_kubernetes_executor.py
[2025-03-12T13:53:31.961+0000] {processor.py:925} INFO - DAG(s) 'example_kubernetes_executor' retrieved from /home/airflow/.local/lib/python3.12/site-packages/airflow/example_dags/example_kubernetes_executor.py
[2025-03-12T13:53:31.995+0000] {logging_mixin.py:190} INFO - [2025-03-12T13:53:31.995+0000] {dag.py:3239} INFO - Sync 1 DAGs
[2025-03-12T13:53:32.016+0000] {logging_mixin.py:190} INFO - [2025-03-12T13:53:32.016+0000] {dag.py:4180} INFO - Setting next_dagrun for example_kubernetes_executor to None, run_after=None
[2025-03-12T13:53:32.043+0000] {processor.py:208} INFO - Processing /home/airflow/.local/lib/python3.12/site-packages/airflow/example_dags/example_kubernetes_executor.py took 0.113 seconds
[2025-03-12T13:54:04.232+0000] {processor.py:186} INFO - Started process (PID=4403) to work on /home/airflow/.local/lib/python3.12/site-packages/airflow/example_dags/example_kubernetes_executor.py
[2025-03-12T13:54:04.233+0000] {processor.py:914} INFO - Processing file /home/airflow/.local/lib/python3.12/site-packages/airflow/example_dags/example_kubernetes_executor.py for tasks to queue
[2025-03-12T13:54:04.237+0000] {logging_mixin.py:190} INFO - [2025-03-12T13:54:04.236+0000] {dagbag.py:588} INFO - Filling up the DagBag from /home/airflow/.local/lib/python3.12/site-packages/airflow/example_dags/example_kubernetes_executor.py
[2025-03-12T13:54:04.261+0000] {processor.py:925} INFO - DAG(s) 'example_kubernetes_executor' retrieved from /home/airflow/.local/lib/python3.12/site-packages/airflow/example_dags/example_kubernetes_executor.py
[2025-03-12T13:54:04.290+0000] {logging_mixin.py:190} INFO - [2025-03-12T13:54:04.290+0000] {dag.py:3239} INFO - Sync 1 DAGs
[2025-03-12T13:54:04.306+0000] {logging_mixin.py:190} INFO - [2025-03-12T13:54:04.306+0000] {dag.py:4180} INFO - Setting next_dagrun for example_kubernetes_executor to None, run_after=None
[2025-03-12T13:54:04.330+0000] {processor.py:208} INFO - Processing /home/airflow/.local/lib/python3.12/site-packages/airflow/example_dags/example_kubernetes_executor.py took 0.106 seconds
[2025-03-12T13:54:38.698+0000] {processor.py:186} INFO - Started process (PID=4714) to work on /home/airflow/.local/lib/python3.12/site-packages/airflow/example_dags/example_kubernetes_executor.py
[2025-03-12T13:54:38.699+0000] {processor.py:914} INFO - Processing file /home/airflow/.local/lib/python3.12/site-packages/airflow/example_dags/example_kubernetes_executor.py for tasks to queue
[2025-03-12T13:54:38.702+0000] {logging_mixin.py:190} INFO - [2025-03-12T13:54:38.702+0000] {dagbag.py:588} INFO - Filling up the DagBag from /home/airflow/.local/lib/python3.12/site-packages/airflow/example_dags/example_kubernetes_executor.py
[2025-03-12T13:54:38.720+0000] {processor.py:925} INFO - DAG(s) 'example_kubernetes_executor' retrieved from /home/airflow/.local/lib/python3.12/site-packages/airflow/example_dags/example_kubernetes_executor.py
[2025-03-12T13:54:38.751+0000] {logging_mixin.py:190} INFO - [2025-03-12T13:54:38.751+0000] {dag.py:3239} INFO - Sync 1 DAGs
[2025-03-12T13:54:38.772+0000] {logging_mixin.py:190} INFO - [2025-03-12T13:54:38.771+0000] {dag.py:4180} INFO - Setting next_dagrun for example_kubernetes_executor to None, run_after=None
[2025-03-12T13:54:38.796+0000] {processor.py:208} INFO - Processing /home/airflow/.local/lib/python3.12/site-packages/airflow/example_dags/example_kubernetes_executor.py took 0.105 seconds
[2025-03-12T13:55:11.305+0000] {processor.py:186} INFO - Started process (PID=5020) to work on /home/airflow/.local/lib/python3.12/site-packages/airflow/example_dags/example_kubernetes_executor.py
[2025-03-12T13:55:11.306+0000] {processor.py:914} INFO - Processing file /home/airflow/.local/lib/python3.12/site-packages/airflow/example_dags/example_kubernetes_executor.py for tasks to queue
[2025-03-12T13:55:11.309+0000] {logging_mixin.py:190} INFO - [2025-03-12T13:55:11.308+0000] {dagbag.py:588} INFO - Filling up the DagBag from /home/airflow/.local/lib/python3.12/site-packages/airflow/example_dags/example_kubernetes_executor.py
[2025-03-12T13:55:11.324+0000] {processor.py:925} INFO - DAG(s) 'example_kubernetes_executor' retrieved from /home/airflow/.local/lib/python3.12/site-packages/airflow/example_dags/example_kubernetes_executor.py
[2025-03-12T13:55:11.344+0000] {logging_mixin.py:190} INFO - [2025-03-12T13:55:11.344+0000] {dag.py:3239} INFO - Sync 1 DAGs
[2025-03-12T13:55:11.357+0000] {logging_mixin.py:190} INFO - [2025-03-12T13:55:11.357+0000] {dag.py:4180} INFO - Setting next_dagrun for example_kubernetes_executor to None, run_after=None
[2025-03-12T13:55:11.373+0000] {processor.py:208} INFO - Processing /home/airflow/.local/lib/python3.12/site-packages/airflow/example_dags/example_kubernetes_executor.py took 0.073 seconds
[2025-03-12T13:55:43.022+0000] {processor.py:186} INFO - Started process (PID=5326) to work on /home/airflow/.local/lib/python3.12/site-packages/airflow/example_dags/example_kubernetes_executor.py
[2025-03-12T13:55:43.023+0000] {processor.py:914} INFO - Processing file /home/airflow/.local/lib/python3.12/site-packages/airflow/example_dags/example_kubernetes_executor.py for tasks to queue
[2025-03-12T13:55:43.025+0000] {logging_mixin.py:190} INFO - [2025-03-12T13:55:43.025+0000] {dagbag.py:588} INFO - Filling up the DagBag from /home/airflow/.local/lib/python3.12/site-packages/airflow/example_dags/example_kubernetes_executor.py
[2025-03-12T13:55:43.035+0000] {processor.py:925} INFO - DAG(s) 'example_kubernetes_executor' retrieved from /home/airflow/.local/lib/python3.12/site-packages/airflow/example_dags/example_kubernetes_executor.py
[2025-03-12T13:55:43.056+0000] {logging_mixin.py:190} INFO - [2025-03-12T13:55:43.056+0000] {dag.py:3239} INFO - Sync 1 DAGs
[2025-03-12T13:55:43.067+0000] {logging_mixin.py:190} INFO - [2025-03-12T13:55:43.067+0000] {dag.py:4180} INFO - Setting next_dagrun for example_kubernetes_executor to None, run_after=None
[2025-03-12T13:55:43.083+0000] {processor.py:208} INFO - Processing /home/airflow/.local/lib/python3.12/site-packages/airflow/example_dags/example_kubernetes_executor.py took 0.065 seconds
[2025-03-12T13:56:20.170+0000] {processor.py:186} INFO - Started process (PID=5634) to work on /home/airflow/.local/lib/python3.12/site-packages/airflow/example_dags/example_kubernetes_executor.py
[2025-03-12T13:56:20.177+0000] {processor.py:914} INFO - Processing file /home/airflow/.local/lib/python3.12/site-packages/airflow/example_dags/example_kubernetes_executor.py for tasks to queue
[2025-03-12T13:56:20.181+0000] {logging_mixin.py:190} INFO - [2025-03-12T13:56:20.181+0000] {dagbag.py:588} INFO - Filling up the DagBag from /home/airflow/.local/lib/python3.12/site-packages/airflow/example_dags/example_kubernetes_executor.py
[2025-03-12T13:56:20.218+0000] {processor.py:925} INFO - DAG(s) 'example_kubernetes_executor' retrieved from /home/airflow/.local/lib/python3.12/site-packages/airflow/example_dags/example_kubernetes_executor.py
[2025-03-12T13:56:20.264+0000] {logging_mixin.py:190} INFO - [2025-03-12T13:56:20.264+0000] {dag.py:3239} INFO - Sync 1 DAGs
[2025-03-12T13:56:20.287+0000] {logging_mixin.py:190} INFO - [2025-03-12T13:56:20.286+0000] {dag.py:4180} INFO - Setting next_dagrun for example_kubernetes_executor to None, run_after=None
[2025-03-12T13:56:20.316+0000] {processor.py:208} INFO - Processing /home/airflow/.local/lib/python3.12/site-packages/airflow/example_dags/example_kubernetes_executor.py took 0.152 seconds
[2025-03-12T13:56:50.770+0000] {processor.py:186} INFO - Started process (PID=5940) to work on /home/airflow/.local/lib/python3.12/site-packages/airflow/example_dags/example_kubernetes_executor.py
[2025-03-12T13:56:50.771+0000] {processor.py:914} INFO - Processing file /home/airflow/.local/lib/python3.12/site-packages/airflow/example_dags/example_kubernetes_executor.py for tasks to queue
[2025-03-12T13:56:50.773+0000] {logging_mixin.py:190} INFO - [2025-03-12T13:56:50.772+0000] {dagbag.py:588} INFO - Filling up the DagBag from /home/airflow/.local/lib/python3.12/site-packages/airflow/example_dags/example_kubernetes_executor.py
[2025-03-12T13:56:50.783+0000] {processor.py:925} INFO - DAG(s) 'example_kubernetes_executor' retrieved from /home/airflow/.local/lib/python3.12/site-packages/airflow/example_dags/example_kubernetes_executor.py
[2025-03-12T13:56:50.801+0000] {logging_mixin.py:190} INFO - [2025-03-12T13:56:50.801+0000] {dag.py:3239} INFO - Sync 1 DAGs
[2025-03-12T13:56:50.811+0000] {logging_mixin.py:190} INFO - [2025-03-12T13:56:50.811+0000] {dag.py:4180} INFO - Setting next_dagrun for example_kubernetes_executor to None, run_after=None
[2025-03-12T13:56:50.826+0000] {processor.py:208} INFO - Processing /home/airflow/.local/lib/python3.12/site-packages/airflow/example_dags/example_kubernetes_executor.py took 0.060 seconds
[2025-03-12T13:57:23.477+0000] {processor.py:186} INFO - Started process (PID=6244) to work on /home/airflow/.local/lib/python3.12/site-packages/airflow/example_dags/example_kubernetes_executor.py
[2025-03-12T13:57:23.478+0000] {processor.py:914} INFO - Processing file /home/airflow/.local/lib/python3.12/site-packages/airflow/example_dags/example_kubernetes_executor.py for tasks to queue
[2025-03-12T13:57:23.480+0000] {logging_mixin.py:190} INFO - [2025-03-12T13:57:23.480+0000] {dagbag.py:588} INFO - Filling up the DagBag from /home/airflow/.local/lib/python3.12/site-packages/airflow/example_dags/example_kubernetes_executor.py
[2025-03-12T13:57:23.491+0000] {processor.py:925} INFO - DAG(s) 'example_kubernetes_executor' retrieved from /home/airflow/.local/lib/python3.12/site-packages/airflow/example_dags/example_kubernetes_executor.py
[2025-03-12T13:57:23.511+0000] {logging_mixin.py:190} INFO - [2025-03-12T13:57:23.511+0000] {dag.py:3239} INFO - Sync 1 DAGs
[2025-03-12T13:57:23.522+0000] {logging_mixin.py:190} INFO - [2025-03-12T13:57:23.522+0000] {dag.py:4180} INFO - Setting next_dagrun for example_kubernetes_executor to None, run_after=None
[2025-03-12T13:57:23.538+0000] {processor.py:208} INFO - Processing /home/airflow/.local/lib/python3.12/site-packages/airflow/example_dags/example_kubernetes_executor.py took 0.065 seconds
[2025-03-12T13:57:57.483+0000] {processor.py:186} INFO - Started process (PID=6550) to work on /home/airflow/.local/lib/python3.12/site-packages/airflow/example_dags/example_kubernetes_executor.py
[2025-03-12T13:57:57.484+0000] {processor.py:914} INFO - Processing file /home/airflow/.local/lib/python3.12/site-packages/airflow/example_dags/example_kubernetes_executor.py for tasks to queue
[2025-03-12T13:57:57.486+0000] {logging_mixin.py:190} INFO - [2025-03-12T13:57:57.486+0000] {dagbag.py:588} INFO - Filling up the DagBag from /home/airflow/.local/lib/python3.12/site-packages/airflow/example_dags/example_kubernetes_executor.py
[2025-03-12T13:57:57.497+0000] {processor.py:925} INFO - DAG(s) 'example_kubernetes_executor' retrieved from /home/airflow/.local/lib/python3.12/site-packages/airflow/example_dags/example_kubernetes_executor.py
[2025-03-12T13:57:57.518+0000] {logging_mixin.py:190} INFO - [2025-03-12T13:57:57.517+0000] {dag.py:3239} INFO - Sync 1 DAGs
[2025-03-12T13:57:57.528+0000] {logging_mixin.py:190} INFO - [2025-03-12T13:57:57.528+0000] {dag.py:4180} INFO - Setting next_dagrun for example_kubernetes_executor to None, run_after=None
[2025-03-12T13:57:57.544+0000] {processor.py:208} INFO - Processing /home/airflow/.local/lib/python3.12/site-packages/airflow/example_dags/example_kubernetes_executor.py took 0.066 seconds
[2025-03-12T13:58:30.759+0000] {processor.py:186} INFO - Started process (PID=6856) to work on /home/airflow/.local/lib/python3.12/site-packages/airflow/example_dags/example_kubernetes_executor.py
[2025-03-12T13:58:30.760+0000] {processor.py:914} INFO - Processing file /home/airflow/.local/lib/python3.12/site-packages/airflow/example_dags/example_kubernetes_executor.py for tasks to queue
[2025-03-12T13:58:30.762+0000] {logging_mixin.py:190} INFO - [2025-03-12T13:58:30.762+0000] {dagbag.py:588} INFO - Filling up the DagBag from /home/airflow/.local/lib/python3.12/site-packages/airflow/example_dags/example_kubernetes_executor.py
[2025-03-12T13:58:30.773+0000] {processor.py:925} INFO - DAG(s) 'example_kubernetes_executor' retrieved from /home/airflow/.local/lib/python3.12/site-packages/airflow/example_dags/example_kubernetes_executor.py
[2025-03-12T13:58:30.793+0000] {logging_mixin.py:190} INFO - [2025-03-12T13:58:30.793+0000] {dag.py:3239} INFO - Sync 1 DAGs
[2025-03-12T13:58:30.807+0000] {logging_mixin.py:190} INFO - [2025-03-12T13:58:30.806+0000] {dag.py:4180} INFO - Setting next_dagrun for example_kubernetes_executor to None, run_after=None
[2025-03-12T13:58:30.823+0000] {processor.py:208} INFO - Processing /home/airflow/.local/lib/python3.12/site-packages/airflow/example_dags/example_kubernetes_executor.py took 0.069 seconds
[2025-03-12T13:59:04.910+0000] {processor.py:186} INFO - Started process (PID=7164) to work on /home/airflow/.local/lib/python3.12/site-packages/airflow/example_dags/example_kubernetes_executor.py
[2025-03-12T13:59:04.912+0000] {processor.py:914} INFO - Processing file /home/airflow/.local/lib/python3.12/site-packages/airflow/example_dags/example_kubernetes_executor.py for tasks to queue
[2025-03-12T13:59:04.914+0000] {logging_mixin.py:190} INFO - [2025-03-12T13:59:04.914+0000] {dagbag.py:588} INFO - Filling up the DagBag from /home/airflow/.local/lib/python3.12/site-packages/airflow/example_dags/example_kubernetes_executor.py
[2025-03-12T13:59:04.930+0000] {processor.py:925} INFO - DAG(s) 'example_kubernetes_executor' retrieved from /home/airflow/.local/lib/python3.12/site-packages/airflow/example_dags/example_kubernetes_executor.py
[2025-03-12T13:59:04.953+0000] {logging_mixin.py:190} INFO - [2025-03-12T13:59:04.953+0000] {dag.py:3239} INFO - Sync 1 DAGs
[2025-03-12T13:59:04.969+0000] {logging_mixin.py:190} INFO - [2025-03-12T13:59:04.969+0000] {dag.py:4180} INFO - Setting next_dagrun for example_kubernetes_executor to None, run_after=None
[2025-03-12T13:59:04.986+0000] {processor.py:208} INFO - Processing /home/airflow/.local/lib/python3.12/site-packages/airflow/example_dags/example_kubernetes_executor.py took 0.081 seconds
[2025-03-12T13:59:36.629+0000] {processor.py:186} INFO - Started process (PID=7468) to work on /home/airflow/.local/lib/python3.12/site-packages/airflow/example_dags/example_kubernetes_executor.py
[2025-03-12T13:59:36.630+0000] {processor.py:914} INFO - Processing file /home/airflow/.local/lib/python3.12/site-packages/airflow/example_dags/example_kubernetes_executor.py for tasks to queue
[2025-03-12T13:59:36.632+0000] {logging_mixin.py:190} INFO - [2025-03-12T13:59:36.632+0000] {dagbag.py:588} INFO - Filling up the DagBag from /home/airflow/.local/lib/python3.12/site-packages/airflow/example_dags/example_kubernetes_executor.py
[2025-03-12T13:59:36.641+0000] {processor.py:925} INFO - DAG(s) 'example_kubernetes_executor' retrieved from /home/airflow/.local/lib/python3.12/site-packages/airflow/example_dags/example_kubernetes_executor.py
[2025-03-12T13:59:36.660+0000] {logging_mixin.py:190} INFO - [2025-03-12T13:59:36.660+0000] {dag.py:3239} INFO - Sync 1 DAGs
[2025-03-12T13:59:36.670+0000] {logging_mixin.py:190} INFO - [2025-03-12T13:59:36.670+0000] {dag.py:4180} INFO - Setting next_dagrun for example_kubernetes_executor to None, run_after=None
[2025-03-12T13:59:36.685+0000] {processor.py:208} INFO - Processing /home/airflow/.local/lib/python3.12/site-packages/airflow/example_dags/example_kubernetes_executor.py took 0.060 seconds
[2025-03-12T14:00:10.379+0000] {processor.py:186} INFO - Started process (PID=7774) to work on /home/airflow/.local/lib/python3.12/site-packages/airflow/example_dags/example_kubernetes_executor.py
[2025-03-12T14:00:10.380+0000] {processor.py:914} INFO - Processing file /home/airflow/.local/lib/python3.12/site-packages/airflow/example_dags/example_kubernetes_executor.py for tasks to queue
[2025-03-12T14:00:10.381+0000] {logging_mixin.py:190} INFO - [2025-03-12T14:00:10.381+0000] {dagbag.py:588} INFO - Filling up the DagBag from /home/airflow/.local/lib/python3.12/site-packages/airflow/example_dags/example_kubernetes_executor.py
[2025-03-12T14:00:10.392+0000] {processor.py:925} INFO - DAG(s) 'example_kubernetes_executor' retrieved from /home/airflow/.local/lib/python3.12/site-packages/airflow/example_dags/example_kubernetes_executor.py
[2025-03-12T14:00:10.410+0000] {logging_mixin.py:190} INFO - [2025-03-12T14:00:10.410+0000] {dag.py:3239} INFO - Sync 1 DAGs
[2025-03-12T14:00:10.421+0000] {logging_mixin.py:190} INFO - [2025-03-12T14:00:10.421+0000] {dag.py:4180} INFO - Setting next_dagrun for example_kubernetes_executor to None, run_after=None
[2025-03-12T14:00:10.434+0000] {processor.py:208} INFO - Processing /home/airflow/.local/lib/python3.12/site-packages/airflow/example_dags/example_kubernetes_executor.py took 0.060 seconds
[2025-03-12T14:00:43.126+0000] {processor.py:186} INFO - Started process (PID=8080) to work on /home/airflow/.local/lib/python3.12/site-packages/airflow/example_dags/example_kubernetes_executor.py
[2025-03-12T14:00:43.127+0000] {processor.py:914} INFO - Processing file /home/airflow/.local/lib/python3.12/site-packages/airflow/example_dags/example_kubernetes_executor.py for tasks to queue
[2025-03-12T14:00:43.128+0000] {logging_mixin.py:190} INFO - [2025-03-12T14:00:43.128+0000] {dagbag.py:588} INFO - Filling up the DagBag from /home/airflow/.local/lib/python3.12/site-packages/airflow/example_dags/example_kubernetes_executor.py
[2025-03-12T14:00:43.138+0000] {processor.py:925} INFO - DAG(s) 'example_kubernetes_executor' retrieved from /home/airflow/.local/lib/python3.12/site-packages/airflow/example_dags/example_kubernetes_executor.py
[2025-03-12T14:00:43.157+0000] {logging_mixin.py:190} INFO - [2025-03-12T14:00:43.157+0000] {dag.py:3239} INFO - Sync 1 DAGs
[2025-03-12T14:00:43.167+0000] {logging_mixin.py:190} INFO - [2025-03-12T14:00:43.167+0000] {dag.py:4180} INFO - Setting next_dagrun for example_kubernetes_executor to None, run_after=None
[2025-03-12T14:00:43.182+0000] {processor.py:208} INFO - Processing /home/airflow/.local/lib/python3.12/site-packages/airflow/example_dags/example_kubernetes_executor.py took 0.060 seconds
[2025-03-12T14:01:17.123+0000] {processor.py:186} INFO - Started process (PID=8386) to work on /home/airflow/.local/lib/python3.12/site-packages/airflow/example_dags/example_kubernetes_executor.py
[2025-03-12T14:01:17.124+0000] {processor.py:914} INFO - Processing file /home/airflow/.local/lib/python3.12/site-packages/airflow/example_dags/example_kubernetes_executor.py for tasks to queue
[2025-03-12T14:01:17.126+0000] {logging_mixin.py:190} INFO - [2025-03-12T14:01:17.126+0000] {dagbag.py:588} INFO - Filling up the DagBag from /home/airflow/.local/lib/python3.12/site-packages/airflow/example_dags/example_kubernetes_executor.py
[2025-03-12T14:01:17.139+0000] {processor.py:925} INFO - DAG(s) 'example_kubernetes_executor' retrieved from /home/airflow/.local/lib/python3.12/site-packages/airflow/example_dags/example_kubernetes_executor.py
[2025-03-12T14:01:17.162+0000] {logging_mixin.py:190} INFO - [2025-03-12T14:01:17.162+0000] {dag.py:3239} INFO - Sync 1 DAGs
[2025-03-12T14:01:17.176+0000] {logging_mixin.py:190} INFO - [2025-03-12T14:01:17.175+0000] {dag.py:4180} INFO - Setting next_dagrun for example_kubernetes_executor to None, run_after=None
[2025-03-12T14:01:17.192+0000] {processor.py:208} INFO - Processing /home/airflow/.local/lib/python3.12/site-packages/airflow/example_dags/example_kubernetes_executor.py took 0.073 seconds
[2025-03-12T14:01:49.867+0000] {processor.py:186} INFO - Started process (PID=8695) to work on /home/airflow/.local/lib/python3.12/site-packages/airflow/example_dags/example_kubernetes_executor.py
[2025-03-12T14:01:49.868+0000] {processor.py:914} INFO - Processing file /home/airflow/.local/lib/python3.12/site-packages/airflow/example_dags/example_kubernetes_executor.py for tasks to queue
[2025-03-12T14:01:49.869+0000] {logging_mixin.py:190} INFO - [2025-03-12T14:01:49.869+0000] {dagbag.py:588} INFO - Filling up the DagBag from /home/airflow/.local/lib/python3.12/site-packages/airflow/example_dags/example_kubernetes_executor.py
[2025-03-12T14:01:49.880+0000] {processor.py:925} INFO - DAG(s) 'example_kubernetes_executor' retrieved from /home/airflow/.local/lib/python3.12/site-packages/airflow/example_dags/example_kubernetes_executor.py
[2025-03-12T14:01:49.899+0000] {logging_mixin.py:190} INFO - [2025-03-12T14:01:49.899+0000] {dag.py:3239} INFO - Sync 1 DAGs
[2025-03-12T14:01:49.910+0000] {logging_mixin.py:190} INFO - [2025-03-12T14:01:49.910+0000] {dag.py:4180} INFO - Setting next_dagrun for example_kubernetes_executor to None, run_after=None
[2025-03-12T14:01:49.925+0000] {processor.py:208} INFO - Processing /home/airflow/.local/lib/python3.12/site-packages/airflow/example_dags/example_kubernetes_executor.py took 0.062 seconds
[2025-03-12T14:02:23.936+0000] {processor.py:186} INFO - Started process (PID=8999) to work on /home/airflow/.local/lib/python3.12/site-packages/airflow/example_dags/example_kubernetes_executor.py
[2025-03-12T14:02:23.937+0000] {processor.py:914} INFO - Processing file /home/airflow/.local/lib/python3.12/site-packages/airflow/example_dags/example_kubernetes_executor.py for tasks to queue
[2025-03-12T14:02:23.939+0000] {logging_mixin.py:190} INFO - [2025-03-12T14:02:23.939+0000] {dagbag.py:588} INFO - Filling up the DagBag from /home/airflow/.local/lib/python3.12/site-packages/airflow/example_dags/example_kubernetes_executor.py
[2025-03-12T14:02:23.953+0000] {processor.py:925} INFO - DAG(s) 'example_kubernetes_executor' retrieved from /home/airflow/.local/lib/python3.12/site-packages/airflow/example_dags/example_kubernetes_executor.py
[2025-03-12T14:02:23.977+0000] {logging_mixin.py:190} INFO - [2025-03-12T14:02:23.977+0000] {dag.py:3239} INFO - Sync 1 DAGs
[2025-03-12T14:02:23.989+0000] {logging_mixin.py:190} INFO - [2025-03-12T14:02:23.988+0000] {dag.py:4180} INFO - Setting next_dagrun for example_kubernetes_executor to None, run_after=None
[2025-03-12T14:02:24.004+0000] {processor.py:208} INFO - Processing /home/airflow/.local/lib/python3.12/site-packages/airflow/example_dags/example_kubernetes_executor.py took 0.073 seconds
[2025-03-12T14:02:57.097+0000] {processor.py:186} INFO - Started process (PID=9305) to work on /home/airflow/.local/lib/python3.12/site-packages/airflow/example_dags/example_kubernetes_executor.py
[2025-03-12T14:02:57.098+0000] {processor.py:914} INFO - Processing file /home/airflow/.local/lib/python3.12/site-packages/airflow/example_dags/example_kubernetes_executor.py for tasks to queue
[2025-03-12T14:02:57.100+0000] {logging_mixin.py:190} INFO - [2025-03-12T14:02:57.100+0000] {dagbag.py:588} INFO - Filling up the DagBag from /home/airflow/.local/lib/python3.12/site-packages/airflow/example_dags/example_kubernetes_executor.py
[2025-03-12T14:02:57.115+0000] {processor.py:925} INFO - DAG(s) 'example_kubernetes_executor' retrieved from /home/airflow/.local/lib/python3.12/site-packages/airflow/example_dags/example_kubernetes_executor.py
[2025-03-12T14:02:57.137+0000] {logging_mixin.py:190} INFO - [2025-03-12T14:02:57.137+0000] {dag.py:3239} INFO - Sync 1 DAGs
[2025-03-12T14:02:57.152+0000] {logging_mixin.py:190} INFO - [2025-03-12T14:02:57.152+0000] {dag.py:4180} INFO - Setting next_dagrun for example_kubernetes_executor to None, run_after=None
[2025-03-12T14:02:57.170+0000] {processor.py:208} INFO - Processing /home/airflow/.local/lib/python3.12/site-packages/airflow/example_dags/example_kubernetes_executor.py took 0.079 seconds
[2025-03-12T14:03:30.091+0000] {processor.py:186} INFO - Started process (PID=9611) to work on /home/airflow/.local/lib/python3.12/site-packages/airflow/example_dags/example_kubernetes_executor.py
[2025-03-12T14:03:30.092+0000] {processor.py:914} INFO - Processing file /home/airflow/.local/lib/python3.12/site-packages/airflow/example_dags/example_kubernetes_executor.py for tasks to queue
[2025-03-12T14:03:30.095+0000] {logging_mixin.py:190} INFO - [2025-03-12T14:03:30.094+0000] {dagbag.py:588} INFO - Filling up the DagBag from /home/airflow/.local/lib/python3.12/site-packages/airflow/example_dags/example_kubernetes_executor.py
[2025-03-12T14:03:30.107+0000] {processor.py:925} INFO - DAG(s) 'example_kubernetes_executor' retrieved from /home/airflow/.local/lib/python3.12/site-packages/airflow/example_dags/example_kubernetes_executor.py
[2025-03-12T14:03:30.129+0000] {logging_mixin.py:190} INFO - [2025-03-12T14:03:30.128+0000] {dag.py:3239} INFO - Sync 1 DAGs
[2025-03-12T14:03:30.139+0000] {logging_mixin.py:190} INFO - [2025-03-12T14:03:30.139+0000] {dag.py:4180} INFO - Setting next_dagrun for example_kubernetes_executor to None, run_after=None
[2025-03-12T14:03:30.152+0000] {processor.py:208} INFO - Processing /home/airflow/.local/lib/python3.12/site-packages/airflow/example_dags/example_kubernetes_executor.py took 0.065 seconds
[2025-03-12T14:04:07.503+0000] {processor.py:186} INFO - Started process (PID=9922) to work on /home/airflow/.local/lib/python3.12/site-packages/airflow/example_dags/example_kubernetes_executor.py
[2025-03-12T14:04:07.514+0000] {processor.py:914} INFO - Processing file /home/airflow/.local/lib/python3.12/site-packages/airflow/example_dags/example_kubernetes_executor.py for tasks to queue
[2025-03-12T14:04:07.518+0000] {logging_mixin.py:190} INFO - [2025-03-12T14:04:07.518+0000] {dagbag.py:588} INFO - Filling up the DagBag from /home/airflow/.local/lib/python3.12/site-packages/airflow/example_dags/example_kubernetes_executor.py
[2025-03-12T14:04:07.569+0000] {processor.py:925} INFO - DAG(s) 'example_kubernetes_executor' retrieved from /home/airflow/.local/lib/python3.12/site-packages/airflow/example_dags/example_kubernetes_executor.py
[2025-03-12T14:04:07.647+0000] {logging_mixin.py:190} INFO - [2025-03-12T14:04:07.640+0000] {dag.py:3239} INFO - Sync 1 DAGs
[2025-03-12T14:04:07.687+0000] {logging_mixin.py:190} INFO - [2025-03-12T14:04:07.687+0000] {dag.py:4180} INFO - Setting next_dagrun for example_kubernetes_executor to None, run_after=None
[2025-03-12T14:04:07.761+0000] {processor.py:208} INFO - Processing /home/airflow/.local/lib/python3.12/site-packages/airflow/example_dags/example_kubernetes_executor.py took 0.270 seconds
[2025-03-12T14:04:38.818+0000] {processor.py:186} INFO - Started process (PID=10230) to work on /home/airflow/.local/lib/python3.12/site-packages/airflow/example_dags/example_kubernetes_executor.py
[2025-03-12T14:04:38.820+0000] {processor.py:914} INFO - Processing file /home/airflow/.local/lib/python3.12/site-packages/airflow/example_dags/example_kubernetes_executor.py for tasks to queue
[2025-03-12T14:04:38.826+0000] {logging_mixin.py:190} INFO - [2025-03-12T14:04:38.826+0000] {dagbag.py:588} INFO - Filling up the DagBag from /home/airflow/.local/lib/python3.12/site-packages/airflow/example_dags/example_kubernetes_executor.py
[2025-03-12T14:04:38.848+0000] {processor.py:925} INFO - DAG(s) 'example_kubernetes_executor' retrieved from /home/airflow/.local/lib/python3.12/site-packages/airflow/example_dags/example_kubernetes_executor.py
[2025-03-12T14:04:38.882+0000] {logging_mixin.py:190} INFO - [2025-03-12T14:04:38.882+0000] {dag.py:3239} INFO - Sync 1 DAGs
[2025-03-12T14:04:38.901+0000] {logging_mixin.py:190} INFO - [2025-03-12T14:04:38.901+0000] {dag.py:4180} INFO - Setting next_dagrun for example_kubernetes_executor to None, run_after=None
[2025-03-12T14:04:38.922+0000] {processor.py:208} INFO - Processing /home/airflow/.local/lib/python3.12/site-packages/airflow/example_dags/example_kubernetes_executor.py took 0.110 seconds
[2025-03-12T14:05:09.944+0000] {processor.py:186} INFO - Started process (PID=10536) to work on /home/airflow/.local/lib/python3.12/site-packages/airflow/example_dags/example_kubernetes_executor.py
[2025-03-12T14:05:09.945+0000] {processor.py:914} INFO - Processing file /home/airflow/.local/lib/python3.12/site-packages/airflow/example_dags/example_kubernetes_executor.py for tasks to queue
[2025-03-12T14:05:09.948+0000] {logging_mixin.py:190} INFO - [2025-03-12T14:05:09.947+0000] {dagbag.py:588} INFO - Filling up the DagBag from /home/airflow/.local/lib/python3.12/site-packages/airflow/example_dags/example_kubernetes_executor.py
[2025-03-12T14:05:09.961+0000] {processor.py:925} INFO - DAG(s) 'example_kubernetes_executor' retrieved from /home/airflow/.local/lib/python3.12/site-packages/airflow/example_dags/example_kubernetes_executor.py
[2025-03-12T14:05:09.985+0000] {logging_mixin.py:190} INFO - [2025-03-12T14:05:09.985+0000] {dag.py:3239} INFO - Sync 1 DAGs
[2025-03-12T14:05:09.998+0000] {logging_mixin.py:190} INFO - [2025-03-12T14:05:09.998+0000] {dag.py:4180} INFO - Setting next_dagrun for example_kubernetes_executor to None, run_after=None
[2025-03-12T14:05:10.015+0000] {processor.py:208} INFO - Processing /home/airflow/.local/lib/python3.12/site-packages/airflow/example_dags/example_kubernetes_executor.py took 0.077 seconds
[2025-03-12T14:05:44.661+0000] {processor.py:186} INFO - Started process (PID=10840) to work on /home/airflow/.local/lib/python3.12/site-packages/airflow/example_dags/example_kubernetes_executor.py
[2025-03-12T14:05:44.662+0000] {processor.py:914} INFO - Processing file /home/airflow/.local/lib/python3.12/site-packages/airflow/example_dags/example_kubernetes_executor.py for tasks to queue
[2025-03-12T14:05:44.665+0000] {logging_mixin.py:190} INFO - [2025-03-12T14:05:44.664+0000] {dagbag.py:588} INFO - Filling up the DagBag from /home/airflow/.local/lib/python3.12/site-packages/airflow/example_dags/example_kubernetes_executor.py
[2025-03-12T14:05:44.678+0000] {processor.py:925} INFO - DAG(s) 'example_kubernetes_executor' retrieved from /home/airflow/.local/lib/python3.12/site-packages/airflow/example_dags/example_kubernetes_executor.py
[2025-03-12T14:05:44.701+0000] {logging_mixin.py:190} INFO - [2025-03-12T14:05:44.701+0000] {dag.py:3239} INFO - Sync 1 DAGs
[2025-03-12T14:05:44.714+0000] {logging_mixin.py:190} INFO - [2025-03-12T14:05:44.714+0000] {dag.py:4180} INFO - Setting next_dagrun for example_kubernetes_executor to None, run_after=None
[2025-03-12T14:05:44.734+0000] {processor.py:208} INFO - Processing /home/airflow/.local/lib/python3.12/site-packages/airflow/example_dags/example_kubernetes_executor.py took 0.077 seconds
[2025-03-12T14:06:16.555+0000] {processor.py:186} INFO - Started process (PID=11146) to work on /home/airflow/.local/lib/python3.12/site-packages/airflow/example_dags/example_kubernetes_executor.py
[2025-03-12T14:06:16.556+0000] {processor.py:914} INFO - Processing file /home/airflow/.local/lib/python3.12/site-packages/airflow/example_dags/example_kubernetes_executor.py for tasks to queue
[2025-03-12T14:06:16.557+0000] {logging_mixin.py:190} INFO - [2025-03-12T14:06:16.557+0000] {dagbag.py:588} INFO - Filling up the DagBag from /home/airflow/.local/lib/python3.12/site-packages/airflow/example_dags/example_kubernetes_executor.py
[2025-03-12T14:06:16.568+0000] {processor.py:925} INFO - DAG(s) 'example_kubernetes_executor' retrieved from /home/airflow/.local/lib/python3.12/site-packages/airflow/example_dags/example_kubernetes_executor.py
[2025-03-12T14:06:16.589+0000] {logging_mixin.py:190} INFO - [2025-03-12T14:06:16.588+0000] {dag.py:3239} INFO - Sync 1 DAGs
[2025-03-12T14:06:16.600+0000] {logging_mixin.py:190} INFO - [2025-03-12T14:06:16.600+0000] {dag.py:4180} INFO - Setting next_dagrun for example_kubernetes_executor to None, run_after=None
[2025-03-12T14:06:16.615+0000] {processor.py:208} INFO - Processing /home/airflow/.local/lib/python3.12/site-packages/airflow/example_dags/example_kubernetes_executor.py took 0.064 seconds
[2025-03-12T14:06:50.124+0000] {processor.py:186} INFO - Started process (PID=11452) to work on /home/airflow/.local/lib/python3.12/site-packages/airflow/example_dags/example_kubernetes_executor.py
[2025-03-12T14:06:50.125+0000] {processor.py:914} INFO - Processing file /home/airflow/.local/lib/python3.12/site-packages/airflow/example_dags/example_kubernetes_executor.py for tasks to queue
[2025-03-12T14:06:50.127+0000] {logging_mixin.py:190} INFO - [2025-03-12T14:06:50.127+0000] {dagbag.py:588} INFO - Filling up the DagBag from /home/airflow/.local/lib/python3.12/site-packages/airflow/example_dags/example_kubernetes_executor.py
[2025-03-12T14:06:50.137+0000] {processor.py:925} INFO - DAG(s) 'example_kubernetes_executor' retrieved from /home/airflow/.local/lib/python3.12/site-packages/airflow/example_dags/example_kubernetes_executor.py
[2025-03-12T14:06:50.158+0000] {logging_mixin.py:190} INFO - [2025-03-12T14:06:50.158+0000] {dag.py:3239} INFO - Sync 1 DAGs
[2025-03-12T14:06:50.170+0000] {logging_mixin.py:190} INFO - [2025-03-12T14:06:50.170+0000] {dag.py:4180} INFO - Setting next_dagrun for example_kubernetes_executor to None, run_after=None
[2025-03-12T14:06:50.187+0000] {processor.py:208} INFO - Processing /home/airflow/.local/lib/python3.12/site-packages/airflow/example_dags/example_kubernetes_executor.py took 0.068 seconds
[2025-03-12T14:07:23.825+0000] {processor.py:186} INFO - Started process (PID=11758) to work on /home/airflow/.local/lib/python3.12/site-packages/airflow/example_dags/example_kubernetes_executor.py
[2025-03-12T14:07:23.827+0000] {processor.py:914} INFO - Processing file /home/airflow/.local/lib/python3.12/site-packages/airflow/example_dags/example_kubernetes_executor.py for tasks to queue
[2025-03-12T14:07:23.828+0000] {logging_mixin.py:190} INFO - [2025-03-12T14:07:23.828+0000] {dagbag.py:588} INFO - Filling up the DagBag from /home/airflow/.local/lib/python3.12/site-packages/airflow/example_dags/example_kubernetes_executor.py
[2025-03-12T14:07:23.839+0000] {processor.py:925} INFO - DAG(s) 'example_kubernetes_executor' retrieved from /home/airflow/.local/lib/python3.12/site-packages/airflow/example_dags/example_kubernetes_executor.py
[2025-03-12T14:07:23.857+0000] {logging_mixin.py:190} INFO - [2025-03-12T14:07:23.857+0000] {dag.py:3239} INFO - Sync 1 DAGs
[2025-03-12T14:07:23.869+0000] {logging_mixin.py:190} INFO - [2025-03-12T14:07:23.869+0000] {dag.py:4180} INFO - Setting next_dagrun for example_kubernetes_executor to None, run_after=None
[2025-03-12T14:07:23.884+0000] {processor.py:208} INFO - Processing /home/airflow/.local/lib/python3.12/site-packages/airflow/example_dags/example_kubernetes_executor.py took 0.062 seconds
[2025-03-12T14:07:56.921+0000] {processor.py:186} INFO - Started process (PID=12064) to work on /home/airflow/.local/lib/python3.12/site-packages/airflow/example_dags/example_kubernetes_executor.py
[2025-03-12T14:07:56.922+0000] {processor.py:914} INFO - Processing file /home/airflow/.local/lib/python3.12/site-packages/airflow/example_dags/example_kubernetes_executor.py for tasks to queue
[2025-03-12T14:07:56.923+0000] {logging_mixin.py:190} INFO - [2025-03-12T14:07:56.923+0000] {dagbag.py:588} INFO - Filling up the DagBag from /home/airflow/.local/lib/python3.12/site-packages/airflow/example_dags/example_kubernetes_executor.py
[2025-03-12T14:07:56.935+0000] {processor.py:925} INFO - DAG(s) 'example_kubernetes_executor' retrieved from /home/airflow/.local/lib/python3.12/site-packages/airflow/example_dags/example_kubernetes_executor.py
[2025-03-12T14:07:56.956+0000] {logging_mixin.py:190} INFO - [2025-03-12T14:07:56.956+0000] {dag.py:3239} INFO - Sync 1 DAGs
[2025-03-12T14:07:56.969+0000] {logging_mixin.py:190} INFO - [2025-03-12T14:07:56.968+0000] {dag.py:4180} INFO - Setting next_dagrun for example_kubernetes_executor to None, run_after=None
[2025-03-12T14:07:56.985+0000] {processor.py:208} INFO - Processing /home/airflow/.local/lib/python3.12/site-packages/airflow/example_dags/example_kubernetes_executor.py took 0.068 seconds
[2025-03-12T14:08:30.840+0000] {processor.py:186} INFO - Started process (PID=12370) to work on /home/airflow/.local/lib/python3.12/site-packages/airflow/example_dags/example_kubernetes_executor.py
[2025-03-12T14:08:30.841+0000] {processor.py:914} INFO - Processing file /home/airflow/.local/lib/python3.12/site-packages/airflow/example_dags/example_kubernetes_executor.py for tasks to queue
[2025-03-12T14:08:30.843+0000] {logging_mixin.py:190} INFO - [2025-03-12T14:08:30.843+0000] {dagbag.py:588} INFO - Filling up the DagBag from /home/airflow/.local/lib/python3.12/site-packages/airflow/example_dags/example_kubernetes_executor.py
[2025-03-12T14:08:30.853+0000] {processor.py:925} INFO - DAG(s) 'example_kubernetes_executor' retrieved from /home/airflow/.local/lib/python3.12/site-packages/airflow/example_dags/example_kubernetes_executor.py
[2025-03-12T14:08:30.871+0000] {logging_mixin.py:190} INFO - [2025-03-12T14:08:30.871+0000] {dag.py:3239} INFO - Sync 1 DAGs
[2025-03-12T14:08:30.881+0000] {logging_mixin.py:190} INFO - [2025-03-12T14:08:30.881+0000] {dag.py:4180} INFO - Setting next_dagrun for example_kubernetes_executor to None, run_after=None
[2025-03-12T14:08:30.895+0000] {processor.py:208} INFO - Processing /home/airflow/.local/lib/python3.12/site-packages/airflow/example_dags/example_kubernetes_executor.py took 0.059 seconds
[2025-03-12T14:09:04.406+0000] {processor.py:186} INFO - Started process (PID=12676) to work on /home/airflow/.local/lib/python3.12/site-packages/airflow/example_dags/example_kubernetes_executor.py
[2025-03-12T14:09:04.407+0000] {processor.py:914} INFO - Processing file /home/airflow/.local/lib/python3.12/site-packages/airflow/example_dags/example_kubernetes_executor.py for tasks to queue
[2025-03-12T14:09:04.409+0000] {logging_mixin.py:190} INFO - [2025-03-12T14:09:04.408+0000] {dagbag.py:588} INFO - Filling up the DagBag from /home/airflow/.local/lib/python3.12/site-packages/airflow/example_dags/example_kubernetes_executor.py
[2025-03-12T14:09:04.420+0000] {processor.py:925} INFO - DAG(s) 'example_kubernetes_executor' retrieved from /home/airflow/.local/lib/python3.12/site-packages/airflow/example_dags/example_kubernetes_executor.py
[2025-03-12T14:09:04.439+0000] {logging_mixin.py:190} INFO - [2025-03-12T14:09:04.439+0000] {dag.py:3239} INFO - Sync 1 DAGs
[2025-03-12T14:09:04.451+0000] {logging_mixin.py:190} INFO - [2025-03-12T14:09:04.451+0000] {dag.py:4180} INFO - Setting next_dagrun for example_kubernetes_executor to None, run_after=None
[2025-03-12T14:09:04.468+0000] {processor.py:208} INFO - Processing /home/airflow/.local/lib/python3.12/site-packages/airflow/example_dags/example_kubernetes_executor.py took 0.066 seconds
[2025-03-12T14:09:37.415+0000] {processor.py:186} INFO - Started process (PID=12982) to work on /home/airflow/.local/lib/python3.12/site-packages/airflow/example_dags/example_kubernetes_executor.py
[2025-03-12T14:09:37.416+0000] {processor.py:914} INFO - Processing file /home/airflow/.local/lib/python3.12/site-packages/airflow/example_dags/example_kubernetes_executor.py for tasks to queue
[2025-03-12T14:09:37.418+0000] {logging_mixin.py:190} INFO - [2025-03-12T14:09:37.418+0000] {dagbag.py:588} INFO - Filling up the DagBag from /home/airflow/.local/lib/python3.12/site-packages/airflow/example_dags/example_kubernetes_executor.py
[2025-03-12T14:09:37.431+0000] {processor.py:925} INFO - DAG(s) 'example_kubernetes_executor' retrieved from /home/airflow/.local/lib/python3.12/site-packages/airflow/example_dags/example_kubernetes_executor.py
[2025-03-12T14:09:37.453+0000] {logging_mixin.py:190} INFO - [2025-03-12T14:09:37.453+0000] {dag.py:3239} INFO - Sync 1 DAGs
[2025-03-12T14:09:37.474+0000] {logging_mixin.py:190} INFO - [2025-03-12T14:09:37.473+0000] {dag.py:4180} INFO - Setting next_dagrun for example_kubernetes_executor to None, run_after=None
[2025-03-12T14:09:37.494+0000] {processor.py:208} INFO - Processing /home/airflow/.local/lib/python3.12/site-packages/airflow/example_dags/example_kubernetes_executor.py took 0.084 seconds
[2025-03-12T14:10:10.355+0000] {processor.py:186} INFO - Started process (PID=13290) to work on /home/airflow/.local/lib/python3.12/site-packages/airflow/example_dags/example_kubernetes_executor.py
[2025-03-12T14:10:10.356+0000] {processor.py:914} INFO - Processing file /home/airflow/.local/lib/python3.12/site-packages/airflow/example_dags/example_kubernetes_executor.py for tasks to queue
[2025-03-12T14:10:10.358+0000] {logging_mixin.py:190} INFO - [2025-03-12T14:10:10.357+0000] {dagbag.py:588} INFO - Filling up the DagBag from /home/airflow/.local/lib/python3.12/site-packages/airflow/example_dags/example_kubernetes_executor.py
[2025-03-12T14:10:10.370+0000] {processor.py:925} INFO - DAG(s) 'example_kubernetes_executor' retrieved from /home/airflow/.local/lib/python3.12/site-packages/airflow/example_dags/example_kubernetes_executor.py
[2025-03-12T14:10:10.396+0000] {logging_mixin.py:190} INFO - [2025-03-12T14:10:10.396+0000] {dag.py:3239} INFO - Sync 1 DAGs
[2025-03-12T14:10:10.409+0000] {logging_mixin.py:190} INFO - [2025-03-12T14:10:10.409+0000] {dag.py:4180} INFO - Setting next_dagrun for example_kubernetes_executor to None, run_after=None
[2025-03-12T14:10:10.427+0000] {processor.py:208} INFO - Processing /home/airflow/.local/lib/python3.12/site-packages/airflow/example_dags/example_kubernetes_executor.py took 0.076 seconds
[2025-03-12T14:10:43.231+0000] {processor.py:186} INFO - Started process (PID=13594) to work on /home/airflow/.local/lib/python3.12/site-packages/airflow/example_dags/example_kubernetes_executor.py
[2025-03-12T14:10:43.232+0000] {processor.py:914} INFO - Processing file /home/airflow/.local/lib/python3.12/site-packages/airflow/example_dags/example_kubernetes_executor.py for tasks to queue
[2025-03-12T14:10:43.234+0000] {logging_mixin.py:190} INFO - [2025-03-12T14:10:43.234+0000] {dagbag.py:588} INFO - Filling up the DagBag from /home/airflow/.local/lib/python3.12/site-packages/airflow/example_dags/example_kubernetes_executor.py
[2025-03-12T14:10:43.248+0000] {processor.py:925} INFO - DAG(s) 'example_kubernetes_executor' retrieved from /home/airflow/.local/lib/python3.12/site-packages/airflow/example_dags/example_kubernetes_executor.py
[2025-03-12T14:10:43.277+0000] {logging_mixin.py:190} INFO - [2025-03-12T14:10:43.277+0000] {dag.py:3239} INFO - Sync 1 DAGs
[2025-03-12T14:10:43.291+0000] {logging_mixin.py:190} INFO - [2025-03-12T14:10:43.291+0000] {dag.py:4180} INFO - Setting next_dagrun for example_kubernetes_executor to None, run_after=None
[2025-03-12T14:10:43.306+0000] {processor.py:208} INFO - Processing /home/airflow/.local/lib/python3.12/site-packages/airflow/example_dags/example_kubernetes_executor.py took 0.082 seconds
[2025-03-12T14:11:17.283+0000] {processor.py:186} INFO - Started process (PID=13900) to work on /home/airflow/.local/lib/python3.12/site-packages/airflow/example_dags/example_kubernetes_executor.py
[2025-03-12T14:11:17.284+0000] {processor.py:914} INFO - Processing file /home/airflow/.local/lib/python3.12/site-packages/airflow/example_dags/example_kubernetes_executor.py for tasks to queue
[2025-03-12T14:11:17.286+0000] {logging_mixin.py:190} INFO - [2025-03-12T14:11:17.286+0000] {dagbag.py:588} INFO - Filling up the DagBag from /home/airflow/.local/lib/python3.12/site-packages/airflow/example_dags/example_kubernetes_executor.py
[2025-03-12T14:11:17.301+0000] {processor.py:925} INFO - DAG(s) 'example_kubernetes_executor' retrieved from /home/airflow/.local/lib/python3.12/site-packages/airflow/example_dags/example_kubernetes_executor.py
[2025-03-12T14:11:17.323+0000] {logging_mixin.py:190} INFO - [2025-03-12T14:11:17.322+0000] {dag.py:3239} INFO - Sync 1 DAGs
[2025-03-12T14:11:17.336+0000] {logging_mixin.py:190} INFO - [2025-03-12T14:11:17.336+0000] {dag.py:4180} INFO - Setting next_dagrun for example_kubernetes_executor to None, run_after=None
[2025-03-12T14:11:17.354+0000] {processor.py:208} INFO - Processing /home/airflow/.local/lib/python3.12/site-packages/airflow/example_dags/example_kubernetes_executor.py took 0.076 seconds
[2025-03-12T14:11:50.368+0000] {processor.py:186} INFO - Started process (PID=14207) to work on /home/airflow/.local/lib/python3.12/site-packages/airflow/example_dags/example_kubernetes_executor.py
[2025-03-12T14:11:50.369+0000] {processor.py:914} INFO - Processing file /home/airflow/.local/lib/python3.12/site-packages/airflow/example_dags/example_kubernetes_executor.py for tasks to queue
[2025-03-12T14:11:50.371+0000] {logging_mixin.py:190} INFO - [2025-03-12T14:11:50.371+0000] {dagbag.py:588} INFO - Filling up the DagBag from /home/airflow/.local/lib/python3.12/site-packages/airflow/example_dags/example_kubernetes_executor.py
[2025-03-12T14:11:50.381+0000] {processor.py:925} INFO - DAG(s) 'example_kubernetes_executor' retrieved from /home/airflow/.local/lib/python3.12/site-packages/airflow/example_dags/example_kubernetes_executor.py
[2025-03-12T14:11:50.400+0000] {logging_mixin.py:190} INFO - [2025-03-12T14:11:50.400+0000] {dag.py:3239} INFO - Sync 1 DAGs
[2025-03-12T14:11:50.410+0000] {logging_mixin.py:190} INFO - [2025-03-12T14:11:50.410+0000] {dag.py:4180} INFO - Setting next_dagrun for example_kubernetes_executor to None, run_after=None
[2025-03-12T14:11:50.425+0000] {processor.py:208} INFO - Processing /home/airflow/.local/lib/python3.12/site-packages/airflow/example_dags/example_kubernetes_executor.py took 0.062 seconds
[2025-03-12T14:12:24.948+0000] {processor.py:186} INFO - Started process (PID=14515) to work on /home/airflow/.local/lib/python3.12/site-packages/airflow/example_dags/example_kubernetes_executor.py
[2025-03-12T14:12:24.949+0000] {processor.py:914} INFO - Processing file /home/airflow/.local/lib/python3.12/site-packages/airflow/example_dags/example_kubernetes_executor.py for tasks to queue
[2025-03-12T14:12:24.950+0000] {logging_mixin.py:190} INFO - [2025-03-12T14:12:24.950+0000] {dagbag.py:588} INFO - Filling up the DagBag from /home/airflow/.local/lib/python3.12/site-packages/airflow/example_dags/example_kubernetes_executor.py
[2025-03-12T14:12:24.961+0000] {processor.py:925} INFO - DAG(s) 'example_kubernetes_executor' retrieved from /home/airflow/.local/lib/python3.12/site-packages/airflow/example_dags/example_kubernetes_executor.py
[2025-03-12T14:12:24.979+0000] {logging_mixin.py:190} INFO - [2025-03-12T14:12:24.979+0000] {dag.py:3239} INFO - Sync 1 DAGs
[2025-03-12T14:12:24.990+0000] {logging_mixin.py:190} INFO - [2025-03-12T14:12:24.990+0000] {dag.py:4180} INFO - Setting next_dagrun for example_kubernetes_executor to None, run_after=None
[2025-03-12T14:12:25.005+0000] {processor.py:208} INFO - Processing /home/airflow/.local/lib/python3.12/site-packages/airflow/example_dags/example_kubernetes_executor.py took 0.061 seconds
[2025-03-12T14:14:10.429+0000] {processor.py:186} INFO - Started process (PID=448) to work on /home/airflow/.local/lib/python3.12/site-packages/airflow/example_dags/example_kubernetes_executor.py
[2025-03-12T14:14:10.431+0000] {processor.py:914} INFO - Processing file /home/airflow/.local/lib/python3.12/site-packages/airflow/example_dags/example_kubernetes_executor.py for tasks to queue
[2025-03-12T14:14:10.433+0000] {logging_mixin.py:190} INFO - [2025-03-12T14:14:10.432+0000] {dagbag.py:588} INFO - Filling up the DagBag from /home/airflow/.local/lib/python3.12/site-packages/airflow/example_dags/example_kubernetes_executor.py
[2025-03-12T14:14:10.449+0000] {processor.py:925} INFO - DAG(s) 'example_kubernetes_executor' retrieved from /home/airflow/.local/lib/python3.12/site-packages/airflow/example_dags/example_kubernetes_executor.py
[2025-03-12T14:14:10.558+0000] {logging_mixin.py:190} INFO - [2025-03-12T14:14:10.557+0000] {override.py:1912} INFO - Created Permission View: can read on DAG:example_kubernetes_executor
[2025-03-12T14:14:10.568+0000] {logging_mixin.py:190} INFO - [2025-03-12T14:14:10.567+0000] {override.py:1912} INFO - Created Permission View: can edit on DAG:example_kubernetes_executor
[2025-03-12T14:14:10.574+0000] {logging_mixin.py:190} INFO - [2025-03-12T14:14:10.574+0000] {override.py:1912} INFO - Created Permission View: can delete on DAG:example_kubernetes_executor
[2025-03-12T14:14:10.581+0000] {logging_mixin.py:190} INFO - [2025-03-12T14:14:10.581+0000] {override.py:1912} INFO - Created Permission View: can create on DAG Run:example_kubernetes_executor
[2025-03-12T14:14:10.588+0000] {logging_mixin.py:190} INFO - [2025-03-12T14:14:10.587+0000] {override.py:1912} INFO - Created Permission View: can read on DAG Run:example_kubernetes_executor
[2025-03-12T14:14:10.595+0000] {logging_mixin.py:190} INFO - [2025-03-12T14:14:10.595+0000] {override.py:1912} INFO - Created Permission View: menu access on DAG Run:example_kubernetes_executor
[2025-03-12T14:14:10.602+0000] {logging_mixin.py:190} INFO - [2025-03-12T14:14:10.602+0000] {override.py:1912} INFO - Created Permission View: can delete on DAG Run:example_kubernetes_executor
[2025-03-12T14:14:10.603+0000] {logging_mixin.py:190} INFO - [2025-03-12T14:14:10.603+0000] {dag.py:3239} INFO - Sync 1 DAGs
[2025-03-12T14:14:10.615+0000] {logging_mixin.py:190} INFO - [2025-03-12T14:14:10.615+0000] {dag.py:3262} INFO - Creating ORM DAG for example_kubernetes_executor
[2025-03-12T14:14:10.616+0000] {logging_mixin.py:190} INFO - [2025-03-12T14:14:10.616+0000] {dag.py:4180} INFO - Setting next_dagrun for example_kubernetes_executor to None, run_after=None
[2025-03-12T14:14:10.634+0000] {processor.py:208} INFO - Processing /home/airflow/.local/lib/python3.12/site-packages/airflow/example_dags/example_kubernetes_executor.py took 0.210 seconds
[2025-03-12T14:14:40.695+0000] {processor.py:186} INFO - Started process (PID=756) to work on /home/airflow/.local/lib/python3.12/site-packages/airflow/example_dags/example_kubernetes_executor.py
[2025-03-12T14:14:40.695+0000] {processor.py:914} INFO - Processing file /home/airflow/.local/lib/python3.12/site-packages/airflow/example_dags/example_kubernetes_executor.py for tasks to queue
[2025-03-12T14:14:40.697+0000] {logging_mixin.py:190} INFO - [2025-03-12T14:14:40.697+0000] {dagbag.py:588} INFO - Filling up the DagBag from /home/airflow/.local/lib/python3.12/site-packages/airflow/example_dags/example_kubernetes_executor.py
[2025-03-12T14:14:40.707+0000] {processor.py:925} INFO - DAG(s) 'example_kubernetes_executor' retrieved from /home/airflow/.local/lib/python3.12/site-packages/airflow/example_dags/example_kubernetes_executor.py
[2025-03-12T14:14:40.725+0000] {logging_mixin.py:190} INFO - [2025-03-12T14:14:40.725+0000] {dag.py:3239} INFO - Sync 1 DAGs
[2025-03-12T14:14:40.735+0000] {logging_mixin.py:190} INFO - [2025-03-12T14:14:40.735+0000] {dag.py:4180} INFO - Setting next_dagrun for example_kubernetes_executor to None, run_after=None
[2025-03-12T14:14:40.750+0000] {processor.py:208} INFO - Processing /home/airflow/.local/lib/python3.12/site-packages/airflow/example_dags/example_kubernetes_executor.py took 0.060 seconds
[2025-03-12T14:15:11.294+0000] {processor.py:186} INFO - Started process (PID=1060) to work on /home/airflow/.local/lib/python3.12/site-packages/airflow/example_dags/example_kubernetes_executor.py
[2025-03-12T14:15:11.295+0000] {processor.py:914} INFO - Processing file /home/airflow/.local/lib/python3.12/site-packages/airflow/example_dags/example_kubernetes_executor.py for tasks to queue
[2025-03-12T14:15:11.297+0000] {logging_mixin.py:190} INFO - [2025-03-12T14:15:11.297+0000] {dagbag.py:588} INFO - Filling up the DagBag from /home/airflow/.local/lib/python3.12/site-packages/airflow/example_dags/example_kubernetes_executor.py
[2025-03-12T14:15:11.310+0000] {processor.py:925} INFO - DAG(s) 'example_kubernetes_executor' retrieved from /home/airflow/.local/lib/python3.12/site-packages/airflow/example_dags/example_kubernetes_executor.py
[2025-03-12T14:15:11.333+0000] {logging_mixin.py:190} INFO - [2025-03-12T14:15:11.333+0000] {dag.py:3239} INFO - Sync 1 DAGs
[2025-03-12T14:15:11.344+0000] {logging_mixin.py:190} INFO - [2025-03-12T14:15:11.344+0000] {dag.py:4180} INFO - Setting next_dagrun for example_kubernetes_executor to None, run_after=None
[2025-03-12T14:15:11.361+0000] {processor.py:208} INFO - Processing /home/airflow/.local/lib/python3.12/site-packages/airflow/example_dags/example_kubernetes_executor.py took 0.072 seconds
[2025-03-12T14:15:44.504+0000] {processor.py:186} INFO - Started process (PID=1368) to work on /home/airflow/.local/lib/python3.12/site-packages/airflow/example_dags/example_kubernetes_executor.py
[2025-03-12T14:15:44.505+0000] {processor.py:914} INFO - Processing file /home/airflow/.local/lib/python3.12/site-packages/airflow/example_dags/example_kubernetes_executor.py for tasks to queue
[2025-03-12T14:15:44.507+0000] {logging_mixin.py:190} INFO - [2025-03-12T14:15:44.506+0000] {dagbag.py:588} INFO - Filling up the DagBag from /home/airflow/.local/lib/python3.12/site-packages/airflow/example_dags/example_kubernetes_executor.py
[2025-03-12T14:15:44.518+0000] {processor.py:925} INFO - DAG(s) 'example_kubernetes_executor' retrieved from /home/airflow/.local/lib/python3.12/site-packages/airflow/example_dags/example_kubernetes_executor.py
[2025-03-12T14:15:44.538+0000] {logging_mixin.py:190} INFO - [2025-03-12T14:15:44.537+0000] {dag.py:3239} INFO - Sync 1 DAGs
[2025-03-12T14:15:44.548+0000] {logging_mixin.py:190} INFO - [2025-03-12T14:15:44.548+0000] {dag.py:4180} INFO - Setting next_dagrun for example_kubernetes_executor to None, run_after=None
[2025-03-12T14:15:44.565+0000] {processor.py:208} INFO - Processing /home/airflow/.local/lib/python3.12/site-packages/airflow/example_dags/example_kubernetes_executor.py took 0.065 seconds
[2025-03-12T14:16:17.917+0000] {processor.py:186} INFO - Started process (PID=1673) to work on /home/airflow/.local/lib/python3.12/site-packages/airflow/example_dags/example_kubernetes_executor.py
[2025-03-12T14:16:17.918+0000] {processor.py:914} INFO - Processing file /home/airflow/.local/lib/python3.12/site-packages/airflow/example_dags/example_kubernetes_executor.py for tasks to queue
[2025-03-12T14:16:17.920+0000] {logging_mixin.py:190} INFO - [2025-03-12T14:16:17.920+0000] {dagbag.py:588} INFO - Filling up the DagBag from /home/airflow/.local/lib/python3.12/site-packages/airflow/example_dags/example_kubernetes_executor.py
[2025-03-12T14:16:17.932+0000] {processor.py:925} INFO - DAG(s) 'example_kubernetes_executor' retrieved from /home/airflow/.local/lib/python3.12/site-packages/airflow/example_dags/example_kubernetes_executor.py
[2025-03-12T14:16:17.952+0000] {logging_mixin.py:190} INFO - [2025-03-12T14:16:17.952+0000] {dag.py:3239} INFO - Sync 1 DAGs
[2025-03-12T14:16:17.965+0000] {logging_mixin.py:190} INFO - [2025-03-12T14:16:17.965+0000] {dag.py:4180} INFO - Setting next_dagrun for example_kubernetes_executor to None, run_after=None
[2025-03-12T14:16:17.981+0000] {processor.py:208} INFO - Processing /home/airflow/.local/lib/python3.12/site-packages/airflow/example_dags/example_kubernetes_executor.py took 0.068 seconds
[2025-03-12T14:16:51.070+0000] {processor.py:186} INFO - Started process (PID=1979) to work on /home/airflow/.local/lib/python3.12/site-packages/airflow/example_dags/example_kubernetes_executor.py
[2025-03-12T14:16:51.071+0000] {processor.py:914} INFO - Processing file /home/airflow/.local/lib/python3.12/site-packages/airflow/example_dags/example_kubernetes_executor.py for tasks to queue
[2025-03-12T14:16:51.073+0000] {logging_mixin.py:190} INFO - [2025-03-12T14:16:51.073+0000] {dagbag.py:588} INFO - Filling up the DagBag from /home/airflow/.local/lib/python3.12/site-packages/airflow/example_dags/example_kubernetes_executor.py
[2025-03-12T14:16:51.087+0000] {processor.py:925} INFO - DAG(s) 'example_kubernetes_executor' retrieved from /home/airflow/.local/lib/python3.12/site-packages/airflow/example_dags/example_kubernetes_executor.py
[2025-03-12T14:16:51.110+0000] {logging_mixin.py:190} INFO - [2025-03-12T14:16:51.110+0000] {dag.py:3239} INFO - Sync 1 DAGs
[2025-03-12T14:16:51.124+0000] {logging_mixin.py:190} INFO - [2025-03-12T14:16:51.124+0000] {dag.py:4180} INFO - Setting next_dagrun for example_kubernetes_executor to None, run_after=None
[2025-03-12T14:16:51.139+0000] {processor.py:208} INFO - Processing /home/airflow/.local/lib/python3.12/site-packages/airflow/example_dags/example_kubernetes_executor.py took 0.074 seconds
[2025-03-12T14:17:24.459+0000] {processor.py:186} INFO - Started process (PID=2285) to work on /home/airflow/.local/lib/python3.12/site-packages/airflow/example_dags/example_kubernetes_executor.py
[2025-03-12T14:17:24.460+0000] {processor.py:914} INFO - Processing file /home/airflow/.local/lib/python3.12/site-packages/airflow/example_dags/example_kubernetes_executor.py for tasks to queue
[2025-03-12T14:17:24.462+0000] {logging_mixin.py:190} INFO - [2025-03-12T14:17:24.462+0000] {dagbag.py:588} INFO - Filling up the DagBag from /home/airflow/.local/lib/python3.12/site-packages/airflow/example_dags/example_kubernetes_executor.py
[2025-03-12T14:17:24.474+0000] {processor.py:925} INFO - DAG(s) 'example_kubernetes_executor' retrieved from /home/airflow/.local/lib/python3.12/site-packages/airflow/example_dags/example_kubernetes_executor.py
[2025-03-12T14:17:24.496+0000] {logging_mixin.py:190} INFO - [2025-03-12T14:17:24.496+0000] {dag.py:3239} INFO - Sync 1 DAGs
[2025-03-12T14:17:24.508+0000] {logging_mixin.py:190} INFO - [2025-03-12T14:17:24.508+0000] {dag.py:4180} INFO - Setting next_dagrun for example_kubernetes_executor to None, run_after=None
[2025-03-12T14:17:24.528+0000] {processor.py:208} INFO - Processing /home/airflow/.local/lib/python3.12/site-packages/airflow/example_dags/example_kubernetes_executor.py took 0.075 seconds
[2025-03-12T14:17:57.833+0000] {processor.py:186} INFO - Started process (PID=2591) to work on /home/airflow/.local/lib/python3.12/site-packages/airflow/example_dags/example_kubernetes_executor.py
[2025-03-12T14:17:57.834+0000] {processor.py:914} INFO - Processing file /home/airflow/.local/lib/python3.12/site-packages/airflow/example_dags/example_kubernetes_executor.py for tasks to queue
[2025-03-12T14:17:57.836+0000] {logging_mixin.py:190} INFO - [2025-03-12T14:17:57.836+0000] {dagbag.py:588} INFO - Filling up the DagBag from /home/airflow/.local/lib/python3.12/site-packages/airflow/example_dags/example_kubernetes_executor.py
[2025-03-12T14:17:57.847+0000] {processor.py:925} INFO - DAG(s) 'example_kubernetes_executor' retrieved from /home/airflow/.local/lib/python3.12/site-packages/airflow/example_dags/example_kubernetes_executor.py
[2025-03-12T14:17:57.867+0000] {logging_mixin.py:190} INFO - [2025-03-12T14:17:57.867+0000] {dag.py:3239} INFO - Sync 1 DAGs
[2025-03-12T14:17:57.879+0000] {logging_mixin.py:190} INFO - [2025-03-12T14:17:57.878+0000] {dag.py:4180} INFO - Setting next_dagrun for example_kubernetes_executor to None, run_after=None
[2025-03-12T14:17:57.894+0000] {processor.py:208} INFO - Processing /home/airflow/.local/lib/python3.12/site-packages/airflow/example_dags/example_kubernetes_executor.py took 0.066 seconds
[2025-03-12T14:18:30.524+0000] {processor.py:186} INFO - Started process (PID=2897) to work on /home/airflow/.local/lib/python3.12/site-packages/airflow/example_dags/example_kubernetes_executor.py
[2025-03-12T14:18:30.525+0000] {processor.py:914} INFO - Processing file /home/airflow/.local/lib/python3.12/site-packages/airflow/example_dags/example_kubernetes_executor.py for tasks to queue
[2025-03-12T14:18:30.527+0000] {logging_mixin.py:190} INFO - [2025-03-12T14:18:30.526+0000] {dagbag.py:588} INFO - Filling up the DagBag from /home/airflow/.local/lib/python3.12/site-packages/airflow/example_dags/example_kubernetes_executor.py
[2025-03-12T14:18:30.537+0000] {processor.py:925} INFO - DAG(s) 'example_kubernetes_executor' retrieved from /home/airflow/.local/lib/python3.12/site-packages/airflow/example_dags/example_kubernetes_executor.py
[2025-03-12T14:18:30.558+0000] {logging_mixin.py:190} INFO - [2025-03-12T14:18:30.558+0000] {dag.py:3239} INFO - Sync 1 DAGs
[2025-03-12T14:18:30.571+0000] {logging_mixin.py:190} INFO - [2025-03-12T14:18:30.571+0000] {dag.py:4180} INFO - Setting next_dagrun for example_kubernetes_executor to None, run_after=None
[2025-03-12T14:18:30.587+0000] {processor.py:208} INFO - Processing /home/airflow/.local/lib/python3.12/site-packages/airflow/example_dags/example_kubernetes_executor.py took 0.068 seconds
[2025-03-12T14:19:03.543+0000] {processor.py:186} INFO - Started process (PID=3203) to work on /home/airflow/.local/lib/python3.12/site-packages/airflow/example_dags/example_kubernetes_executor.py
[2025-03-12T14:19:03.544+0000] {processor.py:914} INFO - Processing file /home/airflow/.local/lib/python3.12/site-packages/airflow/example_dags/example_kubernetes_executor.py for tasks to queue
[2025-03-12T14:19:03.546+0000] {logging_mixin.py:190} INFO - [2025-03-12T14:19:03.546+0000] {dagbag.py:588} INFO - Filling up the DagBag from /home/airflow/.local/lib/python3.12/site-packages/airflow/example_dags/example_kubernetes_executor.py
[2025-03-12T14:19:03.558+0000] {processor.py:925} INFO - DAG(s) 'example_kubernetes_executor' retrieved from /home/airflow/.local/lib/python3.12/site-packages/airflow/example_dags/example_kubernetes_executor.py
[2025-03-12T14:19:03.578+0000] {logging_mixin.py:190} INFO - [2025-03-12T14:19:03.577+0000] {dag.py:3239} INFO - Sync 1 DAGs
[2025-03-12T14:19:03.592+0000] {logging_mixin.py:190} INFO - [2025-03-12T14:19:03.592+0000] {dag.py:4180} INFO - Setting next_dagrun for example_kubernetes_executor to None, run_after=None
[2025-03-12T14:19:03.611+0000] {processor.py:208} INFO - Processing /home/airflow/.local/lib/python3.12/site-packages/airflow/example_dags/example_kubernetes_executor.py took 0.072 seconds
[2025-03-12T14:19:37.703+0000] {processor.py:186} INFO - Started process (PID=3509) to work on /home/airflow/.local/lib/python3.12/site-packages/airflow/example_dags/example_kubernetes_executor.py
[2025-03-12T14:19:37.704+0000] {processor.py:914} INFO - Processing file /home/airflow/.local/lib/python3.12/site-packages/airflow/example_dags/example_kubernetes_executor.py for tasks to queue
[2025-03-12T14:19:37.706+0000] {logging_mixin.py:190} INFO - [2025-03-12T14:19:37.706+0000] {dagbag.py:588} INFO - Filling up the DagBag from /home/airflow/.local/lib/python3.12/site-packages/airflow/example_dags/example_kubernetes_executor.py
[2025-03-12T14:19:37.717+0000] {processor.py:925} INFO - DAG(s) 'example_kubernetes_executor' retrieved from /home/airflow/.local/lib/python3.12/site-packages/airflow/example_dags/example_kubernetes_executor.py
[2025-03-12T14:19:37.738+0000] {logging_mixin.py:190} INFO - [2025-03-12T14:19:37.738+0000] {dag.py:3239} INFO - Sync 1 DAGs
[2025-03-12T14:19:37.749+0000] {logging_mixin.py:190} INFO - [2025-03-12T14:19:37.749+0000] {dag.py:4180} INFO - Setting next_dagrun for example_kubernetes_executor to None, run_after=None
[2025-03-12T14:19:37.767+0000] {processor.py:208} INFO - Processing /home/airflow/.local/lib/python3.12/site-packages/airflow/example_dags/example_kubernetes_executor.py took 0.069 seconds
