[2025-03-12T13:45:07.027+0000] {processor.py:186} INFO - Started process (PID=387) to work on /home/airflow/.local/lib/python3.12/site-packages/airflow/example_dags/example_dag_decorator.py
[2025-03-12T13:45:07.028+0000] {processor.py:914} INFO - Processing file /home/airflow/.local/lib/python3.12/site-packages/airflow/example_dags/example_dag_decorator.py for tasks to queue
[2025-03-12T13:45:07.030+0000] {logging_mixin.py:190} INFO - [2025-03-12T13:45:07.030+0000] {dagbag.py:588} INFO - Filling up the DagBag from /home/airflow/.local/lib/python3.12/site-packages/airflow/example_dags/example_dag_decorator.py
[2025-03-12T13:45:07.409+0000] {processor.py:925} INFO - DAG(s) 'example_dag_decorator' retrieved from /home/airflow/.local/lib/python3.12/site-packages/airflow/example_dags/example_dag_decorator.py
[2025-03-12T13:45:07.511+0000] {logging_mixin.py:190} INFO - [2025-03-12T13:45:07.511+0000] {override.py:1912} INFO - Created Permission View: can edit on DAG:example_dag_decorator
[2025-03-12T13:45:07.521+0000] {logging_mixin.py:190} INFO - [2025-03-12T13:45:07.521+0000] {override.py:1912} INFO - Created Permission View: can delete on DAG:example_dag_decorator
[2025-03-12T13:45:07.529+0000] {logging_mixin.py:190} INFO - [2025-03-12T13:45:07.528+0000] {override.py:1912} INFO - Created Permission View: can read on DAG:example_dag_decorator
[2025-03-12T13:45:07.537+0000] {logging_mixin.py:190} INFO - [2025-03-12T13:45:07.537+0000] {override.py:1912} INFO - Created Permission View: can delete on DAG Run:example_dag_decorator
[2025-03-12T13:45:07.545+0000] {logging_mixin.py:190} INFO - [2025-03-12T13:45:07.544+0000] {override.py:1912} INFO - Created Permission View: menu access on DAG Run:example_dag_decorator
[2025-03-12T13:45:07.551+0000] {logging_mixin.py:190} INFO - [2025-03-12T13:45:07.551+0000] {override.py:1912} INFO - Created Permission View: can create on DAG Run:example_dag_decorator
[2025-03-12T13:45:07.559+0000] {logging_mixin.py:190} INFO - [2025-03-12T13:45:07.558+0000] {override.py:1912} INFO - Created Permission View: can read on DAG Run:example_dag_decorator
[2025-03-12T13:45:07.559+0000] {logging_mixin.py:190} INFO - [2025-03-12T13:45:07.559+0000] {dag.py:3239} INFO - Sync 1 DAGs
[2025-03-12T13:45:07.571+0000] {logging_mixin.py:190} INFO - [2025-03-12T13:45:07.571+0000] {dag.py:3262} INFO - Creating ORM DAG for example_dag_decorator
[2025-03-12T13:45:07.572+0000] {logging_mixin.py:190} INFO - [2025-03-12T13:45:07.572+0000] {dag.py:4180} INFO - Setting next_dagrun for example_dag_decorator to None, run_after=None
[2025-03-12T13:45:07.597+0000] {processor.py:208} INFO - Processing /home/airflow/.local/lib/python3.12/site-packages/airflow/example_dags/example_dag_decorator.py took 0.576 seconds
[2025-03-12T13:45:40.619+0000] {processor.py:186} INFO - Started process (PID=695) to work on /home/airflow/.local/lib/python3.12/site-packages/airflow/example_dags/example_dag_decorator.py
[2025-03-12T13:45:40.620+0000] {processor.py:914} INFO - Processing file /home/airflow/.local/lib/python3.12/site-packages/airflow/example_dags/example_dag_decorator.py for tasks to queue
[2025-03-12T13:45:40.622+0000] {logging_mixin.py:190} INFO - [2025-03-12T13:45:40.622+0000] {dagbag.py:588} INFO - Filling up the DagBag from /home/airflow/.local/lib/python3.12/site-packages/airflow/example_dags/example_dag_decorator.py
[2025-03-12T13:45:40.694+0000] {processor.py:925} INFO - DAG(s) 'example_dag_decorator' retrieved from /home/airflow/.local/lib/python3.12/site-packages/airflow/example_dags/example_dag_decorator.py
[2025-03-12T13:45:40.772+0000] {logging_mixin.py:190} INFO - [2025-03-12T13:45:40.772+0000] {dag.py:3239} INFO - Sync 1 DAGs
[2025-03-12T13:45:40.781+0000] {logging_mixin.py:190} INFO - [2025-03-12T13:45:40.781+0000] {dag.py:4180} INFO - Setting next_dagrun for example_dag_decorator to None, run_after=None
[2025-03-12T13:45:40.796+0000] {processor.py:208} INFO - Processing /home/airflow/.local/lib/python3.12/site-packages/airflow/example_dags/example_dag_decorator.py took 0.181 seconds
[2025-03-12T13:46:13.442+0000] {processor.py:186} INFO - Started process (PID=1001) to work on /home/airflow/.local/lib/python3.12/site-packages/airflow/example_dags/example_dag_decorator.py
[2025-03-12T13:46:13.442+0000] {processor.py:914} INFO - Processing file /home/airflow/.local/lib/python3.12/site-packages/airflow/example_dags/example_dag_decorator.py for tasks to queue
[2025-03-12T13:46:13.444+0000] {logging_mixin.py:190} INFO - [2025-03-12T13:46:13.444+0000] {dagbag.py:588} INFO - Filling up the DagBag from /home/airflow/.local/lib/python3.12/site-packages/airflow/example_dags/example_dag_decorator.py
[2025-03-12T13:46:13.521+0000] {processor.py:925} INFO - DAG(s) 'example_dag_decorator' retrieved from /home/airflow/.local/lib/python3.12/site-packages/airflow/example_dags/example_dag_decorator.py
[2025-03-12T13:46:13.608+0000] {logging_mixin.py:190} INFO - [2025-03-12T13:46:13.607+0000] {dag.py:3239} INFO - Sync 1 DAGs
[2025-03-12T13:46:13.619+0000] {logging_mixin.py:190} INFO - [2025-03-12T13:46:13.618+0000] {dag.py:4180} INFO - Setting next_dagrun for example_dag_decorator to None, run_after=None
[2025-03-12T13:46:13.635+0000] {processor.py:208} INFO - Processing /home/airflow/.local/lib/python3.12/site-packages/airflow/example_dags/example_dag_decorator.py took 0.198 seconds
[2025-03-12T13:47:04.882+0000] {processor.py:186} INFO - Started process (PID=374) to work on /home/airflow/.local/lib/python3.12/site-packages/airflow/example_dags/example_dag_decorator.py
[2025-03-12T13:47:04.884+0000] {processor.py:914} INFO - Processing file /home/airflow/.local/lib/python3.12/site-packages/airflow/example_dags/example_dag_decorator.py for tasks to queue
[2025-03-12T13:47:04.888+0000] {logging_mixin.py:190} INFO - [2025-03-12T13:47:04.887+0000] {dagbag.py:588} INFO - Filling up the DagBag from /home/airflow/.local/lib/python3.12/site-packages/airflow/example_dags/example_dag_decorator.py
[2025-03-12T13:47:05.030+0000] {processor.py:925} INFO - DAG(s) 'example_dag_decorator' retrieved from /home/airflow/.local/lib/python3.12/site-packages/airflow/example_dags/example_dag_decorator.py
[2025-03-12T13:47:05.232+0000] {logging_mixin.py:190} INFO - [2025-03-12T13:47:05.231+0000] {dag.py:3239} INFO - Sync 1 DAGs
[2025-03-12T13:47:05.250+0000] {logging_mixin.py:190} INFO - [2025-03-12T13:47:05.249+0000] {dag.py:4180} INFO - Setting next_dagrun for example_dag_decorator to None, run_after=None
[2025-03-12T13:47:05.273+0000] {processor.py:208} INFO - Processing /home/airflow/.local/lib/python3.12/site-packages/airflow/example_dags/example_dag_decorator.py took 0.398 seconds
[2025-03-12T13:47:35.649+0000] {processor.py:186} INFO - Started process (PID=674) to work on /home/airflow/.local/lib/python3.12/site-packages/airflow/example_dags/example_dag_decorator.py
[2025-03-12T13:47:35.650+0000] {processor.py:914} INFO - Processing file /home/airflow/.local/lib/python3.12/site-packages/airflow/example_dags/example_dag_decorator.py for tasks to queue
[2025-03-12T13:47:35.652+0000] {logging_mixin.py:190} INFO - [2025-03-12T13:47:35.651+0000] {dagbag.py:588} INFO - Filling up the DagBag from /home/airflow/.local/lib/python3.12/site-packages/airflow/example_dags/example_dag_decorator.py
[2025-03-12T13:47:35.732+0000] {processor.py:925} INFO - DAG(s) 'example_dag_decorator' retrieved from /home/airflow/.local/lib/python3.12/site-packages/airflow/example_dags/example_dag_decorator.py
[2025-03-12T13:47:35.819+0000] {logging_mixin.py:190} INFO - [2025-03-12T13:47:35.818+0000] {dag.py:3239} INFO - Sync 1 DAGs
[2025-03-12T13:47:35.832+0000] {logging_mixin.py:190} INFO - [2025-03-12T13:47:35.832+0000] {dag.py:4180} INFO - Setting next_dagrun for example_dag_decorator to None, run_after=None
[2025-03-12T13:47:35.850+0000] {processor.py:208} INFO - Processing /home/airflow/.local/lib/python3.12/site-packages/airflow/example_dags/example_dag_decorator.py took 0.205 seconds
[2025-03-12T13:48:06.772+0000] {processor.py:186} INFO - Started process (PID=980) to work on /home/airflow/.local/lib/python3.12/site-packages/airflow/example_dags/example_dag_decorator.py
[2025-03-12T13:48:06.773+0000] {processor.py:914} INFO - Processing file /home/airflow/.local/lib/python3.12/site-packages/airflow/example_dags/example_dag_decorator.py for tasks to queue
[2025-03-12T13:48:06.776+0000] {logging_mixin.py:190} INFO - [2025-03-12T13:48:06.775+0000] {dagbag.py:588} INFO - Filling up the DagBag from /home/airflow/.local/lib/python3.12/site-packages/airflow/example_dags/example_dag_decorator.py
[2025-03-12T13:48:06.863+0000] {processor.py:925} INFO - DAG(s) 'example_dag_decorator' retrieved from /home/airflow/.local/lib/python3.12/site-packages/airflow/example_dags/example_dag_decorator.py
[2025-03-12T13:48:06.982+0000] {logging_mixin.py:190} INFO - [2025-03-12T13:48:06.981+0000] {dag.py:3239} INFO - Sync 1 DAGs
[2025-03-12T13:48:06.995+0000] {logging_mixin.py:190} INFO - [2025-03-12T13:48:06.995+0000] {dag.py:4180} INFO - Setting next_dagrun for example_dag_decorator to None, run_after=None
[2025-03-12T13:48:07.015+0000] {processor.py:208} INFO - Processing /home/airflow/.local/lib/python3.12/site-packages/airflow/example_dags/example_dag_decorator.py took 0.248 seconds
[2025-03-12T13:48:37.583+0000] {processor.py:186} INFO - Started process (PID=1286) to work on /home/airflow/.local/lib/python3.12/site-packages/airflow/example_dags/example_dag_decorator.py
[2025-03-12T13:48:37.584+0000] {processor.py:914} INFO - Processing file /home/airflow/.local/lib/python3.12/site-packages/airflow/example_dags/example_dag_decorator.py for tasks to queue
[2025-03-12T13:48:37.586+0000] {logging_mixin.py:190} INFO - [2025-03-12T13:48:37.586+0000] {dagbag.py:588} INFO - Filling up the DagBag from /home/airflow/.local/lib/python3.12/site-packages/airflow/example_dags/example_dag_decorator.py
[2025-03-12T13:48:37.656+0000] {processor.py:925} INFO - DAG(s) 'example_dag_decorator' retrieved from /home/airflow/.local/lib/python3.12/site-packages/airflow/example_dags/example_dag_decorator.py
[2025-03-12T13:48:37.739+0000] {logging_mixin.py:190} INFO - [2025-03-12T13:48:37.738+0000] {dag.py:3239} INFO - Sync 1 DAGs
[2025-03-12T13:48:37.751+0000] {logging_mixin.py:190} INFO - [2025-03-12T13:48:37.750+0000] {dag.py:4180} INFO - Setting next_dagrun for example_dag_decorator to None, run_after=None
[2025-03-12T13:48:37.767+0000] {processor.py:208} INFO - Processing /home/airflow/.local/lib/python3.12/site-packages/airflow/example_dags/example_dag_decorator.py took 0.188 seconds
[2025-03-12T13:49:08.244+0000] {processor.py:186} INFO - Started process (PID=1593) to work on /home/airflow/.local/lib/python3.12/site-packages/airflow/example_dags/example_dag_decorator.py
[2025-03-12T13:49:08.245+0000] {processor.py:914} INFO - Processing file /home/airflow/.local/lib/python3.12/site-packages/airflow/example_dags/example_dag_decorator.py for tasks to queue
[2025-03-12T13:49:08.247+0000] {logging_mixin.py:190} INFO - [2025-03-12T13:49:08.247+0000] {dagbag.py:588} INFO - Filling up the DagBag from /home/airflow/.local/lib/python3.12/site-packages/airflow/example_dags/example_dag_decorator.py
[2025-03-12T13:49:08.327+0000] {processor.py:925} INFO - DAG(s) 'example_dag_decorator' retrieved from /home/airflow/.local/lib/python3.12/site-packages/airflow/example_dags/example_dag_decorator.py
[2025-03-12T13:49:08.418+0000] {logging_mixin.py:190} INFO - [2025-03-12T13:49:08.418+0000] {dag.py:3239} INFO - Sync 1 DAGs
[2025-03-12T13:49:08.428+0000] {logging_mixin.py:190} INFO - [2025-03-12T13:49:08.428+0000] {dag.py:4180} INFO - Setting next_dagrun for example_dag_decorator to None, run_after=None
[2025-03-12T13:49:08.444+0000] {processor.py:208} INFO - Processing /home/airflow/.local/lib/python3.12/site-packages/airflow/example_dags/example_dag_decorator.py took 0.204 seconds
[2025-03-12T13:49:38.875+0000] {processor.py:186} INFO - Started process (PID=1899) to work on /home/airflow/.local/lib/python3.12/site-packages/airflow/example_dags/example_dag_decorator.py
[2025-03-12T13:49:38.876+0000] {processor.py:914} INFO - Processing file /home/airflow/.local/lib/python3.12/site-packages/airflow/example_dags/example_dag_decorator.py for tasks to queue
[2025-03-12T13:49:38.878+0000] {logging_mixin.py:190} INFO - [2025-03-12T13:49:38.877+0000] {dagbag.py:588} INFO - Filling up the DagBag from /home/airflow/.local/lib/python3.12/site-packages/airflow/example_dags/example_dag_decorator.py
[2025-03-12T13:49:38.967+0000] {processor.py:925} INFO - DAG(s) 'example_dag_decorator' retrieved from /home/airflow/.local/lib/python3.12/site-packages/airflow/example_dags/example_dag_decorator.py
[2025-03-12T13:49:39.088+0000] {logging_mixin.py:190} INFO - [2025-03-12T13:49:39.088+0000] {dag.py:3239} INFO - Sync 1 DAGs
[2025-03-12T13:49:39.101+0000] {logging_mixin.py:190} INFO - [2025-03-12T13:49:39.100+0000] {dag.py:4180} INFO - Setting next_dagrun for example_dag_decorator to None, run_after=None
[2025-03-12T13:49:39.118+0000] {processor.py:208} INFO - Processing /home/airflow/.local/lib/python3.12/site-packages/airflow/example_dags/example_dag_decorator.py took 0.248 seconds
[2025-03-12T13:50:10.205+0000] {processor.py:186} INFO - Started process (PID=2205) to work on /home/airflow/.local/lib/python3.12/site-packages/airflow/example_dags/example_dag_decorator.py
[2025-03-12T13:50:10.206+0000] {processor.py:914} INFO - Processing file /home/airflow/.local/lib/python3.12/site-packages/airflow/example_dags/example_dag_decorator.py for tasks to queue
[2025-03-12T13:50:10.207+0000] {logging_mixin.py:190} INFO - [2025-03-12T13:50:10.207+0000] {dagbag.py:588} INFO - Filling up the DagBag from /home/airflow/.local/lib/python3.12/site-packages/airflow/example_dags/example_dag_decorator.py
[2025-03-12T13:50:10.282+0000] {processor.py:925} INFO - DAG(s) 'example_dag_decorator' retrieved from /home/airflow/.local/lib/python3.12/site-packages/airflow/example_dags/example_dag_decorator.py
[2025-03-12T13:50:10.370+0000] {logging_mixin.py:190} INFO - [2025-03-12T13:50:10.369+0000] {dag.py:3239} INFO - Sync 1 DAGs
[2025-03-12T13:50:10.379+0000] {logging_mixin.py:190} INFO - [2025-03-12T13:50:10.379+0000] {dag.py:4180} INFO - Setting next_dagrun for example_dag_decorator to None, run_after=None
[2025-03-12T13:50:10.397+0000] {processor.py:208} INFO - Processing /home/airflow/.local/lib/python3.12/site-packages/airflow/example_dags/example_dag_decorator.py took 0.197 seconds
[2025-03-12T13:50:43.328+0000] {processor.py:186} INFO - Started process (PID=2512) to work on /home/airflow/.local/lib/python3.12/site-packages/airflow/example_dags/example_dag_decorator.py
[2025-03-12T13:50:43.329+0000] {processor.py:914} INFO - Processing file /home/airflow/.local/lib/python3.12/site-packages/airflow/example_dags/example_dag_decorator.py for tasks to queue
[2025-03-12T13:50:43.331+0000] {logging_mixin.py:190} INFO - [2025-03-12T13:50:43.330+0000] {dagbag.py:588} INFO - Filling up the DagBag from /home/airflow/.local/lib/python3.12/site-packages/airflow/example_dags/example_dag_decorator.py
[2025-03-12T13:50:43.401+0000] {processor.py:925} INFO - DAG(s) 'example_dag_decorator' retrieved from /home/airflow/.local/lib/python3.12/site-packages/airflow/example_dags/example_dag_decorator.py
[2025-03-12T13:50:43.486+0000] {logging_mixin.py:190} INFO - [2025-03-12T13:50:43.485+0000] {dag.py:3239} INFO - Sync 1 DAGs
[2025-03-12T13:50:43.495+0000] {logging_mixin.py:190} INFO - [2025-03-12T13:50:43.495+0000] {dag.py:4180} INFO - Setting next_dagrun for example_dag_decorator to None, run_after=None
[2025-03-12T13:50:43.511+0000] {processor.py:208} INFO - Processing /home/airflow/.local/lib/python3.12/site-packages/airflow/example_dags/example_dag_decorator.py took 0.187 seconds
[2025-03-12T13:51:15.851+0000] {processor.py:186} INFO - Started process (PID=2818) to work on /home/airflow/.local/lib/python3.12/site-packages/airflow/example_dags/example_dag_decorator.py
[2025-03-12T13:51:15.852+0000] {processor.py:914} INFO - Processing file /home/airflow/.local/lib/python3.12/site-packages/airflow/example_dags/example_dag_decorator.py for tasks to queue
[2025-03-12T13:51:15.855+0000] {logging_mixin.py:190} INFO - [2025-03-12T13:51:15.855+0000] {dagbag.py:588} INFO - Filling up the DagBag from /home/airflow/.local/lib/python3.12/site-packages/airflow/example_dags/example_dag_decorator.py
[2025-03-12T13:51:15.932+0000] {processor.py:925} INFO - DAG(s) 'example_dag_decorator' retrieved from /home/airflow/.local/lib/python3.12/site-packages/airflow/example_dags/example_dag_decorator.py
[2025-03-12T13:51:16.017+0000] {logging_mixin.py:190} INFO - [2025-03-12T13:51:16.017+0000] {dag.py:3239} INFO - Sync 1 DAGs
[2025-03-12T13:51:16.028+0000] {logging_mixin.py:190} INFO - [2025-03-12T13:51:16.028+0000] {dag.py:4180} INFO - Setting next_dagrun for example_dag_decorator to None, run_after=None
[2025-03-12T13:51:16.046+0000] {processor.py:208} INFO - Processing /home/airflow/.local/lib/python3.12/site-packages/airflow/example_dags/example_dag_decorator.py took 0.199 seconds
[2025-03-12T13:51:48.895+0000] {processor.py:186} INFO - Started process (PID=3124) to work on /home/airflow/.local/lib/python3.12/site-packages/airflow/example_dags/example_dag_decorator.py
[2025-03-12T13:51:48.896+0000] {processor.py:914} INFO - Processing file /home/airflow/.local/lib/python3.12/site-packages/airflow/example_dags/example_dag_decorator.py for tasks to queue
[2025-03-12T13:51:48.897+0000] {logging_mixin.py:190} INFO - [2025-03-12T13:51:48.897+0000] {dagbag.py:588} INFO - Filling up the DagBag from /home/airflow/.local/lib/python3.12/site-packages/airflow/example_dags/example_dag_decorator.py
[2025-03-12T13:51:48.975+0000] {processor.py:925} INFO - DAG(s) 'example_dag_decorator' retrieved from /home/airflow/.local/lib/python3.12/site-packages/airflow/example_dags/example_dag_decorator.py
[2025-03-12T13:51:49.056+0000] {logging_mixin.py:190} INFO - [2025-03-12T13:51:49.056+0000] {dag.py:3239} INFO - Sync 1 DAGs
[2025-03-12T13:51:49.066+0000] {logging_mixin.py:190} INFO - [2025-03-12T13:51:49.066+0000] {dag.py:4180} INFO - Setting next_dagrun for example_dag_decorator to None, run_after=None
[2025-03-12T13:51:49.081+0000] {processor.py:208} INFO - Processing /home/airflow/.local/lib/python3.12/site-packages/airflow/example_dags/example_dag_decorator.py took 0.191 seconds
[2025-03-12T13:52:22.668+0000] {processor.py:186} INFO - Started process (PID=3430) to work on /home/airflow/.local/lib/python3.12/site-packages/airflow/example_dags/example_dag_decorator.py
[2025-03-12T13:52:22.669+0000] {processor.py:914} INFO - Processing file /home/airflow/.local/lib/python3.12/site-packages/airflow/example_dags/example_dag_decorator.py for tasks to queue
[2025-03-12T13:52:22.671+0000] {logging_mixin.py:190} INFO - [2025-03-12T13:52:22.670+0000] {dagbag.py:588} INFO - Filling up the DagBag from /home/airflow/.local/lib/python3.12/site-packages/airflow/example_dags/example_dag_decorator.py
[2025-03-12T13:52:22.752+0000] {processor.py:925} INFO - DAG(s) 'example_dag_decorator' retrieved from /home/airflow/.local/lib/python3.12/site-packages/airflow/example_dags/example_dag_decorator.py
[2025-03-12T13:52:22.834+0000] {logging_mixin.py:190} INFO - [2025-03-12T13:52:22.834+0000] {dag.py:3239} INFO - Sync 1 DAGs
[2025-03-12T13:52:22.843+0000] {logging_mixin.py:190} INFO - [2025-03-12T13:52:22.843+0000] {dag.py:4180} INFO - Setting next_dagrun for example_dag_decorator to None, run_after=None
[2025-03-12T13:52:22.857+0000] {processor.py:208} INFO - Processing /home/airflow/.local/lib/python3.12/site-packages/airflow/example_dags/example_dag_decorator.py took 0.194 seconds
[2025-03-12T13:52:59.291+0000] {processor.py:186} INFO - Started process (PID=3736) to work on /home/airflow/.local/lib/python3.12/site-packages/airflow/example_dags/example_dag_decorator.py
[2025-03-12T13:52:59.292+0000] {processor.py:914} INFO - Processing file /home/airflow/.local/lib/python3.12/site-packages/airflow/example_dags/example_dag_decorator.py for tasks to queue
[2025-03-12T13:52:59.295+0000] {logging_mixin.py:190} INFO - [2025-03-12T13:52:59.295+0000] {dagbag.py:588} INFO - Filling up the DagBag from /home/airflow/.local/lib/python3.12/site-packages/airflow/example_dags/example_dag_decorator.py
[2025-03-12T13:52:59.432+0000] {processor.py:925} INFO - DAG(s) 'example_dag_decorator' retrieved from /home/airflow/.local/lib/python3.12/site-packages/airflow/example_dags/example_dag_decorator.py
[2025-03-12T13:52:59.627+0000] {logging_mixin.py:190} INFO - [2025-03-12T13:52:59.625+0000] {dag.py:3239} INFO - Sync 1 DAGs
[2025-03-12T13:52:59.653+0000] {logging_mixin.py:190} INFO - [2025-03-12T13:52:59.653+0000] {dag.py:4180} INFO - Setting next_dagrun for example_dag_decorator to None, run_after=None
[2025-03-12T13:52:59.702+0000] {processor.py:208} INFO - Processing /home/airflow/.local/lib/python3.12/site-packages/airflow/example_dags/example_dag_decorator.py took 0.418 seconds
[2025-03-12T13:53:30.952+0000] {processor.py:186} INFO - Started process (PID=4042) to work on /home/airflow/.local/lib/python3.12/site-packages/airflow/example_dags/example_dag_decorator.py
[2025-03-12T13:53:30.953+0000] {processor.py:914} INFO - Processing file /home/airflow/.local/lib/python3.12/site-packages/airflow/example_dags/example_dag_decorator.py for tasks to queue
[2025-03-12T13:53:30.956+0000] {logging_mixin.py:190} INFO - [2025-03-12T13:53:30.955+0000] {dagbag.py:588} INFO - Filling up the DagBag from /home/airflow/.local/lib/python3.12/site-packages/airflow/example_dags/example_dag_decorator.py
[2025-03-12T13:53:31.105+0000] {processor.py:925} INFO - DAG(s) 'example_dag_decorator' retrieved from /home/airflow/.local/lib/python3.12/site-packages/airflow/example_dags/example_dag_decorator.py
[2025-03-12T13:53:31.298+0000] {logging_mixin.py:190} INFO - [2025-03-12T13:53:31.297+0000] {dag.py:3239} INFO - Sync 1 DAGs
[2025-03-12T13:53:31.324+0000] {logging_mixin.py:190} INFO - [2025-03-12T13:53:31.324+0000] {dag.py:4180} INFO - Setting next_dagrun for example_dag_decorator to None, run_after=None
[2025-03-12T13:53:31.350+0000] {processor.py:208} INFO - Processing /home/airflow/.local/lib/python3.12/site-packages/airflow/example_dags/example_dag_decorator.py took 0.406 seconds
[2025-03-12T13:54:03.358+0000] {processor.py:186} INFO - Started process (PID=4348) to work on /home/airflow/.local/lib/python3.12/site-packages/airflow/example_dags/example_dag_decorator.py
[2025-03-12T13:54:03.360+0000] {processor.py:914} INFO - Processing file /home/airflow/.local/lib/python3.12/site-packages/airflow/example_dags/example_dag_decorator.py for tasks to queue
[2025-03-12T13:54:03.362+0000] {logging_mixin.py:190} INFO - [2025-03-12T13:54:03.362+0000] {dagbag.py:588} INFO - Filling up the DagBag from /home/airflow/.local/lib/python3.12/site-packages/airflow/example_dags/example_dag_decorator.py
[2025-03-12T13:54:03.485+0000] {processor.py:925} INFO - DAG(s) 'example_dag_decorator' retrieved from /home/airflow/.local/lib/python3.12/site-packages/airflow/example_dags/example_dag_decorator.py
[2025-03-12T13:54:03.631+0000] {logging_mixin.py:190} INFO - [2025-03-12T13:54:03.631+0000] {dag.py:3239} INFO - Sync 1 DAGs
[2025-03-12T13:54:03.650+0000] {logging_mixin.py:190} INFO - [2025-03-12T13:54:03.650+0000] {dag.py:4180} INFO - Setting next_dagrun for example_dag_decorator to None, run_after=None
[2025-03-12T13:54:03.672+0000] {processor.py:208} INFO - Processing /home/airflow/.local/lib/python3.12/site-packages/airflow/example_dags/example_dag_decorator.py took 0.321 seconds
[2025-03-12T13:54:37.145+0000] {processor.py:186} INFO - Started process (PID=4654) to work on /home/airflow/.local/lib/python3.12/site-packages/airflow/example_dags/example_dag_decorator.py
[2025-03-12T13:54:37.147+0000] {processor.py:914} INFO - Processing file /home/airflow/.local/lib/python3.12/site-packages/airflow/example_dags/example_dag_decorator.py for tasks to queue
[2025-03-12T13:54:37.152+0000] {logging_mixin.py:190} INFO - [2025-03-12T13:54:37.151+0000] {dagbag.py:588} INFO - Filling up the DagBag from /home/airflow/.local/lib/python3.12/site-packages/airflow/example_dags/example_dag_decorator.py
[2025-03-12T13:54:37.323+0000] {processor.py:925} INFO - DAG(s) 'example_dag_decorator' retrieved from /home/airflow/.local/lib/python3.12/site-packages/airflow/example_dags/example_dag_decorator.py
[2025-03-12T13:54:37.538+0000] {logging_mixin.py:190} INFO - [2025-03-12T13:54:37.537+0000] {dag.py:3239} INFO - Sync 1 DAGs
[2025-03-12T13:54:37.562+0000] {logging_mixin.py:190} INFO - [2025-03-12T13:54:37.561+0000] {dag.py:4180} INFO - Setting next_dagrun for example_dag_decorator to None, run_after=None
[2025-03-12T13:54:37.599+0000] {processor.py:208} INFO - Processing /home/airflow/.local/lib/python3.12/site-packages/airflow/example_dags/example_dag_decorator.py took 0.463 seconds
[2025-03-12T13:55:10.402+0000] {processor.py:186} INFO - Started process (PID=4960) to work on /home/airflow/.local/lib/python3.12/site-packages/airflow/example_dags/example_dag_decorator.py
[2025-03-12T13:55:10.403+0000] {processor.py:914} INFO - Processing file /home/airflow/.local/lib/python3.12/site-packages/airflow/example_dags/example_dag_decorator.py for tasks to queue
[2025-03-12T13:55:10.405+0000] {logging_mixin.py:190} INFO - [2025-03-12T13:55:10.405+0000] {dagbag.py:588} INFO - Filling up the DagBag from /home/airflow/.local/lib/python3.12/site-packages/airflow/example_dags/example_dag_decorator.py
[2025-03-12T13:55:10.484+0000] {processor.py:925} INFO - DAG(s) 'example_dag_decorator' retrieved from /home/airflow/.local/lib/python3.12/site-packages/airflow/example_dags/example_dag_decorator.py
[2025-03-12T13:55:10.572+0000] {logging_mixin.py:190} INFO - [2025-03-12T13:55:10.572+0000] {dag.py:3239} INFO - Sync 1 DAGs
[2025-03-12T13:55:10.583+0000] {logging_mixin.py:190} INFO - [2025-03-12T13:55:10.582+0000] {dag.py:4180} INFO - Setting next_dagrun for example_dag_decorator to None, run_after=None
[2025-03-12T13:55:10.600+0000] {processor.py:208} INFO - Processing /home/airflow/.local/lib/python3.12/site-packages/airflow/example_dags/example_dag_decorator.py took 0.202 seconds
[2025-03-12T13:55:42.233+0000] {processor.py:186} INFO - Started process (PID=5266) to work on /home/airflow/.local/lib/python3.12/site-packages/airflow/example_dags/example_dag_decorator.py
[2025-03-12T13:55:42.234+0000] {processor.py:914} INFO - Processing file /home/airflow/.local/lib/python3.12/site-packages/airflow/example_dags/example_dag_decorator.py for tasks to queue
[2025-03-12T13:55:42.236+0000] {logging_mixin.py:190} INFO - [2025-03-12T13:55:42.236+0000] {dagbag.py:588} INFO - Filling up the DagBag from /home/airflow/.local/lib/python3.12/site-packages/airflow/example_dags/example_dag_decorator.py
[2025-03-12T13:55:42.311+0000] {processor.py:925} INFO - DAG(s) 'example_dag_decorator' retrieved from /home/airflow/.local/lib/python3.12/site-packages/airflow/example_dags/example_dag_decorator.py
[2025-03-12T13:55:42.400+0000] {logging_mixin.py:190} INFO - [2025-03-12T13:55:42.400+0000] {dag.py:3239} INFO - Sync 1 DAGs
[2025-03-12T13:55:42.411+0000] {logging_mixin.py:190} INFO - [2025-03-12T13:55:42.411+0000] {dag.py:4180} INFO - Setting next_dagrun for example_dag_decorator to None, run_after=None
[2025-03-12T13:55:42.427+0000] {processor.py:208} INFO - Processing /home/airflow/.local/lib/python3.12/site-packages/airflow/example_dags/example_dag_decorator.py took 0.198 seconds
[2025-03-12T13:56:17.545+0000] {processor.py:186} INFO - Started process (PID=5572) to work on /home/airflow/.local/lib/python3.12/site-packages/airflow/example_dags/example_dag_decorator.py
[2025-03-12T13:56:17.547+0000] {processor.py:914} INFO - Processing file /home/airflow/.local/lib/python3.12/site-packages/airflow/example_dags/example_dag_decorator.py for tasks to queue
[2025-03-12T13:56:17.564+0000] {logging_mixin.py:190} INFO - [2025-03-12T13:56:17.563+0000] {dagbag.py:588} INFO - Filling up the DagBag from /home/airflow/.local/lib/python3.12/site-packages/airflow/example_dags/example_dag_decorator.py
[2025-03-12T13:56:17.881+0000] {processor.py:925} INFO - DAG(s) 'example_dag_decorator' retrieved from /home/airflow/.local/lib/python3.12/site-packages/airflow/example_dags/example_dag_decorator.py
[2025-03-12T13:56:18.208+0000] {logging_mixin.py:190} INFO - [2025-03-12T13:56:18.208+0000] {dag.py:3239} INFO - Sync 1 DAGs
[2025-03-12T13:56:18.231+0000] {logging_mixin.py:190} INFO - [2025-03-12T13:56:18.231+0000] {dag.py:4180} INFO - Setting next_dagrun for example_dag_decorator to None, run_after=None
[2025-03-12T13:56:18.303+0000] {processor.py:208} INFO - Processing /home/airflow/.local/lib/python3.12/site-packages/airflow/example_dags/example_dag_decorator.py took 0.784 seconds
[2025-03-12T13:56:49.553+0000] {processor.py:186} INFO - Started process (PID=5878) to work on /home/airflow/.local/lib/python3.12/site-packages/airflow/example_dags/example_dag_decorator.py
[2025-03-12T13:56:49.555+0000] {processor.py:914} INFO - Processing file /home/airflow/.local/lib/python3.12/site-packages/airflow/example_dags/example_dag_decorator.py for tasks to queue
[2025-03-12T13:56:49.557+0000] {logging_mixin.py:190} INFO - [2025-03-12T13:56:49.556+0000] {dagbag.py:588} INFO - Filling up the DagBag from /home/airflow/.local/lib/python3.12/site-packages/airflow/example_dags/example_dag_decorator.py
[2025-03-12T13:56:49.621+0000] {processor.py:925} INFO - DAG(s) 'example_dag_decorator' retrieved from /home/airflow/.local/lib/python3.12/site-packages/airflow/example_dags/example_dag_decorator.py
[2025-03-12T13:56:49.703+0000] {logging_mixin.py:190} INFO - [2025-03-12T13:56:49.703+0000] {dag.py:3239} INFO - Sync 1 DAGs
[2025-03-12T13:56:49.714+0000] {logging_mixin.py:190} INFO - [2025-03-12T13:56:49.713+0000] {dag.py:4180} INFO - Setting next_dagrun for example_dag_decorator to None, run_after=None
[2025-03-12T13:56:49.729+0000] {processor.py:208} INFO - Processing /home/airflow/.local/lib/python3.12/site-packages/airflow/example_dags/example_dag_decorator.py took 0.179 seconds
[2025-03-12T13:57:22.705+0000] {processor.py:186} INFO - Started process (PID=6184) to work on /home/airflow/.local/lib/python3.12/site-packages/airflow/example_dags/example_dag_decorator.py
[2025-03-12T13:57:22.706+0000] {processor.py:914} INFO - Processing file /home/airflow/.local/lib/python3.12/site-packages/airflow/example_dags/example_dag_decorator.py for tasks to queue
[2025-03-12T13:57:22.708+0000] {logging_mixin.py:190} INFO - [2025-03-12T13:57:22.707+0000] {dagbag.py:588} INFO - Filling up the DagBag from /home/airflow/.local/lib/python3.12/site-packages/airflow/example_dags/example_dag_decorator.py
[2025-03-12T13:57:22.775+0000] {processor.py:925} INFO - DAG(s) 'example_dag_decorator' retrieved from /home/airflow/.local/lib/python3.12/site-packages/airflow/example_dags/example_dag_decorator.py
[2025-03-12T13:57:22.855+0000] {logging_mixin.py:190} INFO - [2025-03-12T13:57:22.855+0000] {dag.py:3239} INFO - Sync 1 DAGs
[2025-03-12T13:57:22.865+0000] {logging_mixin.py:190} INFO - [2025-03-12T13:57:22.865+0000] {dag.py:4180} INFO - Setting next_dagrun for example_dag_decorator to None, run_after=None
[2025-03-12T13:57:22.880+0000] {processor.py:208} INFO - Processing /home/airflow/.local/lib/python3.12/site-packages/airflow/example_dags/example_dag_decorator.py took 0.179 seconds
[2025-03-12T13:57:56.565+0000] {processor.py:186} INFO - Started process (PID=6490) to work on /home/airflow/.local/lib/python3.12/site-packages/airflow/example_dags/example_dag_decorator.py
[2025-03-12T13:57:56.566+0000] {processor.py:914} INFO - Processing file /home/airflow/.local/lib/python3.12/site-packages/airflow/example_dags/example_dag_decorator.py for tasks to queue
[2025-03-12T13:57:56.568+0000] {logging_mixin.py:190} INFO - [2025-03-12T13:57:56.567+0000] {dagbag.py:588} INFO - Filling up the DagBag from /home/airflow/.local/lib/python3.12/site-packages/airflow/example_dags/example_dag_decorator.py
[2025-03-12T13:57:56.645+0000] {processor.py:925} INFO - DAG(s) 'example_dag_decorator' retrieved from /home/airflow/.local/lib/python3.12/site-packages/airflow/example_dags/example_dag_decorator.py
[2025-03-12T13:57:56.734+0000] {logging_mixin.py:190} INFO - [2025-03-12T13:57:56.734+0000] {dag.py:3239} INFO - Sync 1 DAGs
[2025-03-12T13:57:56.747+0000] {logging_mixin.py:190} INFO - [2025-03-12T13:57:56.746+0000] {dag.py:4180} INFO - Setting next_dagrun for example_dag_decorator to None, run_after=None
[2025-03-12T13:57:56.765+0000] {processor.py:208} INFO - Processing /home/airflow/.local/lib/python3.12/site-packages/airflow/example_dags/example_dag_decorator.py took 0.205 seconds
[2025-03-12T13:58:29.519+0000] {processor.py:186} INFO - Started process (PID=6798) to work on /home/airflow/.local/lib/python3.12/site-packages/airflow/example_dags/example_dag_decorator.py
[2025-03-12T13:58:29.520+0000] {processor.py:914} INFO - Processing file /home/airflow/.local/lib/python3.12/site-packages/airflow/example_dags/example_dag_decorator.py for tasks to queue
[2025-03-12T13:58:29.522+0000] {logging_mixin.py:190} INFO - [2025-03-12T13:58:29.522+0000] {dagbag.py:588} INFO - Filling up the DagBag from /home/airflow/.local/lib/python3.12/site-packages/airflow/example_dags/example_dag_decorator.py
[2025-03-12T13:58:29.599+0000] {processor.py:925} INFO - DAG(s) 'example_dag_decorator' retrieved from /home/airflow/.local/lib/python3.12/site-packages/airflow/example_dags/example_dag_decorator.py
[2025-03-12T13:58:29.688+0000] {logging_mixin.py:190} INFO - [2025-03-12T13:58:29.688+0000] {dag.py:3239} INFO - Sync 1 DAGs
[2025-03-12T13:58:29.697+0000] {logging_mixin.py:190} INFO - [2025-03-12T13:58:29.696+0000] {dag.py:4180} INFO - Setting next_dagrun for example_dag_decorator to None, run_after=None
[2025-03-12T13:58:29.712+0000] {processor.py:208} INFO - Processing /home/airflow/.local/lib/python3.12/site-packages/airflow/example_dags/example_dag_decorator.py took 0.197 seconds
[2025-03-12T13:59:03.820+0000] {processor.py:186} INFO - Started process (PID=7102) to work on /home/airflow/.local/lib/python3.12/site-packages/airflow/example_dags/example_dag_decorator.py
[2025-03-12T13:59:03.821+0000] {processor.py:914} INFO - Processing file /home/airflow/.local/lib/python3.12/site-packages/airflow/example_dags/example_dag_decorator.py for tasks to queue
[2025-03-12T13:59:03.824+0000] {logging_mixin.py:190} INFO - [2025-03-12T13:59:03.824+0000] {dagbag.py:588} INFO - Filling up the DagBag from /home/airflow/.local/lib/python3.12/site-packages/airflow/example_dags/example_dag_decorator.py
[2025-03-12T13:59:03.930+0000] {processor.py:925} INFO - DAG(s) 'example_dag_decorator' retrieved from /home/airflow/.local/lib/python3.12/site-packages/airflow/example_dags/example_dag_decorator.py
[2025-03-12T13:59:04.031+0000] {logging_mixin.py:190} INFO - [2025-03-12T13:59:04.031+0000] {dag.py:3239} INFO - Sync 1 DAGs
[2025-03-12T13:59:04.044+0000] {logging_mixin.py:190} INFO - [2025-03-12T13:59:04.044+0000] {dag.py:4180} INFO - Setting next_dagrun for example_dag_decorator to None, run_after=None
[2025-03-12T13:59:04.064+0000] {processor.py:208} INFO - Processing /home/airflow/.local/lib/python3.12/site-packages/airflow/example_dags/example_dag_decorator.py took 0.251 seconds
[2025-03-12T13:59:35.803+0000] {processor.py:186} INFO - Started process (PID=7408) to work on /home/airflow/.local/lib/python3.12/site-packages/airflow/example_dags/example_dag_decorator.py
[2025-03-12T13:59:35.804+0000] {processor.py:914} INFO - Processing file /home/airflow/.local/lib/python3.12/site-packages/airflow/example_dags/example_dag_decorator.py for tasks to queue
[2025-03-12T13:59:35.806+0000] {logging_mixin.py:190} INFO - [2025-03-12T13:59:35.806+0000] {dagbag.py:588} INFO - Filling up the DagBag from /home/airflow/.local/lib/python3.12/site-packages/airflow/example_dags/example_dag_decorator.py
[2025-03-12T13:59:35.875+0000] {processor.py:925} INFO - DAG(s) 'example_dag_decorator' retrieved from /home/airflow/.local/lib/python3.12/site-packages/airflow/example_dags/example_dag_decorator.py
[2025-03-12T13:59:35.980+0000] {logging_mixin.py:190} INFO - [2025-03-12T13:59:35.980+0000] {dag.py:3239} INFO - Sync 1 DAGs
[2025-03-12T13:59:35.991+0000] {logging_mixin.py:190} INFO - [2025-03-12T13:59:35.990+0000] {dag.py:4180} INFO - Setting next_dagrun for example_dag_decorator to None, run_after=None
[2025-03-12T13:59:36.008+0000] {processor.py:208} INFO - Processing /home/airflow/.local/lib/python3.12/site-packages/airflow/example_dags/example_dag_decorator.py took 0.208 seconds
[2025-03-12T14:00:09.574+0000] {processor.py:186} INFO - Started process (PID=7714) to work on /home/airflow/.local/lib/python3.12/site-packages/airflow/example_dags/example_dag_decorator.py
[2025-03-12T14:00:09.575+0000] {processor.py:914} INFO - Processing file /home/airflow/.local/lib/python3.12/site-packages/airflow/example_dags/example_dag_decorator.py for tasks to queue
[2025-03-12T14:00:09.577+0000] {logging_mixin.py:190} INFO - [2025-03-12T14:00:09.577+0000] {dagbag.py:588} INFO - Filling up the DagBag from /home/airflow/.local/lib/python3.12/site-packages/airflow/example_dags/example_dag_decorator.py
[2025-03-12T14:00:09.648+0000] {processor.py:925} INFO - DAG(s) 'example_dag_decorator' retrieved from /home/airflow/.local/lib/python3.12/site-packages/airflow/example_dags/example_dag_decorator.py
[2025-03-12T14:00:09.731+0000] {logging_mixin.py:190} INFO - [2025-03-12T14:00:09.731+0000] {dag.py:3239} INFO - Sync 1 DAGs
[2025-03-12T14:00:09.741+0000] {logging_mixin.py:190} INFO - [2025-03-12T14:00:09.741+0000] {dag.py:4180} INFO - Setting next_dagrun for example_dag_decorator to None, run_after=None
[2025-03-12T14:00:09.757+0000] {processor.py:208} INFO - Processing /home/airflow/.local/lib/python3.12/site-packages/airflow/example_dags/example_dag_decorator.py took 0.187 seconds
[2025-03-12T14:00:42.355+0000] {processor.py:186} INFO - Started process (PID=8020) to work on /home/airflow/.local/lib/python3.12/site-packages/airflow/example_dags/example_dag_decorator.py
[2025-03-12T14:00:42.356+0000] {processor.py:914} INFO - Processing file /home/airflow/.local/lib/python3.12/site-packages/airflow/example_dags/example_dag_decorator.py for tasks to queue
[2025-03-12T14:00:42.358+0000] {logging_mixin.py:190} INFO - [2025-03-12T14:00:42.357+0000] {dagbag.py:588} INFO - Filling up the DagBag from /home/airflow/.local/lib/python3.12/site-packages/airflow/example_dags/example_dag_decorator.py
[2025-03-12T14:00:42.434+0000] {processor.py:925} INFO - DAG(s) 'example_dag_decorator' retrieved from /home/airflow/.local/lib/python3.12/site-packages/airflow/example_dags/example_dag_decorator.py
[2025-03-12T14:00:42.515+0000] {logging_mixin.py:190} INFO - [2025-03-12T14:00:42.515+0000] {dag.py:3239} INFO - Sync 1 DAGs
[2025-03-12T14:00:42.524+0000] {logging_mixin.py:190} INFO - [2025-03-12T14:00:42.524+0000] {dag.py:4180} INFO - Setting next_dagrun for example_dag_decorator to None, run_after=None
[2025-03-12T14:00:42.541+0000] {processor.py:208} INFO - Processing /home/airflow/.local/lib/python3.12/site-packages/airflow/example_dags/example_dag_decorator.py took 0.189 seconds
[2025-03-12T14:01:16.260+0000] {processor.py:186} INFO - Started process (PID=8326) to work on /home/airflow/.local/lib/python3.12/site-packages/airflow/example_dags/example_dag_decorator.py
[2025-03-12T14:01:16.261+0000] {processor.py:914} INFO - Processing file /home/airflow/.local/lib/python3.12/site-packages/airflow/example_dags/example_dag_decorator.py for tasks to queue
[2025-03-12T14:01:16.262+0000] {logging_mixin.py:190} INFO - [2025-03-12T14:01:16.262+0000] {dagbag.py:588} INFO - Filling up the DagBag from /home/airflow/.local/lib/python3.12/site-packages/airflow/example_dags/example_dag_decorator.py
[2025-03-12T14:01:16.330+0000] {processor.py:925} INFO - DAG(s) 'example_dag_decorator' retrieved from /home/airflow/.local/lib/python3.12/site-packages/airflow/example_dags/example_dag_decorator.py
[2025-03-12T14:01:16.409+0000] {logging_mixin.py:190} INFO - [2025-03-12T14:01:16.409+0000] {dag.py:3239} INFO - Sync 1 DAGs
[2025-03-12T14:01:16.418+0000] {logging_mixin.py:190} INFO - [2025-03-12T14:01:16.418+0000] {dag.py:4180} INFO - Setting next_dagrun for example_dag_decorator to None, run_after=None
[2025-03-12T14:01:16.433+0000] {processor.py:208} INFO - Processing /home/airflow/.local/lib/python3.12/site-packages/airflow/example_dags/example_dag_decorator.py took 0.177 seconds
[2025-03-12T14:01:48.993+0000] {processor.py:186} INFO - Started process (PID=8633) to work on /home/airflow/.local/lib/python3.12/site-packages/airflow/example_dags/example_dag_decorator.py
[2025-03-12T14:01:48.994+0000] {processor.py:914} INFO - Processing file /home/airflow/.local/lib/python3.12/site-packages/airflow/example_dags/example_dag_decorator.py for tasks to queue
[2025-03-12T14:01:48.996+0000] {logging_mixin.py:190} INFO - [2025-03-12T14:01:48.996+0000] {dagbag.py:588} INFO - Filling up the DagBag from /home/airflow/.local/lib/python3.12/site-packages/airflow/example_dags/example_dag_decorator.py
[2025-03-12T14:01:49.070+0000] {processor.py:925} INFO - DAG(s) 'example_dag_decorator' retrieved from /home/airflow/.local/lib/python3.12/site-packages/airflow/example_dags/example_dag_decorator.py
[2025-03-12T14:01:49.157+0000] {logging_mixin.py:190} INFO - [2025-03-12T14:01:49.156+0000] {dag.py:3239} INFO - Sync 1 DAGs
[2025-03-12T14:01:49.167+0000] {logging_mixin.py:190} INFO - [2025-03-12T14:01:49.167+0000] {dag.py:4180} INFO - Setting next_dagrun for example_dag_decorator to None, run_after=None
[2025-03-12T14:01:49.182+0000] {processor.py:208} INFO - Processing /home/airflow/.local/lib/python3.12/site-packages/airflow/example_dags/example_dag_decorator.py took 0.194 seconds
[2025-03-12T14:02:22.866+0000] {processor.py:186} INFO - Started process (PID=8939) to work on /home/airflow/.local/lib/python3.12/site-packages/airflow/example_dags/example_dag_decorator.py
[2025-03-12T14:02:22.867+0000] {processor.py:914} INFO - Processing file /home/airflow/.local/lib/python3.12/site-packages/airflow/example_dags/example_dag_decorator.py for tasks to queue
[2025-03-12T14:02:22.869+0000] {logging_mixin.py:190} INFO - [2025-03-12T14:02:22.868+0000] {dagbag.py:588} INFO - Filling up the DagBag from /home/airflow/.local/lib/python3.12/site-packages/airflow/example_dags/example_dag_decorator.py
[2025-03-12T14:02:22.947+0000] {processor.py:925} INFO - DAG(s) 'example_dag_decorator' retrieved from /home/airflow/.local/lib/python3.12/site-packages/airflow/example_dags/example_dag_decorator.py
[2025-03-12T14:02:23.031+0000] {logging_mixin.py:190} INFO - [2025-03-12T14:02:23.031+0000] {dag.py:3239} INFO - Sync 1 DAGs
[2025-03-12T14:02:23.040+0000] {logging_mixin.py:190} INFO - [2025-03-12T14:02:23.040+0000] {dag.py:4180} INFO - Setting next_dagrun for example_dag_decorator to None, run_after=None
[2025-03-12T14:02:23.056+0000] {processor.py:208} INFO - Processing /home/airflow/.local/lib/python3.12/site-packages/airflow/example_dags/example_dag_decorator.py took 0.196 seconds
[2025-03-12T14:02:56.317+0000] {processor.py:186} INFO - Started process (PID=9250) to work on /home/airflow/.local/lib/python3.12/site-packages/airflow/example_dags/example_dag_decorator.py
[2025-03-12T14:02:56.318+0000] {processor.py:914} INFO - Processing file /home/airflow/.local/lib/python3.12/site-packages/airflow/example_dags/example_dag_decorator.py for tasks to queue
[2025-03-12T14:02:56.320+0000] {logging_mixin.py:190} INFO - [2025-03-12T14:02:56.320+0000] {dagbag.py:588} INFO - Filling up the DagBag from /home/airflow/.local/lib/python3.12/site-packages/airflow/example_dags/example_dag_decorator.py
[2025-03-12T14:02:56.388+0000] {processor.py:925} INFO - DAG(s) 'example_dag_decorator' retrieved from /home/airflow/.local/lib/python3.12/site-packages/airflow/example_dags/example_dag_decorator.py
[2025-03-12T14:02:56.473+0000] {logging_mixin.py:190} INFO - [2025-03-12T14:02:56.473+0000] {dag.py:3239} INFO - Sync 1 DAGs
[2025-03-12T14:02:56.483+0000] {logging_mixin.py:190} INFO - [2025-03-12T14:02:56.483+0000] {dag.py:4180} INFO - Setting next_dagrun for example_dag_decorator to None, run_after=None
[2025-03-12T14:02:56.498+0000] {processor.py:208} INFO - Processing /home/airflow/.local/lib/python3.12/site-packages/airflow/example_dags/example_dag_decorator.py took 0.185 seconds
[2025-03-12T14:03:29.208+0000] {processor.py:186} INFO - Started process (PID=9551) to work on /home/airflow/.local/lib/python3.12/site-packages/airflow/example_dags/example_dag_decorator.py
[2025-03-12T14:03:29.209+0000] {processor.py:914} INFO - Processing file /home/airflow/.local/lib/python3.12/site-packages/airflow/example_dags/example_dag_decorator.py for tasks to queue
[2025-03-12T14:03:29.212+0000] {logging_mixin.py:190} INFO - [2025-03-12T14:03:29.211+0000] {dagbag.py:588} INFO - Filling up the DagBag from /home/airflow/.local/lib/python3.12/site-packages/airflow/example_dags/example_dag_decorator.py
[2025-03-12T14:03:29.298+0000] {processor.py:925} INFO - DAG(s) 'example_dag_decorator' retrieved from /home/airflow/.local/lib/python3.12/site-packages/airflow/example_dags/example_dag_decorator.py
[2025-03-12T14:03:29.413+0000] {logging_mixin.py:190} INFO - [2025-03-12T14:03:29.412+0000] {dag.py:3239} INFO - Sync 1 DAGs
[2025-03-12T14:03:29.427+0000] {logging_mixin.py:190} INFO - [2025-03-12T14:03:29.427+0000] {dag.py:4180} INFO - Setting next_dagrun for example_dag_decorator to None, run_after=None
[2025-03-12T14:03:29.446+0000] {processor.py:208} INFO - Processing /home/airflow/.local/lib/python3.12/site-packages/airflow/example_dags/example_dag_decorator.py took 0.243 seconds
[2025-03-12T14:04:05.419+0000] {processor.py:186} INFO - Started process (PID=9857) to work on /home/airflow/.local/lib/python3.12/site-packages/airflow/example_dags/example_dag_decorator.py
[2025-03-12T14:04:05.421+0000] {processor.py:914} INFO - Processing file /home/airflow/.local/lib/python3.12/site-packages/airflow/example_dags/example_dag_decorator.py for tasks to queue
[2025-03-12T14:04:05.425+0000] {logging_mixin.py:190} INFO - [2025-03-12T14:04:05.424+0000] {dagbag.py:588} INFO - Filling up the DagBag from /home/airflow/.local/lib/python3.12/site-packages/airflow/example_dags/example_dag_decorator.py
[2025-03-12T14:04:05.577+0000] {processor.py:925} INFO - DAG(s) 'example_dag_decorator' retrieved from /home/airflow/.local/lib/python3.12/site-packages/airflow/example_dags/example_dag_decorator.py
[2025-03-12T14:04:05.728+0000] {logging_mixin.py:190} INFO - [2025-03-12T14:04:05.727+0000] {dag.py:3239} INFO - Sync 1 DAGs
[2025-03-12T14:04:05.748+0000] {logging_mixin.py:190} INFO - [2025-03-12T14:04:05.748+0000] {dag.py:4180} INFO - Setting next_dagrun for example_dag_decorator to None, run_after=None
[2025-03-12T14:04:05.775+0000] {processor.py:208} INFO - Processing /home/airflow/.local/lib/python3.12/site-packages/airflow/example_dags/example_dag_decorator.py took 0.365 seconds
[2025-03-12T14:04:36.562+0000] {processor.py:186} INFO - Started process (PID=10163) to work on /home/airflow/.local/lib/python3.12/site-packages/airflow/example_dags/example_dag_decorator.py
[2025-03-12T14:04:36.563+0000] {processor.py:914} INFO - Processing file /home/airflow/.local/lib/python3.12/site-packages/airflow/example_dags/example_dag_decorator.py for tasks to queue
[2025-03-12T14:04:36.565+0000] {logging_mixin.py:190} INFO - [2025-03-12T14:04:36.565+0000] {dagbag.py:588} INFO - Filling up the DagBag from /home/airflow/.local/lib/python3.12/site-packages/airflow/example_dags/example_dag_decorator.py
[2025-03-12T14:04:36.647+0000] {processor.py:925} INFO - DAG(s) 'example_dag_decorator' retrieved from /home/airflow/.local/lib/python3.12/site-packages/airflow/example_dags/example_dag_decorator.py
[2025-03-12T14:04:36.734+0000] {logging_mixin.py:190} INFO - [2025-03-12T14:04:36.734+0000] {dag.py:3239} INFO - Sync 1 DAGs
[2025-03-12T14:04:36.744+0000] {logging_mixin.py:190} INFO - [2025-03-12T14:04:36.744+0000] {dag.py:4180} INFO - Setting next_dagrun for example_dag_decorator to None, run_after=None
[2025-03-12T14:04:36.760+0000] {processor.py:208} INFO - Processing /home/airflow/.local/lib/python3.12/site-packages/airflow/example_dags/example_dag_decorator.py took 0.203 seconds
[2025-03-12T14:05:08.995+0000] {processor.py:186} INFO - Started process (PID=10474) to work on /home/airflow/.local/lib/python3.12/site-packages/airflow/example_dags/example_dag_decorator.py
[2025-03-12T14:05:08.996+0000] {processor.py:914} INFO - Processing file /home/airflow/.local/lib/python3.12/site-packages/airflow/example_dags/example_dag_decorator.py for tasks to queue
[2025-03-12T14:05:08.998+0000] {logging_mixin.py:190} INFO - [2025-03-12T14:05:08.998+0000] {dagbag.py:588} INFO - Filling up the DagBag from /home/airflow/.local/lib/python3.12/site-packages/airflow/example_dags/example_dag_decorator.py
[2025-03-12T14:05:09.110+0000] {processor.py:925} INFO - DAG(s) 'example_dag_decorator' retrieved from /home/airflow/.local/lib/python3.12/site-packages/airflow/example_dags/example_dag_decorator.py
[2025-03-12T14:05:09.201+0000] {logging_mixin.py:190} INFO - [2025-03-12T14:05:09.200+0000] {dag.py:3239} INFO - Sync 1 DAGs
[2025-03-12T14:05:09.210+0000] {logging_mixin.py:190} INFO - [2025-03-12T14:05:09.210+0000] {dag.py:4180} INFO - Setting next_dagrun for example_dag_decorator to None, run_after=None
[2025-03-12T14:05:09.226+0000] {processor.py:208} INFO - Processing /home/airflow/.local/lib/python3.12/site-packages/airflow/example_dags/example_dag_decorator.py took 0.236 seconds
[2025-03-12T14:05:43.707+0000] {processor.py:186} INFO - Started process (PID=10780) to work on /home/airflow/.local/lib/python3.12/site-packages/airflow/example_dags/example_dag_decorator.py
[2025-03-12T14:05:43.708+0000] {processor.py:914} INFO - Processing file /home/airflow/.local/lib/python3.12/site-packages/airflow/example_dags/example_dag_decorator.py for tasks to queue
[2025-03-12T14:05:43.711+0000] {logging_mixin.py:190} INFO - [2025-03-12T14:05:43.711+0000] {dagbag.py:588} INFO - Filling up the DagBag from /home/airflow/.local/lib/python3.12/site-packages/airflow/example_dags/example_dag_decorator.py
[2025-03-12T14:05:43.811+0000] {processor.py:925} INFO - DAG(s) 'example_dag_decorator' retrieved from /home/airflow/.local/lib/python3.12/site-packages/airflow/example_dags/example_dag_decorator.py
[2025-03-12T14:05:43.923+0000] {logging_mixin.py:190} INFO - [2025-03-12T14:05:43.923+0000] {dag.py:3239} INFO - Sync 1 DAGs
[2025-03-12T14:05:43.935+0000] {logging_mixin.py:190} INFO - [2025-03-12T14:05:43.935+0000] {dag.py:4180} INFO - Setting next_dagrun for example_dag_decorator to None, run_after=None
[2025-03-12T14:05:43.953+0000] {processor.py:208} INFO - Processing /home/airflow/.local/lib/python3.12/site-packages/airflow/example_dags/example_dag_decorator.py took 0.252 seconds
[2025-03-12T14:06:15.682+0000] {processor.py:186} INFO - Started process (PID=11086) to work on /home/airflow/.local/lib/python3.12/site-packages/airflow/example_dags/example_dag_decorator.py
[2025-03-12T14:06:15.683+0000] {processor.py:914} INFO - Processing file /home/airflow/.local/lib/python3.12/site-packages/airflow/example_dags/example_dag_decorator.py for tasks to queue
[2025-03-12T14:06:15.685+0000] {logging_mixin.py:190} INFO - [2025-03-12T14:06:15.684+0000] {dagbag.py:588} INFO - Filling up the DagBag from /home/airflow/.local/lib/python3.12/site-packages/airflow/example_dags/example_dag_decorator.py
[2025-03-12T14:06:15.768+0000] {processor.py:925} INFO - DAG(s) 'example_dag_decorator' retrieved from /home/airflow/.local/lib/python3.12/site-packages/airflow/example_dags/example_dag_decorator.py
[2025-03-12T14:06:15.861+0000] {logging_mixin.py:190} INFO - [2025-03-12T14:06:15.860+0000] {dag.py:3239} INFO - Sync 1 DAGs
[2025-03-12T14:06:15.870+0000] {logging_mixin.py:190} INFO - [2025-03-12T14:06:15.870+0000] {dag.py:4180} INFO - Setting next_dagrun for example_dag_decorator to None, run_after=None
[2025-03-12T14:06:15.888+0000] {processor.py:208} INFO - Processing /home/airflow/.local/lib/python3.12/site-packages/airflow/example_dags/example_dag_decorator.py took 0.211 seconds
[2025-03-12T14:06:49.387+0000] {processor.py:186} INFO - Started process (PID=11392) to work on /home/airflow/.local/lib/python3.12/site-packages/airflow/example_dags/example_dag_decorator.py
[2025-03-12T14:06:49.389+0000] {processor.py:914} INFO - Processing file /home/airflow/.local/lib/python3.12/site-packages/airflow/example_dags/example_dag_decorator.py for tasks to queue
[2025-03-12T14:06:49.391+0000] {logging_mixin.py:190} INFO - [2025-03-12T14:06:49.390+0000] {dagbag.py:588} INFO - Filling up the DagBag from /home/airflow/.local/lib/python3.12/site-packages/airflow/example_dags/example_dag_decorator.py
[2025-03-12T14:06:49.464+0000] {processor.py:925} INFO - DAG(s) 'example_dag_decorator' retrieved from /home/airflow/.local/lib/python3.12/site-packages/airflow/example_dags/example_dag_decorator.py
[2025-03-12T14:06:49.550+0000] {logging_mixin.py:190} INFO - [2025-03-12T14:06:49.550+0000] {dag.py:3239} INFO - Sync 1 DAGs
[2025-03-12T14:06:49.563+0000] {logging_mixin.py:190} INFO - [2025-03-12T14:06:49.563+0000] {dag.py:4180} INFO - Setting next_dagrun for example_dag_decorator to None, run_after=None
[2025-03-12T14:06:49.580+0000] {processor.py:208} INFO - Processing /home/airflow/.local/lib/python3.12/site-packages/airflow/example_dags/example_dag_decorator.py took 0.197 seconds
[2025-03-12T14:07:23.076+0000] {processor.py:186} INFO - Started process (PID=11698) to work on /home/airflow/.local/lib/python3.12/site-packages/airflow/example_dags/example_dag_decorator.py
[2025-03-12T14:07:23.077+0000] {processor.py:914} INFO - Processing file /home/airflow/.local/lib/python3.12/site-packages/airflow/example_dags/example_dag_decorator.py for tasks to queue
[2025-03-12T14:07:23.079+0000] {logging_mixin.py:190} INFO - [2025-03-12T14:07:23.078+0000] {dagbag.py:588} INFO - Filling up the DagBag from /home/airflow/.local/lib/python3.12/site-packages/airflow/example_dags/example_dag_decorator.py
[2025-03-12T14:07:23.163+0000] {processor.py:925} INFO - DAG(s) 'example_dag_decorator' retrieved from /home/airflow/.local/lib/python3.12/site-packages/airflow/example_dags/example_dag_decorator.py
[2025-03-12T14:07:23.250+0000] {logging_mixin.py:190} INFO - [2025-03-12T14:07:23.250+0000] {dag.py:3239} INFO - Sync 1 DAGs
[2025-03-12T14:07:23.362+0000] {logging_mixin.py:190} INFO - [2025-03-12T14:07:23.362+0000] {dag.py:4180} INFO - Setting next_dagrun for example_dag_decorator to None, run_after=None
[2025-03-12T14:07:23.376+0000] {processor.py:208} INFO - Processing /home/airflow/.local/lib/python3.12/site-packages/airflow/example_dags/example_dag_decorator.py took 0.304 seconds
[2025-03-12T14:07:56.019+0000] {processor.py:186} INFO - Started process (PID=12004) to work on /home/airflow/.local/lib/python3.12/site-packages/airflow/example_dags/example_dag_decorator.py
[2025-03-12T14:07:56.020+0000] {processor.py:914} INFO - Processing file /home/airflow/.local/lib/python3.12/site-packages/airflow/example_dags/example_dag_decorator.py for tasks to queue
[2025-03-12T14:07:56.022+0000] {logging_mixin.py:190} INFO - [2025-03-12T14:07:56.022+0000] {dagbag.py:588} INFO - Filling up the DagBag from /home/airflow/.local/lib/python3.12/site-packages/airflow/example_dags/example_dag_decorator.py
[2025-03-12T14:07:56.096+0000] {processor.py:925} INFO - DAG(s) 'example_dag_decorator' retrieved from /home/airflow/.local/lib/python3.12/site-packages/airflow/example_dags/example_dag_decorator.py
[2025-03-12T14:07:56.178+0000] {logging_mixin.py:190} INFO - [2025-03-12T14:07:56.178+0000] {dag.py:3239} INFO - Sync 1 DAGs
[2025-03-12T14:07:56.188+0000] {logging_mixin.py:190} INFO - [2025-03-12T14:07:56.188+0000] {dag.py:4180} INFO - Setting next_dagrun for example_dag_decorator to None, run_after=None
[2025-03-12T14:07:56.207+0000] {processor.py:208} INFO - Processing /home/airflow/.local/lib/python3.12/site-packages/airflow/example_dags/example_dag_decorator.py took 0.193 seconds
[2025-03-12T14:08:30.109+0000] {processor.py:186} INFO - Started process (PID=12310) to work on /home/airflow/.local/lib/python3.12/site-packages/airflow/example_dags/example_dag_decorator.py
[2025-03-12T14:08:30.110+0000] {processor.py:914} INFO - Processing file /home/airflow/.local/lib/python3.12/site-packages/airflow/example_dags/example_dag_decorator.py for tasks to queue
[2025-03-12T14:08:30.112+0000] {logging_mixin.py:190} INFO - [2025-03-12T14:08:30.111+0000] {dagbag.py:588} INFO - Filling up the DagBag from /home/airflow/.local/lib/python3.12/site-packages/airflow/example_dags/example_dag_decorator.py
[2025-03-12T14:08:30.178+0000] {processor.py:925} INFO - DAG(s) 'example_dag_decorator' retrieved from /home/airflow/.local/lib/python3.12/site-packages/airflow/example_dags/example_dag_decorator.py
[2025-03-12T14:08:30.261+0000] {logging_mixin.py:190} INFO - [2025-03-12T14:08:30.261+0000] {dag.py:3239} INFO - Sync 1 DAGs
[2025-03-12T14:08:30.271+0000] {logging_mixin.py:190} INFO - [2025-03-12T14:08:30.271+0000] {dag.py:4180} INFO - Setting next_dagrun for example_dag_decorator to None, run_after=None
[2025-03-12T14:08:30.286+0000] {processor.py:208} INFO - Processing /home/airflow/.local/lib/python3.12/site-packages/airflow/example_dags/example_dag_decorator.py took 0.182 seconds
[2025-03-12T14:09:03.141+0000] {processor.py:186} INFO - Started process (PID=12618) to work on /home/airflow/.local/lib/python3.12/site-packages/airflow/example_dags/example_dag_decorator.py
[2025-03-12T14:09:03.141+0000] {processor.py:914} INFO - Processing file /home/airflow/.local/lib/python3.12/site-packages/airflow/example_dags/example_dag_decorator.py for tasks to queue
[2025-03-12T14:09:03.144+0000] {logging_mixin.py:190} INFO - [2025-03-12T14:09:03.143+0000] {dagbag.py:588} INFO - Filling up the DagBag from /home/airflow/.local/lib/python3.12/site-packages/airflow/example_dags/example_dag_decorator.py
[2025-03-12T14:09:03.238+0000] {processor.py:925} INFO - DAG(s) 'example_dag_decorator' retrieved from /home/airflow/.local/lib/python3.12/site-packages/airflow/example_dags/example_dag_decorator.py
[2025-03-12T14:09:03.330+0000] {logging_mixin.py:190} INFO - [2025-03-12T14:09:03.330+0000] {dag.py:3239} INFO - Sync 1 DAGs
[2025-03-12T14:09:03.342+0000] {logging_mixin.py:190} INFO - [2025-03-12T14:09:03.342+0000] {dag.py:4180} INFO - Setting next_dagrun for example_dag_decorator to None, run_after=None
[2025-03-12T14:09:03.359+0000] {processor.py:208} INFO - Processing /home/airflow/.local/lib/python3.12/site-packages/airflow/example_dags/example_dag_decorator.py took 0.223 seconds
[2025-03-12T14:09:36.479+0000] {processor.py:186} INFO - Started process (PID=12922) to work on /home/airflow/.local/lib/python3.12/site-packages/airflow/example_dags/example_dag_decorator.py
[2025-03-12T14:09:36.480+0000] {processor.py:914} INFO - Processing file /home/airflow/.local/lib/python3.12/site-packages/airflow/example_dags/example_dag_decorator.py for tasks to queue
[2025-03-12T14:09:36.482+0000] {logging_mixin.py:190} INFO - [2025-03-12T14:09:36.481+0000] {dagbag.py:588} INFO - Filling up the DagBag from /home/airflow/.local/lib/python3.12/site-packages/airflow/example_dags/example_dag_decorator.py
[2025-03-12T14:09:36.552+0000] {processor.py:925} INFO - DAG(s) 'example_dag_decorator' retrieved from /home/airflow/.local/lib/python3.12/site-packages/airflow/example_dags/example_dag_decorator.py
[2025-03-12T14:09:36.752+0000] {logging_mixin.py:190} INFO - [2025-03-12T14:09:36.752+0000] {dag.py:3239} INFO - Sync 1 DAGs
[2025-03-12T14:09:36.762+0000] {logging_mixin.py:190} INFO - [2025-03-12T14:09:36.762+0000] {dag.py:4180} INFO - Setting next_dagrun for example_dag_decorator to None, run_after=None
[2025-03-12T14:09:36.778+0000] {processor.py:208} INFO - Processing /home/airflow/.local/lib/python3.12/site-packages/airflow/example_dags/example_dag_decorator.py took 0.303 seconds
[2025-03-12T14:10:09.425+0000] {processor.py:186} INFO - Started process (PID=13228) to work on /home/airflow/.local/lib/python3.12/site-packages/airflow/example_dags/example_dag_decorator.py
[2025-03-12T14:10:09.426+0000] {processor.py:914} INFO - Processing file /home/airflow/.local/lib/python3.12/site-packages/airflow/example_dags/example_dag_decorator.py for tasks to queue
[2025-03-12T14:10:09.428+0000] {logging_mixin.py:190} INFO - [2025-03-12T14:10:09.428+0000] {dagbag.py:588} INFO - Filling up the DagBag from /home/airflow/.local/lib/python3.12/site-packages/airflow/example_dags/example_dag_decorator.py
[2025-03-12T14:10:09.515+0000] {processor.py:925} INFO - DAG(s) 'example_dag_decorator' retrieved from /home/airflow/.local/lib/python3.12/site-packages/airflow/example_dags/example_dag_decorator.py
[2025-03-12T14:10:09.599+0000] {logging_mixin.py:190} INFO - [2025-03-12T14:10:09.599+0000] {dag.py:3239} INFO - Sync 1 DAGs
[2025-03-12T14:10:09.727+0000] {logging_mixin.py:190} INFO - [2025-03-12T14:10:09.727+0000] {dag.py:4180} INFO - Setting next_dagrun for example_dag_decorator to None, run_after=None
[2025-03-12T14:10:09.743+0000] {processor.py:208} INFO - Processing /home/airflow/.local/lib/python3.12/site-packages/airflow/example_dags/example_dag_decorator.py took 0.322 seconds
[2025-03-12T14:10:42.159+0000] {processor.py:186} INFO - Started process (PID=13534) to work on /home/airflow/.local/lib/python3.12/site-packages/airflow/example_dags/example_dag_decorator.py
[2025-03-12T14:10:42.159+0000] {processor.py:914} INFO - Processing file /home/airflow/.local/lib/python3.12/site-packages/airflow/example_dags/example_dag_decorator.py for tasks to queue
[2025-03-12T14:10:42.161+0000] {logging_mixin.py:190} INFO - [2025-03-12T14:10:42.161+0000] {dagbag.py:588} INFO - Filling up the DagBag from /home/airflow/.local/lib/python3.12/site-packages/airflow/example_dags/example_dag_decorator.py
[2025-03-12T14:10:42.237+0000] {processor.py:925} INFO - DAG(s) 'example_dag_decorator' retrieved from /home/airflow/.local/lib/python3.12/site-packages/airflow/example_dags/example_dag_decorator.py
[2025-03-12T14:10:42.331+0000] {logging_mixin.py:190} INFO - [2025-03-12T14:10:42.331+0000] {dag.py:3239} INFO - Sync 1 DAGs
[2025-03-12T14:10:42.452+0000] {logging_mixin.py:190} INFO - [2025-03-12T14:10:42.452+0000] {dag.py:4180} INFO - Setting next_dagrun for example_dag_decorator to None, run_after=None
[2025-03-12T14:10:42.466+0000] {processor.py:208} INFO - Processing /home/airflow/.local/lib/python3.12/site-packages/airflow/example_dags/example_dag_decorator.py took 0.312 seconds
[2025-03-12T14:11:16.088+0000] {processor.py:186} INFO - Started process (PID=13840) to work on /home/airflow/.local/lib/python3.12/site-packages/airflow/example_dags/example_dag_decorator.py
[2025-03-12T14:11:16.089+0000] {processor.py:914} INFO - Processing file /home/airflow/.local/lib/python3.12/site-packages/airflow/example_dags/example_dag_decorator.py for tasks to queue
[2025-03-12T14:11:16.091+0000] {logging_mixin.py:190} INFO - [2025-03-12T14:11:16.091+0000] {dagbag.py:588} INFO - Filling up the DagBag from /home/airflow/.local/lib/python3.12/site-packages/airflow/example_dags/example_dag_decorator.py
[2025-03-12T14:11:16.170+0000] {processor.py:925} INFO - DAG(s) 'example_dag_decorator' retrieved from /home/airflow/.local/lib/python3.12/site-packages/airflow/example_dags/example_dag_decorator.py
[2025-03-12T14:11:16.403+0000] {logging_mixin.py:190} INFO - [2025-03-12T14:11:16.403+0000] {dag.py:3239} INFO - Sync 1 DAGs
[2025-03-12T14:11:16.411+0000] {logging_mixin.py:190} INFO - [2025-03-12T14:11:16.411+0000] {dag.py:4180} INFO - Setting next_dagrun for example_dag_decorator to None, run_after=None
[2025-03-12T14:11:16.422+0000] {processor.py:208} INFO - Processing /home/airflow/.local/lib/python3.12/site-packages/airflow/example_dags/example_dag_decorator.py took 0.340 seconds
[2025-03-12T14:11:49.594+0000] {processor.py:186} INFO - Started process (PID=14154) to work on /home/airflow/.local/lib/python3.12/site-packages/airflow/example_dags/example_dag_decorator.py
[2025-03-12T14:11:49.595+0000] {processor.py:914} INFO - Processing file /home/airflow/.local/lib/python3.12/site-packages/airflow/example_dags/example_dag_decorator.py for tasks to queue
[2025-03-12T14:11:49.597+0000] {logging_mixin.py:190} INFO - [2025-03-12T14:11:49.597+0000] {dagbag.py:588} INFO - Filling up the DagBag from /home/airflow/.local/lib/python3.12/site-packages/airflow/example_dags/example_dag_decorator.py
[2025-03-12T14:11:49.666+0000] {processor.py:925} INFO - DAG(s) 'example_dag_decorator' retrieved from /home/airflow/.local/lib/python3.12/site-packages/airflow/example_dags/example_dag_decorator.py
[2025-03-12T14:11:49.846+0000] {logging_mixin.py:190} INFO - [2025-03-12T14:11:49.845+0000] {dag.py:3239} INFO - Sync 1 DAGs
[2025-03-12T14:11:49.854+0000] {logging_mixin.py:190} INFO - [2025-03-12T14:11:49.854+0000] {dag.py:4180} INFO - Setting next_dagrun for example_dag_decorator to None, run_after=None
[2025-03-12T14:11:49.868+0000] {processor.py:208} INFO - Processing /home/airflow/.local/lib/python3.12/site-packages/airflow/example_dags/example_dag_decorator.py took 0.278 seconds
[2025-03-12T14:12:23.691+0000] {processor.py:186} INFO - Started process (PID=14453) to work on /home/airflow/.local/lib/python3.12/site-packages/airflow/example_dags/example_dag_decorator.py
[2025-03-12T14:12:23.692+0000] {processor.py:914} INFO - Processing file /home/airflow/.local/lib/python3.12/site-packages/airflow/example_dags/example_dag_decorator.py for tasks to queue
[2025-03-12T14:12:23.694+0000] {logging_mixin.py:190} INFO - [2025-03-12T14:12:23.694+0000] {dagbag.py:588} INFO - Filling up the DagBag from /home/airflow/.local/lib/python3.12/site-packages/airflow/example_dags/example_dag_decorator.py
[2025-03-12T14:12:23.776+0000] {processor.py:925} INFO - DAG(s) 'example_dag_decorator' retrieved from /home/airflow/.local/lib/python3.12/site-packages/airflow/example_dags/example_dag_decorator.py
[2025-03-12T14:12:24.024+0000] {logging_mixin.py:190} INFO - [2025-03-12T14:12:24.023+0000] {dag.py:3239} INFO - Sync 1 DAGs
[2025-03-12T14:12:24.034+0000] {logging_mixin.py:190} INFO - [2025-03-12T14:12:24.034+0000] {dag.py:4180} INFO - Setting next_dagrun for example_dag_decorator to None, run_after=None
[2025-03-12T14:12:24.052+0000] {processor.py:208} INFO - Processing /home/airflow/.local/lib/python3.12/site-packages/airflow/example_dags/example_dag_decorator.py took 0.365 seconds
[2025-03-12T14:14:08.031+0000] {processor.py:186} INFO - Started process (PID=390) to work on /home/airflow/.local/lib/python3.12/site-packages/airflow/example_dags/example_dag_decorator.py
[2025-03-12T14:14:08.032+0000] {processor.py:914} INFO - Processing file /home/airflow/.local/lib/python3.12/site-packages/airflow/example_dags/example_dag_decorator.py for tasks to queue
[2025-03-12T14:14:08.034+0000] {logging_mixin.py:190} INFO - [2025-03-12T14:14:08.034+0000] {dagbag.py:588} INFO - Filling up the DagBag from /home/airflow/.local/lib/python3.12/site-packages/airflow/example_dags/example_dag_decorator.py
[2025-03-12T14:14:08.438+0000] {processor.py:925} INFO - DAG(s) 'example_dag_decorator' retrieved from /home/airflow/.local/lib/python3.12/site-packages/airflow/example_dags/example_dag_decorator.py
[2025-03-12T14:14:08.605+0000] {logging_mixin.py:190} INFO - [2025-03-12T14:14:08.604+0000] {override.py:1912} INFO - Created Permission View: can read on DAG:example_dag_decorator
[2025-03-12T14:14:08.621+0000] {logging_mixin.py:190} INFO - [2025-03-12T14:14:08.621+0000] {override.py:1912} INFO - Created Permission View: can edit on DAG:example_dag_decorator
[2025-03-12T14:14:08.629+0000] {logging_mixin.py:190} INFO - [2025-03-12T14:14:08.628+0000] {override.py:1912} INFO - Created Permission View: can delete on DAG:example_dag_decorator
[2025-03-12T14:14:08.636+0000] {logging_mixin.py:190} INFO - [2025-03-12T14:14:08.636+0000] {override.py:1912} INFO - Created Permission View: can create on DAG Run:example_dag_decorator
[2025-03-12T14:14:08.643+0000] {logging_mixin.py:190} INFO - [2025-03-12T14:14:08.643+0000] {override.py:1912} INFO - Created Permission View: can read on DAG Run:example_dag_decorator
[2025-03-12T14:14:08.649+0000] {logging_mixin.py:190} INFO - [2025-03-12T14:14:08.649+0000] {override.py:1912} INFO - Created Permission View: menu access on DAG Run:example_dag_decorator
[2025-03-12T14:14:08.657+0000] {logging_mixin.py:190} INFO - [2025-03-12T14:14:08.657+0000] {override.py:1912} INFO - Created Permission View: can delete on DAG Run:example_dag_decorator
[2025-03-12T14:14:08.658+0000] {logging_mixin.py:190} INFO - [2025-03-12T14:14:08.658+0000] {dag.py:3239} INFO - Sync 1 DAGs
[2025-03-12T14:14:08.671+0000] {logging_mixin.py:190} INFO - [2025-03-12T14:14:08.671+0000] {dag.py:3262} INFO - Creating ORM DAG for example_dag_decorator
[2025-03-12T14:14:08.672+0000] {logging_mixin.py:190} INFO - [2025-03-12T14:14:08.672+0000] {dag.py:4180} INFO - Setting next_dagrun for example_dag_decorator to None, run_after=None
[2025-03-12T14:14:08.689+0000] {processor.py:208} INFO - Processing /home/airflow/.local/lib/python3.12/site-packages/airflow/example_dags/example_dag_decorator.py took 0.664 seconds
[2025-03-12T14:14:39.633+0000] {processor.py:186} INFO - Started process (PID=696) to work on /home/airflow/.local/lib/python3.12/site-packages/airflow/example_dags/example_dag_decorator.py
[2025-03-12T14:14:39.634+0000] {processor.py:914} INFO - Processing file /home/airflow/.local/lib/python3.12/site-packages/airflow/example_dags/example_dag_decorator.py for tasks to queue
[2025-03-12T14:14:39.635+0000] {logging_mixin.py:190} INFO - [2025-03-12T14:14:39.635+0000] {dagbag.py:588} INFO - Filling up the DagBag from /home/airflow/.local/lib/python3.12/site-packages/airflow/example_dags/example_dag_decorator.py
[2025-03-12T14:14:39.708+0000] {processor.py:925} INFO - DAG(s) 'example_dag_decorator' retrieved from /home/airflow/.local/lib/python3.12/site-packages/airflow/example_dags/example_dag_decorator.py
[2025-03-12T14:14:39.787+0000] {logging_mixin.py:190} INFO - [2025-03-12T14:14:39.787+0000] {dag.py:3239} INFO - Sync 1 DAGs
[2025-03-12T14:14:39.799+0000] {logging_mixin.py:190} INFO - [2025-03-12T14:14:39.799+0000] {dag.py:4180} INFO - Setting next_dagrun for example_dag_decorator to None, run_after=None
[2025-03-12T14:14:39.814+0000] {processor.py:208} INFO - Processing /home/airflow/.local/lib/python3.12/site-packages/airflow/example_dags/example_dag_decorator.py took 0.186 seconds
[2025-03-12T14:15:10.015+0000] {processor.py:186} INFO - Started process (PID=1000) to work on /home/airflow/.local/lib/python3.12/site-packages/airflow/example_dags/example_dag_decorator.py
[2025-03-12T14:15:10.016+0000] {processor.py:914} INFO - Processing file /home/airflow/.local/lib/python3.12/site-packages/airflow/example_dags/example_dag_decorator.py for tasks to queue
[2025-03-12T14:15:10.019+0000] {logging_mixin.py:190} INFO - [2025-03-12T14:15:10.019+0000] {dagbag.py:588} INFO - Filling up the DagBag from /home/airflow/.local/lib/python3.12/site-packages/airflow/example_dags/example_dag_decorator.py
[2025-03-12T14:15:10.091+0000] {processor.py:925} INFO - DAG(s) 'example_dag_decorator' retrieved from /home/airflow/.local/lib/python3.12/site-packages/airflow/example_dags/example_dag_decorator.py
[2025-03-12T14:15:10.195+0000] {logging_mixin.py:190} INFO - [2025-03-12T14:15:10.194+0000] {dag.py:3239} INFO - Sync 1 DAGs
[2025-03-12T14:15:10.205+0000] {logging_mixin.py:190} INFO - [2025-03-12T14:15:10.204+0000] {dag.py:4180} INFO - Setting next_dagrun for example_dag_decorator to None, run_after=None
[2025-03-12T14:15:10.219+0000] {processor.py:208} INFO - Processing /home/airflow/.local/lib/python3.12/site-packages/airflow/example_dags/example_dag_decorator.py took 0.209 seconds
[2025-03-12T14:15:43.341+0000] {processor.py:186} INFO - Started process (PID=1306) to work on /home/airflow/.local/lib/python3.12/site-packages/airflow/example_dags/example_dag_decorator.py
[2025-03-12T14:15:43.342+0000] {processor.py:914} INFO - Processing file /home/airflow/.local/lib/python3.12/site-packages/airflow/example_dags/example_dag_decorator.py for tasks to queue
[2025-03-12T14:15:43.344+0000] {logging_mixin.py:190} INFO - [2025-03-12T14:15:43.344+0000] {dagbag.py:588} INFO - Filling up the DagBag from /home/airflow/.local/lib/python3.12/site-packages/airflow/example_dags/example_dag_decorator.py
[2025-03-12T14:15:43.422+0000] {processor.py:925} INFO - DAG(s) 'example_dag_decorator' retrieved from /home/airflow/.local/lib/python3.12/site-packages/airflow/example_dags/example_dag_decorator.py
[2025-03-12T14:15:43.511+0000] {logging_mixin.py:190} INFO - [2025-03-12T14:15:43.511+0000] {dag.py:3239} INFO - Sync 1 DAGs
[2025-03-12T14:15:43.522+0000] {logging_mixin.py:190} INFO - [2025-03-12T14:15:43.521+0000] {dag.py:4180} INFO - Setting next_dagrun for example_dag_decorator to None, run_after=None
[2025-03-12T14:15:43.536+0000] {processor.py:208} INFO - Processing /home/airflow/.local/lib/python3.12/site-packages/airflow/example_dags/example_dag_decorator.py took 0.199 seconds
[2025-03-12T14:16:16.905+0000] {processor.py:186} INFO - Started process (PID=1613) to work on /home/airflow/.local/lib/python3.12/site-packages/airflow/example_dags/example_dag_decorator.py
[2025-03-12T14:16:16.905+0000] {processor.py:914} INFO - Processing file /home/airflow/.local/lib/python3.12/site-packages/airflow/example_dags/example_dag_decorator.py for tasks to queue
[2025-03-12T14:16:16.908+0000] {logging_mixin.py:190} INFO - [2025-03-12T14:16:16.907+0000] {dagbag.py:588} INFO - Filling up the DagBag from /home/airflow/.local/lib/python3.12/site-packages/airflow/example_dags/example_dag_decorator.py
[2025-03-12T14:16:16.980+0000] {processor.py:925} INFO - DAG(s) 'example_dag_decorator' retrieved from /home/airflow/.local/lib/python3.12/site-packages/airflow/example_dags/example_dag_decorator.py
[2025-03-12T14:16:16.998+0000] {logging_mixin.py:190} INFO - [2025-03-12T14:16:16.998+0000] {dag.py:3239} INFO - Sync 1 DAGs
[2025-03-12T14:16:17.010+0000] {logging_mixin.py:190} INFO - [2025-03-12T14:16:17.009+0000] {dag.py:4180} INFO - Setting next_dagrun for example_dag_decorator to None, run_after=None
[2025-03-12T14:16:17.025+0000] {processor.py:208} INFO - Processing /home/airflow/.local/lib/python3.12/site-packages/airflow/example_dags/example_dag_decorator.py took 0.125 seconds
[2025-03-12T14:16:50.131+0000] {processor.py:186} INFO - Started process (PID=1919) to work on /home/airflow/.local/lib/python3.12/site-packages/airflow/example_dags/example_dag_decorator.py
[2025-03-12T14:16:50.132+0000] {processor.py:914} INFO - Processing file /home/airflow/.local/lib/python3.12/site-packages/airflow/example_dags/example_dag_decorator.py for tasks to queue
[2025-03-12T14:16:50.133+0000] {logging_mixin.py:190} INFO - [2025-03-12T14:16:50.133+0000] {dagbag.py:588} INFO - Filling up the DagBag from /home/airflow/.local/lib/python3.12/site-packages/airflow/example_dags/example_dag_decorator.py
[2025-03-12T14:16:50.213+0000] {processor.py:925} INFO - DAG(s) 'example_dag_decorator' retrieved from /home/airflow/.local/lib/python3.12/site-packages/airflow/example_dags/example_dag_decorator.py
[2025-03-12T14:16:50.305+0000] {logging_mixin.py:190} INFO - [2025-03-12T14:16:50.305+0000] {dag.py:3239} INFO - Sync 1 DAGs
[2025-03-12T14:16:50.314+0000] {logging_mixin.py:190} INFO - [2025-03-12T14:16:50.314+0000] {dag.py:4180} INFO - Setting next_dagrun for example_dag_decorator to None, run_after=None
[2025-03-12T14:16:50.331+0000] {processor.py:208} INFO - Processing /home/airflow/.local/lib/python3.12/site-packages/airflow/example_dags/example_dag_decorator.py took 0.205 seconds
[2025-03-12T14:17:23.459+0000] {processor.py:186} INFO - Started process (PID=2225) to work on /home/airflow/.local/lib/python3.12/site-packages/airflow/example_dags/example_dag_decorator.py
[2025-03-12T14:17:23.460+0000] {processor.py:914} INFO - Processing file /home/airflow/.local/lib/python3.12/site-packages/airflow/example_dags/example_dag_decorator.py for tasks to queue
[2025-03-12T14:17:23.462+0000] {logging_mixin.py:190} INFO - [2025-03-12T14:17:23.462+0000] {dagbag.py:588} INFO - Filling up the DagBag from /home/airflow/.local/lib/python3.12/site-packages/airflow/example_dags/example_dag_decorator.py
[2025-03-12T14:17:23.534+0000] {processor.py:925} INFO - DAG(s) 'example_dag_decorator' retrieved from /home/airflow/.local/lib/python3.12/site-packages/airflow/example_dags/example_dag_decorator.py
[2025-03-12T14:17:23.612+0000] {logging_mixin.py:190} INFO - [2025-03-12T14:17:23.612+0000] {dag.py:3239} INFO - Sync 1 DAGs
[2025-03-12T14:17:23.621+0000] {logging_mixin.py:190} INFO - [2025-03-12T14:17:23.621+0000] {dag.py:4180} INFO - Setting next_dagrun for example_dag_decorator to None, run_after=None
[2025-03-12T14:17:23.638+0000] {processor.py:208} INFO - Processing /home/airflow/.local/lib/python3.12/site-packages/airflow/example_dags/example_dag_decorator.py took 0.183 seconds
[2025-03-12T14:17:56.859+0000] {processor.py:186} INFO - Started process (PID=2533) to work on /home/airflow/.local/lib/python3.12/site-packages/airflow/example_dags/example_dag_decorator.py
[2025-03-12T14:17:56.860+0000] {processor.py:914} INFO - Processing file /home/airflow/.local/lib/python3.12/site-packages/airflow/example_dags/example_dag_decorator.py for tasks to queue
[2025-03-12T14:17:56.862+0000] {logging_mixin.py:190} INFO - [2025-03-12T14:17:56.862+0000] {dagbag.py:588} INFO - Filling up the DagBag from /home/airflow/.local/lib/python3.12/site-packages/airflow/example_dags/example_dag_decorator.py
[2025-03-12T14:17:56.937+0000] {processor.py:925} INFO - DAG(s) 'example_dag_decorator' retrieved from /home/airflow/.local/lib/python3.12/site-packages/airflow/example_dags/example_dag_decorator.py
[2025-03-12T14:17:57.017+0000] {logging_mixin.py:190} INFO - [2025-03-12T14:17:57.017+0000] {dag.py:3239} INFO - Sync 1 DAGs
[2025-03-12T14:17:57.026+0000] {logging_mixin.py:190} INFO - [2025-03-12T14:17:57.025+0000] {dag.py:4180} INFO - Setting next_dagrun for example_dag_decorator to None, run_after=None
[2025-03-12T14:17:57.042+0000] {processor.py:208} INFO - Processing /home/airflow/.local/lib/python3.12/site-packages/airflow/example_dags/example_dag_decorator.py took 0.187 seconds
[2025-03-12T14:18:29.697+0000] {processor.py:186} INFO - Started process (PID=2837) to work on /home/airflow/.local/lib/python3.12/site-packages/airflow/example_dags/example_dag_decorator.py
[2025-03-12T14:18:29.699+0000] {processor.py:914} INFO - Processing file /home/airflow/.local/lib/python3.12/site-packages/airflow/example_dags/example_dag_decorator.py for tasks to queue
[2025-03-12T14:18:29.701+0000] {logging_mixin.py:190} INFO - [2025-03-12T14:18:29.701+0000] {dagbag.py:588} INFO - Filling up the DagBag from /home/airflow/.local/lib/python3.12/site-packages/airflow/example_dags/example_dag_decorator.py
[2025-03-12T14:18:29.779+0000] {processor.py:925} INFO - DAG(s) 'example_dag_decorator' retrieved from /home/airflow/.local/lib/python3.12/site-packages/airflow/example_dags/example_dag_decorator.py
[2025-03-12T14:18:29.859+0000] {logging_mixin.py:190} INFO - [2025-03-12T14:18:29.859+0000] {dag.py:3239} INFO - Sync 1 DAGs
[2025-03-12T14:18:29.869+0000] {logging_mixin.py:190} INFO - [2025-03-12T14:18:29.869+0000] {dag.py:4180} INFO - Setting next_dagrun for example_dag_decorator to None, run_after=None
[2025-03-12T14:18:29.885+0000] {processor.py:208} INFO - Processing /home/airflow/.local/lib/python3.12/site-packages/airflow/example_dags/example_dag_decorator.py took 0.192 seconds
[2025-03-12T14:19:02.385+0000] {processor.py:186} INFO - Started process (PID=3145) to work on /home/airflow/.local/lib/python3.12/site-packages/airflow/example_dags/example_dag_decorator.py
[2025-03-12T14:19:02.386+0000] {processor.py:914} INFO - Processing file /home/airflow/.local/lib/python3.12/site-packages/airflow/example_dags/example_dag_decorator.py for tasks to queue
[2025-03-12T14:19:02.388+0000] {logging_mixin.py:190} INFO - [2025-03-12T14:19:02.388+0000] {dagbag.py:588} INFO - Filling up the DagBag from /home/airflow/.local/lib/python3.12/site-packages/airflow/example_dags/example_dag_decorator.py
[2025-03-12T14:19:02.457+0000] {processor.py:925} INFO - DAG(s) 'example_dag_decorator' retrieved from /home/airflow/.local/lib/python3.12/site-packages/airflow/example_dags/example_dag_decorator.py
[2025-03-12T14:19:02.533+0000] {logging_mixin.py:190} INFO - [2025-03-12T14:19:02.533+0000] {dag.py:3239} INFO - Sync 1 DAGs
[2025-03-12T14:19:02.544+0000] {logging_mixin.py:190} INFO - [2025-03-12T14:19:02.544+0000] {dag.py:4180} INFO - Setting next_dagrun for example_dag_decorator to None, run_after=None
[2025-03-12T14:19:02.560+0000] {processor.py:208} INFO - Processing /home/airflow/.local/lib/python3.12/site-packages/airflow/example_dags/example_dag_decorator.py took 0.178 seconds
[2025-03-12T14:19:36.805+0000] {processor.py:186} INFO - Started process (PID=3449) to work on /home/airflow/.local/lib/python3.12/site-packages/airflow/example_dags/example_dag_decorator.py
[2025-03-12T14:19:36.806+0000] {processor.py:914} INFO - Processing file /home/airflow/.local/lib/python3.12/site-packages/airflow/example_dags/example_dag_decorator.py for tasks to queue
[2025-03-12T14:19:36.808+0000] {logging_mixin.py:190} INFO - [2025-03-12T14:19:36.808+0000] {dagbag.py:588} INFO - Filling up the DagBag from /home/airflow/.local/lib/python3.12/site-packages/airflow/example_dags/example_dag_decorator.py
[2025-03-12T14:19:36.884+0000] {processor.py:925} INFO - DAG(s) 'example_dag_decorator' retrieved from /home/airflow/.local/lib/python3.12/site-packages/airflow/example_dags/example_dag_decorator.py
[2025-03-12T14:19:36.974+0000] {logging_mixin.py:190} INFO - [2025-03-12T14:19:36.973+0000] {dag.py:3239} INFO - Sync 1 DAGs
[2025-03-12T14:19:36.983+0000] {logging_mixin.py:190} INFO - [2025-03-12T14:19:36.983+0000] {dag.py:4180} INFO - Setting next_dagrun for example_dag_decorator to None, run_after=None
[2025-03-12T14:19:37.000+0000] {processor.py:208} INFO - Processing /home/airflow/.local/lib/python3.12/site-packages/airflow/example_dags/example_dag_decorator.py took 0.200 seconds
