[2025-03-12T13:45:07.982+0000] {processor.py:186} INFO - Started process (PID=417) to work on /home/airflow/.local/lib/python3.12/site-packages/airflow/example_dags/example_nested_branch_dag.py
[2025-03-12T13:45:07.989+0000] {processor.py:914} INFO - Processing file /home/airflow/.local/lib/python3.12/site-packages/airflow/example_dags/example_nested_branch_dag.py for tasks to queue
[2025-03-12T13:45:07.993+0000] {logging_mixin.py:190} INFO - [2025-03-12T13:45:07.993+0000] {dagbag.py:588} INFO - Filling up the DagBag from /home/airflow/.local/lib/python3.12/site-packages/airflow/example_dags/example_nested_branch_dag.py
[2025-03-12T13:45:08.008+0000] {processor.py:925} INFO - DAG(s) 'example_nested_branch_dag' retrieved from /home/airflow/.local/lib/python3.12/site-packages/airflow/example_dags/example_nested_branch_dag.py
[2025-03-12T13:45:08.112+0000] {logging_mixin.py:190} INFO - [2025-03-12T13:45:08.111+0000] {override.py:1912} INFO - Created Permission View: can edit on DAG:example_nested_branch_dag
[2025-03-12T13:45:08.122+0000] {logging_mixin.py:190} INFO - [2025-03-12T13:45:08.122+0000] {override.py:1912} INFO - Created Permission View: can delete on DAG:example_nested_branch_dag
[2025-03-12T13:45:08.129+0000] {logging_mixin.py:190} INFO - [2025-03-12T13:45:08.128+0000] {override.py:1912} INFO - Created Permission View: can read on DAG:example_nested_branch_dag
[2025-03-12T13:45:08.136+0000] {logging_mixin.py:190} INFO - [2025-03-12T13:45:08.136+0000] {override.py:1912} INFO - Created Permission View: can delete on DAG Run:example_nested_branch_dag
[2025-03-12T13:45:08.143+0000] {logging_mixin.py:190} INFO - [2025-03-12T13:45:08.143+0000] {override.py:1912} INFO - Created Permission View: menu access on DAG Run:example_nested_branch_dag
[2025-03-12T13:45:08.150+0000] {logging_mixin.py:190} INFO - [2025-03-12T13:45:08.150+0000] {override.py:1912} INFO - Created Permission View: can create on DAG Run:example_nested_branch_dag
[2025-03-12T13:45:08.157+0000] {logging_mixin.py:190} INFO - [2025-03-12T13:45:08.156+0000] {override.py:1912} INFO - Created Permission View: can read on DAG Run:example_nested_branch_dag
[2025-03-12T13:45:08.157+0000] {logging_mixin.py:190} INFO - [2025-03-12T13:45:08.157+0000] {dag.py:3239} INFO - Sync 1 DAGs
[2025-03-12T13:45:08.170+0000] {logging_mixin.py:190} INFO - [2025-03-12T13:45:08.169+0000] {dag.py:3262} INFO - Creating ORM DAG for example_nested_branch_dag
[2025-03-12T13:45:08.180+0000] {logging_mixin.py:190} INFO - [2025-03-12T13:45:08.180+0000] {dag.py:4180} INFO - Setting next_dagrun for example_nested_branch_dag to 2025-03-11 00:00:00+00:00, run_after=2025-03-12 00:00:00+00:00
[2025-03-12T13:45:08.197+0000] {processor.py:208} INFO - Processing /home/airflow/.local/lib/python3.12/site-packages/airflow/example_dags/example_nested_branch_dag.py took 0.222 seconds
[2025-03-12T13:45:40.912+0000] {processor.py:186} INFO - Started process (PID=723) to work on /home/airflow/.local/lib/python3.12/site-packages/airflow/example_dags/example_nested_branch_dag.py
[2025-03-12T13:45:40.913+0000] {processor.py:914} INFO - Processing file /home/airflow/.local/lib/python3.12/site-packages/airflow/example_dags/example_nested_branch_dag.py for tasks to queue
[2025-03-12T13:45:40.914+0000] {logging_mixin.py:190} INFO - [2025-03-12T13:45:40.914+0000] {dagbag.py:588} INFO - Filling up the DagBag from /home/airflow/.local/lib/python3.12/site-packages/airflow/example_dags/example_nested_branch_dag.py
[2025-03-12T13:45:40.923+0000] {processor.py:925} INFO - DAG(s) 'example_nested_branch_dag' retrieved from /home/airflow/.local/lib/python3.12/site-packages/airflow/example_dags/example_nested_branch_dag.py
[2025-03-12T13:45:40.941+0000] {logging_mixin.py:190} INFO - [2025-03-12T13:45:40.941+0000] {dag.py:3239} INFO - Sync 1 DAGs
[2025-03-12T13:45:40.958+0000] {logging_mixin.py:190} INFO - [2025-03-12T13:45:40.958+0000] {dag.py:4180} INFO - Setting next_dagrun for example_nested_branch_dag to 2025-03-11 00:00:00+00:00, run_after=2025-03-12 00:00:00+00:00
[2025-03-12T13:45:40.974+0000] {processor.py:208} INFO - Processing /home/airflow/.local/lib/python3.12/site-packages/airflow/example_dags/example_nested_branch_dag.py took 0.067 seconds
[2025-03-12T13:46:13.758+0000] {processor.py:186} INFO - Started process (PID=1029) to work on /home/airflow/.local/lib/python3.12/site-packages/airflow/example_dags/example_nested_branch_dag.py
[2025-03-12T13:46:13.759+0000] {processor.py:914} INFO - Processing file /home/airflow/.local/lib/python3.12/site-packages/airflow/example_dags/example_nested_branch_dag.py for tasks to queue
[2025-03-12T13:46:13.762+0000] {logging_mixin.py:190} INFO - [2025-03-12T13:46:13.761+0000] {dagbag.py:588} INFO - Filling up the DagBag from /home/airflow/.local/lib/python3.12/site-packages/airflow/example_dags/example_nested_branch_dag.py
[2025-03-12T13:46:13.775+0000] {processor.py:925} INFO - DAG(s) 'example_nested_branch_dag' retrieved from /home/airflow/.local/lib/python3.12/site-packages/airflow/example_dags/example_nested_branch_dag.py
[2025-03-12T13:46:13.794+0000] {logging_mixin.py:190} INFO - [2025-03-12T13:46:13.794+0000] {dag.py:3239} INFO - Sync 1 DAGs
[2025-03-12T13:46:13.818+0000] {logging_mixin.py:190} INFO - [2025-03-12T13:46:13.817+0000] {dag.py:4180} INFO - Setting next_dagrun for example_nested_branch_dag to 2025-03-11 00:00:00+00:00, run_after=2025-03-12 00:00:00+00:00
[2025-03-12T13:46:13.838+0000] {processor.py:208} INFO - Processing /home/airflow/.local/lib/python3.12/site-packages/airflow/example_dags/example_nested_branch_dag.py took 0.084 seconds
[2025-03-12T13:47:05.422+0000] {processor.py:186} INFO - Started process (PID=404) to work on /home/airflow/.local/lib/python3.12/site-packages/airflow/example_dags/example_nested_branch_dag.py
[2025-03-12T13:47:05.423+0000] {processor.py:914} INFO - Processing file /home/airflow/.local/lib/python3.12/site-packages/airflow/example_dags/example_nested_branch_dag.py for tasks to queue
[2025-03-12T13:47:05.425+0000] {logging_mixin.py:190} INFO - [2025-03-12T13:47:05.425+0000] {dagbag.py:588} INFO - Filling up the DagBag from /home/airflow/.local/lib/python3.12/site-packages/airflow/example_dags/example_nested_branch_dag.py
[2025-03-12T13:47:05.435+0000] {processor.py:925} INFO - DAG(s) 'example_nested_branch_dag' retrieved from /home/airflow/.local/lib/python3.12/site-packages/airflow/example_dags/example_nested_branch_dag.py
[2025-03-12T13:47:05.458+0000] {logging_mixin.py:190} INFO - [2025-03-12T13:47:05.458+0000] {dag.py:3239} INFO - Sync 1 DAGs
[2025-03-12T13:47:05.483+0000] {logging_mixin.py:190} INFO - [2025-03-12T13:47:05.483+0000] {dag.py:4180} INFO - Setting next_dagrun for example_nested_branch_dag to 2025-03-11 00:00:00+00:00, run_after=2025-03-12 00:00:00+00:00
[2025-03-12T13:47:05.501+0000] {processor.py:208} INFO - Processing /home/airflow/.local/lib/python3.12/site-packages/airflow/example_dags/example_nested_branch_dag.py took 0.086 seconds
[2025-03-12T13:47:35.935+0000] {processor.py:186} INFO - Started process (PID=705) to work on /home/airflow/.local/lib/python3.12/site-packages/airflow/example_dags/example_nested_branch_dag.py
[2025-03-12T13:47:35.936+0000] {processor.py:914} INFO - Processing file /home/airflow/.local/lib/python3.12/site-packages/airflow/example_dags/example_nested_branch_dag.py for tasks to queue
[2025-03-12T13:47:35.938+0000] {logging_mixin.py:190} INFO - [2025-03-12T13:47:35.938+0000] {dagbag.py:588} INFO - Filling up the DagBag from /home/airflow/.local/lib/python3.12/site-packages/airflow/example_dags/example_nested_branch_dag.py
[2025-03-12T13:47:35.947+0000] {processor.py:925} INFO - DAG(s) 'example_nested_branch_dag' retrieved from /home/airflow/.local/lib/python3.12/site-packages/airflow/example_dags/example_nested_branch_dag.py
[2025-03-12T13:47:35.964+0000] {logging_mixin.py:190} INFO - [2025-03-12T13:47:35.963+0000] {dag.py:3239} INFO - Sync 1 DAGs
[2025-03-12T13:47:35.980+0000] {logging_mixin.py:190} INFO - [2025-03-12T13:47:35.980+0000] {dag.py:4180} INFO - Setting next_dagrun for example_nested_branch_dag to 2025-03-11 00:00:00+00:00, run_after=2025-03-12 00:00:00+00:00
[2025-03-12T13:47:35.997+0000] {processor.py:208} INFO - Processing /home/airflow/.local/lib/python3.12/site-packages/airflow/example_dags/example_nested_branch_dag.py took 0.066 seconds
[2025-03-12T13:48:07.184+0000] {processor.py:186} INFO - Started process (PID=1010) to work on /home/airflow/.local/lib/python3.12/site-packages/airflow/example_dags/example_nested_branch_dag.py
[2025-03-12T13:48:07.185+0000] {processor.py:914} INFO - Processing file /home/airflow/.local/lib/python3.12/site-packages/airflow/example_dags/example_nested_branch_dag.py for tasks to queue
[2025-03-12T13:48:07.187+0000] {logging_mixin.py:190} INFO - [2025-03-12T13:48:07.187+0000] {dagbag.py:588} INFO - Filling up the DagBag from /home/airflow/.local/lib/python3.12/site-packages/airflow/example_dags/example_nested_branch_dag.py
[2025-03-12T13:48:07.198+0000] {processor.py:925} INFO - DAG(s) 'example_nested_branch_dag' retrieved from /home/airflow/.local/lib/python3.12/site-packages/airflow/example_dags/example_nested_branch_dag.py
[2025-03-12T13:48:07.215+0000] {logging_mixin.py:190} INFO - [2025-03-12T13:48:07.215+0000] {dag.py:3239} INFO - Sync 1 DAGs
[2025-03-12T13:48:07.240+0000] {logging_mixin.py:190} INFO - [2025-03-12T13:48:07.240+0000] {dag.py:4180} INFO - Setting next_dagrun for example_nested_branch_dag to 2025-03-11 00:00:00+00:00, run_after=2025-03-12 00:00:00+00:00
[2025-03-12T13:48:07.260+0000] {processor.py:208} INFO - Processing /home/airflow/.local/lib/python3.12/site-packages/airflow/example_dags/example_nested_branch_dag.py took 0.082 seconds
[2025-03-12T13:48:37.899+0000] {processor.py:186} INFO - Started process (PID=1311) to work on /home/airflow/.local/lib/python3.12/site-packages/airflow/example_dags/example_nested_branch_dag.py
[2025-03-12T13:48:37.900+0000] {processor.py:914} INFO - Processing file /home/airflow/.local/lib/python3.12/site-packages/airflow/example_dags/example_nested_branch_dag.py for tasks to queue
[2025-03-12T13:48:37.902+0000] {logging_mixin.py:190} INFO - [2025-03-12T13:48:37.902+0000] {dagbag.py:588} INFO - Filling up the DagBag from /home/airflow/.local/lib/python3.12/site-packages/airflow/example_dags/example_nested_branch_dag.py
[2025-03-12T13:48:37.913+0000] {processor.py:925} INFO - DAG(s) 'example_nested_branch_dag' retrieved from /home/airflow/.local/lib/python3.12/site-packages/airflow/example_dags/example_nested_branch_dag.py
[2025-03-12T13:48:37.931+0000] {logging_mixin.py:190} INFO - [2025-03-12T13:48:37.931+0000] {dag.py:3239} INFO - Sync 1 DAGs
[2025-03-12T13:48:37.951+0000] {logging_mixin.py:190} INFO - [2025-03-12T13:48:37.951+0000] {dag.py:4180} INFO - Setting next_dagrun for example_nested_branch_dag to 2025-03-11 00:00:00+00:00, run_after=2025-03-12 00:00:00+00:00
[2025-03-12T13:48:37.967+0000] {processor.py:208} INFO - Processing /home/airflow/.local/lib/python3.12/site-packages/airflow/example_dags/example_nested_branch_dag.py took 0.072 seconds
[2025-03-12T13:49:08.725+0000] {processor.py:186} INFO - Started process (PID=1623) to work on /home/airflow/.local/lib/python3.12/site-packages/airflow/example_dags/example_nested_branch_dag.py
[2025-03-12T13:49:08.726+0000] {processor.py:914} INFO - Processing file /home/airflow/.local/lib/python3.12/site-packages/airflow/example_dags/example_nested_branch_dag.py for tasks to queue
[2025-03-12T13:49:08.728+0000] {logging_mixin.py:190} INFO - [2025-03-12T13:49:08.728+0000] {dagbag.py:588} INFO - Filling up the DagBag from /home/airflow/.local/lib/python3.12/site-packages/airflow/example_dags/example_nested_branch_dag.py
[2025-03-12T13:49:08.737+0000] {processor.py:925} INFO - DAG(s) 'example_nested_branch_dag' retrieved from /home/airflow/.local/lib/python3.12/site-packages/airflow/example_dags/example_nested_branch_dag.py
[2025-03-12T13:49:08.764+0000] {logging_mixin.py:190} INFO - [2025-03-12T13:49:08.764+0000] {dag.py:3239} INFO - Sync 1 DAGs
[2025-03-12T13:49:08.798+0000] {logging_mixin.py:190} INFO - [2025-03-12T13:49:08.798+0000] {dag.py:4180} INFO - Setting next_dagrun for example_nested_branch_dag to 2025-03-11 00:00:00+00:00, run_after=2025-03-12 00:00:00+00:00
[2025-03-12T13:49:08.827+0000] {processor.py:208} INFO - Processing /home/airflow/.local/lib/python3.12/site-packages/airflow/example_dags/example_nested_branch_dag.py took 0.106 seconds
[2025-03-12T13:49:39.464+0000] {processor.py:186} INFO - Started process (PID=1929) to work on /home/airflow/.local/lib/python3.12/site-packages/airflow/example_dags/example_nested_branch_dag.py
[2025-03-12T13:49:39.465+0000] {processor.py:914} INFO - Processing file /home/airflow/.local/lib/python3.12/site-packages/airflow/example_dags/example_nested_branch_dag.py for tasks to queue
[2025-03-12T13:49:39.468+0000] {logging_mixin.py:190} INFO - [2025-03-12T13:49:39.468+0000] {dagbag.py:588} INFO - Filling up the DagBag from /home/airflow/.local/lib/python3.12/site-packages/airflow/example_dags/example_nested_branch_dag.py
[2025-03-12T13:49:39.480+0000] {processor.py:925} INFO - DAG(s) 'example_nested_branch_dag' retrieved from /home/airflow/.local/lib/python3.12/site-packages/airflow/example_dags/example_nested_branch_dag.py
[2025-03-12T13:49:39.500+0000] {logging_mixin.py:190} INFO - [2025-03-12T13:49:39.499+0000] {dag.py:3239} INFO - Sync 1 DAGs
[2025-03-12T13:49:39.518+0000] {logging_mixin.py:190} INFO - [2025-03-12T13:49:39.518+0000] {dag.py:4180} INFO - Setting next_dagrun for example_nested_branch_dag to 2025-03-11 00:00:00+00:00, run_after=2025-03-12 00:00:00+00:00
[2025-03-12T13:49:39.532+0000] {processor.py:208} INFO - Processing /home/airflow/.local/lib/python3.12/site-packages/airflow/example_dags/example_nested_branch_dag.py took 0.072 seconds
[2025-03-12T13:50:10.597+0000] {processor.py:186} INFO - Started process (PID=2235) to work on /home/airflow/.local/lib/python3.12/site-packages/airflow/example_dags/example_nested_branch_dag.py
[2025-03-12T13:50:10.598+0000] {processor.py:914} INFO - Processing file /home/airflow/.local/lib/python3.12/site-packages/airflow/example_dags/example_nested_branch_dag.py for tasks to queue
[2025-03-12T13:50:10.600+0000] {logging_mixin.py:190} INFO - [2025-03-12T13:50:10.600+0000] {dagbag.py:588} INFO - Filling up the DagBag from /home/airflow/.local/lib/python3.12/site-packages/airflow/example_dags/example_nested_branch_dag.py
[2025-03-12T13:50:10.608+0000] {processor.py:925} INFO - DAG(s) 'example_nested_branch_dag' retrieved from /home/airflow/.local/lib/python3.12/site-packages/airflow/example_dags/example_nested_branch_dag.py
[2025-03-12T13:50:10.626+0000] {logging_mixin.py:190} INFO - [2025-03-12T13:50:10.626+0000] {dag.py:3239} INFO - Sync 1 DAGs
[2025-03-12T13:50:10.643+0000] {logging_mixin.py:190} INFO - [2025-03-12T13:50:10.643+0000] {dag.py:4180} INFO - Setting next_dagrun for example_nested_branch_dag to 2025-03-11 00:00:00+00:00, run_after=2025-03-12 00:00:00+00:00
[2025-03-12T13:50:10.659+0000] {processor.py:208} INFO - Processing /home/airflow/.local/lib/python3.12/site-packages/airflow/example_dags/example_nested_branch_dag.py took 0.066 seconds
[2025-03-12T13:50:43.621+0000] {processor.py:186} INFO - Started process (PID=2542) to work on /home/airflow/.local/lib/python3.12/site-packages/airflow/example_dags/example_nested_branch_dag.py
[2025-03-12T13:50:43.622+0000] {processor.py:914} INFO - Processing file /home/airflow/.local/lib/python3.12/site-packages/airflow/example_dags/example_nested_branch_dag.py for tasks to queue
[2025-03-12T13:50:43.624+0000] {logging_mixin.py:190} INFO - [2025-03-12T13:50:43.624+0000] {dagbag.py:588} INFO - Filling up the DagBag from /home/airflow/.local/lib/python3.12/site-packages/airflow/example_dags/example_nested_branch_dag.py
[2025-03-12T13:50:43.632+0000] {processor.py:925} INFO - DAG(s) 'example_nested_branch_dag' retrieved from /home/airflow/.local/lib/python3.12/site-packages/airflow/example_dags/example_nested_branch_dag.py
[2025-03-12T13:50:43.649+0000] {logging_mixin.py:190} INFO - [2025-03-12T13:50:43.649+0000] {dag.py:3239} INFO - Sync 1 DAGs
[2025-03-12T13:50:43.665+0000] {logging_mixin.py:190} INFO - [2025-03-12T13:50:43.665+0000] {dag.py:4180} INFO - Setting next_dagrun for example_nested_branch_dag to 2025-03-11 00:00:00+00:00, run_after=2025-03-12 00:00:00+00:00
[2025-03-12T13:50:43.679+0000] {processor.py:208} INFO - Processing /home/airflow/.local/lib/python3.12/site-packages/airflow/example_dags/example_nested_branch_dag.py took 0.063 seconds
[2025-03-12T13:51:16.166+0000] {processor.py:186} INFO - Started process (PID=2848) to work on /home/airflow/.local/lib/python3.12/site-packages/airflow/example_dags/example_nested_branch_dag.py
[2025-03-12T13:51:16.167+0000] {processor.py:914} INFO - Processing file /home/airflow/.local/lib/python3.12/site-packages/airflow/example_dags/example_nested_branch_dag.py for tasks to queue
[2025-03-12T13:51:16.170+0000] {logging_mixin.py:190} INFO - [2025-03-12T13:51:16.169+0000] {dagbag.py:588} INFO - Filling up the DagBag from /home/airflow/.local/lib/python3.12/site-packages/airflow/example_dags/example_nested_branch_dag.py
[2025-03-12T13:51:16.181+0000] {processor.py:925} INFO - DAG(s) 'example_nested_branch_dag' retrieved from /home/airflow/.local/lib/python3.12/site-packages/airflow/example_dags/example_nested_branch_dag.py
[2025-03-12T13:51:16.200+0000] {logging_mixin.py:190} INFO - [2025-03-12T13:51:16.200+0000] {dag.py:3239} INFO - Sync 1 DAGs
[2025-03-12T13:51:16.222+0000] {logging_mixin.py:190} INFO - [2025-03-12T13:51:16.222+0000] {dag.py:4180} INFO - Setting next_dagrun for example_nested_branch_dag to 2025-03-11 00:00:00+00:00, run_after=2025-03-12 00:00:00+00:00
[2025-03-12T13:51:16.237+0000] {processor.py:208} INFO - Processing /home/airflow/.local/lib/python3.12/site-packages/airflow/example_dags/example_nested_branch_dag.py took 0.075 seconds
[2025-03-12T13:51:49.283+0000] {processor.py:186} INFO - Started process (PID=3154) to work on /home/airflow/.local/lib/python3.12/site-packages/airflow/example_dags/example_nested_branch_dag.py
[2025-03-12T13:51:49.284+0000] {processor.py:914} INFO - Processing file /home/airflow/.local/lib/python3.12/site-packages/airflow/example_dags/example_nested_branch_dag.py for tasks to queue
[2025-03-12T13:51:49.286+0000] {logging_mixin.py:190} INFO - [2025-03-12T13:51:49.286+0000] {dagbag.py:588} INFO - Filling up the DagBag from /home/airflow/.local/lib/python3.12/site-packages/airflow/example_dags/example_nested_branch_dag.py
[2025-03-12T13:51:49.296+0000] {processor.py:925} INFO - DAG(s) 'example_nested_branch_dag' retrieved from /home/airflow/.local/lib/python3.12/site-packages/airflow/example_dags/example_nested_branch_dag.py
[2025-03-12T13:51:49.314+0000] {logging_mixin.py:190} INFO - [2025-03-12T13:51:49.314+0000] {dag.py:3239} INFO - Sync 1 DAGs
[2025-03-12T13:51:49.333+0000] {logging_mixin.py:190} INFO - [2025-03-12T13:51:49.333+0000] {dag.py:4180} INFO - Setting next_dagrun for example_nested_branch_dag to 2025-03-11 00:00:00+00:00, run_after=2025-03-12 00:00:00+00:00
[2025-03-12T13:51:49.348+0000] {processor.py:208} INFO - Processing /home/airflow/.local/lib/python3.12/site-packages/airflow/example_dags/example_nested_branch_dag.py took 0.070 seconds
[2025-03-12T13:52:22.961+0000] {processor.py:186} INFO - Started process (PID=3460) to work on /home/airflow/.local/lib/python3.12/site-packages/airflow/example_dags/example_nested_branch_dag.py
[2025-03-12T13:52:22.962+0000] {processor.py:914} INFO - Processing file /home/airflow/.local/lib/python3.12/site-packages/airflow/example_dags/example_nested_branch_dag.py for tasks to queue
[2025-03-12T13:52:22.964+0000] {logging_mixin.py:190} INFO - [2025-03-12T13:52:22.964+0000] {dagbag.py:588} INFO - Filling up the DagBag from /home/airflow/.local/lib/python3.12/site-packages/airflow/example_dags/example_nested_branch_dag.py
[2025-03-12T13:52:22.972+0000] {processor.py:925} INFO - DAG(s) 'example_nested_branch_dag' retrieved from /home/airflow/.local/lib/python3.12/site-packages/airflow/example_dags/example_nested_branch_dag.py
[2025-03-12T13:52:22.987+0000] {logging_mixin.py:190} INFO - [2025-03-12T13:52:22.987+0000] {dag.py:3239} INFO - Sync 1 DAGs
[2025-03-12T13:52:23.005+0000] {logging_mixin.py:190} INFO - [2025-03-12T13:52:23.004+0000] {dag.py:4180} INFO - Setting next_dagrun for example_nested_branch_dag to 2025-03-11 00:00:00+00:00, run_after=2025-03-12 00:00:00+00:00
[2025-03-12T13:52:23.018+0000] {processor.py:208} INFO - Processing /home/airflow/.local/lib/python3.12/site-packages/airflow/example_dags/example_nested_branch_dag.py took 0.061 seconds
[2025-03-12T13:52:59.896+0000] {processor.py:186} INFO - Started process (PID=3761) to work on /home/airflow/.local/lib/python3.12/site-packages/airflow/example_dags/example_nested_branch_dag.py
[2025-03-12T13:52:59.898+0000] {processor.py:914} INFO - Processing file /home/airflow/.local/lib/python3.12/site-packages/airflow/example_dags/example_nested_branch_dag.py for tasks to queue
[2025-03-12T13:52:59.901+0000] {logging_mixin.py:190} INFO - [2025-03-12T13:52:59.901+0000] {dagbag.py:588} INFO - Filling up the DagBag from /home/airflow/.local/lib/python3.12/site-packages/airflow/example_dags/example_nested_branch_dag.py
[2025-03-12T13:52:59.916+0000] {processor.py:925} INFO - DAG(s) 'example_nested_branch_dag' retrieved from /home/airflow/.local/lib/python3.12/site-packages/airflow/example_dags/example_nested_branch_dag.py
[2025-03-12T13:52:59.942+0000] {logging_mixin.py:190} INFO - [2025-03-12T13:52:59.942+0000] {dag.py:3239} INFO - Sync 1 DAGs
[2025-03-12T13:52:59.973+0000] {logging_mixin.py:190} INFO - [2025-03-12T13:52:59.973+0000] {dag.py:4180} INFO - Setting next_dagrun for example_nested_branch_dag to 2025-03-11 00:00:00+00:00, run_after=2025-03-12 00:00:00+00:00
[2025-03-12T13:52:59.999+0000] {processor.py:208} INFO - Processing /home/airflow/.local/lib/python3.12/site-packages/airflow/example_dags/example_nested_branch_dag.py took 0.109 seconds
[2025-03-12T13:53:31.483+0000] {processor.py:186} INFO - Started process (PID=4067) to work on /home/airflow/.local/lib/python3.12/site-packages/airflow/example_dags/example_nested_branch_dag.py
[2025-03-12T13:53:31.484+0000] {processor.py:914} INFO - Processing file /home/airflow/.local/lib/python3.12/site-packages/airflow/example_dags/example_nested_branch_dag.py for tasks to queue
[2025-03-12T13:53:31.488+0000] {logging_mixin.py:190} INFO - [2025-03-12T13:53:31.488+0000] {dagbag.py:588} INFO - Filling up the DagBag from /home/airflow/.local/lib/python3.12/site-packages/airflow/example_dags/example_nested_branch_dag.py
[2025-03-12T13:53:31.504+0000] {processor.py:925} INFO - DAG(s) 'example_nested_branch_dag' retrieved from /home/airflow/.local/lib/python3.12/site-packages/airflow/example_dags/example_nested_branch_dag.py
[2025-03-12T13:53:31.530+0000] {logging_mixin.py:190} INFO - [2025-03-12T13:53:31.530+0000] {dag.py:3239} INFO - Sync 1 DAGs
[2025-03-12T13:53:31.562+0000] {logging_mixin.py:190} INFO - [2025-03-12T13:53:31.561+0000] {dag.py:4180} INFO - Setting next_dagrun for example_nested_branch_dag to 2025-03-11 00:00:00+00:00, run_after=2025-03-12 00:00:00+00:00
[2025-03-12T13:53:31.585+0000] {processor.py:208} INFO - Processing /home/airflow/.local/lib/python3.12/site-packages/airflow/example_dags/example_nested_branch_dag.py took 0.109 seconds
[2025-03-12T13:54:03.783+0000] {processor.py:186} INFO - Started process (PID=4373) to work on /home/airflow/.local/lib/python3.12/site-packages/airflow/example_dags/example_nested_branch_dag.py
[2025-03-12T13:54:03.785+0000] {processor.py:914} INFO - Processing file /home/airflow/.local/lib/python3.12/site-packages/airflow/example_dags/example_nested_branch_dag.py for tasks to queue
[2025-03-12T13:54:03.791+0000] {logging_mixin.py:190} INFO - [2025-03-12T13:54:03.791+0000] {dagbag.py:588} INFO - Filling up the DagBag from /home/airflow/.local/lib/python3.12/site-packages/airflow/example_dags/example_nested_branch_dag.py
[2025-03-12T13:54:03.807+0000] {processor.py:925} INFO - DAG(s) 'example_nested_branch_dag' retrieved from /home/airflow/.local/lib/python3.12/site-packages/airflow/example_dags/example_nested_branch_dag.py
[2025-03-12T13:54:03.840+0000] {logging_mixin.py:190} INFO - [2025-03-12T13:54:03.840+0000] {dag.py:3239} INFO - Sync 1 DAGs
[2025-03-12T13:54:03.881+0000] {logging_mixin.py:190} INFO - [2025-03-12T13:54:03.881+0000] {dag.py:4180} INFO - Setting next_dagrun for example_nested_branch_dag to 2025-03-11 00:00:00+00:00, run_after=2025-03-12 00:00:00+00:00
[2025-03-12T13:54:03.905+0000] {processor.py:208} INFO - Processing /home/airflow/.local/lib/python3.12/site-packages/airflow/example_dags/example_nested_branch_dag.py took 0.130 seconds
[2025-03-12T13:54:37.928+0000] {processor.py:186} INFO - Started process (PID=4684) to work on /home/airflow/.local/lib/python3.12/site-packages/airflow/example_dags/example_nested_branch_dag.py
[2025-03-12T13:54:37.931+0000] {processor.py:914} INFO - Processing file /home/airflow/.local/lib/python3.12/site-packages/airflow/example_dags/example_nested_branch_dag.py for tasks to queue
[2025-03-12T13:54:37.936+0000] {logging_mixin.py:190} INFO - [2025-03-12T13:54:37.936+0000] {dagbag.py:588} INFO - Filling up the DagBag from /home/airflow/.local/lib/python3.12/site-packages/airflow/example_dags/example_nested_branch_dag.py
[2025-03-12T13:54:37.971+0000] {processor.py:925} INFO - DAG(s) 'example_nested_branch_dag' retrieved from /home/airflow/.local/lib/python3.12/site-packages/airflow/example_dags/example_nested_branch_dag.py
[2025-03-12T13:54:38.005+0000] {logging_mixin.py:190} INFO - [2025-03-12T13:54:38.005+0000] {dag.py:3239} INFO - Sync 1 DAGs
[2025-03-12T13:54:38.045+0000] {logging_mixin.py:190} INFO - [2025-03-12T13:54:38.045+0000] {dag.py:4180} INFO - Setting next_dagrun for example_nested_branch_dag to 2025-03-11 00:00:00+00:00, run_after=2025-03-12 00:00:00+00:00
[2025-03-12T13:54:38.071+0000] {processor.py:208} INFO - Processing /home/airflow/.local/lib/python3.12/site-packages/airflow/example_dags/example_nested_branch_dag.py took 0.152 seconds
[2025-03-12T13:55:10.807+0000] {processor.py:186} INFO - Started process (PID=4990) to work on /home/airflow/.local/lib/python3.12/site-packages/airflow/example_dags/example_nested_branch_dag.py
[2025-03-12T13:55:10.808+0000] {processor.py:914} INFO - Processing file /home/airflow/.local/lib/python3.12/site-packages/airflow/example_dags/example_nested_branch_dag.py for tasks to queue
[2025-03-12T13:55:10.810+0000] {logging_mixin.py:190} INFO - [2025-03-12T13:55:10.809+0000] {dagbag.py:588} INFO - Filling up the DagBag from /home/airflow/.local/lib/python3.12/site-packages/airflow/example_dags/example_nested_branch_dag.py
[2025-03-12T13:55:10.818+0000] {processor.py:925} INFO - DAG(s) 'example_nested_branch_dag' retrieved from /home/airflow/.local/lib/python3.12/site-packages/airflow/example_dags/example_nested_branch_dag.py
[2025-03-12T13:55:10.836+0000] {logging_mixin.py:190} INFO - [2025-03-12T13:55:10.836+0000] {dag.py:3239} INFO - Sync 1 DAGs
[2025-03-12T13:55:10.855+0000] {logging_mixin.py:190} INFO - [2025-03-12T13:55:10.854+0000] {dag.py:4180} INFO - Setting next_dagrun for example_nested_branch_dag to 2025-03-11 00:00:00+00:00, run_after=2025-03-12 00:00:00+00:00
[2025-03-12T13:55:10.868+0000] {processor.py:208} INFO - Processing /home/airflow/.local/lib/python3.12/site-packages/airflow/example_dags/example_nested_branch_dag.py took 0.066 seconds
[2025-03-12T13:55:42.548+0000] {processor.py:186} INFO - Started process (PID=5291) to work on /home/airflow/.local/lib/python3.12/site-packages/airflow/example_dags/example_nested_branch_dag.py
[2025-03-12T13:55:42.549+0000] {processor.py:914} INFO - Processing file /home/airflow/.local/lib/python3.12/site-packages/airflow/example_dags/example_nested_branch_dag.py for tasks to queue
[2025-03-12T13:55:42.551+0000] {logging_mixin.py:190} INFO - [2025-03-12T13:55:42.551+0000] {dagbag.py:588} INFO - Filling up the DagBag from /home/airflow/.local/lib/python3.12/site-packages/airflow/example_dags/example_nested_branch_dag.py
[2025-03-12T13:55:42.560+0000] {processor.py:925} INFO - DAG(s) 'example_nested_branch_dag' retrieved from /home/airflow/.local/lib/python3.12/site-packages/airflow/example_dags/example_nested_branch_dag.py
[2025-03-12T13:55:42.576+0000] {logging_mixin.py:190} INFO - [2025-03-12T13:55:42.576+0000] {dag.py:3239} INFO - Sync 1 DAGs
[2025-03-12T13:55:42.594+0000] {logging_mixin.py:190} INFO - [2025-03-12T13:55:42.594+0000] {dag.py:4180} INFO - Setting next_dagrun for example_nested_branch_dag to 2025-03-11 00:00:00+00:00, run_after=2025-03-12 00:00:00+00:00
[2025-03-12T13:55:42.610+0000] {processor.py:208} INFO - Processing /home/airflow/.local/lib/python3.12/site-packages/airflow/example_dags/example_nested_branch_dag.py took 0.066 seconds
[2025-03-12T13:56:18.730+0000] {processor.py:186} INFO - Started process (PID=5599) to work on /home/airflow/.local/lib/python3.12/site-packages/airflow/example_dags/example_nested_branch_dag.py
[2025-03-12T13:56:18.736+0000] {processor.py:914} INFO - Processing file /home/airflow/.local/lib/python3.12/site-packages/airflow/example_dags/example_nested_branch_dag.py for tasks to queue
[2025-03-12T13:56:18.741+0000] {logging_mixin.py:190} INFO - [2025-03-12T13:56:18.741+0000] {dagbag.py:588} INFO - Filling up the DagBag from /home/airflow/.local/lib/python3.12/site-packages/airflow/example_dags/example_nested_branch_dag.py
[2025-03-12T13:56:18.759+0000] {processor.py:925} INFO - DAG(s) 'example_nested_branch_dag' retrieved from /home/airflow/.local/lib/python3.12/site-packages/airflow/example_dags/example_nested_branch_dag.py
[2025-03-12T13:56:18.824+0000] {logging_mixin.py:190} INFO - [2025-03-12T13:56:18.824+0000] {dag.py:3239} INFO - Sync 1 DAGs
[2025-03-12T13:56:18.904+0000] {logging_mixin.py:190} INFO - [2025-03-12T13:56:18.904+0000] {dag.py:4180} INFO - Setting next_dagrun for example_nested_branch_dag to 2025-03-11 00:00:00+00:00, run_after=2025-03-12 00:00:00+00:00
[2025-03-12T13:56:18.963+0000] {processor.py:208} INFO - Processing /home/airflow/.local/lib/python3.12/site-packages/airflow/example_dags/example_nested_branch_dag.py took 0.244 seconds
[2025-03-12T13:56:49.915+0000] {processor.py:186} INFO - Started process (PID=5905) to work on /home/airflow/.local/lib/python3.12/site-packages/airflow/example_dags/example_nested_branch_dag.py
[2025-03-12T13:56:49.916+0000] {processor.py:914} INFO - Processing file /home/airflow/.local/lib/python3.12/site-packages/airflow/example_dags/example_nested_branch_dag.py for tasks to queue
[2025-03-12T13:56:49.919+0000] {logging_mixin.py:190} INFO - [2025-03-12T13:56:49.918+0000] {dagbag.py:588} INFO - Filling up the DagBag from /home/airflow/.local/lib/python3.12/site-packages/airflow/example_dags/example_nested_branch_dag.py
[2025-03-12T13:56:49.928+0000] {processor.py:925} INFO - DAG(s) 'example_nested_branch_dag' retrieved from /home/airflow/.local/lib/python3.12/site-packages/airflow/example_dags/example_nested_branch_dag.py
[2025-03-12T13:56:49.950+0000] {logging_mixin.py:190} INFO - [2025-03-12T13:56:49.950+0000] {dag.py:3239} INFO - Sync 1 DAGs
[2025-03-12T13:56:49.968+0000] {logging_mixin.py:190} INFO - [2025-03-12T13:56:49.968+0000] {dag.py:4180} INFO - Setting next_dagrun for example_nested_branch_dag to 2025-03-11 00:00:00+00:00, run_after=2025-03-12 00:00:00+00:00
[2025-03-12T13:56:49.984+0000] {processor.py:208} INFO - Processing /home/airflow/.local/lib/python3.12/site-packages/airflow/example_dags/example_nested_branch_dag.py took 0.073 seconds
[2025-03-12T13:57:23.033+0000] {processor.py:186} INFO - Started process (PID=6214) to work on /home/airflow/.local/lib/python3.12/site-packages/airflow/example_dags/example_nested_branch_dag.py
[2025-03-12T13:57:23.034+0000] {processor.py:914} INFO - Processing file /home/airflow/.local/lib/python3.12/site-packages/airflow/example_dags/example_nested_branch_dag.py for tasks to queue
[2025-03-12T13:57:23.036+0000] {logging_mixin.py:190} INFO - [2025-03-12T13:57:23.036+0000] {dagbag.py:588} INFO - Filling up the DagBag from /home/airflow/.local/lib/python3.12/site-packages/airflow/example_dags/example_nested_branch_dag.py
[2025-03-12T13:57:23.044+0000] {processor.py:925} INFO - DAG(s) 'example_nested_branch_dag' retrieved from /home/airflow/.local/lib/python3.12/site-packages/airflow/example_dags/example_nested_branch_dag.py
[2025-03-12T13:57:23.060+0000] {logging_mixin.py:190} INFO - [2025-03-12T13:57:23.060+0000] {dag.py:3239} INFO - Sync 1 DAGs
[2025-03-12T13:57:23.077+0000] {logging_mixin.py:190} INFO - [2025-03-12T13:57:23.076+0000] {dag.py:4180} INFO - Setting next_dagrun for example_nested_branch_dag to 2025-03-11 00:00:00+00:00, run_after=2025-03-12 00:00:00+00:00
[2025-03-12T13:57:23.091+0000] {processor.py:208} INFO - Processing /home/airflow/.local/lib/python3.12/site-packages/airflow/example_dags/example_nested_branch_dag.py took 0.062 seconds
[2025-03-12T13:57:56.906+0000] {processor.py:186} INFO - Started process (PID=6520) to work on /home/airflow/.local/lib/python3.12/site-packages/airflow/example_dags/example_nested_branch_dag.py
[2025-03-12T13:57:56.907+0000] {processor.py:914} INFO - Processing file /home/airflow/.local/lib/python3.12/site-packages/airflow/example_dags/example_nested_branch_dag.py for tasks to queue
[2025-03-12T13:57:56.909+0000] {logging_mixin.py:190} INFO - [2025-03-12T13:57:56.909+0000] {dagbag.py:588} INFO - Filling up the DagBag from /home/airflow/.local/lib/python3.12/site-packages/airflow/example_dags/example_nested_branch_dag.py
[2025-03-12T13:57:56.920+0000] {processor.py:925} INFO - DAG(s) 'example_nested_branch_dag' retrieved from /home/airflow/.local/lib/python3.12/site-packages/airflow/example_dags/example_nested_branch_dag.py
[2025-03-12T13:57:56.940+0000] {logging_mixin.py:190} INFO - [2025-03-12T13:57:56.940+0000] {dag.py:3239} INFO - Sync 1 DAGs
[2025-03-12T13:57:56.961+0000] {logging_mixin.py:190} INFO - [2025-03-12T13:57:56.960+0000] {dag.py:4180} INFO - Setting next_dagrun for example_nested_branch_dag to 2025-03-11 00:00:00+00:00, run_after=2025-03-12 00:00:00+00:00
[2025-03-12T13:57:56.977+0000] {processor.py:208} INFO - Processing /home/airflow/.local/lib/python3.12/site-packages/airflow/example_dags/example_nested_branch_dag.py took 0.076 seconds
[2025-03-12T13:58:30.444+0000] {processor.py:186} INFO - Started process (PID=6828) to work on /home/airflow/.local/lib/python3.12/site-packages/airflow/example_dags/example_nested_branch_dag.py
[2025-03-12T13:58:30.445+0000] {processor.py:914} INFO - Processing file /home/airflow/.local/lib/python3.12/site-packages/airflow/example_dags/example_nested_branch_dag.py for tasks to queue
[2025-03-12T13:58:30.447+0000] {logging_mixin.py:190} INFO - [2025-03-12T13:58:30.447+0000] {dagbag.py:588} INFO - Filling up the DagBag from /home/airflow/.local/lib/python3.12/site-packages/airflow/example_dags/example_nested_branch_dag.py
[2025-03-12T13:58:30.456+0000] {processor.py:925} INFO - DAG(s) 'example_nested_branch_dag' retrieved from /home/airflow/.local/lib/python3.12/site-packages/airflow/example_dags/example_nested_branch_dag.py
[2025-03-12T13:58:30.474+0000] {logging_mixin.py:190} INFO - [2025-03-12T13:58:30.473+0000] {dag.py:3239} INFO - Sync 1 DAGs
[2025-03-12T13:58:30.495+0000] {logging_mixin.py:190} INFO - [2025-03-12T13:58:30.495+0000] {dag.py:4180} INFO - Setting next_dagrun for example_nested_branch_dag to 2025-03-11 00:00:00+00:00, run_after=2025-03-12 00:00:00+00:00
[2025-03-12T13:58:30.513+0000] {processor.py:208} INFO - Processing /home/airflow/.local/lib/python3.12/site-packages/airflow/example_dags/example_nested_branch_dag.py took 0.074 seconds
[2025-03-12T13:59:04.214+0000] {processor.py:186} INFO - Started process (PID=7132) to work on /home/airflow/.local/lib/python3.12/site-packages/airflow/example_dags/example_nested_branch_dag.py
[2025-03-12T13:59:04.215+0000] {processor.py:914} INFO - Processing file /home/airflow/.local/lib/python3.12/site-packages/airflow/example_dags/example_nested_branch_dag.py for tasks to queue
[2025-03-12T13:59:04.218+0000] {logging_mixin.py:190} INFO - [2025-03-12T13:59:04.217+0000] {dagbag.py:588} INFO - Filling up the DagBag from /home/airflow/.local/lib/python3.12/site-packages/airflow/example_dags/example_nested_branch_dag.py
[2025-03-12T13:59:04.228+0000] {processor.py:925} INFO - DAG(s) 'example_nested_branch_dag' retrieved from /home/airflow/.local/lib/python3.12/site-packages/airflow/example_dags/example_nested_branch_dag.py
[2025-03-12T13:59:04.249+0000] {logging_mixin.py:190} INFO - [2025-03-12T13:59:04.249+0000] {dag.py:3239} INFO - Sync 1 DAGs
[2025-03-12T13:59:04.272+0000] {logging_mixin.py:190} INFO - [2025-03-12T13:59:04.272+0000] {dag.py:4180} INFO - Setting next_dagrun for example_nested_branch_dag to 2025-03-11 00:00:00+00:00, run_after=2025-03-12 00:00:00+00:00
[2025-03-12T13:59:04.294+0000] {processor.py:208} INFO - Processing /home/airflow/.local/lib/python3.12/site-packages/airflow/example_dags/example_nested_branch_dag.py took 0.086 seconds
[2025-03-12T13:59:36.157+0000] {processor.py:186} INFO - Started process (PID=7438) to work on /home/airflow/.local/lib/python3.12/site-packages/airflow/example_dags/example_nested_branch_dag.py
[2025-03-12T13:59:36.158+0000] {processor.py:914} INFO - Processing file /home/airflow/.local/lib/python3.12/site-packages/airflow/example_dags/example_nested_branch_dag.py for tasks to queue
[2025-03-12T13:59:36.160+0000] {logging_mixin.py:190} INFO - [2025-03-12T13:59:36.159+0000] {dagbag.py:588} INFO - Filling up the DagBag from /home/airflow/.local/lib/python3.12/site-packages/airflow/example_dags/example_nested_branch_dag.py
[2025-03-12T13:59:36.169+0000] {processor.py:925} INFO - DAG(s) 'example_nested_branch_dag' retrieved from /home/airflow/.local/lib/python3.12/site-packages/airflow/example_dags/example_nested_branch_dag.py
[2025-03-12T13:59:36.186+0000] {logging_mixin.py:190} INFO - [2025-03-12T13:59:36.185+0000] {dag.py:3239} INFO - Sync 1 DAGs
[2025-03-12T13:59:36.204+0000] {logging_mixin.py:190} INFO - [2025-03-12T13:59:36.204+0000] {dag.py:4180} INFO - Setting next_dagrun for example_nested_branch_dag to 2025-03-11 00:00:00+00:00, run_after=2025-03-12 00:00:00+00:00
[2025-03-12T13:59:36.218+0000] {processor.py:208} INFO - Processing /home/airflow/.local/lib/python3.12/site-packages/airflow/example_dags/example_nested_branch_dag.py took 0.066 seconds
[2025-03-12T14:00:09.882+0000] {processor.py:186} INFO - Started process (PID=7744) to work on /home/airflow/.local/lib/python3.12/site-packages/airflow/example_dags/example_nested_branch_dag.py
[2025-03-12T14:00:09.884+0000] {processor.py:914} INFO - Processing file /home/airflow/.local/lib/python3.12/site-packages/airflow/example_dags/example_nested_branch_dag.py for tasks to queue
[2025-03-12T14:00:09.886+0000] {logging_mixin.py:190} INFO - [2025-03-12T14:00:09.886+0000] {dagbag.py:588} INFO - Filling up the DagBag from /home/airflow/.local/lib/python3.12/site-packages/airflow/example_dags/example_nested_branch_dag.py
[2025-03-12T14:00:09.893+0000] {processor.py:925} INFO - DAG(s) 'example_nested_branch_dag' retrieved from /home/airflow/.local/lib/python3.12/site-packages/airflow/example_dags/example_nested_branch_dag.py
[2025-03-12T14:00:09.910+0000] {logging_mixin.py:190} INFO - [2025-03-12T14:00:09.910+0000] {dag.py:3239} INFO - Sync 1 DAGs
[2025-03-12T14:00:09.927+0000] {logging_mixin.py:190} INFO - [2025-03-12T14:00:09.927+0000] {dag.py:4180} INFO - Setting next_dagrun for example_nested_branch_dag to 2025-03-11 00:00:00+00:00, run_after=2025-03-12 00:00:00+00:00
[2025-03-12T14:00:09.941+0000] {processor.py:208} INFO - Processing /home/airflow/.local/lib/python3.12/site-packages/airflow/example_dags/example_nested_branch_dag.py took 0.063 seconds
[2025-03-12T14:00:42.677+0000] {processor.py:186} INFO - Started process (PID=8050) to work on /home/airflow/.local/lib/python3.12/site-packages/airflow/example_dags/example_nested_branch_dag.py
[2025-03-12T14:00:42.678+0000] {processor.py:914} INFO - Processing file /home/airflow/.local/lib/python3.12/site-packages/airflow/example_dags/example_nested_branch_dag.py for tasks to queue
[2025-03-12T14:00:42.680+0000] {logging_mixin.py:190} INFO - [2025-03-12T14:00:42.680+0000] {dagbag.py:588} INFO - Filling up the DagBag from /home/airflow/.local/lib/python3.12/site-packages/airflow/example_dags/example_nested_branch_dag.py
[2025-03-12T14:00:42.689+0000] {processor.py:925} INFO - DAG(s) 'example_nested_branch_dag' retrieved from /home/airflow/.local/lib/python3.12/site-packages/airflow/example_dags/example_nested_branch_dag.py
[2025-03-12T14:00:42.708+0000] {logging_mixin.py:190} INFO - [2025-03-12T14:00:42.707+0000] {dag.py:3239} INFO - Sync 1 DAGs
[2025-03-12T14:00:42.728+0000] {logging_mixin.py:190} INFO - [2025-03-12T14:00:42.728+0000] {dag.py:4180} INFO - Setting next_dagrun for example_nested_branch_dag to 2025-03-11 00:00:00+00:00, run_after=2025-03-12 00:00:00+00:00
[2025-03-12T14:00:42.745+0000] {processor.py:208} INFO - Processing /home/airflow/.local/lib/python3.12/site-packages/airflow/example_dags/example_nested_branch_dag.py took 0.072 seconds
[2025-03-12T14:01:16.619+0000] {processor.py:186} INFO - Started process (PID=8356) to work on /home/airflow/.local/lib/python3.12/site-packages/airflow/example_dags/example_nested_branch_dag.py
[2025-03-12T14:01:16.620+0000] {processor.py:914} INFO - Processing file /home/airflow/.local/lib/python3.12/site-packages/airflow/example_dags/example_nested_branch_dag.py for tasks to queue
[2025-03-12T14:01:16.622+0000] {logging_mixin.py:190} INFO - [2025-03-12T14:01:16.621+0000] {dagbag.py:588} INFO - Filling up the DagBag from /home/airflow/.local/lib/python3.12/site-packages/airflow/example_dags/example_nested_branch_dag.py
[2025-03-12T14:01:16.629+0000] {processor.py:925} INFO - DAG(s) 'example_nested_branch_dag' retrieved from /home/airflow/.local/lib/python3.12/site-packages/airflow/example_dags/example_nested_branch_dag.py
[2025-03-12T14:01:16.646+0000] {logging_mixin.py:190} INFO - [2025-03-12T14:01:16.646+0000] {dag.py:3239} INFO - Sync 1 DAGs
[2025-03-12T14:01:16.662+0000] {logging_mixin.py:190} INFO - [2025-03-12T14:01:16.662+0000] {dag.py:4180} INFO - Setting next_dagrun for example_nested_branch_dag to 2025-03-11 00:00:00+00:00, run_after=2025-03-12 00:00:00+00:00
[2025-03-12T14:01:16.678+0000] {processor.py:208} INFO - Processing /home/airflow/.local/lib/python3.12/site-packages/airflow/example_dags/example_nested_branch_dag.py took 0.063 seconds
[2025-03-12T14:01:49.299+0000] {processor.py:186} INFO - Started process (PID=8663) to work on /home/airflow/.local/lib/python3.12/site-packages/airflow/example_dags/example_nested_branch_dag.py
[2025-03-12T14:01:49.300+0000] {processor.py:914} INFO - Processing file /home/airflow/.local/lib/python3.12/site-packages/airflow/example_dags/example_nested_branch_dag.py for tasks to queue
[2025-03-12T14:01:49.301+0000] {logging_mixin.py:190} INFO - [2025-03-12T14:01:49.301+0000] {dagbag.py:588} INFO - Filling up the DagBag from /home/airflow/.local/lib/python3.12/site-packages/airflow/example_dags/example_nested_branch_dag.py
[2025-03-12T14:01:49.312+0000] {processor.py:925} INFO - DAG(s) 'example_nested_branch_dag' retrieved from /home/airflow/.local/lib/python3.12/site-packages/airflow/example_dags/example_nested_branch_dag.py
[2025-03-12T14:01:49.331+0000] {logging_mixin.py:190} INFO - [2025-03-12T14:01:49.331+0000] {dag.py:3239} INFO - Sync 1 DAGs
[2025-03-12T14:01:49.350+0000] {logging_mixin.py:190} INFO - [2025-03-12T14:01:49.350+0000] {dag.py:4180} INFO - Setting next_dagrun for example_nested_branch_dag to 2025-03-11 00:00:00+00:00, run_after=2025-03-12 00:00:00+00:00
[2025-03-12T14:01:49.367+0000] {processor.py:208} INFO - Processing /home/airflow/.local/lib/python3.12/site-packages/airflow/example_dags/example_nested_branch_dag.py took 0.072 seconds
[2025-03-12T14:02:23.648+0000] {processor.py:186} INFO - Started process (PID=8971) to work on /home/airflow/.local/lib/python3.12/site-packages/airflow/example_dags/example_nested_branch_dag.py
[2025-03-12T14:02:23.649+0000] {processor.py:914} INFO - Processing file /home/airflow/.local/lib/python3.12/site-packages/airflow/example_dags/example_nested_branch_dag.py for tasks to queue
[2025-03-12T14:02:23.651+0000] {logging_mixin.py:190} INFO - [2025-03-12T14:02:23.651+0000] {dagbag.py:588} INFO - Filling up the DagBag from /home/airflow/.local/lib/python3.12/site-packages/airflow/example_dags/example_nested_branch_dag.py
[2025-03-12T14:02:23.662+0000] {processor.py:925} INFO - DAG(s) 'example_nested_branch_dag' retrieved from /home/airflow/.local/lib/python3.12/site-packages/airflow/example_dags/example_nested_branch_dag.py
[2025-03-12T14:02:23.679+0000] {logging_mixin.py:190} INFO - [2025-03-12T14:02:23.679+0000] {dag.py:3239} INFO - Sync 1 DAGs
[2025-03-12T14:02:23.699+0000] {logging_mixin.py:190} INFO - [2025-03-12T14:02:23.699+0000] {dag.py:4180} INFO - Setting next_dagrun for example_nested_branch_dag to 2025-03-11 00:00:00+00:00, run_after=2025-03-12 00:00:00+00:00
[2025-03-12T14:02:23.715+0000] {processor.py:208} INFO - Processing /home/airflow/.local/lib/python3.12/site-packages/airflow/example_dags/example_nested_branch_dag.py took 0.072 seconds
[2025-03-12T14:02:56.587+0000] {processor.py:186} INFO - Started process (PID=9275) to work on /home/airflow/.local/lib/python3.12/site-packages/airflow/example_dags/example_nested_branch_dag.py
[2025-03-12T14:02:56.588+0000] {processor.py:914} INFO - Processing file /home/airflow/.local/lib/python3.12/site-packages/airflow/example_dags/example_nested_branch_dag.py for tasks to queue
[2025-03-12T14:02:56.590+0000] {logging_mixin.py:190} INFO - [2025-03-12T14:02:56.590+0000] {dagbag.py:588} INFO - Filling up the DagBag from /home/airflow/.local/lib/python3.12/site-packages/airflow/example_dags/example_nested_branch_dag.py
[2025-03-12T14:02:56.602+0000] {processor.py:925} INFO - DAG(s) 'example_nested_branch_dag' retrieved from /home/airflow/.local/lib/python3.12/site-packages/airflow/example_dags/example_nested_branch_dag.py
[2025-03-12T14:02:56.621+0000] {logging_mixin.py:190} INFO - [2025-03-12T14:02:56.620+0000] {dag.py:3239} INFO - Sync 1 DAGs
[2025-03-12T14:02:56.645+0000] {logging_mixin.py:190} INFO - [2025-03-12T14:02:56.644+0000] {dag.py:4180} INFO - Setting next_dagrun for example_nested_branch_dag to 2025-03-11 00:00:00+00:00, run_after=2025-03-12 00:00:00+00:00
[2025-03-12T14:02:56.665+0000] {processor.py:208} INFO - Processing /home/airflow/.local/lib/python3.12/site-packages/airflow/example_dags/example_nested_branch_dag.py took 0.083 seconds
[2025-03-12T14:03:29.595+0000] {processor.py:186} INFO - Started process (PID=9581) to work on /home/airflow/.local/lib/python3.12/site-packages/airflow/example_dags/example_nested_branch_dag.py
[2025-03-12T14:03:29.596+0000] {processor.py:914} INFO - Processing file /home/airflow/.local/lib/python3.12/site-packages/airflow/example_dags/example_nested_branch_dag.py for tasks to queue
[2025-03-12T14:03:29.599+0000] {logging_mixin.py:190} INFO - [2025-03-12T14:03:29.598+0000] {dagbag.py:588} INFO - Filling up the DagBag from /home/airflow/.local/lib/python3.12/site-packages/airflow/example_dags/example_nested_branch_dag.py
[2025-03-12T14:03:29.611+0000] {processor.py:925} INFO - DAG(s) 'example_nested_branch_dag' retrieved from /home/airflow/.local/lib/python3.12/site-packages/airflow/example_dags/example_nested_branch_dag.py
[2025-03-12T14:03:29.628+0000] {logging_mixin.py:190} INFO - [2025-03-12T14:03:29.628+0000] {dag.py:3239} INFO - Sync 1 DAGs
[2025-03-12T14:03:29.650+0000] {logging_mixin.py:190} INFO - [2025-03-12T14:03:29.649+0000] {dag.py:4180} INFO - Setting next_dagrun for example_nested_branch_dag to 2025-03-11 00:00:00+00:00, run_after=2025-03-12 00:00:00+00:00
[2025-03-12T14:03:29.664+0000] {processor.py:208} INFO - Processing /home/airflow/.local/lib/python3.12/site-packages/airflow/example_dags/example_nested_branch_dag.py took 0.075 seconds
[2025-03-12T14:04:05.981+0000] {processor.py:186} INFO - Started process (PID=9887) to work on /home/airflow/.local/lib/python3.12/site-packages/airflow/example_dags/example_nested_branch_dag.py
[2025-03-12T14:04:05.982+0000] {processor.py:914} INFO - Processing file /home/airflow/.local/lib/python3.12/site-packages/airflow/example_dags/example_nested_branch_dag.py for tasks to queue
[2025-03-12T14:04:05.987+0000] {logging_mixin.py:190} INFO - [2025-03-12T14:04:05.986+0000] {dagbag.py:588} INFO - Filling up the DagBag from /home/airflow/.local/lib/python3.12/site-packages/airflow/example_dags/example_nested_branch_dag.py
[2025-03-12T14:04:06.004+0000] {processor.py:925} INFO - DAG(s) 'example_nested_branch_dag' retrieved from /home/airflow/.local/lib/python3.12/site-packages/airflow/example_dags/example_nested_branch_dag.py
[2025-03-12T14:04:06.032+0000] {logging_mixin.py:190} INFO - [2025-03-12T14:04:06.032+0000] {dag.py:3239} INFO - Sync 1 DAGs
[2025-03-12T14:04:06.067+0000] {logging_mixin.py:190} INFO - [2025-03-12T14:04:06.067+0000] {dag.py:4180} INFO - Setting next_dagrun for example_nested_branch_dag to 2025-03-11 00:00:00+00:00, run_after=2025-03-12 00:00:00+00:00
[2025-03-12T14:04:06.090+0000] {processor.py:208} INFO - Processing /home/airflow/.local/lib/python3.12/site-packages/airflow/example_dags/example_nested_branch_dag.py took 0.117 seconds
[2025-03-12T14:04:36.894+0000] {processor.py:186} INFO - Started process (PID=10188) to work on /home/airflow/.local/lib/python3.12/site-packages/airflow/example_dags/example_nested_branch_dag.py
[2025-03-12T14:04:36.895+0000] {processor.py:914} INFO - Processing file /home/airflow/.local/lib/python3.12/site-packages/airflow/example_dags/example_nested_branch_dag.py for tasks to queue
[2025-03-12T14:04:36.898+0000] {logging_mixin.py:190} INFO - [2025-03-12T14:04:36.897+0000] {dagbag.py:588} INFO - Filling up the DagBag from /home/airflow/.local/lib/python3.12/site-packages/airflow/example_dags/example_nested_branch_dag.py
[2025-03-12T14:04:36.907+0000] {processor.py:925} INFO - DAG(s) 'example_nested_branch_dag' retrieved from /home/airflow/.local/lib/python3.12/site-packages/airflow/example_dags/example_nested_branch_dag.py
[2025-03-12T14:04:36.927+0000] {logging_mixin.py:190} INFO - [2025-03-12T14:04:36.927+0000] {dag.py:3239} INFO - Sync 1 DAGs
[2025-03-12T14:04:36.950+0000] {logging_mixin.py:190} INFO - [2025-03-12T14:04:36.950+0000] {dag.py:4180} INFO - Setting next_dagrun for example_nested_branch_dag to 2025-03-11 00:00:00+00:00, run_after=2025-03-12 00:00:00+00:00
[2025-03-12T14:04:36.971+0000] {processor.py:208} INFO - Processing /home/airflow/.local/lib/python3.12/site-packages/airflow/example_dags/example_nested_branch_dag.py took 0.081 seconds
[2025-03-12T14:05:09.428+0000] {processor.py:186} INFO - Started process (PID=10504) to work on /home/airflow/.local/lib/python3.12/site-packages/airflow/example_dags/example_nested_branch_dag.py
[2025-03-12T14:05:09.429+0000] {processor.py:914} INFO - Processing file /home/airflow/.local/lib/python3.12/site-packages/airflow/example_dags/example_nested_branch_dag.py for tasks to queue
[2025-03-12T14:05:09.430+0000] {logging_mixin.py:190} INFO - [2025-03-12T14:05:09.430+0000] {dagbag.py:588} INFO - Filling up the DagBag from /home/airflow/.local/lib/python3.12/site-packages/airflow/example_dags/example_nested_branch_dag.py
[2025-03-12T14:05:09.440+0000] {processor.py:925} INFO - DAG(s) 'example_nested_branch_dag' retrieved from /home/airflow/.local/lib/python3.12/site-packages/airflow/example_dags/example_nested_branch_dag.py
[2025-03-12T14:05:09.460+0000] {logging_mixin.py:190} INFO - [2025-03-12T14:05:09.460+0000] {dag.py:3239} INFO - Sync 1 DAGs
[2025-03-12T14:05:09.481+0000] {logging_mixin.py:190} INFO - [2025-03-12T14:05:09.481+0000] {dag.py:4180} INFO - Setting next_dagrun for example_nested_branch_dag to 2025-03-11 00:00:00+00:00, run_after=2025-03-12 00:00:00+00:00
[2025-03-12T14:05:09.497+0000] {processor.py:208} INFO - Processing /home/airflow/.local/lib/python3.12/site-packages/airflow/example_dags/example_nested_branch_dag.py took 0.074 seconds
[2025-03-12T14:05:44.093+0000] {processor.py:186} INFO - Started process (PID=10810) to work on /home/airflow/.local/lib/python3.12/site-packages/airflow/example_dags/example_nested_branch_dag.py
[2025-03-12T14:05:44.095+0000] {processor.py:914} INFO - Processing file /home/airflow/.local/lib/python3.12/site-packages/airflow/example_dags/example_nested_branch_dag.py for tasks to queue
[2025-03-12T14:05:44.097+0000] {logging_mixin.py:190} INFO - [2025-03-12T14:05:44.096+0000] {dagbag.py:588} INFO - Filling up the DagBag from /home/airflow/.local/lib/python3.12/site-packages/airflow/example_dags/example_nested_branch_dag.py
[2025-03-12T14:05:44.111+0000] {processor.py:925} INFO - DAG(s) 'example_nested_branch_dag' retrieved from /home/airflow/.local/lib/python3.12/site-packages/airflow/example_dags/example_nested_branch_dag.py
[2025-03-12T14:05:44.135+0000] {logging_mixin.py:190} INFO - [2025-03-12T14:05:44.135+0000] {dag.py:3239} INFO - Sync 1 DAGs
[2025-03-12T14:05:44.158+0000] {logging_mixin.py:190} INFO - [2025-03-12T14:05:44.158+0000] {dag.py:4180} INFO - Setting next_dagrun for example_nested_branch_dag to 2025-03-11 00:00:00+00:00, run_after=2025-03-12 00:00:00+00:00
[2025-03-12T14:05:44.178+0000] {processor.py:208} INFO - Processing /home/airflow/.local/lib/python3.12/site-packages/airflow/example_dags/example_nested_branch_dag.py took 0.090 seconds
[2025-03-12T14:06:16.066+0000] {processor.py:186} INFO - Started process (PID=11116) to work on /home/airflow/.local/lib/python3.12/site-packages/airflow/example_dags/example_nested_branch_dag.py
[2025-03-12T14:06:16.067+0000] {processor.py:914} INFO - Processing file /home/airflow/.local/lib/python3.12/site-packages/airflow/example_dags/example_nested_branch_dag.py for tasks to queue
[2025-03-12T14:06:16.069+0000] {logging_mixin.py:190} INFO - [2025-03-12T14:06:16.069+0000] {dagbag.py:588} INFO - Filling up the DagBag from /home/airflow/.local/lib/python3.12/site-packages/airflow/example_dags/example_nested_branch_dag.py
[2025-03-12T14:06:16.079+0000] {processor.py:925} INFO - DAG(s) 'example_nested_branch_dag' retrieved from /home/airflow/.local/lib/python3.12/site-packages/airflow/example_dags/example_nested_branch_dag.py
[2025-03-12T14:06:16.099+0000] {logging_mixin.py:190} INFO - [2025-03-12T14:06:16.099+0000] {dag.py:3239} INFO - Sync 1 DAGs
[2025-03-12T14:06:16.121+0000] {logging_mixin.py:190} INFO - [2025-03-12T14:06:16.121+0000] {dag.py:4180} INFO - Setting next_dagrun for example_nested_branch_dag to 2025-03-11 00:00:00+00:00, run_after=2025-03-12 00:00:00+00:00
[2025-03-12T14:06:16.138+0000] {processor.py:208} INFO - Processing /home/airflow/.local/lib/python3.12/site-packages/airflow/example_dags/example_nested_branch_dag.py took 0.077 seconds
[2025-03-12T14:06:49.667+0000] {processor.py:186} INFO - Started process (PID=11417) to work on /home/airflow/.local/lib/python3.12/site-packages/airflow/example_dags/example_nested_branch_dag.py
[2025-03-12T14:06:49.668+0000] {processor.py:914} INFO - Processing file /home/airflow/.local/lib/python3.12/site-packages/airflow/example_dags/example_nested_branch_dag.py for tasks to queue
[2025-03-12T14:06:49.669+0000] {logging_mixin.py:190} INFO - [2025-03-12T14:06:49.669+0000] {dagbag.py:588} INFO - Filling up the DagBag from /home/airflow/.local/lib/python3.12/site-packages/airflow/example_dags/example_nested_branch_dag.py
[2025-03-12T14:06:49.679+0000] {processor.py:925} INFO - DAG(s) 'example_nested_branch_dag' retrieved from /home/airflow/.local/lib/python3.12/site-packages/airflow/example_dags/example_nested_branch_dag.py
[2025-03-12T14:06:49.696+0000] {logging_mixin.py:190} INFO - [2025-03-12T14:06:49.695+0000] {dag.py:3239} INFO - Sync 1 DAGs
[2025-03-12T14:06:49.715+0000] {logging_mixin.py:190} INFO - [2025-03-12T14:06:49.715+0000] {dag.py:4180} INFO - Setting next_dagrun for example_nested_branch_dag to 2025-03-11 00:00:00+00:00, run_after=2025-03-12 00:00:00+00:00
[2025-03-12T14:06:49.730+0000] {processor.py:208} INFO - Processing /home/airflow/.local/lib/python3.12/site-packages/airflow/example_dags/example_nested_branch_dag.py took 0.068 seconds
[2025-03-12T14:07:23.410+0000] {processor.py:186} INFO - Started process (PID=11723) to work on /home/airflow/.local/lib/python3.12/site-packages/airflow/example_dags/example_nested_branch_dag.py
[2025-03-12T14:07:23.411+0000] {processor.py:914} INFO - Processing file /home/airflow/.local/lib/python3.12/site-packages/airflow/example_dags/example_nested_branch_dag.py for tasks to queue
[2025-03-12T14:07:23.413+0000] {logging_mixin.py:190} INFO - [2025-03-12T14:07:23.413+0000] {dagbag.py:588} INFO - Filling up the DagBag from /home/airflow/.local/lib/python3.12/site-packages/airflow/example_dags/example_nested_branch_dag.py
[2025-03-12T14:07:23.422+0000] {processor.py:925} INFO - DAG(s) 'example_nested_branch_dag' retrieved from /home/airflow/.local/lib/python3.12/site-packages/airflow/example_dags/example_nested_branch_dag.py
[2025-03-12T14:07:23.448+0000] {logging_mixin.py:190} INFO - [2025-03-12T14:07:23.448+0000] {dag.py:3239} INFO - Sync 1 DAGs
[2025-03-12T14:07:23.482+0000] {logging_mixin.py:190} INFO - [2025-03-12T14:07:23.482+0000] {dag.py:4180} INFO - Setting next_dagrun for example_nested_branch_dag to 2025-03-11 00:00:00+00:00, run_after=2025-03-12 00:00:00+00:00
[2025-03-12T14:07:23.504+0000] {processor.py:208} INFO - Processing /home/airflow/.local/lib/python3.12/site-packages/airflow/example_dags/example_nested_branch_dag.py took 0.098 seconds
[2025-03-12T14:07:56.480+0000] {processor.py:186} INFO - Started process (PID=12034) to work on /home/airflow/.local/lib/python3.12/site-packages/airflow/example_dags/example_nested_branch_dag.py
[2025-03-12T14:07:56.481+0000] {processor.py:914} INFO - Processing file /home/airflow/.local/lib/python3.12/site-packages/airflow/example_dags/example_nested_branch_dag.py for tasks to queue
[2025-03-12T14:07:56.483+0000] {logging_mixin.py:190} INFO - [2025-03-12T14:07:56.483+0000] {dagbag.py:588} INFO - Filling up the DagBag from /home/airflow/.local/lib/python3.12/site-packages/airflow/example_dags/example_nested_branch_dag.py
[2025-03-12T14:07:56.491+0000] {processor.py:925} INFO - DAG(s) 'example_nested_branch_dag' retrieved from /home/airflow/.local/lib/python3.12/site-packages/airflow/example_dags/example_nested_branch_dag.py
[2025-03-12T14:07:56.508+0000] {logging_mixin.py:190} INFO - [2025-03-12T14:07:56.508+0000] {dag.py:3239} INFO - Sync 1 DAGs
[2025-03-12T14:07:56.527+0000] {logging_mixin.py:190} INFO - [2025-03-12T14:07:56.526+0000] {dag.py:4180} INFO - Setting next_dagrun for example_nested_branch_dag to 2025-03-11 00:00:00+00:00, run_after=2025-03-12 00:00:00+00:00
[2025-03-12T14:07:56.542+0000] {processor.py:208} INFO - Processing /home/airflow/.local/lib/python3.12/site-packages/airflow/example_dags/example_nested_branch_dag.py took 0.066 seconds
[2025-03-12T14:08:30.478+0000] {processor.py:186} INFO - Started process (PID=12337) to work on /home/airflow/.local/lib/python3.12/site-packages/airflow/example_dags/example_nested_branch_dag.py
[2025-03-12T14:08:30.479+0000] {processor.py:914} INFO - Processing file /home/airflow/.local/lib/python3.12/site-packages/airflow/example_dags/example_nested_branch_dag.py for tasks to queue
[2025-03-12T14:08:30.481+0000] {logging_mixin.py:190} INFO - [2025-03-12T14:08:30.481+0000] {dagbag.py:588} INFO - Filling up the DagBag from /home/airflow/.local/lib/python3.12/site-packages/airflow/example_dags/example_nested_branch_dag.py
[2025-03-12T14:08:30.490+0000] {processor.py:925} INFO - DAG(s) 'example_nested_branch_dag' retrieved from /home/airflow/.local/lib/python3.12/site-packages/airflow/example_dags/example_nested_branch_dag.py
[2025-03-12T14:08:30.506+0000] {logging_mixin.py:190} INFO - [2025-03-12T14:08:30.505+0000] {dag.py:3239} INFO - Sync 1 DAGs
[2025-03-12T14:08:30.523+0000] {logging_mixin.py:190} INFO - [2025-03-12T14:08:30.523+0000] {dag.py:4180} INFO - Setting next_dagrun for example_nested_branch_dag to 2025-03-11 00:00:00+00:00, run_after=2025-03-12 00:00:00+00:00
[2025-03-12T14:08:30.539+0000] {processor.py:208} INFO - Processing /home/airflow/.local/lib/python3.12/site-packages/airflow/example_dags/example_nested_branch_dag.py took 0.066 seconds
[2025-03-12T14:09:04.098+0000] {processor.py:186} INFO - Started process (PID=12648) to work on /home/airflow/.local/lib/python3.12/site-packages/airflow/example_dags/example_nested_branch_dag.py
[2025-03-12T14:09:04.099+0000] {processor.py:914} INFO - Processing file /home/airflow/.local/lib/python3.12/site-packages/airflow/example_dags/example_nested_branch_dag.py for tasks to queue
[2025-03-12T14:09:04.101+0000] {logging_mixin.py:190} INFO - [2025-03-12T14:09:04.101+0000] {dagbag.py:588} INFO - Filling up the DagBag from /home/airflow/.local/lib/python3.12/site-packages/airflow/example_dags/example_nested_branch_dag.py
[2025-03-12T14:09:04.112+0000] {processor.py:925} INFO - DAG(s) 'example_nested_branch_dag' retrieved from /home/airflow/.local/lib/python3.12/site-packages/airflow/example_dags/example_nested_branch_dag.py
[2025-03-12T14:09:04.130+0000] {logging_mixin.py:190} INFO - [2025-03-12T14:09:04.129+0000] {dag.py:3239} INFO - Sync 1 DAGs
[2025-03-12T14:09:04.151+0000] {logging_mixin.py:190} INFO - [2025-03-12T14:09:04.151+0000] {dag.py:4180} INFO - Setting next_dagrun for example_nested_branch_dag to 2025-03-11 00:00:00+00:00, run_after=2025-03-12 00:00:00+00:00
[2025-03-12T14:09:04.169+0000] {processor.py:208} INFO - Processing /home/airflow/.local/lib/python3.12/site-packages/airflow/example_dags/example_nested_branch_dag.py took 0.075 seconds
[2025-03-12T14:09:36.904+0000] {processor.py:186} INFO - Started process (PID=12952) to work on /home/airflow/.local/lib/python3.12/site-packages/airflow/example_dags/example_nested_branch_dag.py
[2025-03-12T14:09:36.905+0000] {processor.py:914} INFO - Processing file /home/airflow/.local/lib/python3.12/site-packages/airflow/example_dags/example_nested_branch_dag.py for tasks to queue
[2025-03-12T14:09:36.908+0000] {logging_mixin.py:190} INFO - [2025-03-12T14:09:36.908+0000] {dagbag.py:588} INFO - Filling up the DagBag from /home/airflow/.local/lib/python3.12/site-packages/airflow/example_dags/example_nested_branch_dag.py
[2025-03-12T14:09:36.918+0000] {processor.py:925} INFO - DAG(s) 'example_nested_branch_dag' retrieved from /home/airflow/.local/lib/python3.12/site-packages/airflow/example_dags/example_nested_branch_dag.py
[2025-03-12T14:09:36.937+0000] {logging_mixin.py:190} INFO - [2025-03-12T14:09:36.936+0000] {dag.py:3239} INFO - Sync 1 DAGs
[2025-03-12T14:09:36.954+0000] {logging_mixin.py:190} INFO - [2025-03-12T14:09:36.954+0000] {dag.py:4180} INFO - Setting next_dagrun for example_nested_branch_dag to 2025-03-11 00:00:00+00:00, run_after=2025-03-12 00:00:00+00:00
[2025-03-12T14:09:36.970+0000] {processor.py:208} INFO - Processing /home/airflow/.local/lib/python3.12/site-packages/airflow/example_dags/example_nested_branch_dag.py took 0.071 seconds
[2025-03-12T14:10:09.799+0000] {processor.py:186} INFO - Started process (PID=13258) to work on /home/airflow/.local/lib/python3.12/site-packages/airflow/example_dags/example_nested_branch_dag.py
[2025-03-12T14:10:09.800+0000] {processor.py:914} INFO - Processing file /home/airflow/.local/lib/python3.12/site-packages/airflow/example_dags/example_nested_branch_dag.py for tasks to queue
[2025-03-12T14:10:09.802+0000] {logging_mixin.py:190} INFO - [2025-03-12T14:10:09.802+0000] {dagbag.py:588} INFO - Filling up the DagBag from /home/airflow/.local/lib/python3.12/site-packages/airflow/example_dags/example_nested_branch_dag.py
[2025-03-12T14:10:09.811+0000] {processor.py:925} INFO - DAG(s) 'example_nested_branch_dag' retrieved from /home/airflow/.local/lib/python3.12/site-packages/airflow/example_dags/example_nested_branch_dag.py
[2025-03-12T14:10:09.830+0000] {logging_mixin.py:190} INFO - [2025-03-12T14:10:09.829+0000] {dag.py:3239} INFO - Sync 1 DAGs
[2025-03-12T14:10:09.848+0000] {logging_mixin.py:190} INFO - [2025-03-12T14:10:09.848+0000] {dag.py:4180} INFO - Setting next_dagrun for example_nested_branch_dag to 2025-03-11 00:00:00+00:00, run_after=2025-03-12 00:00:00+00:00
[2025-03-12T14:10:09.864+0000] {processor.py:208} INFO - Processing /home/airflow/.local/lib/python3.12/site-packages/airflow/example_dags/example_nested_branch_dag.py took 0.069 seconds
[2025-03-12T14:10:42.585+0000] {processor.py:186} INFO - Started process (PID=13564) to work on /home/airflow/.local/lib/python3.12/site-packages/airflow/example_dags/example_nested_branch_dag.py
[2025-03-12T14:10:42.585+0000] {processor.py:914} INFO - Processing file /home/airflow/.local/lib/python3.12/site-packages/airflow/example_dags/example_nested_branch_dag.py for tasks to queue
[2025-03-12T14:10:42.587+0000] {logging_mixin.py:190} INFO - [2025-03-12T14:10:42.587+0000] {dagbag.py:588} INFO - Filling up the DagBag from /home/airflow/.local/lib/python3.12/site-packages/airflow/example_dags/example_nested_branch_dag.py
[2025-03-12T14:10:42.596+0000] {processor.py:925} INFO - DAG(s) 'example_nested_branch_dag' retrieved from /home/airflow/.local/lib/python3.12/site-packages/airflow/example_dags/example_nested_branch_dag.py
[2025-03-12T14:10:42.617+0000] {logging_mixin.py:190} INFO - [2025-03-12T14:10:42.616+0000] {dag.py:3239} INFO - Sync 1 DAGs
[2025-03-12T14:10:42.645+0000] {logging_mixin.py:190} INFO - [2025-03-12T14:10:42.645+0000] {dag.py:4180} INFO - Setting next_dagrun for example_nested_branch_dag to 2025-03-11 00:00:00+00:00, run_after=2025-03-12 00:00:00+00:00
[2025-03-12T14:10:42.668+0000] {processor.py:208} INFO - Processing /home/airflow/.local/lib/python3.12/site-packages/airflow/example_dags/example_nested_branch_dag.py took 0.088 seconds
[2025-03-12T14:11:16.529+0000] {processor.py:186} INFO - Started process (PID=13867) to work on /home/airflow/.local/lib/python3.12/site-packages/airflow/example_dags/example_nested_branch_dag.py
[2025-03-12T14:11:16.530+0000] {processor.py:914} INFO - Processing file /home/airflow/.local/lib/python3.12/site-packages/airflow/example_dags/example_nested_branch_dag.py for tasks to queue
[2025-03-12T14:11:16.531+0000] {logging_mixin.py:190} INFO - [2025-03-12T14:11:16.531+0000] {dagbag.py:588} INFO - Filling up the DagBag from /home/airflow/.local/lib/python3.12/site-packages/airflow/example_dags/example_nested_branch_dag.py
[2025-03-12T14:11:16.539+0000] {processor.py:925} INFO - DAG(s) 'example_nested_branch_dag' retrieved from /home/airflow/.local/lib/python3.12/site-packages/airflow/example_dags/example_nested_branch_dag.py
[2025-03-12T14:11:16.554+0000] {logging_mixin.py:190} INFO - [2025-03-12T14:11:16.554+0000] {dag.py:3239} INFO - Sync 1 DAGs
[2025-03-12T14:11:16.571+0000] {logging_mixin.py:190} INFO - [2025-03-12T14:11:16.571+0000] {dag.py:4180} INFO - Setting next_dagrun for example_nested_branch_dag to 2025-03-11 00:00:00+00:00, run_after=2025-03-12 00:00:00+00:00
[2025-03-12T14:11:16.585+0000] {processor.py:208} INFO - Processing /home/airflow/.local/lib/python3.12/site-packages/airflow/example_dags/example_nested_branch_dag.py took 0.060 seconds
[2025-03-12T14:11:49.904+0000] {processor.py:186} INFO - Started process (PID=14177) to work on /home/airflow/.local/lib/python3.12/site-packages/airflow/example_dags/example_nested_branch_dag.py
[2025-03-12T14:11:49.905+0000] {processor.py:914} INFO - Processing file /home/airflow/.local/lib/python3.12/site-packages/airflow/example_dags/example_nested_branch_dag.py for tasks to queue
[2025-03-12T14:11:49.907+0000] {logging_mixin.py:190} INFO - [2025-03-12T14:11:49.906+0000] {dagbag.py:588} INFO - Filling up the DagBag from /home/airflow/.local/lib/python3.12/site-packages/airflow/example_dags/example_nested_branch_dag.py
[2025-03-12T14:11:49.915+0000] {processor.py:925} INFO - DAG(s) 'example_nested_branch_dag' retrieved from /home/airflow/.local/lib/python3.12/site-packages/airflow/example_dags/example_nested_branch_dag.py
[2025-03-12T14:11:49.934+0000] {logging_mixin.py:190} INFO - [2025-03-12T14:11:49.934+0000] {dag.py:3239} INFO - Sync 1 DAGs
[2025-03-12T14:11:49.953+0000] {logging_mixin.py:190} INFO - [2025-03-12T14:11:49.953+0000] {dag.py:4180} INFO - Setting next_dagrun for example_nested_branch_dag to 2025-03-11 00:00:00+00:00, run_after=2025-03-12 00:00:00+00:00
[2025-03-12T14:11:49.968+0000] {processor.py:208} INFO - Processing /home/airflow/.local/lib/python3.12/site-packages/airflow/example_dags/example_nested_branch_dag.py took 0.070 seconds
[2025-03-12T14:12:24.572+0000] {processor.py:186} INFO - Started process (PID=14485) to work on /home/airflow/.local/lib/python3.12/site-packages/airflow/example_dags/example_nested_branch_dag.py
[2025-03-12T14:12:24.573+0000] {processor.py:914} INFO - Processing file /home/airflow/.local/lib/python3.12/site-packages/airflow/example_dags/example_nested_branch_dag.py for tasks to queue
[2025-03-12T14:12:24.575+0000] {logging_mixin.py:190} INFO - [2025-03-12T14:12:24.574+0000] {dagbag.py:588} INFO - Filling up the DagBag from /home/airflow/.local/lib/python3.12/site-packages/airflow/example_dags/example_nested_branch_dag.py
[2025-03-12T14:12:24.583+0000] {processor.py:925} INFO - DAG(s) 'example_nested_branch_dag' retrieved from /home/airflow/.local/lib/python3.12/site-packages/airflow/example_dags/example_nested_branch_dag.py
[2025-03-12T14:12:24.599+0000] {logging_mixin.py:190} INFO - [2025-03-12T14:12:24.599+0000] {dag.py:3239} INFO - Sync 1 DAGs
[2025-03-12T14:12:24.617+0000] {logging_mixin.py:190} INFO - [2025-03-12T14:12:24.617+0000] {dag.py:4180} INFO - Setting next_dagrun for example_nested_branch_dag to 2025-03-11 00:00:00+00:00, run_after=2025-03-12 00:00:00+00:00
[2025-03-12T14:12:24.633+0000] {processor.py:208} INFO - Processing /home/airflow/.local/lib/python3.12/site-packages/airflow/example_dags/example_nested_branch_dag.py took 0.065 seconds
[2025-03-12T14:14:09.428+0000] {processor.py:186} INFO - Started process (PID=418) to work on /home/airflow/.local/lib/python3.12/site-packages/airflow/example_dags/example_nested_branch_dag.py
[2025-03-12T14:14:09.430+0000] {processor.py:914} INFO - Processing file /home/airflow/.local/lib/python3.12/site-packages/airflow/example_dags/example_nested_branch_dag.py for tasks to queue
[2025-03-12T14:14:09.433+0000] {logging_mixin.py:190} INFO - [2025-03-12T14:14:09.433+0000] {dagbag.py:588} INFO - Filling up the DagBag from /home/airflow/.local/lib/python3.12/site-packages/airflow/example_dags/example_nested_branch_dag.py
[2025-03-12T14:14:09.446+0000] {processor.py:925} INFO - DAG(s) 'example_nested_branch_dag' retrieved from /home/airflow/.local/lib/python3.12/site-packages/airflow/example_dags/example_nested_branch_dag.py
[2025-03-12T14:14:09.547+0000] {logging_mixin.py:190} INFO - [2025-03-12T14:14:09.547+0000] {override.py:1912} INFO - Created Permission View: can read on DAG:example_nested_branch_dag
[2025-03-12T14:14:09.558+0000] {logging_mixin.py:190} INFO - [2025-03-12T14:14:09.557+0000] {override.py:1912} INFO - Created Permission View: can edit on DAG:example_nested_branch_dag
[2025-03-12T14:14:09.564+0000] {logging_mixin.py:190} INFO - [2025-03-12T14:14:09.564+0000] {override.py:1912} INFO - Created Permission View: can delete on DAG:example_nested_branch_dag
[2025-03-12T14:14:09.573+0000] {logging_mixin.py:190} INFO - [2025-03-12T14:14:09.573+0000] {override.py:1912} INFO - Created Permission View: can create on DAG Run:example_nested_branch_dag
[2025-03-12T14:14:09.582+0000] {logging_mixin.py:190} INFO - [2025-03-12T14:14:09.581+0000] {override.py:1912} INFO - Created Permission View: can read on DAG Run:example_nested_branch_dag
[2025-03-12T14:14:09.589+0000] {logging_mixin.py:190} INFO - [2025-03-12T14:14:09.589+0000] {override.py:1912} INFO - Created Permission View: menu access on DAG Run:example_nested_branch_dag
[2025-03-12T14:14:09.597+0000] {logging_mixin.py:190} INFO - [2025-03-12T14:14:09.597+0000] {override.py:1912} INFO - Created Permission View: can delete on DAG Run:example_nested_branch_dag
[2025-03-12T14:14:09.598+0000] {logging_mixin.py:190} INFO - [2025-03-12T14:14:09.598+0000] {dag.py:3239} INFO - Sync 1 DAGs
[2025-03-12T14:14:09.611+0000] {logging_mixin.py:190} INFO - [2025-03-12T14:14:09.611+0000] {dag.py:3262} INFO - Creating ORM DAG for example_nested_branch_dag
[2025-03-12T14:14:09.622+0000] {logging_mixin.py:190} INFO - [2025-03-12T14:14:09.622+0000] {dag.py:4180} INFO - Setting next_dagrun for example_nested_branch_dag to 2025-03-11 00:00:00+00:00, run_after=2025-03-12 00:00:00+00:00
[2025-03-12T14:14:09.640+0000] {processor.py:208} INFO - Processing /home/airflow/.local/lib/python3.12/site-packages/airflow/example_dags/example_nested_branch_dag.py took 0.218 seconds
[2025-03-12T14:14:39.883+0000] {processor.py:186} INFO - Started process (PID=719) to work on /home/airflow/.local/lib/python3.12/site-packages/airflow/example_dags/example_nested_branch_dag.py
[2025-03-12T14:14:39.884+0000] {processor.py:914} INFO - Processing file /home/airflow/.local/lib/python3.12/site-packages/airflow/example_dags/example_nested_branch_dag.py for tasks to queue
[2025-03-12T14:14:39.886+0000] {logging_mixin.py:190} INFO - [2025-03-12T14:14:39.885+0000] {dagbag.py:588} INFO - Filling up the DagBag from /home/airflow/.local/lib/python3.12/site-packages/airflow/example_dags/example_nested_branch_dag.py
[2025-03-12T14:14:39.894+0000] {processor.py:925} INFO - DAG(s) 'example_nested_branch_dag' retrieved from /home/airflow/.local/lib/python3.12/site-packages/airflow/example_dags/example_nested_branch_dag.py
[2025-03-12T14:14:39.911+0000] {logging_mixin.py:190} INFO - [2025-03-12T14:14:39.911+0000] {dag.py:3239} INFO - Sync 1 DAGs
[2025-03-12T14:14:39.927+0000] {logging_mixin.py:190} INFO - [2025-03-12T14:14:39.927+0000] {dag.py:4180} INFO - Setting next_dagrun for example_nested_branch_dag to 2025-03-11 00:00:00+00:00, run_after=2025-03-12 00:00:00+00:00
[2025-03-12T14:14:39.940+0000] {processor.py:208} INFO - Processing /home/airflow/.local/lib/python3.12/site-packages/airflow/example_dags/example_nested_branch_dag.py took 0.062 seconds
[2025-03-12T14:15:10.425+0000] {processor.py:186} INFO - Started process (PID=1025) to work on /home/airflow/.local/lib/python3.12/site-packages/airflow/example_dags/example_nested_branch_dag.py
[2025-03-12T14:15:10.426+0000] {processor.py:914} INFO - Processing file /home/airflow/.local/lib/python3.12/site-packages/airflow/example_dags/example_nested_branch_dag.py for tasks to queue
[2025-03-12T14:15:10.428+0000] {logging_mixin.py:190} INFO - [2025-03-12T14:15:10.428+0000] {dagbag.py:588} INFO - Filling up the DagBag from /home/airflow/.local/lib/python3.12/site-packages/airflow/example_dags/example_nested_branch_dag.py
[2025-03-12T14:15:10.437+0000] {processor.py:925} INFO - DAG(s) 'example_nested_branch_dag' retrieved from /home/airflow/.local/lib/python3.12/site-packages/airflow/example_dags/example_nested_branch_dag.py
[2025-03-12T14:15:10.457+0000] {logging_mixin.py:190} INFO - [2025-03-12T14:15:10.457+0000] {dag.py:3239} INFO - Sync 1 DAGs
[2025-03-12T14:15:10.475+0000] {logging_mixin.py:190} INFO - [2025-03-12T14:15:10.475+0000] {dag.py:4180} INFO - Setting next_dagrun for example_nested_branch_dag to 2025-03-11 00:00:00+00:00, run_after=2025-03-12 00:00:00+00:00
[2025-03-12T14:15:10.490+0000] {processor.py:208} INFO - Processing /home/airflow/.local/lib/python3.12/site-packages/airflow/example_dags/example_nested_branch_dag.py took 0.069 seconds
[2025-03-12T14:15:43.916+0000] {processor.py:186} INFO - Started process (PID=1336) to work on /home/airflow/.local/lib/python3.12/site-packages/airflow/example_dags/example_nested_branch_dag.py
[2025-03-12T14:15:43.917+0000] {processor.py:914} INFO - Processing file /home/airflow/.local/lib/python3.12/site-packages/airflow/example_dags/example_nested_branch_dag.py for tasks to queue
[2025-03-12T14:15:43.919+0000] {logging_mixin.py:190} INFO - [2025-03-12T14:15:43.919+0000] {dagbag.py:588} INFO - Filling up the DagBag from /home/airflow/.local/lib/python3.12/site-packages/airflow/example_dags/example_nested_branch_dag.py
[2025-03-12T14:15:43.928+0000] {processor.py:925} INFO - DAG(s) 'example_nested_branch_dag' retrieved from /home/airflow/.local/lib/python3.12/site-packages/airflow/example_dags/example_nested_branch_dag.py
[2025-03-12T14:15:43.948+0000] {logging_mixin.py:190} INFO - [2025-03-12T14:15:43.947+0000] {dag.py:3239} INFO - Sync 1 DAGs
[2025-03-12T14:15:43.972+0000] {logging_mixin.py:190} INFO - [2025-03-12T14:15:43.971+0000] {dag.py:4180} INFO - Setting next_dagrun for example_nested_branch_dag to 2025-03-11 00:00:00+00:00, run_after=2025-03-12 00:00:00+00:00
[2025-03-12T14:15:43.989+0000] {processor.py:208} INFO - Processing /home/airflow/.local/lib/python3.12/site-packages/airflow/example_dags/example_nested_branch_dag.py took 0.078 seconds
[2025-03-12T14:16:17.428+0000] {processor.py:186} INFO - Started process (PID=1643) to work on /home/airflow/.local/lib/python3.12/site-packages/airflow/example_dags/example_nested_branch_dag.py
[2025-03-12T14:16:17.429+0000] {processor.py:914} INFO - Processing file /home/airflow/.local/lib/python3.12/site-packages/airflow/example_dags/example_nested_branch_dag.py for tasks to queue
[2025-03-12T14:16:17.431+0000] {logging_mixin.py:190} INFO - [2025-03-12T14:16:17.431+0000] {dagbag.py:588} INFO - Filling up the DagBag from /home/airflow/.local/lib/python3.12/site-packages/airflow/example_dags/example_nested_branch_dag.py
[2025-03-12T14:16:17.439+0000] {processor.py:925} INFO - DAG(s) 'example_nested_branch_dag' retrieved from /home/airflow/.local/lib/python3.12/site-packages/airflow/example_dags/example_nested_branch_dag.py
[2025-03-12T14:16:17.456+0000] {logging_mixin.py:190} INFO - [2025-03-12T14:16:17.456+0000] {dag.py:3239} INFO - Sync 1 DAGs
[2025-03-12T14:16:17.474+0000] {logging_mixin.py:190} INFO - [2025-03-12T14:16:17.474+0000] {dag.py:4180} INFO - Setting next_dagrun for example_nested_branch_dag to 2025-03-11 00:00:00+00:00, run_after=2025-03-12 00:00:00+00:00
[2025-03-12T14:16:17.490+0000] {processor.py:208} INFO - Processing /home/airflow/.local/lib/python3.12/site-packages/airflow/example_dags/example_nested_branch_dag.py took 0.067 seconds
[2025-03-12T14:16:50.545+0000] {processor.py:186} INFO - Started process (PID=1949) to work on /home/airflow/.local/lib/python3.12/site-packages/airflow/example_dags/example_nested_branch_dag.py
[2025-03-12T14:16:50.546+0000] {processor.py:914} INFO - Processing file /home/airflow/.local/lib/python3.12/site-packages/airflow/example_dags/example_nested_branch_dag.py for tasks to queue
[2025-03-12T14:16:50.549+0000] {logging_mixin.py:190} INFO - [2025-03-12T14:16:50.549+0000] {dagbag.py:588} INFO - Filling up the DagBag from /home/airflow/.local/lib/python3.12/site-packages/airflow/example_dags/example_nested_branch_dag.py
[2025-03-12T14:16:50.558+0000] {processor.py:925} INFO - DAG(s) 'example_nested_branch_dag' retrieved from /home/airflow/.local/lib/python3.12/site-packages/airflow/example_dags/example_nested_branch_dag.py
[2025-03-12T14:16:50.577+0000] {logging_mixin.py:190} INFO - [2025-03-12T14:16:50.577+0000] {dag.py:3239} INFO - Sync 1 DAGs
[2025-03-12T14:16:50.600+0000] {logging_mixin.py:190} INFO - [2025-03-12T14:16:50.600+0000] {dag.py:4180} INFO - Setting next_dagrun for example_nested_branch_dag to 2025-03-11 00:00:00+00:00, run_after=2025-03-12 00:00:00+00:00
[2025-03-12T14:16:50.619+0000] {processor.py:208} INFO - Processing /home/airflow/.local/lib/python3.12/site-packages/airflow/example_dags/example_nested_branch_dag.py took 0.078 seconds
[2025-03-12T14:17:24.007+0000] {processor.py:186} INFO - Started process (PID=2255) to work on /home/airflow/.local/lib/python3.12/site-packages/airflow/example_dags/example_nested_branch_dag.py
[2025-03-12T14:17:24.008+0000] {processor.py:914} INFO - Processing file /home/airflow/.local/lib/python3.12/site-packages/airflow/example_dags/example_nested_branch_dag.py for tasks to queue
[2025-03-12T14:17:24.010+0000] {logging_mixin.py:190} INFO - [2025-03-12T14:17:24.010+0000] {dagbag.py:588} INFO - Filling up the DagBag from /home/airflow/.local/lib/python3.12/site-packages/airflow/example_dags/example_nested_branch_dag.py
[2025-03-12T14:17:24.018+0000] {processor.py:925} INFO - DAG(s) 'example_nested_branch_dag' retrieved from /home/airflow/.local/lib/python3.12/site-packages/airflow/example_dags/example_nested_branch_dag.py
[2025-03-12T14:17:24.035+0000] {logging_mixin.py:190} INFO - [2025-03-12T14:17:24.035+0000] {dag.py:3239} INFO - Sync 1 DAGs
[2025-03-12T14:17:24.052+0000] {logging_mixin.py:190} INFO - [2025-03-12T14:17:24.052+0000] {dag.py:4180} INFO - Setting next_dagrun for example_nested_branch_dag to 2025-03-11 00:00:00+00:00, run_after=2025-03-12 00:00:00+00:00
[2025-03-12T14:17:24.067+0000] {processor.py:208} INFO - Processing /home/airflow/.local/lib/python3.12/site-packages/airflow/example_dags/example_nested_branch_dag.py took 0.064 seconds
[2025-03-12T14:17:57.343+0000] {processor.py:186} INFO - Started process (PID=2561) to work on /home/airflow/.local/lib/python3.12/site-packages/airflow/example_dags/example_nested_branch_dag.py
[2025-03-12T14:17:57.344+0000] {processor.py:914} INFO - Processing file /home/airflow/.local/lib/python3.12/site-packages/airflow/example_dags/example_nested_branch_dag.py for tasks to queue
[2025-03-12T14:17:57.346+0000] {logging_mixin.py:190} INFO - [2025-03-12T14:17:57.346+0000] {dagbag.py:588} INFO - Filling up the DagBag from /home/airflow/.local/lib/python3.12/site-packages/airflow/example_dags/example_nested_branch_dag.py
[2025-03-12T14:17:57.355+0000] {processor.py:925} INFO - DAG(s) 'example_nested_branch_dag' retrieved from /home/airflow/.local/lib/python3.12/site-packages/airflow/example_dags/example_nested_branch_dag.py
[2025-03-12T14:17:57.373+0000] {logging_mixin.py:190} INFO - [2025-03-12T14:17:57.373+0000] {dag.py:3239} INFO - Sync 1 DAGs
[2025-03-12T14:17:57.393+0000] {logging_mixin.py:190} INFO - [2025-03-12T14:17:57.393+0000] {dag.py:4180} INFO - Setting next_dagrun for example_nested_branch_dag to 2025-03-11 00:00:00+00:00, run_after=2025-03-12 00:00:00+00:00
[2025-03-12T14:17:57.408+0000] {processor.py:208} INFO - Processing /home/airflow/.local/lib/python3.12/site-packages/airflow/example_dags/example_nested_branch_dag.py took 0.070 seconds
[2025-03-12T14:18:30.041+0000] {processor.py:186} INFO - Started process (PID=2867) to work on /home/airflow/.local/lib/python3.12/site-packages/airflow/example_dags/example_nested_branch_dag.py
[2025-03-12T14:18:30.042+0000] {processor.py:914} INFO - Processing file /home/airflow/.local/lib/python3.12/site-packages/airflow/example_dags/example_nested_branch_dag.py for tasks to queue
[2025-03-12T14:18:30.045+0000] {logging_mixin.py:190} INFO - [2025-03-12T14:18:30.044+0000] {dagbag.py:588} INFO - Filling up the DagBag from /home/airflow/.local/lib/python3.12/site-packages/airflow/example_dags/example_nested_branch_dag.py
[2025-03-12T14:18:30.053+0000] {processor.py:925} INFO - DAG(s) 'example_nested_branch_dag' retrieved from /home/airflow/.local/lib/python3.12/site-packages/airflow/example_dags/example_nested_branch_dag.py
[2025-03-12T14:18:30.071+0000] {logging_mixin.py:190} INFO - [2025-03-12T14:18:30.071+0000] {dag.py:3239} INFO - Sync 1 DAGs
[2025-03-12T14:18:30.092+0000] {logging_mixin.py:190} INFO - [2025-03-12T14:18:30.092+0000] {dag.py:4180} INFO - Setting next_dagrun for example_nested_branch_dag to 2025-03-11 00:00:00+00:00, run_after=2025-03-12 00:00:00+00:00
[2025-03-12T14:18:30.109+0000] {processor.py:208} INFO - Processing /home/airflow/.local/lib/python3.12/site-packages/airflow/example_dags/example_nested_branch_dag.py took 0.072 seconds
[2025-03-12T14:19:03.256+0000] {processor.py:186} INFO - Started process (PID=3175) to work on /home/airflow/.local/lib/python3.12/site-packages/airflow/example_dags/example_nested_branch_dag.py
[2025-03-12T14:19:03.257+0000] {processor.py:914} INFO - Processing file /home/airflow/.local/lib/python3.12/site-packages/airflow/example_dags/example_nested_branch_dag.py for tasks to queue
[2025-03-12T14:19:03.259+0000] {logging_mixin.py:190} INFO - [2025-03-12T14:19:03.259+0000] {dagbag.py:588} INFO - Filling up the DagBag from /home/airflow/.local/lib/python3.12/site-packages/airflow/example_dags/example_nested_branch_dag.py
[2025-03-12T14:19:03.268+0000] {processor.py:925} INFO - DAG(s) 'example_nested_branch_dag' retrieved from /home/airflow/.local/lib/python3.12/site-packages/airflow/example_dags/example_nested_branch_dag.py
[2025-03-12T14:19:03.285+0000] {logging_mixin.py:190} INFO - [2025-03-12T14:19:03.285+0000] {dag.py:3239} INFO - Sync 1 DAGs
[2025-03-12T14:19:03.303+0000] {logging_mixin.py:190} INFO - [2025-03-12T14:19:03.303+0000] {dag.py:4180} INFO - Setting next_dagrun for example_nested_branch_dag to 2025-03-11 00:00:00+00:00, run_after=2025-03-12 00:00:00+00:00
[2025-03-12T14:19:03.320+0000] {processor.py:208} INFO - Processing /home/airflow/.local/lib/python3.12/site-packages/airflow/example_dags/example_nested_branch_dag.py took 0.067 seconds
[2025-03-12T14:19:37.203+0000] {processor.py:186} INFO - Started process (PID=3479) to work on /home/airflow/.local/lib/python3.12/site-packages/airflow/example_dags/example_nested_branch_dag.py
[2025-03-12T14:19:37.204+0000] {processor.py:914} INFO - Processing file /home/airflow/.local/lib/python3.12/site-packages/airflow/example_dags/example_nested_branch_dag.py for tasks to queue
[2025-03-12T14:19:37.207+0000] {logging_mixin.py:190} INFO - [2025-03-12T14:19:37.206+0000] {dagbag.py:588} INFO - Filling up the DagBag from /home/airflow/.local/lib/python3.12/site-packages/airflow/example_dags/example_nested_branch_dag.py
[2025-03-12T14:19:37.217+0000] {processor.py:925} INFO - DAG(s) 'example_nested_branch_dag' retrieved from /home/airflow/.local/lib/python3.12/site-packages/airflow/example_dags/example_nested_branch_dag.py
[2025-03-12T14:19:37.236+0000] {logging_mixin.py:190} INFO - [2025-03-12T14:19:37.236+0000] {dag.py:3239} INFO - Sync 1 DAGs
[2025-03-12T14:19:37.256+0000] {logging_mixin.py:190} INFO - [2025-03-12T14:19:37.255+0000] {dag.py:4180} INFO - Setting next_dagrun for example_nested_branch_dag to 2025-03-11 00:00:00+00:00, run_after=2025-03-12 00:00:00+00:00
[2025-03-12T14:19:37.275+0000] {processor.py:208} INFO - Processing /home/airflow/.local/lib/python3.12/site-packages/airflow/example_dags/example_nested_branch_dag.py took 0.076 seconds
