[2025-03-12T13:44:59.309+0000] {processor.py:186} INFO - Started process (PID=302) to work on /home/airflow/.local/lib/python3.12/site-packages/airflow/example_dags/example_short_circuit_operator.py
[2025-03-12T13:44:59.310+0000] {processor.py:914} INFO - Processing file /home/airflow/.local/lib/python3.12/site-packages/airflow/example_dags/example_short_circuit_operator.py for tasks to queue
[2025-03-12T13:44:59.312+0000] {logging_mixin.py:190} INFO - [2025-03-12T13:44:59.312+0000] {dagbag.py:588} INFO - Filling up the DagBag from /home/airflow/.local/lib/python3.12/site-packages/airflow/example_dags/example_short_circuit_operator.py
[2025-03-12T13:44:59.323+0000] {processor.py:925} INFO - DAG(s) 'example_short_circuit_operator' retrieved from /home/airflow/.local/lib/python3.12/site-packages/airflow/example_dags/example_short_circuit_operator.py
[2025-03-12T13:44:59.461+0000] {logging_mixin.py:190} INFO - [2025-03-12T13:44:59.460+0000] {override.py:1912} INFO - Created Permission View: can edit on DAG:example_short_circuit_operator
[2025-03-12T13:44:59.471+0000] {logging_mixin.py:190} INFO - [2025-03-12T13:44:59.471+0000] {override.py:1912} INFO - Created Permission View: can delete on DAG:example_short_circuit_operator
[2025-03-12T13:44:59.479+0000] {logging_mixin.py:190} INFO - [2025-03-12T13:44:59.479+0000] {override.py:1912} INFO - Created Permission View: can read on DAG:example_short_circuit_operator
[2025-03-12T13:44:59.487+0000] {logging_mixin.py:190} INFO - [2025-03-12T13:44:59.487+0000] {override.py:1912} INFO - Created Permission View: can delete on DAG Run:example_short_circuit_operator
[2025-03-12T13:44:59.494+0000] {logging_mixin.py:190} INFO - [2025-03-12T13:44:59.494+0000] {override.py:1912} INFO - Created Permission View: menu access on DAG Run:example_short_circuit_operator
[2025-03-12T13:44:59.501+0000] {logging_mixin.py:190} INFO - [2025-03-12T13:44:59.500+0000] {override.py:1912} INFO - Created Permission View: can create on DAG Run:example_short_circuit_operator
[2025-03-12T13:44:59.508+0000] {logging_mixin.py:190} INFO - [2025-03-12T13:44:59.507+0000] {override.py:1912} INFO - Created Permission View: can read on DAG Run:example_short_circuit_operator
[2025-03-12T13:44:59.508+0000] {logging_mixin.py:190} INFO - [2025-03-12T13:44:59.508+0000] {dag.py:3239} INFO - Sync 1 DAGs
[2025-03-12T13:44:59.525+0000] {logging_mixin.py:190} INFO - [2025-03-12T13:44:59.524+0000] {dag.py:3262} INFO - Creating ORM DAG for example_short_circuit_operator
[2025-03-12T13:44:59.526+0000] {logging_mixin.py:190} INFO - [2025-03-12T13:44:59.526+0000] {dag.py:4180} INFO - Setting next_dagrun for example_short_circuit_operator to None, run_after=None
[2025-03-12T13:44:59.547+0000] {processor.py:208} INFO - Processing /home/airflow/.local/lib/python3.12/site-packages/airflow/example_dags/example_short_circuit_operator.py took 0.244 seconds
[2025-03-12T13:45:30.216+0000] {processor.py:186} INFO - Started process (PID=597) to work on /home/airflow/.local/lib/python3.12/site-packages/airflow/example_dags/example_short_circuit_operator.py
[2025-03-12T13:45:30.217+0000] {processor.py:914} INFO - Processing file /home/airflow/.local/lib/python3.12/site-packages/airflow/example_dags/example_short_circuit_operator.py for tasks to queue
[2025-03-12T13:45:30.219+0000] {logging_mixin.py:190} INFO - [2025-03-12T13:45:30.218+0000] {dagbag.py:588} INFO - Filling up the DagBag from /home/airflow/.local/lib/python3.12/site-packages/airflow/example_dags/example_short_circuit_operator.py
[2025-03-12T13:45:30.225+0000] {processor.py:925} INFO - DAG(s) 'example_short_circuit_operator' retrieved from /home/airflow/.local/lib/python3.12/site-packages/airflow/example_dags/example_short_circuit_operator.py
[2025-03-12T13:45:30.242+0000] {logging_mixin.py:190} INFO - [2025-03-12T13:45:30.242+0000] {dag.py:3239} INFO - Sync 1 DAGs
[2025-03-12T13:45:30.252+0000] {logging_mixin.py:190} INFO - [2025-03-12T13:45:30.252+0000] {dag.py:4180} INFO - Setting next_dagrun for example_short_circuit_operator to None, run_after=None
[2025-03-12T13:45:30.266+0000] {processor.py:208} INFO - Processing /home/airflow/.local/lib/python3.12/site-packages/airflow/example_dags/example_short_circuit_operator.py took 0.054 seconds
[2025-03-12T13:46:00.932+0000] {processor.py:186} INFO - Started process (PID=903) to work on /home/airflow/.local/lib/python3.12/site-packages/airflow/example_dags/example_short_circuit_operator.py
[2025-03-12T13:46:00.933+0000] {processor.py:914} INFO - Processing file /home/airflow/.local/lib/python3.12/site-packages/airflow/example_dags/example_short_circuit_operator.py for tasks to queue
[2025-03-12T13:46:00.934+0000] {logging_mixin.py:190} INFO - [2025-03-12T13:46:00.934+0000] {dagbag.py:588} INFO - Filling up the DagBag from /home/airflow/.local/lib/python3.12/site-packages/airflow/example_dags/example_short_circuit_operator.py
[2025-03-12T13:46:00.942+0000] {processor.py:925} INFO - DAG(s) 'example_short_circuit_operator' retrieved from /home/airflow/.local/lib/python3.12/site-packages/airflow/example_dags/example_short_circuit_operator.py
[2025-03-12T13:46:00.961+0000] {logging_mixin.py:190} INFO - [2025-03-12T13:46:00.961+0000] {dag.py:3239} INFO - Sync 1 DAGs
[2025-03-12T13:46:00.974+0000] {logging_mixin.py:190} INFO - [2025-03-12T13:46:00.974+0000] {dag.py:4180} INFO - Setting next_dagrun for example_short_circuit_operator to None, run_after=None
[2025-03-12T13:46:00.992+0000] {processor.py:208} INFO - Processing /home/airflow/.local/lib/python3.12/site-packages/airflow/example_dags/example_short_circuit_operator.py took 0.064 seconds
[2025-03-12T13:47:02.813+0000] {processor.py:186} INFO - Started process (PID=289) to work on /home/airflow/.local/lib/python3.12/site-packages/airflow/example_dags/example_short_circuit_operator.py
[2025-03-12T13:47:02.814+0000] {processor.py:914} INFO - Processing file /home/airflow/.local/lib/python3.12/site-packages/airflow/example_dags/example_short_circuit_operator.py for tasks to queue
[2025-03-12T13:47:02.818+0000] {logging_mixin.py:190} INFO - [2025-03-12T13:47:02.817+0000] {dagbag.py:588} INFO - Filling up the DagBag from /home/airflow/.local/lib/python3.12/site-packages/airflow/example_dags/example_short_circuit_operator.py
[2025-03-12T13:47:02.828+0000] {processor.py:925} INFO - DAG(s) 'example_short_circuit_operator' retrieved from /home/airflow/.local/lib/python3.12/site-packages/airflow/example_dags/example_short_circuit_operator.py
[2025-03-12T13:47:02.859+0000] {logging_mixin.py:190} INFO - [2025-03-12T13:47:02.859+0000] {dag.py:3239} INFO - Sync 1 DAGs
[2025-03-12T13:47:02.872+0000] {logging_mixin.py:190} INFO - [2025-03-12T13:47:02.872+0000] {dag.py:4180} INFO - Setting next_dagrun for example_short_circuit_operator to None, run_after=None
[2025-03-12T13:47:02.888+0000] {processor.py:208} INFO - Processing /home/airflow/.local/lib/python3.12/site-packages/airflow/example_dags/example_short_circuit_operator.py took 0.081 seconds
[2025-03-12T13:47:33.902+0000] {processor.py:186} INFO - Started process (PID=589) to work on /home/airflow/.local/lib/python3.12/site-packages/airflow/example_dags/example_short_circuit_operator.py
[2025-03-12T13:47:33.903+0000] {processor.py:914} INFO - Processing file /home/airflow/.local/lib/python3.12/site-packages/airflow/example_dags/example_short_circuit_operator.py for tasks to queue
[2025-03-12T13:47:33.904+0000] {logging_mixin.py:190} INFO - [2025-03-12T13:47:33.904+0000] {dagbag.py:588} INFO - Filling up the DagBag from /home/airflow/.local/lib/python3.12/site-packages/airflow/example_dags/example_short_circuit_operator.py
[2025-03-12T13:47:33.911+0000] {processor.py:925} INFO - DAG(s) 'example_short_circuit_operator' retrieved from /home/airflow/.local/lib/python3.12/site-packages/airflow/example_dags/example_short_circuit_operator.py
[2025-03-12T13:47:33.929+0000] {logging_mixin.py:190} INFO - [2025-03-12T13:47:33.929+0000] {dag.py:3239} INFO - Sync 1 DAGs
[2025-03-12T13:47:33.940+0000] {logging_mixin.py:190} INFO - [2025-03-12T13:47:33.940+0000] {dag.py:4180} INFO - Setting next_dagrun for example_short_circuit_operator to None, run_after=None
[2025-03-12T13:47:33.955+0000] {processor.py:208} INFO - Processing /home/airflow/.local/lib/python3.12/site-packages/airflow/example_dags/example_short_circuit_operator.py took 0.057 seconds
[2025-03-12T13:48:04.627+0000] {processor.py:186} INFO - Started process (PID=895) to work on /home/airflow/.local/lib/python3.12/site-packages/airflow/example_dags/example_short_circuit_operator.py
[2025-03-12T13:48:04.628+0000] {processor.py:914} INFO - Processing file /home/airflow/.local/lib/python3.12/site-packages/airflow/example_dags/example_short_circuit_operator.py for tasks to queue
[2025-03-12T13:48:04.629+0000] {logging_mixin.py:190} INFO - [2025-03-12T13:48:04.629+0000] {dagbag.py:588} INFO - Filling up the DagBag from /home/airflow/.local/lib/python3.12/site-packages/airflow/example_dags/example_short_circuit_operator.py
[2025-03-12T13:48:04.637+0000] {processor.py:925} INFO - DAG(s) 'example_short_circuit_operator' retrieved from /home/airflow/.local/lib/python3.12/site-packages/airflow/example_dags/example_short_circuit_operator.py
[2025-03-12T13:48:04.658+0000] {logging_mixin.py:190} INFO - [2025-03-12T13:48:04.658+0000] {dag.py:3239} INFO - Sync 1 DAGs
[2025-03-12T13:48:04.669+0000] {logging_mixin.py:190} INFO - [2025-03-12T13:48:04.669+0000] {dag.py:4180} INFO - Setting next_dagrun for example_short_circuit_operator to None, run_after=None
[2025-03-12T13:48:04.685+0000] {processor.py:208} INFO - Processing /home/airflow/.local/lib/python3.12/site-packages/airflow/example_dags/example_short_circuit_operator.py took 0.063 seconds
[2025-03-12T13:48:34.775+0000] {processor.py:186} INFO - Started process (PID=1198) to work on /home/airflow/.local/lib/python3.12/site-packages/airflow/example_dags/example_short_circuit_operator.py
[2025-03-12T13:48:34.776+0000] {processor.py:914} INFO - Processing file /home/airflow/.local/lib/python3.12/site-packages/airflow/example_dags/example_short_circuit_operator.py for tasks to queue
[2025-03-12T13:48:34.778+0000] {logging_mixin.py:190} INFO - [2025-03-12T13:48:34.777+0000] {dagbag.py:588} INFO - Filling up the DagBag from /home/airflow/.local/lib/python3.12/site-packages/airflow/example_dags/example_short_circuit_operator.py
[2025-03-12T13:48:34.784+0000] {processor.py:925} INFO - DAG(s) 'example_short_circuit_operator' retrieved from /home/airflow/.local/lib/python3.12/site-packages/airflow/example_dags/example_short_circuit_operator.py
[2025-03-12T13:48:34.802+0000] {logging_mixin.py:190} INFO - [2025-03-12T13:48:34.802+0000] {dag.py:3239} INFO - Sync 1 DAGs
[2025-03-12T13:48:34.813+0000] {logging_mixin.py:190} INFO - [2025-03-12T13:48:34.813+0000] {dag.py:4180} INFO - Setting next_dagrun for example_short_circuit_operator to None, run_after=None
[2025-03-12T13:48:34.827+0000] {processor.py:208} INFO - Processing /home/airflow/.local/lib/python3.12/site-packages/airflow/example_dags/example_short_circuit_operator.py took 0.056 seconds
[2025-03-12T13:49:05.586+0000] {processor.py:186} INFO - Started process (PID=1505) to work on /home/airflow/.local/lib/python3.12/site-packages/airflow/example_dags/example_short_circuit_operator.py
[2025-03-12T13:49:05.587+0000] {processor.py:914} INFO - Processing file /home/airflow/.local/lib/python3.12/site-packages/airflow/example_dags/example_short_circuit_operator.py for tasks to queue
[2025-03-12T13:49:05.589+0000] {logging_mixin.py:190} INFO - [2025-03-12T13:49:05.589+0000] {dagbag.py:588} INFO - Filling up the DagBag from /home/airflow/.local/lib/python3.12/site-packages/airflow/example_dags/example_short_circuit_operator.py
[2025-03-12T13:49:05.595+0000] {processor.py:925} INFO - DAG(s) 'example_short_circuit_operator' retrieved from /home/airflow/.local/lib/python3.12/site-packages/airflow/example_dags/example_short_circuit_operator.py
[2025-03-12T13:49:05.616+0000] {logging_mixin.py:190} INFO - [2025-03-12T13:49:05.616+0000] {dag.py:3239} INFO - Sync 1 DAGs
[2025-03-12T13:49:05.627+0000] {logging_mixin.py:190} INFO - [2025-03-12T13:49:05.627+0000] {dag.py:4180} INFO - Setting next_dagrun for example_short_circuit_operator to None, run_after=None
[2025-03-12T13:49:05.643+0000] {processor.py:208} INFO - Processing /home/airflow/.local/lib/python3.12/site-packages/airflow/example_dags/example_short_circuit_operator.py took 0.061 seconds
[2025-03-12T13:49:36.247+0000] {processor.py:186} INFO - Started process (PID=1809) to work on /home/airflow/.local/lib/python3.12/site-packages/airflow/example_dags/example_short_circuit_operator.py
[2025-03-12T13:49:36.248+0000] {processor.py:914} INFO - Processing file /home/airflow/.local/lib/python3.12/site-packages/airflow/example_dags/example_short_circuit_operator.py for tasks to queue
[2025-03-12T13:49:36.250+0000] {logging_mixin.py:190} INFO - [2025-03-12T13:49:36.250+0000] {dagbag.py:588} INFO - Filling up the DagBag from /home/airflow/.local/lib/python3.12/site-packages/airflow/example_dags/example_short_circuit_operator.py
[2025-03-12T13:49:36.259+0000] {processor.py:925} INFO - DAG(s) 'example_short_circuit_operator' retrieved from /home/airflow/.local/lib/python3.12/site-packages/airflow/example_dags/example_short_circuit_operator.py
[2025-03-12T13:49:36.281+0000] {logging_mixin.py:190} INFO - [2025-03-12T13:49:36.280+0000] {dag.py:3239} INFO - Sync 1 DAGs
[2025-03-12T13:49:36.293+0000] {logging_mixin.py:190} INFO - [2025-03-12T13:49:36.292+0000] {dag.py:4180} INFO - Setting next_dagrun for example_short_circuit_operator to None, run_after=None
[2025-03-12T13:49:36.315+0000] {processor.py:208} INFO - Processing /home/airflow/.local/lib/python3.12/site-packages/airflow/example_dags/example_short_circuit_operator.py took 0.074 seconds
[2025-03-12T13:50:07.333+0000] {processor.py:186} INFO - Started process (PID=2117) to work on /home/airflow/.local/lib/python3.12/site-packages/airflow/example_dags/example_short_circuit_operator.py
[2025-03-12T13:50:07.334+0000] {processor.py:914} INFO - Processing file /home/airflow/.local/lib/python3.12/site-packages/airflow/example_dags/example_short_circuit_operator.py for tasks to queue
[2025-03-12T13:50:07.336+0000] {logging_mixin.py:190} INFO - [2025-03-12T13:50:07.336+0000] {dagbag.py:588} INFO - Filling up the DagBag from /home/airflow/.local/lib/python3.12/site-packages/airflow/example_dags/example_short_circuit_operator.py
[2025-03-12T13:50:07.342+0000] {processor.py:925} INFO - DAG(s) 'example_short_circuit_operator' retrieved from /home/airflow/.local/lib/python3.12/site-packages/airflow/example_dags/example_short_circuit_operator.py
[2025-03-12T13:50:07.361+0000] {logging_mixin.py:190} INFO - [2025-03-12T13:50:07.361+0000] {dag.py:3239} INFO - Sync 1 DAGs
[2025-03-12T13:50:07.371+0000] {logging_mixin.py:190} INFO - [2025-03-12T13:50:07.371+0000] {dag.py:4180} INFO - Setting next_dagrun for example_short_circuit_operator to None, run_after=None
[2025-03-12T13:50:07.385+0000] {processor.py:208} INFO - Processing /home/airflow/.local/lib/python3.12/site-packages/airflow/example_dags/example_short_circuit_operator.py took 0.057 seconds
[2025-03-12T13:50:41.853+0000] {processor.py:186} INFO - Started process (PID=2427) to work on /home/airflow/.local/lib/python3.12/site-packages/airflow/example_dags/example_short_circuit_operator.py
[2025-03-12T13:50:41.854+0000] {processor.py:914} INFO - Processing file /home/airflow/.local/lib/python3.12/site-packages/airflow/example_dags/example_short_circuit_operator.py for tasks to queue
[2025-03-12T13:50:41.858+0000] {logging_mixin.py:190} INFO - [2025-03-12T13:50:41.857+0000] {dagbag.py:588} INFO - Filling up the DagBag from /home/airflow/.local/lib/python3.12/site-packages/airflow/example_dags/example_short_circuit_operator.py
[2025-03-12T13:50:41.873+0000] {processor.py:925} INFO - DAG(s) 'example_short_circuit_operator' retrieved from /home/airflow/.local/lib/python3.12/site-packages/airflow/example_dags/example_short_circuit_operator.py
[2025-03-12T13:50:41.903+0000] {logging_mixin.py:190} INFO - [2025-03-12T13:50:41.902+0000] {dag.py:3239} INFO - Sync 1 DAGs
[2025-03-12T13:50:41.925+0000] {logging_mixin.py:190} INFO - [2025-03-12T13:50:41.924+0000] {dag.py:4180} INFO - Setting next_dagrun for example_short_circuit_operator to None, run_after=None
[2025-03-12T13:50:41.948+0000] {processor.py:208} INFO - Processing /home/airflow/.local/lib/python3.12/site-packages/airflow/example_dags/example_short_circuit_operator.py took 0.104 seconds
[2025-03-12T13:51:14.513+0000] {processor.py:186} INFO - Started process (PID=2733) to work on /home/airflow/.local/lib/python3.12/site-packages/airflow/example_dags/example_short_circuit_operator.py
[2025-03-12T13:51:14.514+0000] {processor.py:914} INFO - Processing file /home/airflow/.local/lib/python3.12/site-packages/airflow/example_dags/example_short_circuit_operator.py for tasks to queue
[2025-03-12T13:51:14.515+0000] {logging_mixin.py:190} INFO - [2025-03-12T13:51:14.515+0000] {dagbag.py:588} INFO - Filling up the DagBag from /home/airflow/.local/lib/python3.12/site-packages/airflow/example_dags/example_short_circuit_operator.py
[2025-03-12T13:51:14.522+0000] {processor.py:925} INFO - DAG(s) 'example_short_circuit_operator' retrieved from /home/airflow/.local/lib/python3.12/site-packages/airflow/example_dags/example_short_circuit_operator.py
[2025-03-12T13:51:14.539+0000] {logging_mixin.py:190} INFO - [2025-03-12T13:51:14.539+0000] {dag.py:3239} INFO - Sync 1 DAGs
[2025-03-12T13:51:14.549+0000] {logging_mixin.py:190} INFO - [2025-03-12T13:51:14.549+0000] {dag.py:4180} INFO - Setting next_dagrun for example_short_circuit_operator to None, run_after=None
[2025-03-12T13:51:14.566+0000] {processor.py:208} INFO - Processing /home/airflow/.local/lib/python3.12/site-packages/airflow/example_dags/example_short_circuit_operator.py took 0.057 seconds
[2025-03-12T13:51:47.502+0000] {processor.py:186} INFO - Started process (PID=3039) to work on /home/airflow/.local/lib/python3.12/site-packages/airflow/example_dags/example_short_circuit_operator.py
[2025-03-12T13:51:47.503+0000] {processor.py:914} INFO - Processing file /home/airflow/.local/lib/python3.12/site-packages/airflow/example_dags/example_short_circuit_operator.py for tasks to queue
[2025-03-12T13:51:47.506+0000] {logging_mixin.py:190} INFO - [2025-03-12T13:51:47.505+0000] {dagbag.py:588} INFO - Filling up the DagBag from /home/airflow/.local/lib/python3.12/site-packages/airflow/example_dags/example_short_circuit_operator.py
[2025-03-12T13:51:47.512+0000] {processor.py:925} INFO - DAG(s) 'example_short_circuit_operator' retrieved from /home/airflow/.local/lib/python3.12/site-packages/airflow/example_dags/example_short_circuit_operator.py
[2025-03-12T13:51:47.531+0000] {logging_mixin.py:190} INFO - [2025-03-12T13:51:47.530+0000] {dag.py:3239} INFO - Sync 1 DAGs
[2025-03-12T13:51:47.543+0000] {logging_mixin.py:190} INFO - [2025-03-12T13:51:47.543+0000] {dag.py:4180} INFO - Setting next_dagrun for example_short_circuit_operator to None, run_after=None
[2025-03-12T13:51:47.561+0000] {processor.py:208} INFO - Processing /home/airflow/.local/lib/python3.12/site-packages/airflow/example_dags/example_short_circuit_operator.py took 0.064 seconds
[2025-03-12T13:52:21.083+0000] {processor.py:186} INFO - Started process (PID=3345) to work on /home/airflow/.local/lib/python3.12/site-packages/airflow/example_dags/example_short_circuit_operator.py
[2025-03-12T13:52:21.084+0000] {processor.py:914} INFO - Processing file /home/airflow/.local/lib/python3.12/site-packages/airflow/example_dags/example_short_circuit_operator.py for tasks to queue
[2025-03-12T13:52:21.085+0000] {logging_mixin.py:190} INFO - [2025-03-12T13:52:21.085+0000] {dagbag.py:588} INFO - Filling up the DagBag from /home/airflow/.local/lib/python3.12/site-packages/airflow/example_dags/example_short_circuit_operator.py
[2025-03-12T13:52:21.091+0000] {processor.py:925} INFO - DAG(s) 'example_short_circuit_operator' retrieved from /home/airflow/.local/lib/python3.12/site-packages/airflow/example_dags/example_short_circuit_operator.py
[2025-03-12T13:52:21.109+0000] {logging_mixin.py:190} INFO - [2025-03-12T13:52:21.109+0000] {dag.py:3239} INFO - Sync 1 DAGs
[2025-03-12T13:52:21.121+0000] {logging_mixin.py:190} INFO - [2025-03-12T13:52:21.120+0000] {dag.py:4180} INFO - Setting next_dagrun for example_short_circuit_operator to None, run_after=None
[2025-03-12T13:52:21.135+0000] {processor.py:208} INFO - Processing /home/airflow/.local/lib/python3.12/site-packages/airflow/example_dags/example_short_circuit_operator.py took 0.056 seconds
[2025-03-12T13:52:55.634+0000] {processor.py:186} INFO - Started process (PID=3651) to work on /home/airflow/.local/lib/python3.12/site-packages/airflow/example_dags/example_short_circuit_operator.py
[2025-03-12T13:52:55.635+0000] {processor.py:914} INFO - Processing file /home/airflow/.local/lib/python3.12/site-packages/airflow/example_dags/example_short_circuit_operator.py for tasks to queue
[2025-03-12T13:52:55.638+0000] {logging_mixin.py:190} INFO - [2025-03-12T13:52:55.638+0000] {dagbag.py:588} INFO - Filling up the DagBag from /home/airflow/.local/lib/python3.12/site-packages/airflow/example_dags/example_short_circuit_operator.py
[2025-03-12T13:52:55.650+0000] {processor.py:925} INFO - DAG(s) 'example_short_circuit_operator' retrieved from /home/airflow/.local/lib/python3.12/site-packages/airflow/example_dags/example_short_circuit_operator.py
[2025-03-12T13:52:55.683+0000] {logging_mixin.py:190} INFO - [2025-03-12T13:52:55.682+0000] {dag.py:3239} INFO - Sync 1 DAGs
[2025-03-12T13:52:55.702+0000] {logging_mixin.py:190} INFO - [2025-03-12T13:52:55.702+0000] {dag.py:4180} INFO - Setting next_dagrun for example_short_circuit_operator to None, run_after=None
[2025-03-12T13:52:55.728+0000] {processor.py:208} INFO - Processing /home/airflow/.local/lib/python3.12/site-packages/airflow/example_dags/example_short_circuit_operator.py took 0.103 seconds
[2025-03-12T13:53:27.930+0000] {processor.py:186} INFO - Started process (PID=3957) to work on /home/airflow/.local/lib/python3.12/site-packages/airflow/example_dags/example_short_circuit_operator.py
[2025-03-12T13:53:27.932+0000] {processor.py:914} INFO - Processing file /home/airflow/.local/lib/python3.12/site-packages/airflow/example_dags/example_short_circuit_operator.py for tasks to queue
[2025-03-12T13:53:27.938+0000] {logging_mixin.py:190} INFO - [2025-03-12T13:53:27.937+0000] {dagbag.py:588} INFO - Filling up the DagBag from /home/airflow/.local/lib/python3.12/site-packages/airflow/example_dags/example_short_circuit_operator.py
[2025-03-12T13:53:27.965+0000] {processor.py:925} INFO - DAG(s) 'example_short_circuit_operator' retrieved from /home/airflow/.local/lib/python3.12/site-packages/airflow/example_dags/example_short_circuit_operator.py
[2025-03-12T13:53:28.009+0000] {logging_mixin.py:190} INFO - [2025-03-12T13:53:28.009+0000] {dag.py:3239} INFO - Sync 1 DAGs
[2025-03-12T13:53:28.051+0000] {logging_mixin.py:190} INFO - [2025-03-12T13:53:28.050+0000] {dag.py:4180} INFO - Setting next_dagrun for example_short_circuit_operator to None, run_after=None
[2025-03-12T13:53:28.078+0000] {processor.py:208} INFO - Processing /home/airflow/.local/lib/python3.12/site-packages/airflow/example_dags/example_short_circuit_operator.py took 0.159 seconds
[2025-03-12T13:54:01.115+0000] {processor.py:186} INFO - Started process (PID=4263) to work on /home/airflow/.local/lib/python3.12/site-packages/airflow/example_dags/example_short_circuit_operator.py
[2025-03-12T13:54:01.116+0000] {processor.py:914} INFO - Processing file /home/airflow/.local/lib/python3.12/site-packages/airflow/example_dags/example_short_circuit_operator.py for tasks to queue
[2025-03-12T13:54:01.119+0000] {logging_mixin.py:190} INFO - [2025-03-12T13:54:01.119+0000] {dagbag.py:588} INFO - Filling up the DagBag from /home/airflow/.local/lib/python3.12/site-packages/airflow/example_dags/example_short_circuit_operator.py
[2025-03-12T13:54:01.128+0000] {processor.py:925} INFO - DAG(s) 'example_short_circuit_operator' retrieved from /home/airflow/.local/lib/python3.12/site-packages/airflow/example_dags/example_short_circuit_operator.py
[2025-03-12T13:54:01.157+0000] {logging_mixin.py:190} INFO - [2025-03-12T13:54:01.156+0000] {dag.py:3239} INFO - Sync 1 DAGs
[2025-03-12T13:54:01.174+0000] {logging_mixin.py:190} INFO - [2025-03-12T13:54:01.174+0000] {dag.py:4180} INFO - Setting next_dagrun for example_short_circuit_operator to None, run_after=None
[2025-03-12T13:54:01.195+0000] {processor.py:208} INFO - Processing /home/airflow/.local/lib/python3.12/site-packages/airflow/example_dags/example_short_circuit_operator.py took 0.088 seconds
[2025-03-12T13:54:34.756+0000] {processor.py:186} INFO - Started process (PID=4569) to work on /home/airflow/.local/lib/python3.12/site-packages/airflow/example_dags/example_short_circuit_operator.py
[2025-03-12T13:54:34.757+0000] {processor.py:914} INFO - Processing file /home/airflow/.local/lib/python3.12/site-packages/airflow/example_dags/example_short_circuit_operator.py for tasks to queue
[2025-03-12T13:54:34.760+0000] {logging_mixin.py:190} INFO - [2025-03-12T13:54:34.760+0000] {dagbag.py:588} INFO - Filling up the DagBag from /home/airflow/.local/lib/python3.12/site-packages/airflow/example_dags/example_short_circuit_operator.py
[2025-03-12T13:54:34.772+0000] {processor.py:925} INFO - DAG(s) 'example_short_circuit_operator' retrieved from /home/airflow/.local/lib/python3.12/site-packages/airflow/example_dags/example_short_circuit_operator.py
[2025-03-12T13:54:34.803+0000] {logging_mixin.py:190} INFO - [2025-03-12T13:54:34.802+0000] {dag.py:3239} INFO - Sync 1 DAGs
[2025-03-12T13:54:34.820+0000] {logging_mixin.py:190} INFO - [2025-03-12T13:54:34.819+0000] {dag.py:4180} INFO - Setting next_dagrun for example_short_circuit_operator to None, run_after=None
[2025-03-12T13:54:34.840+0000] {processor.py:208} INFO - Processing /home/airflow/.local/lib/python3.12/site-packages/airflow/example_dags/example_short_circuit_operator.py took 0.090 seconds
[2025-03-12T13:55:08.432+0000] {processor.py:186} INFO - Started process (PID=4877) to work on /home/airflow/.local/lib/python3.12/site-packages/airflow/example_dags/example_short_circuit_operator.py
[2025-03-12T13:55:08.433+0000] {processor.py:914} INFO - Processing file /home/airflow/.local/lib/python3.12/site-packages/airflow/example_dags/example_short_circuit_operator.py for tasks to queue
[2025-03-12T13:55:08.435+0000] {logging_mixin.py:190} INFO - [2025-03-12T13:55:08.434+0000] {dagbag.py:588} INFO - Filling up the DagBag from /home/airflow/.local/lib/python3.12/site-packages/airflow/example_dags/example_short_circuit_operator.py
[2025-03-12T13:55:08.441+0000] {processor.py:925} INFO - DAG(s) 'example_short_circuit_operator' retrieved from /home/airflow/.local/lib/python3.12/site-packages/airflow/example_dags/example_short_circuit_operator.py
[2025-03-12T13:55:08.459+0000] {logging_mixin.py:190} INFO - [2025-03-12T13:55:08.459+0000] {dag.py:3239} INFO - Sync 1 DAGs
[2025-03-12T13:55:08.469+0000] {logging_mixin.py:190} INFO - [2025-03-12T13:55:08.469+0000] {dag.py:4180} INFO - Setting next_dagrun for example_short_circuit_operator to None, run_after=None
[2025-03-12T13:55:08.484+0000] {processor.py:208} INFO - Processing /home/airflow/.local/lib/python3.12/site-packages/airflow/example_dags/example_short_circuit_operator.py took 0.057 seconds
[2025-03-12T13:55:40.803+0000] {processor.py:186} INFO - Started process (PID=5183) to work on /home/airflow/.local/lib/python3.12/site-packages/airflow/example_dags/example_short_circuit_operator.py
[2025-03-12T13:55:40.803+0000] {processor.py:914} INFO - Processing file /home/airflow/.local/lib/python3.12/site-packages/airflow/example_dags/example_short_circuit_operator.py for tasks to queue
[2025-03-12T13:55:40.805+0000] {logging_mixin.py:190} INFO - [2025-03-12T13:55:40.805+0000] {dagbag.py:588} INFO - Filling up the DagBag from /home/airflow/.local/lib/python3.12/site-packages/airflow/example_dags/example_short_circuit_operator.py
[2025-03-12T13:55:40.812+0000] {processor.py:925} INFO - DAG(s) 'example_short_circuit_operator' retrieved from /home/airflow/.local/lib/python3.12/site-packages/airflow/example_dags/example_short_circuit_operator.py
[2025-03-12T13:55:40.830+0000] {logging_mixin.py:190} INFO - [2025-03-12T13:55:40.830+0000] {dag.py:3239} INFO - Sync 1 DAGs
[2025-03-12T13:55:40.841+0000] {logging_mixin.py:190} INFO - [2025-03-12T13:55:40.840+0000] {dag.py:4180} INFO - Setting next_dagrun for example_short_circuit_operator to None, run_after=None
[2025-03-12T13:55:40.856+0000] {processor.py:208} INFO - Processing /home/airflow/.local/lib/python3.12/site-packages/airflow/example_dags/example_short_circuit_operator.py took 0.057 seconds
[2025-03-12T13:56:14.670+0000] {processor.py:186} INFO - Started process (PID=5487) to work on /home/airflow/.local/lib/python3.12/site-packages/airflow/example_dags/example_short_circuit_operator.py
[2025-03-12T13:56:14.671+0000] {processor.py:914} INFO - Processing file /home/airflow/.local/lib/python3.12/site-packages/airflow/example_dags/example_short_circuit_operator.py for tasks to queue
[2025-03-12T13:56:14.674+0000] {logging_mixin.py:190} INFO - [2025-03-12T13:56:14.673+0000] {dagbag.py:588} INFO - Filling up the DagBag from /home/airflow/.local/lib/python3.12/site-packages/airflow/example_dags/example_short_circuit_operator.py
[2025-03-12T13:56:14.681+0000] {processor.py:925} INFO - DAG(s) 'example_short_circuit_operator' retrieved from /home/airflow/.local/lib/python3.12/site-packages/airflow/example_dags/example_short_circuit_operator.py
[2025-03-12T13:56:14.705+0000] {logging_mixin.py:190} INFO - [2025-03-12T13:56:14.705+0000] {dag.py:3239} INFO - Sync 1 DAGs
[2025-03-12T13:56:14.719+0000] {logging_mixin.py:190} INFO - [2025-03-12T13:56:14.718+0000] {dag.py:4180} INFO - Setting next_dagrun for example_short_circuit_operator to None, run_after=None
[2025-03-12T13:56:14.737+0000] {processor.py:208} INFO - Processing /home/airflow/.local/lib/python3.12/site-packages/airflow/example_dags/example_short_circuit_operator.py took 0.073 seconds
[2025-03-12T13:56:47.795+0000] {processor.py:186} INFO - Started process (PID=5793) to work on /home/airflow/.local/lib/python3.12/site-packages/airflow/example_dags/example_short_circuit_operator.py
[2025-03-12T13:56:47.796+0000] {processor.py:914} INFO - Processing file /home/airflow/.local/lib/python3.12/site-packages/airflow/example_dags/example_short_circuit_operator.py for tasks to queue
[2025-03-12T13:56:47.797+0000] {logging_mixin.py:190} INFO - [2025-03-12T13:56:47.797+0000] {dagbag.py:588} INFO - Filling up the DagBag from /home/airflow/.local/lib/python3.12/site-packages/airflow/example_dags/example_short_circuit_operator.py
[2025-03-12T13:56:47.803+0000] {processor.py:925} INFO - DAG(s) 'example_short_circuit_operator' retrieved from /home/airflow/.local/lib/python3.12/site-packages/airflow/example_dags/example_short_circuit_operator.py
[2025-03-12T13:56:47.821+0000] {logging_mixin.py:190} INFO - [2025-03-12T13:56:47.821+0000] {dag.py:3239} INFO - Sync 1 DAGs
[2025-03-12T13:56:47.831+0000] {logging_mixin.py:190} INFO - [2025-03-12T13:56:47.831+0000] {dag.py:4180} INFO - Setting next_dagrun for example_short_circuit_operator to None, run_after=None
[2025-03-12T13:56:47.847+0000] {processor.py:208} INFO - Processing /home/airflow/.local/lib/python3.12/site-packages/airflow/example_dags/example_short_circuit_operator.py took 0.057 seconds
[2025-03-12T13:57:21.234+0000] {processor.py:186} INFO - Started process (PID=6099) to work on /home/airflow/.local/lib/python3.12/site-packages/airflow/example_dags/example_short_circuit_operator.py
[2025-03-12T13:57:21.235+0000] {processor.py:914} INFO - Processing file /home/airflow/.local/lib/python3.12/site-packages/airflow/example_dags/example_short_circuit_operator.py for tasks to queue
[2025-03-12T13:57:21.237+0000] {logging_mixin.py:190} INFO - [2025-03-12T13:57:21.236+0000] {dagbag.py:588} INFO - Filling up the DagBag from /home/airflow/.local/lib/python3.12/site-packages/airflow/example_dags/example_short_circuit_operator.py
[2025-03-12T13:57:21.243+0000] {processor.py:925} INFO - DAG(s) 'example_short_circuit_operator' retrieved from /home/airflow/.local/lib/python3.12/site-packages/airflow/example_dags/example_short_circuit_operator.py
[2025-03-12T13:57:21.260+0000] {logging_mixin.py:190} INFO - [2025-03-12T13:57:21.260+0000] {dag.py:3239} INFO - Sync 1 DAGs
[2025-03-12T13:57:21.272+0000] {logging_mixin.py:190} INFO - [2025-03-12T13:57:21.272+0000] {dag.py:4180} INFO - Setting next_dagrun for example_short_circuit_operator to None, run_after=None
[2025-03-12T13:57:21.287+0000] {processor.py:208} INFO - Processing /home/airflow/.local/lib/python3.12/site-packages/airflow/example_dags/example_short_circuit_operator.py took 0.057 seconds
[2025-03-12T13:57:55.072+0000] {processor.py:186} INFO - Started process (PID=6407) to work on /home/airflow/.local/lib/python3.12/site-packages/airflow/example_dags/example_short_circuit_operator.py
[2025-03-12T13:57:55.073+0000] {processor.py:914} INFO - Processing file /home/airflow/.local/lib/python3.12/site-packages/airflow/example_dags/example_short_circuit_operator.py for tasks to queue
[2025-03-12T13:57:55.074+0000] {logging_mixin.py:190} INFO - [2025-03-12T13:57:55.074+0000] {dagbag.py:588} INFO - Filling up the DagBag from /home/airflow/.local/lib/python3.12/site-packages/airflow/example_dags/example_short_circuit_operator.py
[2025-03-12T13:57:55.081+0000] {processor.py:925} INFO - DAG(s) 'example_short_circuit_operator' retrieved from /home/airflow/.local/lib/python3.12/site-packages/airflow/example_dags/example_short_circuit_operator.py
[2025-03-12T13:57:55.101+0000] {logging_mixin.py:190} INFO - [2025-03-12T13:57:55.100+0000] {dag.py:3239} INFO - Sync 1 DAGs
[2025-03-12T13:57:55.112+0000] {logging_mixin.py:190} INFO - [2025-03-12T13:57:55.112+0000] {dag.py:4180} INFO - Setting next_dagrun for example_short_circuit_operator to None, run_after=None
[2025-03-12T13:57:55.128+0000] {processor.py:208} INFO - Processing /home/airflow/.local/lib/python3.12/site-packages/airflow/example_dags/example_short_circuit_operator.py took 0.060 seconds
[2025-03-12T13:58:27.975+0000] {processor.py:186} INFO - Started process (PID=6711) to work on /home/airflow/.local/lib/python3.12/site-packages/airflow/example_dags/example_short_circuit_operator.py
[2025-03-12T13:58:27.976+0000] {processor.py:914} INFO - Processing file /home/airflow/.local/lib/python3.12/site-packages/airflow/example_dags/example_short_circuit_operator.py for tasks to queue
[2025-03-12T13:58:27.978+0000] {logging_mixin.py:190} INFO - [2025-03-12T13:58:27.977+0000] {dagbag.py:588} INFO - Filling up the DagBag from /home/airflow/.local/lib/python3.12/site-packages/airflow/example_dags/example_short_circuit_operator.py
[2025-03-12T13:58:27.984+0000] {processor.py:925} INFO - DAG(s) 'example_short_circuit_operator' retrieved from /home/airflow/.local/lib/python3.12/site-packages/airflow/example_dags/example_short_circuit_operator.py
[2025-03-12T13:58:28.002+0000] {logging_mixin.py:190} INFO - [2025-03-12T13:58:28.002+0000] {dag.py:3239} INFO - Sync 1 DAGs
[2025-03-12T13:58:28.013+0000] {logging_mixin.py:190} INFO - [2025-03-12T13:58:28.013+0000] {dag.py:4180} INFO - Setting next_dagrun for example_short_circuit_operator to None, run_after=None
[2025-03-12T13:58:28.032+0000] {processor.py:208} INFO - Processing /home/airflow/.local/lib/python3.12/site-packages/airflow/example_dags/example_short_circuit_operator.py took 0.061 seconds
[2025-03-12T13:59:01.495+0000] {processor.py:186} INFO - Started process (PID=7017) to work on /home/airflow/.local/lib/python3.12/site-packages/airflow/example_dags/example_short_circuit_operator.py
[2025-03-12T13:59:01.496+0000] {processor.py:914} INFO - Processing file /home/airflow/.local/lib/python3.12/site-packages/airflow/example_dags/example_short_circuit_operator.py for tasks to queue
[2025-03-12T13:59:01.498+0000] {logging_mixin.py:190} INFO - [2025-03-12T13:59:01.498+0000] {dagbag.py:588} INFO - Filling up the DagBag from /home/airflow/.local/lib/python3.12/site-packages/airflow/example_dags/example_short_circuit_operator.py
[2025-03-12T13:59:01.506+0000] {processor.py:925} INFO - DAG(s) 'example_short_circuit_operator' retrieved from /home/airflow/.local/lib/python3.12/site-packages/airflow/example_dags/example_short_circuit_operator.py
[2025-03-12T13:59:01.527+0000] {logging_mixin.py:190} INFO - [2025-03-12T13:59:01.527+0000] {dag.py:3239} INFO - Sync 1 DAGs
[2025-03-12T13:59:01.540+0000] {logging_mixin.py:190} INFO - [2025-03-12T13:59:01.540+0000] {dag.py:4180} INFO - Setting next_dagrun for example_short_circuit_operator to None, run_after=None
[2025-03-12T13:59:01.558+0000] {processor.py:208} INFO - Processing /home/airflow/.local/lib/python3.12/site-packages/airflow/example_dags/example_short_circuit_operator.py took 0.068 seconds
[2025-03-12T13:59:34.331+0000] {processor.py:186} INFO - Started process (PID=7323) to work on /home/airflow/.local/lib/python3.12/site-packages/airflow/example_dags/example_short_circuit_operator.py
[2025-03-12T13:59:34.332+0000] {processor.py:914} INFO - Processing file /home/airflow/.local/lib/python3.12/site-packages/airflow/example_dags/example_short_circuit_operator.py for tasks to queue
[2025-03-12T13:59:34.335+0000] {logging_mixin.py:190} INFO - [2025-03-12T13:59:34.335+0000] {dagbag.py:588} INFO - Filling up the DagBag from /home/airflow/.local/lib/python3.12/site-packages/airflow/example_dags/example_short_circuit_operator.py
[2025-03-12T13:59:34.341+0000] {processor.py:925} INFO - DAG(s) 'example_short_circuit_operator' retrieved from /home/airflow/.local/lib/python3.12/site-packages/airflow/example_dags/example_short_circuit_operator.py
[2025-03-12T13:59:34.360+0000] {logging_mixin.py:190} INFO - [2025-03-12T13:59:34.360+0000] {dag.py:3239} INFO - Sync 1 DAGs
[2025-03-12T13:59:34.371+0000] {logging_mixin.py:190} INFO - [2025-03-12T13:59:34.371+0000] {dag.py:4180} INFO - Setting next_dagrun for example_short_circuit_operator to None, run_after=None
[2025-03-12T13:59:34.386+0000] {processor.py:208} INFO - Processing /home/airflow/.local/lib/python3.12/site-packages/airflow/example_dags/example_short_circuit_operator.py took 0.059 seconds
[2025-03-12T14:00:08.149+0000] {processor.py:186} INFO - Started process (PID=7629) to work on /home/airflow/.local/lib/python3.12/site-packages/airflow/example_dags/example_short_circuit_operator.py
[2025-03-12T14:00:08.150+0000] {processor.py:914} INFO - Processing file /home/airflow/.local/lib/python3.12/site-packages/airflow/example_dags/example_short_circuit_operator.py for tasks to queue
[2025-03-12T14:00:08.152+0000] {logging_mixin.py:190} INFO - [2025-03-12T14:00:08.152+0000] {dagbag.py:588} INFO - Filling up the DagBag from /home/airflow/.local/lib/python3.12/site-packages/airflow/example_dags/example_short_circuit_operator.py
[2025-03-12T14:00:08.158+0000] {processor.py:925} INFO - DAG(s) 'example_short_circuit_operator' retrieved from /home/airflow/.local/lib/python3.12/site-packages/airflow/example_dags/example_short_circuit_operator.py
[2025-03-12T14:00:08.176+0000] {logging_mixin.py:190} INFO - [2025-03-12T14:00:08.176+0000] {dag.py:3239} INFO - Sync 1 DAGs
[2025-03-12T14:00:08.187+0000] {logging_mixin.py:190} INFO - [2025-03-12T14:00:08.187+0000] {dag.py:4180} INFO - Setting next_dagrun for example_short_circuit_operator to None, run_after=None
[2025-03-12T14:00:08.202+0000] {processor.py:208} INFO - Processing /home/airflow/.local/lib/python3.12/site-packages/airflow/example_dags/example_short_circuit_operator.py took 0.057 seconds
[2025-03-12T14:00:40.951+0000] {processor.py:186} INFO - Started process (PID=7935) to work on /home/airflow/.local/lib/python3.12/site-packages/airflow/example_dags/example_short_circuit_operator.py
[2025-03-12T14:00:40.952+0000] {processor.py:914} INFO - Processing file /home/airflow/.local/lib/python3.12/site-packages/airflow/example_dags/example_short_circuit_operator.py for tasks to queue
[2025-03-12T14:00:40.954+0000] {logging_mixin.py:190} INFO - [2025-03-12T14:00:40.954+0000] {dagbag.py:588} INFO - Filling up the DagBag from /home/airflow/.local/lib/python3.12/site-packages/airflow/example_dags/example_short_circuit_operator.py
[2025-03-12T14:00:40.961+0000] {processor.py:925} INFO - DAG(s) 'example_short_circuit_operator' retrieved from /home/airflow/.local/lib/python3.12/site-packages/airflow/example_dags/example_short_circuit_operator.py
[2025-03-12T14:00:40.978+0000] {logging_mixin.py:190} INFO - [2025-03-12T14:00:40.978+0000] {dag.py:3239} INFO - Sync 1 DAGs
[2025-03-12T14:00:40.988+0000] {logging_mixin.py:190} INFO - [2025-03-12T14:00:40.988+0000] {dag.py:4180} INFO - Setting next_dagrun for example_short_circuit_operator to None, run_after=None
[2025-03-12T14:00:41.003+0000] {processor.py:208} INFO - Processing /home/airflow/.local/lib/python3.12/site-packages/airflow/example_dags/example_short_circuit_operator.py took 0.055 seconds
[2025-03-12T14:01:14.483+0000] {processor.py:186} INFO - Started process (PID=8241) to work on /home/airflow/.local/lib/python3.12/site-packages/airflow/example_dags/example_short_circuit_operator.py
[2025-03-12T14:01:14.484+0000] {processor.py:914} INFO - Processing file /home/airflow/.local/lib/python3.12/site-packages/airflow/example_dags/example_short_circuit_operator.py for tasks to queue
[2025-03-12T14:01:14.486+0000] {logging_mixin.py:190} INFO - [2025-03-12T14:01:14.485+0000] {dagbag.py:588} INFO - Filling up the DagBag from /home/airflow/.local/lib/python3.12/site-packages/airflow/example_dags/example_short_circuit_operator.py
[2025-03-12T14:01:14.493+0000] {processor.py:925} INFO - DAG(s) 'example_short_circuit_operator' retrieved from /home/airflow/.local/lib/python3.12/site-packages/airflow/example_dags/example_short_circuit_operator.py
[2025-03-12T14:01:14.512+0000] {logging_mixin.py:190} INFO - [2025-03-12T14:01:14.511+0000] {dag.py:3239} INFO - Sync 1 DAGs
[2025-03-12T14:01:14.524+0000] {logging_mixin.py:190} INFO - [2025-03-12T14:01:14.524+0000] {dag.py:4180} INFO - Setting next_dagrun for example_short_circuit_operator to None, run_after=None
[2025-03-12T14:01:14.542+0000] {processor.py:208} INFO - Processing /home/airflow/.local/lib/python3.12/site-packages/airflow/example_dags/example_short_circuit_operator.py took 0.063 seconds
[2025-03-12T14:01:47.474+0000] {processor.py:186} INFO - Started process (PID=8548) to work on /home/airflow/.local/lib/python3.12/site-packages/airflow/example_dags/example_short_circuit_operator.py
[2025-03-12T14:01:47.475+0000] {processor.py:914} INFO - Processing file /home/airflow/.local/lib/python3.12/site-packages/airflow/example_dags/example_short_circuit_operator.py for tasks to queue
[2025-03-12T14:01:47.478+0000] {logging_mixin.py:190} INFO - [2025-03-12T14:01:47.477+0000] {dagbag.py:588} INFO - Filling up the DagBag from /home/airflow/.local/lib/python3.12/site-packages/airflow/example_dags/example_short_circuit_operator.py
[2025-03-12T14:01:47.486+0000] {processor.py:925} INFO - DAG(s) 'example_short_circuit_operator' retrieved from /home/airflow/.local/lib/python3.12/site-packages/airflow/example_dags/example_short_circuit_operator.py
[2025-03-12T14:01:47.509+0000] {logging_mixin.py:190} INFO - [2025-03-12T14:01:47.509+0000] {dag.py:3239} INFO - Sync 1 DAGs
[2025-03-12T14:01:47.522+0000] {logging_mixin.py:190} INFO - [2025-03-12T14:01:47.522+0000] {dag.py:4180} INFO - Setting next_dagrun for example_short_circuit_operator to None, run_after=None
[2025-03-12T14:01:47.540+0000] {processor.py:208} INFO - Processing /home/airflow/.local/lib/python3.12/site-packages/airflow/example_dags/example_short_circuit_operator.py took 0.071 seconds
[2025-03-12T14:02:21.372+0000] {processor.py:186} INFO - Started process (PID=8854) to work on /home/airflow/.local/lib/python3.12/site-packages/airflow/example_dags/example_short_circuit_operator.py
[2025-03-12T14:02:21.372+0000] {processor.py:914} INFO - Processing file /home/airflow/.local/lib/python3.12/site-packages/airflow/example_dags/example_short_circuit_operator.py for tasks to queue
[2025-03-12T14:02:21.374+0000] {logging_mixin.py:190} INFO - [2025-03-12T14:02:21.374+0000] {dagbag.py:588} INFO - Filling up the DagBag from /home/airflow/.local/lib/python3.12/site-packages/airflow/example_dags/example_short_circuit_operator.py
[2025-03-12T14:02:21.380+0000] {processor.py:925} INFO - DAG(s) 'example_short_circuit_operator' retrieved from /home/airflow/.local/lib/python3.12/site-packages/airflow/example_dags/example_short_circuit_operator.py
[2025-03-12T14:02:21.397+0000] {logging_mixin.py:190} INFO - [2025-03-12T14:02:21.397+0000] {dag.py:3239} INFO - Sync 1 DAGs
[2025-03-12T14:02:21.408+0000] {logging_mixin.py:190} INFO - [2025-03-12T14:02:21.407+0000] {dag.py:4180} INFO - Setting next_dagrun for example_short_circuit_operator to None, run_after=None
[2025-03-12T14:02:21.421+0000] {processor.py:208} INFO - Processing /home/airflow/.local/lib/python3.12/site-packages/airflow/example_dags/example_short_circuit_operator.py took 0.054 seconds
[2025-03-12T14:02:54.676+0000] {processor.py:186} INFO - Started process (PID=9162) to work on /home/airflow/.local/lib/python3.12/site-packages/airflow/example_dags/example_short_circuit_operator.py
[2025-03-12T14:02:54.677+0000] {processor.py:914} INFO - Processing file /home/airflow/.local/lib/python3.12/site-packages/airflow/example_dags/example_short_circuit_operator.py for tasks to queue
[2025-03-12T14:02:54.678+0000] {logging_mixin.py:190} INFO - [2025-03-12T14:02:54.678+0000] {dagbag.py:588} INFO - Filling up the DagBag from /home/airflow/.local/lib/python3.12/site-packages/airflow/example_dags/example_short_circuit_operator.py
[2025-03-12T14:02:54.684+0000] {processor.py:925} INFO - DAG(s) 'example_short_circuit_operator' retrieved from /home/airflow/.local/lib/python3.12/site-packages/airflow/example_dags/example_short_circuit_operator.py
[2025-03-12T14:02:54.706+0000] {logging_mixin.py:190} INFO - [2025-03-12T14:02:54.706+0000] {dag.py:3239} INFO - Sync 1 DAGs
[2025-03-12T14:02:54.719+0000] {logging_mixin.py:190} INFO - [2025-03-12T14:02:54.719+0000] {dag.py:4180} INFO - Setting next_dagrun for example_short_circuit_operator to None, run_after=None
[2025-03-12T14:02:54.734+0000] {processor.py:208} INFO - Processing /home/airflow/.local/lib/python3.12/site-packages/airflow/example_dags/example_short_circuit_operator.py took 0.063 seconds
[2025-03-12T14:03:27.631+0000] {processor.py:186} INFO - Started process (PID=9466) to work on /home/airflow/.local/lib/python3.12/site-packages/airflow/example_dags/example_short_circuit_operator.py
[2025-03-12T14:03:27.633+0000] {processor.py:914} INFO - Processing file /home/airflow/.local/lib/python3.12/site-packages/airflow/example_dags/example_short_circuit_operator.py for tasks to queue
[2025-03-12T14:03:27.637+0000] {logging_mixin.py:190} INFO - [2025-03-12T14:03:27.637+0000] {dagbag.py:588} INFO - Filling up the DagBag from /home/airflow/.local/lib/python3.12/site-packages/airflow/example_dags/example_short_circuit_operator.py
[2025-03-12T14:03:27.647+0000] {processor.py:925} INFO - DAG(s) 'example_short_circuit_operator' retrieved from /home/airflow/.local/lib/python3.12/site-packages/airflow/example_dags/example_short_circuit_operator.py
[2025-03-12T14:03:27.666+0000] {logging_mixin.py:190} INFO - [2025-03-12T14:03:27.666+0000] {dag.py:3239} INFO - Sync 1 DAGs
[2025-03-12T14:03:27.680+0000] {logging_mixin.py:190} INFO - [2025-03-12T14:03:27.680+0000] {dag.py:4180} INFO - Setting next_dagrun for example_short_circuit_operator to None, run_after=None
[2025-03-12T14:03:27.697+0000] {processor.py:208} INFO - Processing /home/airflow/.local/lib/python3.12/site-packages/airflow/example_dags/example_short_circuit_operator.py took 0.072 seconds
[2025-03-12T14:04:02.355+0000] {processor.py:186} INFO - Started process (PID=9772) to work on /home/airflow/.local/lib/python3.12/site-packages/airflow/example_dags/example_short_circuit_operator.py
[2025-03-12T14:04:02.356+0000] {processor.py:914} INFO - Processing file /home/airflow/.local/lib/python3.12/site-packages/airflow/example_dags/example_short_circuit_operator.py for tasks to queue
[2025-03-12T14:04:02.360+0000] {logging_mixin.py:190} INFO - [2025-03-12T14:04:02.360+0000] {dagbag.py:588} INFO - Filling up the DagBag from /home/airflow/.local/lib/python3.12/site-packages/airflow/example_dags/example_short_circuit_operator.py
[2025-03-12T14:04:02.374+0000] {processor.py:925} INFO - DAG(s) 'example_short_circuit_operator' retrieved from /home/airflow/.local/lib/python3.12/site-packages/airflow/example_dags/example_short_circuit_operator.py
[2025-03-12T14:04:02.418+0000] {logging_mixin.py:190} INFO - [2025-03-12T14:04:02.417+0000] {dag.py:3239} INFO - Sync 1 DAGs
[2025-03-12T14:04:02.442+0000] {logging_mixin.py:190} INFO - [2025-03-12T14:04:02.441+0000] {dag.py:4180} INFO - Setting next_dagrun for example_short_circuit_operator to None, run_after=None
[2025-03-12T14:04:02.480+0000] {processor.py:208} INFO - Processing /home/airflow/.local/lib/python3.12/site-packages/airflow/example_dags/example_short_circuit_operator.py took 0.134 seconds
[2025-03-12T14:04:33.621+0000] {processor.py:186} INFO - Started process (PID=10073) to work on /home/airflow/.local/lib/python3.12/site-packages/airflow/example_dags/example_short_circuit_operator.py
[2025-03-12T14:04:33.622+0000] {processor.py:914} INFO - Processing file /home/airflow/.local/lib/python3.12/site-packages/airflow/example_dags/example_short_circuit_operator.py for tasks to queue
[2025-03-12T14:04:33.624+0000] {logging_mixin.py:190} INFO - [2025-03-12T14:04:33.624+0000] {dagbag.py:588} INFO - Filling up the DagBag from /home/airflow/.local/lib/python3.12/site-packages/airflow/example_dags/example_short_circuit_operator.py
[2025-03-12T14:04:33.630+0000] {processor.py:925} INFO - DAG(s) 'example_short_circuit_operator' retrieved from /home/airflow/.local/lib/python3.12/site-packages/airflow/example_dags/example_short_circuit_operator.py
[2025-03-12T14:04:33.648+0000] {logging_mixin.py:190} INFO - [2025-03-12T14:04:33.648+0000] {dag.py:3239} INFO - Sync 1 DAGs
[2025-03-12T14:04:33.659+0000] {logging_mixin.py:190} INFO - [2025-03-12T14:04:33.659+0000] {dag.py:4180} INFO - Setting next_dagrun for example_short_circuit_operator to None, run_after=None
[2025-03-12T14:04:33.674+0000] {processor.py:208} INFO - Processing /home/airflow/.local/lib/python3.12/site-packages/airflow/example_dags/example_short_circuit_operator.py took 0.056 seconds
[2025-03-12T14:05:07.345+0000] {processor.py:186} INFO - Started process (PID=10384) to work on /home/airflow/.local/lib/python3.12/site-packages/airflow/example_dags/example_short_circuit_operator.py
[2025-03-12T14:05:07.346+0000] {processor.py:914} INFO - Processing file /home/airflow/.local/lib/python3.12/site-packages/airflow/example_dags/example_short_circuit_operator.py for tasks to queue
[2025-03-12T14:05:07.349+0000] {logging_mixin.py:190} INFO - [2025-03-12T14:05:07.348+0000] {dagbag.py:588} INFO - Filling up the DagBag from /home/airflow/.local/lib/python3.12/site-packages/airflow/example_dags/example_short_circuit_operator.py
[2025-03-12T14:05:07.358+0000] {processor.py:925} INFO - DAG(s) 'example_short_circuit_operator' retrieved from /home/airflow/.local/lib/python3.12/site-packages/airflow/example_dags/example_short_circuit_operator.py
[2025-03-12T14:05:07.380+0000] {logging_mixin.py:190} INFO - [2025-03-12T14:05:07.379+0000] {dag.py:3239} INFO - Sync 1 DAGs
[2025-03-12T14:05:07.394+0000] {logging_mixin.py:190} INFO - [2025-03-12T14:05:07.394+0000] {dag.py:4180} INFO - Setting next_dagrun for example_short_circuit_operator to None, run_after=None
[2025-03-12T14:05:07.411+0000] {processor.py:208} INFO - Processing /home/airflow/.local/lib/python3.12/site-packages/airflow/example_dags/example_short_circuit_operator.py took 0.071 seconds
[2025-03-12T14:05:41.558+0000] {processor.py:186} INFO - Started process (PID=10695) to work on /home/airflow/.local/lib/python3.12/site-packages/airflow/example_dags/example_short_circuit_operator.py
[2025-03-12T14:05:41.559+0000] {processor.py:914} INFO - Processing file /home/airflow/.local/lib/python3.12/site-packages/airflow/example_dags/example_short_circuit_operator.py for tasks to queue
[2025-03-12T14:05:41.561+0000] {logging_mixin.py:190} INFO - [2025-03-12T14:05:41.561+0000] {dagbag.py:588} INFO - Filling up the DagBag from /home/airflow/.local/lib/python3.12/site-packages/airflow/example_dags/example_short_circuit_operator.py
[2025-03-12T14:05:41.570+0000] {processor.py:925} INFO - DAG(s) 'example_short_circuit_operator' retrieved from /home/airflow/.local/lib/python3.12/site-packages/airflow/example_dags/example_short_circuit_operator.py
[2025-03-12T14:05:41.592+0000] {logging_mixin.py:190} INFO - [2025-03-12T14:05:41.592+0000] {dag.py:3239} INFO - Sync 1 DAGs
[2025-03-12T14:05:41.607+0000] {logging_mixin.py:190} INFO - [2025-03-12T14:05:41.606+0000] {dag.py:4180} INFO - Setting next_dagrun for example_short_circuit_operator to None, run_after=None
[2025-03-12T14:05:41.627+0000] {processor.py:208} INFO - Processing /home/airflow/.local/lib/python3.12/site-packages/airflow/example_dags/example_short_circuit_operator.py took 0.074 seconds
[2025-03-12T14:06:14.166+0000] {processor.py:186} INFO - Started process (PID=11001) to work on /home/airflow/.local/lib/python3.12/site-packages/airflow/example_dags/example_short_circuit_operator.py
[2025-03-12T14:06:14.167+0000] {processor.py:914} INFO - Processing file /home/airflow/.local/lib/python3.12/site-packages/airflow/example_dags/example_short_circuit_operator.py for tasks to queue
[2025-03-12T14:06:14.168+0000] {logging_mixin.py:190} INFO - [2025-03-12T14:06:14.168+0000] {dagbag.py:588} INFO - Filling up the DagBag from /home/airflow/.local/lib/python3.12/site-packages/airflow/example_dags/example_short_circuit_operator.py
[2025-03-12T14:06:14.175+0000] {processor.py:925} INFO - DAG(s) 'example_short_circuit_operator' retrieved from /home/airflow/.local/lib/python3.12/site-packages/airflow/example_dags/example_short_circuit_operator.py
[2025-03-12T14:06:14.194+0000] {logging_mixin.py:190} INFO - [2025-03-12T14:06:14.194+0000] {dag.py:3239} INFO - Sync 1 DAGs
[2025-03-12T14:06:14.205+0000] {logging_mixin.py:190} INFO - [2025-03-12T14:06:14.204+0000] {dag.py:4180} INFO - Setting next_dagrun for example_short_circuit_operator to None, run_after=None
[2025-03-12T14:06:14.221+0000] {processor.py:208} INFO - Processing /home/airflow/.local/lib/python3.12/site-packages/airflow/example_dags/example_short_circuit_operator.py took 0.059 seconds
[2025-03-12T14:06:47.976+0000] {processor.py:186} INFO - Started process (PID=11307) to work on /home/airflow/.local/lib/python3.12/site-packages/airflow/example_dags/example_short_circuit_operator.py
[2025-03-12T14:06:47.977+0000] {processor.py:914} INFO - Processing file /home/airflow/.local/lib/python3.12/site-packages/airflow/example_dags/example_short_circuit_operator.py for tasks to queue
[2025-03-12T14:06:47.979+0000] {logging_mixin.py:190} INFO - [2025-03-12T14:06:47.979+0000] {dagbag.py:588} INFO - Filling up the DagBag from /home/airflow/.local/lib/python3.12/site-packages/airflow/example_dags/example_short_circuit_operator.py
[2025-03-12T14:06:47.986+0000] {processor.py:925} INFO - DAG(s) 'example_short_circuit_operator' retrieved from /home/airflow/.local/lib/python3.12/site-packages/airflow/example_dags/example_short_circuit_operator.py
[2025-03-12T14:06:48.005+0000] {logging_mixin.py:190} INFO - [2025-03-12T14:06:48.005+0000] {dag.py:3239} INFO - Sync 1 DAGs
[2025-03-12T14:06:48.016+0000] {logging_mixin.py:190} INFO - [2025-03-12T14:06:48.016+0000] {dag.py:4180} INFO - Setting next_dagrun for example_short_circuit_operator to None, run_after=None
[2025-03-12T14:06:48.031+0000] {processor.py:208} INFO - Processing /home/airflow/.local/lib/python3.12/site-packages/airflow/example_dags/example_short_circuit_operator.py took 0.059 seconds
[2025-03-12T14:07:21.552+0000] {processor.py:186} INFO - Started process (PID=11613) to work on /home/airflow/.local/lib/python3.12/site-packages/airflow/example_dags/example_short_circuit_operator.py
[2025-03-12T14:07:21.553+0000] {processor.py:914} INFO - Processing file /home/airflow/.local/lib/python3.12/site-packages/airflow/example_dags/example_short_circuit_operator.py for tasks to queue
[2025-03-12T14:07:21.556+0000] {logging_mixin.py:190} INFO - [2025-03-12T14:07:21.555+0000] {dagbag.py:588} INFO - Filling up the DagBag from /home/airflow/.local/lib/python3.12/site-packages/airflow/example_dags/example_short_circuit_operator.py
[2025-03-12T14:07:21.564+0000] {processor.py:925} INFO - DAG(s) 'example_short_circuit_operator' retrieved from /home/airflow/.local/lib/python3.12/site-packages/airflow/example_dags/example_short_circuit_operator.py
[2025-03-12T14:07:21.586+0000] {logging_mixin.py:190} INFO - [2025-03-12T14:07:21.586+0000] {dag.py:3239} INFO - Sync 1 DAGs
[2025-03-12T14:07:21.600+0000] {logging_mixin.py:190} INFO - [2025-03-12T14:07:21.599+0000] {dag.py:4180} INFO - Setting next_dagrun for example_short_circuit_operator to None, run_after=None
[2025-03-12T14:07:21.617+0000] {processor.py:208} INFO - Processing /home/airflow/.local/lib/python3.12/site-packages/airflow/example_dags/example_short_circuit_operator.py took 0.071 seconds
[2025-03-12T14:07:54.432+0000] {processor.py:186} INFO - Started process (PID=11919) to work on /home/airflow/.local/lib/python3.12/site-packages/airflow/example_dags/example_short_circuit_operator.py
[2025-03-12T14:07:54.433+0000] {processor.py:914} INFO - Processing file /home/airflow/.local/lib/python3.12/site-packages/airflow/example_dags/example_short_circuit_operator.py for tasks to queue
[2025-03-12T14:07:54.435+0000] {logging_mixin.py:190} INFO - [2025-03-12T14:07:54.434+0000] {dagbag.py:588} INFO - Filling up the DagBag from /home/airflow/.local/lib/python3.12/site-packages/airflow/example_dags/example_short_circuit_operator.py
[2025-03-12T14:07:54.442+0000] {processor.py:925} INFO - DAG(s) 'example_short_circuit_operator' retrieved from /home/airflow/.local/lib/python3.12/site-packages/airflow/example_dags/example_short_circuit_operator.py
[2025-03-12T14:07:54.460+0000] {logging_mixin.py:190} INFO - [2025-03-12T14:07:54.460+0000] {dag.py:3239} INFO - Sync 1 DAGs
[2025-03-12T14:07:54.473+0000] {logging_mixin.py:190} INFO - [2025-03-12T14:07:54.473+0000] {dag.py:4180} INFO - Setting next_dagrun for example_short_circuit_operator to None, run_after=None
[2025-03-12T14:07:54.490+0000] {processor.py:208} INFO - Processing /home/airflow/.local/lib/python3.12/site-packages/airflow/example_dags/example_short_circuit_operator.py took 0.063 seconds
[2025-03-12T14:08:28.322+0000] {processor.py:186} INFO - Started process (PID=12227) to work on /home/airflow/.local/lib/python3.12/site-packages/airflow/example_dags/example_short_circuit_operator.py
[2025-03-12T14:08:28.323+0000] {processor.py:914} INFO - Processing file /home/airflow/.local/lib/python3.12/site-packages/airflow/example_dags/example_short_circuit_operator.py for tasks to queue
[2025-03-12T14:08:28.325+0000] {logging_mixin.py:190} INFO - [2025-03-12T14:08:28.324+0000] {dagbag.py:588} INFO - Filling up the DagBag from /home/airflow/.local/lib/python3.12/site-packages/airflow/example_dags/example_short_circuit_operator.py
[2025-03-12T14:08:28.331+0000] {processor.py:925} INFO - DAG(s) 'example_short_circuit_operator' retrieved from /home/airflow/.local/lib/python3.12/site-packages/airflow/example_dags/example_short_circuit_operator.py
[2025-03-12T14:08:28.348+0000] {logging_mixin.py:190} INFO - [2025-03-12T14:08:28.348+0000] {dag.py:3239} INFO - Sync 1 DAGs
[2025-03-12T14:08:28.358+0000] {logging_mixin.py:190} INFO - [2025-03-12T14:08:28.358+0000] {dag.py:4180} INFO - Setting next_dagrun for example_short_circuit_operator to None, run_after=None
[2025-03-12T14:08:28.372+0000] {processor.py:208} INFO - Processing /home/airflow/.local/lib/python3.12/site-packages/airflow/example_dags/example_short_circuit_operator.py took 0.054 seconds
[2025-03-12T14:09:01.393+0000] {processor.py:186} INFO - Started process (PID=12531) to work on /home/airflow/.local/lib/python3.12/site-packages/airflow/example_dags/example_short_circuit_operator.py
[2025-03-12T14:09:01.394+0000] {processor.py:914} INFO - Processing file /home/airflow/.local/lib/python3.12/site-packages/airflow/example_dags/example_short_circuit_operator.py for tasks to queue
[2025-03-12T14:09:01.396+0000] {logging_mixin.py:190} INFO - [2025-03-12T14:09:01.396+0000] {dagbag.py:588} INFO - Filling up the DagBag from /home/airflow/.local/lib/python3.12/site-packages/airflow/example_dags/example_short_circuit_operator.py
[2025-03-12T14:09:01.403+0000] {processor.py:925} INFO - DAG(s) 'example_short_circuit_operator' retrieved from /home/airflow/.local/lib/python3.12/site-packages/airflow/example_dags/example_short_circuit_operator.py
[2025-03-12T14:09:01.422+0000] {logging_mixin.py:190} INFO - [2025-03-12T14:09:01.422+0000] {dag.py:3239} INFO - Sync 1 DAGs
[2025-03-12T14:09:01.433+0000] {logging_mixin.py:190} INFO - [2025-03-12T14:09:01.433+0000] {dag.py:4180} INFO - Setting next_dagrun for example_short_circuit_operator to None, run_after=None
[2025-03-12T14:09:01.449+0000] {processor.py:208} INFO - Processing /home/airflow/.local/lib/python3.12/site-packages/airflow/example_dags/example_short_circuit_operator.py took 0.060 seconds
[2025-03-12T14:09:35.024+0000] {processor.py:186} INFO - Started process (PID=12837) to work on /home/airflow/.local/lib/python3.12/site-packages/airflow/example_dags/example_short_circuit_operator.py
[2025-03-12T14:09:35.025+0000] {processor.py:914} INFO - Processing file /home/airflow/.local/lib/python3.12/site-packages/airflow/example_dags/example_short_circuit_operator.py for tasks to queue
[2025-03-12T14:09:35.027+0000] {logging_mixin.py:190} INFO - [2025-03-12T14:09:35.027+0000] {dagbag.py:588} INFO - Filling up the DagBag from /home/airflow/.local/lib/python3.12/site-packages/airflow/example_dags/example_short_circuit_operator.py
[2025-03-12T14:09:35.034+0000] {processor.py:925} INFO - DAG(s) 'example_short_circuit_operator' retrieved from /home/airflow/.local/lib/python3.12/site-packages/airflow/example_dags/example_short_circuit_operator.py
[2025-03-12T14:09:35.051+0000] {logging_mixin.py:190} INFO - [2025-03-12T14:09:35.051+0000] {dag.py:3239} INFO - Sync 1 DAGs
[2025-03-12T14:09:35.063+0000] {logging_mixin.py:190} INFO - [2025-03-12T14:09:35.063+0000] {dag.py:4180} INFO - Setting next_dagrun for example_short_circuit_operator to None, run_after=None
[2025-03-12T14:09:35.079+0000] {processor.py:208} INFO - Processing /home/airflow/.local/lib/python3.12/site-packages/airflow/example_dags/example_short_circuit_operator.py took 0.059 seconds
[2025-03-12T14:10:07.840+0000] {processor.py:186} INFO - Started process (PID=13143) to work on /home/airflow/.local/lib/python3.12/site-packages/airflow/example_dags/example_short_circuit_operator.py
[2025-03-12T14:10:07.841+0000] {processor.py:914} INFO - Processing file /home/airflow/.local/lib/python3.12/site-packages/airflow/example_dags/example_short_circuit_operator.py for tasks to queue
[2025-03-12T14:10:07.843+0000] {logging_mixin.py:190} INFO - [2025-03-12T14:10:07.843+0000] {dagbag.py:588} INFO - Filling up the DagBag from /home/airflow/.local/lib/python3.12/site-packages/airflow/example_dags/example_short_circuit_operator.py
[2025-03-12T14:10:07.854+0000] {processor.py:925} INFO - DAG(s) 'example_short_circuit_operator' retrieved from /home/airflow/.local/lib/python3.12/site-packages/airflow/example_dags/example_short_circuit_operator.py
[2025-03-12T14:10:07.878+0000] {logging_mixin.py:190} INFO - [2025-03-12T14:10:07.878+0000] {dag.py:3239} INFO - Sync 1 DAGs
[2025-03-12T14:10:07.894+0000] {logging_mixin.py:190} INFO - [2025-03-12T14:10:07.893+0000] {dag.py:4180} INFO - Setting next_dagrun for example_short_circuit_operator to None, run_after=None
[2025-03-12T14:10:07.910+0000] {processor.py:208} INFO - Processing /home/airflow/.local/lib/python3.12/site-packages/airflow/example_dags/example_short_circuit_operator.py took 0.076 seconds
[2025-03-12T14:10:40.734+0000] {processor.py:186} INFO - Started process (PID=13449) to work on /home/airflow/.local/lib/python3.12/site-packages/airflow/example_dags/example_short_circuit_operator.py
[2025-03-12T14:10:40.735+0000] {processor.py:914} INFO - Processing file /home/airflow/.local/lib/python3.12/site-packages/airflow/example_dags/example_short_circuit_operator.py for tasks to queue
[2025-03-12T14:10:40.737+0000] {logging_mixin.py:190} INFO - [2025-03-12T14:10:40.737+0000] {dagbag.py:588} INFO - Filling up the DagBag from /home/airflow/.local/lib/python3.12/site-packages/airflow/example_dags/example_short_circuit_operator.py
[2025-03-12T14:10:40.744+0000] {processor.py:925} INFO - DAG(s) 'example_short_circuit_operator' retrieved from /home/airflow/.local/lib/python3.12/site-packages/airflow/example_dags/example_short_circuit_operator.py
[2025-03-12T14:10:40.762+0000] {logging_mixin.py:190} INFO - [2025-03-12T14:10:40.762+0000] {dag.py:3239} INFO - Sync 1 DAGs
[2025-03-12T14:10:40.774+0000] {logging_mixin.py:190} INFO - [2025-03-12T14:10:40.774+0000] {dag.py:4180} INFO - Setting next_dagrun for example_short_circuit_operator to None, run_after=None
[2025-03-12T14:10:40.791+0000] {processor.py:208} INFO - Processing /home/airflow/.local/lib/python3.12/site-packages/airflow/example_dags/example_short_circuit_operator.py took 0.061 seconds
[2025-03-12T14:11:14.633+0000] {processor.py:186} INFO - Started process (PID=13757) to work on /home/airflow/.local/lib/python3.12/site-packages/airflow/example_dags/example_short_circuit_operator.py
[2025-03-12T14:11:14.634+0000] {processor.py:914} INFO - Processing file /home/airflow/.local/lib/python3.12/site-packages/airflow/example_dags/example_short_circuit_operator.py for tasks to queue
[2025-03-12T14:11:14.636+0000] {logging_mixin.py:190} INFO - [2025-03-12T14:11:14.636+0000] {dagbag.py:588} INFO - Filling up the DagBag from /home/airflow/.local/lib/python3.12/site-packages/airflow/example_dags/example_short_circuit_operator.py
[2025-03-12T14:11:14.642+0000] {processor.py:925} INFO - DAG(s) 'example_short_circuit_operator' retrieved from /home/airflow/.local/lib/python3.12/site-packages/airflow/example_dags/example_short_circuit_operator.py
[2025-03-12T14:11:14.658+0000] {logging_mixin.py:190} INFO - [2025-03-12T14:11:14.657+0000] {dag.py:3239} INFO - Sync 1 DAGs
[2025-03-12T14:11:14.668+0000] {logging_mixin.py:190} INFO - [2025-03-12T14:11:14.668+0000] {dag.py:4180} INFO - Setting next_dagrun for example_short_circuit_operator to None, run_after=None
[2025-03-12T14:11:14.685+0000] {processor.py:208} INFO - Processing /home/airflow/.local/lib/python3.12/site-packages/airflow/example_dags/example_short_circuit_operator.py took 0.055 seconds
[2025-03-12T14:11:48.121+0000] {processor.py:186} INFO - Started process (PID=14064) to work on /home/airflow/.local/lib/python3.12/site-packages/airflow/example_dags/example_short_circuit_operator.py
[2025-03-12T14:11:48.122+0000] {processor.py:914} INFO - Processing file /home/airflow/.local/lib/python3.12/site-packages/airflow/example_dags/example_short_circuit_operator.py for tasks to queue
[2025-03-12T14:11:48.124+0000] {logging_mixin.py:190} INFO - [2025-03-12T14:11:48.124+0000] {dagbag.py:588} INFO - Filling up the DagBag from /home/airflow/.local/lib/python3.12/site-packages/airflow/example_dags/example_short_circuit_operator.py
[2025-03-12T14:11:48.132+0000] {processor.py:925} INFO - DAG(s) 'example_short_circuit_operator' retrieved from /home/airflow/.local/lib/python3.12/site-packages/airflow/example_dags/example_short_circuit_operator.py
[2025-03-12T14:11:48.151+0000] {logging_mixin.py:190} INFO - [2025-03-12T14:11:48.150+0000] {dag.py:3239} INFO - Sync 1 DAGs
[2025-03-12T14:11:48.164+0000] {logging_mixin.py:190} INFO - [2025-03-12T14:11:48.164+0000] {dag.py:4180} INFO - Setting next_dagrun for example_short_circuit_operator to None, run_after=None
[2025-03-12T14:11:48.179+0000] {processor.py:208} INFO - Processing /home/airflow/.local/lib/python3.12/site-packages/airflow/example_dags/example_short_circuit_operator.py took 0.062 seconds
[2025-03-12T14:12:22.018+0000] {processor.py:186} INFO - Started process (PID=14368) to work on /home/airflow/.local/lib/python3.12/site-packages/airflow/example_dags/example_short_circuit_operator.py
[2025-03-12T14:12:22.019+0000] {processor.py:914} INFO - Processing file /home/airflow/.local/lib/python3.12/site-packages/airflow/example_dags/example_short_circuit_operator.py for tasks to queue
[2025-03-12T14:12:22.021+0000] {logging_mixin.py:190} INFO - [2025-03-12T14:12:22.021+0000] {dagbag.py:588} INFO - Filling up the DagBag from /home/airflow/.local/lib/python3.12/site-packages/airflow/example_dags/example_short_circuit_operator.py
[2025-03-12T14:12:22.030+0000] {processor.py:925} INFO - DAG(s) 'example_short_circuit_operator' retrieved from /home/airflow/.local/lib/python3.12/site-packages/airflow/example_dags/example_short_circuit_operator.py
[2025-03-12T14:12:22.049+0000] {logging_mixin.py:190} INFO - [2025-03-12T14:12:22.049+0000] {dag.py:3239} INFO - Sync 1 DAGs
[2025-03-12T14:12:22.061+0000] {logging_mixin.py:190} INFO - [2025-03-12T14:12:22.061+0000] {dag.py:4180} INFO - Setting next_dagrun for example_short_circuit_operator to None, run_after=None
[2025-03-12T14:12:22.077+0000] {processor.py:208} INFO - Processing /home/airflow/.local/lib/python3.12/site-packages/airflow/example_dags/example_short_circuit_operator.py took 0.063 seconds
[2025-03-12T14:14:03.728+0000] {processor.py:186} INFO - Started process (PID=303) to work on /home/airflow/.local/lib/python3.12/site-packages/airflow/example_dags/example_short_circuit_operator.py
[2025-03-12T14:14:03.729+0000] {processor.py:914} INFO - Processing file /home/airflow/.local/lib/python3.12/site-packages/airflow/example_dags/example_short_circuit_operator.py for tasks to queue
[2025-03-12T14:14:03.732+0000] {logging_mixin.py:190} INFO - [2025-03-12T14:14:03.731+0000] {dagbag.py:588} INFO - Filling up the DagBag from /home/airflow/.local/lib/python3.12/site-packages/airflow/example_dags/example_short_circuit_operator.py
[2025-03-12T14:14:03.741+0000] {processor.py:925} INFO - DAG(s) 'example_short_circuit_operator' retrieved from /home/airflow/.local/lib/python3.12/site-packages/airflow/example_dags/example_short_circuit_operator.py
[2025-03-12T14:14:03.872+0000] {logging_mixin.py:190} INFO - [2025-03-12T14:14:03.871+0000] {override.py:1912} INFO - Created Permission View: can read on DAG:example_short_circuit_operator
[2025-03-12T14:14:03.882+0000] {logging_mixin.py:190} INFO - [2025-03-12T14:14:03.882+0000] {override.py:1912} INFO - Created Permission View: can edit on DAG:example_short_circuit_operator
[2025-03-12T14:14:03.890+0000] {logging_mixin.py:190} INFO - [2025-03-12T14:14:03.889+0000] {override.py:1912} INFO - Created Permission View: can delete on DAG:example_short_circuit_operator
[2025-03-12T14:14:03.898+0000] {logging_mixin.py:190} INFO - [2025-03-12T14:14:03.898+0000] {override.py:1912} INFO - Created Permission View: can create on DAG Run:example_short_circuit_operator
[2025-03-12T14:14:03.905+0000] {logging_mixin.py:190} INFO - [2025-03-12T14:14:03.905+0000] {override.py:1912} INFO - Created Permission View: can read on DAG Run:example_short_circuit_operator
[2025-03-12T14:14:03.911+0000] {logging_mixin.py:190} INFO - [2025-03-12T14:14:03.911+0000] {override.py:1912} INFO - Created Permission View: menu access on DAG Run:example_short_circuit_operator
[2025-03-12T14:14:03.918+0000] {logging_mixin.py:190} INFO - [2025-03-12T14:14:03.918+0000] {override.py:1912} INFO - Created Permission View: can delete on DAG Run:example_short_circuit_operator
[2025-03-12T14:14:03.919+0000] {logging_mixin.py:190} INFO - [2025-03-12T14:14:03.919+0000] {dag.py:3239} INFO - Sync 1 DAGs
[2025-03-12T14:14:03.933+0000] {logging_mixin.py:190} INFO - [2025-03-12T14:14:03.933+0000] {dag.py:3262} INFO - Creating ORM DAG for example_short_circuit_operator
[2025-03-12T14:14:03.934+0000] {logging_mixin.py:190} INFO - [2025-03-12T14:14:03.934+0000] {dag.py:4180} INFO - Setting next_dagrun for example_short_circuit_operator to None, run_after=None
[2025-03-12T14:14:03.953+0000] {processor.py:208} INFO - Processing /home/airflow/.local/lib/python3.12/site-packages/airflow/example_dags/example_short_circuit_operator.py took 0.230 seconds
[2025-03-12T14:14:34.924+0000] {processor.py:186} INFO - Started process (PID=603) to work on /home/airflow/.local/lib/python3.12/site-packages/airflow/example_dags/example_short_circuit_operator.py
[2025-03-12T14:14:34.925+0000] {processor.py:914} INFO - Processing file /home/airflow/.local/lib/python3.12/site-packages/airflow/example_dags/example_short_circuit_operator.py for tasks to queue
[2025-03-12T14:14:34.926+0000] {logging_mixin.py:190} INFO - [2025-03-12T14:14:34.926+0000] {dagbag.py:588} INFO - Filling up the DagBag from /home/airflow/.local/lib/python3.12/site-packages/airflow/example_dags/example_short_circuit_operator.py
[2025-03-12T14:14:34.933+0000] {processor.py:925} INFO - DAG(s) 'example_short_circuit_operator' retrieved from /home/airflow/.local/lib/python3.12/site-packages/airflow/example_dags/example_short_circuit_operator.py
[2025-03-12T14:14:34.950+0000] {logging_mixin.py:190} INFO - [2025-03-12T14:14:34.950+0000] {dag.py:3239} INFO - Sync 1 DAGs
[2025-03-12T14:14:34.960+0000] {logging_mixin.py:190} INFO - [2025-03-12T14:14:34.960+0000] {dag.py:4180} INFO - Setting next_dagrun for example_short_circuit_operator to None, run_after=None
[2025-03-12T14:14:34.975+0000] {processor.py:208} INFO - Processing /home/airflow/.local/lib/python3.12/site-packages/airflow/example_dags/example_short_circuit_operator.py took 0.055 seconds
[2025-03-12T14:15:08.025+0000] {processor.py:186} INFO - Started process (PID=909) to work on /home/airflow/.local/lib/python3.12/site-packages/airflow/example_dags/example_short_circuit_operator.py
[2025-03-12T14:15:08.026+0000] {processor.py:914} INFO - Processing file /home/airflow/.local/lib/python3.12/site-packages/airflow/example_dags/example_short_circuit_operator.py for tasks to queue
[2025-03-12T14:15:08.027+0000] {logging_mixin.py:190} INFO - [2025-03-12T14:15:08.027+0000] {dagbag.py:588} INFO - Filling up the DagBag from /home/airflow/.local/lib/python3.12/site-packages/airflow/example_dags/example_short_circuit_operator.py
[2025-03-12T14:15:08.034+0000] {processor.py:925} INFO - DAG(s) 'example_short_circuit_operator' retrieved from /home/airflow/.local/lib/python3.12/site-packages/airflow/example_dags/example_short_circuit_operator.py
[2025-03-12T14:15:08.057+0000] {logging_mixin.py:190} INFO - [2025-03-12T14:15:08.057+0000] {dag.py:3239} INFO - Sync 1 DAGs
[2025-03-12T14:15:08.069+0000] {logging_mixin.py:190} INFO - [2025-03-12T14:15:08.069+0000] {dag.py:4180} INFO - Setting next_dagrun for example_short_circuit_operator to None, run_after=None
[2025-03-12T14:15:08.086+0000] {processor.py:208} INFO - Processing /home/airflow/.local/lib/python3.12/site-packages/airflow/example_dags/example_short_circuit_operator.py took 0.066 seconds
[2025-03-12T14:15:41.758+0000] {processor.py:186} INFO - Started process (PID=1215) to work on /home/airflow/.local/lib/python3.12/site-packages/airflow/example_dags/example_short_circuit_operator.py
[2025-03-12T14:15:41.759+0000] {processor.py:914} INFO - Processing file /home/airflow/.local/lib/python3.12/site-packages/airflow/example_dags/example_short_circuit_operator.py for tasks to queue
[2025-03-12T14:15:41.761+0000] {logging_mixin.py:190} INFO - [2025-03-12T14:15:41.761+0000] {dagbag.py:588} INFO - Filling up the DagBag from /home/airflow/.local/lib/python3.12/site-packages/airflow/example_dags/example_short_circuit_operator.py
[2025-03-12T14:15:41.768+0000] {processor.py:925} INFO - DAG(s) 'example_short_circuit_operator' retrieved from /home/airflow/.local/lib/python3.12/site-packages/airflow/example_dags/example_short_circuit_operator.py
[2025-03-12T14:15:41.785+0000] {logging_mixin.py:190} INFO - [2025-03-12T14:15:41.785+0000] {dag.py:3239} INFO - Sync 1 DAGs
[2025-03-12T14:15:41.796+0000] {logging_mixin.py:190} INFO - [2025-03-12T14:15:41.796+0000] {dag.py:4180} INFO - Setting next_dagrun for example_short_circuit_operator to None, run_after=None
[2025-03-12T14:15:41.812+0000] {processor.py:208} INFO - Processing /home/airflow/.local/lib/python3.12/site-packages/airflow/example_dags/example_short_circuit_operator.py took 0.059 seconds
[2025-03-12T14:16:15.163+0000] {processor.py:186} INFO - Started process (PID=1523) to work on /home/airflow/.local/lib/python3.12/site-packages/airflow/example_dags/example_short_circuit_operator.py
[2025-03-12T14:16:15.164+0000] {processor.py:914} INFO - Processing file /home/airflow/.local/lib/python3.12/site-packages/airflow/example_dags/example_short_circuit_operator.py for tasks to queue
[2025-03-12T14:16:15.166+0000] {logging_mixin.py:190} INFO - [2025-03-12T14:16:15.166+0000] {dagbag.py:588} INFO - Filling up the DagBag from /home/airflow/.local/lib/python3.12/site-packages/airflow/example_dags/example_short_circuit_operator.py
[2025-03-12T14:16:15.172+0000] {processor.py:925} INFO - DAG(s) 'example_short_circuit_operator' retrieved from /home/airflow/.local/lib/python3.12/site-packages/airflow/example_dags/example_short_circuit_operator.py
[2025-03-12T14:16:15.190+0000] {logging_mixin.py:190} INFO - [2025-03-12T14:16:15.190+0000] {dag.py:3239} INFO - Sync 1 DAGs
[2025-03-12T14:16:15.199+0000] {logging_mixin.py:190} INFO - [2025-03-12T14:16:15.199+0000] {dag.py:4180} INFO - Setting next_dagrun for example_short_circuit_operator to None, run_after=None
[2025-03-12T14:16:15.214+0000] {processor.py:208} INFO - Processing /home/airflow/.local/lib/python3.12/site-packages/airflow/example_dags/example_short_circuit_operator.py took 0.055 seconds
[2025-03-12T14:16:48.473+0000] {processor.py:186} INFO - Started process (PID=1830) to work on /home/airflow/.local/lib/python3.12/site-packages/airflow/example_dags/example_short_circuit_operator.py
[2025-03-12T14:16:48.474+0000] {processor.py:914} INFO - Processing file /home/airflow/.local/lib/python3.12/site-packages/airflow/example_dags/example_short_circuit_operator.py for tasks to queue
[2025-03-12T14:16:48.476+0000] {logging_mixin.py:190} INFO - [2025-03-12T14:16:48.475+0000] {dagbag.py:588} INFO - Filling up the DagBag from /home/airflow/.local/lib/python3.12/site-packages/airflow/example_dags/example_short_circuit_operator.py
[2025-03-12T14:16:48.484+0000] {processor.py:925} INFO - DAG(s) 'example_short_circuit_operator' retrieved from /home/airflow/.local/lib/python3.12/site-packages/airflow/example_dags/example_short_circuit_operator.py
[2025-03-12T14:16:48.504+0000] {logging_mixin.py:190} INFO - [2025-03-12T14:16:48.504+0000] {dag.py:3239} INFO - Sync 1 DAGs
[2025-03-12T14:16:48.516+0000] {logging_mixin.py:190} INFO - [2025-03-12T14:16:48.516+0000] {dag.py:4180} INFO - Setting next_dagrun for example_short_circuit_operator to None, run_after=None
[2025-03-12T14:16:48.533+0000] {processor.py:208} INFO - Processing /home/airflow/.local/lib/python3.12/site-packages/airflow/example_dags/example_short_circuit_operator.py took 0.064 seconds
[2025-03-12T14:17:21.727+0000] {processor.py:186} INFO - Started process (PID=2136) to work on /home/airflow/.local/lib/python3.12/site-packages/airflow/example_dags/example_short_circuit_operator.py
[2025-03-12T14:17:21.727+0000] {processor.py:914} INFO - Processing file /home/airflow/.local/lib/python3.12/site-packages/airflow/example_dags/example_short_circuit_operator.py for tasks to queue
[2025-03-12T14:17:21.729+0000] {logging_mixin.py:190} INFO - [2025-03-12T14:17:21.729+0000] {dagbag.py:588} INFO - Filling up the DagBag from /home/airflow/.local/lib/python3.12/site-packages/airflow/example_dags/example_short_circuit_operator.py
[2025-03-12T14:17:21.735+0000] {processor.py:925} INFO - DAG(s) 'example_short_circuit_operator' retrieved from /home/airflow/.local/lib/python3.12/site-packages/airflow/example_dags/example_short_circuit_operator.py
[2025-03-12T14:17:21.752+0000] {logging_mixin.py:190} INFO - [2025-03-12T14:17:21.752+0000] {dag.py:3239} INFO - Sync 1 DAGs
[2025-03-12T14:17:21.762+0000] {logging_mixin.py:190} INFO - [2025-03-12T14:17:21.762+0000] {dag.py:4180} INFO - Setting next_dagrun for example_short_circuit_operator to None, run_after=None
[2025-03-12T14:17:21.776+0000] {processor.py:208} INFO - Processing /home/airflow/.local/lib/python3.12/site-packages/airflow/example_dags/example_short_circuit_operator.py took 0.054 seconds
[2025-03-12T14:17:54.888+0000] {processor.py:186} INFO - Started process (PID=2442) to work on /home/airflow/.local/lib/python3.12/site-packages/airflow/example_dags/example_short_circuit_operator.py
[2025-03-12T14:17:54.889+0000] {processor.py:914} INFO - Processing file /home/airflow/.local/lib/python3.12/site-packages/airflow/example_dags/example_short_circuit_operator.py for tasks to queue
[2025-03-12T14:17:54.890+0000] {logging_mixin.py:190} INFO - [2025-03-12T14:17:54.890+0000] {dagbag.py:588} INFO - Filling up the DagBag from /home/airflow/.local/lib/python3.12/site-packages/airflow/example_dags/example_short_circuit_operator.py
[2025-03-12T14:17:54.897+0000] {processor.py:925} INFO - DAG(s) 'example_short_circuit_operator' retrieved from /home/airflow/.local/lib/python3.12/site-packages/airflow/example_dags/example_short_circuit_operator.py
[2025-03-12T14:17:54.916+0000] {logging_mixin.py:190} INFO - [2025-03-12T14:17:54.916+0000] {dag.py:3239} INFO - Sync 1 DAGs
[2025-03-12T14:17:54.927+0000] {logging_mixin.py:190} INFO - [2025-03-12T14:17:54.927+0000] {dag.py:4180} INFO - Setting next_dagrun for example_short_circuit_operator to None, run_after=None
[2025-03-12T14:17:54.942+0000] {processor.py:208} INFO - Processing /home/airflow/.local/lib/python3.12/site-packages/airflow/example_dags/example_short_circuit_operator.py took 0.058 seconds
[2025-03-12T14:18:28.210+0000] {processor.py:186} INFO - Started process (PID=2746) to work on /home/airflow/.local/lib/python3.12/site-packages/airflow/example_dags/example_short_circuit_operator.py
[2025-03-12T14:18:28.211+0000] {processor.py:914} INFO - Processing file /home/airflow/.local/lib/python3.12/site-packages/airflow/example_dags/example_short_circuit_operator.py for tasks to queue
[2025-03-12T14:18:28.213+0000] {logging_mixin.py:190} INFO - [2025-03-12T14:18:28.212+0000] {dagbag.py:588} INFO - Filling up the DagBag from /home/airflow/.local/lib/python3.12/site-packages/airflow/example_dags/example_short_circuit_operator.py
[2025-03-12T14:18:28.220+0000] {processor.py:925} INFO - DAG(s) 'example_short_circuit_operator' retrieved from /home/airflow/.local/lib/python3.12/site-packages/airflow/example_dags/example_short_circuit_operator.py
[2025-03-12T14:18:28.238+0000] {logging_mixin.py:190} INFO - [2025-03-12T14:18:28.238+0000] {dag.py:3239} INFO - Sync 1 DAGs
[2025-03-12T14:18:28.257+0000] {logging_mixin.py:190} INFO - [2025-03-12T14:18:28.256+0000] {dag.py:4180} INFO - Setting next_dagrun for example_short_circuit_operator to None, run_after=None
[2025-03-12T14:18:28.272+0000] {processor.py:208} INFO - Processing /home/airflow/.local/lib/python3.12/site-packages/airflow/example_dags/example_short_circuit_operator.py took 0.067 seconds
[2025-03-12T14:19:00.910+0000] {processor.py:186} INFO - Started process (PID=3052) to work on /home/airflow/.local/lib/python3.12/site-packages/airflow/example_dags/example_short_circuit_operator.py
[2025-03-12T14:19:00.911+0000] {processor.py:914} INFO - Processing file /home/airflow/.local/lib/python3.12/site-packages/airflow/example_dags/example_short_circuit_operator.py for tasks to queue
[2025-03-12T14:19:00.913+0000] {logging_mixin.py:190} INFO - [2025-03-12T14:19:00.913+0000] {dagbag.py:588} INFO - Filling up the DagBag from /home/airflow/.local/lib/python3.12/site-packages/airflow/example_dags/example_short_circuit_operator.py
[2025-03-12T14:19:00.922+0000] {processor.py:925} INFO - DAG(s) 'example_short_circuit_operator' retrieved from /home/airflow/.local/lib/python3.12/site-packages/airflow/example_dags/example_short_circuit_operator.py
[2025-03-12T14:19:00.945+0000] {logging_mixin.py:190} INFO - [2025-03-12T14:19:00.944+0000] {dag.py:3239} INFO - Sync 1 DAGs
[2025-03-12T14:19:00.957+0000] {logging_mixin.py:190} INFO - [2025-03-12T14:19:00.957+0000] {dag.py:4180} INFO - Setting next_dagrun for example_short_circuit_operator to None, run_after=None
[2025-03-12T14:19:00.973+0000] {processor.py:208} INFO - Processing /home/airflow/.local/lib/python3.12/site-packages/airflow/example_dags/example_short_circuit_operator.py took 0.068 seconds
[2025-03-12T14:19:35.193+0000] {processor.py:186} INFO - Started process (PID=3358) to work on /home/airflow/.local/lib/python3.12/site-packages/airflow/example_dags/example_short_circuit_operator.py
[2025-03-12T14:19:35.194+0000] {processor.py:914} INFO - Processing file /home/airflow/.local/lib/python3.12/site-packages/airflow/example_dags/example_short_circuit_operator.py for tasks to queue
[2025-03-12T14:19:35.195+0000] {logging_mixin.py:190} INFO - [2025-03-12T14:19:35.195+0000] {dagbag.py:588} INFO - Filling up the DagBag from /home/airflow/.local/lib/python3.12/site-packages/airflow/example_dags/example_short_circuit_operator.py
[2025-03-12T14:19:35.202+0000] {processor.py:925} INFO - DAG(s) 'example_short_circuit_operator' retrieved from /home/airflow/.local/lib/python3.12/site-packages/airflow/example_dags/example_short_circuit_operator.py
[2025-03-12T14:19:35.221+0000] {logging_mixin.py:190} INFO - [2025-03-12T14:19:35.221+0000] {dag.py:3239} INFO - Sync 1 DAGs
[2025-03-12T14:19:35.232+0000] {logging_mixin.py:190} INFO - [2025-03-12T14:19:35.232+0000] {dag.py:4180} INFO - Setting next_dagrun for example_short_circuit_operator to None, run_after=None
[2025-03-12T14:19:35.249+0000] {processor.py:208} INFO - Processing /home/airflow/.local/lib/python3.12/site-packages/airflow/example_dags/example_short_circuit_operator.py took 0.061 seconds
