[2025-03-12T13:44:59.895+0000] {processor.py:186} INFO - Started process (PID=312) to work on /home/airflow/.local/lib/python3.12/site-packages/airflow/example_dags/example_display_name.py
[2025-03-12T13:44:59.896+0000] {processor.py:914} INFO - Processing file /home/airflow/.local/lib/python3.12/site-packages/airflow/example_dags/example_display_name.py for tasks to queue
[2025-03-12T13:44:59.899+0000] {logging_mixin.py:190} INFO - [2025-03-12T13:44:59.899+0000] {dagbag.py:588} INFO - Filling up the DagBag from /home/airflow/.local/lib/python3.12/site-packages/airflow/example_dags/example_display_name.py
[2025-03-12T13:44:59.909+0000] {processor.py:925} INFO - DAG(s) 'example_display_name' retrieved from /home/airflow/.local/lib/python3.12/site-packages/airflow/example_dags/example_display_name.py
[2025-03-12T13:45:00.012+0000] {logging_mixin.py:190} INFO - [2025-03-12T13:45:00.011+0000] {override.py:1912} INFO - Created Permission View: can edit on DAG:example_display_name
[2025-03-12T13:45:00.022+0000] {logging_mixin.py:190} INFO - [2025-03-12T13:45:00.022+0000] {override.py:1912} INFO - Created Permission View: can delete on DAG:example_display_name
[2025-03-12T13:45:00.028+0000] {logging_mixin.py:190} INFO - [2025-03-12T13:45:00.028+0000] {override.py:1912} INFO - Created Permission View: can read on DAG:example_display_name
[2025-03-12T13:45:00.035+0000] {logging_mixin.py:190} INFO - [2025-03-12T13:45:00.034+0000] {override.py:1912} INFO - Created Permission View: can delete on DAG Run:example_display_name
[2025-03-12T13:45:00.041+0000] {logging_mixin.py:190} INFO - [2025-03-12T13:45:00.040+0000] {override.py:1912} INFO - Created Permission View: menu access on DAG Run:example_display_name
[2025-03-12T13:45:00.046+0000] {logging_mixin.py:190} INFO - [2025-03-12T13:45:00.046+0000] {override.py:1912} INFO - Created Permission View: can create on DAG Run:example_display_name
[2025-03-12T13:45:00.053+0000] {logging_mixin.py:190} INFO - [2025-03-12T13:45:00.052+0000] {override.py:1912} INFO - Created Permission View: can read on DAG Run:example_display_name
[2025-03-12T13:45:00.053+0000] {logging_mixin.py:190} INFO - [2025-03-12T13:45:00.053+0000] {dag.py:3239} INFO - Sync 1 DAGs
[2025-03-12T13:45:00.067+0000] {logging_mixin.py:190} INFO - [2025-03-12T13:45:00.066+0000] {dag.py:3262} INFO - Creating ORM DAG for example_display_name
[2025-03-12T13:45:00.067+0000] {logging_mixin.py:190} INFO - [2025-03-12T13:45:00.067+0000] {dag.py:4180} INFO - Setting next_dagrun for example_display_name to None, run_after=None
[2025-03-12T13:45:00.083+0000] {processor.py:208} INFO - Processing /home/airflow/.local/lib/python3.12/site-packages/airflow/example_dags/example_display_name.py took 0.193 seconds
[2025-03-12T13:45:30.382+0000] {processor.py:186} INFO - Started process (PID=609) to work on /home/airflow/.local/lib/python3.12/site-packages/airflow/example_dags/example_display_name.py
[2025-03-12T13:45:30.383+0000] {processor.py:914} INFO - Processing file /home/airflow/.local/lib/python3.12/site-packages/airflow/example_dags/example_display_name.py for tasks to queue
[2025-03-12T13:45:30.384+0000] {logging_mixin.py:190} INFO - [2025-03-12T13:45:30.384+0000] {dagbag.py:588} INFO - Filling up the DagBag from /home/airflow/.local/lib/python3.12/site-packages/airflow/example_dags/example_display_name.py
[2025-03-12T13:45:30.390+0000] {processor.py:925} INFO - DAG(s) 'example_display_name' retrieved from /home/airflow/.local/lib/python3.12/site-packages/airflow/example_dags/example_display_name.py
[2025-03-12T13:45:30.404+0000] {logging_mixin.py:190} INFO - [2025-03-12T13:45:30.404+0000] {dag.py:3239} INFO - Sync 1 DAGs
[2025-03-12T13:45:30.414+0000] {logging_mixin.py:190} INFO - [2025-03-12T13:45:30.413+0000] {dag.py:4180} INFO - Setting next_dagrun for example_display_name to None, run_after=None
[2025-03-12T13:45:30.427+0000] {processor.py:208} INFO - Processing /home/airflow/.local/lib/python3.12/site-packages/airflow/example_dags/example_display_name.py took 0.049 seconds
[2025-03-12T13:46:01.104+0000] {processor.py:186} INFO - Started process (PID=915) to work on /home/airflow/.local/lib/python3.12/site-packages/airflow/example_dags/example_display_name.py
[2025-03-12T13:46:01.105+0000] {processor.py:914} INFO - Processing file /home/airflow/.local/lib/python3.12/site-packages/airflow/example_dags/example_display_name.py for tasks to queue
[2025-03-12T13:46:01.107+0000] {logging_mixin.py:190} INFO - [2025-03-12T13:46:01.107+0000] {dagbag.py:588} INFO - Filling up the DagBag from /home/airflow/.local/lib/python3.12/site-packages/airflow/example_dags/example_display_name.py
[2025-03-12T13:46:01.113+0000] {processor.py:925} INFO - DAG(s) 'example_display_name' retrieved from /home/airflow/.local/lib/python3.12/site-packages/airflow/example_dags/example_display_name.py
[2025-03-12T13:46:01.127+0000] {logging_mixin.py:190} INFO - [2025-03-12T13:46:01.127+0000] {dag.py:3239} INFO - Sync 1 DAGs
[2025-03-12T13:46:01.138+0000] {logging_mixin.py:190} INFO - [2025-03-12T13:46:01.138+0000] {dag.py:4180} INFO - Setting next_dagrun for example_display_name to None, run_after=None
[2025-03-12T13:46:01.154+0000] {processor.py:208} INFO - Processing /home/airflow/.local/lib/python3.12/site-packages/airflow/example_dags/example_display_name.py took 0.054 seconds
[2025-03-12T13:47:02.917+0000] {processor.py:186} INFO - Started process (PID=299) to work on /home/airflow/.local/lib/python3.12/site-packages/airflow/example_dags/example_display_name.py
[2025-03-12T13:47:02.918+0000] {processor.py:914} INFO - Processing file /home/airflow/.local/lib/python3.12/site-packages/airflow/example_dags/example_display_name.py for tasks to queue
[2025-03-12T13:47:02.921+0000] {logging_mixin.py:190} INFO - [2025-03-12T13:47:02.920+0000] {dagbag.py:588} INFO - Filling up the DagBag from /home/airflow/.local/lib/python3.12/site-packages/airflow/example_dags/example_display_name.py
[2025-03-12T13:47:02.928+0000] {processor.py:925} INFO - DAG(s) 'example_display_name' retrieved from /home/airflow/.local/lib/python3.12/site-packages/airflow/example_dags/example_display_name.py
[2025-03-12T13:47:02.951+0000] {logging_mixin.py:190} INFO - [2025-03-12T13:47:02.951+0000] {dag.py:3239} INFO - Sync 1 DAGs
[2025-03-12T13:47:02.963+0000] {logging_mixin.py:190} INFO - [2025-03-12T13:47:02.963+0000] {dag.py:4180} INFO - Setting next_dagrun for example_display_name to None, run_after=None
[2025-03-12T13:47:02.979+0000] {processor.py:208} INFO - Processing /home/airflow/.local/lib/python3.12/site-packages/airflow/example_dags/example_display_name.py took 0.067 seconds
[2025-03-12T13:47:34.079+0000] {processor.py:186} INFO - Started process (PID=601) to work on /home/airflow/.local/lib/python3.12/site-packages/airflow/example_dags/example_display_name.py
[2025-03-12T13:47:34.079+0000] {processor.py:914} INFO - Processing file /home/airflow/.local/lib/python3.12/site-packages/airflow/example_dags/example_display_name.py for tasks to queue
[2025-03-12T13:47:34.081+0000] {logging_mixin.py:190} INFO - [2025-03-12T13:47:34.081+0000] {dagbag.py:588} INFO - Filling up the DagBag from /home/airflow/.local/lib/python3.12/site-packages/airflow/example_dags/example_display_name.py
[2025-03-12T13:47:34.090+0000] {processor.py:925} INFO - DAG(s) 'example_display_name' retrieved from /home/airflow/.local/lib/python3.12/site-packages/airflow/example_dags/example_display_name.py
[2025-03-12T13:47:34.105+0000] {logging_mixin.py:190} INFO - [2025-03-12T13:47:34.105+0000] {dag.py:3239} INFO - Sync 1 DAGs
[2025-03-12T13:47:34.115+0000] {logging_mixin.py:190} INFO - [2025-03-12T13:47:34.115+0000] {dag.py:4180} INFO - Setting next_dagrun for example_display_name to None, run_after=None
[2025-03-12T13:47:34.130+0000] {processor.py:208} INFO - Processing /home/airflow/.local/lib/python3.12/site-packages/airflow/example_dags/example_display_name.py took 0.056 seconds
[2025-03-12T13:48:04.815+0000] {processor.py:186} INFO - Started process (PID=905) to work on /home/airflow/.local/lib/python3.12/site-packages/airflow/example_dags/example_display_name.py
[2025-03-12T13:48:04.817+0000] {processor.py:914} INFO - Processing file /home/airflow/.local/lib/python3.12/site-packages/airflow/example_dags/example_display_name.py for tasks to queue
[2025-03-12T13:48:04.818+0000] {logging_mixin.py:190} INFO - [2025-03-12T13:48:04.818+0000] {dagbag.py:588} INFO - Filling up the DagBag from /home/airflow/.local/lib/python3.12/site-packages/airflow/example_dags/example_display_name.py
[2025-03-12T13:48:04.824+0000] {processor.py:925} INFO - DAG(s) 'example_display_name' retrieved from /home/airflow/.local/lib/python3.12/site-packages/airflow/example_dags/example_display_name.py
[2025-03-12T13:48:04.841+0000] {logging_mixin.py:190} INFO - [2025-03-12T13:48:04.840+0000] {dag.py:3239} INFO - Sync 1 DAGs
[2025-03-12T13:48:04.856+0000] {logging_mixin.py:190} INFO - [2025-03-12T13:48:04.856+0000] {dag.py:4180} INFO - Setting next_dagrun for example_display_name to None, run_after=None
[2025-03-12T13:48:04.875+0000] {processor.py:208} INFO - Processing /home/airflow/.local/lib/python3.12/site-packages/airflow/example_dags/example_display_name.py took 0.065 seconds
[2025-03-12T13:48:34.952+0000] {processor.py:186} INFO - Started process (PID=1211) to work on /home/airflow/.local/lib/python3.12/site-packages/airflow/example_dags/example_display_name.py
[2025-03-12T13:48:34.953+0000] {processor.py:914} INFO - Processing file /home/airflow/.local/lib/python3.12/site-packages/airflow/example_dags/example_display_name.py for tasks to queue
[2025-03-12T13:48:34.954+0000] {logging_mixin.py:190} INFO - [2025-03-12T13:48:34.954+0000] {dagbag.py:588} INFO - Filling up the DagBag from /home/airflow/.local/lib/python3.12/site-packages/airflow/example_dags/example_display_name.py
[2025-03-12T13:48:34.960+0000] {processor.py:925} INFO - DAG(s) 'example_display_name' retrieved from /home/airflow/.local/lib/python3.12/site-packages/airflow/example_dags/example_display_name.py
[2025-03-12T13:48:34.975+0000] {logging_mixin.py:190} INFO - [2025-03-12T13:48:34.975+0000] {dag.py:3239} INFO - Sync 1 DAGs
[2025-03-12T13:48:34.986+0000] {logging_mixin.py:190} INFO - [2025-03-12T13:48:34.986+0000] {dag.py:4180} INFO - Setting next_dagrun for example_display_name to None, run_after=None
[2025-03-12T13:48:35.003+0000] {processor.py:208} INFO - Processing /home/airflow/.local/lib/python3.12/site-packages/airflow/example_dags/example_display_name.py took 0.055 seconds
[2025-03-12T13:49:05.684+0000] {processor.py:186} INFO - Started process (PID=1515) to work on /home/airflow/.local/lib/python3.12/site-packages/airflow/example_dags/example_display_name.py
[2025-03-12T13:49:05.685+0000] {processor.py:914} INFO - Processing file /home/airflow/.local/lib/python3.12/site-packages/airflow/example_dags/example_display_name.py for tasks to queue
[2025-03-12T13:49:05.687+0000] {logging_mixin.py:190} INFO - [2025-03-12T13:49:05.687+0000] {dagbag.py:588} INFO - Filling up the DagBag from /home/airflow/.local/lib/python3.12/site-packages/airflow/example_dags/example_display_name.py
[2025-03-12T13:49:05.693+0000] {processor.py:925} INFO - DAG(s) 'example_display_name' retrieved from /home/airflow/.local/lib/python3.12/site-packages/airflow/example_dags/example_display_name.py
[2025-03-12T13:49:05.710+0000] {logging_mixin.py:190} INFO - [2025-03-12T13:49:05.709+0000] {dag.py:3239} INFO - Sync 1 DAGs
[2025-03-12T13:49:05.724+0000] {logging_mixin.py:190} INFO - [2025-03-12T13:49:05.724+0000] {dag.py:4180} INFO - Setting next_dagrun for example_display_name to None, run_after=None
[2025-03-12T13:49:05.743+0000] {processor.py:208} INFO - Processing /home/airflow/.local/lib/python3.12/site-packages/airflow/example_dags/example_display_name.py took 0.063 seconds
[2025-03-12T13:49:36.348+0000] {processor.py:186} INFO - Started process (PID=1819) to work on /home/airflow/.local/lib/python3.12/site-packages/airflow/example_dags/example_display_name.py
[2025-03-12T13:49:36.349+0000] {processor.py:914} INFO - Processing file /home/airflow/.local/lib/python3.12/site-packages/airflow/example_dags/example_display_name.py for tasks to queue
[2025-03-12T13:49:36.352+0000] {logging_mixin.py:190} INFO - [2025-03-12T13:49:36.351+0000] {dagbag.py:588} INFO - Filling up the DagBag from /home/airflow/.local/lib/python3.12/site-packages/airflow/example_dags/example_display_name.py
[2025-03-12T13:49:36.359+0000] {processor.py:925} INFO - DAG(s) 'example_display_name' retrieved from /home/airflow/.local/lib/python3.12/site-packages/airflow/example_dags/example_display_name.py
[2025-03-12T13:49:36.383+0000] {logging_mixin.py:190} INFO - [2025-03-12T13:49:36.382+0000] {dag.py:3239} INFO - Sync 1 DAGs
[2025-03-12T13:49:36.399+0000] {logging_mixin.py:190} INFO - [2025-03-12T13:49:36.399+0000] {dag.py:4180} INFO - Setting next_dagrun for example_display_name to None, run_after=None
[2025-03-12T13:49:36.421+0000] {processor.py:208} INFO - Processing /home/airflow/.local/lib/python3.12/site-packages/airflow/example_dags/example_display_name.py took 0.079 seconds
[2025-03-12T13:50:07.415+0000] {processor.py:186} INFO - Started process (PID=2125) to work on /home/airflow/.local/lib/python3.12/site-packages/airflow/example_dags/example_display_name.py
[2025-03-12T13:50:07.416+0000] {processor.py:914} INFO - Processing file /home/airflow/.local/lib/python3.12/site-packages/airflow/example_dags/example_display_name.py for tasks to queue
[2025-03-12T13:50:07.418+0000] {logging_mixin.py:190} INFO - [2025-03-12T13:50:07.417+0000] {dagbag.py:588} INFO - Filling up the DagBag from /home/airflow/.local/lib/python3.12/site-packages/airflow/example_dags/example_display_name.py
[2025-03-12T13:50:07.423+0000] {processor.py:925} INFO - DAG(s) 'example_display_name' retrieved from /home/airflow/.local/lib/python3.12/site-packages/airflow/example_dags/example_display_name.py
[2025-03-12T13:50:07.437+0000] {logging_mixin.py:190} INFO - [2025-03-12T13:50:07.437+0000] {dag.py:3239} INFO - Sync 1 DAGs
[2025-03-12T13:50:07.448+0000] {logging_mixin.py:190} INFO - [2025-03-12T13:50:07.448+0000] {dag.py:4180} INFO - Setting next_dagrun for example_display_name to None, run_after=None
[2025-03-12T13:50:07.463+0000] {processor.py:208} INFO - Processing /home/airflow/.local/lib/python3.12/site-packages/airflow/example_dags/example_display_name.py took 0.052 seconds
[2025-03-12T13:50:41.980+0000] {processor.py:186} INFO - Started process (PID=2437) to work on /home/airflow/.local/lib/python3.12/site-packages/airflow/example_dags/example_display_name.py
[2025-03-12T13:50:41.981+0000] {processor.py:914} INFO - Processing file /home/airflow/.local/lib/python3.12/site-packages/airflow/example_dags/example_display_name.py for tasks to queue
[2025-03-12T13:50:41.983+0000] {logging_mixin.py:190} INFO - [2025-03-12T13:50:41.983+0000] {dagbag.py:588} INFO - Filling up the DagBag from /home/airflow/.local/lib/python3.12/site-packages/airflow/example_dags/example_display_name.py
[2025-03-12T13:50:41.992+0000] {processor.py:925} INFO - DAG(s) 'example_display_name' retrieved from /home/airflow/.local/lib/python3.12/site-packages/airflow/example_dags/example_display_name.py
[2025-03-12T13:50:42.010+0000] {logging_mixin.py:190} INFO - [2025-03-12T13:50:42.010+0000] {dag.py:3239} INFO - Sync 1 DAGs
[2025-03-12T13:50:42.023+0000] {logging_mixin.py:190} INFO - [2025-03-12T13:50:42.023+0000] {dag.py:4180} INFO - Setting next_dagrun for example_display_name to None, run_after=None
[2025-03-12T13:50:42.039+0000] {processor.py:208} INFO - Processing /home/airflow/.local/lib/python3.12/site-packages/airflow/example_dags/example_display_name.py took 0.064 seconds
[2025-03-12T13:51:14.597+0000] {processor.py:186} INFO - Started process (PID=2743) to work on /home/airflow/.local/lib/python3.12/site-packages/airflow/example_dags/example_display_name.py
[2025-03-12T13:51:14.598+0000] {processor.py:914} INFO - Processing file /home/airflow/.local/lib/python3.12/site-packages/airflow/example_dags/example_display_name.py for tasks to queue
[2025-03-12T13:51:14.600+0000] {logging_mixin.py:190} INFO - [2025-03-12T13:51:14.600+0000] {dagbag.py:588} INFO - Filling up the DagBag from /home/airflow/.local/lib/python3.12/site-packages/airflow/example_dags/example_display_name.py
[2025-03-12T13:51:14.606+0000] {processor.py:925} INFO - DAG(s) 'example_display_name' retrieved from /home/airflow/.local/lib/python3.12/site-packages/airflow/example_dags/example_display_name.py
[2025-03-12T13:51:14.621+0000] {logging_mixin.py:190} INFO - [2025-03-12T13:51:14.621+0000] {dag.py:3239} INFO - Sync 1 DAGs
[2025-03-12T13:51:14.631+0000] {logging_mixin.py:190} INFO - [2025-03-12T13:51:14.631+0000] {dag.py:4180} INFO - Setting next_dagrun for example_display_name to None, run_after=None
[2025-03-12T13:51:14.645+0000] {processor.py:208} INFO - Processing /home/airflow/.local/lib/python3.12/site-packages/airflow/example_dags/example_display_name.py took 0.053 seconds
[2025-03-12T13:51:47.640+0000] {processor.py:186} INFO - Started process (PID=3049) to work on /home/airflow/.local/lib/python3.12/site-packages/airflow/example_dags/example_display_name.py
[2025-03-12T13:51:47.642+0000] {processor.py:914} INFO - Processing file /home/airflow/.local/lib/python3.12/site-packages/airflow/example_dags/example_display_name.py for tasks to queue
[2025-03-12T13:51:47.645+0000] {logging_mixin.py:190} INFO - [2025-03-12T13:51:47.644+0000] {dagbag.py:588} INFO - Filling up the DagBag from /home/airflow/.local/lib/python3.12/site-packages/airflow/example_dags/example_display_name.py
[2025-03-12T13:51:47.650+0000] {processor.py:925} INFO - DAG(s) 'example_display_name' retrieved from /home/airflow/.local/lib/python3.12/site-packages/airflow/example_dags/example_display_name.py
[2025-03-12T13:51:47.665+0000] {logging_mixin.py:190} INFO - [2025-03-12T13:51:47.665+0000] {dag.py:3239} INFO - Sync 1 DAGs
[2025-03-12T13:51:47.679+0000] {logging_mixin.py:190} INFO - [2025-03-12T13:51:47.679+0000] {dag.py:4180} INFO - Setting next_dagrun for example_display_name to None, run_after=None
[2025-03-12T13:51:47.694+0000] {processor.py:208} INFO - Processing /home/airflow/.local/lib/python3.12/site-packages/airflow/example_dags/example_display_name.py took 0.058 seconds
[2025-03-12T13:52:21.162+0000] {processor.py:186} INFO - Started process (PID=3355) to work on /home/airflow/.local/lib/python3.12/site-packages/airflow/example_dags/example_display_name.py
[2025-03-12T13:52:21.163+0000] {processor.py:914} INFO - Processing file /home/airflow/.local/lib/python3.12/site-packages/airflow/example_dags/example_display_name.py for tasks to queue
[2025-03-12T13:52:21.164+0000] {logging_mixin.py:190} INFO - [2025-03-12T13:52:21.164+0000] {dagbag.py:588} INFO - Filling up the DagBag from /home/airflow/.local/lib/python3.12/site-packages/airflow/example_dags/example_display_name.py
[2025-03-12T13:52:21.170+0000] {processor.py:925} INFO - DAG(s) 'example_display_name' retrieved from /home/airflow/.local/lib/python3.12/site-packages/airflow/example_dags/example_display_name.py
[2025-03-12T13:52:21.186+0000] {logging_mixin.py:190} INFO - [2025-03-12T13:52:21.185+0000] {dag.py:3239} INFO - Sync 1 DAGs
[2025-03-12T13:52:21.197+0000] {logging_mixin.py:190} INFO - [2025-03-12T13:52:21.197+0000] {dag.py:4180} INFO - Setting next_dagrun for example_display_name to None, run_after=None
[2025-03-12T13:52:21.209+0000] {processor.py:208} INFO - Processing /home/airflow/.local/lib/python3.12/site-packages/airflow/example_dags/example_display_name.py took 0.052 seconds
[2025-03-12T13:52:55.787+0000] {processor.py:186} INFO - Started process (PID=3661) to work on /home/airflow/.local/lib/python3.12/site-packages/airflow/example_dags/example_display_name.py
[2025-03-12T13:52:55.789+0000] {processor.py:914} INFO - Processing file /home/airflow/.local/lib/python3.12/site-packages/airflow/example_dags/example_display_name.py for tasks to queue
[2025-03-12T13:52:55.793+0000] {logging_mixin.py:190} INFO - [2025-03-12T13:52:55.792+0000] {dagbag.py:588} INFO - Filling up the DagBag from /home/airflow/.local/lib/python3.12/site-packages/airflow/example_dags/example_display_name.py
[2025-03-12T13:52:55.805+0000] {processor.py:925} INFO - DAG(s) 'example_display_name' retrieved from /home/airflow/.local/lib/python3.12/site-packages/airflow/example_dags/example_display_name.py
[2025-03-12T13:52:55.843+0000] {logging_mixin.py:190} INFO - [2025-03-12T13:52:55.842+0000] {dag.py:3239} INFO - Sync 1 DAGs
[2025-03-12T13:52:55.866+0000] {logging_mixin.py:190} INFO - [2025-03-12T13:52:55.866+0000] {dag.py:4180} INFO - Setting next_dagrun for example_display_name to None, run_after=None
[2025-03-12T13:52:55.890+0000] {processor.py:208} INFO - Processing /home/airflow/.local/lib/python3.12/site-packages/airflow/example_dags/example_display_name.py took 0.112 seconds
[2025-03-12T13:53:28.128+0000] {processor.py:186} INFO - Started process (PID=3967) to work on /home/airflow/.local/lib/python3.12/site-packages/airflow/example_dags/example_display_name.py
[2025-03-12T13:53:28.130+0000] {processor.py:914} INFO - Processing file /home/airflow/.local/lib/python3.12/site-packages/airflow/example_dags/example_display_name.py for tasks to queue
[2025-03-12T13:53:28.134+0000] {logging_mixin.py:190} INFO - [2025-03-12T13:53:28.133+0000] {dagbag.py:588} INFO - Filling up the DagBag from /home/airflow/.local/lib/python3.12/site-packages/airflow/example_dags/example_display_name.py
[2025-03-12T13:53:28.145+0000] {processor.py:925} INFO - DAG(s) 'example_display_name' retrieved from /home/airflow/.local/lib/python3.12/site-packages/airflow/example_dags/example_display_name.py
[2025-03-12T13:53:28.172+0000] {logging_mixin.py:190} INFO - [2025-03-12T13:53:28.172+0000] {dag.py:3239} INFO - Sync 1 DAGs
[2025-03-12T13:53:28.197+0000] {logging_mixin.py:190} INFO - [2025-03-12T13:53:28.196+0000] {dag.py:4180} INFO - Setting next_dagrun for example_display_name to None, run_after=None
[2025-03-12T13:53:28.227+0000] {processor.py:208} INFO - Processing /home/airflow/.local/lib/python3.12/site-packages/airflow/example_dags/example_display_name.py took 0.106 seconds
[2025-03-12T13:54:01.235+0000] {processor.py:186} INFO - Started process (PID=4273) to work on /home/airflow/.local/lib/python3.12/site-packages/airflow/example_dags/example_display_name.py
[2025-03-12T13:54:01.236+0000] {processor.py:914} INFO - Processing file /home/airflow/.local/lib/python3.12/site-packages/airflow/example_dags/example_display_name.py for tasks to queue
[2025-03-12T13:54:01.239+0000] {logging_mixin.py:190} INFO - [2025-03-12T13:54:01.239+0000] {dagbag.py:588} INFO - Filling up the DagBag from /home/airflow/.local/lib/python3.12/site-packages/airflow/example_dags/example_display_name.py
[2025-03-12T13:54:01.247+0000] {processor.py:925} INFO - DAG(s) 'example_display_name' retrieved from /home/airflow/.local/lib/python3.12/site-packages/airflow/example_dags/example_display_name.py
[2025-03-12T13:54:01.270+0000] {logging_mixin.py:190} INFO - [2025-03-12T13:54:01.270+0000] {dag.py:3239} INFO - Sync 1 DAGs
[2025-03-12T13:54:01.293+0000] {logging_mixin.py:190} INFO - [2025-03-12T13:54:01.292+0000] {dag.py:4180} INFO - Setting next_dagrun for example_display_name to None, run_after=None
[2025-03-12T13:54:01.315+0000] {processor.py:208} INFO - Processing /home/airflow/.local/lib/python3.12/site-packages/airflow/example_dags/example_display_name.py took 0.087 seconds
[2025-03-12T13:54:34.924+0000] {processor.py:186} INFO - Started process (PID=4579) to work on /home/airflow/.local/lib/python3.12/site-packages/airflow/example_dags/example_display_name.py
[2025-03-12T13:54:34.925+0000] {processor.py:914} INFO - Processing file /home/airflow/.local/lib/python3.12/site-packages/airflow/example_dags/example_display_name.py for tasks to queue
[2025-03-12T13:54:34.928+0000] {logging_mixin.py:190} INFO - [2025-03-12T13:54:34.927+0000] {dagbag.py:588} INFO - Filling up the DagBag from /home/airflow/.local/lib/python3.12/site-packages/airflow/example_dags/example_display_name.py
[2025-03-12T13:54:34.936+0000] {processor.py:925} INFO - DAG(s) 'example_display_name' retrieved from /home/airflow/.local/lib/python3.12/site-packages/airflow/example_dags/example_display_name.py
[2025-03-12T13:54:34.956+0000] {logging_mixin.py:190} INFO - [2025-03-12T13:54:34.956+0000] {dag.py:3239} INFO - Sync 1 DAGs
[2025-03-12T13:54:34.974+0000] {logging_mixin.py:190} INFO - [2025-03-12T13:54:34.974+0000] {dag.py:4180} INFO - Setting next_dagrun for example_display_name to None, run_after=None
[2025-03-12T13:54:34.995+0000] {processor.py:208} INFO - Processing /home/airflow/.local/lib/python3.12/site-packages/airflow/example_dags/example_display_name.py took 0.078 seconds
[2025-03-12T13:55:08.519+0000] {processor.py:186} INFO - Started process (PID=4885) to work on /home/airflow/.local/lib/python3.12/site-packages/airflow/example_dags/example_display_name.py
[2025-03-12T13:55:08.520+0000] {processor.py:914} INFO - Processing file /home/airflow/.local/lib/python3.12/site-packages/airflow/example_dags/example_display_name.py for tasks to queue
[2025-03-12T13:55:08.522+0000] {logging_mixin.py:190} INFO - [2025-03-12T13:55:08.522+0000] {dagbag.py:588} INFO - Filling up the DagBag from /home/airflow/.local/lib/python3.12/site-packages/airflow/example_dags/example_display_name.py
[2025-03-12T13:55:08.530+0000] {processor.py:925} INFO - DAG(s) 'example_display_name' retrieved from /home/airflow/.local/lib/python3.12/site-packages/airflow/example_dags/example_display_name.py
[2025-03-12T13:55:08.546+0000] {logging_mixin.py:190} INFO - [2025-03-12T13:55:08.546+0000] {dag.py:3239} INFO - Sync 1 DAGs
[2025-03-12T13:55:08.558+0000] {logging_mixin.py:190} INFO - [2025-03-12T13:55:08.558+0000] {dag.py:4180} INFO - Setting next_dagrun for example_display_name to None, run_after=None
[2025-03-12T13:55:08.573+0000] {processor.py:208} INFO - Processing /home/airflow/.local/lib/python3.12/site-packages/airflow/example_dags/example_display_name.py took 0.058 seconds
[2025-03-12T13:55:40.895+0000] {processor.py:186} INFO - Started process (PID=5193) to work on /home/airflow/.local/lib/python3.12/site-packages/airflow/example_dags/example_display_name.py
[2025-03-12T13:55:40.896+0000] {processor.py:914} INFO - Processing file /home/airflow/.local/lib/python3.12/site-packages/airflow/example_dags/example_display_name.py for tasks to queue
[2025-03-12T13:55:40.897+0000] {logging_mixin.py:190} INFO - [2025-03-12T13:55:40.897+0000] {dagbag.py:588} INFO - Filling up the DagBag from /home/airflow/.local/lib/python3.12/site-packages/airflow/example_dags/example_display_name.py
[2025-03-12T13:55:40.903+0000] {processor.py:925} INFO - DAG(s) 'example_display_name' retrieved from /home/airflow/.local/lib/python3.12/site-packages/airflow/example_dags/example_display_name.py
[2025-03-12T13:55:40.918+0000] {logging_mixin.py:190} INFO - [2025-03-12T13:55:40.918+0000] {dag.py:3239} INFO - Sync 1 DAGs
[2025-03-12T13:55:40.929+0000] {logging_mixin.py:190} INFO - [2025-03-12T13:55:40.929+0000] {dag.py:4180} INFO - Setting next_dagrun for example_display_name to None, run_after=None
[2025-03-12T13:55:40.943+0000] {processor.py:208} INFO - Processing /home/airflow/.local/lib/python3.12/site-packages/airflow/example_dags/example_display_name.py took 0.052 seconds
[2025-03-12T13:56:14.816+0000] {processor.py:186} INFO - Started process (PID=5497) to work on /home/airflow/.local/lib/python3.12/site-packages/airflow/example_dags/example_display_name.py
[2025-03-12T13:56:14.816+0000] {processor.py:914} INFO - Processing file /home/airflow/.local/lib/python3.12/site-packages/airflow/example_dags/example_display_name.py for tasks to queue
[2025-03-12T13:56:14.818+0000] {logging_mixin.py:190} INFO - [2025-03-12T13:56:14.818+0000] {dagbag.py:588} INFO - Filling up the DagBag from /home/airflow/.local/lib/python3.12/site-packages/airflow/example_dags/example_display_name.py
[2025-03-12T13:56:14.825+0000] {processor.py:925} INFO - DAG(s) 'example_display_name' retrieved from /home/airflow/.local/lib/python3.12/site-packages/airflow/example_dags/example_display_name.py
[2025-03-12T13:56:14.841+0000] {logging_mixin.py:190} INFO - [2025-03-12T13:56:14.841+0000] {dag.py:3239} INFO - Sync 1 DAGs
[2025-03-12T13:56:14.854+0000] {logging_mixin.py:190} INFO - [2025-03-12T13:56:14.854+0000] {dag.py:4180} INFO - Setting next_dagrun for example_display_name to None, run_after=None
[2025-03-12T13:56:14.870+0000] {processor.py:208} INFO - Processing /home/airflow/.local/lib/python3.12/site-packages/airflow/example_dags/example_display_name.py took 0.059 seconds
[2025-03-12T13:56:47.891+0000] {processor.py:186} INFO - Started process (PID=5803) to work on /home/airflow/.local/lib/python3.12/site-packages/airflow/example_dags/example_display_name.py
[2025-03-12T13:56:47.891+0000] {processor.py:914} INFO - Processing file /home/airflow/.local/lib/python3.12/site-packages/airflow/example_dags/example_display_name.py for tasks to queue
[2025-03-12T13:56:47.893+0000] {logging_mixin.py:190} INFO - [2025-03-12T13:56:47.893+0000] {dagbag.py:588} INFO - Filling up the DagBag from /home/airflow/.local/lib/python3.12/site-packages/airflow/example_dags/example_display_name.py
[2025-03-12T13:56:47.899+0000] {processor.py:925} INFO - DAG(s) 'example_display_name' retrieved from /home/airflow/.local/lib/python3.12/site-packages/airflow/example_dags/example_display_name.py
[2025-03-12T13:56:47.914+0000] {logging_mixin.py:190} INFO - [2025-03-12T13:56:47.914+0000] {dag.py:3239} INFO - Sync 1 DAGs
[2025-03-12T13:56:47.924+0000] {logging_mixin.py:190} INFO - [2025-03-12T13:56:47.923+0000] {dag.py:4180} INFO - Setting next_dagrun for example_display_name to None, run_after=None
[2025-03-12T13:56:47.939+0000] {processor.py:208} INFO - Processing /home/airflow/.local/lib/python3.12/site-packages/airflow/example_dags/example_display_name.py took 0.052 seconds
[2025-03-12T13:57:21.320+0000] {processor.py:186} INFO - Started process (PID=6109) to work on /home/airflow/.local/lib/python3.12/site-packages/airflow/example_dags/example_display_name.py
[2025-03-12T13:57:21.321+0000] {processor.py:914} INFO - Processing file /home/airflow/.local/lib/python3.12/site-packages/airflow/example_dags/example_display_name.py for tasks to queue
[2025-03-12T13:57:21.323+0000] {logging_mixin.py:190} INFO - [2025-03-12T13:57:21.323+0000] {dagbag.py:588} INFO - Filling up the DagBag from /home/airflow/.local/lib/python3.12/site-packages/airflow/example_dags/example_display_name.py
[2025-03-12T13:57:21.329+0000] {processor.py:925} INFO - DAG(s) 'example_display_name' retrieved from /home/airflow/.local/lib/python3.12/site-packages/airflow/example_dags/example_display_name.py
[2025-03-12T13:57:21.344+0000] {logging_mixin.py:190} INFO - [2025-03-12T13:57:21.344+0000] {dag.py:3239} INFO - Sync 1 DAGs
[2025-03-12T13:57:21.355+0000] {logging_mixin.py:190} INFO - [2025-03-12T13:57:21.355+0000] {dag.py:4180} INFO - Setting next_dagrun for example_display_name to None, run_after=None
[2025-03-12T13:57:21.370+0000] {processor.py:208} INFO - Processing /home/airflow/.local/lib/python3.12/site-packages/airflow/example_dags/example_display_name.py took 0.055 seconds
[2025-03-12T13:57:55.165+0000] {processor.py:186} INFO - Started process (PID=6417) to work on /home/airflow/.local/lib/python3.12/site-packages/airflow/example_dags/example_display_name.py
[2025-03-12T13:57:55.166+0000] {processor.py:914} INFO - Processing file /home/airflow/.local/lib/python3.12/site-packages/airflow/example_dags/example_display_name.py for tasks to queue
[2025-03-12T13:57:55.168+0000] {logging_mixin.py:190} INFO - [2025-03-12T13:57:55.168+0000] {dagbag.py:588} INFO - Filling up the DagBag from /home/airflow/.local/lib/python3.12/site-packages/airflow/example_dags/example_display_name.py
[2025-03-12T13:57:55.175+0000] {processor.py:925} INFO - DAG(s) 'example_display_name' retrieved from /home/airflow/.local/lib/python3.12/site-packages/airflow/example_dags/example_display_name.py
[2025-03-12T13:57:55.191+0000] {logging_mixin.py:190} INFO - [2025-03-12T13:57:55.191+0000] {dag.py:3239} INFO - Sync 1 DAGs
[2025-03-12T13:57:55.201+0000] {logging_mixin.py:190} INFO - [2025-03-12T13:57:55.200+0000] {dag.py:4180} INFO - Setting next_dagrun for example_display_name to None, run_after=None
[2025-03-12T13:57:55.214+0000] {processor.py:208} INFO - Processing /home/airflow/.local/lib/python3.12/site-packages/airflow/example_dags/example_display_name.py took 0.053 seconds
[2025-03-12T13:58:28.178+0000] {processor.py:186} INFO - Started process (PID=6723) to work on /home/airflow/.local/lib/python3.12/site-packages/airflow/example_dags/example_display_name.py
[2025-03-12T13:58:28.179+0000] {processor.py:914} INFO - Processing file /home/airflow/.local/lib/python3.12/site-packages/airflow/example_dags/example_display_name.py for tasks to queue
[2025-03-12T13:58:28.181+0000] {logging_mixin.py:190} INFO - [2025-03-12T13:58:28.181+0000] {dagbag.py:588} INFO - Filling up the DagBag from /home/airflow/.local/lib/python3.12/site-packages/airflow/example_dags/example_display_name.py
[2025-03-12T13:58:28.188+0000] {processor.py:925} INFO - DAG(s) 'example_display_name' retrieved from /home/airflow/.local/lib/python3.12/site-packages/airflow/example_dags/example_display_name.py
[2025-03-12T13:58:28.204+0000] {logging_mixin.py:190} INFO - [2025-03-12T13:58:28.203+0000] {dag.py:3239} INFO - Sync 1 DAGs
[2025-03-12T13:58:28.216+0000] {logging_mixin.py:190} INFO - [2025-03-12T13:58:28.215+0000] {dag.py:4180} INFO - Setting next_dagrun for example_display_name to None, run_after=None
[2025-03-12T13:58:28.231+0000] {processor.py:208} INFO - Processing /home/airflow/.local/lib/python3.12/site-packages/airflow/example_dags/example_display_name.py took 0.057 seconds
[2025-03-12T13:59:01.742+0000] {processor.py:186} INFO - Started process (PID=7029) to work on /home/airflow/.local/lib/python3.12/site-packages/airflow/example_dags/example_display_name.py
[2025-03-12T13:59:01.747+0000] {processor.py:914} INFO - Processing file /home/airflow/.local/lib/python3.12/site-packages/airflow/example_dags/example_display_name.py for tasks to queue
[2025-03-12T13:59:01.752+0000] {logging_mixin.py:190} INFO - [2025-03-12T13:59:01.752+0000] {dagbag.py:588} INFO - Filling up the DagBag from /home/airflow/.local/lib/python3.12/site-packages/airflow/example_dags/example_display_name.py
[2025-03-12T13:59:01.769+0000] {processor.py:925} INFO - DAG(s) 'example_display_name' retrieved from /home/airflow/.local/lib/python3.12/site-packages/airflow/example_dags/example_display_name.py
[2025-03-12T13:59:01.791+0000] {logging_mixin.py:190} INFO - [2025-03-12T13:59:01.791+0000] {dag.py:3239} INFO - Sync 1 DAGs
[2025-03-12T13:59:01.814+0000] {logging_mixin.py:190} INFO - [2025-03-12T13:59:01.814+0000] {dag.py:4180} INFO - Setting next_dagrun for example_display_name to None, run_after=None
[2025-03-12T13:59:01.844+0000] {processor.py:208} INFO - Processing /home/airflow/.local/lib/python3.12/site-packages/airflow/example_dags/example_display_name.py took 0.113 seconds
[2025-03-12T13:59:34.497+0000] {processor.py:186} INFO - Started process (PID=7335) to work on /home/airflow/.local/lib/python3.12/site-packages/airflow/example_dags/example_display_name.py
[2025-03-12T13:59:34.498+0000] {processor.py:914} INFO - Processing file /home/airflow/.local/lib/python3.12/site-packages/airflow/example_dags/example_display_name.py for tasks to queue
[2025-03-12T13:59:34.499+0000] {logging_mixin.py:190} INFO - [2025-03-12T13:59:34.499+0000] {dagbag.py:588} INFO - Filling up the DagBag from /home/airflow/.local/lib/python3.12/site-packages/airflow/example_dags/example_display_name.py
[2025-03-12T13:59:34.505+0000] {processor.py:925} INFO - DAG(s) 'example_display_name' retrieved from /home/airflow/.local/lib/python3.12/site-packages/airflow/example_dags/example_display_name.py
[2025-03-12T13:59:34.519+0000] {logging_mixin.py:190} INFO - [2025-03-12T13:59:34.519+0000] {dag.py:3239} INFO - Sync 1 DAGs
[2025-03-12T13:59:34.529+0000] {logging_mixin.py:190} INFO - [2025-03-12T13:59:34.529+0000] {dag.py:4180} INFO - Setting next_dagrun for example_display_name to None, run_after=None
[2025-03-12T13:59:34.544+0000] {processor.py:208} INFO - Processing /home/airflow/.local/lib/python3.12/site-packages/airflow/example_dags/example_display_name.py took 0.051 seconds
[2025-03-12T14:00:08.316+0000] {processor.py:186} INFO - Started process (PID=7641) to work on /home/airflow/.local/lib/python3.12/site-packages/airflow/example_dags/example_display_name.py
[2025-03-12T14:00:08.317+0000] {processor.py:914} INFO - Processing file /home/airflow/.local/lib/python3.12/site-packages/airflow/example_dags/example_display_name.py for tasks to queue
[2025-03-12T14:00:08.319+0000] {logging_mixin.py:190} INFO - [2025-03-12T14:00:08.319+0000] {dagbag.py:588} INFO - Filling up the DagBag from /home/airflow/.local/lib/python3.12/site-packages/airflow/example_dags/example_display_name.py
[2025-03-12T14:00:08.324+0000] {processor.py:925} INFO - DAG(s) 'example_display_name' retrieved from /home/airflow/.local/lib/python3.12/site-packages/airflow/example_dags/example_display_name.py
[2025-03-12T14:00:08.340+0000] {logging_mixin.py:190} INFO - [2025-03-12T14:00:08.340+0000] {dag.py:3239} INFO - Sync 1 DAGs
[2025-03-12T14:00:08.351+0000] {logging_mixin.py:190} INFO - [2025-03-12T14:00:08.351+0000] {dag.py:4180} INFO - Setting next_dagrun for example_display_name to None, run_after=None
[2025-03-12T14:00:08.365+0000] {processor.py:208} INFO - Processing /home/airflow/.local/lib/python3.12/site-packages/airflow/example_dags/example_display_name.py took 0.053 seconds
[2025-03-12T14:00:41.029+0000] {processor.py:186} INFO - Started process (PID=7945) to work on /home/airflow/.local/lib/python3.12/site-packages/airflow/example_dags/example_display_name.py
[2025-03-12T14:00:41.030+0000] {processor.py:914} INFO - Processing file /home/airflow/.local/lib/python3.12/site-packages/airflow/example_dags/example_display_name.py for tasks to queue
[2025-03-12T14:00:41.032+0000] {logging_mixin.py:190} INFO - [2025-03-12T14:00:41.032+0000] {dagbag.py:588} INFO - Filling up the DagBag from /home/airflow/.local/lib/python3.12/site-packages/airflow/example_dags/example_display_name.py
[2025-03-12T14:00:41.038+0000] {processor.py:925} INFO - DAG(s) 'example_display_name' retrieved from /home/airflow/.local/lib/python3.12/site-packages/airflow/example_dags/example_display_name.py
[2025-03-12T14:00:41.053+0000] {logging_mixin.py:190} INFO - [2025-03-12T14:00:41.053+0000] {dag.py:3239} INFO - Sync 1 DAGs
[2025-03-12T14:00:41.065+0000] {logging_mixin.py:190} INFO - [2025-03-12T14:00:41.065+0000] {dag.py:4180} INFO - Setting next_dagrun for example_display_name to None, run_after=None
[2025-03-12T14:00:41.079+0000] {processor.py:208} INFO - Processing /home/airflow/.local/lib/python3.12/site-packages/airflow/example_dags/example_display_name.py took 0.055 seconds
[2025-03-12T14:01:14.573+0000] {processor.py:186} INFO - Started process (PID=8251) to work on /home/airflow/.local/lib/python3.12/site-packages/airflow/example_dags/example_display_name.py
[2025-03-12T14:01:14.574+0000] {processor.py:914} INFO - Processing file /home/airflow/.local/lib/python3.12/site-packages/airflow/example_dags/example_display_name.py for tasks to queue
[2025-03-12T14:01:14.575+0000] {logging_mixin.py:190} INFO - [2025-03-12T14:01:14.575+0000] {dagbag.py:588} INFO - Filling up the DagBag from /home/airflow/.local/lib/python3.12/site-packages/airflow/example_dags/example_display_name.py
[2025-03-12T14:01:14.581+0000] {processor.py:925} INFO - DAG(s) 'example_display_name' retrieved from /home/airflow/.local/lib/python3.12/site-packages/airflow/example_dags/example_display_name.py
[2025-03-12T14:01:14.597+0000] {logging_mixin.py:190} INFO - [2025-03-12T14:01:14.596+0000] {dag.py:3239} INFO - Sync 1 DAGs
[2025-03-12T14:01:14.607+0000] {logging_mixin.py:190} INFO - [2025-03-12T14:01:14.607+0000] {dag.py:4180} INFO - Setting next_dagrun for example_display_name to None, run_after=None
[2025-03-12T14:01:14.623+0000] {processor.py:208} INFO - Processing /home/airflow/.local/lib/python3.12/site-packages/airflow/example_dags/example_display_name.py took 0.055 seconds
[2025-03-12T14:01:47.595+0000] {processor.py:186} INFO - Started process (PID=8558) to work on /home/airflow/.local/lib/python3.12/site-packages/airflow/example_dags/example_display_name.py
[2025-03-12T14:01:47.596+0000] {processor.py:914} INFO - Processing file /home/airflow/.local/lib/python3.12/site-packages/airflow/example_dags/example_display_name.py for tasks to queue
[2025-03-12T14:01:47.597+0000] {logging_mixin.py:190} INFO - [2025-03-12T14:01:47.597+0000] {dagbag.py:588} INFO - Filling up the DagBag from /home/airflow/.local/lib/python3.12/site-packages/airflow/example_dags/example_display_name.py
[2025-03-12T14:01:47.604+0000] {processor.py:925} INFO - DAG(s) 'example_display_name' retrieved from /home/airflow/.local/lib/python3.12/site-packages/airflow/example_dags/example_display_name.py
[2025-03-12T14:01:47.621+0000] {logging_mixin.py:190} INFO - [2025-03-12T14:01:47.620+0000] {dag.py:3239} INFO - Sync 1 DAGs
[2025-03-12T14:01:47.635+0000] {logging_mixin.py:190} INFO - [2025-03-12T14:01:47.634+0000] {dag.py:4180} INFO - Setting next_dagrun for example_display_name to None, run_after=None
[2025-03-12T14:01:47.651+0000] {processor.py:208} INFO - Processing /home/airflow/.local/lib/python3.12/site-packages/airflow/example_dags/example_display_name.py took 0.061 seconds
[2025-03-12T14:02:21.449+0000] {processor.py:186} INFO - Started process (PID=8864) to work on /home/airflow/.local/lib/python3.12/site-packages/airflow/example_dags/example_display_name.py
[2025-03-12T14:02:21.450+0000] {processor.py:914} INFO - Processing file /home/airflow/.local/lib/python3.12/site-packages/airflow/example_dags/example_display_name.py for tasks to queue
[2025-03-12T14:02:21.452+0000] {logging_mixin.py:190} INFO - [2025-03-12T14:02:21.451+0000] {dagbag.py:588} INFO - Filling up the DagBag from /home/airflow/.local/lib/python3.12/site-packages/airflow/example_dags/example_display_name.py
[2025-03-12T14:02:21.457+0000] {processor.py:925} INFO - DAG(s) 'example_display_name' retrieved from /home/airflow/.local/lib/python3.12/site-packages/airflow/example_dags/example_display_name.py
[2025-03-12T14:02:21.472+0000] {logging_mixin.py:190} INFO - [2025-03-12T14:02:21.471+0000] {dag.py:3239} INFO - Sync 1 DAGs
[2025-03-12T14:02:21.482+0000] {logging_mixin.py:190} INFO - [2025-03-12T14:02:21.482+0000] {dag.py:4180} INFO - Setting next_dagrun for example_display_name to None, run_after=None
[2025-03-12T14:02:21.497+0000] {processor.py:208} INFO - Processing /home/airflow/.local/lib/python3.12/site-packages/airflow/example_dags/example_display_name.py took 0.052 seconds
[2025-03-12T14:02:54.775+0000] {processor.py:186} INFO - Started process (PID=9170) to work on /home/airflow/.local/lib/python3.12/site-packages/airflow/example_dags/example_display_name.py
[2025-03-12T14:02:54.776+0000] {processor.py:914} INFO - Processing file /home/airflow/.local/lib/python3.12/site-packages/airflow/example_dags/example_display_name.py for tasks to queue
[2025-03-12T14:02:54.777+0000] {logging_mixin.py:190} INFO - [2025-03-12T14:02:54.777+0000] {dagbag.py:588} INFO - Filling up the DagBag from /home/airflow/.local/lib/python3.12/site-packages/airflow/example_dags/example_display_name.py
[2025-03-12T14:02:54.783+0000] {processor.py:925} INFO - DAG(s) 'example_display_name' retrieved from /home/airflow/.local/lib/python3.12/site-packages/airflow/example_dags/example_display_name.py
[2025-03-12T14:02:54.799+0000] {logging_mixin.py:190} INFO - [2025-03-12T14:02:54.798+0000] {dag.py:3239} INFO - Sync 1 DAGs
[2025-03-12T14:02:54.809+0000] {logging_mixin.py:190} INFO - [2025-03-12T14:02:54.808+0000] {dag.py:4180} INFO - Setting next_dagrun for example_display_name to None, run_after=None
[2025-03-12T14:02:54.823+0000] {processor.py:208} INFO - Processing /home/airflow/.local/lib/python3.12/site-packages/airflow/example_dags/example_display_name.py took 0.052 seconds
[2025-03-12T14:03:27.733+0000] {processor.py:186} INFO - Started process (PID=9476) to work on /home/airflow/.local/lib/python3.12/site-packages/airflow/example_dags/example_display_name.py
[2025-03-12T14:03:27.734+0000] {processor.py:914} INFO - Processing file /home/airflow/.local/lib/python3.12/site-packages/airflow/example_dags/example_display_name.py for tasks to queue
[2025-03-12T14:03:27.736+0000] {logging_mixin.py:190} INFO - [2025-03-12T14:03:27.736+0000] {dagbag.py:588} INFO - Filling up the DagBag from /home/airflow/.local/lib/python3.12/site-packages/airflow/example_dags/example_display_name.py
[2025-03-12T14:03:27.744+0000] {processor.py:925} INFO - DAG(s) 'example_display_name' retrieved from /home/airflow/.local/lib/python3.12/site-packages/airflow/example_dags/example_display_name.py
[2025-03-12T14:03:27.767+0000] {logging_mixin.py:190} INFO - [2025-03-12T14:03:27.767+0000] {dag.py:3239} INFO - Sync 1 DAGs
[2025-03-12T14:03:27.779+0000] {logging_mixin.py:190} INFO - [2025-03-12T14:03:27.779+0000] {dag.py:4180} INFO - Setting next_dagrun for example_display_name to None, run_after=None
[2025-03-12T14:03:27.800+0000] {processor.py:208} INFO - Processing /home/airflow/.local/lib/python3.12/site-packages/airflow/example_dags/example_display_name.py took 0.073 seconds
[2025-03-12T14:04:02.636+0000] {processor.py:186} INFO - Started process (PID=9782) to work on /home/airflow/.local/lib/python3.12/site-packages/airflow/example_dags/example_display_name.py
[2025-03-12T14:04:02.637+0000] {processor.py:914} INFO - Processing file /home/airflow/.local/lib/python3.12/site-packages/airflow/example_dags/example_display_name.py for tasks to queue
[2025-03-12T14:04:02.640+0000] {logging_mixin.py:190} INFO - [2025-03-12T14:04:02.639+0000] {dagbag.py:588} INFO - Filling up the DagBag from /home/airflow/.local/lib/python3.12/site-packages/airflow/example_dags/example_display_name.py
[2025-03-12T14:04:02.652+0000] {processor.py:925} INFO - DAG(s) 'example_display_name' retrieved from /home/airflow/.local/lib/python3.12/site-packages/airflow/example_dags/example_display_name.py
[2025-03-12T14:04:02.679+0000] {logging_mixin.py:190} INFO - [2025-03-12T14:04:02.679+0000] {dag.py:3239} INFO - Sync 1 DAGs
[2025-03-12T14:04:02.705+0000] {logging_mixin.py:190} INFO - [2025-03-12T14:04:02.705+0000] {dag.py:4180} INFO - Setting next_dagrun for example_display_name to None, run_after=None
[2025-03-12T14:04:02.749+0000] {processor.py:208} INFO - Processing /home/airflow/.local/lib/python3.12/site-packages/airflow/example_dags/example_display_name.py took 0.121 seconds
[2025-03-12T14:04:33.789+0000] {processor.py:186} INFO - Started process (PID=10088) to work on /home/airflow/.local/lib/python3.12/site-packages/airflow/example_dags/example_display_name.py
[2025-03-12T14:04:33.790+0000] {processor.py:914} INFO - Processing file /home/airflow/.local/lib/python3.12/site-packages/airflow/example_dags/example_display_name.py for tasks to queue
[2025-03-12T14:04:33.791+0000] {logging_mixin.py:190} INFO - [2025-03-12T14:04:33.791+0000] {dagbag.py:588} INFO - Filling up the DagBag from /home/airflow/.local/lib/python3.12/site-packages/airflow/example_dags/example_display_name.py
[2025-03-12T14:04:33.797+0000] {processor.py:925} INFO - DAG(s) 'example_display_name' retrieved from /home/airflow/.local/lib/python3.12/site-packages/airflow/example_dags/example_display_name.py
[2025-03-12T14:04:33.813+0000] {logging_mixin.py:190} INFO - [2025-03-12T14:04:33.813+0000] {dag.py:3239} INFO - Sync 1 DAGs
[2025-03-12T14:04:33.824+0000] {logging_mixin.py:190} INFO - [2025-03-12T14:04:33.824+0000] {dag.py:4180} INFO - Setting next_dagrun for example_display_name to None, run_after=None
[2025-03-12T14:04:33.840+0000] {processor.py:208} INFO - Processing /home/airflow/.local/lib/python3.12/site-packages/airflow/example_dags/example_display_name.py took 0.056 seconds
[2025-03-12T14:05:07.447+0000] {processor.py:186} INFO - Started process (PID=10394) to work on /home/airflow/.local/lib/python3.12/site-packages/airflow/example_dags/example_display_name.py
[2025-03-12T14:05:07.448+0000] {processor.py:914} INFO - Processing file /home/airflow/.local/lib/python3.12/site-packages/airflow/example_dags/example_display_name.py for tasks to queue
[2025-03-12T14:05:07.450+0000] {logging_mixin.py:190} INFO - [2025-03-12T14:05:07.450+0000] {dagbag.py:588} INFO - Filling up the DagBag from /home/airflow/.local/lib/python3.12/site-packages/airflow/example_dags/example_display_name.py
[2025-03-12T14:05:07.459+0000] {processor.py:925} INFO - DAG(s) 'example_display_name' retrieved from /home/airflow/.local/lib/python3.12/site-packages/airflow/example_dags/example_display_name.py
[2025-03-12T14:05:07.475+0000] {logging_mixin.py:190} INFO - [2025-03-12T14:05:07.475+0000] {dag.py:3239} INFO - Sync 1 DAGs
[2025-03-12T14:05:07.487+0000] {logging_mixin.py:190} INFO - [2025-03-12T14:05:07.487+0000] {dag.py:4180} INFO - Setting next_dagrun for example_display_name to None, run_after=None
[2025-03-12T14:05:07.503+0000] {processor.py:208} INFO - Processing /home/airflow/.local/lib/python3.12/site-packages/airflow/example_dags/example_display_name.py took 0.061 seconds
[2025-03-12T14:05:41.785+0000] {processor.py:186} INFO - Started process (PID=10707) to work on /home/airflow/.local/lib/python3.12/site-packages/airflow/example_dags/example_display_name.py
[2025-03-12T14:05:41.786+0000] {processor.py:914} INFO - Processing file /home/airflow/.local/lib/python3.12/site-packages/airflow/example_dags/example_display_name.py for tasks to queue
[2025-03-12T14:05:41.788+0000] {logging_mixin.py:190} INFO - [2025-03-12T14:05:41.788+0000] {dagbag.py:588} INFO - Filling up the DagBag from /home/airflow/.local/lib/python3.12/site-packages/airflow/example_dags/example_display_name.py
[2025-03-12T14:05:41.796+0000] {processor.py:925} INFO - DAG(s) 'example_display_name' retrieved from /home/airflow/.local/lib/python3.12/site-packages/airflow/example_dags/example_display_name.py
[2025-03-12T14:05:41.812+0000] {logging_mixin.py:190} INFO - [2025-03-12T14:05:41.811+0000] {dag.py:3239} INFO - Sync 1 DAGs
[2025-03-12T14:05:41.827+0000] {logging_mixin.py:190} INFO - [2025-03-12T14:05:41.827+0000] {dag.py:4180} INFO - Setting next_dagrun for example_display_name to None, run_after=None
[2025-03-12T14:05:41.845+0000] {processor.py:208} INFO - Processing /home/airflow/.local/lib/python3.12/site-packages/airflow/example_dags/example_display_name.py took 0.064 seconds
[2025-03-12T14:06:14.249+0000] {processor.py:186} INFO - Started process (PID=11011) to work on /home/airflow/.local/lib/python3.12/site-packages/airflow/example_dags/example_display_name.py
[2025-03-12T14:06:14.250+0000] {processor.py:914} INFO - Processing file /home/airflow/.local/lib/python3.12/site-packages/airflow/example_dags/example_display_name.py for tasks to queue
[2025-03-12T14:06:14.251+0000] {logging_mixin.py:190} INFO - [2025-03-12T14:06:14.251+0000] {dagbag.py:588} INFO - Filling up the DagBag from /home/airflow/.local/lib/python3.12/site-packages/airflow/example_dags/example_display_name.py
[2025-03-12T14:06:14.257+0000] {processor.py:925} INFO - DAG(s) 'example_display_name' retrieved from /home/airflow/.local/lib/python3.12/site-packages/airflow/example_dags/example_display_name.py
[2025-03-12T14:06:14.273+0000] {logging_mixin.py:190} INFO - [2025-03-12T14:06:14.273+0000] {dag.py:3239} INFO - Sync 1 DAGs
[2025-03-12T14:06:14.284+0000] {logging_mixin.py:190} INFO - [2025-03-12T14:06:14.284+0000] {dag.py:4180} INFO - Setting next_dagrun for example_display_name to None, run_after=None
[2025-03-12T14:06:14.299+0000] {processor.py:208} INFO - Processing /home/airflow/.local/lib/python3.12/site-packages/airflow/example_dags/example_display_name.py took 0.054 seconds
[2025-03-12T14:06:48.061+0000] {processor.py:186} INFO - Started process (PID=11317) to work on /home/airflow/.local/lib/python3.12/site-packages/airflow/example_dags/example_display_name.py
[2025-03-12T14:06:48.062+0000] {processor.py:914} INFO - Processing file /home/airflow/.local/lib/python3.12/site-packages/airflow/example_dags/example_display_name.py for tasks to queue
[2025-03-12T14:06:48.064+0000] {logging_mixin.py:190} INFO - [2025-03-12T14:06:48.064+0000] {dagbag.py:588} INFO - Filling up the DagBag from /home/airflow/.local/lib/python3.12/site-packages/airflow/example_dags/example_display_name.py
[2025-03-12T14:06:48.071+0000] {processor.py:925} INFO - DAG(s) 'example_display_name' retrieved from /home/airflow/.local/lib/python3.12/site-packages/airflow/example_dags/example_display_name.py
[2025-03-12T14:06:48.087+0000] {logging_mixin.py:190} INFO - [2025-03-12T14:06:48.087+0000] {dag.py:3239} INFO - Sync 1 DAGs
[2025-03-12T14:06:48.099+0000] {logging_mixin.py:190} INFO - [2025-03-12T14:06:48.099+0000] {dag.py:4180} INFO - Setting next_dagrun for example_display_name to None, run_after=None
[2025-03-12T14:06:48.115+0000] {processor.py:208} INFO - Processing /home/airflow/.local/lib/python3.12/site-packages/airflow/example_dags/example_display_name.py took 0.058 seconds
[2025-03-12T14:07:21.649+0000] {processor.py:186} INFO - Started process (PID=11623) to work on /home/airflow/.local/lib/python3.12/site-packages/airflow/example_dags/example_display_name.py
[2025-03-12T14:07:21.650+0000] {processor.py:914} INFO - Processing file /home/airflow/.local/lib/python3.12/site-packages/airflow/example_dags/example_display_name.py for tasks to queue
[2025-03-12T14:07:21.652+0000] {logging_mixin.py:190} INFO - [2025-03-12T14:07:21.652+0000] {dagbag.py:588} INFO - Filling up the DagBag from /home/airflow/.local/lib/python3.12/site-packages/airflow/example_dags/example_display_name.py
[2025-03-12T14:07:21.659+0000] {processor.py:925} INFO - DAG(s) 'example_display_name' retrieved from /home/airflow/.local/lib/python3.12/site-packages/airflow/example_dags/example_display_name.py
[2025-03-12T14:07:21.677+0000] {logging_mixin.py:190} INFO - [2025-03-12T14:07:21.677+0000] {dag.py:3239} INFO - Sync 1 DAGs
[2025-03-12T14:07:21.690+0000] {logging_mixin.py:190} INFO - [2025-03-12T14:07:21.689+0000] {dag.py:4180} INFO - Setting next_dagrun for example_display_name to None, run_after=None
[2025-03-12T14:07:21.705+0000] {processor.py:208} INFO - Processing /home/airflow/.local/lib/python3.12/site-packages/airflow/example_dags/example_display_name.py took 0.062 seconds
[2025-03-12T14:07:54.521+0000] {processor.py:186} INFO - Started process (PID=11929) to work on /home/airflow/.local/lib/python3.12/site-packages/airflow/example_dags/example_display_name.py
[2025-03-12T14:07:54.522+0000] {processor.py:914} INFO - Processing file /home/airflow/.local/lib/python3.12/site-packages/airflow/example_dags/example_display_name.py for tasks to queue
[2025-03-12T14:07:54.523+0000] {logging_mixin.py:190} INFO - [2025-03-12T14:07:54.523+0000] {dagbag.py:588} INFO - Filling up the DagBag from /home/airflow/.local/lib/python3.12/site-packages/airflow/example_dags/example_display_name.py
[2025-03-12T14:07:54.530+0000] {processor.py:925} INFO - DAG(s) 'example_display_name' retrieved from /home/airflow/.local/lib/python3.12/site-packages/airflow/example_dags/example_display_name.py
[2025-03-12T14:07:54.548+0000] {logging_mixin.py:190} INFO - [2025-03-12T14:07:54.548+0000] {dag.py:3239} INFO - Sync 1 DAGs
[2025-03-12T14:07:54.561+0000] {logging_mixin.py:190} INFO - [2025-03-12T14:07:54.560+0000] {dag.py:4180} INFO - Setting next_dagrun for example_display_name to None, run_after=None
[2025-03-12T14:07:54.577+0000] {processor.py:208} INFO - Processing /home/airflow/.local/lib/python3.12/site-packages/airflow/example_dags/example_display_name.py took 0.061 seconds
[2025-03-12T14:08:28.406+0000] {processor.py:186} INFO - Started process (PID=12235) to work on /home/airflow/.local/lib/python3.12/site-packages/airflow/example_dags/example_display_name.py
[2025-03-12T14:08:28.406+0000] {processor.py:914} INFO - Processing file /home/airflow/.local/lib/python3.12/site-packages/airflow/example_dags/example_display_name.py for tasks to queue
[2025-03-12T14:08:28.409+0000] {logging_mixin.py:190} INFO - [2025-03-12T14:08:28.408+0000] {dagbag.py:588} INFO - Filling up the DagBag from /home/airflow/.local/lib/python3.12/site-packages/airflow/example_dags/example_display_name.py
[2025-03-12T14:08:28.415+0000] {processor.py:925} INFO - DAG(s) 'example_display_name' retrieved from /home/airflow/.local/lib/python3.12/site-packages/airflow/example_dags/example_display_name.py
[2025-03-12T14:08:28.430+0000] {logging_mixin.py:190} INFO - [2025-03-12T14:08:28.429+0000] {dag.py:3239} INFO - Sync 1 DAGs
[2025-03-12T14:08:28.439+0000] {logging_mixin.py:190} INFO - [2025-03-12T14:08:28.439+0000] {dag.py:4180} INFO - Setting next_dagrun for example_display_name to None, run_after=None
[2025-03-12T14:08:28.454+0000] {processor.py:208} INFO - Processing /home/airflow/.local/lib/python3.12/site-packages/airflow/example_dags/example_display_name.py took 0.053 seconds
[2025-03-12T14:09:01.483+0000] {processor.py:186} INFO - Started process (PID=12541) to work on /home/airflow/.local/lib/python3.12/site-packages/airflow/example_dags/example_display_name.py
[2025-03-12T14:09:01.484+0000] {processor.py:914} INFO - Processing file /home/airflow/.local/lib/python3.12/site-packages/airflow/example_dags/example_display_name.py for tasks to queue
[2025-03-12T14:09:01.486+0000] {logging_mixin.py:190} INFO - [2025-03-12T14:09:01.485+0000] {dagbag.py:588} INFO - Filling up the DagBag from /home/airflow/.local/lib/python3.12/site-packages/airflow/example_dags/example_display_name.py
[2025-03-12T14:09:01.491+0000] {processor.py:925} INFO - DAG(s) 'example_display_name' retrieved from /home/airflow/.local/lib/python3.12/site-packages/airflow/example_dags/example_display_name.py
[2025-03-12T14:09:01.507+0000] {logging_mixin.py:190} INFO - [2025-03-12T14:09:01.506+0000] {dag.py:3239} INFO - Sync 1 DAGs
[2025-03-12T14:09:01.518+0000] {logging_mixin.py:190} INFO - [2025-03-12T14:09:01.518+0000] {dag.py:4180} INFO - Setting next_dagrun for example_display_name to None, run_after=None
[2025-03-12T14:09:01.535+0000] {processor.py:208} INFO - Processing /home/airflow/.local/lib/python3.12/site-packages/airflow/example_dags/example_display_name.py took 0.056 seconds
[2025-03-12T14:09:35.112+0000] {processor.py:186} INFO - Started process (PID=12847) to work on /home/airflow/.local/lib/python3.12/site-packages/airflow/example_dags/example_display_name.py
[2025-03-12T14:09:35.113+0000] {processor.py:914} INFO - Processing file /home/airflow/.local/lib/python3.12/site-packages/airflow/example_dags/example_display_name.py for tasks to queue
[2025-03-12T14:09:35.116+0000] {logging_mixin.py:190} INFO - [2025-03-12T14:09:35.115+0000] {dagbag.py:588} INFO - Filling up the DagBag from /home/airflow/.local/lib/python3.12/site-packages/airflow/example_dags/example_display_name.py
[2025-03-12T14:09:35.121+0000] {processor.py:925} INFO - DAG(s) 'example_display_name' retrieved from /home/airflow/.local/lib/python3.12/site-packages/airflow/example_dags/example_display_name.py
[2025-03-12T14:09:35.137+0000] {logging_mixin.py:190} INFO - [2025-03-12T14:09:35.137+0000] {dag.py:3239} INFO - Sync 1 DAGs
[2025-03-12T14:09:35.148+0000] {logging_mixin.py:190} INFO - [2025-03-12T14:09:35.147+0000] {dag.py:4180} INFO - Setting next_dagrun for example_display_name to None, run_after=None
[2025-03-12T14:09:35.163+0000] {processor.py:208} INFO - Processing /home/airflow/.local/lib/python3.12/site-packages/airflow/example_dags/example_display_name.py took 0.055 seconds
[2025-03-12T14:10:08.067+0000] {processor.py:186} INFO - Started process (PID=13155) to work on /home/airflow/.local/lib/python3.12/site-packages/airflow/example_dags/example_display_name.py
[2025-03-12T14:10:08.068+0000] {processor.py:914} INFO - Processing file /home/airflow/.local/lib/python3.12/site-packages/airflow/example_dags/example_display_name.py for tasks to queue
[2025-03-12T14:10:08.070+0000] {logging_mixin.py:190} INFO - [2025-03-12T14:10:08.070+0000] {dagbag.py:588} INFO - Filling up the DagBag from /home/airflow/.local/lib/python3.12/site-packages/airflow/example_dags/example_display_name.py
[2025-03-12T14:10:08.076+0000] {processor.py:925} INFO - DAG(s) 'example_display_name' retrieved from /home/airflow/.local/lib/python3.12/site-packages/airflow/example_dags/example_display_name.py
[2025-03-12T14:10:08.094+0000] {logging_mixin.py:190} INFO - [2025-03-12T14:10:08.094+0000] {dag.py:3239} INFO - Sync 1 DAGs
[2025-03-12T14:10:08.111+0000] {logging_mixin.py:190} INFO - [2025-03-12T14:10:08.111+0000] {dag.py:4180} INFO - Setting next_dagrun for example_display_name to None, run_after=None
[2025-03-12T14:10:08.125+0000] {processor.py:208} INFO - Processing /home/airflow/.local/lib/python3.12/site-packages/airflow/example_dags/example_display_name.py took 0.063 seconds
[2025-03-12T14:10:40.821+0000] {processor.py:186} INFO - Started process (PID=13459) to work on /home/airflow/.local/lib/python3.12/site-packages/airflow/example_dags/example_display_name.py
[2025-03-12T14:10:40.822+0000] {processor.py:914} INFO - Processing file /home/airflow/.local/lib/python3.12/site-packages/airflow/example_dags/example_display_name.py for tasks to queue
[2025-03-12T14:10:40.824+0000] {logging_mixin.py:190} INFO - [2025-03-12T14:10:40.823+0000] {dagbag.py:588} INFO - Filling up the DagBag from /home/airflow/.local/lib/python3.12/site-packages/airflow/example_dags/example_display_name.py
[2025-03-12T14:10:40.829+0000] {processor.py:925} INFO - DAG(s) 'example_display_name' retrieved from /home/airflow/.local/lib/python3.12/site-packages/airflow/example_dags/example_display_name.py
[2025-03-12T14:10:40.845+0000] {logging_mixin.py:190} INFO - [2025-03-12T14:10:40.844+0000] {dag.py:3239} INFO - Sync 1 DAGs
[2025-03-12T14:10:40.855+0000] {logging_mixin.py:190} INFO - [2025-03-12T14:10:40.855+0000] {dag.py:4180} INFO - Setting next_dagrun for example_display_name to None, run_after=None
[2025-03-12T14:10:40.871+0000] {processor.py:208} INFO - Processing /home/airflow/.local/lib/python3.12/site-packages/airflow/example_dags/example_display_name.py took 0.054 seconds
[2025-03-12T14:11:14.713+0000] {processor.py:186} INFO - Started process (PID=13765) to work on /home/airflow/.local/lib/python3.12/site-packages/airflow/example_dags/example_display_name.py
[2025-03-12T14:11:14.714+0000] {processor.py:914} INFO - Processing file /home/airflow/.local/lib/python3.12/site-packages/airflow/example_dags/example_display_name.py for tasks to queue
[2025-03-12T14:11:14.716+0000] {logging_mixin.py:190} INFO - [2025-03-12T14:11:14.716+0000] {dagbag.py:588} INFO - Filling up the DagBag from /home/airflow/.local/lib/python3.12/site-packages/airflow/example_dags/example_display_name.py
[2025-03-12T14:11:14.722+0000] {processor.py:925} INFO - DAG(s) 'example_display_name' retrieved from /home/airflow/.local/lib/python3.12/site-packages/airflow/example_dags/example_display_name.py
[2025-03-12T14:11:14.735+0000] {logging_mixin.py:190} INFO - [2025-03-12T14:11:14.735+0000] {dag.py:3239} INFO - Sync 1 DAGs
[2025-03-12T14:11:14.747+0000] {logging_mixin.py:190} INFO - [2025-03-12T14:11:14.746+0000] {dag.py:4180} INFO - Setting next_dagrun for example_display_name to None, run_after=None
[2025-03-12T14:11:14.762+0000] {processor.py:208} INFO - Processing /home/airflow/.local/lib/python3.12/site-packages/airflow/example_dags/example_display_name.py took 0.053 seconds
[2025-03-12T14:11:48.208+0000] {processor.py:186} INFO - Started process (PID=14074) to work on /home/airflow/.local/lib/python3.12/site-packages/airflow/example_dags/example_display_name.py
[2025-03-12T14:11:48.209+0000] {processor.py:914} INFO - Processing file /home/airflow/.local/lib/python3.12/site-packages/airflow/example_dags/example_display_name.py for tasks to queue
[2025-03-12T14:11:48.210+0000] {logging_mixin.py:190} INFO - [2025-03-12T14:11:48.210+0000] {dagbag.py:588} INFO - Filling up the DagBag from /home/airflow/.local/lib/python3.12/site-packages/airflow/example_dags/example_display_name.py
[2025-03-12T14:11:48.218+0000] {processor.py:925} INFO - DAG(s) 'example_display_name' retrieved from /home/airflow/.local/lib/python3.12/site-packages/airflow/example_dags/example_display_name.py
[2025-03-12T14:11:48.232+0000] {logging_mixin.py:190} INFO - [2025-03-12T14:11:48.232+0000] {dag.py:3239} INFO - Sync 1 DAGs
[2025-03-12T14:11:48.244+0000] {logging_mixin.py:190} INFO - [2025-03-12T14:11:48.244+0000] {dag.py:4180} INFO - Setting next_dagrun for example_display_name to None, run_after=None
[2025-03-12T14:11:48.258+0000] {processor.py:208} INFO - Processing /home/airflow/.local/lib/python3.12/site-packages/airflow/example_dags/example_display_name.py took 0.054 seconds
[2025-03-12T14:12:22.109+0000] {processor.py:186} INFO - Started process (PID=14378) to work on /home/airflow/.local/lib/python3.12/site-packages/airflow/example_dags/example_display_name.py
[2025-03-12T14:12:22.109+0000] {processor.py:914} INFO - Processing file /home/airflow/.local/lib/python3.12/site-packages/airflow/example_dags/example_display_name.py for tasks to queue
[2025-03-12T14:12:22.111+0000] {logging_mixin.py:190} INFO - [2025-03-12T14:12:22.111+0000] {dagbag.py:588} INFO - Filling up the DagBag from /home/airflow/.local/lib/python3.12/site-packages/airflow/example_dags/example_display_name.py
[2025-03-12T14:12:22.117+0000] {processor.py:925} INFO - DAG(s) 'example_display_name' retrieved from /home/airflow/.local/lib/python3.12/site-packages/airflow/example_dags/example_display_name.py
[2025-03-12T14:12:22.133+0000] {logging_mixin.py:190} INFO - [2025-03-12T14:12:22.133+0000] {dag.py:3239} INFO - Sync 1 DAGs
[2025-03-12T14:12:22.144+0000] {logging_mixin.py:190} INFO - [2025-03-12T14:12:22.143+0000] {dag.py:4180} INFO - Setting next_dagrun for example_display_name to None, run_after=None
[2025-03-12T14:12:22.159+0000] {processor.py:208} INFO - Processing /home/airflow/.local/lib/python3.12/site-packages/airflow/example_dags/example_display_name.py took 0.054 seconds
[2025-03-12T14:14:04.284+0000] {processor.py:186} INFO - Started process (PID=313) to work on /home/airflow/.local/lib/python3.12/site-packages/airflow/example_dags/example_display_name.py
[2025-03-12T14:14:04.285+0000] {processor.py:914} INFO - Processing file /home/airflow/.local/lib/python3.12/site-packages/airflow/example_dags/example_display_name.py for tasks to queue
[2025-03-12T14:14:04.287+0000] {logging_mixin.py:190} INFO - [2025-03-12T14:14:04.287+0000] {dagbag.py:588} INFO - Filling up the DagBag from /home/airflow/.local/lib/python3.12/site-packages/airflow/example_dags/example_display_name.py
[2025-03-12T14:14:04.298+0000] {processor.py:925} INFO - DAG(s) 'example_display_name' retrieved from /home/airflow/.local/lib/python3.12/site-packages/airflow/example_dags/example_display_name.py
[2025-03-12T14:14:04.414+0000] {logging_mixin.py:190} INFO - [2025-03-12T14:14:04.414+0000] {override.py:1912} INFO - Created Permission View: can read on DAG:example_display_name
[2025-03-12T14:14:04.424+0000] {logging_mixin.py:190} INFO - [2025-03-12T14:14:04.424+0000] {override.py:1912} INFO - Created Permission View: can edit on DAG:example_display_name
[2025-03-12T14:14:04.432+0000] {logging_mixin.py:190} INFO - [2025-03-12T14:14:04.431+0000] {override.py:1912} INFO - Created Permission View: can delete on DAG:example_display_name
[2025-03-12T14:14:04.439+0000] {logging_mixin.py:190} INFO - [2025-03-12T14:14:04.438+0000] {override.py:1912} INFO - Created Permission View: can create on DAG Run:example_display_name
[2025-03-12T14:14:04.447+0000] {logging_mixin.py:190} INFO - [2025-03-12T14:14:04.447+0000] {override.py:1912} INFO - Created Permission View: can read on DAG Run:example_display_name
[2025-03-12T14:14:04.454+0000] {logging_mixin.py:190} INFO - [2025-03-12T14:14:04.454+0000] {override.py:1912} INFO - Created Permission View: menu access on DAG Run:example_display_name
[2025-03-12T14:14:04.461+0000] {logging_mixin.py:190} INFO - [2025-03-12T14:14:04.461+0000] {override.py:1912} INFO - Created Permission View: can delete on DAG Run:example_display_name
[2025-03-12T14:14:04.462+0000] {logging_mixin.py:190} INFO - [2025-03-12T14:14:04.462+0000] {dag.py:3239} INFO - Sync 1 DAGs
[2025-03-12T14:14:04.475+0000] {logging_mixin.py:190} INFO - [2025-03-12T14:14:04.475+0000] {dag.py:3262} INFO - Creating ORM DAG for example_display_name
[2025-03-12T14:14:04.476+0000] {logging_mixin.py:190} INFO - [2025-03-12T14:14:04.476+0000] {dag.py:4180} INFO - Setting next_dagrun for example_display_name to None, run_after=None
[2025-03-12T14:14:04.495+0000] {processor.py:208} INFO - Processing /home/airflow/.local/lib/python3.12/site-packages/airflow/example_dags/example_display_name.py took 0.217 seconds
[2025-03-12T14:14:35.096+0000] {processor.py:186} INFO - Started process (PID=613) to work on /home/airflow/.local/lib/python3.12/site-packages/airflow/example_dags/example_display_name.py
[2025-03-12T14:14:35.097+0000] {processor.py:914} INFO - Processing file /home/airflow/.local/lib/python3.12/site-packages/airflow/example_dags/example_display_name.py for tasks to queue
[2025-03-12T14:14:35.098+0000] {logging_mixin.py:190} INFO - [2025-03-12T14:14:35.098+0000] {dagbag.py:588} INFO - Filling up the DagBag from /home/airflow/.local/lib/python3.12/site-packages/airflow/example_dags/example_display_name.py
[2025-03-12T14:14:35.104+0000] {processor.py:925} INFO - DAG(s) 'example_display_name' retrieved from /home/airflow/.local/lib/python3.12/site-packages/airflow/example_dags/example_display_name.py
[2025-03-12T14:14:35.120+0000] {logging_mixin.py:190} INFO - [2025-03-12T14:14:35.120+0000] {dag.py:3239} INFO - Sync 1 DAGs
[2025-03-12T14:14:35.132+0000] {logging_mixin.py:190} INFO - [2025-03-12T14:14:35.132+0000] {dag.py:4180} INFO - Setting next_dagrun for example_display_name to None, run_after=None
[2025-03-12T14:14:35.147+0000] {processor.py:208} INFO - Processing /home/airflow/.local/lib/python3.12/site-packages/airflow/example_dags/example_display_name.py took 0.056 seconds
[2025-03-12T14:15:08.120+0000] {processor.py:186} INFO - Started process (PID=919) to work on /home/airflow/.local/lib/python3.12/site-packages/airflow/example_dags/example_display_name.py
[2025-03-12T14:15:08.121+0000] {processor.py:914} INFO - Processing file /home/airflow/.local/lib/python3.12/site-packages/airflow/example_dags/example_display_name.py for tasks to queue
[2025-03-12T14:15:08.124+0000] {logging_mixin.py:190} INFO - [2025-03-12T14:15:08.123+0000] {dagbag.py:588} INFO - Filling up the DagBag from /home/airflow/.local/lib/python3.12/site-packages/airflow/example_dags/example_display_name.py
[2025-03-12T14:15:08.130+0000] {processor.py:925} INFO - DAG(s) 'example_display_name' retrieved from /home/airflow/.local/lib/python3.12/site-packages/airflow/example_dags/example_display_name.py
[2025-03-12T14:15:08.148+0000] {logging_mixin.py:190} INFO - [2025-03-12T14:15:08.148+0000] {dag.py:3239} INFO - Sync 1 DAGs
[2025-03-12T14:15:08.161+0000] {logging_mixin.py:190} INFO - [2025-03-12T14:15:08.160+0000] {dag.py:4180} INFO - Setting next_dagrun for example_display_name to None, run_after=None
[2025-03-12T14:15:08.176+0000] {processor.py:208} INFO - Processing /home/airflow/.local/lib/python3.12/site-packages/airflow/example_dags/example_display_name.py took 0.060 seconds
[2025-03-12T14:15:41.841+0000] {processor.py:186} INFO - Started process (PID=1225) to work on /home/airflow/.local/lib/python3.12/site-packages/airflow/example_dags/example_display_name.py
[2025-03-12T14:15:41.842+0000] {processor.py:914} INFO - Processing file /home/airflow/.local/lib/python3.12/site-packages/airflow/example_dags/example_display_name.py for tasks to queue
[2025-03-12T14:15:41.844+0000] {logging_mixin.py:190} INFO - [2025-03-12T14:15:41.844+0000] {dagbag.py:588} INFO - Filling up the DagBag from /home/airflow/.local/lib/python3.12/site-packages/airflow/example_dags/example_display_name.py
[2025-03-12T14:15:41.851+0000] {processor.py:925} INFO - DAG(s) 'example_display_name' retrieved from /home/airflow/.local/lib/python3.12/site-packages/airflow/example_dags/example_display_name.py
[2025-03-12T14:15:41.867+0000] {logging_mixin.py:190} INFO - [2025-03-12T14:15:41.867+0000] {dag.py:3239} INFO - Sync 1 DAGs
[2025-03-12T14:15:41.879+0000] {logging_mixin.py:190} INFO - [2025-03-12T14:15:41.879+0000] {dag.py:4180} INFO - Setting next_dagrun for example_display_name to None, run_after=None
[2025-03-12T14:15:41.898+0000] {processor.py:208} INFO - Processing /home/airflow/.local/lib/python3.12/site-packages/airflow/example_dags/example_display_name.py took 0.062 seconds
[2025-03-12T14:16:15.249+0000] {processor.py:186} INFO - Started process (PID=1531) to work on /home/airflow/.local/lib/python3.12/site-packages/airflow/example_dags/example_display_name.py
[2025-03-12T14:16:15.250+0000] {processor.py:914} INFO - Processing file /home/airflow/.local/lib/python3.12/site-packages/airflow/example_dags/example_display_name.py for tasks to queue
[2025-03-12T14:16:15.251+0000] {logging_mixin.py:190} INFO - [2025-03-12T14:16:15.251+0000] {dagbag.py:588} INFO - Filling up the DagBag from /home/airflow/.local/lib/python3.12/site-packages/airflow/example_dags/example_display_name.py
[2025-03-12T14:16:15.257+0000] {processor.py:925} INFO - DAG(s) 'example_display_name' retrieved from /home/airflow/.local/lib/python3.12/site-packages/airflow/example_dags/example_display_name.py
[2025-03-12T14:16:15.274+0000] {logging_mixin.py:190} INFO - [2025-03-12T14:16:15.274+0000] {dag.py:3239} INFO - Sync 1 DAGs
[2025-03-12T14:16:15.286+0000] {logging_mixin.py:190} INFO - [2025-03-12T14:16:15.285+0000] {dag.py:4180} INFO - Setting next_dagrun for example_display_name to None, run_after=None
[2025-03-12T14:16:15.301+0000] {processor.py:208} INFO - Processing /home/airflow/.local/lib/python3.12/site-packages/airflow/example_dags/example_display_name.py took 0.056 seconds
[2025-03-12T14:16:48.573+0000] {processor.py:186} INFO - Started process (PID=1838) to work on /home/airflow/.local/lib/python3.12/site-packages/airflow/example_dags/example_display_name.py
[2025-03-12T14:16:48.574+0000] {processor.py:914} INFO - Processing file /home/airflow/.local/lib/python3.12/site-packages/airflow/example_dags/example_display_name.py for tasks to queue
[2025-03-12T14:16:48.576+0000] {logging_mixin.py:190} INFO - [2025-03-12T14:16:48.576+0000] {dagbag.py:588} INFO - Filling up the DagBag from /home/airflow/.local/lib/python3.12/site-packages/airflow/example_dags/example_display_name.py
[2025-03-12T14:16:48.582+0000] {processor.py:925} INFO - DAG(s) 'example_display_name' retrieved from /home/airflow/.local/lib/python3.12/site-packages/airflow/example_dags/example_display_name.py
[2025-03-12T14:16:48.599+0000] {logging_mixin.py:190} INFO - [2025-03-12T14:16:48.599+0000] {dag.py:3239} INFO - Sync 1 DAGs
[2025-03-12T14:16:48.610+0000] {logging_mixin.py:190} INFO - [2025-03-12T14:16:48.609+0000] {dag.py:4180} INFO - Setting next_dagrun for example_display_name to None, run_after=None
[2025-03-12T14:16:48.627+0000] {processor.py:208} INFO - Processing /home/airflow/.local/lib/python3.12/site-packages/airflow/example_dags/example_display_name.py took 0.059 seconds
[2025-03-12T14:17:21.813+0000] {processor.py:186} INFO - Started process (PID=2144) to work on /home/airflow/.local/lib/python3.12/site-packages/airflow/example_dags/example_display_name.py
[2025-03-12T14:17:21.814+0000] {processor.py:914} INFO - Processing file /home/airflow/.local/lib/python3.12/site-packages/airflow/example_dags/example_display_name.py for tasks to queue
[2025-03-12T14:17:21.815+0000] {logging_mixin.py:190} INFO - [2025-03-12T14:17:21.815+0000] {dagbag.py:588} INFO - Filling up the DagBag from /home/airflow/.local/lib/python3.12/site-packages/airflow/example_dags/example_display_name.py
[2025-03-12T14:17:21.822+0000] {processor.py:925} INFO - DAG(s) 'example_display_name' retrieved from /home/airflow/.local/lib/python3.12/site-packages/airflow/example_dags/example_display_name.py
[2025-03-12T14:17:21.838+0000] {logging_mixin.py:190} INFO - [2025-03-12T14:17:21.838+0000] {dag.py:3239} INFO - Sync 1 DAGs
[2025-03-12T14:17:21.848+0000] {logging_mixin.py:190} INFO - [2025-03-12T14:17:21.848+0000] {dag.py:4180} INFO - Setting next_dagrun for example_display_name to None, run_after=None
[2025-03-12T14:17:21.863+0000] {processor.py:208} INFO - Processing /home/airflow/.local/lib/python3.12/site-packages/airflow/example_dags/example_display_name.py took 0.054 seconds
[2025-03-12T14:17:54.975+0000] {processor.py:186} INFO - Started process (PID=2450) to work on /home/airflow/.local/lib/python3.12/site-packages/airflow/example_dags/example_display_name.py
[2025-03-12T14:17:54.976+0000] {processor.py:914} INFO - Processing file /home/airflow/.local/lib/python3.12/site-packages/airflow/example_dags/example_display_name.py for tasks to queue
[2025-03-12T14:17:54.978+0000] {logging_mixin.py:190} INFO - [2025-03-12T14:17:54.978+0000] {dagbag.py:588} INFO - Filling up the DagBag from /home/airflow/.local/lib/python3.12/site-packages/airflow/example_dags/example_display_name.py
[2025-03-12T14:17:54.984+0000] {processor.py:925} INFO - DAG(s) 'example_display_name' retrieved from /home/airflow/.local/lib/python3.12/site-packages/airflow/example_dags/example_display_name.py
[2025-03-12T14:17:55.001+0000] {logging_mixin.py:190} INFO - [2025-03-12T14:17:55.000+0000] {dag.py:3239} INFO - Sync 1 DAGs
[2025-03-12T14:17:55.012+0000] {logging_mixin.py:190} INFO - [2025-03-12T14:17:55.012+0000] {dag.py:4180} INFO - Setting next_dagrun for example_display_name to None, run_after=None
[2025-03-12T14:17:55.028+0000] {processor.py:208} INFO - Processing /home/airflow/.local/lib/python3.12/site-packages/airflow/example_dags/example_display_name.py took 0.057 seconds
[2025-03-12T14:18:28.304+0000] {processor.py:186} INFO - Started process (PID=2756) to work on /home/airflow/.local/lib/python3.12/site-packages/airflow/example_dags/example_display_name.py
[2025-03-12T14:18:28.305+0000] {processor.py:914} INFO - Processing file /home/airflow/.local/lib/python3.12/site-packages/airflow/example_dags/example_display_name.py for tasks to queue
[2025-03-12T14:18:28.307+0000] {logging_mixin.py:190} INFO - [2025-03-12T14:18:28.307+0000] {dagbag.py:588} INFO - Filling up the DagBag from /home/airflow/.local/lib/python3.12/site-packages/airflow/example_dags/example_display_name.py
[2025-03-12T14:18:28.314+0000] {processor.py:925} INFO - DAG(s) 'example_display_name' retrieved from /home/airflow/.local/lib/python3.12/site-packages/airflow/example_dags/example_display_name.py
[2025-03-12T14:18:28.329+0000] {logging_mixin.py:190} INFO - [2025-03-12T14:18:28.329+0000] {dag.py:3239} INFO - Sync 1 DAGs
[2025-03-12T14:18:28.342+0000] {logging_mixin.py:190} INFO - [2025-03-12T14:18:28.341+0000] {dag.py:4180} INFO - Setting next_dagrun for example_display_name to None, run_after=None
[2025-03-12T14:18:28.357+0000] {processor.py:208} INFO - Processing /home/airflow/.local/lib/python3.12/site-packages/airflow/example_dags/example_display_name.py took 0.058 seconds
[2025-03-12T14:19:01.004+0000] {processor.py:186} INFO - Started process (PID=3062) to work on /home/airflow/.local/lib/python3.12/site-packages/airflow/example_dags/example_display_name.py
[2025-03-12T14:19:01.006+0000] {processor.py:914} INFO - Processing file /home/airflow/.local/lib/python3.12/site-packages/airflow/example_dags/example_display_name.py for tasks to queue
[2025-03-12T14:19:01.008+0000] {logging_mixin.py:190} INFO - [2025-03-12T14:19:01.008+0000] {dagbag.py:588} INFO - Filling up the DagBag from /home/airflow/.local/lib/python3.12/site-packages/airflow/example_dags/example_display_name.py
[2025-03-12T14:19:01.014+0000] {processor.py:925} INFO - DAG(s) 'example_display_name' retrieved from /home/airflow/.local/lib/python3.12/site-packages/airflow/example_dags/example_display_name.py
[2025-03-12T14:19:01.033+0000] {logging_mixin.py:190} INFO - [2025-03-12T14:19:01.032+0000] {dag.py:3239} INFO - Sync 1 DAGs
[2025-03-12T14:19:01.048+0000] {logging_mixin.py:190} INFO - [2025-03-12T14:19:01.048+0000] {dag.py:4180} INFO - Setting next_dagrun for example_display_name to None, run_after=None
[2025-03-12T14:19:01.065+0000] {processor.py:208} INFO - Processing /home/airflow/.local/lib/python3.12/site-packages/airflow/example_dags/example_display_name.py took 0.066 seconds
[2025-03-12T14:19:35.305+0000] {processor.py:186} INFO - Started process (PID=3368) to work on /home/airflow/.local/lib/python3.12/site-packages/airflow/example_dags/example_display_name.py
[2025-03-12T14:19:35.306+0000] {processor.py:914} INFO - Processing file /home/airflow/.local/lib/python3.12/site-packages/airflow/example_dags/example_display_name.py for tasks to queue
[2025-03-12T14:19:35.308+0000] {logging_mixin.py:190} INFO - [2025-03-12T14:19:35.308+0000] {dagbag.py:588} INFO - Filling up the DagBag from /home/airflow/.local/lib/python3.12/site-packages/airflow/example_dags/example_display_name.py
[2025-03-12T14:19:35.315+0000] {processor.py:925} INFO - DAG(s) 'example_display_name' retrieved from /home/airflow/.local/lib/python3.12/site-packages/airflow/example_dags/example_display_name.py
[2025-03-12T14:19:35.330+0000] {logging_mixin.py:190} INFO - [2025-03-12T14:19:35.330+0000] {dag.py:3239} INFO - Sync 1 DAGs
[2025-03-12T14:19:35.342+0000] {logging_mixin.py:190} INFO - [2025-03-12T14:19:35.342+0000] {dag.py:4180} INFO - Setting next_dagrun for example_display_name to None, run_after=None
[2025-03-12T14:19:35.358+0000] {processor.py:208} INFO - Processing /home/airflow/.local/lib/python3.12/site-packages/airflow/example_dags/example_display_name.py took 0.057 seconds
