[2025-03-12T13:45:09.414+0000] {processor.py:186} INFO - Started process (PID=457) to work on /home/airflow/.local/lib/python3.12/site-packages/airflow/example_dags/example_python_decorator.py
[2025-03-12T13:45:09.415+0000] {processor.py:914} INFO - Processing file /home/airflow/.local/lib/python3.12/site-packages/airflow/example_dags/example_python_decorator.py for tasks to queue
[2025-03-12T13:45:09.417+0000] {logging_mixin.py:190} INFO - [2025-03-12T13:45:09.417+0000] {dagbag.py:588} INFO - Filling up the DagBag from /home/airflow/.local/lib/python3.12/site-packages/airflow/example_dags/example_python_decorator.py
[2025-03-12T13:45:09.435+0000] {processor.py:925} INFO - DAG(s) 'example_python_decorator' retrieved from /home/airflow/.local/lib/python3.12/site-packages/airflow/example_dags/example_python_decorator.py
[2025-03-12T13:45:09.543+0000] {logging_mixin.py:190} INFO - [2025-03-12T13:45:09.543+0000] {override.py:1912} INFO - Created Permission View: can edit on DAG:example_python_decorator
[2025-03-12T13:45:09.553+0000] {logging_mixin.py:190} INFO - [2025-03-12T13:45:09.553+0000] {override.py:1912} INFO - Created Permission View: can delete on DAG:example_python_decorator
[2025-03-12T13:45:09.559+0000] {logging_mixin.py:190} INFO - [2025-03-12T13:45:09.559+0000] {override.py:1912} INFO - Created Permission View: can read on DAG:example_python_decorator
[2025-03-12T13:45:09.567+0000] {logging_mixin.py:190} INFO - [2025-03-12T13:45:09.567+0000] {override.py:1912} INFO - Created Permission View: can delete on DAG Run:example_python_decorator
[2025-03-12T13:45:09.573+0000] {logging_mixin.py:190} INFO - [2025-03-12T13:45:09.572+0000] {override.py:1912} INFO - Created Permission View: menu access on DAG Run:example_python_decorator
[2025-03-12T13:45:09.579+0000] {logging_mixin.py:190} INFO - [2025-03-12T13:45:09.579+0000] {override.py:1912} INFO - Created Permission View: can create on DAG Run:example_python_decorator
[2025-03-12T13:45:09.584+0000] {logging_mixin.py:190} INFO - [2025-03-12T13:45:09.584+0000] {override.py:1912} INFO - Created Permission View: can read on DAG Run:example_python_decorator
[2025-03-12T13:45:09.585+0000] {logging_mixin.py:190} INFO - [2025-03-12T13:45:09.585+0000] {dag.py:3239} INFO - Sync 1 DAGs
[2025-03-12T13:45:09.597+0000] {logging_mixin.py:190} INFO - [2025-03-12T13:45:09.597+0000] {dag.py:3262} INFO - Creating ORM DAG for example_python_decorator
[2025-03-12T13:45:09.598+0000] {logging_mixin.py:190} INFO - [2025-03-12T13:45:09.598+0000] {dag.py:4180} INFO - Setting next_dagrun for example_python_decorator to None, run_after=None
[2025-03-12T13:45:09.615+0000] {processor.py:208} INFO - Processing /home/airflow/.local/lib/python3.12/site-packages/airflow/example_dags/example_python_decorator.py took 0.207 seconds
[2025-03-12T13:45:41.483+0000] {processor.py:186} INFO - Started process (PID=763) to work on /home/airflow/.local/lib/python3.12/site-packages/airflow/example_dags/example_python_decorator.py
[2025-03-12T13:45:41.484+0000] {processor.py:914} INFO - Processing file /home/airflow/.local/lib/python3.12/site-packages/airflow/example_dags/example_python_decorator.py for tasks to queue
[2025-03-12T13:45:41.486+0000] {logging_mixin.py:190} INFO - [2025-03-12T13:45:41.485+0000] {dagbag.py:588} INFO - Filling up the DagBag from /home/airflow/.local/lib/python3.12/site-packages/airflow/example_dags/example_python_decorator.py
[2025-03-12T13:45:41.496+0000] {processor.py:925} INFO - DAG(s) 'example_python_decorator' retrieved from /home/airflow/.local/lib/python3.12/site-packages/airflow/example_dags/example_python_decorator.py
[2025-03-12T13:45:41.514+0000] {logging_mixin.py:190} INFO - [2025-03-12T13:45:41.514+0000] {dag.py:3239} INFO - Sync 1 DAGs
[2025-03-12T13:45:41.525+0000] {logging_mixin.py:190} INFO - [2025-03-12T13:45:41.525+0000] {dag.py:4180} INFO - Setting next_dagrun for example_python_decorator to None, run_after=None
[2025-03-12T13:45:41.540+0000] {processor.py:208} INFO - Processing /home/airflow/.local/lib/python3.12/site-packages/airflow/example_dags/example_python_decorator.py took 0.061 seconds
[2025-03-12T13:46:14.439+0000] {processor.py:186} INFO - Started process (PID=1069) to work on /home/airflow/.local/lib/python3.12/site-packages/airflow/example_dags/example_python_decorator.py
[2025-03-12T13:46:14.440+0000] {processor.py:914} INFO - Processing file /home/airflow/.local/lib/python3.12/site-packages/airflow/example_dags/example_python_decorator.py for tasks to queue
[2025-03-12T13:46:14.443+0000] {logging_mixin.py:190} INFO - [2025-03-12T13:46:14.443+0000] {dagbag.py:588} INFO - Filling up the DagBag from /home/airflow/.local/lib/python3.12/site-packages/airflow/example_dags/example_python_decorator.py
[2025-03-12T13:46:14.454+0000] {processor.py:925} INFO - DAG(s) 'example_python_decorator' retrieved from /home/airflow/.local/lib/python3.12/site-packages/airflow/example_dags/example_python_decorator.py
[2025-03-12T13:46:14.472+0000] {logging_mixin.py:190} INFO - [2025-03-12T13:46:14.472+0000] {dag.py:3239} INFO - Sync 1 DAGs
[2025-03-12T13:46:14.483+0000] {logging_mixin.py:190} INFO - [2025-03-12T13:46:14.482+0000] {dag.py:4180} INFO - Setting next_dagrun for example_python_decorator to None, run_after=None
[2025-03-12T13:46:14.499+0000] {processor.py:208} INFO - Processing /home/airflow/.local/lib/python3.12/site-packages/airflow/example_dags/example_python_decorator.py took 0.065 seconds
[2025-03-12T13:47:06.287+0000] {processor.py:186} INFO - Started process (PID=446) to work on /home/airflow/.local/lib/python3.12/site-packages/airflow/example_dags/example_python_decorator.py
[2025-03-12T13:47:06.288+0000] {processor.py:914} INFO - Processing file /home/airflow/.local/lib/python3.12/site-packages/airflow/example_dags/example_python_decorator.py for tasks to queue
[2025-03-12T13:47:06.290+0000] {logging_mixin.py:190} INFO - [2025-03-12T13:47:06.290+0000] {dagbag.py:588} INFO - Filling up the DagBag from /home/airflow/.local/lib/python3.12/site-packages/airflow/example_dags/example_python_decorator.py
[2025-03-12T13:47:06.302+0000] {processor.py:925} INFO - DAG(s) 'example_python_decorator' retrieved from /home/airflow/.local/lib/python3.12/site-packages/airflow/example_dags/example_python_decorator.py
[2025-03-12T13:47:06.391+0000] {logging_mixin.py:190} INFO - [2025-03-12T13:47:06.391+0000] {dag.py:3239} INFO - Sync 1 DAGs
[2025-03-12T13:47:06.401+0000] {logging_mixin.py:190} INFO - [2025-03-12T13:47:06.401+0000] {dag.py:4180} INFO - Setting next_dagrun for example_python_decorator to None, run_after=None
[2025-03-12T13:47:06.419+0000] {processor.py:208} INFO - Processing /home/airflow/.local/lib/python3.12/site-packages/airflow/example_dags/example_python_decorator.py took 0.136 seconds
[2025-03-12T13:47:36.545+0000] {processor.py:186} INFO - Started process (PID=750) to work on /home/airflow/.local/lib/python3.12/site-packages/airflow/example_dags/example_python_decorator.py
[2025-03-12T13:47:36.545+0000] {processor.py:914} INFO - Processing file /home/airflow/.local/lib/python3.12/site-packages/airflow/example_dags/example_python_decorator.py for tasks to queue
[2025-03-12T13:47:36.547+0000] {logging_mixin.py:190} INFO - [2025-03-12T13:47:36.547+0000] {dagbag.py:588} INFO - Filling up the DagBag from /home/airflow/.local/lib/python3.12/site-packages/airflow/example_dags/example_python_decorator.py
[2025-03-12T13:47:36.558+0000] {processor.py:925} INFO - DAG(s) 'example_python_decorator' retrieved from /home/airflow/.local/lib/python3.12/site-packages/airflow/example_dags/example_python_decorator.py
[2025-03-12T13:47:36.575+0000] {logging_mixin.py:190} INFO - [2025-03-12T13:47:36.575+0000] {dag.py:3239} INFO - Sync 1 DAGs
[2025-03-12T13:47:36.586+0000] {logging_mixin.py:190} INFO - [2025-03-12T13:47:36.586+0000] {dag.py:4180} INFO - Setting next_dagrun for example_python_decorator to None, run_after=None
[2025-03-12T13:47:36.603+0000] {processor.py:208} INFO - Processing /home/airflow/.local/lib/python3.12/site-packages/airflow/example_dags/example_python_decorator.py took 0.063 seconds
[2025-03-12T13:48:07.826+0000] {processor.py:186} INFO - Started process (PID=1050) to work on /home/airflow/.local/lib/python3.12/site-packages/airflow/example_dags/example_python_decorator.py
[2025-03-12T13:48:07.827+0000] {processor.py:914} INFO - Processing file /home/airflow/.local/lib/python3.12/site-packages/airflow/example_dags/example_python_decorator.py for tasks to queue
[2025-03-12T13:48:07.829+0000] {logging_mixin.py:190} INFO - [2025-03-12T13:48:07.829+0000] {dagbag.py:588} INFO - Filling up the DagBag from /home/airflow/.local/lib/python3.12/site-packages/airflow/example_dags/example_python_decorator.py
[2025-03-12T13:48:07.840+0000] {processor.py:925} INFO - DAG(s) 'example_python_decorator' retrieved from /home/airflow/.local/lib/python3.12/site-packages/airflow/example_dags/example_python_decorator.py
[2025-03-12T13:48:07.859+0000] {logging_mixin.py:190} INFO - [2025-03-12T13:48:07.858+0000] {dag.py:3239} INFO - Sync 1 DAGs
[2025-03-12T13:48:07.872+0000] {logging_mixin.py:190} INFO - [2025-03-12T13:48:07.872+0000] {dag.py:4180} INFO - Setting next_dagrun for example_python_decorator to None, run_after=None
[2025-03-12T13:48:07.889+0000] {processor.py:208} INFO - Processing /home/airflow/.local/lib/python3.12/site-packages/airflow/example_dags/example_python_decorator.py took 0.069 seconds
[2025-03-12T13:48:38.558+0000] {processor.py:186} INFO - Started process (PID=1356) to work on /home/airflow/.local/lib/python3.12/site-packages/airflow/example_dags/example_python_decorator.py
[2025-03-12T13:48:38.559+0000] {processor.py:914} INFO - Processing file /home/airflow/.local/lib/python3.12/site-packages/airflow/example_dags/example_python_decorator.py for tasks to queue
[2025-03-12T13:48:38.561+0000] {logging_mixin.py:190} INFO - [2025-03-12T13:48:38.561+0000] {dagbag.py:588} INFO - Filling up the DagBag from /home/airflow/.local/lib/python3.12/site-packages/airflow/example_dags/example_python_decorator.py
[2025-03-12T13:48:38.573+0000] {processor.py:925} INFO - DAG(s) 'example_python_decorator' retrieved from /home/airflow/.local/lib/python3.12/site-packages/airflow/example_dags/example_python_decorator.py
[2025-03-12T13:48:38.590+0000] {logging_mixin.py:190} INFO - [2025-03-12T13:48:38.590+0000] {dag.py:3239} INFO - Sync 1 DAGs
[2025-03-12T13:48:38.601+0000] {logging_mixin.py:190} INFO - [2025-03-12T13:48:38.601+0000] {dag.py:4180} INFO - Setting next_dagrun for example_python_decorator to None, run_after=None
[2025-03-12T13:48:38.616+0000] {processor.py:208} INFO - Processing /home/airflow/.local/lib/python3.12/site-packages/airflow/example_dags/example_python_decorator.py took 0.062 seconds
[2025-03-12T13:49:09.370+0000] {processor.py:186} INFO - Started process (PID=1663) to work on /home/airflow/.local/lib/python3.12/site-packages/airflow/example_dags/example_python_decorator.py
[2025-03-12T13:49:09.371+0000] {processor.py:914} INFO - Processing file /home/airflow/.local/lib/python3.12/site-packages/airflow/example_dags/example_python_decorator.py for tasks to queue
[2025-03-12T13:49:09.372+0000] {logging_mixin.py:190} INFO - [2025-03-12T13:49:09.372+0000] {dagbag.py:588} INFO - Filling up the DagBag from /home/airflow/.local/lib/python3.12/site-packages/airflow/example_dags/example_python_decorator.py
[2025-03-12T13:49:09.384+0000] {processor.py:925} INFO - DAG(s) 'example_python_decorator' retrieved from /home/airflow/.local/lib/python3.12/site-packages/airflow/example_dags/example_python_decorator.py
[2025-03-12T13:49:09.401+0000] {logging_mixin.py:190} INFO - [2025-03-12T13:49:09.401+0000] {dag.py:3239} INFO - Sync 1 DAGs
[2025-03-12T13:49:09.413+0000] {logging_mixin.py:190} INFO - [2025-03-12T13:49:09.413+0000] {dag.py:4180} INFO - Setting next_dagrun for example_python_decorator to None, run_after=None
[2025-03-12T13:49:09.428+0000] {processor.py:208} INFO - Processing /home/airflow/.local/lib/python3.12/site-packages/airflow/example_dags/example_python_decorator.py took 0.062 seconds
[2025-03-12T13:49:40.118+0000] {processor.py:186} INFO - Started process (PID=1969) to work on /home/airflow/.local/lib/python3.12/site-packages/airflow/example_dags/example_python_decorator.py
[2025-03-12T13:49:40.119+0000] {processor.py:914} INFO - Processing file /home/airflow/.local/lib/python3.12/site-packages/airflow/example_dags/example_python_decorator.py for tasks to queue
[2025-03-12T13:49:40.120+0000] {logging_mixin.py:190} INFO - [2025-03-12T13:49:40.120+0000] {dagbag.py:588} INFO - Filling up the DagBag from /home/airflow/.local/lib/python3.12/site-packages/airflow/example_dags/example_python_decorator.py
[2025-03-12T13:49:40.130+0000] {processor.py:925} INFO - DAG(s) 'example_python_decorator' retrieved from /home/airflow/.local/lib/python3.12/site-packages/airflow/example_dags/example_python_decorator.py
[2025-03-12T13:49:40.147+0000] {logging_mixin.py:190} INFO - [2025-03-12T13:49:40.147+0000] {dag.py:3239} INFO - Sync 1 DAGs
[2025-03-12T13:49:40.158+0000] {logging_mixin.py:190} INFO - [2025-03-12T13:49:40.158+0000] {dag.py:4180} INFO - Setting next_dagrun for example_python_decorator to None, run_after=None
[2025-03-12T13:49:40.174+0000] {processor.py:208} INFO - Processing /home/airflow/.local/lib/python3.12/site-packages/airflow/example_dags/example_python_decorator.py took 0.060 seconds
[2025-03-12T13:50:11.221+0000] {processor.py:186} INFO - Started process (PID=2275) to work on /home/airflow/.local/lib/python3.12/site-packages/airflow/example_dags/example_python_decorator.py
[2025-03-12T13:50:11.222+0000] {processor.py:914} INFO - Processing file /home/airflow/.local/lib/python3.12/site-packages/airflow/example_dags/example_python_decorator.py for tasks to queue
[2025-03-12T13:50:11.223+0000] {logging_mixin.py:190} INFO - [2025-03-12T13:50:11.223+0000] {dagbag.py:588} INFO - Filling up the DagBag from /home/airflow/.local/lib/python3.12/site-packages/airflow/example_dags/example_python_decorator.py
[2025-03-12T13:50:11.234+0000] {processor.py:925} INFO - DAG(s) 'example_python_decorator' retrieved from /home/airflow/.local/lib/python3.12/site-packages/airflow/example_dags/example_python_decorator.py
[2025-03-12T13:50:11.249+0000] {logging_mixin.py:190} INFO - [2025-03-12T13:50:11.249+0000] {dag.py:3239} INFO - Sync 1 DAGs
[2025-03-12T13:50:11.259+0000] {logging_mixin.py:190} INFO - [2025-03-12T13:50:11.259+0000] {dag.py:4180} INFO - Setting next_dagrun for example_python_decorator to None, run_after=None
[2025-03-12T13:50:11.273+0000] {processor.py:208} INFO - Processing /home/airflow/.local/lib/python3.12/site-packages/airflow/example_dags/example_python_decorator.py took 0.056 seconds
[2025-03-12T13:50:44.188+0000] {processor.py:186} INFO - Started process (PID=2582) to work on /home/airflow/.local/lib/python3.12/site-packages/airflow/example_dags/example_python_decorator.py
[2025-03-12T13:50:44.189+0000] {processor.py:914} INFO - Processing file /home/airflow/.local/lib/python3.12/site-packages/airflow/example_dags/example_python_decorator.py for tasks to queue
[2025-03-12T13:50:44.191+0000] {logging_mixin.py:190} INFO - [2025-03-12T13:50:44.191+0000] {dagbag.py:588} INFO - Filling up the DagBag from /home/airflow/.local/lib/python3.12/site-packages/airflow/example_dags/example_python_decorator.py
[2025-03-12T13:50:44.201+0000] {processor.py:925} INFO - DAG(s) 'example_python_decorator' retrieved from /home/airflow/.local/lib/python3.12/site-packages/airflow/example_dags/example_python_decorator.py
[2025-03-12T13:50:44.219+0000] {logging_mixin.py:190} INFO - [2025-03-12T13:50:44.219+0000] {dag.py:3239} INFO - Sync 1 DAGs
[2025-03-12T13:50:44.229+0000] {logging_mixin.py:190} INFO - [2025-03-12T13:50:44.229+0000] {dag.py:4180} INFO - Setting next_dagrun for example_python_decorator to None, run_after=None
[2025-03-12T13:50:44.244+0000] {processor.py:208} INFO - Processing /home/airflow/.local/lib/python3.12/site-packages/airflow/example_dags/example_python_decorator.py took 0.060 seconds
[2025-03-12T13:51:16.851+0000] {processor.py:186} INFO - Started process (PID=2888) to work on /home/airflow/.local/lib/python3.12/site-packages/airflow/example_dags/example_python_decorator.py
[2025-03-12T13:51:16.852+0000] {processor.py:914} INFO - Processing file /home/airflow/.local/lib/python3.12/site-packages/airflow/example_dags/example_python_decorator.py for tasks to queue
[2025-03-12T13:51:16.854+0000] {logging_mixin.py:190} INFO - [2025-03-12T13:51:16.854+0000] {dagbag.py:588} INFO - Filling up the DagBag from /home/airflow/.local/lib/python3.12/site-packages/airflow/example_dags/example_python_decorator.py
[2025-03-12T13:51:16.869+0000] {processor.py:925} INFO - DAG(s) 'example_python_decorator' retrieved from /home/airflow/.local/lib/python3.12/site-packages/airflow/example_dags/example_python_decorator.py
[2025-03-12T13:51:16.889+0000] {logging_mixin.py:190} INFO - [2025-03-12T13:51:16.888+0000] {dag.py:3239} INFO - Sync 1 DAGs
[2025-03-12T13:51:16.904+0000] {logging_mixin.py:190} INFO - [2025-03-12T13:51:16.903+0000] {dag.py:4180} INFO - Setting next_dagrun for example_python_decorator to None, run_after=None
[2025-03-12T13:51:16.922+0000] {processor.py:208} INFO - Processing /home/airflow/.local/lib/python3.12/site-packages/airflow/example_dags/example_python_decorator.py took 0.076 seconds
[2025-03-12T13:51:49.974+0000] {processor.py:186} INFO - Started process (PID=3194) to work on /home/airflow/.local/lib/python3.12/site-packages/airflow/example_dags/example_python_decorator.py
[2025-03-12T13:51:49.975+0000] {processor.py:914} INFO - Processing file /home/airflow/.local/lib/python3.12/site-packages/airflow/example_dags/example_python_decorator.py for tasks to queue
[2025-03-12T13:51:49.976+0000] {logging_mixin.py:190} INFO - [2025-03-12T13:51:49.976+0000] {dagbag.py:588} INFO - Filling up the DagBag from /home/airflow/.local/lib/python3.12/site-packages/airflow/example_dags/example_python_decorator.py
[2025-03-12T13:51:49.989+0000] {processor.py:925} INFO - DAG(s) 'example_python_decorator' retrieved from /home/airflow/.local/lib/python3.12/site-packages/airflow/example_dags/example_python_decorator.py
[2025-03-12T13:51:50.006+0000] {logging_mixin.py:190} INFO - [2025-03-12T13:51:50.006+0000] {dag.py:3239} INFO - Sync 1 DAGs
[2025-03-12T13:51:50.018+0000] {logging_mixin.py:190} INFO - [2025-03-12T13:51:50.018+0000] {dag.py:4180} INFO - Setting next_dagrun for example_python_decorator to None, run_after=None
[2025-03-12T13:51:50.033+0000] {processor.py:208} INFO - Processing /home/airflow/.local/lib/python3.12/site-packages/airflow/example_dags/example_python_decorator.py took 0.064 seconds
[2025-03-12T13:52:23.544+0000] {processor.py:186} INFO - Started process (PID=3500) to work on /home/airflow/.local/lib/python3.12/site-packages/airflow/example_dags/example_python_decorator.py
[2025-03-12T13:52:23.544+0000] {processor.py:914} INFO - Processing file /home/airflow/.local/lib/python3.12/site-packages/airflow/example_dags/example_python_decorator.py for tasks to queue
[2025-03-12T13:52:23.546+0000] {logging_mixin.py:190} INFO - [2025-03-12T13:52:23.546+0000] {dagbag.py:588} INFO - Filling up the DagBag from /home/airflow/.local/lib/python3.12/site-packages/airflow/example_dags/example_python_decorator.py
[2025-03-12T13:52:23.558+0000] {processor.py:925} INFO - DAG(s) 'example_python_decorator' retrieved from /home/airflow/.local/lib/python3.12/site-packages/airflow/example_dags/example_python_decorator.py
[2025-03-12T13:52:23.574+0000] {logging_mixin.py:190} INFO - [2025-03-12T13:52:23.574+0000] {dag.py:3239} INFO - Sync 1 DAGs
[2025-03-12T13:52:23.585+0000] {logging_mixin.py:190} INFO - [2025-03-12T13:52:23.585+0000] {dag.py:4180} INFO - Setting next_dagrun for example_python_decorator to None, run_after=None
[2025-03-12T13:52:23.599+0000] {processor.py:208} INFO - Processing /home/airflow/.local/lib/python3.12/site-packages/airflow/example_dags/example_python_decorator.py took 0.059 seconds
[2025-03-12T13:53:00.998+0000] {processor.py:186} INFO - Started process (PID=3806) to work on /home/airflow/.local/lib/python3.12/site-packages/airflow/example_dags/example_python_decorator.py
[2025-03-12T13:53:00.999+0000] {processor.py:914} INFO - Processing file /home/airflow/.local/lib/python3.12/site-packages/airflow/example_dags/example_python_decorator.py for tasks to queue
[2025-03-12T13:53:01.002+0000] {logging_mixin.py:190} INFO - [2025-03-12T13:53:01.001+0000] {dagbag.py:588} INFO - Filling up the DagBag from /home/airflow/.local/lib/python3.12/site-packages/airflow/example_dags/example_python_decorator.py
[2025-03-12T13:53:01.017+0000] {processor.py:925} INFO - DAG(s) 'example_python_decorator' retrieved from /home/airflow/.local/lib/python3.12/site-packages/airflow/example_dags/example_python_decorator.py
[2025-03-12T13:53:01.038+0000] {logging_mixin.py:190} INFO - [2025-03-12T13:53:01.038+0000] {dag.py:3239} INFO - Sync 1 DAGs
[2025-03-12T13:53:01.054+0000] {logging_mixin.py:190} INFO - [2025-03-12T13:53:01.054+0000] {dag.py:4180} INFO - Setting next_dagrun for example_python_decorator to None, run_after=None
[2025-03-12T13:53:01.074+0000] {processor.py:208} INFO - Processing /home/airflow/.local/lib/python3.12/site-packages/airflow/example_dags/example_python_decorator.py took 0.082 seconds
[2025-03-12T13:53:32.257+0000] {processor.py:186} INFO - Started process (PID=4112) to work on /home/airflow/.local/lib/python3.12/site-packages/airflow/example_dags/example_python_decorator.py
[2025-03-12T13:53:32.259+0000] {processor.py:914} INFO - Processing file /home/airflow/.local/lib/python3.12/site-packages/airflow/example_dags/example_python_decorator.py for tasks to queue
[2025-03-12T13:53:32.261+0000] {logging_mixin.py:190} INFO - [2025-03-12T13:53:32.261+0000] {dagbag.py:588} INFO - Filling up the DagBag from /home/airflow/.local/lib/python3.12/site-packages/airflow/example_dags/example_python_decorator.py
[2025-03-12T13:53:32.292+0000] {processor.py:925} INFO - DAG(s) 'example_python_decorator' retrieved from /home/airflow/.local/lib/python3.12/site-packages/airflow/example_dags/example_python_decorator.py
[2025-03-12T13:53:32.317+0000] {logging_mixin.py:190} INFO - [2025-03-12T13:53:32.317+0000] {dag.py:3239} INFO - Sync 1 DAGs
[2025-03-12T13:53:32.337+0000] {logging_mixin.py:190} INFO - [2025-03-12T13:53:32.337+0000] {dag.py:4180} INFO - Setting next_dagrun for example_python_decorator to None, run_after=None
[2025-03-12T13:53:32.361+0000] {processor.py:208} INFO - Processing /home/airflow/.local/lib/python3.12/site-packages/airflow/example_dags/example_python_decorator.py took 0.111 seconds
[2025-03-12T13:54:04.549+0000] {processor.py:186} INFO - Started process (PID=4418) to work on /home/airflow/.local/lib/python3.12/site-packages/airflow/example_dags/example_python_decorator.py
[2025-03-12T13:54:04.551+0000] {processor.py:914} INFO - Processing file /home/airflow/.local/lib/python3.12/site-packages/airflow/example_dags/example_python_decorator.py for tasks to queue
[2025-03-12T13:54:04.554+0000] {logging_mixin.py:190} INFO - [2025-03-12T13:54:04.553+0000] {dagbag.py:588} INFO - Filling up the DagBag from /home/airflow/.local/lib/python3.12/site-packages/airflow/example_dags/example_python_decorator.py
[2025-03-12T13:54:04.572+0000] {processor.py:925} INFO - DAG(s) 'example_python_decorator' retrieved from /home/airflow/.local/lib/python3.12/site-packages/airflow/example_dags/example_python_decorator.py
[2025-03-12T13:54:04.600+0000] {logging_mixin.py:190} INFO - [2025-03-12T13:54:04.599+0000] {dag.py:3239} INFO - Sync 1 DAGs
[2025-03-12T13:54:04.616+0000] {logging_mixin.py:190} INFO - [2025-03-12T13:54:04.615+0000] {dag.py:4180} INFO - Setting next_dagrun for example_python_decorator to None, run_after=None
[2025-03-12T13:54:04.641+0000] {processor.py:208} INFO - Processing /home/airflow/.local/lib/python3.12/site-packages/airflow/example_dags/example_python_decorator.py took 0.099 seconds
[2025-03-12T13:54:38.840+0000] {processor.py:186} INFO - Started process (PID=4724) to work on /home/airflow/.local/lib/python3.12/site-packages/airflow/example_dags/example_python_decorator.py
[2025-03-12T13:54:38.841+0000] {processor.py:914} INFO - Processing file /home/airflow/.local/lib/python3.12/site-packages/airflow/example_dags/example_python_decorator.py for tasks to queue
[2025-03-12T13:54:38.844+0000] {logging_mixin.py:190} INFO - [2025-03-12T13:54:38.843+0000] {dagbag.py:588} INFO - Filling up the DagBag from /home/airflow/.local/lib/python3.12/site-packages/airflow/example_dags/example_python_decorator.py
[2025-03-12T13:54:38.858+0000] {processor.py:925} INFO - DAG(s) 'example_python_decorator' retrieved from /home/airflow/.local/lib/python3.12/site-packages/airflow/example_dags/example_python_decorator.py
[2025-03-12T13:54:38.882+0000] {logging_mixin.py:190} INFO - [2025-03-12T13:54:38.882+0000] {dag.py:3239} INFO - Sync 1 DAGs
[2025-03-12T13:54:38.900+0000] {logging_mixin.py:190} INFO - [2025-03-12T13:54:38.900+0000] {dag.py:4180} INFO - Setting next_dagrun for example_python_decorator to None, run_after=None
[2025-03-12T13:54:38.923+0000] {processor.py:208} INFO - Processing /home/airflow/.local/lib/python3.12/site-packages/airflow/example_dags/example_python_decorator.py took 0.088 seconds
[2025-03-12T13:55:11.402+0000] {processor.py:186} INFO - Started process (PID=5030) to work on /home/airflow/.local/lib/python3.12/site-packages/airflow/example_dags/example_python_decorator.py
[2025-03-12T13:55:11.403+0000] {processor.py:914} INFO - Processing file /home/airflow/.local/lib/python3.12/site-packages/airflow/example_dags/example_python_decorator.py for tasks to queue
[2025-03-12T13:55:11.404+0000] {logging_mixin.py:190} INFO - [2025-03-12T13:55:11.404+0000] {dagbag.py:588} INFO - Filling up the DagBag from /home/airflow/.local/lib/python3.12/site-packages/airflow/example_dags/example_python_decorator.py
[2025-03-12T13:55:11.415+0000] {processor.py:925} INFO - DAG(s) 'example_python_decorator' retrieved from /home/airflow/.local/lib/python3.12/site-packages/airflow/example_dags/example_python_decorator.py
[2025-03-12T13:55:11.431+0000] {logging_mixin.py:190} INFO - [2025-03-12T13:55:11.431+0000] {dag.py:3239} INFO - Sync 1 DAGs
[2025-03-12T13:55:11.443+0000] {logging_mixin.py:190} INFO - [2025-03-12T13:55:11.442+0000] {dag.py:4180} INFO - Setting next_dagrun for example_python_decorator to None, run_after=None
[2025-03-12T13:55:11.457+0000] {processor.py:208} INFO - Processing /home/airflow/.local/lib/python3.12/site-packages/airflow/example_dags/example_python_decorator.py took 0.060 seconds
[2025-03-12T13:55:43.167+0000] {processor.py:186} INFO - Started process (PID=5336) to work on /home/airflow/.local/lib/python3.12/site-packages/airflow/example_dags/example_python_decorator.py
[2025-03-12T13:55:43.168+0000] {processor.py:914} INFO - Processing file /home/airflow/.local/lib/python3.12/site-packages/airflow/example_dags/example_python_decorator.py for tasks to queue
[2025-03-12T13:55:43.170+0000] {logging_mixin.py:190} INFO - [2025-03-12T13:55:43.170+0000] {dagbag.py:588} INFO - Filling up the DagBag from /home/airflow/.local/lib/python3.12/site-packages/airflow/example_dags/example_python_decorator.py
[2025-03-12T13:55:43.181+0000] {processor.py:925} INFO - DAG(s) 'example_python_decorator' retrieved from /home/airflow/.local/lib/python3.12/site-packages/airflow/example_dags/example_python_decorator.py
[2025-03-12T13:55:43.200+0000] {logging_mixin.py:190} INFO - [2025-03-12T13:55:43.199+0000] {dag.py:3239} INFO - Sync 1 DAGs
[2025-03-12T13:55:43.212+0000] {logging_mixin.py:190} INFO - [2025-03-12T13:55:43.211+0000] {dag.py:4180} INFO - Setting next_dagrun for example_python_decorator to None, run_after=None
[2025-03-12T13:55:43.229+0000] {processor.py:208} INFO - Processing /home/airflow/.local/lib/python3.12/site-packages/airflow/example_dags/example_python_decorator.py took 0.067 seconds
[2025-03-12T13:56:20.374+0000] {processor.py:186} INFO - Started process (PID=5642) to work on /home/airflow/.local/lib/python3.12/site-packages/airflow/example_dags/example_python_decorator.py
[2025-03-12T13:56:20.381+0000] {processor.py:914} INFO - Processing file /home/airflow/.local/lib/python3.12/site-packages/airflow/example_dags/example_python_decorator.py for tasks to queue
[2025-03-12T13:56:20.384+0000] {logging_mixin.py:190} INFO - [2025-03-12T13:56:20.384+0000] {dagbag.py:588} INFO - Filling up the DagBag from /home/airflow/.local/lib/python3.12/site-packages/airflow/example_dags/example_python_decorator.py
[2025-03-12T13:56:20.405+0000] {processor.py:925} INFO - DAG(s) 'example_python_decorator' retrieved from /home/airflow/.local/lib/python3.12/site-packages/airflow/example_dags/example_python_decorator.py
[2025-03-12T13:56:20.441+0000] {logging_mixin.py:190} INFO - [2025-03-12T13:56:20.441+0000] {dag.py:3239} INFO - Sync 1 DAGs
[2025-03-12T13:56:20.460+0000] {logging_mixin.py:190} INFO - [2025-03-12T13:56:20.460+0000] {dag.py:4180} INFO - Setting next_dagrun for example_python_decorator to None, run_after=None
[2025-03-12T13:56:20.484+0000] {processor.py:208} INFO - Processing /home/airflow/.local/lib/python3.12/site-packages/airflow/example_dags/example_python_decorator.py took 0.118 seconds
[2025-03-12T13:56:50.858+0000] {processor.py:186} INFO - Started process (PID=5950) to work on /home/airflow/.local/lib/python3.12/site-packages/airflow/example_dags/example_python_decorator.py
[2025-03-12T13:56:50.859+0000] {processor.py:914} INFO - Processing file /home/airflow/.local/lib/python3.12/site-packages/airflow/example_dags/example_python_decorator.py for tasks to queue
[2025-03-12T13:56:50.860+0000] {logging_mixin.py:190} INFO - [2025-03-12T13:56:50.860+0000] {dagbag.py:588} INFO - Filling up the DagBag from /home/airflow/.local/lib/python3.12/site-packages/airflow/example_dags/example_python_decorator.py
[2025-03-12T13:56:50.871+0000] {processor.py:925} INFO - DAG(s) 'example_python_decorator' retrieved from /home/airflow/.local/lib/python3.12/site-packages/airflow/example_dags/example_python_decorator.py
[2025-03-12T13:56:50.888+0000] {logging_mixin.py:190} INFO - [2025-03-12T13:56:50.888+0000] {dag.py:3239} INFO - Sync 1 DAGs
[2025-03-12T13:56:50.898+0000] {logging_mixin.py:190} INFO - [2025-03-12T13:56:50.898+0000] {dag.py:4180} INFO - Setting next_dagrun for example_python_decorator to None, run_after=None
[2025-03-12T13:56:50.913+0000] {processor.py:208} INFO - Processing /home/airflow/.local/lib/python3.12/site-packages/airflow/example_dags/example_python_decorator.py took 0.059 seconds
[2025-03-12T13:57:23.571+0000] {processor.py:186} INFO - Started process (PID=6254) to work on /home/airflow/.local/lib/python3.12/site-packages/airflow/example_dags/example_python_decorator.py
[2025-03-12T13:57:23.572+0000] {processor.py:914} INFO - Processing file /home/airflow/.local/lib/python3.12/site-packages/airflow/example_dags/example_python_decorator.py for tasks to queue
[2025-03-12T13:57:23.574+0000] {logging_mixin.py:190} INFO - [2025-03-12T13:57:23.574+0000] {dagbag.py:588} INFO - Filling up the DagBag from /home/airflow/.local/lib/python3.12/site-packages/airflow/example_dags/example_python_decorator.py
[2025-03-12T13:57:23.586+0000] {processor.py:925} INFO - DAG(s) 'example_python_decorator' retrieved from /home/airflow/.local/lib/python3.12/site-packages/airflow/example_dags/example_python_decorator.py
[2025-03-12T13:57:23.606+0000] {logging_mixin.py:190} INFO - [2025-03-12T13:57:23.605+0000] {dag.py:3239} INFO - Sync 1 DAGs
[2025-03-12T13:57:23.620+0000] {logging_mixin.py:190} INFO - [2025-03-12T13:57:23.619+0000] {dag.py:4180} INFO - Setting next_dagrun for example_python_decorator to None, run_after=None
[2025-03-12T13:57:23.636+0000] {processor.py:208} INFO - Processing /home/airflow/.local/lib/python3.12/site-packages/airflow/example_dags/example_python_decorator.py took 0.071 seconds
[2025-03-12T13:57:57.577+0000] {processor.py:186} INFO - Started process (PID=6560) to work on /home/airflow/.local/lib/python3.12/site-packages/airflow/example_dags/example_python_decorator.py
[2025-03-12T13:57:57.578+0000] {processor.py:914} INFO - Processing file /home/airflow/.local/lib/python3.12/site-packages/airflow/example_dags/example_python_decorator.py for tasks to queue
[2025-03-12T13:57:57.580+0000] {logging_mixin.py:190} INFO - [2025-03-12T13:57:57.580+0000] {dagbag.py:588} INFO - Filling up the DagBag from /home/airflow/.local/lib/python3.12/site-packages/airflow/example_dags/example_python_decorator.py
[2025-03-12T13:57:57.590+0000] {processor.py:925} INFO - DAG(s) 'example_python_decorator' retrieved from /home/airflow/.local/lib/python3.12/site-packages/airflow/example_dags/example_python_decorator.py
[2025-03-12T13:57:57.607+0000] {logging_mixin.py:190} INFO - [2025-03-12T13:57:57.607+0000] {dag.py:3239} INFO - Sync 1 DAGs
[2025-03-12T13:57:57.618+0000] {logging_mixin.py:190} INFO - [2025-03-12T13:57:57.618+0000] {dag.py:4180} INFO - Setting next_dagrun for example_python_decorator to None, run_after=None
[2025-03-12T13:57:57.633+0000] {processor.py:208} INFO - Processing /home/airflow/.local/lib/python3.12/site-packages/airflow/example_dags/example_python_decorator.py took 0.060 seconds
[2025-03-12T13:58:30.854+0000] {processor.py:186} INFO - Started process (PID=6866) to work on /home/airflow/.local/lib/python3.12/site-packages/airflow/example_dags/example_python_decorator.py
[2025-03-12T13:58:30.855+0000] {processor.py:914} INFO - Processing file /home/airflow/.local/lib/python3.12/site-packages/airflow/example_dags/example_python_decorator.py for tasks to queue
[2025-03-12T13:58:30.857+0000] {logging_mixin.py:190} INFO - [2025-03-12T13:58:30.857+0000] {dagbag.py:588} INFO - Filling up the DagBag from /home/airflow/.local/lib/python3.12/site-packages/airflow/example_dags/example_python_decorator.py
[2025-03-12T13:58:30.869+0000] {processor.py:925} INFO - DAG(s) 'example_python_decorator' retrieved from /home/airflow/.local/lib/python3.12/site-packages/airflow/example_dags/example_python_decorator.py
[2025-03-12T13:58:30.906+0000] {logging_mixin.py:190} INFO - [2025-03-12T13:58:30.906+0000] {dag.py:3239} INFO - Sync 1 DAGs
[2025-03-12T13:58:30.917+0000] {logging_mixin.py:190} INFO - [2025-03-12T13:58:30.917+0000] {dag.py:4180} INFO - Setting next_dagrun for example_python_decorator to None, run_after=None
[2025-03-12T13:58:30.932+0000] {processor.py:208} INFO - Processing /home/airflow/.local/lib/python3.12/site-packages/airflow/example_dags/example_python_decorator.py took 0.082 seconds
[2025-03-12T13:59:05.018+0000] {processor.py:186} INFO - Started process (PID=7172) to work on /home/airflow/.local/lib/python3.12/site-packages/airflow/example_dags/example_python_decorator.py
[2025-03-12T13:59:05.019+0000] {processor.py:914} INFO - Processing file /home/airflow/.local/lib/python3.12/site-packages/airflow/example_dags/example_python_decorator.py for tasks to queue
[2025-03-12T13:59:05.021+0000] {logging_mixin.py:190} INFO - [2025-03-12T13:59:05.021+0000] {dagbag.py:588} INFO - Filling up the DagBag from /home/airflow/.local/lib/python3.12/site-packages/airflow/example_dags/example_python_decorator.py
[2025-03-12T13:59:05.033+0000] {processor.py:925} INFO - DAG(s) 'example_python_decorator' retrieved from /home/airflow/.local/lib/python3.12/site-packages/airflow/example_dags/example_python_decorator.py
[2025-03-12T13:59:05.053+0000] {logging_mixin.py:190} INFO - [2025-03-12T13:59:05.053+0000] {dag.py:3239} INFO - Sync 1 DAGs
[2025-03-12T13:59:05.066+0000] {logging_mixin.py:190} INFO - [2025-03-12T13:59:05.066+0000] {dag.py:4180} INFO - Setting next_dagrun for example_python_decorator to None, run_after=None
[2025-03-12T13:59:05.084+0000] {processor.py:208} INFO - Processing /home/airflow/.local/lib/python3.12/site-packages/airflow/example_dags/example_python_decorator.py took 0.070 seconds
[2025-03-12T13:59:36.716+0000] {processor.py:186} INFO - Started process (PID=7478) to work on /home/airflow/.local/lib/python3.12/site-packages/airflow/example_dags/example_python_decorator.py
[2025-03-12T13:59:36.717+0000] {processor.py:914} INFO - Processing file /home/airflow/.local/lib/python3.12/site-packages/airflow/example_dags/example_python_decorator.py for tasks to queue
[2025-03-12T13:59:36.719+0000] {logging_mixin.py:190} INFO - [2025-03-12T13:59:36.718+0000] {dagbag.py:588} INFO - Filling up the DagBag from /home/airflow/.local/lib/python3.12/site-packages/airflow/example_dags/example_python_decorator.py
[2025-03-12T13:59:36.728+0000] {processor.py:925} INFO - DAG(s) 'example_python_decorator' retrieved from /home/airflow/.local/lib/python3.12/site-packages/airflow/example_dags/example_python_decorator.py
[2025-03-12T13:59:36.749+0000] {logging_mixin.py:190} INFO - [2025-03-12T13:59:36.748+0000] {dag.py:3239} INFO - Sync 1 DAGs
[2025-03-12T13:59:36.760+0000] {logging_mixin.py:190} INFO - [2025-03-12T13:59:36.760+0000] {dag.py:4180} INFO - Setting next_dagrun for example_python_decorator to None, run_after=None
[2025-03-12T13:59:36.776+0000] {processor.py:208} INFO - Processing /home/airflow/.local/lib/python3.12/site-packages/airflow/example_dags/example_python_decorator.py took 0.064 seconds
[2025-03-12T14:00:10.465+0000] {processor.py:186} INFO - Started process (PID=7784) to work on /home/airflow/.local/lib/python3.12/site-packages/airflow/example_dags/example_python_decorator.py
[2025-03-12T14:00:10.466+0000] {processor.py:914} INFO - Processing file /home/airflow/.local/lib/python3.12/site-packages/airflow/example_dags/example_python_decorator.py for tasks to queue
[2025-03-12T14:00:10.468+0000] {logging_mixin.py:190} INFO - [2025-03-12T14:00:10.468+0000] {dagbag.py:588} INFO - Filling up the DagBag from /home/airflow/.local/lib/python3.12/site-packages/airflow/example_dags/example_python_decorator.py
[2025-03-12T14:00:10.479+0000] {processor.py:925} INFO - DAG(s) 'example_python_decorator' retrieved from /home/airflow/.local/lib/python3.12/site-packages/airflow/example_dags/example_python_decorator.py
[2025-03-12T14:00:10.498+0000] {logging_mixin.py:190} INFO - [2025-03-12T14:00:10.498+0000] {dag.py:3239} INFO - Sync 1 DAGs
[2025-03-12T14:00:10.509+0000] {logging_mixin.py:190} INFO - [2025-03-12T14:00:10.509+0000] {dag.py:4180} INFO - Setting next_dagrun for example_python_decorator to None, run_after=None
[2025-03-12T14:00:10.524+0000] {processor.py:208} INFO - Processing /home/airflow/.local/lib/python3.12/site-packages/airflow/example_dags/example_python_decorator.py took 0.063 seconds
[2025-03-12T14:00:43.212+0000] {processor.py:186} INFO - Started process (PID=8090) to work on /home/airflow/.local/lib/python3.12/site-packages/airflow/example_dags/example_python_decorator.py
[2025-03-12T14:00:43.213+0000] {processor.py:914} INFO - Processing file /home/airflow/.local/lib/python3.12/site-packages/airflow/example_dags/example_python_decorator.py for tasks to queue
[2025-03-12T14:00:43.215+0000] {logging_mixin.py:190} INFO - [2025-03-12T14:00:43.214+0000] {dagbag.py:588} INFO - Filling up the DagBag from /home/airflow/.local/lib/python3.12/site-packages/airflow/example_dags/example_python_decorator.py
[2025-03-12T14:00:43.225+0000] {processor.py:925} INFO - DAG(s) 'example_python_decorator' retrieved from /home/airflow/.local/lib/python3.12/site-packages/airflow/example_dags/example_python_decorator.py
[2025-03-12T14:00:43.243+0000] {logging_mixin.py:190} INFO - [2025-03-12T14:00:43.243+0000] {dag.py:3239} INFO - Sync 1 DAGs
[2025-03-12T14:00:43.253+0000] {logging_mixin.py:190} INFO - [2025-03-12T14:00:43.253+0000] {dag.py:4180} INFO - Setting next_dagrun for example_python_decorator to None, run_after=None
[2025-03-12T14:00:43.268+0000] {processor.py:208} INFO - Processing /home/airflow/.local/lib/python3.12/site-packages/airflow/example_dags/example_python_decorator.py took 0.060 seconds
[2025-03-12T14:01:17.223+0000] {processor.py:186} INFO - Started process (PID=8396) to work on /home/airflow/.local/lib/python3.12/site-packages/airflow/example_dags/example_python_decorator.py
[2025-03-12T14:01:17.224+0000] {processor.py:914} INFO - Processing file /home/airflow/.local/lib/python3.12/site-packages/airflow/example_dags/example_python_decorator.py for tasks to queue
[2025-03-12T14:01:17.226+0000] {logging_mixin.py:190} INFO - [2025-03-12T14:01:17.226+0000] {dagbag.py:588} INFO - Filling up the DagBag from /home/airflow/.local/lib/python3.12/site-packages/airflow/example_dags/example_python_decorator.py
[2025-03-12T14:01:17.239+0000] {processor.py:925} INFO - DAG(s) 'example_python_decorator' retrieved from /home/airflow/.local/lib/python3.12/site-packages/airflow/example_dags/example_python_decorator.py
[2025-03-12T14:01:17.259+0000] {logging_mixin.py:190} INFO - [2025-03-12T14:01:17.258+0000] {dag.py:3239} INFO - Sync 1 DAGs
[2025-03-12T14:01:17.272+0000] {logging_mixin.py:190} INFO - [2025-03-12T14:01:17.271+0000] {dag.py:4180} INFO - Setting next_dagrun for example_python_decorator to None, run_after=None
[2025-03-12T14:01:17.287+0000] {processor.py:208} INFO - Processing /home/airflow/.local/lib/python3.12/site-packages/airflow/example_dags/example_python_decorator.py took 0.071 seconds
[2025-03-12T14:01:49.959+0000] {processor.py:186} INFO - Started process (PID=8705) to work on /home/airflow/.local/lib/python3.12/site-packages/airflow/example_dags/example_python_decorator.py
[2025-03-12T14:01:49.960+0000] {processor.py:914} INFO - Processing file /home/airflow/.local/lib/python3.12/site-packages/airflow/example_dags/example_python_decorator.py for tasks to queue
[2025-03-12T14:01:49.962+0000] {logging_mixin.py:190} INFO - [2025-03-12T14:01:49.962+0000] {dagbag.py:588} INFO - Filling up the DagBag from /home/airflow/.local/lib/python3.12/site-packages/airflow/example_dags/example_python_decorator.py
[2025-03-12T14:01:49.974+0000] {processor.py:925} INFO - DAG(s) 'example_python_decorator' retrieved from /home/airflow/.local/lib/python3.12/site-packages/airflow/example_dags/example_python_decorator.py
[2025-03-12T14:01:49.992+0000] {logging_mixin.py:190} INFO - [2025-03-12T14:01:49.992+0000] {dag.py:3239} INFO - Sync 1 DAGs
[2025-03-12T14:01:50.008+0000] {logging_mixin.py:190} INFO - [2025-03-12T14:01:50.008+0000] {dag.py:4180} INFO - Setting next_dagrun for example_python_decorator to None, run_after=None
[2025-03-12T14:01:50.026+0000] {processor.py:208} INFO - Processing /home/airflow/.local/lib/python3.12/site-packages/airflow/example_dags/example_python_decorator.py took 0.071 seconds
[2025-03-12T14:02:24.037+0000] {processor.py:186} INFO - Started process (PID=9009) to work on /home/airflow/.local/lib/python3.12/site-packages/airflow/example_dags/example_python_decorator.py
[2025-03-12T14:02:24.038+0000] {processor.py:914} INFO - Processing file /home/airflow/.local/lib/python3.12/site-packages/airflow/example_dags/example_python_decorator.py for tasks to queue
[2025-03-12T14:02:24.040+0000] {logging_mixin.py:190} INFO - [2025-03-12T14:02:24.039+0000] {dagbag.py:588} INFO - Filling up the DagBag from /home/airflow/.local/lib/python3.12/site-packages/airflow/example_dags/example_python_decorator.py
[2025-03-12T14:02:24.050+0000] {processor.py:925} INFO - DAG(s) 'example_python_decorator' retrieved from /home/airflow/.local/lib/python3.12/site-packages/airflow/example_dags/example_python_decorator.py
[2025-03-12T14:02:24.067+0000] {logging_mixin.py:190} INFO - [2025-03-12T14:02:24.067+0000] {dag.py:3239} INFO - Sync 1 DAGs
[2025-03-12T14:02:24.078+0000] {logging_mixin.py:190} INFO - [2025-03-12T14:02:24.078+0000] {dag.py:4180} INFO - Setting next_dagrun for example_python_decorator to None, run_after=None
[2025-03-12T14:02:24.092+0000] {processor.py:208} INFO - Processing /home/airflow/.local/lib/python3.12/site-packages/airflow/example_dags/example_python_decorator.py took 0.059 seconds
[2025-03-12T14:02:57.205+0000] {processor.py:186} INFO - Started process (PID=9315) to work on /home/airflow/.local/lib/python3.12/site-packages/airflow/example_dags/example_python_decorator.py
[2025-03-12T14:02:57.206+0000] {processor.py:914} INFO - Processing file /home/airflow/.local/lib/python3.12/site-packages/airflow/example_dags/example_python_decorator.py for tasks to queue
[2025-03-12T14:02:57.208+0000] {logging_mixin.py:190} INFO - [2025-03-12T14:02:57.208+0000] {dagbag.py:588} INFO - Filling up the DagBag from /home/airflow/.local/lib/python3.12/site-packages/airflow/example_dags/example_python_decorator.py
[2025-03-12T14:02:57.222+0000] {processor.py:925} INFO - DAG(s) 'example_python_decorator' retrieved from /home/airflow/.local/lib/python3.12/site-packages/airflow/example_dags/example_python_decorator.py
[2025-03-12T14:02:57.244+0000] {logging_mixin.py:190} INFO - [2025-03-12T14:02:57.243+0000] {dag.py:3239} INFO - Sync 1 DAGs
[2025-03-12T14:02:57.258+0000] {logging_mixin.py:190} INFO - [2025-03-12T14:02:57.258+0000] {dag.py:4180} INFO - Setting next_dagrun for example_python_decorator to None, run_after=None
[2025-03-12T14:02:57.275+0000] {processor.py:208} INFO - Processing /home/airflow/.local/lib/python3.12/site-packages/airflow/example_dags/example_python_decorator.py took 0.075 seconds
[2025-03-12T14:03:30.183+0000] {processor.py:186} INFO - Started process (PID=9621) to work on /home/airflow/.local/lib/python3.12/site-packages/airflow/example_dags/example_python_decorator.py
[2025-03-12T14:03:30.184+0000] {processor.py:914} INFO - Processing file /home/airflow/.local/lib/python3.12/site-packages/airflow/example_dags/example_python_decorator.py for tasks to queue
[2025-03-12T14:03:30.186+0000] {logging_mixin.py:190} INFO - [2025-03-12T14:03:30.185+0000] {dagbag.py:588} INFO - Filling up the DagBag from /home/airflow/.local/lib/python3.12/site-packages/airflow/example_dags/example_python_decorator.py
[2025-03-12T14:03:30.196+0000] {processor.py:925} INFO - DAG(s) 'example_python_decorator' retrieved from /home/airflow/.local/lib/python3.12/site-packages/airflow/example_dags/example_python_decorator.py
[2025-03-12T14:03:30.213+0000] {logging_mixin.py:190} INFO - [2025-03-12T14:03:30.213+0000] {dag.py:3239} INFO - Sync 1 DAGs
[2025-03-12T14:03:30.224+0000] {logging_mixin.py:190} INFO - [2025-03-12T14:03:30.224+0000] {dag.py:4180} INFO - Setting next_dagrun for example_python_decorator to None, run_after=None
[2025-03-12T14:03:30.240+0000] {processor.py:208} INFO - Processing /home/airflow/.local/lib/python3.12/site-packages/airflow/example_dags/example_python_decorator.py took 0.062 seconds
[2025-03-12T14:04:07.925+0000] {processor.py:186} INFO - Started process (PID=9932) to work on /home/airflow/.local/lib/python3.12/site-packages/airflow/example_dags/example_python_decorator.py
[2025-03-12T14:04:07.936+0000] {processor.py:914} INFO - Processing file /home/airflow/.local/lib/python3.12/site-packages/airflow/example_dags/example_python_decorator.py for tasks to queue
[2025-03-12T14:04:07.940+0000] {logging_mixin.py:190} INFO - [2025-03-12T14:04:07.940+0000] {dagbag.py:588} INFO - Filling up the DagBag from /home/airflow/.local/lib/python3.12/site-packages/airflow/example_dags/example_python_decorator.py
[2025-03-12T14:04:08.013+0000] {processor.py:925} INFO - DAG(s) 'example_python_decorator' retrieved from /home/airflow/.local/lib/python3.12/site-packages/airflow/example_dags/example_python_decorator.py
[2025-03-12T14:04:08.087+0000] {logging_mixin.py:190} INFO - [2025-03-12T14:04:08.087+0000] {dag.py:3239} INFO - Sync 1 DAGs
[2025-03-12T14:04:08.135+0000] {logging_mixin.py:190} INFO - [2025-03-12T14:04:08.134+0000] {dag.py:4180} INFO - Setting next_dagrun for example_python_decorator to None, run_after=None
[2025-03-12T14:04:08.208+0000] {processor.py:208} INFO - Processing /home/airflow/.local/lib/python3.12/site-packages/airflow/example_dags/example_python_decorator.py took 0.300 seconds
[2025-03-12T14:04:38.958+0000] {processor.py:186} INFO - Started process (PID=10238) to work on /home/airflow/.local/lib/python3.12/site-packages/airflow/example_dags/example_python_decorator.py
[2025-03-12T14:04:38.960+0000] {processor.py:914} INFO - Processing file /home/airflow/.local/lib/python3.12/site-packages/airflow/example_dags/example_python_decorator.py for tasks to queue
[2025-03-12T14:04:38.962+0000] {logging_mixin.py:190} INFO - [2025-03-12T14:04:38.962+0000] {dagbag.py:588} INFO - Filling up the DagBag from /home/airflow/.local/lib/python3.12/site-packages/airflow/example_dags/example_python_decorator.py
[2025-03-12T14:04:38.979+0000] {processor.py:925} INFO - DAG(s) 'example_python_decorator' retrieved from /home/airflow/.local/lib/python3.12/site-packages/airflow/example_dags/example_python_decorator.py
[2025-03-12T14:04:39.008+0000] {logging_mixin.py:190} INFO - [2025-03-12T14:04:39.007+0000] {dag.py:3239} INFO - Sync 1 DAGs
[2025-03-12T14:04:39.028+0000] {logging_mixin.py:190} INFO - [2025-03-12T14:04:39.028+0000] {dag.py:4180} INFO - Setting next_dagrun for example_python_decorator to None, run_after=None
[2025-03-12T14:04:39.074+0000] {processor.py:208} INFO - Processing /home/airflow/.local/lib/python3.12/site-packages/airflow/example_dags/example_python_decorator.py took 0.122 seconds
[2025-03-12T14:05:10.058+0000] {processor.py:186} INFO - Started process (PID=10544) to work on /home/airflow/.local/lib/python3.12/site-packages/airflow/example_dags/example_python_decorator.py
[2025-03-12T14:05:10.059+0000] {processor.py:914} INFO - Processing file /home/airflow/.local/lib/python3.12/site-packages/airflow/example_dags/example_python_decorator.py for tasks to queue
[2025-03-12T14:05:10.062+0000] {logging_mixin.py:190} INFO - [2025-03-12T14:05:10.061+0000] {dagbag.py:588} INFO - Filling up the DagBag from /home/airflow/.local/lib/python3.12/site-packages/airflow/example_dags/example_python_decorator.py
[2025-03-12T14:05:10.074+0000] {processor.py:925} INFO - DAG(s) 'example_python_decorator' retrieved from /home/airflow/.local/lib/python3.12/site-packages/airflow/example_dags/example_python_decorator.py
[2025-03-12T14:05:10.095+0000] {logging_mixin.py:190} INFO - [2025-03-12T14:05:10.095+0000] {dag.py:3239} INFO - Sync 1 DAGs
[2025-03-12T14:05:10.109+0000] {logging_mixin.py:190} INFO - [2025-03-12T14:05:10.109+0000] {dag.py:4180} INFO - Setting next_dagrun for example_python_decorator to None, run_after=None
[2025-03-12T14:05:10.126+0000] {processor.py:208} INFO - Processing /home/airflow/.local/lib/python3.12/site-packages/airflow/example_dags/example_python_decorator.py took 0.074 seconds
[2025-03-12T14:05:44.773+0000] {processor.py:186} INFO - Started process (PID=10850) to work on /home/airflow/.local/lib/python3.12/site-packages/airflow/example_dags/example_python_decorator.py
[2025-03-12T14:05:44.774+0000] {processor.py:914} INFO - Processing file /home/airflow/.local/lib/python3.12/site-packages/airflow/example_dags/example_python_decorator.py for tasks to queue
[2025-03-12T14:05:44.777+0000] {logging_mixin.py:190} INFO - [2025-03-12T14:05:44.777+0000] {dagbag.py:588} INFO - Filling up the DagBag from /home/airflow/.local/lib/python3.12/site-packages/airflow/example_dags/example_python_decorator.py
[2025-03-12T14:05:44.790+0000] {processor.py:925} INFO - DAG(s) 'example_python_decorator' retrieved from /home/airflow/.local/lib/python3.12/site-packages/airflow/example_dags/example_python_decorator.py
[2025-03-12T14:05:44.812+0000] {logging_mixin.py:190} INFO - [2025-03-12T14:05:44.812+0000] {dag.py:3239} INFO - Sync 1 DAGs
[2025-03-12T14:05:44.825+0000] {logging_mixin.py:190} INFO - [2025-03-12T14:05:44.825+0000] {dag.py:4180} INFO - Setting next_dagrun for example_python_decorator to None, run_after=None
[2025-03-12T14:05:44.844+0000] {processor.py:208} INFO - Processing /home/airflow/.local/lib/python3.12/site-packages/airflow/example_dags/example_python_decorator.py took 0.076 seconds
[2025-03-12T14:06:16.646+0000] {processor.py:186} INFO - Started process (PID=11156) to work on /home/airflow/.local/lib/python3.12/site-packages/airflow/example_dags/example_python_decorator.py
[2025-03-12T14:06:16.647+0000] {processor.py:914} INFO - Processing file /home/airflow/.local/lib/python3.12/site-packages/airflow/example_dags/example_python_decorator.py for tasks to queue
[2025-03-12T14:06:16.649+0000] {logging_mixin.py:190} INFO - [2025-03-12T14:06:16.649+0000] {dagbag.py:588} INFO - Filling up the DagBag from /home/airflow/.local/lib/python3.12/site-packages/airflow/example_dags/example_python_decorator.py
[2025-03-12T14:06:16.660+0000] {processor.py:925} INFO - DAG(s) 'example_python_decorator' retrieved from /home/airflow/.local/lib/python3.12/site-packages/airflow/example_dags/example_python_decorator.py
[2025-03-12T14:06:16.677+0000] {logging_mixin.py:190} INFO - [2025-03-12T14:06:16.677+0000] {dag.py:3239} INFO - Sync 1 DAGs
[2025-03-12T14:06:16.687+0000] {logging_mixin.py:190} INFO - [2025-03-12T14:06:16.687+0000] {dag.py:4180} INFO - Setting next_dagrun for example_python_decorator to None, run_after=None
[2025-03-12T14:06:16.704+0000] {processor.py:208} INFO - Processing /home/airflow/.local/lib/python3.12/site-packages/airflow/example_dags/example_python_decorator.py took 0.062 seconds
[2025-03-12T14:06:50.307+0000] {processor.py:186} INFO - Started process (PID=11462) to work on /home/airflow/.local/lib/python3.12/site-packages/airflow/example_dags/example_python_decorator.py
[2025-03-12T14:06:50.308+0000] {processor.py:914} INFO - Processing file /home/airflow/.local/lib/python3.12/site-packages/airflow/example_dags/example_python_decorator.py for tasks to queue
[2025-03-12T14:06:50.310+0000] {logging_mixin.py:190} INFO - [2025-03-12T14:06:50.310+0000] {dagbag.py:588} INFO - Filling up the DagBag from /home/airflow/.local/lib/python3.12/site-packages/airflow/example_dags/example_python_decorator.py
[2025-03-12T14:06:50.322+0000] {processor.py:925} INFO - DAG(s) 'example_python_decorator' retrieved from /home/airflow/.local/lib/python3.12/site-packages/airflow/example_dags/example_python_decorator.py
[2025-03-12T14:06:50.339+0000] {logging_mixin.py:190} INFO - [2025-03-12T14:06:50.338+0000] {dag.py:3239} INFO - Sync 1 DAGs
[2025-03-12T14:06:50.351+0000] {logging_mixin.py:190} INFO - [2025-03-12T14:06:50.350+0000] {dag.py:4180} INFO - Setting next_dagrun for example_python_decorator to None, run_after=None
[2025-03-12T14:06:50.367+0000] {processor.py:208} INFO - Processing /home/airflow/.local/lib/python3.12/site-packages/airflow/example_dags/example_python_decorator.py took 0.064 seconds
[2025-03-12T14:07:24.027+0000] {processor.py:186} INFO - Started process (PID=11768) to work on /home/airflow/.local/lib/python3.12/site-packages/airflow/example_dags/example_python_decorator.py
[2025-03-12T14:07:24.028+0000] {processor.py:914} INFO - Processing file /home/airflow/.local/lib/python3.12/site-packages/airflow/example_dags/example_python_decorator.py for tasks to queue
[2025-03-12T14:07:24.029+0000] {logging_mixin.py:190} INFO - [2025-03-12T14:07:24.029+0000] {dagbag.py:588} INFO - Filling up the DagBag from /home/airflow/.local/lib/python3.12/site-packages/airflow/example_dags/example_python_decorator.py
[2025-03-12T14:07:24.040+0000] {processor.py:925} INFO - DAG(s) 'example_python_decorator' retrieved from /home/airflow/.local/lib/python3.12/site-packages/airflow/example_dags/example_python_decorator.py
[2025-03-12T14:07:24.059+0000] {logging_mixin.py:190} INFO - [2025-03-12T14:07:24.059+0000] {dag.py:3239} INFO - Sync 1 DAGs
[2025-03-12T14:07:24.071+0000] {logging_mixin.py:190} INFO - [2025-03-12T14:07:24.071+0000] {dag.py:4180} INFO - Setting next_dagrun for example_python_decorator to None, run_after=None
[2025-03-12T14:07:24.086+0000] {processor.py:208} INFO - Processing /home/airflow/.local/lib/python3.12/site-packages/airflow/example_dags/example_python_decorator.py took 0.064 seconds
[2025-03-12T14:07:57.019+0000] {processor.py:186} INFO - Started process (PID=12074) to work on /home/airflow/.local/lib/python3.12/site-packages/airflow/example_dags/example_python_decorator.py
[2025-03-12T14:07:57.020+0000] {processor.py:914} INFO - Processing file /home/airflow/.local/lib/python3.12/site-packages/airflow/example_dags/example_python_decorator.py for tasks to queue
[2025-03-12T14:07:57.022+0000] {logging_mixin.py:190} INFO - [2025-03-12T14:07:57.022+0000] {dagbag.py:588} INFO - Filling up the DagBag from /home/airflow/.local/lib/python3.12/site-packages/airflow/example_dags/example_python_decorator.py
[2025-03-12T14:07:57.033+0000] {processor.py:925} INFO - DAG(s) 'example_python_decorator' retrieved from /home/airflow/.local/lib/python3.12/site-packages/airflow/example_dags/example_python_decorator.py
[2025-03-12T14:07:57.051+0000] {logging_mixin.py:190} INFO - [2025-03-12T14:07:57.051+0000] {dag.py:3239} INFO - Sync 1 DAGs
[2025-03-12T14:07:57.064+0000] {logging_mixin.py:190} INFO - [2025-03-12T14:07:57.064+0000] {dag.py:4180} INFO - Setting next_dagrun for example_python_decorator to None, run_after=None
[2025-03-12T14:07:57.082+0000] {processor.py:208} INFO - Processing /home/airflow/.local/lib/python3.12/site-packages/airflow/example_dags/example_python_decorator.py took 0.067 seconds
[2025-03-12T14:08:31.024+0000] {processor.py:186} INFO - Started process (PID=12380) to work on /home/airflow/.local/lib/python3.12/site-packages/airflow/example_dags/example_python_decorator.py
[2025-03-12T14:08:31.025+0000] {processor.py:914} INFO - Processing file /home/airflow/.local/lib/python3.12/site-packages/airflow/example_dags/example_python_decorator.py for tasks to queue
[2025-03-12T14:08:31.027+0000] {logging_mixin.py:190} INFO - [2025-03-12T14:08:31.027+0000] {dagbag.py:588} INFO - Filling up the DagBag from /home/airflow/.local/lib/python3.12/site-packages/airflow/example_dags/example_python_decorator.py
[2025-03-12T14:08:31.039+0000] {processor.py:925} INFO - DAG(s) 'example_python_decorator' retrieved from /home/airflow/.local/lib/python3.12/site-packages/airflow/example_dags/example_python_decorator.py
[2025-03-12T14:08:31.056+0000] {logging_mixin.py:190} INFO - [2025-03-12T14:08:31.056+0000] {dag.py:3239} INFO - Sync 1 DAGs
[2025-03-12T14:08:31.066+0000] {logging_mixin.py:190} INFO - [2025-03-12T14:08:31.066+0000] {dag.py:4180} INFO - Setting next_dagrun for example_python_decorator to None, run_after=None
[2025-03-12T14:08:31.081+0000] {processor.py:208} INFO - Processing /home/airflow/.local/lib/python3.12/site-packages/airflow/example_dags/example_python_decorator.py took 0.060 seconds
[2025-03-12T14:09:04.608+0000] {processor.py:186} INFO - Started process (PID=12688) to work on /home/airflow/.local/lib/python3.12/site-packages/airflow/example_dags/example_python_decorator.py
[2025-03-12T14:09:04.609+0000] {processor.py:914} INFO - Processing file /home/airflow/.local/lib/python3.12/site-packages/airflow/example_dags/example_python_decorator.py for tasks to queue
[2025-03-12T14:09:04.610+0000] {logging_mixin.py:190} INFO - [2025-03-12T14:09:04.610+0000] {dagbag.py:588} INFO - Filling up the DagBag from /home/airflow/.local/lib/python3.12/site-packages/airflow/example_dags/example_python_decorator.py
[2025-03-12T14:09:04.622+0000] {processor.py:925} INFO - DAG(s) 'example_python_decorator' retrieved from /home/airflow/.local/lib/python3.12/site-packages/airflow/example_dags/example_python_decorator.py
[2025-03-12T14:09:04.640+0000] {logging_mixin.py:190} INFO - [2025-03-12T14:09:04.640+0000] {dag.py:3239} INFO - Sync 1 DAGs
[2025-03-12T14:09:04.652+0000] {logging_mixin.py:190} INFO - [2025-03-12T14:09:04.652+0000] {dag.py:4180} INFO - Setting next_dagrun for example_python_decorator to None, run_after=None
[2025-03-12T14:09:04.669+0000] {processor.py:208} INFO - Processing /home/airflow/.local/lib/python3.12/site-packages/airflow/example_dags/example_python_decorator.py took 0.066 seconds
[2025-03-12T14:09:37.525+0000] {processor.py:186} INFO - Started process (PID=12992) to work on /home/airflow/.local/lib/python3.12/site-packages/airflow/example_dags/example_python_decorator.py
[2025-03-12T14:09:37.526+0000] {processor.py:914} INFO - Processing file /home/airflow/.local/lib/python3.12/site-packages/airflow/example_dags/example_python_decorator.py for tasks to queue
[2025-03-12T14:09:37.528+0000] {logging_mixin.py:190} INFO - [2025-03-12T14:09:37.528+0000] {dagbag.py:588} INFO - Filling up the DagBag from /home/airflow/.local/lib/python3.12/site-packages/airflow/example_dags/example_python_decorator.py
[2025-03-12T14:09:37.542+0000] {processor.py:925} INFO - DAG(s) 'example_python_decorator' retrieved from /home/airflow/.local/lib/python3.12/site-packages/airflow/example_dags/example_python_decorator.py
[2025-03-12T14:09:37.561+0000] {logging_mixin.py:190} INFO - [2025-03-12T14:09:37.560+0000] {dag.py:3239} INFO - Sync 1 DAGs
[2025-03-12T14:09:37.574+0000] {logging_mixin.py:190} INFO - [2025-03-12T14:09:37.574+0000] {dag.py:4180} INFO - Setting next_dagrun for example_python_decorator to None, run_after=None
[2025-03-12T14:09:37.590+0000] {processor.py:208} INFO - Processing /home/airflow/.local/lib/python3.12/site-packages/airflow/example_dags/example_python_decorator.py took 0.069 seconds
[2025-03-12T14:10:10.459+0000] {processor.py:186} INFO - Started process (PID=13299) to work on /home/airflow/.local/lib/python3.12/site-packages/airflow/example_dags/example_python_decorator.py
[2025-03-12T14:10:10.460+0000] {processor.py:914} INFO - Processing file /home/airflow/.local/lib/python3.12/site-packages/airflow/example_dags/example_python_decorator.py for tasks to queue
[2025-03-12T14:10:10.462+0000] {logging_mixin.py:190} INFO - [2025-03-12T14:10:10.462+0000] {dagbag.py:588} INFO - Filling up the DagBag from /home/airflow/.local/lib/python3.12/site-packages/airflow/example_dags/example_python_decorator.py
[2025-03-12T14:10:10.474+0000] {processor.py:925} INFO - DAG(s) 'example_python_decorator' retrieved from /home/airflow/.local/lib/python3.12/site-packages/airflow/example_dags/example_python_decorator.py
[2025-03-12T14:10:10.496+0000] {logging_mixin.py:190} INFO - [2025-03-12T14:10:10.495+0000] {dag.py:3239} INFO - Sync 1 DAGs
[2025-03-12T14:10:10.507+0000] {logging_mixin.py:190} INFO - [2025-03-12T14:10:10.507+0000] {dag.py:4180} INFO - Setting next_dagrun for example_python_decorator to None, run_after=None
[2025-03-12T14:10:10.523+0000] {processor.py:208} INFO - Processing /home/airflow/.local/lib/python3.12/site-packages/airflow/example_dags/example_python_decorator.py took 0.068 seconds
[2025-03-12T14:10:43.333+0000] {processor.py:186} INFO - Started process (PID=13604) to work on /home/airflow/.local/lib/python3.12/site-packages/airflow/example_dags/example_python_decorator.py
[2025-03-12T14:10:43.334+0000] {processor.py:914} INFO - Processing file /home/airflow/.local/lib/python3.12/site-packages/airflow/example_dags/example_python_decorator.py for tasks to queue
[2025-03-12T14:10:43.336+0000] {logging_mixin.py:190} INFO - [2025-03-12T14:10:43.336+0000] {dagbag.py:588} INFO - Filling up the DagBag from /home/airflow/.local/lib/python3.12/site-packages/airflow/example_dags/example_python_decorator.py
[2025-03-12T14:10:43.348+0000] {processor.py:925} INFO - DAG(s) 'example_python_decorator' retrieved from /home/airflow/.local/lib/python3.12/site-packages/airflow/example_dags/example_python_decorator.py
[2025-03-12T14:10:43.365+0000] {logging_mixin.py:190} INFO - [2025-03-12T14:10:43.365+0000] {dag.py:3239} INFO - Sync 1 DAGs
[2025-03-12T14:10:43.376+0000] {logging_mixin.py:190} INFO - [2025-03-12T14:10:43.376+0000] {dag.py:4180} INFO - Setting next_dagrun for example_python_decorator to None, run_after=None
[2025-03-12T14:10:43.391+0000] {processor.py:208} INFO - Processing /home/airflow/.local/lib/python3.12/site-packages/airflow/example_dags/example_python_decorator.py took 0.063 seconds
[2025-03-12T14:11:17.389+0000] {processor.py:186} INFO - Started process (PID=13910) to work on /home/airflow/.local/lib/python3.12/site-packages/airflow/example_dags/example_python_decorator.py
[2025-03-12T14:11:17.390+0000] {processor.py:914} INFO - Processing file /home/airflow/.local/lib/python3.12/site-packages/airflow/example_dags/example_python_decorator.py for tasks to queue
[2025-03-12T14:11:17.392+0000] {logging_mixin.py:190} INFO - [2025-03-12T14:11:17.392+0000] {dagbag.py:588} INFO - Filling up the DagBag from /home/airflow/.local/lib/python3.12/site-packages/airflow/example_dags/example_python_decorator.py
[2025-03-12T14:11:17.407+0000] {processor.py:925} INFO - DAG(s) 'example_python_decorator' retrieved from /home/airflow/.local/lib/python3.12/site-packages/airflow/example_dags/example_python_decorator.py
[2025-03-12T14:11:17.425+0000] {logging_mixin.py:190} INFO - [2025-03-12T14:11:17.425+0000] {dag.py:3239} INFO - Sync 1 DAGs
[2025-03-12T14:11:17.438+0000] {logging_mixin.py:190} INFO - [2025-03-12T14:11:17.438+0000] {dag.py:4180} INFO - Setting next_dagrun for example_python_decorator to None, run_after=None
[2025-03-12T14:11:17.457+0000] {processor.py:208} INFO - Processing /home/airflow/.local/lib/python3.12/site-packages/airflow/example_dags/example_python_decorator.py took 0.073 seconds
[2025-03-12T14:11:50.460+0000] {processor.py:186} INFO - Started process (PID=14217) to work on /home/airflow/.local/lib/python3.12/site-packages/airflow/example_dags/example_python_decorator.py
[2025-03-12T14:11:50.461+0000] {processor.py:914} INFO - Processing file /home/airflow/.local/lib/python3.12/site-packages/airflow/example_dags/example_python_decorator.py for tasks to queue
[2025-03-12T14:11:50.463+0000] {logging_mixin.py:190} INFO - [2025-03-12T14:11:50.463+0000] {dagbag.py:588} INFO - Filling up the DagBag from /home/airflow/.local/lib/python3.12/site-packages/airflow/example_dags/example_python_decorator.py
[2025-03-12T14:11:50.476+0000] {processor.py:925} INFO - DAG(s) 'example_python_decorator' retrieved from /home/airflow/.local/lib/python3.12/site-packages/airflow/example_dags/example_python_decorator.py
[2025-03-12T14:11:50.493+0000] {logging_mixin.py:190} INFO - [2025-03-12T14:11:50.493+0000] {dag.py:3239} INFO - Sync 1 DAGs
[2025-03-12T14:11:50.504+0000] {logging_mixin.py:190} INFO - [2025-03-12T14:11:50.504+0000] {dag.py:4180} INFO - Setting next_dagrun for example_python_decorator to None, run_after=None
[2025-03-12T14:11:50.518+0000] {processor.py:208} INFO - Processing /home/airflow/.local/lib/python3.12/site-packages/airflow/example_dags/example_python_decorator.py took 0.064 seconds
[2025-03-12T14:12:25.038+0000] {processor.py:186} INFO - Started process (PID=14523) to work on /home/airflow/.local/lib/python3.12/site-packages/airflow/example_dags/example_python_decorator.py
[2025-03-12T14:12:25.039+0000] {processor.py:914} INFO - Processing file /home/airflow/.local/lib/python3.12/site-packages/airflow/example_dags/example_python_decorator.py for tasks to queue
[2025-03-12T14:12:25.041+0000] {logging_mixin.py:190} INFO - [2025-03-12T14:12:25.041+0000] {dagbag.py:588} INFO - Filling up the DagBag from /home/airflow/.local/lib/python3.12/site-packages/airflow/example_dags/example_python_decorator.py
[2025-03-12T14:12:25.051+0000] {processor.py:925} INFO - DAG(s) 'example_python_decorator' retrieved from /home/airflow/.local/lib/python3.12/site-packages/airflow/example_dags/example_python_decorator.py
[2025-03-12T14:12:25.068+0000] {logging_mixin.py:190} INFO - [2025-03-12T14:12:25.067+0000] {dag.py:3239} INFO - Sync 1 DAGs
[2025-03-12T14:12:25.080+0000] {logging_mixin.py:190} INFO - [2025-03-12T14:12:25.080+0000] {dag.py:4180} INFO - Setting next_dagrun for example_python_decorator to None, run_after=None
[2025-03-12T14:12:25.096+0000] {processor.py:208} INFO - Processing /home/airflow/.local/lib/python3.12/site-packages/airflow/example_dags/example_python_decorator.py took 0.062 seconds
[2025-03-12T14:14:10.679+0000] {processor.py:186} INFO - Started process (PID=458) to work on /home/airflow/.local/lib/python3.12/site-packages/airflow/example_dags/example_python_decorator.py
[2025-03-12T14:14:10.680+0000] {processor.py:914} INFO - Processing file /home/airflow/.local/lib/python3.12/site-packages/airflow/example_dags/example_python_decorator.py for tasks to queue
[2025-03-12T14:14:10.683+0000] {logging_mixin.py:190} INFO - [2025-03-12T14:14:10.682+0000] {dagbag.py:588} INFO - Filling up the DagBag from /home/airflow/.local/lib/python3.12/site-packages/airflow/example_dags/example_python_decorator.py
[2025-03-12T14:14:10.703+0000] {processor.py:925} INFO - DAG(s) 'example_python_decorator' retrieved from /home/airflow/.local/lib/python3.12/site-packages/airflow/example_dags/example_python_decorator.py
[2025-03-12T14:14:10.816+0000] {logging_mixin.py:190} INFO - [2025-03-12T14:14:10.815+0000] {override.py:1912} INFO - Created Permission View: can read on DAG:example_python_decorator
[2025-03-12T14:14:10.826+0000] {logging_mixin.py:190} INFO - [2025-03-12T14:14:10.826+0000] {override.py:1912} INFO - Created Permission View: can edit on DAG:example_python_decorator
[2025-03-12T14:14:10.834+0000] {logging_mixin.py:190} INFO - [2025-03-12T14:14:10.833+0000] {override.py:1912} INFO - Created Permission View: can delete on DAG:example_python_decorator
[2025-03-12T14:14:10.842+0000] {logging_mixin.py:190} INFO - [2025-03-12T14:14:10.842+0000] {override.py:1912} INFO - Created Permission View: can create on DAG Run:example_python_decorator
[2025-03-12T14:14:10.849+0000] {logging_mixin.py:190} INFO - [2025-03-12T14:14:10.849+0000] {override.py:1912} INFO - Created Permission View: can read on DAG Run:example_python_decorator
[2025-03-12T14:14:10.857+0000] {logging_mixin.py:190} INFO - [2025-03-12T14:14:10.856+0000] {override.py:1912} INFO - Created Permission View: menu access on DAG Run:example_python_decorator
[2025-03-12T14:14:10.863+0000] {logging_mixin.py:190} INFO - [2025-03-12T14:14:10.863+0000] {override.py:1912} INFO - Created Permission View: can delete on DAG Run:example_python_decorator
[2025-03-12T14:14:10.864+0000] {logging_mixin.py:190} INFO - [2025-03-12T14:14:10.863+0000] {dag.py:3239} INFO - Sync 1 DAGs
[2025-03-12T14:14:10.877+0000] {logging_mixin.py:190} INFO - [2025-03-12T14:14:10.877+0000] {dag.py:3262} INFO - Creating ORM DAG for example_python_decorator
[2025-03-12T14:14:10.878+0000] {logging_mixin.py:190} INFO - [2025-03-12T14:14:10.878+0000] {dag.py:4180} INFO - Setting next_dagrun for example_python_decorator to None, run_after=None
[2025-03-12T14:14:10.896+0000] {processor.py:208} INFO - Processing /home/airflow/.local/lib/python3.12/site-packages/airflow/example_dags/example_python_decorator.py took 0.223 seconds
[2025-03-12T14:14:41.722+0000] {processor.py:186} INFO - Started process (PID=764) to work on /home/airflow/.local/lib/python3.12/site-packages/airflow/example_dags/example_python_decorator.py
[2025-03-12T14:14:41.723+0000] {processor.py:914} INFO - Processing file /home/airflow/.local/lib/python3.12/site-packages/airflow/example_dags/example_python_decorator.py for tasks to queue
[2025-03-12T14:14:41.725+0000] {logging_mixin.py:190} INFO - [2025-03-12T14:14:41.725+0000] {dagbag.py:588} INFO - Filling up the DagBag from /home/airflow/.local/lib/python3.12/site-packages/airflow/example_dags/example_python_decorator.py
[2025-03-12T14:14:41.735+0000] {processor.py:925} INFO - DAG(s) 'example_python_decorator' retrieved from /home/airflow/.local/lib/python3.12/site-packages/airflow/example_dags/example_python_decorator.py
[2025-03-12T14:14:41.753+0000] {logging_mixin.py:190} INFO - [2025-03-12T14:14:41.753+0000] {dag.py:3239} INFO - Sync 1 DAGs
[2025-03-12T14:14:41.762+0000] {logging_mixin.py:190} INFO - [2025-03-12T14:14:41.762+0000] {dag.py:4180} INFO - Setting next_dagrun for example_python_decorator to None, run_after=None
[2025-03-12T14:14:41.779+0000] {processor.py:208} INFO - Processing /home/airflow/.local/lib/python3.12/site-packages/airflow/example_dags/example_python_decorator.py took 0.060 seconds
[2025-03-12T14:15:12.393+0000] {processor.py:186} INFO - Started process (PID=1070) to work on /home/airflow/.local/lib/python3.12/site-packages/airflow/example_dags/example_python_decorator.py
[2025-03-12T14:15:12.394+0000] {processor.py:914} INFO - Processing file /home/airflow/.local/lib/python3.12/site-packages/airflow/example_dags/example_python_decorator.py for tasks to queue
[2025-03-12T14:15:12.396+0000] {logging_mixin.py:190} INFO - [2025-03-12T14:15:12.396+0000] {dagbag.py:588} INFO - Filling up the DagBag from /home/airflow/.local/lib/python3.12/site-packages/airflow/example_dags/example_python_decorator.py
[2025-03-12T14:15:12.410+0000] {processor.py:925} INFO - DAG(s) 'example_python_decorator' retrieved from /home/airflow/.local/lib/python3.12/site-packages/airflow/example_dags/example_python_decorator.py
[2025-03-12T14:15:12.428+0000] {logging_mixin.py:190} INFO - [2025-03-12T14:15:12.427+0000] {dag.py:3239} INFO - Sync 1 DAGs
[2025-03-12T14:15:12.438+0000] {logging_mixin.py:190} INFO - [2025-03-12T14:15:12.438+0000] {dag.py:4180} INFO - Setting next_dagrun for example_python_decorator to None, run_after=None
[2025-03-12T14:15:12.453+0000] {processor.py:208} INFO - Processing /home/airflow/.local/lib/python3.12/site-packages/airflow/example_dags/example_python_decorator.py took 0.064 seconds
[2025-03-12T14:15:44.602+0000] {processor.py:186} INFO - Started process (PID=1378) to work on /home/airflow/.local/lib/python3.12/site-packages/airflow/example_dags/example_python_decorator.py
[2025-03-12T14:15:44.602+0000] {processor.py:914} INFO - Processing file /home/airflow/.local/lib/python3.12/site-packages/airflow/example_dags/example_python_decorator.py for tasks to queue
[2025-03-12T14:15:44.604+0000] {logging_mixin.py:190} INFO - [2025-03-12T14:15:44.604+0000] {dagbag.py:588} INFO - Filling up the DagBag from /home/airflow/.local/lib/python3.12/site-packages/airflow/example_dags/example_python_decorator.py
[2025-03-12T14:15:44.615+0000] {processor.py:925} INFO - DAG(s) 'example_python_decorator' retrieved from /home/airflow/.local/lib/python3.12/site-packages/airflow/example_dags/example_python_decorator.py
[2025-03-12T14:15:44.634+0000] {logging_mixin.py:190} INFO - [2025-03-12T14:15:44.634+0000] {dag.py:3239} INFO - Sync 1 DAGs
[2025-03-12T14:15:44.647+0000] {logging_mixin.py:190} INFO - [2025-03-12T14:15:44.647+0000] {dag.py:4180} INFO - Setting next_dagrun for example_python_decorator to None, run_after=None
[2025-03-12T14:15:44.664+0000] {processor.py:208} INFO - Processing /home/airflow/.local/lib/python3.12/site-packages/airflow/example_dags/example_python_decorator.py took 0.067 seconds
[2025-03-12T14:16:18.016+0000] {processor.py:186} INFO - Started process (PID=1683) to work on /home/airflow/.local/lib/python3.12/site-packages/airflow/example_dags/example_python_decorator.py
[2025-03-12T14:16:18.017+0000] {processor.py:914} INFO - Processing file /home/airflow/.local/lib/python3.12/site-packages/airflow/example_dags/example_python_decorator.py for tasks to queue
[2025-03-12T14:16:18.019+0000] {logging_mixin.py:190} INFO - [2025-03-12T14:16:18.018+0000] {dagbag.py:588} INFO - Filling up the DagBag from /home/airflow/.local/lib/python3.12/site-packages/airflow/example_dags/example_python_decorator.py
[2025-03-12T14:16:18.033+0000] {processor.py:925} INFO - DAG(s) 'example_python_decorator' retrieved from /home/airflow/.local/lib/python3.12/site-packages/airflow/example_dags/example_python_decorator.py
[2025-03-12T14:16:18.054+0000] {logging_mixin.py:190} INFO - [2025-03-12T14:16:18.053+0000] {dag.py:3239} INFO - Sync 1 DAGs
[2025-03-12T14:16:18.067+0000] {logging_mixin.py:190} INFO - [2025-03-12T14:16:18.067+0000] {dag.py:4180} INFO - Setting next_dagrun for example_python_decorator to None, run_after=None
[2025-03-12T14:16:18.083+0000] {processor.py:208} INFO - Processing /home/airflow/.local/lib/python3.12/site-packages/airflow/example_dags/example_python_decorator.py took 0.073 seconds
[2025-03-12T14:16:51.170+0000] {processor.py:186} INFO - Started process (PID=1989) to work on /home/airflow/.local/lib/python3.12/site-packages/airflow/example_dags/example_python_decorator.py
[2025-03-12T14:16:51.170+0000] {processor.py:914} INFO - Processing file /home/airflow/.local/lib/python3.12/site-packages/airflow/example_dags/example_python_decorator.py for tasks to queue
[2025-03-12T14:16:51.172+0000] {logging_mixin.py:190} INFO - [2025-03-12T14:16:51.172+0000] {dagbag.py:588} INFO - Filling up the DagBag from /home/airflow/.local/lib/python3.12/site-packages/airflow/example_dags/example_python_decorator.py
[2025-03-12T14:16:51.184+0000] {processor.py:925} INFO - DAG(s) 'example_python_decorator' retrieved from /home/airflow/.local/lib/python3.12/site-packages/airflow/example_dags/example_python_decorator.py
[2025-03-12T14:16:51.201+0000] {logging_mixin.py:190} INFO - [2025-03-12T14:16:51.201+0000] {dag.py:3239} INFO - Sync 1 DAGs
[2025-03-12T14:16:51.214+0000] {logging_mixin.py:190} INFO - [2025-03-12T14:16:51.214+0000] {dag.py:4180} INFO - Setting next_dagrun for example_python_decorator to None, run_after=None
[2025-03-12T14:16:51.229+0000] {processor.py:208} INFO - Processing /home/airflow/.local/lib/python3.12/site-packages/airflow/example_dags/example_python_decorator.py took 0.064 seconds
[2025-03-12T14:17:24.563+0000] {processor.py:186} INFO - Started process (PID=2295) to work on /home/airflow/.local/lib/python3.12/site-packages/airflow/example_dags/example_python_decorator.py
[2025-03-12T14:17:24.564+0000] {processor.py:914} INFO - Processing file /home/airflow/.local/lib/python3.12/site-packages/airflow/example_dags/example_python_decorator.py for tasks to queue
[2025-03-12T14:17:24.566+0000] {logging_mixin.py:190} INFO - [2025-03-12T14:17:24.566+0000] {dagbag.py:588} INFO - Filling up the DagBag from /home/airflow/.local/lib/python3.12/site-packages/airflow/example_dags/example_python_decorator.py
[2025-03-12T14:17:24.578+0000] {processor.py:925} INFO - DAG(s) 'example_python_decorator' retrieved from /home/airflow/.local/lib/python3.12/site-packages/airflow/example_dags/example_python_decorator.py
[2025-03-12T14:17:24.597+0000] {logging_mixin.py:190} INFO - [2025-03-12T14:17:24.597+0000] {dag.py:3239} INFO - Sync 1 DAGs
[2025-03-12T14:17:24.608+0000] {logging_mixin.py:190} INFO - [2025-03-12T14:17:24.608+0000] {dag.py:4180} INFO - Setting next_dagrun for example_python_decorator to None, run_after=None
[2025-03-12T14:17:24.624+0000] {processor.py:208} INFO - Processing /home/airflow/.local/lib/python3.12/site-packages/airflow/example_dags/example_python_decorator.py took 0.066 seconds
[2025-03-12T14:17:57.929+0000] {processor.py:186} INFO - Started process (PID=2601) to work on /home/airflow/.local/lib/python3.12/site-packages/airflow/example_dags/example_python_decorator.py
[2025-03-12T14:17:57.930+0000] {processor.py:914} INFO - Processing file /home/airflow/.local/lib/python3.12/site-packages/airflow/example_dags/example_python_decorator.py for tasks to queue
[2025-03-12T14:17:57.933+0000] {logging_mixin.py:190} INFO - [2025-03-12T14:17:57.933+0000] {dagbag.py:588} INFO - Filling up the DagBag from /home/airflow/.local/lib/python3.12/site-packages/airflow/example_dags/example_python_decorator.py
[2025-03-12T14:17:57.947+0000] {processor.py:925} INFO - DAG(s) 'example_python_decorator' retrieved from /home/airflow/.local/lib/python3.12/site-packages/airflow/example_dags/example_python_decorator.py
[2025-03-12T14:17:57.969+0000] {logging_mixin.py:190} INFO - [2025-03-12T14:17:57.968+0000] {dag.py:3239} INFO - Sync 1 DAGs
[2025-03-12T14:17:57.981+0000] {logging_mixin.py:190} INFO - [2025-03-12T14:17:57.981+0000] {dag.py:4180} INFO - Setting next_dagrun for example_python_decorator to None, run_after=None
[2025-03-12T14:17:58.003+0000] {processor.py:208} INFO - Processing /home/airflow/.local/lib/python3.12/site-packages/airflow/example_dags/example_python_decorator.py took 0.079 seconds
[2025-03-12T14:18:30.625+0000] {processor.py:186} INFO - Started process (PID=2907) to work on /home/airflow/.local/lib/python3.12/site-packages/airflow/example_dags/example_python_decorator.py
[2025-03-12T14:18:30.626+0000] {processor.py:914} INFO - Processing file /home/airflow/.local/lib/python3.12/site-packages/airflow/example_dags/example_python_decorator.py for tasks to queue
[2025-03-12T14:18:30.628+0000] {logging_mixin.py:190} INFO - [2025-03-12T14:18:30.628+0000] {dagbag.py:588} INFO - Filling up the DagBag from /home/airflow/.local/lib/python3.12/site-packages/airflow/example_dags/example_python_decorator.py
[2025-03-12T14:18:30.640+0000] {processor.py:925} INFO - DAG(s) 'example_python_decorator' retrieved from /home/airflow/.local/lib/python3.12/site-packages/airflow/example_dags/example_python_decorator.py
[2025-03-12T14:18:30.659+0000] {logging_mixin.py:190} INFO - [2025-03-12T14:18:30.659+0000] {dag.py:3239} INFO - Sync 1 DAGs
[2025-03-12T14:18:30.673+0000] {logging_mixin.py:190} INFO - [2025-03-12T14:18:30.673+0000] {dag.py:4180} INFO - Setting next_dagrun for example_python_decorator to None, run_after=None
[2025-03-12T14:18:30.691+0000] {processor.py:208} INFO - Processing /home/airflow/.local/lib/python3.12/site-packages/airflow/example_dags/example_python_decorator.py took 0.071 seconds
[2025-03-12T14:19:03.647+0000] {processor.py:186} INFO - Started process (PID=3213) to work on /home/airflow/.local/lib/python3.12/site-packages/airflow/example_dags/example_python_decorator.py
[2025-03-12T14:19:03.648+0000] {processor.py:914} INFO - Processing file /home/airflow/.local/lib/python3.12/site-packages/airflow/example_dags/example_python_decorator.py for tasks to queue
[2025-03-12T14:19:03.650+0000] {logging_mixin.py:190} INFO - [2025-03-12T14:19:03.649+0000] {dagbag.py:588} INFO - Filling up the DagBag from /home/airflow/.local/lib/python3.12/site-packages/airflow/example_dags/example_python_decorator.py
[2025-03-12T14:19:03.662+0000] {processor.py:925} INFO - DAG(s) 'example_python_decorator' retrieved from /home/airflow/.local/lib/python3.12/site-packages/airflow/example_dags/example_python_decorator.py
[2025-03-12T14:19:03.680+0000] {logging_mixin.py:190} INFO - [2025-03-12T14:19:03.680+0000] {dag.py:3239} INFO - Sync 1 DAGs
[2025-03-12T14:19:03.692+0000] {logging_mixin.py:190} INFO - [2025-03-12T14:19:03.692+0000] {dag.py:4180} INFO - Setting next_dagrun for example_python_decorator to None, run_after=None
[2025-03-12T14:19:03.709+0000] {processor.py:208} INFO - Processing /home/airflow/.local/lib/python3.12/site-packages/airflow/example_dags/example_python_decorator.py took 0.067 seconds
[2025-03-12T14:19:37.803+0000] {processor.py:186} INFO - Started process (PID=3519) to work on /home/airflow/.local/lib/python3.12/site-packages/airflow/example_dags/example_python_decorator.py
[2025-03-12T14:19:37.803+0000] {processor.py:914} INFO - Processing file /home/airflow/.local/lib/python3.12/site-packages/airflow/example_dags/example_python_decorator.py for tasks to queue
[2025-03-12T14:19:37.806+0000] {logging_mixin.py:190} INFO - [2025-03-12T14:19:37.805+0000] {dagbag.py:588} INFO - Filling up the DagBag from /home/airflow/.local/lib/python3.12/site-packages/airflow/example_dags/example_python_decorator.py
[2025-03-12T14:19:37.817+0000] {processor.py:925} INFO - DAG(s) 'example_python_decorator' retrieved from /home/airflow/.local/lib/python3.12/site-packages/airflow/example_dags/example_python_decorator.py
[2025-03-12T14:19:37.836+0000] {logging_mixin.py:190} INFO - [2025-03-12T14:19:37.836+0000] {dag.py:3239} INFO - Sync 1 DAGs
[2025-03-12T14:19:37.850+0000] {logging_mixin.py:190} INFO - [2025-03-12T14:19:37.850+0000] {dag.py:4180} INFO - Setting next_dagrun for example_python_decorator to None, run_after=None
[2025-03-12T14:19:37.868+0000] {processor.py:208} INFO - Processing /home/airflow/.local/lib/python3.12/site-packages/airflow/example_dags/example_python_decorator.py took 0.070 seconds
