[2025-03-12T13:45:01.328+0000] {processor.py:186} INFO - Started process (PID=339) to work on /home/airflow/.local/lib/python3.12/site-packages/airflow/example_dags/example_sensors.py
[2025-03-12T13:45:01.329+0000] {processor.py:914} INFO - Processing file /home/airflow/.local/lib/python3.12/site-packages/airflow/example_dags/example_sensors.py for tasks to queue
[2025-03-12T13:45:01.332+0000] {logging_mixin.py:190} INFO - [2025-03-12T13:45:01.332+0000] {dagbag.py:588} INFO - Filling up the DagBag from /home/airflow/.local/lib/python3.12/site-packages/airflow/example_dags/example_sensors.py
[2025-03-12T13:45:01.357+0000] {processor.py:925} INFO - DAG(s) 'example_sensors' retrieved from /home/airflow/.local/lib/python3.12/site-packages/airflow/example_dags/example_sensors.py
[2025-03-12T13:45:01.545+0000] {logging_mixin.py:190} INFO - [2025-03-12T13:45:01.544+0000] {override.py:1912} INFO - Created Permission View: can edit on DAG:example_sensors
[2025-03-12T13:45:01.561+0000] {logging_mixin.py:190} INFO - [2025-03-12T13:45:01.560+0000] {override.py:1912} INFO - Created Permission View: can delete on DAG:example_sensors
[2025-03-12T13:45:01.572+0000] {logging_mixin.py:190} INFO - [2025-03-12T13:45:01.571+0000] {override.py:1912} INFO - Created Permission View: can read on DAG:example_sensors
[2025-03-12T13:45:01.584+0000] {logging_mixin.py:190} INFO - [2025-03-12T13:45:01.584+0000] {override.py:1912} INFO - Created Permission View: can delete on DAG Run:example_sensors
[2025-03-12T13:45:01.593+0000] {logging_mixin.py:190} INFO - [2025-03-12T13:45:01.593+0000] {override.py:1912} INFO - Created Permission View: menu access on DAG Run:example_sensors
[2025-03-12T13:45:01.603+0000] {logging_mixin.py:190} INFO - [2025-03-12T13:45:01.602+0000] {override.py:1912} INFO - Created Permission View: can create on DAG Run:example_sensors
[2025-03-12T13:45:01.611+0000] {logging_mixin.py:190} INFO - [2025-03-12T13:45:01.611+0000] {override.py:1912} INFO - Created Permission View: can read on DAG Run:example_sensors
[2025-03-12T13:45:01.612+0000] {logging_mixin.py:190} INFO - [2025-03-12T13:45:01.612+0000] {dag.py:3239} INFO - Sync 1 DAGs
[2025-03-12T13:45:01.629+0000] {logging_mixin.py:190} INFO - [2025-03-12T13:45:01.629+0000] {dag.py:3262} INFO - Creating ORM DAG for example_sensors
[2025-03-12T13:45:01.631+0000] {logging_mixin.py:190} INFO - [2025-03-12T13:45:01.630+0000] {dag.py:4180} INFO - Setting next_dagrun for example_sensors to None, run_after=None
[2025-03-12T13:45:01.652+0000] {processor.py:208} INFO - Processing /home/airflow/.local/lib/python3.12/site-packages/airflow/example_dags/example_sensors.py took 0.334 seconds
[2025-03-12T13:45:32.144+0000] {processor.py:186} INFO - Started process (PID=643) to work on /home/airflow/.local/lib/python3.12/site-packages/airflow/example_dags/example_sensors.py
[2025-03-12T13:45:32.145+0000] {processor.py:914} INFO - Processing file /home/airflow/.local/lib/python3.12/site-packages/airflow/example_dags/example_sensors.py for tasks to queue
[2025-03-12T13:45:32.147+0000] {logging_mixin.py:190} INFO - [2025-03-12T13:45:32.146+0000] {dagbag.py:588} INFO - Filling up the DagBag from /home/airflow/.local/lib/python3.12/site-packages/airflow/example_dags/example_sensors.py
[2025-03-12T13:45:32.158+0000] {processor.py:925} INFO - DAG(s) 'example_sensors' retrieved from /home/airflow/.local/lib/python3.12/site-packages/airflow/example_dags/example_sensors.py
[2025-03-12T13:45:32.184+0000] {logging_mixin.py:190} INFO - [2025-03-12T13:45:32.184+0000] {dag.py:3239} INFO - Sync 1 DAGs
[2025-03-12T13:45:32.197+0000] {logging_mixin.py:190} INFO - [2025-03-12T13:45:32.197+0000] {dag.py:4180} INFO - Setting next_dagrun for example_sensors to None, run_after=None
[2025-03-12T13:45:32.213+0000] {processor.py:208} INFO - Processing /home/airflow/.local/lib/python3.12/site-packages/airflow/example_dags/example_sensors.py took 0.074 seconds
[2025-03-12T13:46:02.380+0000] {processor.py:186} INFO - Started process (PID=938) to work on /home/airflow/.local/lib/python3.12/site-packages/airflow/example_dags/example_sensors.py
[2025-03-12T13:46:02.381+0000] {processor.py:914} INFO - Processing file /home/airflow/.local/lib/python3.12/site-packages/airflow/example_dags/example_sensors.py for tasks to queue
[2025-03-12T13:46:02.383+0000] {logging_mixin.py:190} INFO - [2025-03-12T13:46:02.382+0000] {dagbag.py:588} INFO - Filling up the DagBag from /home/airflow/.local/lib/python3.12/site-packages/airflow/example_dags/example_sensors.py
[2025-03-12T13:46:02.391+0000] {processor.py:925} INFO - DAG(s) 'example_sensors' retrieved from /home/airflow/.local/lib/python3.12/site-packages/airflow/example_dags/example_sensors.py
[2025-03-12T13:46:02.410+0000] {logging_mixin.py:190} INFO - [2025-03-12T13:46:02.410+0000] {dag.py:3239} INFO - Sync 1 DAGs
[2025-03-12T13:46:02.421+0000] {logging_mixin.py:190} INFO - [2025-03-12T13:46:02.421+0000] {dag.py:4180} INFO - Setting next_dagrun for example_sensors to None, run_after=None
[2025-03-12T13:46:02.439+0000] {processor.py:208} INFO - Processing /home/airflow/.local/lib/python3.12/site-packages/airflow/example_dags/example_sensors.py took 0.063 seconds
[2025-03-12T13:47:03.461+0000] {processor.py:186} INFO - Started process (PID=324) to work on /home/airflow/.local/lib/python3.12/site-packages/airflow/example_dags/example_sensors.py
[2025-03-12T13:47:03.462+0000] {processor.py:914} INFO - Processing file /home/airflow/.local/lib/python3.12/site-packages/airflow/example_dags/example_sensors.py for tasks to queue
[2025-03-12T13:47:03.464+0000] {logging_mixin.py:190} INFO - [2025-03-12T13:47:03.464+0000] {dagbag.py:588} INFO - Filling up the DagBag from /home/airflow/.local/lib/python3.12/site-packages/airflow/example_dags/example_sensors.py
[2025-03-12T13:47:03.475+0000] {processor.py:925} INFO - DAG(s) 'example_sensors' retrieved from /home/airflow/.local/lib/python3.12/site-packages/airflow/example_dags/example_sensors.py
[2025-03-12T13:47:03.509+0000] {logging_mixin.py:190} INFO - [2025-03-12T13:47:03.509+0000] {dag.py:3239} INFO - Sync 1 DAGs
[2025-03-12T13:47:03.523+0000] {logging_mixin.py:190} INFO - [2025-03-12T13:47:03.523+0000] {dag.py:4180} INFO - Setting next_dagrun for example_sensors to None, run_after=None
[2025-03-12T13:47:03.543+0000] {processor.py:208} INFO - Processing /home/airflow/.local/lib/python3.12/site-packages/airflow/example_dags/example_sensors.py took 0.086 seconds
[2025-03-12T13:47:34.350+0000] {processor.py:186} INFO - Started process (PID=624) to work on /home/airflow/.local/lib/python3.12/site-packages/airflow/example_dags/example_sensors.py
[2025-03-12T13:47:34.351+0000] {processor.py:914} INFO - Processing file /home/airflow/.local/lib/python3.12/site-packages/airflow/example_dags/example_sensors.py for tasks to queue
[2025-03-12T13:47:34.353+0000] {logging_mixin.py:190} INFO - [2025-03-12T13:47:34.353+0000] {dagbag.py:588} INFO - Filling up the DagBag from /home/airflow/.local/lib/python3.12/site-packages/airflow/example_dags/example_sensors.py
[2025-03-12T13:47:34.364+0000] {processor.py:925} INFO - DAG(s) 'example_sensors' retrieved from /home/airflow/.local/lib/python3.12/site-packages/airflow/example_dags/example_sensors.py
[2025-03-12T13:47:34.386+0000] {logging_mixin.py:190} INFO - [2025-03-12T13:47:34.386+0000] {dag.py:3239} INFO - Sync 1 DAGs
[2025-03-12T13:47:34.397+0000] {logging_mixin.py:190} INFO - [2025-03-12T13:47:34.397+0000] {dag.py:4180} INFO - Setting next_dagrun for example_sensors to None, run_after=None
[2025-03-12T13:47:34.413+0000] {processor.py:208} INFO - Processing /home/airflow/.local/lib/python3.12/site-packages/airflow/example_dags/example_sensors.py took 0.067 seconds
[2025-03-12T13:48:05.112+0000] {processor.py:186} INFO - Started process (PID=930) to work on /home/airflow/.local/lib/python3.12/site-packages/airflow/example_dags/example_sensors.py
[2025-03-12T13:48:05.113+0000] {processor.py:914} INFO - Processing file /home/airflow/.local/lib/python3.12/site-packages/airflow/example_dags/example_sensors.py for tasks to queue
[2025-03-12T13:48:05.116+0000] {logging_mixin.py:190} INFO - [2025-03-12T13:48:05.116+0000] {dagbag.py:588} INFO - Filling up the DagBag from /home/airflow/.local/lib/python3.12/site-packages/airflow/example_dags/example_sensors.py
[2025-03-12T13:48:05.129+0000] {processor.py:925} INFO - DAG(s) 'example_sensors' retrieved from /home/airflow/.local/lib/python3.12/site-packages/airflow/example_dags/example_sensors.py
[2025-03-12T13:48:05.158+0000] {logging_mixin.py:190} INFO - [2025-03-12T13:48:05.157+0000] {dag.py:3239} INFO - Sync 1 DAGs
[2025-03-12T13:48:05.172+0000] {logging_mixin.py:190} INFO - [2025-03-12T13:48:05.172+0000] {dag.py:4180} INFO - Setting next_dagrun for example_sensors to None, run_after=None
[2025-03-12T13:48:05.189+0000] {processor.py:208} INFO - Processing /home/airflow/.local/lib/python3.12/site-packages/airflow/example_dags/example_sensors.py took 0.082 seconds
[2025-03-12T13:48:35.314+0000] {processor.py:186} INFO - Started process (PID=1231) to work on /home/airflow/.local/lib/python3.12/site-packages/airflow/example_dags/example_sensors.py
[2025-03-12T13:48:35.315+0000] {processor.py:914} INFO - Processing file /home/airflow/.local/lib/python3.12/site-packages/airflow/example_dags/example_sensors.py for tasks to queue
[2025-03-12T13:48:35.317+0000] {logging_mixin.py:190} INFO - [2025-03-12T13:48:35.317+0000] {dagbag.py:588} INFO - Filling up the DagBag from /home/airflow/.local/lib/python3.12/site-packages/airflow/example_dags/example_sensors.py
[2025-03-12T13:48:35.327+0000] {processor.py:925} INFO - DAG(s) 'example_sensors' retrieved from /home/airflow/.local/lib/python3.12/site-packages/airflow/example_dags/example_sensors.py
[2025-03-12T13:48:35.349+0000] {logging_mixin.py:190} INFO - [2025-03-12T13:48:35.349+0000] {dag.py:3239} INFO - Sync 1 DAGs
[2025-03-12T13:48:35.362+0000] {logging_mixin.py:190} INFO - [2025-03-12T13:48:35.361+0000] {dag.py:4180} INFO - Setting next_dagrun for example_sensors to None, run_after=None
[2025-03-12T13:48:35.382+0000] {processor.py:208} INFO - Processing /home/airflow/.local/lib/python3.12/site-packages/airflow/example_dags/example_sensors.py took 0.072 seconds
[2025-03-12T13:49:05.973+0000] {processor.py:186} INFO - Started process (PID=1535) to work on /home/airflow/.local/lib/python3.12/site-packages/airflow/example_dags/example_sensors.py
[2025-03-12T13:49:05.974+0000] {processor.py:914} INFO - Processing file /home/airflow/.local/lib/python3.12/site-packages/airflow/example_dags/example_sensors.py for tasks to queue
[2025-03-12T13:49:05.976+0000] {logging_mixin.py:190} INFO - [2025-03-12T13:49:05.976+0000] {dagbag.py:588} INFO - Filling up the DagBag from /home/airflow/.local/lib/python3.12/site-packages/airflow/example_dags/example_sensors.py
[2025-03-12T13:49:05.985+0000] {processor.py:925} INFO - DAG(s) 'example_sensors' retrieved from /home/airflow/.local/lib/python3.12/site-packages/airflow/example_dags/example_sensors.py
[2025-03-12T13:49:06.010+0000] {logging_mixin.py:190} INFO - [2025-03-12T13:49:06.009+0000] {dag.py:3239} INFO - Sync 1 DAGs
[2025-03-12T13:49:06.026+0000] {logging_mixin.py:190} INFO - [2025-03-12T13:49:06.025+0000] {dag.py:4180} INFO - Setting next_dagrun for example_sensors to None, run_after=None
[2025-03-12T13:49:06.054+0000] {processor.py:208} INFO - Processing /home/airflow/.local/lib/python3.12/site-packages/airflow/example_dags/example_sensors.py took 0.085 seconds
[2025-03-12T13:49:36.577+0000] {processor.py:186} INFO - Started process (PID=1839) to work on /home/airflow/.local/lib/python3.12/site-packages/airflow/example_dags/example_sensors.py
[2025-03-12T13:49:36.578+0000] {processor.py:914} INFO - Processing file /home/airflow/.local/lib/python3.12/site-packages/airflow/example_dags/example_sensors.py for tasks to queue
[2025-03-12T13:49:36.580+0000] {logging_mixin.py:190} INFO - [2025-03-12T13:49:36.580+0000] {dagbag.py:588} INFO - Filling up the DagBag from /home/airflow/.local/lib/python3.12/site-packages/airflow/example_dags/example_sensors.py
[2025-03-12T13:49:36.598+0000] {processor.py:925} INFO - DAG(s) 'example_sensors' retrieved from /home/airflow/.local/lib/python3.12/site-packages/airflow/example_dags/example_sensors.py
[2025-03-12T13:49:36.624+0000] {logging_mixin.py:190} INFO - [2025-03-12T13:49:36.624+0000] {dag.py:3239} INFO - Sync 1 DAGs
[2025-03-12T13:49:36.640+0000] {logging_mixin.py:190} INFO - [2025-03-12T13:49:36.640+0000] {dag.py:4180} INFO - Setting next_dagrun for example_sensors to None, run_after=None
[2025-03-12T13:49:36.661+0000] {processor.py:208} INFO - Processing /home/airflow/.local/lib/python3.12/site-packages/airflow/example_dags/example_sensors.py took 0.090 seconds
[2025-03-12T13:50:07.670+0000] {processor.py:186} INFO - Started process (PID=2147) to work on /home/airflow/.local/lib/python3.12/site-packages/airflow/example_dags/example_sensors.py
[2025-03-12T13:50:07.671+0000] {processor.py:914} INFO - Processing file /home/airflow/.local/lib/python3.12/site-packages/airflow/example_dags/example_sensors.py for tasks to queue
[2025-03-12T13:50:07.673+0000] {logging_mixin.py:190} INFO - [2025-03-12T13:50:07.672+0000] {dagbag.py:588} INFO - Filling up the DagBag from /home/airflow/.local/lib/python3.12/site-packages/airflow/example_dags/example_sensors.py
[2025-03-12T13:50:07.682+0000] {processor.py:925} INFO - DAG(s) 'example_sensors' retrieved from /home/airflow/.local/lib/python3.12/site-packages/airflow/example_dags/example_sensors.py
[2025-03-12T13:50:07.701+0000] {logging_mixin.py:190} INFO - [2025-03-12T13:50:07.701+0000] {dag.py:3239} INFO - Sync 1 DAGs
[2025-03-12T13:50:07.712+0000] {logging_mixin.py:190} INFO - [2025-03-12T13:50:07.711+0000] {dag.py:4180} INFO - Setting next_dagrun for example_sensors to None, run_after=None
[2025-03-12T13:50:07.726+0000] {processor.py:208} INFO - Processing /home/airflow/.local/lib/python3.12/site-packages/airflow/example_dags/example_sensors.py took 0.060 seconds
[2025-03-12T13:50:42.321+0000] {processor.py:186} INFO - Started process (PID=2462) to work on /home/airflow/.local/lib/python3.12/site-packages/airflow/example_dags/example_sensors.py
[2025-03-12T13:50:42.322+0000] {processor.py:914} INFO - Processing file /home/airflow/.local/lib/python3.12/site-packages/airflow/example_dags/example_sensors.py for tasks to queue
[2025-03-12T13:50:42.324+0000] {logging_mixin.py:190} INFO - [2025-03-12T13:50:42.324+0000] {dagbag.py:588} INFO - Filling up the DagBag from /home/airflow/.local/lib/python3.12/site-packages/airflow/example_dags/example_sensors.py
[2025-03-12T13:50:42.333+0000] {processor.py:925} INFO - DAG(s) 'example_sensors' retrieved from /home/airflow/.local/lib/python3.12/site-packages/airflow/example_dags/example_sensors.py
[2025-03-12T13:50:42.358+0000] {logging_mixin.py:190} INFO - [2025-03-12T13:50:42.357+0000] {dag.py:3239} INFO - Sync 1 DAGs
[2025-03-12T13:50:42.372+0000] {logging_mixin.py:190} INFO - [2025-03-12T13:50:42.372+0000] {dag.py:4180} INFO - Setting next_dagrun for example_sensors to None, run_after=None
[2025-03-12T13:50:42.387+0000] {processor.py:208} INFO - Processing /home/airflow/.local/lib/python3.12/site-packages/airflow/example_dags/example_sensors.py took 0.070 seconds
[2025-03-12T13:51:14.925+0000] {processor.py:186} INFO - Started process (PID=2768) to work on /home/airflow/.local/lib/python3.12/site-packages/airflow/example_dags/example_sensors.py
[2025-03-12T13:51:14.927+0000] {processor.py:914} INFO - Processing file /home/airflow/.local/lib/python3.12/site-packages/airflow/example_dags/example_sensors.py for tasks to queue
[2025-03-12T13:51:14.928+0000] {logging_mixin.py:190} INFO - [2025-03-12T13:51:14.928+0000] {dagbag.py:588} INFO - Filling up the DagBag from /home/airflow/.local/lib/python3.12/site-packages/airflow/example_dags/example_sensors.py
[2025-03-12T13:51:14.936+0000] {processor.py:925} INFO - DAG(s) 'example_sensors' retrieved from /home/airflow/.local/lib/python3.12/site-packages/airflow/example_dags/example_sensors.py
[2025-03-12T13:51:14.956+0000] {logging_mixin.py:190} INFO - [2025-03-12T13:51:14.955+0000] {dag.py:3239} INFO - Sync 1 DAGs
[2025-03-12T13:51:14.965+0000] {logging_mixin.py:190} INFO - [2025-03-12T13:51:14.965+0000] {dag.py:4180} INFO - Setting next_dagrun for example_sensors to None, run_after=None
[2025-03-12T13:51:14.980+0000] {processor.py:208} INFO - Processing /home/airflow/.local/lib/python3.12/site-packages/airflow/example_dags/example_sensors.py took 0.059 seconds
[2025-03-12T13:51:47.982+0000] {processor.py:186} INFO - Started process (PID=3074) to work on /home/airflow/.local/lib/python3.12/site-packages/airflow/example_dags/example_sensors.py
[2025-03-12T13:51:47.983+0000] {processor.py:914} INFO - Processing file /home/airflow/.local/lib/python3.12/site-packages/airflow/example_dags/example_sensors.py for tasks to queue
[2025-03-12T13:51:47.985+0000] {logging_mixin.py:190} INFO - [2025-03-12T13:51:47.985+0000] {dagbag.py:588} INFO - Filling up the DagBag from /home/airflow/.local/lib/python3.12/site-packages/airflow/example_dags/example_sensors.py
[2025-03-12T13:51:47.996+0000] {processor.py:925} INFO - DAG(s) 'example_sensors' retrieved from /home/airflow/.local/lib/python3.12/site-packages/airflow/example_dags/example_sensors.py
[2025-03-12T13:51:48.018+0000] {logging_mixin.py:190} INFO - [2025-03-12T13:51:48.017+0000] {dag.py:3239} INFO - Sync 1 DAGs
[2025-03-12T13:51:48.028+0000] {logging_mixin.py:190} INFO - [2025-03-12T13:51:48.028+0000] {dag.py:4180} INFO - Setting next_dagrun for example_sensors to None, run_after=None
[2025-03-12T13:51:48.043+0000] {processor.py:208} INFO - Processing /home/airflow/.local/lib/python3.12/site-packages/airflow/example_dags/example_sensors.py took 0.067 seconds
[2025-03-12T13:52:21.751+0000] {processor.py:186} INFO - Started process (PID=3380) to work on /home/airflow/.local/lib/python3.12/site-packages/airflow/example_dags/example_sensors.py
[2025-03-12T13:52:21.752+0000] {processor.py:914} INFO - Processing file /home/airflow/.local/lib/python3.12/site-packages/airflow/example_dags/example_sensors.py for tasks to queue
[2025-03-12T13:52:21.754+0000] {logging_mixin.py:190} INFO - [2025-03-12T13:52:21.754+0000] {dagbag.py:588} INFO - Filling up the DagBag from /home/airflow/.local/lib/python3.12/site-packages/airflow/example_dags/example_sensors.py
[2025-03-12T13:52:21.762+0000] {processor.py:925} INFO - DAG(s) 'example_sensors' retrieved from /home/airflow/.local/lib/python3.12/site-packages/airflow/example_dags/example_sensors.py
[2025-03-12T13:52:21.781+0000] {logging_mixin.py:190} INFO - [2025-03-12T13:52:21.780+0000] {dag.py:3239} INFO - Sync 1 DAGs
[2025-03-12T13:52:21.791+0000] {logging_mixin.py:190} INFO - [2025-03-12T13:52:21.791+0000] {dag.py:4180} INFO - Setting next_dagrun for example_sensors to None, run_after=None
[2025-03-12T13:52:21.810+0000] {processor.py:208} INFO - Processing /home/airflow/.local/lib/python3.12/site-packages/airflow/example_dags/example_sensors.py took 0.062 seconds
[2025-03-12T13:52:57.217+0000] {processor.py:186} INFO - Started process (PID=3686) to work on /home/airflow/.local/lib/python3.12/site-packages/airflow/example_dags/example_sensors.py
[2025-03-12T13:52:57.218+0000] {processor.py:914} INFO - Processing file /home/airflow/.local/lib/python3.12/site-packages/airflow/example_dags/example_sensors.py for tasks to queue
[2025-03-12T13:52:57.223+0000] {logging_mixin.py:190} INFO - [2025-03-12T13:52:57.222+0000] {dagbag.py:588} INFO - Filling up the DagBag from /home/airflow/.local/lib/python3.12/site-packages/airflow/example_dags/example_sensors.py
[2025-03-12T13:52:57.243+0000] {processor.py:925} INFO - DAG(s) 'example_sensors' retrieved from /home/airflow/.local/lib/python3.12/site-packages/airflow/example_dags/example_sensors.py
[2025-03-12T13:52:57.293+0000] {logging_mixin.py:190} INFO - [2025-03-12T13:52:57.292+0000] {dag.py:3239} INFO - Sync 1 DAGs
[2025-03-12T13:52:57.321+0000] {logging_mixin.py:190} INFO - [2025-03-12T13:52:57.321+0000] {dag.py:4180} INFO - Setting next_dagrun for example_sensors to None, run_after=None
[2025-03-12T13:52:57.360+0000] {processor.py:208} INFO - Processing /home/airflow/.local/lib/python3.12/site-packages/airflow/example_dags/example_sensors.py took 0.152 seconds
[2025-03-12T13:53:29.101+0000] {processor.py:186} INFO - Started process (PID=3992) to work on /home/airflow/.local/lib/python3.12/site-packages/airflow/example_dags/example_sensors.py
[2025-03-12T13:53:29.103+0000] {processor.py:914} INFO - Processing file /home/airflow/.local/lib/python3.12/site-packages/airflow/example_dags/example_sensors.py for tasks to queue
[2025-03-12T13:53:29.105+0000] {logging_mixin.py:190} INFO - [2025-03-12T13:53:29.105+0000] {dagbag.py:588} INFO - Filling up the DagBag from /home/airflow/.local/lib/python3.12/site-packages/airflow/example_dags/example_sensors.py
[2025-03-12T13:53:29.119+0000] {processor.py:925} INFO - DAG(s) 'example_sensors' retrieved from /home/airflow/.local/lib/python3.12/site-packages/airflow/example_dags/example_sensors.py
[2025-03-12T13:53:29.150+0000] {logging_mixin.py:190} INFO - [2025-03-12T13:53:29.150+0000] {dag.py:3239} INFO - Sync 1 DAGs
[2025-03-12T13:53:29.166+0000] {logging_mixin.py:190} INFO - [2025-03-12T13:53:29.166+0000] {dag.py:4180} INFO - Setting next_dagrun for example_sensors to None, run_after=None
[2025-03-12T13:53:29.187+0000] {processor.py:208} INFO - Processing /home/airflow/.local/lib/python3.12/site-packages/airflow/example_dags/example_sensors.py took 0.093 seconds
[2025-03-12T13:54:01.755+0000] {processor.py:186} INFO - Started process (PID=4298) to work on /home/airflow/.local/lib/python3.12/site-packages/airflow/example_dags/example_sensors.py
[2025-03-12T13:54:01.757+0000] {processor.py:914} INFO - Processing file /home/airflow/.local/lib/python3.12/site-packages/airflow/example_dags/example_sensors.py for tasks to queue
[2025-03-12T13:54:01.760+0000] {logging_mixin.py:190} INFO - [2025-03-12T13:54:01.760+0000] {dagbag.py:588} INFO - Filling up the DagBag from /home/airflow/.local/lib/python3.12/site-packages/airflow/example_dags/example_sensors.py
[2025-03-12T13:54:01.776+0000] {processor.py:925} INFO - DAG(s) 'example_sensors' retrieved from /home/airflow/.local/lib/python3.12/site-packages/airflow/example_dags/example_sensors.py
[2025-03-12T13:54:01.813+0000] {logging_mixin.py:190} INFO - [2025-03-12T13:54:01.812+0000] {dag.py:3239} INFO - Sync 1 DAGs
[2025-03-12T13:54:01.834+0000] {logging_mixin.py:190} INFO - [2025-03-12T13:54:01.834+0000] {dag.py:4180} INFO - Setting next_dagrun for example_sensors to None, run_after=None
[2025-03-12T13:54:01.862+0000] {processor.py:208} INFO - Processing /home/airflow/.local/lib/python3.12/site-packages/airflow/example_dags/example_sensors.py took 0.115 seconds
[2025-03-12T13:54:35.408+0000] {processor.py:186} INFO - Started process (PID=4604) to work on /home/airflow/.local/lib/python3.12/site-packages/airflow/example_dags/example_sensors.py
[2025-03-12T13:54:35.409+0000] {processor.py:914} INFO - Processing file /home/airflow/.local/lib/python3.12/site-packages/airflow/example_dags/example_sensors.py for tasks to queue
[2025-03-12T13:54:35.412+0000] {logging_mixin.py:190} INFO - [2025-03-12T13:54:35.412+0000] {dagbag.py:588} INFO - Filling up the DagBag from /home/airflow/.local/lib/python3.12/site-packages/airflow/example_dags/example_sensors.py
[2025-03-12T13:54:35.425+0000] {processor.py:925} INFO - DAG(s) 'example_sensors' retrieved from /home/airflow/.local/lib/python3.12/site-packages/airflow/example_dags/example_sensors.py
[2025-03-12T13:54:35.453+0000] {logging_mixin.py:190} INFO - [2025-03-12T13:54:35.453+0000] {dag.py:3239} INFO - Sync 1 DAGs
[2025-03-12T13:54:35.470+0000] {logging_mixin.py:190} INFO - [2025-03-12T13:54:35.470+0000] {dag.py:4180} INFO - Setting next_dagrun for example_sensors to None, run_after=None
[2025-03-12T13:54:35.490+0000] {processor.py:208} INFO - Processing /home/airflow/.local/lib/python3.12/site-packages/airflow/example_dags/example_sensors.py took 0.089 seconds
[2025-03-12T13:55:09.269+0000] {processor.py:186} INFO - Started process (PID=4912) to work on /home/airflow/.local/lib/python3.12/site-packages/airflow/example_dags/example_sensors.py
[2025-03-12T13:55:09.270+0000] {processor.py:914} INFO - Processing file /home/airflow/.local/lib/python3.12/site-packages/airflow/example_dags/example_sensors.py for tasks to queue
[2025-03-12T13:55:09.272+0000] {logging_mixin.py:190} INFO - [2025-03-12T13:55:09.271+0000] {dagbag.py:588} INFO - Filling up the DagBag from /home/airflow/.local/lib/python3.12/site-packages/airflow/example_dags/example_sensors.py
[2025-03-12T13:55:09.280+0000] {processor.py:925} INFO - DAG(s) 'example_sensors' retrieved from /home/airflow/.local/lib/python3.12/site-packages/airflow/example_dags/example_sensors.py
[2025-03-12T13:55:09.300+0000] {logging_mixin.py:190} INFO - [2025-03-12T13:55:09.300+0000] {dag.py:3239} INFO - Sync 1 DAGs
[2025-03-12T13:55:09.311+0000] {logging_mixin.py:190} INFO - [2025-03-12T13:55:09.310+0000] {dag.py:4180} INFO - Setting next_dagrun for example_sensors to None, run_after=None
[2025-03-12T13:55:09.330+0000] {processor.py:208} INFO - Processing /home/airflow/.local/lib/python3.12/site-packages/airflow/example_dags/example_sensors.py took 0.065 seconds
[2025-03-12T13:55:41.248+0000] {processor.py:186} INFO - Started process (PID=5216) to work on /home/airflow/.local/lib/python3.12/site-packages/airflow/example_dags/example_sensors.py
[2025-03-12T13:55:41.249+0000] {processor.py:914} INFO - Processing file /home/airflow/.local/lib/python3.12/site-packages/airflow/example_dags/example_sensors.py for tasks to queue
[2025-03-12T13:55:41.251+0000] {logging_mixin.py:190} INFO - [2025-03-12T13:55:41.250+0000] {dagbag.py:588} INFO - Filling up the DagBag from /home/airflow/.local/lib/python3.12/site-packages/airflow/example_dags/example_sensors.py
[2025-03-12T13:55:41.258+0000] {processor.py:925} INFO - DAG(s) 'example_sensors' retrieved from /home/airflow/.local/lib/python3.12/site-packages/airflow/example_dags/example_sensors.py
[2025-03-12T13:55:41.279+0000] {logging_mixin.py:190} INFO - [2025-03-12T13:55:41.279+0000] {dag.py:3239} INFO - Sync 1 DAGs
[2025-03-12T13:55:41.290+0000] {logging_mixin.py:190} INFO - [2025-03-12T13:55:41.290+0000] {dag.py:4180} INFO - Setting next_dagrun for example_sensors to None, run_after=None
[2025-03-12T13:55:41.305+0000] {processor.py:208} INFO - Processing /home/airflow/.local/lib/python3.12/site-packages/airflow/example_dags/example_sensors.py took 0.061 seconds
[2025-03-12T13:56:15.172+0000] {processor.py:186} INFO - Started process (PID=5522) to work on /home/airflow/.local/lib/python3.12/site-packages/airflow/example_dags/example_sensors.py
[2025-03-12T13:56:15.173+0000] {processor.py:914} INFO - Processing file /home/airflow/.local/lib/python3.12/site-packages/airflow/example_dags/example_sensors.py for tasks to queue
[2025-03-12T13:56:15.174+0000] {logging_mixin.py:190} INFO - [2025-03-12T13:56:15.174+0000] {dagbag.py:588} INFO - Filling up the DagBag from /home/airflow/.local/lib/python3.12/site-packages/airflow/example_dags/example_sensors.py
[2025-03-12T13:56:15.183+0000] {processor.py:925} INFO - DAG(s) 'example_sensors' retrieved from /home/airflow/.local/lib/python3.12/site-packages/airflow/example_dags/example_sensors.py
[2025-03-12T13:56:15.203+0000] {logging_mixin.py:190} INFO - [2025-03-12T13:56:15.203+0000] {dag.py:3239} INFO - Sync 1 DAGs
[2025-03-12T13:56:15.215+0000] {logging_mixin.py:190} INFO - [2025-03-12T13:56:15.215+0000] {dag.py:4180} INFO - Setting next_dagrun for example_sensors to None, run_after=None
[2025-03-12T13:56:15.233+0000] {processor.py:208} INFO - Processing /home/airflow/.local/lib/python3.12/site-packages/airflow/example_dags/example_sensors.py took 0.065 seconds
[2025-03-12T13:56:48.562+0000] {processor.py:186} INFO - Started process (PID=5830) to work on /home/airflow/.local/lib/python3.12/site-packages/airflow/example_dags/example_sensors.py
[2025-03-12T13:56:48.563+0000] {processor.py:914} INFO - Processing file /home/airflow/.local/lib/python3.12/site-packages/airflow/example_dags/example_sensors.py for tasks to queue
[2025-03-12T13:56:48.565+0000] {logging_mixin.py:190} INFO - [2025-03-12T13:56:48.565+0000] {dagbag.py:588} INFO - Filling up the DagBag from /home/airflow/.local/lib/python3.12/site-packages/airflow/example_dags/example_sensors.py
[2025-03-12T13:56:48.572+0000] {processor.py:925} INFO - DAG(s) 'example_sensors' retrieved from /home/airflow/.local/lib/python3.12/site-packages/airflow/example_dags/example_sensors.py
[2025-03-12T13:56:48.592+0000] {logging_mixin.py:190} INFO - [2025-03-12T13:56:48.591+0000] {dag.py:3239} INFO - Sync 1 DAGs
[2025-03-12T13:56:48.602+0000] {logging_mixin.py:190} INFO - [2025-03-12T13:56:48.602+0000] {dag.py:4180} INFO - Setting next_dagrun for example_sensors to None, run_after=None
[2025-03-12T13:56:48.618+0000] {processor.py:208} INFO - Processing /home/airflow/.local/lib/python3.12/site-packages/airflow/example_dags/example_sensors.py took 0.059 seconds
[2025-03-12T13:57:21.664+0000] {processor.py:186} INFO - Started process (PID=6134) to work on /home/airflow/.local/lib/python3.12/site-packages/airflow/example_dags/example_sensors.py
[2025-03-12T13:57:21.665+0000] {processor.py:914} INFO - Processing file /home/airflow/.local/lib/python3.12/site-packages/airflow/example_dags/example_sensors.py for tasks to queue
[2025-03-12T13:57:21.667+0000] {logging_mixin.py:190} INFO - [2025-03-12T13:57:21.667+0000] {dagbag.py:588} INFO - Filling up the DagBag from /home/airflow/.local/lib/python3.12/site-packages/airflow/example_dags/example_sensors.py
[2025-03-12T13:57:21.677+0000] {processor.py:925} INFO - DAG(s) 'example_sensors' retrieved from /home/airflow/.local/lib/python3.12/site-packages/airflow/example_dags/example_sensors.py
[2025-03-12T13:57:21.702+0000] {logging_mixin.py:190} INFO - [2025-03-12T13:57:21.702+0000] {dag.py:3239} INFO - Sync 1 DAGs
[2025-03-12T13:57:21.714+0000] {logging_mixin.py:190} INFO - [2025-03-12T13:57:21.714+0000] {dag.py:4180} INFO - Setting next_dagrun for example_sensors to None, run_after=None
[2025-03-12T13:57:21.734+0000] {processor.py:208} INFO - Processing /home/airflow/.local/lib/python3.12/site-packages/airflow/example_dags/example_sensors.py took 0.073 seconds
[2025-03-12T13:57:55.517+0000] {processor.py:186} INFO - Started process (PID=6440) to work on /home/airflow/.local/lib/python3.12/site-packages/airflow/example_dags/example_sensors.py
[2025-03-12T13:57:55.518+0000] {processor.py:914} INFO - Processing file /home/airflow/.local/lib/python3.12/site-packages/airflow/example_dags/example_sensors.py for tasks to queue
[2025-03-12T13:57:55.520+0000] {logging_mixin.py:190} INFO - [2025-03-12T13:57:55.520+0000] {dagbag.py:588} INFO - Filling up the DagBag from /home/airflow/.local/lib/python3.12/site-packages/airflow/example_dags/example_sensors.py
[2025-03-12T13:57:55.528+0000] {processor.py:925} INFO - DAG(s) 'example_sensors' retrieved from /home/airflow/.local/lib/python3.12/site-packages/airflow/example_dags/example_sensors.py
[2025-03-12T13:57:55.548+0000] {logging_mixin.py:190} INFO - [2025-03-12T13:57:55.548+0000] {dag.py:3239} INFO - Sync 1 DAGs
[2025-03-12T13:57:55.560+0000] {logging_mixin.py:190} INFO - [2025-03-12T13:57:55.560+0000] {dag.py:4180} INFO - Setting next_dagrun for example_sensors to None, run_after=None
[2025-03-12T13:57:55.578+0000] {processor.py:208} INFO - Processing /home/airflow/.local/lib/python3.12/site-packages/airflow/example_dags/example_sensors.py took 0.065 seconds
[2025-03-12T13:58:28.528+0000] {processor.py:186} INFO - Started process (PID=6746) to work on /home/airflow/.local/lib/python3.12/site-packages/airflow/example_dags/example_sensors.py
[2025-03-12T13:58:28.529+0000] {processor.py:914} INFO - Processing file /home/airflow/.local/lib/python3.12/site-packages/airflow/example_dags/example_sensors.py for tasks to queue
[2025-03-12T13:58:28.531+0000] {logging_mixin.py:190} INFO - [2025-03-12T13:58:28.530+0000] {dagbag.py:588} INFO - Filling up the DagBag from /home/airflow/.local/lib/python3.12/site-packages/airflow/example_dags/example_sensors.py
[2025-03-12T13:58:28.541+0000] {processor.py:925} INFO - DAG(s) 'example_sensors' retrieved from /home/airflow/.local/lib/python3.12/site-packages/airflow/example_dags/example_sensors.py
[2025-03-12T13:58:28.562+0000] {logging_mixin.py:190} INFO - [2025-03-12T13:58:28.562+0000] {dag.py:3239} INFO - Sync 1 DAGs
[2025-03-12T13:58:28.574+0000] {logging_mixin.py:190} INFO - [2025-03-12T13:58:28.574+0000] {dag.py:4180} INFO - Setting next_dagrun for example_sensors to None, run_after=None
[2025-03-12T13:58:28.593+0000] {processor.py:208} INFO - Processing /home/airflow/.local/lib/python3.12/site-packages/airflow/example_dags/example_sensors.py took 0.070 seconds
[2025-03-12T13:59:02.489+0000] {processor.py:186} INFO - Started process (PID=7052) to work on /home/airflow/.local/lib/python3.12/site-packages/airflow/example_dags/example_sensors.py
[2025-03-12T13:59:02.491+0000] {processor.py:914} INFO - Processing file /home/airflow/.local/lib/python3.12/site-packages/airflow/example_dags/example_sensors.py for tasks to queue
[2025-03-12T13:59:02.494+0000] {logging_mixin.py:190} INFO - [2025-03-12T13:59:02.494+0000] {dagbag.py:588} INFO - Filling up the DagBag from /home/airflow/.local/lib/python3.12/site-packages/airflow/example_dags/example_sensors.py
[2025-03-12T13:59:02.511+0000] {processor.py:925} INFO - DAG(s) 'example_sensors' retrieved from /home/airflow/.local/lib/python3.12/site-packages/airflow/example_dags/example_sensors.py
[2025-03-12T13:59:02.556+0000] {logging_mixin.py:190} INFO - [2025-03-12T13:59:02.556+0000] {dag.py:3239} INFO - Sync 1 DAGs
[2025-03-12T13:59:02.577+0000] {logging_mixin.py:190} INFO - [2025-03-12T13:59:02.577+0000] {dag.py:4180} INFO - Setting next_dagrun for example_sensors to None, run_after=None
[2025-03-12T13:59:02.601+0000] {processor.py:208} INFO - Processing /home/airflow/.local/lib/python3.12/site-packages/airflow/example_dags/example_sensors.py took 0.123 seconds
[2025-03-12T13:59:34.836+0000] {processor.py:186} INFO - Started process (PID=7358) to work on /home/airflow/.local/lib/python3.12/site-packages/airflow/example_dags/example_sensors.py
[2025-03-12T13:59:34.837+0000] {processor.py:914} INFO - Processing file /home/airflow/.local/lib/python3.12/site-packages/airflow/example_dags/example_sensors.py for tasks to queue
[2025-03-12T13:59:34.839+0000] {logging_mixin.py:190} INFO - [2025-03-12T13:59:34.839+0000] {dagbag.py:588} INFO - Filling up the DagBag from /home/airflow/.local/lib/python3.12/site-packages/airflow/example_dags/example_sensors.py
[2025-03-12T13:59:34.846+0000] {processor.py:925} INFO - DAG(s) 'example_sensors' retrieved from /home/airflow/.local/lib/python3.12/site-packages/airflow/example_dags/example_sensors.py
[2025-03-12T13:59:34.866+0000] {logging_mixin.py:190} INFO - [2025-03-12T13:59:34.866+0000] {dag.py:3239} INFO - Sync 1 DAGs
[2025-03-12T13:59:34.876+0000] {logging_mixin.py:190} INFO - [2025-03-12T13:59:34.875+0000] {dag.py:4180} INFO - Setting next_dagrun for example_sensors to None, run_after=None
[2025-03-12T13:59:34.891+0000] {processor.py:208} INFO - Processing /home/airflow/.local/lib/python3.12/site-packages/airflow/example_dags/example_sensors.py took 0.059 seconds
[2025-03-12T14:00:08.656+0000] {processor.py:186} INFO - Started process (PID=7664) to work on /home/airflow/.local/lib/python3.12/site-packages/airflow/example_dags/example_sensors.py
[2025-03-12T14:00:08.657+0000] {processor.py:914} INFO - Processing file /home/airflow/.local/lib/python3.12/site-packages/airflow/example_dags/example_sensors.py for tasks to queue
[2025-03-12T14:00:08.659+0000] {logging_mixin.py:190} INFO - [2025-03-12T14:00:08.659+0000] {dagbag.py:588} INFO - Filling up the DagBag from /home/airflow/.local/lib/python3.12/site-packages/airflow/example_dags/example_sensors.py
[2025-03-12T14:00:08.666+0000] {processor.py:925} INFO - DAG(s) 'example_sensors' retrieved from /home/airflow/.local/lib/python3.12/site-packages/airflow/example_dags/example_sensors.py
[2025-03-12T14:00:08.686+0000] {logging_mixin.py:190} INFO - [2025-03-12T14:00:08.686+0000] {dag.py:3239} INFO - Sync 1 DAGs
[2025-03-12T14:00:08.695+0000] {logging_mixin.py:190} INFO - [2025-03-12T14:00:08.695+0000] {dag.py:4180} INFO - Setting next_dagrun for example_sensors to None, run_after=None
[2025-03-12T14:00:08.710+0000] {processor.py:208} INFO - Processing /home/airflow/.local/lib/python3.12/site-packages/airflow/example_dags/example_sensors.py took 0.057 seconds
[2025-03-12T14:00:41.363+0000] {processor.py:186} INFO - Started process (PID=7970) to work on /home/airflow/.local/lib/python3.12/site-packages/airflow/example_dags/example_sensors.py
[2025-03-12T14:00:41.364+0000] {processor.py:914} INFO - Processing file /home/airflow/.local/lib/python3.12/site-packages/airflow/example_dags/example_sensors.py for tasks to queue
[2025-03-12T14:00:41.366+0000] {logging_mixin.py:190} INFO - [2025-03-12T14:00:41.366+0000] {dagbag.py:588} INFO - Filling up the DagBag from /home/airflow/.local/lib/python3.12/site-packages/airflow/example_dags/example_sensors.py
[2025-03-12T14:00:41.373+0000] {processor.py:925} INFO - DAG(s) 'example_sensors' retrieved from /home/airflow/.local/lib/python3.12/site-packages/airflow/example_dags/example_sensors.py
[2025-03-12T14:00:41.394+0000] {logging_mixin.py:190} INFO - [2025-03-12T14:00:41.394+0000] {dag.py:3239} INFO - Sync 1 DAGs
[2025-03-12T14:00:41.405+0000] {logging_mixin.py:190} INFO - [2025-03-12T14:00:41.405+0000] {dag.py:4180} INFO - Setting next_dagrun for example_sensors to None, run_after=None
[2025-03-12T14:00:41.420+0000] {processor.py:208} INFO - Processing /home/airflow/.local/lib/python3.12/site-packages/airflow/example_dags/example_sensors.py took 0.061 seconds
[2025-03-12T14:01:15.295+0000] {processor.py:186} INFO - Started process (PID=8278) to work on /home/airflow/.local/lib/python3.12/site-packages/airflow/example_dags/example_sensors.py
[2025-03-12T14:01:15.295+0000] {processor.py:914} INFO - Processing file /home/airflow/.local/lib/python3.12/site-packages/airflow/example_dags/example_sensors.py for tasks to queue
[2025-03-12T14:01:15.297+0000] {logging_mixin.py:190} INFO - [2025-03-12T14:01:15.297+0000] {dagbag.py:588} INFO - Filling up the DagBag from /home/airflow/.local/lib/python3.12/site-packages/airflow/example_dags/example_sensors.py
[2025-03-12T14:01:15.305+0000] {processor.py:925} INFO - DAG(s) 'example_sensors' retrieved from /home/airflow/.local/lib/python3.12/site-packages/airflow/example_dags/example_sensors.py
[2025-03-12T14:01:15.327+0000] {logging_mixin.py:190} INFO - [2025-03-12T14:01:15.327+0000] {dag.py:3239} INFO - Sync 1 DAGs
[2025-03-12T14:01:15.337+0000] {logging_mixin.py:190} INFO - [2025-03-12T14:01:15.337+0000] {dag.py:4180} INFO - Setting next_dagrun for example_sensors to None, run_after=None
[2025-03-12T14:01:15.352+0000] {processor.py:208} INFO - Processing /home/airflow/.local/lib/python3.12/site-packages/airflow/example_dags/example_sensors.py took 0.062 seconds
[2025-03-12T14:01:47.979+0000] {processor.py:186} INFO - Started process (PID=8583) to work on /home/airflow/.local/lib/python3.12/site-packages/airflow/example_dags/example_sensors.py
[2025-03-12T14:01:47.980+0000] {processor.py:914} INFO - Processing file /home/airflow/.local/lib/python3.12/site-packages/airflow/example_dags/example_sensors.py for tasks to queue
[2025-03-12T14:01:47.982+0000] {logging_mixin.py:190} INFO - [2025-03-12T14:01:47.982+0000] {dagbag.py:588} INFO - Filling up the DagBag from /home/airflow/.local/lib/python3.12/site-packages/airflow/example_dags/example_sensors.py
[2025-03-12T14:01:47.990+0000] {processor.py:925} INFO - DAG(s) 'example_sensors' retrieved from /home/airflow/.local/lib/python3.12/site-packages/airflow/example_dags/example_sensors.py
[2025-03-12T14:01:48.008+0000] {logging_mixin.py:190} INFO - [2025-03-12T14:01:48.008+0000] {dag.py:3239} INFO - Sync 1 DAGs
[2025-03-12T14:01:48.019+0000] {logging_mixin.py:190} INFO - [2025-03-12T14:01:48.018+0000] {dag.py:4180} INFO - Setting next_dagrun for example_sensors to None, run_after=None
[2025-03-12T14:01:48.032+0000] {processor.py:208} INFO - Processing /home/airflow/.local/lib/python3.12/site-packages/airflow/example_dags/example_sensors.py took 0.057 seconds
[2025-03-12T14:02:21.764+0000] {processor.py:186} INFO - Started process (PID=8889) to work on /home/airflow/.local/lib/python3.12/site-packages/airflow/example_dags/example_sensors.py
[2025-03-12T14:02:21.764+0000] {processor.py:914} INFO - Processing file /home/airflow/.local/lib/python3.12/site-packages/airflow/example_dags/example_sensors.py for tasks to queue
[2025-03-12T14:02:21.766+0000] {logging_mixin.py:190} INFO - [2025-03-12T14:02:21.766+0000] {dagbag.py:588} INFO - Filling up the DagBag from /home/airflow/.local/lib/python3.12/site-packages/airflow/example_dags/example_sensors.py
[2025-03-12T14:02:21.774+0000] {processor.py:925} INFO - DAG(s) 'example_sensors' retrieved from /home/airflow/.local/lib/python3.12/site-packages/airflow/example_dags/example_sensors.py
[2025-03-12T14:02:21.793+0000] {logging_mixin.py:190} INFO - [2025-03-12T14:02:21.793+0000] {dag.py:3239} INFO - Sync 1 DAGs
[2025-03-12T14:02:21.803+0000] {logging_mixin.py:190} INFO - [2025-03-12T14:02:21.803+0000] {dag.py:4180} INFO - Setting next_dagrun for example_sensors to None, run_after=None
[2025-03-12T14:02:21.817+0000] {processor.py:208} INFO - Processing /home/airflow/.local/lib/python3.12/site-packages/airflow/example_dags/example_sensors.py took 0.057 seconds
[2025-03-12T14:02:55.382+0000] {processor.py:186} INFO - Started process (PID=9195) to work on /home/airflow/.local/lib/python3.12/site-packages/airflow/example_dags/example_sensors.py
[2025-03-12T14:02:55.383+0000] {processor.py:914} INFO - Processing file /home/airflow/.local/lib/python3.12/site-packages/airflow/example_dags/example_sensors.py for tasks to queue
[2025-03-12T14:02:55.385+0000] {logging_mixin.py:190} INFO - [2025-03-12T14:02:55.384+0000] {dagbag.py:588} INFO - Filling up the DagBag from /home/airflow/.local/lib/python3.12/site-packages/airflow/example_dags/example_sensors.py
[2025-03-12T14:02:55.393+0000] {processor.py:925} INFO - DAG(s) 'example_sensors' retrieved from /home/airflow/.local/lib/python3.12/site-packages/airflow/example_dags/example_sensors.py
[2025-03-12T14:02:55.415+0000] {logging_mixin.py:190} INFO - [2025-03-12T14:02:55.415+0000] {dag.py:3239} INFO - Sync 1 DAGs
[2025-03-12T14:02:55.425+0000] {logging_mixin.py:190} INFO - [2025-03-12T14:02:55.425+0000] {dag.py:4180} INFO - Setting next_dagrun for example_sensors to None, run_after=None
[2025-03-12T14:02:55.440+0000] {processor.py:208} INFO - Processing /home/airflow/.local/lib/python3.12/site-packages/airflow/example_dags/example_sensors.py took 0.063 seconds
[2025-03-12T14:03:28.173+0000] {processor.py:186} INFO - Started process (PID=9501) to work on /home/airflow/.local/lib/python3.12/site-packages/airflow/example_dags/example_sensors.py
[2025-03-12T14:03:28.174+0000] {processor.py:914} INFO - Processing file /home/airflow/.local/lib/python3.12/site-packages/airflow/example_dags/example_sensors.py for tasks to queue
[2025-03-12T14:03:28.176+0000] {logging_mixin.py:190} INFO - [2025-03-12T14:03:28.176+0000] {dagbag.py:588} INFO - Filling up the DagBag from /home/airflow/.local/lib/python3.12/site-packages/airflow/example_dags/example_sensors.py
[2025-03-12T14:03:28.187+0000] {processor.py:925} INFO - DAG(s) 'example_sensors' retrieved from /home/airflow/.local/lib/python3.12/site-packages/airflow/example_dags/example_sensors.py
[2025-03-12T14:03:28.210+0000] {logging_mixin.py:190} INFO - [2025-03-12T14:03:28.210+0000] {dag.py:3239} INFO - Sync 1 DAGs
[2025-03-12T14:03:28.222+0000] {logging_mixin.py:190} INFO - [2025-03-12T14:03:28.222+0000] {dag.py:4180} INFO - Setting next_dagrun for example_sensors to None, run_after=None
[2025-03-12T14:03:28.236+0000] {processor.py:208} INFO - Processing /home/airflow/.local/lib/python3.12/site-packages/airflow/example_dags/example_sensors.py took 0.067 seconds
[2025-03-12T14:04:03.308+0000] {processor.py:186} INFO - Started process (PID=9807) to work on /home/airflow/.local/lib/python3.12/site-packages/airflow/example_dags/example_sensors.py
[2025-03-12T14:04:03.309+0000] {processor.py:914} INFO - Processing file /home/airflow/.local/lib/python3.12/site-packages/airflow/example_dags/example_sensors.py for tasks to queue
[2025-03-12T14:04:03.312+0000] {logging_mixin.py:190} INFO - [2025-03-12T14:04:03.311+0000] {dagbag.py:588} INFO - Filling up the DagBag from /home/airflow/.local/lib/python3.12/site-packages/airflow/example_dags/example_sensors.py
[2025-03-12T14:04:03.324+0000] {processor.py:925} INFO - DAG(s) 'example_sensors' retrieved from /home/airflow/.local/lib/python3.12/site-packages/airflow/example_dags/example_sensors.py
[2025-03-12T14:04:03.353+0000] {logging_mixin.py:190} INFO - [2025-03-12T14:04:03.353+0000] {dag.py:3239} INFO - Sync 1 DAGs
[2025-03-12T14:04:03.370+0000] {logging_mixin.py:190} INFO - [2025-03-12T14:04:03.370+0000] {dag.py:4180} INFO - Setting next_dagrun for example_sensors to None, run_after=None
[2025-03-12T14:04:03.397+0000] {processor.py:208} INFO - Processing /home/airflow/.local/lib/python3.12/site-packages/airflow/example_dags/example_sensors.py took 0.096 seconds
[2025-03-12T14:04:34.565+0000] {processor.py:186} INFO - Started process (PID=10115) to work on /home/airflow/.local/lib/python3.12/site-packages/airflow/example_dags/example_sensors.py
[2025-03-12T14:04:34.566+0000] {processor.py:914} INFO - Processing file /home/airflow/.local/lib/python3.12/site-packages/airflow/example_dags/example_sensors.py for tasks to queue
[2025-03-12T14:04:34.568+0000] {logging_mixin.py:190} INFO - [2025-03-12T14:04:34.567+0000] {dagbag.py:588} INFO - Filling up the DagBag from /home/airflow/.local/lib/python3.12/site-packages/airflow/example_dags/example_sensors.py
[2025-03-12T14:04:34.575+0000] {processor.py:925} INFO - DAG(s) 'example_sensors' retrieved from /home/airflow/.local/lib/python3.12/site-packages/airflow/example_dags/example_sensors.py
[2025-03-12T14:04:34.596+0000] {logging_mixin.py:190} INFO - [2025-03-12T14:04:34.596+0000] {dag.py:3239} INFO - Sync 1 DAGs
[2025-03-12T14:04:34.607+0000] {logging_mixin.py:190} INFO - [2025-03-12T14:04:34.607+0000] {dag.py:4180} INFO - Setting next_dagrun for example_sensors to None, run_after=None
[2025-03-12T14:04:34.622+0000] {processor.py:208} INFO - Processing /home/airflow/.local/lib/python3.12/site-packages/airflow/example_dags/example_sensors.py took 0.061 seconds
[2025-03-12T14:05:07.869+0000] {processor.py:186} INFO - Started process (PID=10419) to work on /home/airflow/.local/lib/python3.12/site-packages/airflow/example_dags/example_sensors.py
[2025-03-12T14:05:07.870+0000] {processor.py:914} INFO - Processing file /home/airflow/.local/lib/python3.12/site-packages/airflow/example_dags/example_sensors.py for tasks to queue
[2025-03-12T14:05:07.872+0000] {logging_mixin.py:190} INFO - [2025-03-12T14:05:07.871+0000] {dagbag.py:588} INFO - Filling up the DagBag from /home/airflow/.local/lib/python3.12/site-packages/airflow/example_dags/example_sensors.py
[2025-03-12T14:05:07.881+0000] {processor.py:925} INFO - DAG(s) 'example_sensors' retrieved from /home/airflow/.local/lib/python3.12/site-packages/airflow/example_dags/example_sensors.py
[2025-03-12T14:05:07.903+0000] {logging_mixin.py:190} INFO - [2025-03-12T14:05:07.903+0000] {dag.py:3239} INFO - Sync 1 DAGs
[2025-03-12T14:05:07.913+0000] {logging_mixin.py:190} INFO - [2025-03-12T14:05:07.913+0000] {dag.py:4180} INFO - Setting next_dagrun for example_sensors to None, run_after=None
[2025-03-12T14:05:07.926+0000] {processor.py:208} INFO - Processing /home/airflow/.local/lib/python3.12/site-packages/airflow/example_dags/example_sensors.py took 0.061 seconds
[2025-03-12T14:05:42.191+0000] {processor.py:186} INFO - Started process (PID=10730) to work on /home/airflow/.local/lib/python3.12/site-packages/airflow/example_dags/example_sensors.py
[2025-03-12T14:05:42.192+0000] {processor.py:914} INFO - Processing file /home/airflow/.local/lib/python3.12/site-packages/airflow/example_dags/example_sensors.py for tasks to queue
[2025-03-12T14:05:42.194+0000] {logging_mixin.py:190} INFO - [2025-03-12T14:05:42.194+0000] {dagbag.py:588} INFO - Filling up the DagBag from /home/airflow/.local/lib/python3.12/site-packages/airflow/example_dags/example_sensors.py
[2025-03-12T14:05:42.204+0000] {processor.py:925} INFO - DAG(s) 'example_sensors' retrieved from /home/airflow/.local/lib/python3.12/site-packages/airflow/example_dags/example_sensors.py
[2025-03-12T14:05:42.228+0000] {logging_mixin.py:190} INFO - [2025-03-12T14:05:42.228+0000] {dag.py:3239} INFO - Sync 1 DAGs
[2025-03-12T14:05:42.242+0000] {logging_mixin.py:190} INFO - [2025-03-12T14:05:42.242+0000] {dag.py:4180} INFO - Setting next_dagrun for example_sensors to None, run_after=None
[2025-03-12T14:05:42.262+0000] {processor.py:208} INFO - Processing /home/airflow/.local/lib/python3.12/site-packages/airflow/example_dags/example_sensors.py took 0.076 seconds
[2025-03-12T14:06:14.592+0000] {processor.py:186} INFO - Started process (PID=11036) to work on /home/airflow/.local/lib/python3.12/site-packages/airflow/example_dags/example_sensors.py
[2025-03-12T14:06:14.593+0000] {processor.py:914} INFO - Processing file /home/airflow/.local/lib/python3.12/site-packages/airflow/example_dags/example_sensors.py for tasks to queue
[2025-03-12T14:06:14.596+0000] {logging_mixin.py:190} INFO - [2025-03-12T14:06:14.595+0000] {dagbag.py:588} INFO - Filling up the DagBag from /home/airflow/.local/lib/python3.12/site-packages/airflow/example_dags/example_sensors.py
[2025-03-12T14:06:14.604+0000] {processor.py:925} INFO - DAG(s) 'example_sensors' retrieved from /home/airflow/.local/lib/python3.12/site-packages/airflow/example_dags/example_sensors.py
[2025-03-12T14:06:14.627+0000] {logging_mixin.py:190} INFO - [2025-03-12T14:06:14.627+0000] {dag.py:3239} INFO - Sync 1 DAGs
[2025-03-12T14:06:14.641+0000] {logging_mixin.py:190} INFO - [2025-03-12T14:06:14.641+0000] {dag.py:4180} INFO - Setting next_dagrun for example_sensors to None, run_after=None
[2025-03-12T14:06:14.660+0000] {processor.py:208} INFO - Processing /home/airflow/.local/lib/python3.12/site-packages/airflow/example_dags/example_sensors.py took 0.074 seconds
[2025-03-12T14:06:48.401+0000] {processor.py:186} INFO - Started process (PID=11342) to work on /home/airflow/.local/lib/python3.12/site-packages/airflow/example_dags/example_sensors.py
[2025-03-12T14:06:48.402+0000] {processor.py:914} INFO - Processing file /home/airflow/.local/lib/python3.12/site-packages/airflow/example_dags/example_sensors.py for tasks to queue
[2025-03-12T14:06:48.404+0000] {logging_mixin.py:190} INFO - [2025-03-12T14:06:48.403+0000] {dagbag.py:588} INFO - Filling up the DagBag from /home/airflow/.local/lib/python3.12/site-packages/airflow/example_dags/example_sensors.py
[2025-03-12T14:06:48.412+0000] {processor.py:925} INFO - DAG(s) 'example_sensors' retrieved from /home/airflow/.local/lib/python3.12/site-packages/airflow/example_dags/example_sensors.py
[2025-03-12T14:06:48.435+0000] {logging_mixin.py:190} INFO - [2025-03-12T14:06:48.435+0000] {dag.py:3239} INFO - Sync 1 DAGs
[2025-03-12T14:06:48.446+0000] {logging_mixin.py:190} INFO - [2025-03-12T14:06:48.445+0000] {dag.py:4180} INFO - Setting next_dagrun for example_sensors to None, run_after=None
[2025-03-12T14:06:48.462+0000] {processor.py:208} INFO - Processing /home/airflow/.local/lib/python3.12/site-packages/airflow/example_dags/example_sensors.py took 0.065 seconds
[2025-03-12T14:07:21.994+0000] {processor.py:186} INFO - Started process (PID=11648) to work on /home/airflow/.local/lib/python3.12/site-packages/airflow/example_dags/example_sensors.py
[2025-03-12T14:07:21.995+0000] {processor.py:914} INFO - Processing file /home/airflow/.local/lib/python3.12/site-packages/airflow/example_dags/example_sensors.py for tasks to queue
[2025-03-12T14:07:21.997+0000] {logging_mixin.py:190} INFO - [2025-03-12T14:07:21.997+0000] {dagbag.py:588} INFO - Filling up the DagBag from /home/airflow/.local/lib/python3.12/site-packages/airflow/example_dags/example_sensors.py
[2025-03-12T14:07:22.005+0000] {processor.py:925} INFO - DAG(s) 'example_sensors' retrieved from /home/airflow/.local/lib/python3.12/site-packages/airflow/example_dags/example_sensors.py
[2025-03-12T14:07:22.025+0000] {logging_mixin.py:190} INFO - [2025-03-12T14:07:22.024+0000] {dag.py:3239} INFO - Sync 1 DAGs
[2025-03-12T14:07:22.034+0000] {logging_mixin.py:190} INFO - [2025-03-12T14:07:22.034+0000] {dag.py:4180} INFO - Setting next_dagrun for example_sensors to None, run_after=None
[2025-03-12T14:07:22.048+0000] {processor.py:208} INFO - Processing /home/airflow/.local/lib/python3.12/site-packages/airflow/example_dags/example_sensors.py took 0.058 seconds
[2025-03-12T14:07:54.863+0000] {processor.py:186} INFO - Started process (PID=11954) to work on /home/airflow/.local/lib/python3.12/site-packages/airflow/example_dags/example_sensors.py
[2025-03-12T14:07:54.864+0000] {processor.py:914} INFO - Processing file /home/airflow/.local/lib/python3.12/site-packages/airflow/example_dags/example_sensors.py for tasks to queue
[2025-03-12T14:07:54.866+0000] {logging_mixin.py:190} INFO - [2025-03-12T14:07:54.866+0000] {dagbag.py:588} INFO - Filling up the DagBag from /home/airflow/.local/lib/python3.12/site-packages/airflow/example_dags/example_sensors.py
[2025-03-12T14:07:54.874+0000] {processor.py:925} INFO - DAG(s) 'example_sensors' retrieved from /home/airflow/.local/lib/python3.12/site-packages/airflow/example_dags/example_sensors.py
[2025-03-12T14:07:54.894+0000] {logging_mixin.py:190} INFO - [2025-03-12T14:07:54.894+0000] {dag.py:3239} INFO - Sync 1 DAGs
[2025-03-12T14:07:54.904+0000] {logging_mixin.py:190} INFO - [2025-03-12T14:07:54.904+0000] {dag.py:4180} INFO - Setting next_dagrun for example_sensors to None, run_after=None
[2025-03-12T14:07:54.919+0000] {processor.py:208} INFO - Processing /home/airflow/.local/lib/python3.12/site-packages/airflow/example_dags/example_sensors.py took 0.059 seconds
[2025-03-12T14:08:29.106+0000] {processor.py:186} INFO - Started process (PID=12262) to work on /home/airflow/.local/lib/python3.12/site-packages/airflow/example_dags/example_sensors.py
[2025-03-12T14:08:29.107+0000] {processor.py:914} INFO - Processing file /home/airflow/.local/lib/python3.12/site-packages/airflow/example_dags/example_sensors.py for tasks to queue
[2025-03-12T14:08:29.108+0000] {logging_mixin.py:190} INFO - [2025-03-12T14:08:29.108+0000] {dagbag.py:588} INFO - Filling up the DagBag from /home/airflow/.local/lib/python3.12/site-packages/airflow/example_dags/example_sensors.py
[2025-03-12T14:08:29.118+0000] {processor.py:925} INFO - DAG(s) 'example_sensors' retrieved from /home/airflow/.local/lib/python3.12/site-packages/airflow/example_dags/example_sensors.py
[2025-03-12T14:08:29.136+0000] {logging_mixin.py:190} INFO - [2025-03-12T14:08:29.136+0000] {dag.py:3239} INFO - Sync 1 DAGs
[2025-03-12T14:08:29.148+0000] {logging_mixin.py:190} INFO - [2025-03-12T14:08:29.147+0000] {dag.py:4180} INFO - Setting next_dagrun for example_sensors to None, run_after=None
[2025-03-12T14:08:29.164+0000] {processor.py:208} INFO - Processing /home/airflow/.local/lib/python3.12/site-packages/airflow/example_dags/example_sensors.py took 0.063 seconds
[2025-03-12T14:09:01.888+0000] {processor.py:186} INFO - Started process (PID=12566) to work on /home/airflow/.local/lib/python3.12/site-packages/airflow/example_dags/example_sensors.py
[2025-03-12T14:09:01.889+0000] {processor.py:914} INFO - Processing file /home/airflow/.local/lib/python3.12/site-packages/airflow/example_dags/example_sensors.py for tasks to queue
[2025-03-12T14:09:01.890+0000] {logging_mixin.py:190} INFO - [2025-03-12T14:09:01.890+0000] {dagbag.py:588} INFO - Filling up the DagBag from /home/airflow/.local/lib/python3.12/site-packages/airflow/example_dags/example_sensors.py
[2025-03-12T14:09:01.900+0000] {processor.py:925} INFO - DAG(s) 'example_sensors' retrieved from /home/airflow/.local/lib/python3.12/site-packages/airflow/example_dags/example_sensors.py
[2025-03-12T14:09:01.921+0000] {logging_mixin.py:190} INFO - [2025-03-12T14:09:01.921+0000] {dag.py:3239} INFO - Sync 1 DAGs
[2025-03-12T14:09:01.933+0000] {logging_mixin.py:190} INFO - [2025-03-12T14:09:01.933+0000] {dag.py:4180} INFO - Setting next_dagrun for example_sensors to None, run_after=None
[2025-03-12T14:09:01.949+0000] {processor.py:208} INFO - Processing /home/airflow/.local/lib/python3.12/site-packages/airflow/example_dags/example_sensors.py took 0.066 seconds
[2025-03-12T14:09:35.470+0000] {processor.py:186} INFO - Started process (PID=12872) to work on /home/airflow/.local/lib/python3.12/site-packages/airflow/example_dags/example_sensors.py
[2025-03-12T14:09:35.470+0000] {processor.py:914} INFO - Processing file /home/airflow/.local/lib/python3.12/site-packages/airflow/example_dags/example_sensors.py for tasks to queue
[2025-03-12T14:09:35.472+0000] {logging_mixin.py:190} INFO - [2025-03-12T14:09:35.472+0000] {dagbag.py:588} INFO - Filling up the DagBag from /home/airflow/.local/lib/python3.12/site-packages/airflow/example_dags/example_sensors.py
[2025-03-12T14:09:35.480+0000] {processor.py:925} INFO - DAG(s) 'example_sensors' retrieved from /home/airflow/.local/lib/python3.12/site-packages/airflow/example_dags/example_sensors.py
[2025-03-12T14:09:35.499+0000] {logging_mixin.py:190} INFO - [2025-03-12T14:09:35.499+0000] {dag.py:3239} INFO - Sync 1 DAGs
[2025-03-12T14:09:35.509+0000] {logging_mixin.py:190} INFO - [2025-03-12T14:09:35.509+0000] {dag.py:4180} INFO - Setting next_dagrun for example_sensors to None, run_after=None
[2025-03-12T14:09:35.524+0000] {processor.py:208} INFO - Processing /home/airflow/.local/lib/python3.12/site-packages/airflow/example_dags/example_sensors.py took 0.058 seconds
[2025-03-12T14:10:08.416+0000] {processor.py:186} INFO - Started process (PID=13178) to work on /home/airflow/.local/lib/python3.12/site-packages/airflow/example_dags/example_sensors.py
[2025-03-12T14:10:08.417+0000] {processor.py:914} INFO - Processing file /home/airflow/.local/lib/python3.12/site-packages/airflow/example_dags/example_sensors.py for tasks to queue
[2025-03-12T14:10:08.419+0000] {logging_mixin.py:190} INFO - [2025-03-12T14:10:08.418+0000] {dagbag.py:588} INFO - Filling up the DagBag from /home/airflow/.local/lib/python3.12/site-packages/airflow/example_dags/example_sensors.py
[2025-03-12T14:10:08.427+0000] {processor.py:925} INFO - DAG(s) 'example_sensors' retrieved from /home/airflow/.local/lib/python3.12/site-packages/airflow/example_dags/example_sensors.py
[2025-03-12T14:10:08.449+0000] {logging_mixin.py:190} INFO - [2025-03-12T14:10:08.449+0000] {dag.py:3239} INFO - Sync 1 DAGs
[2025-03-12T14:10:08.459+0000] {logging_mixin.py:190} INFO - [2025-03-12T14:10:08.459+0000] {dag.py:4180} INFO - Setting next_dagrun for example_sensors to None, run_after=None
[2025-03-12T14:10:08.473+0000] {processor.py:208} INFO - Processing /home/airflow/.local/lib/python3.12/site-packages/airflow/example_dags/example_sensors.py took 0.061 seconds
[2025-03-12T14:10:41.160+0000] {processor.py:186} INFO - Started process (PID=13484) to work on /home/airflow/.local/lib/python3.12/site-packages/airflow/example_dags/example_sensors.py
[2025-03-12T14:10:41.161+0000] {processor.py:914} INFO - Processing file /home/airflow/.local/lib/python3.12/site-packages/airflow/example_dags/example_sensors.py for tasks to queue
[2025-03-12T14:10:41.162+0000] {logging_mixin.py:190} INFO - [2025-03-12T14:10:41.162+0000] {dagbag.py:588} INFO - Filling up the DagBag from /home/airflow/.local/lib/python3.12/site-packages/airflow/example_dags/example_sensors.py
[2025-03-12T14:10:41.171+0000] {processor.py:925} INFO - DAG(s) 'example_sensors' retrieved from /home/airflow/.local/lib/python3.12/site-packages/airflow/example_dags/example_sensors.py
[2025-03-12T14:10:41.189+0000] {logging_mixin.py:190} INFO - [2025-03-12T14:10:41.189+0000] {dag.py:3239} INFO - Sync 1 DAGs
[2025-03-12T14:10:41.198+0000] {logging_mixin.py:190} INFO - [2025-03-12T14:10:41.198+0000] {dag.py:4180} INFO - Setting next_dagrun for example_sensors to None, run_after=None
[2025-03-12T14:10:41.214+0000] {processor.py:208} INFO - Processing /home/airflow/.local/lib/python3.12/site-packages/airflow/example_dags/example_sensors.py took 0.058 seconds
[2025-03-12T14:11:15.063+0000] {processor.py:186} INFO - Started process (PID=13790) to work on /home/airflow/.local/lib/python3.12/site-packages/airflow/example_dags/example_sensors.py
[2025-03-12T14:11:15.064+0000] {processor.py:914} INFO - Processing file /home/airflow/.local/lib/python3.12/site-packages/airflow/example_dags/example_sensors.py for tasks to queue
[2025-03-12T14:11:15.066+0000] {logging_mixin.py:190} INFO - [2025-03-12T14:11:15.065+0000] {dagbag.py:588} INFO - Filling up the DagBag from /home/airflow/.local/lib/python3.12/site-packages/airflow/example_dags/example_sensors.py
[2025-03-12T14:11:15.073+0000] {processor.py:925} INFO - DAG(s) 'example_sensors' retrieved from /home/airflow/.local/lib/python3.12/site-packages/airflow/example_dags/example_sensors.py
[2025-03-12T14:11:15.095+0000] {logging_mixin.py:190} INFO - [2025-03-12T14:11:15.094+0000] {dag.py:3239} INFO - Sync 1 DAGs
[2025-03-12T14:11:15.109+0000] {logging_mixin.py:190} INFO - [2025-03-12T14:11:15.109+0000] {dag.py:4180} INFO - Setting next_dagrun for example_sensors to None, run_after=None
[2025-03-12T14:11:15.126+0000] {processor.py:208} INFO - Processing /home/airflow/.local/lib/python3.12/site-packages/airflow/example_dags/example_sensors.py took 0.067 seconds
[2025-03-12T14:11:48.551+0000] {processor.py:186} INFO - Started process (PID=14097) to work on /home/airflow/.local/lib/python3.12/site-packages/airflow/example_dags/example_sensors.py
[2025-03-12T14:11:48.552+0000] {processor.py:914} INFO - Processing file /home/airflow/.local/lib/python3.12/site-packages/airflow/example_dags/example_sensors.py for tasks to queue
[2025-03-12T14:11:48.553+0000] {logging_mixin.py:190} INFO - [2025-03-12T14:11:48.553+0000] {dagbag.py:588} INFO - Filling up the DagBag from /home/airflow/.local/lib/python3.12/site-packages/airflow/example_dags/example_sensors.py
[2025-03-12T14:11:48.561+0000] {processor.py:925} INFO - DAG(s) 'example_sensors' retrieved from /home/airflow/.local/lib/python3.12/site-packages/airflow/example_dags/example_sensors.py
[2025-03-12T14:11:48.583+0000] {logging_mixin.py:190} INFO - [2025-03-12T14:11:48.583+0000] {dag.py:3239} INFO - Sync 1 DAGs
[2025-03-12T14:11:48.595+0000] {logging_mixin.py:190} INFO - [2025-03-12T14:11:48.594+0000] {dag.py:4180} INFO - Setting next_dagrun for example_sensors to None, run_after=None
[2025-03-12T14:11:48.613+0000] {processor.py:208} INFO - Processing /home/airflow/.local/lib/python3.12/site-packages/airflow/example_dags/example_sensors.py took 0.066 seconds
[2025-03-12T14:12:22.446+0000] {processor.py:186} INFO - Started process (PID=14403) to work on /home/airflow/.local/lib/python3.12/site-packages/airflow/example_dags/example_sensors.py
[2025-03-12T14:12:22.446+0000] {processor.py:914} INFO - Processing file /home/airflow/.local/lib/python3.12/site-packages/airflow/example_dags/example_sensors.py for tasks to queue
[2025-03-12T14:12:22.448+0000] {logging_mixin.py:190} INFO - [2025-03-12T14:12:22.448+0000] {dagbag.py:588} INFO - Filling up the DagBag from /home/airflow/.local/lib/python3.12/site-packages/airflow/example_dags/example_sensors.py
[2025-03-12T14:12:22.457+0000] {processor.py:925} INFO - DAG(s) 'example_sensors' retrieved from /home/airflow/.local/lib/python3.12/site-packages/airflow/example_dags/example_sensors.py
[2025-03-12T14:12:22.476+0000] {logging_mixin.py:190} INFO - [2025-03-12T14:12:22.476+0000] {dag.py:3239} INFO - Sync 1 DAGs
[2025-03-12T14:12:22.487+0000] {logging_mixin.py:190} INFO - [2025-03-12T14:12:22.486+0000] {dag.py:4180} INFO - Setting next_dagrun for example_sensors to None, run_after=None
[2025-03-12T14:12:22.501+0000] {processor.py:208} INFO - Processing /home/airflow/.local/lib/python3.12/site-packages/airflow/example_dags/example_sensors.py took 0.060 seconds
[2025-03-12T14:14:05.654+0000] {processor.py:186} INFO - Started process (PID=338) to work on /home/airflow/.local/lib/python3.12/site-packages/airflow/example_dags/example_sensors.py
[2025-03-12T14:14:05.656+0000] {processor.py:914} INFO - Processing file /home/airflow/.local/lib/python3.12/site-packages/airflow/example_dags/example_sensors.py for tasks to queue
[2025-03-12T14:14:05.660+0000] {logging_mixin.py:190} INFO - [2025-03-12T14:14:05.659+0000] {dagbag.py:588} INFO - Filling up the DagBag from /home/airflow/.local/lib/python3.12/site-packages/airflow/example_dags/example_sensors.py
[2025-03-12T14:14:05.679+0000] {processor.py:925} INFO - DAG(s) 'example_sensors' retrieved from /home/airflow/.local/lib/python3.12/site-packages/airflow/example_dags/example_sensors.py
[2025-03-12T14:14:05.925+0000] {logging_mixin.py:190} INFO - [2025-03-12T14:14:05.924+0000] {override.py:1912} INFO - Created Permission View: can read on DAG:example_sensors
[2025-03-12T14:14:05.938+0000] {logging_mixin.py:190} INFO - [2025-03-12T14:14:05.938+0000] {override.py:1912} INFO - Created Permission View: can edit on DAG:example_sensors
[2025-03-12T14:14:05.948+0000] {logging_mixin.py:190} INFO - [2025-03-12T14:14:05.948+0000] {override.py:1912} INFO - Created Permission View: can delete on DAG:example_sensors
[2025-03-12T14:14:05.964+0000] {logging_mixin.py:190} INFO - [2025-03-12T14:14:05.963+0000] {override.py:1912} INFO - Created Permission View: can create on DAG Run:example_sensors
[2025-03-12T14:14:05.972+0000] {logging_mixin.py:190} INFO - [2025-03-12T14:14:05.971+0000] {override.py:1912} INFO - Created Permission View: can read on DAG Run:example_sensors
[2025-03-12T14:14:05.980+0000] {logging_mixin.py:190} INFO - [2025-03-12T14:14:05.980+0000] {override.py:1912} INFO - Created Permission View: menu access on DAG Run:example_sensors
[2025-03-12T14:14:05.989+0000] {logging_mixin.py:190} INFO - [2025-03-12T14:14:05.989+0000] {override.py:1912} INFO - Created Permission View: can delete on DAG Run:example_sensors
[2025-03-12T14:14:05.990+0000] {logging_mixin.py:190} INFO - [2025-03-12T14:14:05.990+0000] {dag.py:3239} INFO - Sync 1 DAGs
[2025-03-12T14:14:06.005+0000] {logging_mixin.py:190} INFO - [2025-03-12T14:14:06.005+0000] {dag.py:3262} INFO - Creating ORM DAG for example_sensors
[2025-03-12T14:14:06.006+0000] {logging_mixin.py:190} INFO - [2025-03-12T14:14:06.006+0000] {dag.py:4180} INFO - Setting next_dagrun for example_sensors to None, run_after=None
[2025-03-12T14:14:06.027+0000] {processor.py:208} INFO - Processing /home/airflow/.local/lib/python3.12/site-packages/airflow/example_dags/example_sensors.py took 0.380 seconds
[2025-03-12T14:14:36.559+0000] {processor.py:186} INFO - Started process (PID=644) to work on /home/airflow/.local/lib/python3.12/site-packages/airflow/example_dags/example_sensors.py
[2025-03-12T14:14:36.560+0000] {processor.py:914} INFO - Processing file /home/airflow/.local/lib/python3.12/site-packages/airflow/example_dags/example_sensors.py for tasks to queue
[2025-03-12T14:14:36.562+0000] {logging_mixin.py:190} INFO - [2025-03-12T14:14:36.562+0000] {dagbag.py:588} INFO - Filling up the DagBag from /home/airflow/.local/lib/python3.12/site-packages/airflow/example_dags/example_sensors.py
[2025-03-12T14:14:36.570+0000] {processor.py:925} INFO - DAG(s) 'example_sensors' retrieved from /home/airflow/.local/lib/python3.12/site-packages/airflow/example_dags/example_sensors.py
[2025-03-12T14:14:36.590+0000] {logging_mixin.py:190} INFO - [2025-03-12T14:14:36.590+0000] {dag.py:3239} INFO - Sync 1 DAGs
[2025-03-12T14:14:36.600+0000] {logging_mixin.py:190} INFO - [2025-03-12T14:14:36.600+0000] {dag.py:4180} INFO - Setting next_dagrun for example_sensors to None, run_after=None
[2025-03-12T14:14:36.616+0000] {processor.py:208} INFO - Processing /home/airflow/.local/lib/python3.12/site-packages/airflow/example_dags/example_sensors.py took 0.061 seconds
[2025-03-12T14:15:08.952+0000] {processor.py:186} INFO - Started process (PID=952) to work on /home/airflow/.local/lib/python3.12/site-packages/airflow/example_dags/example_sensors.py
[2025-03-12T14:15:08.953+0000] {processor.py:914} INFO - Processing file /home/airflow/.local/lib/python3.12/site-packages/airflow/example_dags/example_sensors.py for tasks to queue
[2025-03-12T14:15:08.955+0000] {logging_mixin.py:190} INFO - [2025-03-12T14:15:08.955+0000] {dagbag.py:588} INFO - Filling up the DagBag from /home/airflow/.local/lib/python3.12/site-packages/airflow/example_dags/example_sensors.py
[2025-03-12T14:15:08.964+0000] {processor.py:925} INFO - DAG(s) 'example_sensors' retrieved from /home/airflow/.local/lib/python3.12/site-packages/airflow/example_dags/example_sensors.py
[2025-03-12T14:15:08.987+0000] {logging_mixin.py:190} INFO - [2025-03-12T14:15:08.987+0000] {dag.py:3239} INFO - Sync 1 DAGs
[2025-03-12T14:15:09.003+0000] {logging_mixin.py:190} INFO - [2025-03-12T14:15:09.003+0000] {dag.py:4180} INFO - Setting next_dagrun for example_sensors to None, run_after=None
[2025-03-12T14:15:09.017+0000] {processor.py:208} INFO - Processing /home/airflow/.local/lib/python3.12/site-packages/airflow/example_dags/example_sensors.py took 0.069 seconds
[2025-03-12T14:15:42.208+0000] {processor.py:186} INFO - Started process (PID=1256) to work on /home/airflow/.local/lib/python3.12/site-packages/airflow/example_dags/example_sensors.py
[2025-03-12T14:15:42.209+0000] {processor.py:914} INFO - Processing file /home/airflow/.local/lib/python3.12/site-packages/airflow/example_dags/example_sensors.py for tasks to queue
[2025-03-12T14:15:42.211+0000] {logging_mixin.py:190} INFO - [2025-03-12T14:15:42.211+0000] {dagbag.py:588} INFO - Filling up the DagBag from /home/airflow/.local/lib/python3.12/site-packages/airflow/example_dags/example_sensors.py
[2025-03-12T14:15:42.219+0000] {processor.py:925} INFO - DAG(s) 'example_sensors' retrieved from /home/airflow/.local/lib/python3.12/site-packages/airflow/example_dags/example_sensors.py
[2025-03-12T14:15:42.243+0000] {logging_mixin.py:190} INFO - [2025-03-12T14:15:42.243+0000] {dag.py:3239} INFO - Sync 1 DAGs
[2025-03-12T14:15:42.255+0000] {logging_mixin.py:190} INFO - [2025-03-12T14:15:42.255+0000] {dag.py:4180} INFO - Setting next_dagrun for example_sensors to None, run_after=None
[2025-03-12T14:15:42.271+0000] {processor.py:208} INFO - Processing /home/airflow/.local/lib/python3.12/site-packages/airflow/example_dags/example_sensors.py took 0.067 seconds
[2025-03-12T14:16:16.097+0000] {processor.py:186} INFO - Started process (PID=1563) to work on /home/airflow/.local/lib/python3.12/site-packages/airflow/example_dags/example_sensors.py
[2025-03-12T14:16:16.097+0000] {processor.py:914} INFO - Processing file /home/airflow/.local/lib/python3.12/site-packages/airflow/example_dags/example_sensors.py for tasks to queue
[2025-03-12T14:16:16.099+0000] {logging_mixin.py:190} INFO - [2025-03-12T14:16:16.099+0000] {dagbag.py:588} INFO - Filling up the DagBag from /home/airflow/.local/lib/python3.12/site-packages/airflow/example_dags/example_sensors.py
[2025-03-12T14:16:16.110+0000] {processor.py:925} INFO - DAG(s) 'example_sensors' retrieved from /home/airflow/.local/lib/python3.12/site-packages/airflow/example_dags/example_sensors.py
[2025-03-12T14:16:16.133+0000] {logging_mixin.py:190} INFO - [2025-03-12T14:16:16.133+0000] {dag.py:3239} INFO - Sync 1 DAGs
[2025-03-12T14:16:16.147+0000] {logging_mixin.py:190} INFO - [2025-03-12T14:16:16.147+0000] {dag.py:4180} INFO - Setting next_dagrun for example_sensors to None, run_after=None
[2025-03-12T14:16:16.165+0000] {processor.py:208} INFO - Processing /home/airflow/.local/lib/python3.12/site-packages/airflow/example_dags/example_sensors.py took 0.074 seconds
[2025-03-12T14:16:49.026+0000] {processor.py:186} INFO - Started process (PID=1869) to work on /home/airflow/.local/lib/python3.12/site-packages/airflow/example_dags/example_sensors.py
[2025-03-12T14:16:49.027+0000] {processor.py:914} INFO - Processing file /home/airflow/.local/lib/python3.12/site-packages/airflow/example_dags/example_sensors.py for tasks to queue
[2025-03-12T14:16:49.028+0000] {logging_mixin.py:190} INFO - [2025-03-12T14:16:49.028+0000] {dagbag.py:588} INFO - Filling up the DagBag from /home/airflow/.local/lib/python3.12/site-packages/airflow/example_dags/example_sensors.py
[2025-03-12T14:16:49.038+0000] {processor.py:925} INFO - DAG(s) 'example_sensors' retrieved from /home/airflow/.local/lib/python3.12/site-packages/airflow/example_dags/example_sensors.py
[2025-03-12T14:16:49.058+0000] {logging_mixin.py:190} INFO - [2025-03-12T14:16:49.058+0000] {dag.py:3239} INFO - Sync 1 DAGs
[2025-03-12T14:16:49.070+0000] {logging_mixin.py:190} INFO - [2025-03-12T14:16:49.070+0000] {dag.py:4180} INFO - Setting next_dagrun for example_sensors to None, run_after=None
[2025-03-12T14:16:49.089+0000] {processor.py:208} INFO - Processing /home/airflow/.local/lib/python3.12/site-packages/airflow/example_dags/example_sensors.py took 0.068 seconds
[2025-03-12T14:17:22.521+0000] {processor.py:186} INFO - Started process (PID=2177) to work on /home/airflow/.local/lib/python3.12/site-packages/airflow/example_dags/example_sensors.py
[2025-03-12T14:17:22.521+0000] {processor.py:914} INFO - Processing file /home/airflow/.local/lib/python3.12/site-packages/airflow/example_dags/example_sensors.py for tasks to queue
[2025-03-12T14:17:22.523+0000] {logging_mixin.py:190} INFO - [2025-03-12T14:17:22.523+0000] {dagbag.py:588} INFO - Filling up the DagBag from /home/airflow/.local/lib/python3.12/site-packages/airflow/example_dags/example_sensors.py
[2025-03-12T14:17:22.531+0000] {processor.py:925} INFO - DAG(s) 'example_sensors' retrieved from /home/airflow/.local/lib/python3.12/site-packages/airflow/example_dags/example_sensors.py
[2025-03-12T14:17:22.550+0000] {logging_mixin.py:190} INFO - [2025-03-12T14:17:22.550+0000] {dag.py:3239} INFO - Sync 1 DAGs
[2025-03-12T14:17:22.560+0000] {logging_mixin.py:190} INFO - [2025-03-12T14:17:22.560+0000] {dag.py:4180} INFO - Setting next_dagrun for example_sensors to None, run_after=None
[2025-03-12T14:17:22.575+0000] {processor.py:208} INFO - Processing /home/airflow/.local/lib/python3.12/site-packages/airflow/example_dags/example_sensors.py took 0.059 seconds
[2025-03-12T14:17:55.740+0000] {processor.py:186} INFO - Started process (PID=2483) to work on /home/airflow/.local/lib/python3.12/site-packages/airflow/example_dags/example_sensors.py
[2025-03-12T14:17:55.741+0000] {processor.py:914} INFO - Processing file /home/airflow/.local/lib/python3.12/site-packages/airflow/example_dags/example_sensors.py for tasks to queue
[2025-03-12T14:17:55.744+0000] {logging_mixin.py:190} INFO - [2025-03-12T14:17:55.743+0000] {dagbag.py:588} INFO - Filling up the DagBag from /home/airflow/.local/lib/python3.12/site-packages/airflow/example_dags/example_sensors.py
[2025-03-12T14:17:55.756+0000] {processor.py:925} INFO - DAG(s) 'example_sensors' retrieved from /home/airflow/.local/lib/python3.12/site-packages/airflow/example_dags/example_sensors.py
[2025-03-12T14:17:55.781+0000] {logging_mixin.py:190} INFO - [2025-03-12T14:17:55.781+0000] {dag.py:3239} INFO - Sync 1 DAGs
[2025-03-12T14:17:55.795+0000] {logging_mixin.py:190} INFO - [2025-03-12T14:17:55.794+0000] {dag.py:4180} INFO - Setting next_dagrun for example_sensors to None, run_after=None
[2025-03-12T14:17:55.813+0000] {processor.py:208} INFO - Processing /home/airflow/.local/lib/python3.12/site-packages/airflow/example_dags/example_sensors.py took 0.083 seconds
[2025-03-12T14:18:28.656+0000] {processor.py:186} INFO - Started process (PID=2781) to work on /home/airflow/.local/lib/python3.12/site-packages/airflow/example_dags/example_sensors.py
[2025-03-12T14:18:28.657+0000] {processor.py:914} INFO - Processing file /home/airflow/.local/lib/python3.12/site-packages/airflow/example_dags/example_sensors.py for tasks to queue
[2025-03-12T14:18:28.659+0000] {logging_mixin.py:190} INFO - [2025-03-12T14:18:28.659+0000] {dagbag.py:588} INFO - Filling up the DagBag from /home/airflow/.local/lib/python3.12/site-packages/airflow/example_dags/example_sensors.py
[2025-03-12T14:18:28.668+0000] {processor.py:925} INFO - DAG(s) 'example_sensors' retrieved from /home/airflow/.local/lib/python3.12/site-packages/airflow/example_dags/example_sensors.py
[2025-03-12T14:18:28.690+0000] {logging_mixin.py:190} INFO - [2025-03-12T14:18:28.690+0000] {dag.py:3239} INFO - Sync 1 DAGs
[2025-03-12T14:18:28.700+0000] {logging_mixin.py:190} INFO - [2025-03-12T14:18:28.700+0000] {dag.py:4180} INFO - Setting next_dagrun for example_sensors to None, run_after=None
[2025-03-12T14:18:28.721+0000] {processor.py:208} INFO - Processing /home/airflow/.local/lib/python3.12/site-packages/airflow/example_dags/example_sensors.py took 0.069 seconds
[2025-03-12T14:19:01.363+0000] {processor.py:186} INFO - Started process (PID=3087) to work on /home/airflow/.local/lib/python3.12/site-packages/airflow/example_dags/example_sensors.py
[2025-03-12T14:19:01.364+0000] {processor.py:914} INFO - Processing file /home/airflow/.local/lib/python3.12/site-packages/airflow/example_dags/example_sensors.py for tasks to queue
[2025-03-12T14:19:01.366+0000] {logging_mixin.py:190} INFO - [2025-03-12T14:19:01.366+0000] {dagbag.py:588} INFO - Filling up the DagBag from /home/airflow/.local/lib/python3.12/site-packages/airflow/example_dags/example_sensors.py
[2025-03-12T14:19:01.374+0000] {processor.py:925} INFO - DAG(s) 'example_sensors' retrieved from /home/airflow/.local/lib/python3.12/site-packages/airflow/example_dags/example_sensors.py
[2025-03-12T14:19:01.396+0000] {logging_mixin.py:190} INFO - [2025-03-12T14:19:01.395+0000] {dag.py:3239} INFO - Sync 1 DAGs
[2025-03-12T14:19:01.405+0000] {logging_mixin.py:190} INFO - [2025-03-12T14:19:01.405+0000] {dag.py:4180} INFO - Setting next_dagrun for example_sensors to None, run_after=None
[2025-03-12T14:19:01.420+0000] {processor.py:208} INFO - Processing /home/airflow/.local/lib/python3.12/site-packages/airflow/example_dags/example_sensors.py took 0.063 seconds
[2025-03-12T14:19:35.665+0000] {processor.py:186} INFO - Started process (PID=3393) to work on /home/airflow/.local/lib/python3.12/site-packages/airflow/example_dags/example_sensors.py
[2025-03-12T14:19:35.667+0000] {processor.py:914} INFO - Processing file /home/airflow/.local/lib/python3.12/site-packages/airflow/example_dags/example_sensors.py for tasks to queue
[2025-03-12T14:19:35.669+0000] {logging_mixin.py:190} INFO - [2025-03-12T14:19:35.669+0000] {dagbag.py:588} INFO - Filling up the DagBag from /home/airflow/.local/lib/python3.12/site-packages/airflow/example_dags/example_sensors.py
[2025-03-12T14:19:35.679+0000] {processor.py:925} INFO - DAG(s) 'example_sensors' retrieved from /home/airflow/.local/lib/python3.12/site-packages/airflow/example_dags/example_sensors.py
[2025-03-12T14:19:35.707+0000] {logging_mixin.py:190} INFO - [2025-03-12T14:19:35.706+0000] {dag.py:3239} INFO - Sync 1 DAGs
[2025-03-12T14:19:35.720+0000] {logging_mixin.py:190} INFO - [2025-03-12T14:19:35.720+0000] {dag.py:4180} INFO - Setting next_dagrun for example_sensors to None, run_after=None
[2025-03-12T14:19:35.740+0000] {processor.py:208} INFO - Processing /home/airflow/.local/lib/python3.12/site-packages/airflow/example_dags/example_sensors.py took 0.079 seconds
