[2025-03-12T13:45:07.181+0000] {processor.py:186} INFO - Started process (PID=392) to work on /home/airflow/.local/lib/python3.12/site-packages/airflow/example_dags/tutorial_objectstorage.py
[2025-03-12T13:45:07.182+0000] {processor.py:914} INFO - Processing file /home/airflow/.local/lib/python3.12/site-packages/airflow/example_dags/tutorial_objectstorage.py for tasks to queue
[2025-03-12T13:45:07.184+0000] {logging_mixin.py:190} INFO - [2025-03-12T13:45:07.184+0000] {dagbag.py:588} INFO - Filling up the DagBag from /home/airflow/.local/lib/python3.12/site-packages/airflow/example_dags/tutorial_objectstorage.py
[2025-03-12T13:45:07.194+0000] {processor.py:925} INFO - DAG(s) 'tutorial_objectstorage' retrieved from /home/airflow/.local/lib/python3.12/site-packages/airflow/example_dags/tutorial_objectstorage.py
[2025-03-12T13:45:07.287+0000] {logging_mixin.py:190} INFO - [2025-03-12T13:45:07.286+0000] {override.py:1912} INFO - Created Permission View: can edit on DAG:tutorial_objectstorage
[2025-03-12T13:45:07.299+0000] {logging_mixin.py:190} INFO - [2025-03-12T13:45:07.298+0000] {override.py:1912} INFO - Created Permission View: can delete on DAG:tutorial_objectstorage
[2025-03-12T13:45:07.306+0000] {logging_mixin.py:190} INFO - [2025-03-12T13:45:07.306+0000] {override.py:1912} INFO - Created Permission View: can read on DAG:tutorial_objectstorage
[2025-03-12T13:45:07.315+0000] {logging_mixin.py:190} INFO - [2025-03-12T13:45:07.314+0000] {override.py:1912} INFO - Created Permission View: can delete on DAG Run:tutorial_objectstorage
[2025-03-12T13:45:07.322+0000] {logging_mixin.py:190} INFO - [2025-03-12T13:45:07.322+0000] {override.py:1912} INFO - Created Permission View: menu access on DAG Run:tutorial_objectstorage
[2025-03-12T13:45:07.330+0000] {logging_mixin.py:190} INFO - [2025-03-12T13:45:07.329+0000] {override.py:1912} INFO - Created Permission View: can create on DAG Run:tutorial_objectstorage
[2025-03-12T13:45:07.337+0000] {logging_mixin.py:190} INFO - [2025-03-12T13:45:07.337+0000] {override.py:1912} INFO - Created Permission View: can read on DAG Run:tutorial_objectstorage
[2025-03-12T13:45:07.338+0000] {logging_mixin.py:190} INFO - [2025-03-12T13:45:07.338+0000] {dag.py:3239} INFO - Sync 1 DAGs
[2025-03-12T13:45:07.351+0000] {logging_mixin.py:190} INFO - [2025-03-12T13:45:07.351+0000] {dag.py:3262} INFO - Creating ORM DAG for tutorial_objectstorage
[2025-03-12T13:45:07.352+0000] {logging_mixin.py:190} INFO - [2025-03-12T13:45:07.352+0000] {dag.py:4180} INFO - Setting next_dagrun for tutorial_objectstorage to None, run_after=None
[2025-03-12T13:45:07.367+0000] {processor.py:208} INFO - Processing /home/airflow/.local/lib/python3.12/site-packages/airflow/example_dags/tutorial_objectstorage.py took 0.192 seconds
[2025-03-12T13:45:40.621+0000] {processor.py:186} INFO - Started process (PID=698) to work on /home/airflow/.local/lib/python3.12/site-packages/airflow/example_dags/tutorial_objectstorage.py
[2025-03-12T13:45:40.622+0000] {processor.py:914} INFO - Processing file /home/airflow/.local/lib/python3.12/site-packages/airflow/example_dags/tutorial_objectstorage.py for tasks to queue
[2025-03-12T13:45:40.623+0000] {logging_mixin.py:190} INFO - [2025-03-12T13:45:40.623+0000] {dagbag.py:588} INFO - Filling up the DagBag from /home/airflow/.local/lib/python3.12/site-packages/airflow/example_dags/tutorial_objectstorage.py
[2025-03-12T13:45:40.631+0000] {processor.py:925} INFO - DAG(s) 'tutorial_objectstorage' retrieved from /home/airflow/.local/lib/python3.12/site-packages/airflow/example_dags/tutorial_objectstorage.py
[2025-03-12T13:45:40.648+0000] {logging_mixin.py:190} INFO - [2025-03-12T13:45:40.647+0000] {dag.py:3239} INFO - Sync 1 DAGs
[2025-03-12T13:45:40.657+0000] {logging_mixin.py:190} INFO - [2025-03-12T13:45:40.657+0000] {dag.py:4180} INFO - Setting next_dagrun for tutorial_objectstorage to None, run_after=None
[2025-03-12T13:45:40.672+0000] {processor.py:208} INFO - Processing /home/airflow/.local/lib/python3.12/site-packages/airflow/example_dags/tutorial_objectstorage.py took 0.055 seconds
[2025-03-12T13:46:13.444+0000] {processor.py:186} INFO - Started process (PID=1004) to work on /home/airflow/.local/lib/python3.12/site-packages/airflow/example_dags/tutorial_objectstorage.py
[2025-03-12T13:46:13.445+0000] {processor.py:914} INFO - Processing file /home/airflow/.local/lib/python3.12/site-packages/airflow/example_dags/tutorial_objectstorage.py for tasks to queue
[2025-03-12T13:46:13.446+0000] {logging_mixin.py:190} INFO - [2025-03-12T13:46:13.446+0000] {dagbag.py:588} INFO - Filling up the DagBag from /home/airflow/.local/lib/python3.12/site-packages/airflow/example_dags/tutorial_objectstorage.py
[2025-03-12T13:46:13.454+0000] {processor.py:925} INFO - DAG(s) 'tutorial_objectstorage' retrieved from /home/airflow/.local/lib/python3.12/site-packages/airflow/example_dags/tutorial_objectstorage.py
[2025-03-12T13:46:13.470+0000] {logging_mixin.py:190} INFO - [2025-03-12T13:46:13.470+0000] {dag.py:3239} INFO - Sync 1 DAGs
[2025-03-12T13:46:13.482+0000] {logging_mixin.py:190} INFO - [2025-03-12T13:46:13.482+0000] {dag.py:4180} INFO - Setting next_dagrun for tutorial_objectstorage to None, run_after=None
[2025-03-12T13:46:13.498+0000] {processor.py:208} INFO - Processing /home/airflow/.local/lib/python3.12/site-packages/airflow/example_dags/tutorial_objectstorage.py took 0.058 seconds
[2025-03-12T13:47:04.935+0000] {processor.py:186} INFO - Started process (PID=379) to work on /home/airflow/.local/lib/python3.12/site-packages/airflow/example_dags/tutorial_objectstorage.py
[2025-03-12T13:47:04.936+0000] {processor.py:914} INFO - Processing file /home/airflow/.local/lib/python3.12/site-packages/airflow/example_dags/tutorial_objectstorage.py for tasks to queue
[2025-03-12T13:47:04.940+0000] {logging_mixin.py:190} INFO - [2025-03-12T13:47:04.939+0000] {dagbag.py:588} INFO - Filling up the DagBag from /home/airflow/.local/lib/python3.12/site-packages/airflow/example_dags/tutorial_objectstorage.py
[2025-03-12T13:47:04.952+0000] {processor.py:925} INFO - DAG(s) 'tutorial_objectstorage' retrieved from /home/airflow/.local/lib/python3.12/site-packages/airflow/example_dags/tutorial_objectstorage.py
[2025-03-12T13:47:04.977+0000] {logging_mixin.py:190} INFO - [2025-03-12T13:47:04.977+0000] {dag.py:3239} INFO - Sync 1 DAGs
[2025-03-12T13:47:04.997+0000] {logging_mixin.py:190} INFO - [2025-03-12T13:47:04.997+0000] {dag.py:4180} INFO - Setting next_dagrun for tutorial_objectstorage to None, run_after=None
[2025-03-12T13:47:05.023+0000] {processor.py:208} INFO - Processing /home/airflow/.local/lib/python3.12/site-packages/airflow/example_dags/tutorial_objectstorage.py took 0.096 seconds
[2025-03-12T13:47:35.670+0000] {processor.py:186} INFO - Started process (PID=679) to work on /home/airflow/.local/lib/python3.12/site-packages/airflow/example_dags/tutorial_objectstorage.py
[2025-03-12T13:47:35.671+0000] {processor.py:914} INFO - Processing file /home/airflow/.local/lib/python3.12/site-packages/airflow/example_dags/tutorial_objectstorage.py for tasks to queue
[2025-03-12T13:47:35.673+0000] {logging_mixin.py:190} INFO - [2025-03-12T13:47:35.673+0000] {dagbag.py:588} INFO - Filling up the DagBag from /home/airflow/.local/lib/python3.12/site-packages/airflow/example_dags/tutorial_objectstorage.py
[2025-03-12T13:47:35.680+0000] {processor.py:925} INFO - DAG(s) 'tutorial_objectstorage' retrieved from /home/airflow/.local/lib/python3.12/site-packages/airflow/example_dags/tutorial_objectstorage.py
[2025-03-12T13:47:35.697+0000] {logging_mixin.py:190} INFO - [2025-03-12T13:47:35.697+0000] {dag.py:3239} INFO - Sync 1 DAGs
[2025-03-12T13:47:35.710+0000] {logging_mixin.py:190} INFO - [2025-03-12T13:47:35.710+0000] {dag.py:4180} INFO - Setting next_dagrun for tutorial_objectstorage to None, run_after=None
[2025-03-12T13:47:35.725+0000] {processor.py:208} INFO - Processing /home/airflow/.local/lib/python3.12/site-packages/airflow/example_dags/tutorial_objectstorage.py took 0.060 seconds
[2025-03-12T13:48:06.812+0000] {processor.py:186} INFO - Started process (PID=985) to work on /home/airflow/.local/lib/python3.12/site-packages/airflow/example_dags/tutorial_objectstorage.py
[2025-03-12T13:48:06.813+0000] {processor.py:914} INFO - Processing file /home/airflow/.local/lib/python3.12/site-packages/airflow/example_dags/tutorial_objectstorage.py for tasks to queue
[2025-03-12T13:48:06.815+0000] {logging_mixin.py:190} INFO - [2025-03-12T13:48:06.815+0000] {dagbag.py:588} INFO - Filling up the DagBag from /home/airflow/.local/lib/python3.12/site-packages/airflow/example_dags/tutorial_objectstorage.py
[2025-03-12T13:48:06.823+0000] {processor.py:925} INFO - DAG(s) 'tutorial_objectstorage' retrieved from /home/airflow/.local/lib/python3.12/site-packages/airflow/example_dags/tutorial_objectstorage.py
[2025-03-12T13:48:06.840+0000] {logging_mixin.py:190} INFO - [2025-03-12T13:48:06.839+0000] {dag.py:3239} INFO - Sync 1 DAGs
[2025-03-12T13:48:06.851+0000] {logging_mixin.py:190} INFO - [2025-03-12T13:48:06.850+0000] {dag.py:4180} INFO - Setting next_dagrun for tutorial_objectstorage to None, run_after=None
[2025-03-12T13:48:06.867+0000] {processor.py:208} INFO - Processing /home/airflow/.local/lib/python3.12/site-packages/airflow/example_dags/tutorial_objectstorage.py took 0.059 seconds
[2025-03-12T13:48:37.651+0000] {processor.py:186} INFO - Started process (PID=1291) to work on /home/airflow/.local/lib/python3.12/site-packages/airflow/example_dags/tutorial_objectstorage.py
[2025-03-12T13:48:37.652+0000] {processor.py:914} INFO - Processing file /home/airflow/.local/lib/python3.12/site-packages/airflow/example_dags/tutorial_objectstorage.py for tasks to queue
[2025-03-12T13:48:37.654+0000] {logging_mixin.py:190} INFO - [2025-03-12T13:48:37.654+0000] {dagbag.py:588} INFO - Filling up the DagBag from /home/airflow/.local/lib/python3.12/site-packages/airflow/example_dags/tutorial_objectstorage.py
[2025-03-12T13:48:37.661+0000] {processor.py:925} INFO - DAG(s) 'tutorial_objectstorage' retrieved from /home/airflow/.local/lib/python3.12/site-packages/airflow/example_dags/tutorial_objectstorage.py
[2025-03-12T13:48:37.677+0000] {logging_mixin.py:190} INFO - [2025-03-12T13:48:37.676+0000] {dag.py:3239} INFO - Sync 1 DAGs
[2025-03-12T13:48:37.688+0000] {logging_mixin.py:190} INFO - [2025-03-12T13:48:37.688+0000] {dag.py:4180} INFO - Setting next_dagrun for tutorial_objectstorage to None, run_after=None
[2025-03-12T13:48:37.703+0000] {processor.py:208} INFO - Processing /home/airflow/.local/lib/python3.12/site-packages/airflow/example_dags/tutorial_objectstorage.py took 0.057 seconds
[2025-03-12T13:49:08.476+0000] {processor.py:186} INFO - Started process (PID=1600) to work on /home/airflow/.local/lib/python3.12/site-packages/airflow/example_dags/tutorial_objectstorage.py
[2025-03-12T13:49:08.477+0000] {processor.py:914} INFO - Processing file /home/airflow/.local/lib/python3.12/site-packages/airflow/example_dags/tutorial_objectstorage.py for tasks to queue
[2025-03-12T13:49:08.479+0000] {logging_mixin.py:190} INFO - [2025-03-12T13:49:08.479+0000] {dagbag.py:588} INFO - Filling up the DagBag from /home/airflow/.local/lib/python3.12/site-packages/airflow/example_dags/tutorial_objectstorage.py
[2025-03-12T13:49:08.487+0000] {processor.py:925} INFO - DAG(s) 'tutorial_objectstorage' retrieved from /home/airflow/.local/lib/python3.12/site-packages/airflow/example_dags/tutorial_objectstorage.py
[2025-03-12T13:49:08.501+0000] {logging_mixin.py:190} INFO - [2025-03-12T13:49:08.501+0000] {dag.py:3239} INFO - Sync 1 DAGs
[2025-03-12T13:49:08.514+0000] {logging_mixin.py:190} INFO - [2025-03-12T13:49:08.513+0000] {dag.py:4180} INFO - Setting next_dagrun for tutorial_objectstorage to None, run_after=None
[2025-03-12T13:49:08.527+0000] {processor.py:208} INFO - Processing /home/airflow/.local/lib/python3.12/site-packages/airflow/example_dags/tutorial_objectstorage.py took 0.055 seconds
[2025-03-12T13:49:39.147+0000] {processor.py:186} INFO - Started process (PID=1904) to work on /home/airflow/.local/lib/python3.12/site-packages/airflow/example_dags/tutorial_objectstorage.py
[2025-03-12T13:49:39.147+0000] {processor.py:914} INFO - Processing file /home/airflow/.local/lib/python3.12/site-packages/airflow/example_dags/tutorial_objectstorage.py for tasks to queue
[2025-03-12T13:49:39.149+0000] {logging_mixin.py:190} INFO - [2025-03-12T13:49:39.149+0000] {dagbag.py:588} INFO - Filling up the DagBag from /home/airflow/.local/lib/python3.12/site-packages/airflow/example_dags/tutorial_objectstorage.py
[2025-03-12T13:49:39.156+0000] {processor.py:925} INFO - DAG(s) 'tutorial_objectstorage' retrieved from /home/airflow/.local/lib/python3.12/site-packages/airflow/example_dags/tutorial_objectstorage.py
[2025-03-12T13:49:39.182+0000] {logging_mixin.py:190} INFO - [2025-03-12T13:49:39.182+0000] {dag.py:3239} INFO - Sync 1 DAGs
[2025-03-12T13:49:39.207+0000] {logging_mixin.py:190} INFO - [2025-03-12T13:49:39.206+0000] {dag.py:4180} INFO - Setting next_dagrun for tutorial_objectstorage to None, run_after=None
[2025-03-12T13:49:39.223+0000] {processor.py:208} INFO - Processing /home/airflow/.local/lib/python3.12/site-packages/airflow/example_dags/tutorial_objectstorage.py took 0.081 seconds
[2025-03-12T13:50:10.255+0000] {processor.py:186} INFO - Started process (PID=2210) to work on /home/airflow/.local/lib/python3.12/site-packages/airflow/example_dags/tutorial_objectstorage.py
[2025-03-12T13:50:10.256+0000] {processor.py:914} INFO - Processing file /home/airflow/.local/lib/python3.12/site-packages/airflow/example_dags/tutorial_objectstorage.py for tasks to queue
[2025-03-12T13:50:10.258+0000] {logging_mixin.py:190} INFO - [2025-03-12T13:50:10.258+0000] {dagbag.py:588} INFO - Filling up the DagBag from /home/airflow/.local/lib/python3.12/site-packages/airflow/example_dags/tutorial_objectstorage.py
[2025-03-12T13:50:10.266+0000] {processor.py:925} INFO - DAG(s) 'tutorial_objectstorage' retrieved from /home/airflow/.local/lib/python3.12/site-packages/airflow/example_dags/tutorial_objectstorage.py
[2025-03-12T13:50:10.282+0000] {logging_mixin.py:190} INFO - [2025-03-12T13:50:10.282+0000] {dag.py:3239} INFO - Sync 1 DAGs
[2025-03-12T13:50:10.293+0000] {logging_mixin.py:190} INFO - [2025-03-12T13:50:10.293+0000] {dag.py:4180} INFO - Setting next_dagrun for tutorial_objectstorage to None, run_after=None
[2025-03-12T13:50:10.309+0000] {processor.py:208} INFO - Processing /home/airflow/.local/lib/python3.12/site-packages/airflow/example_dags/tutorial_objectstorage.py took 0.058 seconds
[2025-03-12T13:50:43.369+0000] {processor.py:186} INFO - Started process (PID=2517) to work on /home/airflow/.local/lib/python3.12/site-packages/airflow/example_dags/tutorial_objectstorage.py
[2025-03-12T13:50:43.370+0000] {processor.py:914} INFO - Processing file /home/airflow/.local/lib/python3.12/site-packages/airflow/example_dags/tutorial_objectstorage.py for tasks to queue
[2025-03-12T13:50:43.372+0000] {logging_mixin.py:190} INFO - [2025-03-12T13:50:43.372+0000] {dagbag.py:588} INFO - Filling up the DagBag from /home/airflow/.local/lib/python3.12/site-packages/airflow/example_dags/tutorial_objectstorage.py
[2025-03-12T13:50:43.378+0000] {processor.py:925} INFO - DAG(s) 'tutorial_objectstorage' retrieved from /home/airflow/.local/lib/python3.12/site-packages/airflow/example_dags/tutorial_objectstorage.py
[2025-03-12T13:50:43.393+0000] {logging_mixin.py:190} INFO - [2025-03-12T13:50:43.393+0000] {dag.py:3239} INFO - Sync 1 DAGs
[2025-03-12T13:50:43.404+0000] {logging_mixin.py:190} INFO - [2025-03-12T13:50:43.404+0000] {dag.py:4180} INFO - Setting next_dagrun for tutorial_objectstorage to None, run_after=None
[2025-03-12T13:50:43.419+0000] {processor.py:208} INFO - Processing /home/airflow/.local/lib/python3.12/site-packages/airflow/example_dags/tutorial_objectstorage.py took 0.054 seconds
[2025-03-12T13:51:15.886+0000] {processor.py:186} INFO - Started process (PID=2823) to work on /home/airflow/.local/lib/python3.12/site-packages/airflow/example_dags/tutorial_objectstorage.py
[2025-03-12T13:51:15.887+0000] {processor.py:914} INFO - Processing file /home/airflow/.local/lib/python3.12/site-packages/airflow/example_dags/tutorial_objectstorage.py for tasks to queue
[2025-03-12T13:51:15.889+0000] {logging_mixin.py:190} INFO - [2025-03-12T13:51:15.889+0000] {dagbag.py:588} INFO - Filling up the DagBag from /home/airflow/.local/lib/python3.12/site-packages/airflow/example_dags/tutorial_objectstorage.py
[2025-03-12T13:51:15.896+0000] {processor.py:925} INFO - DAG(s) 'tutorial_objectstorage' retrieved from /home/airflow/.local/lib/python3.12/site-packages/airflow/example_dags/tutorial_objectstorage.py
[2025-03-12T13:51:15.912+0000] {logging_mixin.py:190} INFO - [2025-03-12T13:51:15.912+0000] {dag.py:3239} INFO - Sync 1 DAGs
[2025-03-12T13:51:15.923+0000] {logging_mixin.py:190} INFO - [2025-03-12T13:51:15.923+0000] {dag.py:4180} INFO - Setting next_dagrun for tutorial_objectstorage to None, run_after=None
[2025-03-12T13:51:15.940+0000] {processor.py:208} INFO - Processing /home/airflow/.local/lib/python3.12/site-packages/airflow/example_dags/tutorial_objectstorage.py took 0.059 seconds
[2025-03-12T13:51:49.076+0000] {processor.py:186} INFO - Started process (PID=3129) to work on /home/airflow/.local/lib/python3.12/site-packages/airflow/example_dags/tutorial_objectstorage.py
[2025-03-12T13:51:49.077+0000] {processor.py:914} INFO - Processing file /home/airflow/.local/lib/python3.12/site-packages/airflow/example_dags/tutorial_objectstorage.py for tasks to queue
[2025-03-12T13:51:49.079+0000] {logging_mixin.py:190} INFO - [2025-03-12T13:51:49.079+0000] {dagbag.py:588} INFO - Filling up the DagBag from /home/airflow/.local/lib/python3.12/site-packages/airflow/example_dags/tutorial_objectstorage.py
[2025-03-12T13:51:49.086+0000] {processor.py:925} INFO - DAG(s) 'tutorial_objectstorage' retrieved from /home/airflow/.local/lib/python3.12/site-packages/airflow/example_dags/tutorial_objectstorage.py
[2025-03-12T13:51:49.102+0000] {logging_mixin.py:190} INFO - [2025-03-12T13:51:49.102+0000] {dag.py:3239} INFO - Sync 1 DAGs
[2025-03-12T13:51:49.116+0000] {logging_mixin.py:190} INFO - [2025-03-12T13:51:49.115+0000] {dag.py:4180} INFO - Setting next_dagrun for tutorial_objectstorage to None, run_after=None
[2025-03-12T13:51:49.133+0000] {processor.py:208} INFO - Processing /home/airflow/.local/lib/python3.12/site-packages/airflow/example_dags/tutorial_objectstorage.py took 0.061 seconds
[2025-03-12T13:52:22.688+0000] {processor.py:186} INFO - Started process (PID=3435) to work on /home/airflow/.local/lib/python3.12/site-packages/airflow/example_dags/tutorial_objectstorage.py
[2025-03-12T13:52:22.689+0000] {processor.py:914} INFO - Processing file /home/airflow/.local/lib/python3.12/site-packages/airflow/example_dags/tutorial_objectstorage.py for tasks to queue
[2025-03-12T13:52:22.691+0000] {logging_mixin.py:190} INFO - [2025-03-12T13:52:22.690+0000] {dagbag.py:588} INFO - Filling up the DagBag from /home/airflow/.local/lib/python3.12/site-packages/airflow/example_dags/tutorial_objectstorage.py
[2025-03-12T13:52:22.699+0000] {processor.py:925} INFO - DAG(s) 'tutorial_objectstorage' retrieved from /home/airflow/.local/lib/python3.12/site-packages/airflow/example_dags/tutorial_objectstorage.py
[2025-03-12T13:52:22.716+0000] {logging_mixin.py:190} INFO - [2025-03-12T13:52:22.715+0000] {dag.py:3239} INFO - Sync 1 DAGs
[2025-03-12T13:52:22.728+0000] {logging_mixin.py:190} INFO - [2025-03-12T13:52:22.728+0000] {dag.py:4180} INFO - Setting next_dagrun for tutorial_objectstorage to None, run_after=None
[2025-03-12T13:52:22.742+0000] {processor.py:208} INFO - Processing /home/airflow/.local/lib/python3.12/site-packages/airflow/example_dags/tutorial_objectstorage.py took 0.058 seconds
[2025-03-12T13:52:59.400+0000] {processor.py:186} INFO - Started process (PID=3741) to work on /home/airflow/.local/lib/python3.12/site-packages/airflow/example_dags/tutorial_objectstorage.py
[2025-03-12T13:52:59.402+0000] {processor.py:914} INFO - Processing file /home/airflow/.local/lib/python3.12/site-packages/airflow/example_dags/tutorial_objectstorage.py for tasks to queue
[2025-03-12T13:52:59.404+0000] {logging_mixin.py:190} INFO - [2025-03-12T13:52:59.404+0000] {dagbag.py:588} INFO - Filling up the DagBag from /home/airflow/.local/lib/python3.12/site-packages/airflow/example_dags/tutorial_objectstorage.py
[2025-03-12T13:52:59.418+0000] {processor.py:925} INFO - DAG(s) 'tutorial_objectstorage' retrieved from /home/airflow/.local/lib/python3.12/site-packages/airflow/example_dags/tutorial_objectstorage.py
[2025-03-12T13:52:59.446+0000] {logging_mixin.py:190} INFO - [2025-03-12T13:52:59.446+0000] {dag.py:3239} INFO - Sync 1 DAGs
[2025-03-12T13:52:59.472+0000] {logging_mixin.py:190} INFO - [2025-03-12T13:52:59.471+0000] {dag.py:4180} INFO - Setting next_dagrun for tutorial_objectstorage to None, run_after=None
[2025-03-12T13:52:59.499+0000] {processor.py:208} INFO - Processing /home/airflow/.local/lib/python3.12/site-packages/airflow/example_dags/tutorial_objectstorage.py took 0.106 seconds
[2025-03-12T13:53:31.033+0000] {processor.py:186} INFO - Started process (PID=4047) to work on /home/airflow/.local/lib/python3.12/site-packages/airflow/example_dags/tutorial_objectstorage.py
[2025-03-12T13:53:31.034+0000] {processor.py:914} INFO - Processing file /home/airflow/.local/lib/python3.12/site-packages/airflow/example_dags/tutorial_objectstorage.py for tasks to queue
[2025-03-12T13:53:31.037+0000] {logging_mixin.py:190} INFO - [2025-03-12T13:53:31.037+0000] {dagbag.py:588} INFO - Filling up the DagBag from /home/airflow/.local/lib/python3.12/site-packages/airflow/example_dags/tutorial_objectstorage.py
[2025-03-12T13:53:31.048+0000] {processor.py:925} INFO - DAG(s) 'tutorial_objectstorage' retrieved from /home/airflow/.local/lib/python3.12/site-packages/airflow/example_dags/tutorial_objectstorage.py
[2025-03-12T13:53:31.081+0000] {logging_mixin.py:190} INFO - [2025-03-12T13:53:31.081+0000] {dag.py:3239} INFO - Sync 1 DAGs
[2025-03-12T13:53:31.102+0000] {logging_mixin.py:190} INFO - [2025-03-12T13:53:31.101+0000] {dag.py:4180} INFO - Setting next_dagrun for tutorial_objectstorage to None, run_after=None
[2025-03-12T13:53:31.128+0000] {processor.py:208} INFO - Processing /home/airflow/.local/lib/python3.12/site-packages/airflow/example_dags/tutorial_objectstorage.py took 0.103 seconds
[2025-03-12T13:54:03.386+0000] {processor.py:186} INFO - Started process (PID=4353) to work on /home/airflow/.local/lib/python3.12/site-packages/airflow/example_dags/tutorial_objectstorage.py
[2025-03-12T13:54:03.387+0000] {processor.py:914} INFO - Processing file /home/airflow/.local/lib/python3.12/site-packages/airflow/example_dags/tutorial_objectstorage.py for tasks to queue
[2025-03-12T13:54:03.390+0000] {logging_mixin.py:190} INFO - [2025-03-12T13:54:03.390+0000] {dagbag.py:588} INFO - Filling up the DagBag from /home/airflow/.local/lib/python3.12/site-packages/airflow/example_dags/tutorial_objectstorage.py
[2025-03-12T13:54:03.402+0000] {processor.py:925} INFO - DAG(s) 'tutorial_objectstorage' retrieved from /home/airflow/.local/lib/python3.12/site-packages/airflow/example_dags/tutorial_objectstorage.py
[2025-03-12T13:54:03.431+0000] {logging_mixin.py:190} INFO - [2025-03-12T13:54:03.431+0000] {dag.py:3239} INFO - Sync 1 DAGs
[2025-03-12T13:54:03.450+0000] {logging_mixin.py:190} INFO - [2025-03-12T13:54:03.450+0000] {dag.py:4180} INFO - Setting next_dagrun for tutorial_objectstorage to None, run_after=None
[2025-03-12T13:54:03.476+0000] {processor.py:208} INFO - Processing /home/airflow/.local/lib/python3.12/site-packages/airflow/example_dags/tutorial_objectstorage.py took 0.097 seconds
[2025-03-12T13:54:37.338+0000] {processor.py:186} INFO - Started process (PID=4659) to work on /home/airflow/.local/lib/python3.12/site-packages/airflow/example_dags/tutorial_objectstorage.py
[2025-03-12T13:54:37.340+0000] {processor.py:914} INFO - Processing file /home/airflow/.local/lib/python3.12/site-packages/airflow/example_dags/tutorial_objectstorage.py for tasks to queue
[2025-03-12T13:54:37.343+0000] {logging_mixin.py:190} INFO - [2025-03-12T13:54:37.343+0000] {dagbag.py:588} INFO - Filling up the DagBag from /home/airflow/.local/lib/python3.12/site-packages/airflow/example_dags/tutorial_objectstorage.py
[2025-03-12T13:54:37.357+0000] {processor.py:925} INFO - DAG(s) 'tutorial_objectstorage' retrieved from /home/airflow/.local/lib/python3.12/site-packages/airflow/example_dags/tutorial_objectstorage.py
[2025-03-12T13:54:37.387+0000] {logging_mixin.py:190} INFO - [2025-03-12T13:54:37.386+0000] {dag.py:3239} INFO - Sync 1 DAGs
[2025-03-12T13:54:37.419+0000] {logging_mixin.py:190} INFO - [2025-03-12T13:54:37.418+0000] {dag.py:4180} INFO - Setting next_dagrun for tutorial_objectstorage to None, run_after=None
[2025-03-12T13:54:37.458+0000] {processor.py:208} INFO - Processing /home/airflow/.local/lib/python3.12/site-packages/airflow/example_dags/tutorial_objectstorage.py took 0.128 seconds
[2025-03-12T13:55:10.620+0000] {processor.py:186} INFO - Started process (PID=4967) to work on /home/airflow/.local/lib/python3.12/site-packages/airflow/example_dags/tutorial_objectstorage.py
[2025-03-12T13:55:10.621+0000] {processor.py:914} INFO - Processing file /home/airflow/.local/lib/python3.12/site-packages/airflow/example_dags/tutorial_objectstorage.py for tasks to queue
[2025-03-12T13:55:10.623+0000] {logging_mixin.py:190} INFO - [2025-03-12T13:55:10.623+0000] {dagbag.py:588} INFO - Filling up the DagBag from /home/airflow/.local/lib/python3.12/site-packages/airflow/example_dags/tutorial_objectstorage.py
[2025-03-12T13:55:10.631+0000] {processor.py:925} INFO - DAG(s) 'tutorial_objectstorage' retrieved from /home/airflow/.local/lib/python3.12/site-packages/airflow/example_dags/tutorial_objectstorage.py
[2025-03-12T13:55:10.646+0000] {logging_mixin.py:190} INFO - [2025-03-12T13:55:10.646+0000] {dag.py:3239} INFO - Sync 1 DAGs
[2025-03-12T13:55:10.658+0000] {logging_mixin.py:190} INFO - [2025-03-12T13:55:10.657+0000] {dag.py:4180} INFO - Setting next_dagrun for tutorial_objectstorage to None, run_after=None
[2025-03-12T13:55:10.675+0000] {processor.py:208} INFO - Processing /home/airflow/.local/lib/python3.12/site-packages/airflow/example_dags/tutorial_objectstorage.py took 0.059 seconds
[2025-03-12T13:55:42.324+0000] {processor.py:186} INFO - Started process (PID=5271) to work on /home/airflow/.local/lib/python3.12/site-packages/airflow/example_dags/tutorial_objectstorage.py
[2025-03-12T13:55:42.325+0000] {processor.py:914} INFO - Processing file /home/airflow/.local/lib/python3.12/site-packages/airflow/example_dags/tutorial_objectstorage.py for tasks to queue
[2025-03-12T13:55:42.327+0000] {logging_mixin.py:190} INFO - [2025-03-12T13:55:42.327+0000] {dagbag.py:588} INFO - Filling up the DagBag from /home/airflow/.local/lib/python3.12/site-packages/airflow/example_dags/tutorial_objectstorage.py
[2025-03-12T13:55:42.335+0000] {processor.py:925} INFO - DAG(s) 'tutorial_objectstorage' retrieved from /home/airflow/.local/lib/python3.12/site-packages/airflow/example_dags/tutorial_objectstorage.py
[2025-03-12T13:55:42.352+0000] {logging_mixin.py:190} INFO - [2025-03-12T13:55:42.352+0000] {dag.py:3239} INFO - Sync 1 DAGs
[2025-03-12T13:55:42.363+0000] {logging_mixin.py:190} INFO - [2025-03-12T13:55:42.363+0000] {dag.py:4180} INFO - Setting next_dagrun for tutorial_objectstorage to None, run_after=None
[2025-03-12T13:55:42.378+0000] {processor.py:208} INFO - Processing /home/airflow/.local/lib/python3.12/site-packages/airflow/example_dags/tutorial_objectstorage.py took 0.058 seconds
[2025-03-12T13:56:17.751+0000] {processor.py:186} INFO - Started process (PID=5577) to work on /home/airflow/.local/lib/python3.12/site-packages/airflow/example_dags/tutorial_objectstorage.py
[2025-03-12T13:56:17.762+0000] {processor.py:914} INFO - Processing file /home/airflow/.local/lib/python3.12/site-packages/airflow/example_dags/tutorial_objectstorage.py for tasks to queue
[2025-03-12T13:56:17.766+0000] {logging_mixin.py:190} INFO - [2025-03-12T13:56:17.765+0000] {dagbag.py:588} INFO - Filling up the DagBag from /home/airflow/.local/lib/python3.12/site-packages/airflow/example_dags/tutorial_objectstorage.py
[2025-03-12T13:56:17.807+0000] {processor.py:925} INFO - DAG(s) 'tutorial_objectstorage' retrieved from /home/airflow/.local/lib/python3.12/site-packages/airflow/example_dags/tutorial_objectstorage.py
[2025-03-12T13:56:17.863+0000] {logging_mixin.py:190} INFO - [2025-03-12T13:56:17.863+0000] {dag.py:3239} INFO - Sync 1 DAGs
[2025-03-12T13:56:17.900+0000] {logging_mixin.py:190} INFO - [2025-03-12T13:56:17.899+0000] {dag.py:4180} INFO - Setting next_dagrun for tutorial_objectstorage to None, run_after=None
[2025-03-12T13:56:17.953+0000] {processor.py:208} INFO - Processing /home/airflow/.local/lib/python3.12/site-packages/airflow/example_dags/tutorial_objectstorage.py took 0.225 seconds
[2025-03-12T13:56:49.746+0000] {processor.py:186} INFO - Started process (PID=5885) to work on /home/airflow/.local/lib/python3.12/site-packages/airflow/example_dags/tutorial_objectstorage.py
[2025-03-12T13:56:49.747+0000] {processor.py:914} INFO - Processing file /home/airflow/.local/lib/python3.12/site-packages/airflow/example_dags/tutorial_objectstorage.py for tasks to queue
[2025-03-12T13:56:49.748+0000] {logging_mixin.py:190} INFO - [2025-03-12T13:56:49.748+0000] {dagbag.py:588} INFO - Filling up the DagBag from /home/airflow/.local/lib/python3.12/site-packages/airflow/example_dags/tutorial_objectstorage.py
[2025-03-12T13:56:49.755+0000] {processor.py:925} INFO - DAG(s) 'tutorial_objectstorage' retrieved from /home/airflow/.local/lib/python3.12/site-packages/airflow/example_dags/tutorial_objectstorage.py
[2025-03-12T13:56:49.769+0000] {logging_mixin.py:190} INFO - [2025-03-12T13:56:49.769+0000] {dag.py:3239} INFO - Sync 1 DAGs
[2025-03-12T13:56:49.779+0000] {logging_mixin.py:190} INFO - [2025-03-12T13:56:49.778+0000] {dag.py:4180} INFO - Setting next_dagrun for tutorial_objectstorage to None, run_after=None
[2025-03-12T13:56:49.794+0000] {processor.py:208} INFO - Processing /home/airflow/.local/lib/python3.12/site-packages/airflow/example_dags/tutorial_objectstorage.py took 0.052 seconds
[2025-03-12T13:57:22.791+0000] {processor.py:186} INFO - Started process (PID=6189) to work on /home/airflow/.local/lib/python3.12/site-packages/airflow/example_dags/tutorial_objectstorage.py
[2025-03-12T13:57:22.792+0000] {processor.py:914} INFO - Processing file /home/airflow/.local/lib/python3.12/site-packages/airflow/example_dags/tutorial_objectstorage.py for tasks to queue
[2025-03-12T13:57:22.793+0000] {logging_mixin.py:190} INFO - [2025-03-12T13:57:22.793+0000] {dagbag.py:588} INFO - Filling up the DagBag from /home/airflow/.local/lib/python3.12/site-packages/airflow/example_dags/tutorial_objectstorage.py
[2025-03-12T13:57:22.801+0000] {processor.py:925} INFO - DAG(s) 'tutorial_objectstorage' retrieved from /home/airflow/.local/lib/python3.12/site-packages/airflow/example_dags/tutorial_objectstorage.py
[2025-03-12T13:57:22.816+0000] {logging_mixin.py:190} INFO - [2025-03-12T13:57:22.816+0000] {dag.py:3239} INFO - Sync 1 DAGs
[2025-03-12T13:57:22.826+0000] {logging_mixin.py:190} INFO - [2025-03-12T13:57:22.826+0000] {dag.py:4180} INFO - Setting next_dagrun for tutorial_objectstorage to None, run_after=None
[2025-03-12T13:57:22.841+0000] {processor.py:208} INFO - Processing /home/airflow/.local/lib/python3.12/site-packages/airflow/example_dags/tutorial_objectstorage.py took 0.054 seconds
[2025-03-12T13:57:56.612+0000] {processor.py:186} INFO - Started process (PID=6495) to work on /home/airflow/.local/lib/python3.12/site-packages/airflow/example_dags/tutorial_objectstorage.py
[2025-03-12T13:57:56.613+0000] {processor.py:914} INFO - Processing file /home/airflow/.local/lib/python3.12/site-packages/airflow/example_dags/tutorial_objectstorage.py for tasks to queue
[2025-03-12T13:57:56.615+0000] {logging_mixin.py:190} INFO - [2025-03-12T13:57:56.615+0000] {dagbag.py:588} INFO - Filling up the DagBag from /home/airflow/.local/lib/python3.12/site-packages/airflow/example_dags/tutorial_objectstorage.py
[2025-03-12T13:57:56.624+0000] {processor.py:925} INFO - DAG(s) 'tutorial_objectstorage' retrieved from /home/airflow/.local/lib/python3.12/site-packages/airflow/example_dags/tutorial_objectstorage.py
[2025-03-12T13:57:56.639+0000] {logging_mixin.py:190} INFO - [2025-03-12T13:57:56.639+0000] {dag.py:3239} INFO - Sync 1 DAGs
[2025-03-12T13:57:56.652+0000] {logging_mixin.py:190} INFO - [2025-03-12T13:57:56.652+0000] {dag.py:4180} INFO - Setting next_dagrun for tutorial_objectstorage to None, run_after=None
[2025-03-12T13:57:56.667+0000] {processor.py:208} INFO - Processing /home/airflow/.local/lib/python3.12/site-packages/airflow/example_dags/tutorial_objectstorage.py took 0.059 seconds
[2025-03-12T13:58:29.749+0000] {processor.py:186} INFO - Started process (PID=6803) to work on /home/airflow/.local/lib/python3.12/site-packages/airflow/example_dags/tutorial_objectstorage.py
[2025-03-12T13:58:29.750+0000] {processor.py:914} INFO - Processing file /home/airflow/.local/lib/python3.12/site-packages/airflow/example_dags/tutorial_objectstorage.py for tasks to queue
[2025-03-12T13:58:29.752+0000] {logging_mixin.py:190} INFO - [2025-03-12T13:58:29.752+0000] {dagbag.py:588} INFO - Filling up the DagBag from /home/airflow/.local/lib/python3.12/site-packages/airflow/example_dags/tutorial_objectstorage.py
[2025-03-12T13:58:29.759+0000] {processor.py:925} INFO - DAG(s) 'tutorial_objectstorage' retrieved from /home/airflow/.local/lib/python3.12/site-packages/airflow/example_dags/tutorial_objectstorage.py
[2025-03-12T13:58:29.774+0000] {logging_mixin.py:190} INFO - [2025-03-12T13:58:29.773+0000] {dag.py:3239} INFO - Sync 1 DAGs
[2025-03-12T13:58:29.784+0000] {logging_mixin.py:190} INFO - [2025-03-12T13:58:29.784+0000] {dag.py:4180} INFO - Setting next_dagrun for tutorial_objectstorage to None, run_after=None
[2025-03-12T13:58:29.801+0000] {processor.py:208} INFO - Processing /home/airflow/.local/lib/python3.12/site-packages/airflow/example_dags/tutorial_objectstorage.py took 0.056 seconds
[2025-03-12T13:59:03.886+0000] {processor.py:186} INFO - Started process (PID=7107) to work on /home/airflow/.local/lib/python3.12/site-packages/airflow/example_dags/tutorial_objectstorage.py
[2025-03-12T13:59:03.887+0000] {processor.py:914} INFO - Processing file /home/airflow/.local/lib/python3.12/site-packages/airflow/example_dags/tutorial_objectstorage.py for tasks to queue
[2025-03-12T13:59:03.890+0000] {logging_mixin.py:190} INFO - [2025-03-12T13:59:03.889+0000] {dagbag.py:588} INFO - Filling up the DagBag from /home/airflow/.local/lib/python3.12/site-packages/airflow/example_dags/tutorial_objectstorage.py
[2025-03-12T13:59:03.899+0000] {processor.py:925} INFO - DAG(s) 'tutorial_objectstorage' retrieved from /home/airflow/.local/lib/python3.12/site-packages/airflow/example_dags/tutorial_objectstorage.py
[2025-03-12T13:59:03.917+0000] {logging_mixin.py:190} INFO - [2025-03-12T13:59:03.917+0000] {dag.py:3239} INFO - Sync 1 DAGs
[2025-03-12T13:59:03.930+0000] {logging_mixin.py:190} INFO - [2025-03-12T13:59:03.930+0000] {dag.py:4180} INFO - Setting next_dagrun for tutorial_objectstorage to None, run_after=None
[2025-03-12T13:59:03.948+0000] {processor.py:208} INFO - Processing /home/airflow/.local/lib/python3.12/site-packages/airflow/example_dags/tutorial_objectstorage.py took 0.070 seconds
[2025-03-12T13:59:35.890+0000] {processor.py:186} INFO - Started process (PID=7413) to work on /home/airflow/.local/lib/python3.12/site-packages/airflow/example_dags/tutorial_objectstorage.py
[2025-03-12T13:59:35.892+0000] {processor.py:914} INFO - Processing file /home/airflow/.local/lib/python3.12/site-packages/airflow/example_dags/tutorial_objectstorage.py for tasks to queue
[2025-03-12T13:59:35.894+0000] {logging_mixin.py:190} INFO - [2025-03-12T13:59:35.894+0000] {dagbag.py:588} INFO - Filling up the DagBag from /home/airflow/.local/lib/python3.12/site-packages/airflow/example_dags/tutorial_objectstorage.py
[2025-03-12T13:59:35.903+0000] {processor.py:925} INFO - DAG(s) 'tutorial_objectstorage' retrieved from /home/airflow/.local/lib/python3.12/site-packages/airflow/example_dags/tutorial_objectstorage.py
[2025-03-12T13:59:35.924+0000] {logging_mixin.py:190} INFO - [2025-03-12T13:59:35.924+0000] {dag.py:3239} INFO - Sync 1 DAGs
[2025-03-12T13:59:35.937+0000] {logging_mixin.py:190} INFO - [2025-03-12T13:59:35.937+0000] {dag.py:4180} INFO - Setting next_dagrun for tutorial_objectstorage to None, run_after=None
[2025-03-12T13:59:35.954+0000] {processor.py:208} INFO - Processing /home/airflow/.local/lib/python3.12/site-packages/airflow/example_dags/tutorial_objectstorage.py took 0.071 seconds
[2025-03-12T14:00:09.598+0000] {processor.py:186} INFO - Started process (PID=7719) to work on /home/airflow/.local/lib/python3.12/site-packages/airflow/example_dags/tutorial_objectstorage.py
[2025-03-12T14:00:09.599+0000] {processor.py:914} INFO - Processing file /home/airflow/.local/lib/python3.12/site-packages/airflow/example_dags/tutorial_objectstorage.py for tasks to queue
[2025-03-12T14:00:09.601+0000] {logging_mixin.py:190} INFO - [2025-03-12T14:00:09.601+0000] {dagbag.py:588} INFO - Filling up the DagBag from /home/airflow/.local/lib/python3.12/site-packages/airflow/example_dags/tutorial_objectstorage.py
[2025-03-12T14:00:09.607+0000] {processor.py:925} INFO - DAG(s) 'tutorial_objectstorage' retrieved from /home/airflow/.local/lib/python3.12/site-packages/airflow/example_dags/tutorial_objectstorage.py
[2025-03-12T14:00:09.623+0000] {logging_mixin.py:190} INFO - [2025-03-12T14:00:09.623+0000] {dag.py:3239} INFO - Sync 1 DAGs
[2025-03-12T14:00:09.638+0000] {logging_mixin.py:190} INFO - [2025-03-12T14:00:09.637+0000] {dag.py:4180} INFO - Setting next_dagrun for tutorial_objectstorage to None, run_after=None
[2025-03-12T14:00:09.653+0000] {processor.py:208} INFO - Processing /home/airflow/.local/lib/python3.12/site-packages/airflow/example_dags/tutorial_objectstorage.py took 0.059 seconds
[2025-03-12T14:00:42.438+0000] {processor.py:186} INFO - Started process (PID=8025) to work on /home/airflow/.local/lib/python3.12/site-packages/airflow/example_dags/tutorial_objectstorage.py
[2025-03-12T14:00:42.438+0000] {processor.py:914} INFO - Processing file /home/airflow/.local/lib/python3.12/site-packages/airflow/example_dags/tutorial_objectstorage.py for tasks to queue
[2025-03-12T14:00:42.440+0000] {logging_mixin.py:190} INFO - [2025-03-12T14:00:42.440+0000] {dagbag.py:588} INFO - Filling up the DagBag from /home/airflow/.local/lib/python3.12/site-packages/airflow/example_dags/tutorial_objectstorage.py
[2025-03-12T14:00:42.447+0000] {processor.py:925} INFO - DAG(s) 'tutorial_objectstorage' retrieved from /home/airflow/.local/lib/python3.12/site-packages/airflow/example_dags/tutorial_objectstorage.py
[2025-03-12T14:00:42.462+0000] {logging_mixin.py:190} INFO - [2025-03-12T14:00:42.462+0000] {dag.py:3239} INFO - Sync 1 DAGs
[2025-03-12T14:00:42.472+0000] {logging_mixin.py:190} INFO - [2025-03-12T14:00:42.472+0000] {dag.py:4180} INFO - Setting next_dagrun for tutorial_objectstorage to None, run_after=None
[2025-03-12T14:00:42.487+0000] {processor.py:208} INFO - Processing /home/airflow/.local/lib/python3.12/site-packages/airflow/example_dags/tutorial_objectstorage.py took 0.053 seconds
[2025-03-12T14:01:16.448+0000] {processor.py:186} INFO - Started process (PID=8333) to work on /home/airflow/.local/lib/python3.12/site-packages/airflow/example_dags/tutorial_objectstorage.py
[2025-03-12T14:01:16.449+0000] {processor.py:914} INFO - Processing file /home/airflow/.local/lib/python3.12/site-packages/airflow/example_dags/tutorial_objectstorage.py for tasks to queue
[2025-03-12T14:01:16.451+0000] {logging_mixin.py:190} INFO - [2025-03-12T14:01:16.451+0000] {dagbag.py:588} INFO - Filling up the DagBag from /home/airflow/.local/lib/python3.12/site-packages/airflow/example_dags/tutorial_objectstorage.py
[2025-03-12T14:01:16.458+0000] {processor.py:925} INFO - DAG(s) 'tutorial_objectstorage' retrieved from /home/airflow/.local/lib/python3.12/site-packages/airflow/example_dags/tutorial_objectstorage.py
[2025-03-12T14:01:16.472+0000] {logging_mixin.py:190} INFO - [2025-03-12T14:01:16.472+0000] {dag.py:3239} INFO - Sync 1 DAGs
[2025-03-12T14:01:16.483+0000] {logging_mixin.py:190} INFO - [2025-03-12T14:01:16.483+0000] {dag.py:4180} INFO - Setting next_dagrun for tutorial_objectstorage to None, run_after=None
[2025-03-12T14:01:16.498+0000] {processor.py:208} INFO - Processing /home/airflow/.local/lib/python3.12/site-packages/airflow/example_dags/tutorial_objectstorage.py took 0.054 seconds
[2025-03-12T14:01:49.023+0000] {processor.py:186} INFO - Started process (PID=8638) to work on /home/airflow/.local/lib/python3.12/site-packages/airflow/example_dags/tutorial_objectstorage.py
[2025-03-12T14:01:49.024+0000] {processor.py:914} INFO - Processing file /home/airflow/.local/lib/python3.12/site-packages/airflow/example_dags/tutorial_objectstorage.py for tasks to queue
[2025-03-12T14:01:49.026+0000] {logging_mixin.py:190} INFO - [2025-03-12T14:01:49.026+0000] {dagbag.py:588} INFO - Filling up the DagBag from /home/airflow/.local/lib/python3.12/site-packages/airflow/example_dags/tutorial_objectstorage.py
[2025-03-12T14:01:49.033+0000] {processor.py:925} INFO - DAG(s) 'tutorial_objectstorage' retrieved from /home/airflow/.local/lib/python3.12/site-packages/airflow/example_dags/tutorial_objectstorage.py
[2025-03-12T14:01:49.050+0000] {logging_mixin.py:190} INFO - [2025-03-12T14:01:49.050+0000] {dag.py:3239} INFO - Sync 1 DAGs
[2025-03-12T14:01:49.061+0000] {logging_mixin.py:190} INFO - [2025-03-12T14:01:49.060+0000] {dag.py:4180} INFO - Setting next_dagrun for tutorial_objectstorage to None, run_after=None
[2025-03-12T14:01:49.078+0000] {processor.py:208} INFO - Processing /home/airflow/.local/lib/python3.12/site-packages/airflow/example_dags/tutorial_objectstorage.py took 0.059 seconds
[2025-03-12T14:02:22.920+0000] {processor.py:186} INFO - Started process (PID=8944) to work on /home/airflow/.local/lib/python3.12/site-packages/airflow/example_dags/tutorial_objectstorage.py
[2025-03-12T14:02:22.921+0000] {processor.py:914} INFO - Processing file /home/airflow/.local/lib/python3.12/site-packages/airflow/example_dags/tutorial_objectstorage.py for tasks to queue
[2025-03-12T14:02:22.923+0000] {logging_mixin.py:190} INFO - [2025-03-12T14:02:22.923+0000] {dagbag.py:588} INFO - Filling up the DagBag from /home/airflow/.local/lib/python3.12/site-packages/airflow/example_dags/tutorial_objectstorage.py
[2025-03-12T14:02:22.931+0000] {processor.py:925} INFO - DAG(s) 'tutorial_objectstorage' retrieved from /home/airflow/.local/lib/python3.12/site-packages/airflow/example_dags/tutorial_objectstorage.py
[2025-03-12T14:02:22.945+0000] {logging_mixin.py:190} INFO - [2025-03-12T14:02:22.945+0000] {dag.py:3239} INFO - Sync 1 DAGs
[2025-03-12T14:02:22.957+0000] {logging_mixin.py:190} INFO - [2025-03-12T14:02:22.957+0000] {dag.py:4180} INFO - Setting next_dagrun for tutorial_objectstorage to None, run_after=None
[2025-03-12T14:02:22.971+0000] {processor.py:208} INFO - Processing /home/airflow/.local/lib/python3.12/site-packages/airflow/example_dags/tutorial_objectstorage.py took 0.056 seconds
[2025-03-12T14:02:56.269+0000] {processor.py:186} INFO - Started process (PID=9245) to work on /home/airflow/.local/lib/python3.12/site-packages/airflow/example_dags/tutorial_objectstorage.py
[2025-03-12T14:02:56.270+0000] {processor.py:914} INFO - Processing file /home/airflow/.local/lib/python3.12/site-packages/airflow/example_dags/tutorial_objectstorage.py for tasks to queue
[2025-03-12T14:02:56.272+0000] {logging_mixin.py:190} INFO - [2025-03-12T14:02:56.271+0000] {dagbag.py:588} INFO - Filling up the DagBag from /home/airflow/.local/lib/python3.12/site-packages/airflow/example_dags/tutorial_objectstorage.py
[2025-03-12T14:02:56.280+0000] {processor.py:925} INFO - DAG(s) 'tutorial_objectstorage' retrieved from /home/airflow/.local/lib/python3.12/site-packages/airflow/example_dags/tutorial_objectstorage.py
[2025-03-12T14:02:56.295+0000] {logging_mixin.py:190} INFO - [2025-03-12T14:02:56.295+0000] {dag.py:3239} INFO - Sync 1 DAGs
[2025-03-12T14:02:56.305+0000] {logging_mixin.py:190} INFO - [2025-03-12T14:02:56.305+0000] {dag.py:4180} INFO - Setting next_dagrun for tutorial_objectstorage to None, run_after=None
[2025-03-12T14:02:56.320+0000] {processor.py:208} INFO - Processing /home/airflow/.local/lib/python3.12/site-packages/airflow/example_dags/tutorial_objectstorage.py took 0.056 seconds
[2025-03-12T14:03:29.248+0000] {processor.py:186} INFO - Started process (PID=9556) to work on /home/airflow/.local/lib/python3.12/site-packages/airflow/example_dags/tutorial_objectstorage.py
[2025-03-12T14:03:29.249+0000] {processor.py:914} INFO - Processing file /home/airflow/.local/lib/python3.12/site-packages/airflow/example_dags/tutorial_objectstorage.py for tasks to queue
[2025-03-12T14:03:29.251+0000] {logging_mixin.py:190} INFO - [2025-03-12T14:03:29.251+0000] {dagbag.py:588} INFO - Filling up the DagBag from /home/airflow/.local/lib/python3.12/site-packages/airflow/example_dags/tutorial_objectstorage.py
[2025-03-12T14:03:29.259+0000] {processor.py:925} INFO - DAG(s) 'tutorial_objectstorage' retrieved from /home/airflow/.local/lib/python3.12/site-packages/airflow/example_dags/tutorial_objectstorage.py
[2025-03-12T14:03:29.277+0000] {logging_mixin.py:190} INFO - [2025-03-12T14:03:29.276+0000] {dag.py:3239} INFO - Sync 1 DAGs
[2025-03-12T14:03:29.290+0000] {logging_mixin.py:190} INFO - [2025-03-12T14:03:29.290+0000] {dag.py:4180} INFO - Setting next_dagrun for tutorial_objectstorage to None, run_after=None
[2025-03-12T14:03:29.310+0000] {processor.py:208} INFO - Processing /home/airflow/.local/lib/python3.12/site-packages/airflow/example_dags/tutorial_objectstorage.py took 0.067 seconds
[2025-03-12T14:04:05.501+0000] {processor.py:186} INFO - Started process (PID=9862) to work on /home/airflow/.local/lib/python3.12/site-packages/airflow/example_dags/tutorial_objectstorage.py
[2025-03-12T14:04:05.503+0000] {processor.py:914} INFO - Processing file /home/airflow/.local/lib/python3.12/site-packages/airflow/example_dags/tutorial_objectstorage.py for tasks to queue
[2025-03-12T14:04:05.507+0000] {logging_mixin.py:190} INFO - [2025-03-12T14:04:05.506+0000] {dagbag.py:588} INFO - Filling up the DagBag from /home/airflow/.local/lib/python3.12/site-packages/airflow/example_dags/tutorial_objectstorage.py
[2025-03-12T14:04:05.519+0000] {processor.py:925} INFO - DAG(s) 'tutorial_objectstorage' retrieved from /home/airflow/.local/lib/python3.12/site-packages/airflow/example_dags/tutorial_objectstorage.py
[2025-03-12T14:04:05.543+0000] {logging_mixin.py:190} INFO - [2025-03-12T14:04:05.542+0000] {dag.py:3239} INFO - Sync 1 DAGs
[2025-03-12T14:04:05.560+0000] {logging_mixin.py:190} INFO - [2025-03-12T14:04:05.560+0000] {dag.py:4180} INFO - Setting next_dagrun for tutorial_objectstorage to None, run_after=None
[2025-03-12T14:04:05.584+0000] {processor.py:208} INFO - Processing /home/airflow/.local/lib/python3.12/site-packages/airflow/example_dags/tutorial_objectstorage.py took 0.092 seconds
[2025-03-12T14:04:36.628+0000] {processor.py:186} INFO - Started process (PID=10168) to work on /home/airflow/.local/lib/python3.12/site-packages/airflow/example_dags/tutorial_objectstorage.py
[2025-03-12T14:04:36.629+0000] {processor.py:914} INFO - Processing file /home/airflow/.local/lib/python3.12/site-packages/airflow/example_dags/tutorial_objectstorage.py for tasks to queue
[2025-03-12T14:04:36.632+0000] {logging_mixin.py:190} INFO - [2025-03-12T14:04:36.632+0000] {dagbag.py:588} INFO - Filling up the DagBag from /home/airflow/.local/lib/python3.12/site-packages/airflow/example_dags/tutorial_objectstorage.py
[2025-03-12T14:04:36.639+0000] {processor.py:925} INFO - DAG(s) 'tutorial_objectstorage' retrieved from /home/airflow/.local/lib/python3.12/site-packages/airflow/example_dags/tutorial_objectstorage.py
[2025-03-12T14:04:36.655+0000] {logging_mixin.py:190} INFO - [2025-03-12T14:04:36.655+0000] {dag.py:3239} INFO - Sync 1 DAGs
[2025-03-12T14:04:36.667+0000] {logging_mixin.py:190} INFO - [2025-03-12T14:04:36.667+0000] {dag.py:4180} INFO - Setting next_dagrun for tutorial_objectstorage to None, run_after=None
[2025-03-12T14:04:36.681+0000] {processor.py:208} INFO - Processing /home/airflow/.local/lib/python3.12/site-packages/airflow/example_dags/tutorial_objectstorage.py took 0.058 seconds
[2025-03-12T14:05:09.084+0000] {processor.py:186} INFO - Started process (PID=10479) to work on /home/airflow/.local/lib/python3.12/site-packages/airflow/example_dags/tutorial_objectstorage.py
[2025-03-12T14:05:09.085+0000] {processor.py:914} INFO - Processing file /home/airflow/.local/lib/python3.12/site-packages/airflow/example_dags/tutorial_objectstorage.py for tasks to queue
[2025-03-12T14:05:09.088+0000] {logging_mixin.py:190} INFO - [2025-03-12T14:05:09.087+0000] {dagbag.py:588} INFO - Filling up the DagBag from /home/airflow/.local/lib/python3.12/site-packages/airflow/example_dags/tutorial_objectstorage.py
[2025-03-12T14:05:09.097+0000] {processor.py:925} INFO - DAG(s) 'tutorial_objectstorage' retrieved from /home/airflow/.local/lib/python3.12/site-packages/airflow/example_dags/tutorial_objectstorage.py
[2025-03-12T14:05:09.116+0000] {logging_mixin.py:190} INFO - [2025-03-12T14:05:09.116+0000] {dag.py:3239} INFO - Sync 1 DAGs
[2025-03-12T14:05:09.128+0000] {logging_mixin.py:190} INFO - [2025-03-12T14:05:09.128+0000] {dag.py:4180} INFO - Setting next_dagrun for tutorial_objectstorage to None, run_after=None
[2025-03-12T14:05:09.146+0000] {processor.py:208} INFO - Processing /home/airflow/.local/lib/python3.12/site-packages/airflow/example_dags/tutorial_objectstorage.py took 0.067 seconds
[2025-03-12T14:05:43.744+0000] {processor.py:186} INFO - Started process (PID=10785) to work on /home/airflow/.local/lib/python3.12/site-packages/airflow/example_dags/tutorial_objectstorage.py
[2025-03-12T14:05:43.746+0000] {processor.py:914} INFO - Processing file /home/airflow/.local/lib/python3.12/site-packages/airflow/example_dags/tutorial_objectstorage.py for tasks to queue
[2025-03-12T14:05:43.748+0000] {logging_mixin.py:190} INFO - [2025-03-12T14:05:43.748+0000] {dagbag.py:588} INFO - Filling up the DagBag from /home/airflow/.local/lib/python3.12/site-packages/airflow/example_dags/tutorial_objectstorage.py
[2025-03-12T14:05:43.758+0000] {processor.py:925} INFO - DAG(s) 'tutorial_objectstorage' retrieved from /home/airflow/.local/lib/python3.12/site-packages/airflow/example_dags/tutorial_objectstorage.py
[2025-03-12T14:05:43.778+0000] {logging_mixin.py:190} INFO - [2025-03-12T14:05:43.778+0000] {dag.py:3239} INFO - Sync 1 DAGs
[2025-03-12T14:05:43.794+0000] {logging_mixin.py:190} INFO - [2025-03-12T14:05:43.793+0000] {dag.py:4180} INFO - Setting next_dagrun for tutorial_objectstorage to None, run_after=None
[2025-03-12T14:05:43.814+0000] {processor.py:208} INFO - Processing /home/airflow/.local/lib/python3.12/site-packages/airflow/example_dags/tutorial_objectstorage.py took 0.076 seconds
[2025-03-12T14:06:15.717+0000] {processor.py:186} INFO - Started process (PID=11091) to work on /home/airflow/.local/lib/python3.12/site-packages/airflow/example_dags/tutorial_objectstorage.py
[2025-03-12T14:06:15.717+0000] {processor.py:914} INFO - Processing file /home/airflow/.local/lib/python3.12/site-packages/airflow/example_dags/tutorial_objectstorage.py for tasks to queue
[2025-03-12T14:06:15.719+0000] {logging_mixin.py:190} INFO - [2025-03-12T14:06:15.719+0000] {dagbag.py:588} INFO - Filling up the DagBag from /home/airflow/.local/lib/python3.12/site-packages/airflow/example_dags/tutorial_objectstorage.py
[2025-03-12T14:06:15.726+0000] {processor.py:925} INFO - DAG(s) 'tutorial_objectstorage' retrieved from /home/airflow/.local/lib/python3.12/site-packages/airflow/example_dags/tutorial_objectstorage.py
[2025-03-12T14:06:15.747+0000] {logging_mixin.py:190} INFO - [2025-03-12T14:06:15.746+0000] {dag.py:3239} INFO - Sync 1 DAGs
[2025-03-12T14:06:15.760+0000] {logging_mixin.py:190} INFO - [2025-03-12T14:06:15.759+0000] {dag.py:4180} INFO - Setting next_dagrun for tutorial_objectstorage to None, run_after=None
[2025-03-12T14:06:15.777+0000] {processor.py:208} INFO - Processing /home/airflow/.local/lib/python3.12/site-packages/airflow/example_dags/tutorial_objectstorage.py took 0.065 seconds
[2025-03-12T14:06:49.410+0000] {processor.py:186} INFO - Started process (PID=11397) to work on /home/airflow/.local/lib/python3.12/site-packages/airflow/example_dags/tutorial_objectstorage.py
[2025-03-12T14:06:49.411+0000] {processor.py:914} INFO - Processing file /home/airflow/.local/lib/python3.12/site-packages/airflow/example_dags/tutorial_objectstorage.py for tasks to queue
[2025-03-12T14:06:49.413+0000] {logging_mixin.py:190} INFO - [2025-03-12T14:06:49.413+0000] {dagbag.py:588} INFO - Filling up the DagBag from /home/airflow/.local/lib/python3.12/site-packages/airflow/example_dags/tutorial_objectstorage.py
[2025-03-12T14:06:49.421+0000] {processor.py:925} INFO - DAG(s) 'tutorial_objectstorage' retrieved from /home/airflow/.local/lib/python3.12/site-packages/airflow/example_dags/tutorial_objectstorage.py
[2025-03-12T14:06:49.437+0000] {logging_mixin.py:190} INFO - [2025-03-12T14:06:49.437+0000] {dag.py:3239} INFO - Sync 1 DAGs
[2025-03-12T14:06:49.448+0000] {logging_mixin.py:190} INFO - [2025-03-12T14:06:49.448+0000] {dag.py:4180} INFO - Setting next_dagrun for tutorial_objectstorage to None, run_after=None
[2025-03-12T14:06:49.465+0000] {processor.py:208} INFO - Processing /home/airflow/.local/lib/python3.12/site-packages/airflow/example_dags/tutorial_objectstorage.py took 0.059 seconds
[2025-03-12T14:07:23.114+0000] {processor.py:186} INFO - Started process (PID=11703) to work on /home/airflow/.local/lib/python3.12/site-packages/airflow/example_dags/tutorial_objectstorage.py
[2025-03-12T14:07:23.115+0000] {processor.py:914} INFO - Processing file /home/airflow/.local/lib/python3.12/site-packages/airflow/example_dags/tutorial_objectstorage.py for tasks to queue
[2025-03-12T14:07:23.117+0000] {logging_mixin.py:190} INFO - [2025-03-12T14:07:23.117+0000] {dagbag.py:588} INFO - Filling up the DagBag from /home/airflow/.local/lib/python3.12/site-packages/airflow/example_dags/tutorial_objectstorage.py
[2025-03-12T14:07:23.126+0000] {processor.py:925} INFO - DAG(s) 'tutorial_objectstorage' retrieved from /home/airflow/.local/lib/python3.12/site-packages/airflow/example_dags/tutorial_objectstorage.py
[2025-03-12T14:07:23.143+0000] {logging_mixin.py:190} INFO - [2025-03-12T14:07:23.142+0000] {dag.py:3239} INFO - Sync 1 DAGs
[2025-03-12T14:07:23.155+0000] {logging_mixin.py:190} INFO - [2025-03-12T14:07:23.155+0000] {dag.py:4180} INFO - Setting next_dagrun for tutorial_objectstorage to None, run_after=None
[2025-03-12T14:07:23.169+0000] {processor.py:208} INFO - Processing /home/airflow/.local/lib/python3.12/site-packages/airflow/example_dags/tutorial_objectstorage.py took 0.060 seconds
[2025-03-12T14:07:56.238+0000] {processor.py:186} INFO - Started process (PID=12009) to work on /home/airflow/.local/lib/python3.12/site-packages/airflow/example_dags/tutorial_objectstorage.py
[2025-03-12T14:07:56.239+0000] {processor.py:914} INFO - Processing file /home/airflow/.local/lib/python3.12/site-packages/airflow/example_dags/tutorial_objectstorage.py for tasks to queue
[2025-03-12T14:07:56.241+0000] {logging_mixin.py:190} INFO - [2025-03-12T14:07:56.241+0000] {dagbag.py:588} INFO - Filling up the DagBag from /home/airflow/.local/lib/python3.12/site-packages/airflow/example_dags/tutorial_objectstorage.py
[2025-03-12T14:07:56.248+0000] {processor.py:925} INFO - DAG(s) 'tutorial_objectstorage' retrieved from /home/airflow/.local/lib/python3.12/site-packages/airflow/example_dags/tutorial_objectstorage.py
[2025-03-12T14:07:56.264+0000] {logging_mixin.py:190} INFO - [2025-03-12T14:07:56.264+0000] {dag.py:3239} INFO - Sync 1 DAGs
[2025-03-12T14:07:56.275+0000] {logging_mixin.py:190} INFO - [2025-03-12T14:07:56.275+0000] {dag.py:4180} INFO - Setting next_dagrun for tutorial_objectstorage to None, run_after=None
[2025-03-12T14:07:56.289+0000] {processor.py:208} INFO - Processing /home/airflow/.local/lib/python3.12/site-packages/airflow/example_dags/tutorial_objectstorage.py took 0.056 seconds
[2025-03-12T14:08:30.299+0000] {processor.py:186} INFO - Started process (PID=12315) to work on /home/airflow/.local/lib/python3.12/site-packages/airflow/example_dags/tutorial_objectstorage.py
[2025-03-12T14:08:30.300+0000] {processor.py:914} INFO - Processing file /home/airflow/.local/lib/python3.12/site-packages/airflow/example_dags/tutorial_objectstorage.py for tasks to queue
[2025-03-12T14:08:30.301+0000] {logging_mixin.py:190} INFO - [2025-03-12T14:08:30.301+0000] {dagbag.py:588} INFO - Filling up the DagBag from /home/airflow/.local/lib/python3.12/site-packages/airflow/example_dags/tutorial_objectstorage.py
[2025-03-12T14:08:30.308+0000] {processor.py:925} INFO - DAG(s) 'tutorial_objectstorage' retrieved from /home/airflow/.local/lib/python3.12/site-packages/airflow/example_dags/tutorial_objectstorage.py
[2025-03-12T14:08:30.321+0000] {logging_mixin.py:190} INFO - [2025-03-12T14:08:30.321+0000] {dag.py:3239} INFO - Sync 1 DAGs
[2025-03-12T14:08:30.332+0000] {logging_mixin.py:190} INFO - [2025-03-12T14:08:30.332+0000] {dag.py:4180} INFO - Setting next_dagrun for tutorial_objectstorage to None, run_after=None
[2025-03-12T14:08:30.349+0000] {processor.py:208} INFO - Processing /home/airflow/.local/lib/python3.12/site-packages/airflow/example_dags/tutorial_objectstorage.py took 0.055 seconds
[2025-03-12T14:09:03.397+0000] {processor.py:186} INFO - Started process (PID=12623) to work on /home/airflow/.local/lib/python3.12/site-packages/airflow/example_dags/tutorial_objectstorage.py
[2025-03-12T14:09:03.398+0000] {processor.py:914} INFO - Processing file /home/airflow/.local/lib/python3.12/site-packages/airflow/example_dags/tutorial_objectstorage.py for tasks to queue
[2025-03-12T14:09:03.400+0000] {logging_mixin.py:190} INFO - [2025-03-12T14:09:03.400+0000] {dagbag.py:588} INFO - Filling up the DagBag from /home/airflow/.local/lib/python3.12/site-packages/airflow/example_dags/tutorial_objectstorage.py
[2025-03-12T14:09:03.409+0000] {processor.py:925} INFO - DAG(s) 'tutorial_objectstorage' retrieved from /home/airflow/.local/lib/python3.12/site-packages/airflow/example_dags/tutorial_objectstorage.py
[2025-03-12T14:09:03.427+0000] {logging_mixin.py:190} INFO - [2025-03-12T14:09:03.426+0000] {dag.py:3239} INFO - Sync 1 DAGs
[2025-03-12T14:09:03.439+0000] {logging_mixin.py:190} INFO - [2025-03-12T14:09:03.439+0000] {dag.py:4180} INFO - Setting next_dagrun for tutorial_objectstorage to None, run_after=None
[2025-03-12T14:09:03.456+0000] {processor.py:208} INFO - Processing /home/airflow/.local/lib/python3.12/site-packages/airflow/example_dags/tutorial_objectstorage.py took 0.063 seconds
[2025-03-12T14:09:36.568+0000] {processor.py:186} INFO - Started process (PID=12927) to work on /home/airflow/.local/lib/python3.12/site-packages/airflow/example_dags/tutorial_objectstorage.py
[2025-03-12T14:09:36.569+0000] {processor.py:914} INFO - Processing file /home/airflow/.local/lib/python3.12/site-packages/airflow/example_dags/tutorial_objectstorage.py for tasks to queue
[2025-03-12T14:09:36.571+0000] {logging_mixin.py:190} INFO - [2025-03-12T14:09:36.571+0000] {dagbag.py:588} INFO - Filling up the DagBag from /home/airflow/.local/lib/python3.12/site-packages/airflow/example_dags/tutorial_objectstorage.py
[2025-03-12T14:09:36.580+0000] {processor.py:925} INFO - DAG(s) 'tutorial_objectstorage' retrieved from /home/airflow/.local/lib/python3.12/site-packages/airflow/example_dags/tutorial_objectstorage.py
[2025-03-12T14:09:36.597+0000] {logging_mixin.py:190} INFO - [2025-03-12T14:09:36.596+0000] {dag.py:3239} INFO - Sync 1 DAGs
[2025-03-12T14:09:36.609+0000] {logging_mixin.py:190} INFO - [2025-03-12T14:09:36.609+0000] {dag.py:4180} INFO - Setting next_dagrun for tutorial_objectstorage to None, run_after=None
[2025-03-12T14:09:36.624+0000] {processor.py:208} INFO - Processing /home/airflow/.local/lib/python3.12/site-packages/airflow/example_dags/tutorial_objectstorage.py took 0.062 seconds
[2025-03-12T14:10:09.449+0000] {processor.py:186} INFO - Started process (PID=13233) to work on /home/airflow/.local/lib/python3.12/site-packages/airflow/example_dags/tutorial_objectstorage.py
[2025-03-12T14:10:09.450+0000] {processor.py:914} INFO - Processing file /home/airflow/.local/lib/python3.12/site-packages/airflow/example_dags/tutorial_objectstorage.py for tasks to queue
[2025-03-12T14:10:09.452+0000] {logging_mixin.py:190} INFO - [2025-03-12T14:10:09.452+0000] {dagbag.py:588} INFO - Filling up the DagBag from /home/airflow/.local/lib/python3.12/site-packages/airflow/example_dags/tutorial_objectstorage.py
[2025-03-12T14:10:09.460+0000] {processor.py:925} INFO - DAG(s) 'tutorial_objectstorage' retrieved from /home/airflow/.local/lib/python3.12/site-packages/airflow/example_dags/tutorial_objectstorage.py
[2025-03-12T14:10:09.477+0000] {logging_mixin.py:190} INFO - [2025-03-12T14:10:09.477+0000] {dag.py:3239} INFO - Sync 1 DAGs
[2025-03-12T14:10:09.490+0000] {logging_mixin.py:190} INFO - [2025-03-12T14:10:09.490+0000] {dag.py:4180} INFO - Setting next_dagrun for tutorial_objectstorage to None, run_after=None
[2025-03-12T14:10:09.510+0000] {processor.py:208} INFO - Processing /home/airflow/.local/lib/python3.12/site-packages/airflow/example_dags/tutorial_objectstorage.py took 0.066 seconds
[2025-03-12T14:10:42.242+0000] {processor.py:186} INFO - Started process (PID=13539) to work on /home/airflow/.local/lib/python3.12/site-packages/airflow/example_dags/tutorial_objectstorage.py
[2025-03-12T14:10:42.243+0000] {processor.py:914} INFO - Processing file /home/airflow/.local/lib/python3.12/site-packages/airflow/example_dags/tutorial_objectstorage.py for tasks to queue
[2025-03-12T14:10:42.245+0000] {logging_mixin.py:190} INFO - [2025-03-12T14:10:42.244+0000] {dagbag.py:588} INFO - Filling up the DagBag from /home/airflow/.local/lib/python3.12/site-packages/airflow/example_dags/tutorial_objectstorage.py
[2025-03-12T14:10:42.252+0000] {processor.py:925} INFO - DAG(s) 'tutorial_objectstorage' retrieved from /home/airflow/.local/lib/python3.12/site-packages/airflow/example_dags/tutorial_objectstorage.py
[2025-03-12T14:10:42.271+0000] {logging_mixin.py:190} INFO - [2025-03-12T14:10:42.270+0000] {dag.py:3239} INFO - Sync 1 DAGs
[2025-03-12T14:10:42.285+0000] {logging_mixin.py:190} INFO - [2025-03-12T14:10:42.285+0000] {dag.py:4180} INFO - Setting next_dagrun for tutorial_objectstorage to None, run_after=None
[2025-03-12T14:10:42.303+0000] {processor.py:208} INFO - Processing /home/airflow/.local/lib/python3.12/site-packages/airflow/example_dags/tutorial_objectstorage.py took 0.067 seconds
[2025-03-12T14:11:16.175+0000] {processor.py:186} INFO - Started process (PID=13845) to work on /home/airflow/.local/lib/python3.12/site-packages/airflow/example_dags/tutorial_objectstorage.py
[2025-03-12T14:11:16.176+0000] {processor.py:914} INFO - Processing file /home/airflow/.local/lib/python3.12/site-packages/airflow/example_dags/tutorial_objectstorage.py for tasks to queue
[2025-03-12T14:11:16.178+0000] {logging_mixin.py:190} INFO - [2025-03-12T14:11:16.177+0000] {dagbag.py:588} INFO - Filling up the DagBag from /home/airflow/.local/lib/python3.12/site-packages/airflow/example_dags/tutorial_objectstorage.py
[2025-03-12T14:11:16.186+0000] {processor.py:925} INFO - DAG(s) 'tutorial_objectstorage' retrieved from /home/airflow/.local/lib/python3.12/site-packages/airflow/example_dags/tutorial_objectstorage.py
[2025-03-12T14:11:16.200+0000] {logging_mixin.py:190} INFO - [2025-03-12T14:11:16.200+0000] {dag.py:3239} INFO - Sync 1 DAGs
[2025-03-12T14:11:16.211+0000] {logging_mixin.py:190} INFO - [2025-03-12T14:11:16.211+0000] {dag.py:4180} INFO - Setting next_dagrun for tutorial_objectstorage to None, run_after=None
[2025-03-12T14:11:16.225+0000] {processor.py:208} INFO - Processing /home/airflow/.local/lib/python3.12/site-packages/airflow/example_dags/tutorial_objectstorage.py took 0.055 seconds
[2025-03-12T14:11:49.507+0000] {processor.py:186} INFO - Started process (PID=14149) to work on /home/airflow/.local/lib/python3.12/site-packages/airflow/example_dags/tutorial_objectstorage.py
[2025-03-12T14:11:49.507+0000] {processor.py:914} INFO - Processing file /home/airflow/.local/lib/python3.12/site-packages/airflow/example_dags/tutorial_objectstorage.py for tasks to queue
[2025-03-12T14:11:49.509+0000] {logging_mixin.py:190} INFO - [2025-03-12T14:11:49.509+0000] {dagbag.py:588} INFO - Filling up the DagBag from /home/airflow/.local/lib/python3.12/site-packages/airflow/example_dags/tutorial_objectstorage.py
[2025-03-12T14:11:49.516+0000] {processor.py:925} INFO - DAG(s) 'tutorial_objectstorage' retrieved from /home/airflow/.local/lib/python3.12/site-packages/airflow/example_dags/tutorial_objectstorage.py
[2025-03-12T14:11:49.530+0000] {logging_mixin.py:190} INFO - [2025-03-12T14:11:49.530+0000] {dag.py:3239} INFO - Sync 1 DAGs
[2025-03-12T14:11:49.540+0000] {logging_mixin.py:190} INFO - [2025-03-12T14:11:49.539+0000] {dag.py:4180} INFO - Setting next_dagrun for tutorial_objectstorage to None, run_after=None
[2025-03-12T14:11:49.555+0000] {processor.py:208} INFO - Processing /home/airflow/.local/lib/python3.12/site-packages/airflow/example_dags/tutorial_objectstorage.py took 0.053 seconds
[2025-03-12T14:12:23.712+0000] {processor.py:186} INFO - Started process (PID=14458) to work on /home/airflow/.local/lib/python3.12/site-packages/airflow/example_dags/tutorial_objectstorage.py
[2025-03-12T14:12:23.713+0000] {processor.py:914} INFO - Processing file /home/airflow/.local/lib/python3.12/site-packages/airflow/example_dags/tutorial_objectstorage.py for tasks to queue
[2025-03-12T14:12:23.715+0000] {logging_mixin.py:190} INFO - [2025-03-12T14:12:23.715+0000] {dagbag.py:588} INFO - Filling up the DagBag from /home/airflow/.local/lib/python3.12/site-packages/airflow/example_dags/tutorial_objectstorage.py
[2025-03-12T14:12:23.723+0000] {processor.py:925} INFO - DAG(s) 'tutorial_objectstorage' retrieved from /home/airflow/.local/lib/python3.12/site-packages/airflow/example_dags/tutorial_objectstorage.py
[2025-03-12T14:12:23.739+0000] {logging_mixin.py:190} INFO - [2025-03-12T14:12:23.739+0000] {dag.py:3239} INFO - Sync 1 DAGs
[2025-03-12T14:12:23.751+0000] {logging_mixin.py:190} INFO - [2025-03-12T14:12:23.750+0000] {dag.py:4180} INFO - Setting next_dagrun for tutorial_objectstorage to None, run_after=None
[2025-03-12T14:12:23.771+0000] {processor.py:208} INFO - Processing /home/airflow/.local/lib/python3.12/site-packages/airflow/example_dags/tutorial_objectstorage.py took 0.064 seconds
[2025-03-12T14:14:08.736+0000] {processor.py:186} INFO - Started process (PID=395) to work on /home/airflow/.local/lib/python3.12/site-packages/airflow/example_dags/tutorial_objectstorage.py
[2025-03-12T14:14:08.737+0000] {processor.py:914} INFO - Processing file /home/airflow/.local/lib/python3.12/site-packages/airflow/example_dags/tutorial_objectstorage.py for tasks to queue
[2025-03-12T14:14:08.740+0000] {logging_mixin.py:190} INFO - [2025-03-12T14:14:08.739+0000] {dagbag.py:588} INFO - Filling up the DagBag from /home/airflow/.local/lib/python3.12/site-packages/airflow/example_dags/tutorial_objectstorage.py
[2025-03-12T14:14:08.749+0000] {processor.py:925} INFO - DAG(s) 'tutorial_objectstorage' retrieved from /home/airflow/.local/lib/python3.12/site-packages/airflow/example_dags/tutorial_objectstorage.py
[2025-03-12T14:14:08.851+0000] {logging_mixin.py:190} INFO - [2025-03-12T14:14:08.850+0000] {override.py:1912} INFO - Created Permission View: can read on DAG:tutorial_objectstorage
[2025-03-12T14:14:08.860+0000] {logging_mixin.py:190} INFO - [2025-03-12T14:14:08.860+0000] {override.py:1912} INFO - Created Permission View: can edit on DAG:tutorial_objectstorage
[2025-03-12T14:14:08.867+0000] {logging_mixin.py:190} INFO - [2025-03-12T14:14:08.866+0000] {override.py:1912} INFO - Created Permission View: can delete on DAG:tutorial_objectstorage
[2025-03-12T14:14:08.873+0000] {logging_mixin.py:190} INFO - [2025-03-12T14:14:08.873+0000] {override.py:1912} INFO - Created Permission View: can create on DAG Run:tutorial_objectstorage
[2025-03-12T14:14:08.879+0000] {logging_mixin.py:190} INFO - [2025-03-12T14:14:08.879+0000] {override.py:1912} INFO - Created Permission View: can read on DAG Run:tutorial_objectstorage
[2025-03-12T14:14:08.885+0000] {logging_mixin.py:190} INFO - [2025-03-12T14:14:08.885+0000] {override.py:1912} INFO - Created Permission View: menu access on DAG Run:tutorial_objectstorage
[2025-03-12T14:14:08.891+0000] {logging_mixin.py:190} INFO - [2025-03-12T14:14:08.891+0000] {override.py:1912} INFO - Created Permission View: can delete on DAG Run:tutorial_objectstorage
[2025-03-12T14:14:08.892+0000] {logging_mixin.py:190} INFO - [2025-03-12T14:14:08.891+0000] {dag.py:3239} INFO - Sync 1 DAGs
[2025-03-12T14:14:08.903+0000] {logging_mixin.py:190} INFO - [2025-03-12T14:14:08.903+0000] {dag.py:3262} INFO - Creating ORM DAG for tutorial_objectstorage
[2025-03-12T14:14:08.904+0000] {logging_mixin.py:190} INFO - [2025-03-12T14:14:08.904+0000] {dag.py:4180} INFO - Setting next_dagrun for tutorial_objectstorage to None, run_after=None
[2025-03-12T14:14:08.921+0000] {processor.py:208} INFO - Processing /home/airflow/.local/lib/python3.12/site-packages/airflow/example_dags/tutorial_objectstorage.py took 0.190 seconds
[2025-03-12T14:14:39.635+0000] {processor.py:186} INFO - Started process (PID=699) to work on /home/airflow/.local/lib/python3.12/site-packages/airflow/example_dags/tutorial_objectstorage.py
[2025-03-12T14:14:39.636+0000] {processor.py:914} INFO - Processing file /home/airflow/.local/lib/python3.12/site-packages/airflow/example_dags/tutorial_objectstorage.py for tasks to queue
[2025-03-12T14:14:39.638+0000] {logging_mixin.py:190} INFO - [2025-03-12T14:14:39.637+0000] {dagbag.py:588} INFO - Filling up the DagBag from /home/airflow/.local/lib/python3.12/site-packages/airflow/example_dags/tutorial_objectstorage.py
[2025-03-12T14:14:39.646+0000] {processor.py:925} INFO - DAG(s) 'tutorial_objectstorage' retrieved from /home/airflow/.local/lib/python3.12/site-packages/airflow/example_dags/tutorial_objectstorage.py
[2025-03-12T14:14:39.662+0000] {logging_mixin.py:190} INFO - [2025-03-12T14:14:39.662+0000] {dag.py:3239} INFO - Sync 1 DAGs
[2025-03-12T14:14:39.672+0000] {logging_mixin.py:190} INFO - [2025-03-12T14:14:39.671+0000] {dag.py:4180} INFO - Setting next_dagrun for tutorial_objectstorage to None, run_after=None
[2025-03-12T14:14:39.687+0000] {processor.py:208} INFO - Processing /home/airflow/.local/lib/python3.12/site-packages/airflow/example_dags/tutorial_objectstorage.py took 0.058 seconds
[2025-03-12T14:15:10.252+0000] {processor.py:186} INFO - Started process (PID=1007) to work on /home/airflow/.local/lib/python3.12/site-packages/airflow/example_dags/tutorial_objectstorage.py
[2025-03-12T14:15:10.253+0000] {processor.py:914} INFO - Processing file /home/airflow/.local/lib/python3.12/site-packages/airflow/example_dags/tutorial_objectstorage.py for tasks to queue
[2025-03-12T14:15:10.255+0000] {logging_mixin.py:190} INFO - [2025-03-12T14:15:10.255+0000] {dagbag.py:588} INFO - Filling up the DagBag from /home/airflow/.local/lib/python3.12/site-packages/airflow/example_dags/tutorial_objectstorage.py
[2025-03-12T14:15:10.262+0000] {processor.py:925} INFO - DAG(s) 'tutorial_objectstorage' retrieved from /home/airflow/.local/lib/python3.12/site-packages/airflow/example_dags/tutorial_objectstorage.py
[2025-03-12T14:15:10.277+0000] {logging_mixin.py:190} INFO - [2025-03-12T14:15:10.277+0000] {dag.py:3239} INFO - Sync 1 DAGs
[2025-03-12T14:15:10.288+0000] {logging_mixin.py:190} INFO - [2025-03-12T14:15:10.288+0000] {dag.py:4180} INFO - Setting next_dagrun for tutorial_objectstorage to None, run_after=None
[2025-03-12T14:15:10.303+0000] {processor.py:208} INFO - Processing /home/airflow/.local/lib/python3.12/site-packages/airflow/example_dags/tutorial_objectstorage.py took 0.055 seconds
[2025-03-12T14:15:43.566+0000] {processor.py:186} INFO - Started process (PID=1311) to work on /home/airflow/.local/lib/python3.12/site-packages/airflow/example_dags/tutorial_objectstorage.py
[2025-03-12T14:15:43.567+0000] {processor.py:914} INFO - Processing file /home/airflow/.local/lib/python3.12/site-packages/airflow/example_dags/tutorial_objectstorage.py for tasks to queue
[2025-03-12T14:15:43.569+0000] {logging_mixin.py:190} INFO - [2025-03-12T14:15:43.569+0000] {dagbag.py:588} INFO - Filling up the DagBag from /home/airflow/.local/lib/python3.12/site-packages/airflow/example_dags/tutorial_objectstorage.py
[2025-03-12T14:15:43.577+0000] {processor.py:925} INFO - DAG(s) 'tutorial_objectstorage' retrieved from /home/airflow/.local/lib/python3.12/site-packages/airflow/example_dags/tutorial_objectstorage.py
[2025-03-12T14:15:43.594+0000] {logging_mixin.py:190} INFO - [2025-03-12T14:15:43.593+0000] {dag.py:3239} INFO - Sync 1 DAGs
[2025-03-12T14:15:43.606+0000] {logging_mixin.py:190} INFO - [2025-03-12T14:15:43.606+0000] {dag.py:4180} INFO - Setting next_dagrun for tutorial_objectstorage to None, run_after=None
[2025-03-12T14:15:43.623+0000] {processor.py:208} INFO - Processing /home/airflow/.local/lib/python3.12/site-packages/airflow/example_dags/tutorial_objectstorage.py took 0.061 seconds
[2025-03-12T14:16:17.060+0000] {processor.py:186} INFO - Started process (PID=1618) to work on /home/airflow/.local/lib/python3.12/site-packages/airflow/example_dags/tutorial_objectstorage.py
[2025-03-12T14:16:17.061+0000] {processor.py:914} INFO - Processing file /home/airflow/.local/lib/python3.12/site-packages/airflow/example_dags/tutorial_objectstorage.py for tasks to queue
[2025-03-12T14:16:17.063+0000] {logging_mixin.py:190} INFO - [2025-03-12T14:16:17.063+0000] {dagbag.py:588} INFO - Filling up the DagBag from /home/airflow/.local/lib/python3.12/site-packages/airflow/example_dags/tutorial_objectstorage.py
[2025-03-12T14:16:17.071+0000] {processor.py:925} INFO - DAG(s) 'tutorial_objectstorage' retrieved from /home/airflow/.local/lib/python3.12/site-packages/airflow/example_dags/tutorial_objectstorage.py
[2025-03-12T14:16:17.089+0000] {logging_mixin.py:190} INFO - [2025-03-12T14:16:17.088+0000] {dag.py:3239} INFO - Sync 1 DAGs
[2025-03-12T14:16:17.101+0000] {logging_mixin.py:190} INFO - [2025-03-12T14:16:17.100+0000] {dag.py:4180} INFO - Setting next_dagrun for tutorial_objectstorage to None, run_after=None
[2025-03-12T14:16:17.120+0000] {processor.py:208} INFO - Processing /home/airflow/.local/lib/python3.12/site-packages/airflow/example_dags/tutorial_objectstorage.py took 0.066 seconds
[2025-03-12T14:16:50.191+0000] {processor.py:186} INFO - Started process (PID=1924) to work on /home/airflow/.local/lib/python3.12/site-packages/airflow/example_dags/tutorial_objectstorage.py
[2025-03-12T14:16:50.192+0000] {processor.py:914} INFO - Processing file /home/airflow/.local/lib/python3.12/site-packages/airflow/example_dags/tutorial_objectstorage.py for tasks to queue
[2025-03-12T14:16:50.194+0000] {logging_mixin.py:190} INFO - [2025-03-12T14:16:50.193+0000] {dagbag.py:588} INFO - Filling up the DagBag from /home/airflow/.local/lib/python3.12/site-packages/airflow/example_dags/tutorial_objectstorage.py
[2025-03-12T14:16:50.201+0000] {processor.py:925} INFO - DAG(s) 'tutorial_objectstorage' retrieved from /home/airflow/.local/lib/python3.12/site-packages/airflow/example_dags/tutorial_objectstorage.py
[2025-03-12T14:16:50.219+0000] {logging_mixin.py:190} INFO - [2025-03-12T14:16:50.219+0000] {dag.py:3239} INFO - Sync 1 DAGs
[2025-03-12T14:16:50.235+0000] {logging_mixin.py:190} INFO - [2025-03-12T14:16:50.234+0000] {dag.py:4180} INFO - Setting next_dagrun for tutorial_objectstorage to None, run_after=None
[2025-03-12T14:16:50.253+0000] {processor.py:208} INFO - Processing /home/airflow/.local/lib/python3.12/site-packages/airflow/example_dags/tutorial_objectstorage.py took 0.067 seconds
[2025-03-12T14:17:23.666+0000] {processor.py:186} INFO - Started process (PID=2230) to work on /home/airflow/.local/lib/python3.12/site-packages/airflow/example_dags/tutorial_objectstorage.py
[2025-03-12T14:17:23.667+0000] {processor.py:914} INFO - Processing file /home/airflow/.local/lib/python3.12/site-packages/airflow/example_dags/tutorial_objectstorage.py for tasks to queue
[2025-03-12T14:17:23.669+0000] {logging_mixin.py:190} INFO - [2025-03-12T14:17:23.669+0000] {dagbag.py:588} INFO - Filling up the DagBag from /home/airflow/.local/lib/python3.12/site-packages/airflow/example_dags/tutorial_objectstorage.py
[2025-03-12T14:17:23.676+0000] {processor.py:925} INFO - DAG(s) 'tutorial_objectstorage' retrieved from /home/airflow/.local/lib/python3.12/site-packages/airflow/example_dags/tutorial_objectstorage.py
[2025-03-12T14:17:23.691+0000] {logging_mixin.py:190} INFO - [2025-03-12T14:17:23.691+0000] {dag.py:3239} INFO - Sync 1 DAGs
[2025-03-12T14:17:23.702+0000] {logging_mixin.py:190} INFO - [2025-03-12T14:17:23.701+0000] {dag.py:4180} INFO - Setting next_dagrun for tutorial_objectstorage to None, run_after=None
[2025-03-12T14:17:23.717+0000] {processor.py:208} INFO - Processing /home/airflow/.local/lib/python3.12/site-packages/airflow/example_dags/tutorial_objectstorage.py took 0.055 seconds
[2025-03-12T14:17:57.082+0000] {processor.py:186} INFO - Started process (PID=2538) to work on /home/airflow/.local/lib/python3.12/site-packages/airflow/example_dags/tutorial_objectstorage.py
[2025-03-12T14:17:57.083+0000] {processor.py:914} INFO - Processing file /home/airflow/.local/lib/python3.12/site-packages/airflow/example_dags/tutorial_objectstorage.py for tasks to queue
[2025-03-12T14:17:57.085+0000] {logging_mixin.py:190} INFO - [2025-03-12T14:17:57.085+0000] {dagbag.py:588} INFO - Filling up the DagBag from /home/airflow/.local/lib/python3.12/site-packages/airflow/example_dags/tutorial_objectstorage.py
[2025-03-12T14:17:57.092+0000] {processor.py:925} INFO - DAG(s) 'tutorial_objectstorage' retrieved from /home/airflow/.local/lib/python3.12/site-packages/airflow/example_dags/tutorial_objectstorage.py
[2025-03-12T14:17:57.108+0000] {logging_mixin.py:190} INFO - [2025-03-12T14:17:57.108+0000] {dag.py:3239} INFO - Sync 1 DAGs
[2025-03-12T14:17:57.120+0000] {logging_mixin.py:190} INFO - [2025-03-12T14:17:57.119+0000] {dag.py:4180} INFO - Setting next_dagrun for tutorial_objectstorage to None, run_after=None
[2025-03-12T14:17:57.136+0000] {processor.py:208} INFO - Processing /home/airflow/.local/lib/python3.12/site-packages/airflow/example_dags/tutorial_objectstorage.py took 0.059 seconds
[2025-03-12T14:18:29.733+0000] {processor.py:186} INFO - Started process (PID=2842) to work on /home/airflow/.local/lib/python3.12/site-packages/airflow/example_dags/tutorial_objectstorage.py
[2025-03-12T14:18:29.734+0000] {processor.py:914} INFO - Processing file /home/airflow/.local/lib/python3.12/site-packages/airflow/example_dags/tutorial_objectstorage.py for tasks to queue
[2025-03-12T14:18:29.736+0000] {logging_mixin.py:190} INFO - [2025-03-12T14:18:29.736+0000] {dagbag.py:588} INFO - Filling up the DagBag from /home/airflow/.local/lib/python3.12/site-packages/airflow/example_dags/tutorial_objectstorage.py
[2025-03-12T14:18:29.744+0000] {processor.py:925} INFO - DAG(s) 'tutorial_objectstorage' retrieved from /home/airflow/.local/lib/python3.12/site-packages/airflow/example_dags/tutorial_objectstorage.py
[2025-03-12T14:18:29.761+0000] {logging_mixin.py:190} INFO - [2025-03-12T14:18:29.761+0000] {dag.py:3239} INFO - Sync 1 DAGs
[2025-03-12T14:18:29.771+0000] {logging_mixin.py:190} INFO - [2025-03-12T14:18:29.771+0000] {dag.py:4180} INFO - Setting next_dagrun for tutorial_objectstorage to None, run_after=None
[2025-03-12T14:18:29.787+0000] {processor.py:208} INFO - Processing /home/airflow/.local/lib/python3.12/site-packages/airflow/example_dags/tutorial_objectstorage.py took 0.059 seconds
[2025-03-12T14:19:02.595+0000] {processor.py:186} INFO - Started process (PID=3150) to work on /home/airflow/.local/lib/python3.12/site-packages/airflow/example_dags/tutorial_objectstorage.py
[2025-03-12T14:19:02.596+0000] {processor.py:914} INFO - Processing file /home/airflow/.local/lib/python3.12/site-packages/airflow/example_dags/tutorial_objectstorage.py for tasks to queue
[2025-03-12T14:19:02.598+0000] {logging_mixin.py:190} INFO - [2025-03-12T14:19:02.598+0000] {dagbag.py:588} INFO - Filling up the DagBag from /home/airflow/.local/lib/python3.12/site-packages/airflow/example_dags/tutorial_objectstorage.py
[2025-03-12T14:19:02.605+0000] {processor.py:925} INFO - DAG(s) 'tutorial_objectstorage' retrieved from /home/airflow/.local/lib/python3.12/site-packages/airflow/example_dags/tutorial_objectstorage.py
[2025-03-12T14:19:02.622+0000] {logging_mixin.py:190} INFO - [2025-03-12T14:19:02.622+0000] {dag.py:3239} INFO - Sync 1 DAGs
[2025-03-12T14:19:02.634+0000] {logging_mixin.py:190} INFO - [2025-03-12T14:19:02.634+0000] {dag.py:4180} INFO - Setting next_dagrun for tutorial_objectstorage to None, run_after=None
[2025-03-12T14:19:02.650+0000] {processor.py:208} INFO - Processing /home/airflow/.local/lib/python3.12/site-packages/airflow/example_dags/tutorial_objectstorage.py took 0.061 seconds
[2025-03-12T14:19:36.853+0000] {processor.py:186} INFO - Started process (PID=3454) to work on /home/airflow/.local/lib/python3.12/site-packages/airflow/example_dags/tutorial_objectstorage.py
[2025-03-12T14:19:36.853+0000] {processor.py:914} INFO - Processing file /home/airflow/.local/lib/python3.12/site-packages/airflow/example_dags/tutorial_objectstorage.py for tasks to queue
[2025-03-12T14:19:36.855+0000] {logging_mixin.py:190} INFO - [2025-03-12T14:19:36.855+0000] {dagbag.py:588} INFO - Filling up the DagBag from /home/airflow/.local/lib/python3.12/site-packages/airflow/example_dags/tutorial_objectstorage.py
[2025-03-12T14:19:36.862+0000] {processor.py:925} INFO - DAG(s) 'tutorial_objectstorage' retrieved from /home/airflow/.local/lib/python3.12/site-packages/airflow/example_dags/tutorial_objectstorage.py
[2025-03-12T14:19:36.878+0000] {logging_mixin.py:190} INFO - [2025-03-12T14:19:36.878+0000] {dag.py:3239} INFO - Sync 1 DAGs
[2025-03-12T14:19:36.890+0000] {logging_mixin.py:190} INFO - [2025-03-12T14:19:36.890+0000] {dag.py:4180} INFO - Setting next_dagrun for tutorial_objectstorage to None, run_after=None
[2025-03-12T14:19:36.907+0000] {processor.py:208} INFO - Processing /home/airflow/.local/lib/python3.12/site-packages/airflow/example_dags/tutorial_objectstorage.py took 0.059 seconds
