[2025-03-12T13:45:00.304+0000] {processor.py:186} INFO - Started process (PID=322) to work on /home/airflow/.local/lib/python3.12/site-packages/airflow/example_dags/tutorial_dag.py
[2025-03-12T13:45:00.305+0000] {processor.py:914} INFO - Processing file /home/airflow/.local/lib/python3.12/site-packages/airflow/example_dags/tutorial_dag.py for tasks to queue
[2025-03-12T13:45:00.308+0000] {logging_mixin.py:190} INFO - [2025-03-12T13:45:00.308+0000] {dagbag.py:588} INFO - Filling up the DagBag from /home/airflow/.local/lib/python3.12/site-packages/airflow/example_dags/tutorial_dag.py
[2025-03-12T13:45:00.317+0000] {processor.py:925} INFO - DAG(s) 'tutorial_dag' retrieved from /home/airflow/.local/lib/python3.12/site-packages/airflow/example_dags/tutorial_dag.py
[2025-03-12T13:45:00.440+0000] {logging_mixin.py:190} INFO - [2025-03-12T13:45:00.439+0000] {override.py:1912} INFO - Created Permission View: can edit on DAG:tutorial_dag
[2025-03-12T13:45:00.450+0000] {logging_mixin.py:190} INFO - [2025-03-12T13:45:00.449+0000] {override.py:1912} INFO - Created Permission View: can delete on DAG:tutorial_dag
[2025-03-12T13:45:00.456+0000] {logging_mixin.py:190} INFO - [2025-03-12T13:45:00.456+0000] {override.py:1912} INFO - Created Permission View: can read on DAG:tutorial_dag
[2025-03-12T13:45:00.464+0000] {logging_mixin.py:190} INFO - [2025-03-12T13:45:00.463+0000] {override.py:1912} INFO - Created Permission View: can delete on DAG Run:tutorial_dag
[2025-03-12T13:45:00.470+0000] {logging_mixin.py:190} INFO - [2025-03-12T13:45:00.470+0000] {override.py:1912} INFO - Created Permission View: menu access on DAG Run:tutorial_dag
[2025-03-12T13:45:00.477+0000] {logging_mixin.py:190} INFO - [2025-03-12T13:45:00.476+0000] {override.py:1912} INFO - Created Permission View: can create on DAG Run:tutorial_dag
[2025-03-12T13:45:00.483+0000] {logging_mixin.py:190} INFO - [2025-03-12T13:45:00.483+0000] {override.py:1912} INFO - Created Permission View: can read on DAG Run:tutorial_dag
[2025-03-12T13:45:00.484+0000] {logging_mixin.py:190} INFO - [2025-03-12T13:45:00.484+0000] {dag.py:3239} INFO - Sync 1 DAGs
[2025-03-12T13:45:00.499+0000] {logging_mixin.py:190} INFO - [2025-03-12T13:45:00.498+0000] {dag.py:3262} INFO - Creating ORM DAG for tutorial_dag
[2025-03-12T13:45:00.500+0000] {logging_mixin.py:190} INFO - [2025-03-12T13:45:00.499+0000] {dag.py:4180} INFO - Setting next_dagrun for tutorial_dag to None, run_after=None
[2025-03-12T13:45:00.516+0000] {processor.py:208} INFO - Processing /home/airflow/.local/lib/python3.12/site-packages/airflow/example_dags/tutorial_dag.py took 0.220 seconds
[2025-03-12T13:45:30.935+0000] {processor.py:186} INFO - Started process (PID=619) to work on /home/airflow/.local/lib/python3.12/site-packages/airflow/example_dags/tutorial_dag.py
[2025-03-12T13:45:30.936+0000] {processor.py:914} INFO - Processing file /home/airflow/.local/lib/python3.12/site-packages/airflow/example_dags/tutorial_dag.py for tasks to queue
[2025-03-12T13:45:30.938+0000] {logging_mixin.py:190} INFO - [2025-03-12T13:45:30.938+0000] {dagbag.py:588} INFO - Filling up the DagBag from /home/airflow/.local/lib/python3.12/site-packages/airflow/example_dags/tutorial_dag.py
[2025-03-12T13:45:30.944+0000] {processor.py:925} INFO - DAG(s) 'tutorial_dag' retrieved from /home/airflow/.local/lib/python3.12/site-packages/airflow/example_dags/tutorial_dag.py
[2025-03-12T13:45:30.961+0000] {logging_mixin.py:190} INFO - [2025-03-12T13:45:30.961+0000] {dag.py:3239} INFO - Sync 1 DAGs
[2025-03-12T13:45:30.977+0000] {logging_mixin.py:190} INFO - [2025-03-12T13:45:30.977+0000] {dag.py:4180} INFO - Setting next_dagrun for tutorial_dag to None, run_after=None
[2025-03-12T13:45:30.996+0000] {processor.py:208} INFO - Processing /home/airflow/.local/lib/python3.12/site-packages/airflow/example_dags/tutorial_dag.py took 0.065 seconds
[2025-03-12T13:46:01.189+0000] {processor.py:186} INFO - Started process (PID=923) to work on /home/airflow/.local/lib/python3.12/site-packages/airflow/example_dags/tutorial_dag.py
[2025-03-12T13:46:01.189+0000] {processor.py:914} INFO - Processing file /home/airflow/.local/lib/python3.12/site-packages/airflow/example_dags/tutorial_dag.py for tasks to queue
[2025-03-12T13:46:01.191+0000] {logging_mixin.py:190} INFO - [2025-03-12T13:46:01.191+0000] {dagbag.py:588} INFO - Filling up the DagBag from /home/airflow/.local/lib/python3.12/site-packages/airflow/example_dags/tutorial_dag.py
[2025-03-12T13:46:01.197+0000] {processor.py:925} INFO - DAG(s) 'tutorial_dag' retrieved from /home/airflow/.local/lib/python3.12/site-packages/airflow/example_dags/tutorial_dag.py
[2025-03-12T13:46:01.212+0000] {logging_mixin.py:190} INFO - [2025-03-12T13:46:01.211+0000] {dag.py:3239} INFO - Sync 1 DAGs
[2025-03-12T13:46:01.222+0000] {logging_mixin.py:190} INFO - [2025-03-12T13:46:01.222+0000] {dag.py:4180} INFO - Setting next_dagrun for tutorial_dag to None, run_after=None
[2025-03-12T13:46:01.238+0000] {processor.py:208} INFO - Processing /home/airflow/.local/lib/python3.12/site-packages/airflow/example_dags/tutorial_dag.py took 0.054 seconds
[2025-03-12T13:47:03.015+0000] {processor.py:186} INFO - Started process (PID=309) to work on /home/airflow/.local/lib/python3.12/site-packages/airflow/example_dags/tutorial_dag.py
[2025-03-12T13:47:03.016+0000] {processor.py:914} INFO - Processing file /home/airflow/.local/lib/python3.12/site-packages/airflow/example_dags/tutorial_dag.py for tasks to queue
[2025-03-12T13:47:03.018+0000] {logging_mixin.py:190} INFO - [2025-03-12T13:47:03.018+0000] {dagbag.py:588} INFO - Filling up the DagBag from /home/airflow/.local/lib/python3.12/site-packages/airflow/example_dags/tutorial_dag.py
[2025-03-12T13:47:03.026+0000] {processor.py:925} INFO - DAG(s) 'tutorial_dag' retrieved from /home/airflow/.local/lib/python3.12/site-packages/airflow/example_dags/tutorial_dag.py
[2025-03-12T13:47:03.050+0000] {logging_mixin.py:190} INFO - [2025-03-12T13:47:03.050+0000] {dag.py:3239} INFO - Sync 1 DAGs
[2025-03-12T13:47:03.066+0000] {logging_mixin.py:190} INFO - [2025-03-12T13:47:03.066+0000] {dag.py:4180} INFO - Setting next_dagrun for tutorial_dag to None, run_after=None
[2025-03-12T13:47:03.087+0000] {processor.py:208} INFO - Processing /home/airflow/.local/lib/python3.12/site-packages/airflow/example_dags/tutorial_dag.py took 0.078 seconds
[2025-03-12T13:47:34.079+0000] {processor.py:186} INFO - Started process (PID=604) to work on /home/airflow/.local/lib/python3.12/site-packages/airflow/example_dags/tutorial_dag.py
[2025-03-12T13:47:34.080+0000] {processor.py:914} INFO - Processing file /home/airflow/.local/lib/python3.12/site-packages/airflow/example_dags/tutorial_dag.py for tasks to queue
[2025-03-12T13:47:34.082+0000] {logging_mixin.py:190} INFO - [2025-03-12T13:47:34.082+0000] {dagbag.py:588} INFO - Filling up the DagBag from /home/airflow/.local/lib/python3.12/site-packages/airflow/example_dags/tutorial_dag.py
[2025-03-12T13:47:34.090+0000] {processor.py:925} INFO - DAG(s) 'tutorial_dag' retrieved from /home/airflow/.local/lib/python3.12/site-packages/airflow/example_dags/tutorial_dag.py
[2025-03-12T13:47:34.105+0000] {logging_mixin.py:190} INFO - [2025-03-12T13:47:34.105+0000] {dag.py:3239} INFO - Sync 1 DAGs
[2025-03-12T13:47:34.115+0000] {logging_mixin.py:190} INFO - [2025-03-12T13:47:34.115+0000] {dag.py:4180} INFO - Setting next_dagrun for tutorial_dag to None, run_after=None
[2025-03-12T13:47:34.130+0000] {processor.py:208} INFO - Processing /home/airflow/.local/lib/python3.12/site-packages/airflow/example_dags/tutorial_dag.py took 0.056 seconds
[2025-03-12T13:48:04.906+0000] {processor.py:186} INFO - Started process (PID=910) to work on /home/airflow/.local/lib/python3.12/site-packages/airflow/example_dags/tutorial_dag.py
[2025-03-12T13:48:04.907+0000] {processor.py:914} INFO - Processing file /home/airflow/.local/lib/python3.12/site-packages/airflow/example_dags/tutorial_dag.py for tasks to queue
[2025-03-12T13:48:04.909+0000] {logging_mixin.py:190} INFO - [2025-03-12T13:48:04.908+0000] {dagbag.py:588} INFO - Filling up the DagBag from /home/airflow/.local/lib/python3.12/site-packages/airflow/example_dags/tutorial_dag.py
[2025-03-12T13:48:04.914+0000] {processor.py:925} INFO - DAG(s) 'tutorial_dag' retrieved from /home/airflow/.local/lib/python3.12/site-packages/airflow/example_dags/tutorial_dag.py
[2025-03-12T13:48:04.930+0000] {logging_mixin.py:190} INFO - [2025-03-12T13:48:04.930+0000] {dag.py:3239} INFO - Sync 1 DAGs
[2025-03-12T13:48:04.943+0000] {logging_mixin.py:190} INFO - [2025-03-12T13:48:04.943+0000] {dag.py:4180} INFO - Setting next_dagrun for tutorial_dag to None, run_after=None
[2025-03-12T13:48:04.958+0000] {processor.py:208} INFO - Processing /home/airflow/.local/lib/python3.12/site-packages/airflow/example_dags/tutorial_dag.py took 0.056 seconds
[2025-03-12T13:48:35.036+0000] {processor.py:186} INFO - Started process (PID=1216) to work on /home/airflow/.local/lib/python3.12/site-packages/airflow/example_dags/tutorial_dag.py
[2025-03-12T13:48:35.036+0000] {processor.py:914} INFO - Processing file /home/airflow/.local/lib/python3.12/site-packages/airflow/example_dags/tutorial_dag.py for tasks to queue
[2025-03-12T13:48:35.038+0000] {logging_mixin.py:190} INFO - [2025-03-12T13:48:35.038+0000] {dagbag.py:588} INFO - Filling up the DagBag from /home/airflow/.local/lib/python3.12/site-packages/airflow/example_dags/tutorial_dag.py
[2025-03-12T13:48:35.043+0000] {processor.py:925} INFO - DAG(s) 'tutorial_dag' retrieved from /home/airflow/.local/lib/python3.12/site-packages/airflow/example_dags/tutorial_dag.py
[2025-03-12T13:48:35.060+0000] {logging_mixin.py:190} INFO - [2025-03-12T13:48:35.059+0000] {dag.py:3239} INFO - Sync 1 DAGs
[2025-03-12T13:48:35.071+0000] {logging_mixin.py:190} INFO - [2025-03-12T13:48:35.071+0000] {dag.py:4180} INFO - Setting next_dagrun for tutorial_dag to None, run_after=None
[2025-03-12T13:48:35.088+0000] {processor.py:208} INFO - Processing /home/airflow/.local/lib/python3.12/site-packages/airflow/example_dags/tutorial_dag.py took 0.056 seconds
[2025-03-12T13:49:05.781+0000] {processor.py:186} INFO - Started process (PID=1520) to work on /home/airflow/.local/lib/python3.12/site-packages/airflow/example_dags/tutorial_dag.py
[2025-03-12T13:49:05.782+0000] {processor.py:914} INFO - Processing file /home/airflow/.local/lib/python3.12/site-packages/airflow/example_dags/tutorial_dag.py for tasks to queue
[2025-03-12T13:49:05.784+0000] {logging_mixin.py:190} INFO - [2025-03-12T13:49:05.784+0000] {dagbag.py:588} INFO - Filling up the DagBag from /home/airflow/.local/lib/python3.12/site-packages/airflow/example_dags/tutorial_dag.py
[2025-03-12T13:49:05.792+0000] {processor.py:925} INFO - DAG(s) 'tutorial_dag' retrieved from /home/airflow/.local/lib/python3.12/site-packages/airflow/example_dags/tutorial_dag.py
[2025-03-12T13:49:05.814+0000] {logging_mixin.py:190} INFO - [2025-03-12T13:49:05.814+0000] {dag.py:3239} INFO - Sync 1 DAGs
[2025-03-12T13:49:05.830+0000] {logging_mixin.py:190} INFO - [2025-03-12T13:49:05.830+0000] {dag.py:4180} INFO - Setting next_dagrun for tutorial_dag to None, run_after=None
[2025-03-12T13:49:05.847+0000] {processor.py:208} INFO - Processing /home/airflow/.local/lib/python3.12/site-packages/airflow/example_dags/tutorial_dag.py took 0.070 seconds
[2025-03-12T13:49:36.444+0000] {processor.py:186} INFO - Started process (PID=1826) to work on /home/airflow/.local/lib/python3.12/site-packages/airflow/example_dags/tutorial_dag.py
[2025-03-12T13:49:36.445+0000] {processor.py:914} INFO - Processing file /home/airflow/.local/lib/python3.12/site-packages/airflow/example_dags/tutorial_dag.py for tasks to queue
[2025-03-12T13:49:36.447+0000] {logging_mixin.py:190} INFO - [2025-03-12T13:49:36.447+0000] {dagbag.py:588} INFO - Filling up the DagBag from /home/airflow/.local/lib/python3.12/site-packages/airflow/example_dags/tutorial_dag.py
[2025-03-12T13:49:36.456+0000] {processor.py:925} INFO - DAG(s) 'tutorial_dag' retrieved from /home/airflow/.local/lib/python3.12/site-packages/airflow/example_dags/tutorial_dag.py
[2025-03-12T13:49:36.473+0000] {logging_mixin.py:190} INFO - [2025-03-12T13:49:36.473+0000] {dag.py:3239} INFO - Sync 1 DAGs
[2025-03-12T13:49:36.488+0000] {logging_mixin.py:190} INFO - [2025-03-12T13:49:36.488+0000] {dag.py:4180} INFO - Setting next_dagrun for tutorial_dag to None, run_after=None
[2025-03-12T13:49:36.507+0000] {processor.py:208} INFO - Processing /home/airflow/.local/lib/python3.12/site-packages/airflow/example_dags/tutorial_dag.py took 0.068 seconds
[2025-03-12T13:50:07.496+0000] {processor.py:186} INFO - Started process (PID=2132) to work on /home/airflow/.local/lib/python3.12/site-packages/airflow/example_dags/tutorial_dag.py
[2025-03-12T13:50:07.497+0000] {processor.py:914} INFO - Processing file /home/airflow/.local/lib/python3.12/site-packages/airflow/example_dags/tutorial_dag.py for tasks to queue
[2025-03-12T13:50:07.499+0000] {logging_mixin.py:190} INFO - [2025-03-12T13:50:07.498+0000] {dagbag.py:588} INFO - Filling up the DagBag from /home/airflow/.local/lib/python3.12/site-packages/airflow/example_dags/tutorial_dag.py
[2025-03-12T13:50:07.505+0000] {processor.py:925} INFO - DAG(s) 'tutorial_dag' retrieved from /home/airflow/.local/lib/python3.12/site-packages/airflow/example_dags/tutorial_dag.py
[2025-03-12T13:50:07.520+0000] {logging_mixin.py:190} INFO - [2025-03-12T13:50:07.520+0000] {dag.py:3239} INFO - Sync 1 DAGs
[2025-03-12T13:50:07.530+0000] {logging_mixin.py:190} INFO - [2025-03-12T13:50:07.530+0000] {dag.py:4180} INFO - Setting next_dagrun for tutorial_dag to None, run_after=None
[2025-03-12T13:50:07.544+0000] {processor.py:208} INFO - Processing /home/airflow/.local/lib/python3.12/site-packages/airflow/example_dags/tutorial_dag.py took 0.053 seconds
[2025-03-12T13:50:42.068+0000] {processor.py:186} INFO - Started process (PID=2447) to work on /home/airflow/.local/lib/python3.12/site-packages/airflow/example_dags/tutorial_dag.py
[2025-03-12T13:50:42.069+0000] {processor.py:914} INFO - Processing file /home/airflow/.local/lib/python3.12/site-packages/airflow/example_dags/tutorial_dag.py for tasks to queue
[2025-03-12T13:50:42.071+0000] {logging_mixin.py:190} INFO - [2025-03-12T13:50:42.071+0000] {dagbag.py:588} INFO - Filling up the DagBag from /home/airflow/.local/lib/python3.12/site-packages/airflow/example_dags/tutorial_dag.py
[2025-03-12T13:50:42.078+0000] {processor.py:925} INFO - DAG(s) 'tutorial_dag' retrieved from /home/airflow/.local/lib/python3.12/site-packages/airflow/example_dags/tutorial_dag.py
[2025-03-12T13:50:42.096+0000] {logging_mixin.py:190} INFO - [2025-03-12T13:50:42.096+0000] {dag.py:3239} INFO - Sync 1 DAGs
[2025-03-12T13:50:42.108+0000] {logging_mixin.py:190} INFO - [2025-03-12T13:50:42.108+0000] {dag.py:4180} INFO - Setting next_dagrun for tutorial_dag to None, run_after=None
[2025-03-12T13:50:42.124+0000] {processor.py:208} INFO - Processing /home/airflow/.local/lib/python3.12/site-packages/airflow/example_dags/tutorial_dag.py took 0.061 seconds
[2025-03-12T13:51:14.674+0000] {processor.py:186} INFO - Started process (PID=2753) to work on /home/airflow/.local/lib/python3.12/site-packages/airflow/example_dags/tutorial_dag.py
[2025-03-12T13:51:14.675+0000] {processor.py:914} INFO - Processing file /home/airflow/.local/lib/python3.12/site-packages/airflow/example_dags/tutorial_dag.py for tasks to queue
[2025-03-12T13:51:14.677+0000] {logging_mixin.py:190} INFO - [2025-03-12T13:51:14.677+0000] {dagbag.py:588} INFO - Filling up the DagBag from /home/airflow/.local/lib/python3.12/site-packages/airflow/example_dags/tutorial_dag.py
[2025-03-12T13:51:14.682+0000] {processor.py:925} INFO - DAG(s) 'tutorial_dag' retrieved from /home/airflow/.local/lib/python3.12/site-packages/airflow/example_dags/tutorial_dag.py
[2025-03-12T13:51:14.698+0000] {logging_mixin.py:190} INFO - [2025-03-12T13:51:14.698+0000] {dag.py:3239} INFO - Sync 1 DAGs
[2025-03-12T13:51:14.709+0000] {logging_mixin.py:190} INFO - [2025-03-12T13:51:14.709+0000] {dag.py:4180} INFO - Setting next_dagrun for tutorial_dag to None, run_after=None
[2025-03-12T13:51:14.723+0000] {processor.py:208} INFO - Processing /home/airflow/.local/lib/python3.12/site-packages/airflow/example_dags/tutorial_dag.py took 0.053 seconds
[2025-03-12T13:51:47.724+0000] {processor.py:186} INFO - Started process (PID=3059) to work on /home/airflow/.local/lib/python3.12/site-packages/airflow/example_dags/tutorial_dag.py
[2025-03-12T13:51:47.725+0000] {processor.py:914} INFO - Processing file /home/airflow/.local/lib/python3.12/site-packages/airflow/example_dags/tutorial_dag.py for tasks to queue
[2025-03-12T13:51:47.727+0000] {logging_mixin.py:190} INFO - [2025-03-12T13:51:47.726+0000] {dagbag.py:588} INFO - Filling up the DagBag from /home/airflow/.local/lib/python3.12/site-packages/airflow/example_dags/tutorial_dag.py
[2025-03-12T13:51:47.732+0000] {processor.py:925} INFO - DAG(s) 'tutorial_dag' retrieved from /home/airflow/.local/lib/python3.12/site-packages/airflow/example_dags/tutorial_dag.py
[2025-03-12T13:51:47.747+0000] {logging_mixin.py:190} INFO - [2025-03-12T13:51:47.747+0000] {dag.py:3239} INFO - Sync 1 DAGs
[2025-03-12T13:51:47.759+0000] {logging_mixin.py:190} INFO - [2025-03-12T13:51:47.759+0000] {dag.py:4180} INFO - Setting next_dagrun for tutorial_dag to None, run_after=None
[2025-03-12T13:51:47.773+0000] {processor.py:208} INFO - Processing /home/airflow/.local/lib/python3.12/site-packages/airflow/example_dags/tutorial_dag.py took 0.053 seconds
[2025-03-12T13:52:21.671+0000] {processor.py:186} INFO - Started process (PID=3367) to work on /home/airflow/.local/lib/python3.12/site-packages/airflow/example_dags/tutorial_dag.py
[2025-03-12T13:52:21.671+0000] {processor.py:914} INFO - Processing file /home/airflow/.local/lib/python3.12/site-packages/airflow/example_dags/tutorial_dag.py for tasks to queue
[2025-03-12T13:52:21.673+0000] {logging_mixin.py:190} INFO - [2025-03-12T13:52:21.673+0000] {dagbag.py:588} INFO - Filling up the DagBag from /home/airflow/.local/lib/python3.12/site-packages/airflow/example_dags/tutorial_dag.py
[2025-03-12T13:52:21.678+0000] {processor.py:925} INFO - DAG(s) 'tutorial_dag' retrieved from /home/airflow/.local/lib/python3.12/site-packages/airflow/example_dags/tutorial_dag.py
[2025-03-12T13:52:21.694+0000] {logging_mixin.py:190} INFO - [2025-03-12T13:52:21.693+0000] {dag.py:3239} INFO - Sync 1 DAGs
[2025-03-12T13:52:21.704+0000] {logging_mixin.py:190} INFO - [2025-03-12T13:52:21.703+0000] {dag.py:4180} INFO - Setting next_dagrun for tutorial_dag to None, run_after=None
[2025-03-12T13:52:21.716+0000] {processor.py:208} INFO - Processing /home/airflow/.local/lib/python3.12/site-packages/airflow/example_dags/tutorial_dag.py took 0.050 seconds
[2025-03-12T13:52:56.814+0000] {processor.py:186} INFO - Started process (PID=3671) to work on /home/airflow/.local/lib/python3.12/site-packages/airflow/example_dags/tutorial_dag.py
[2025-03-12T13:52:56.817+0000] {processor.py:914} INFO - Processing file /home/airflow/.local/lib/python3.12/site-packages/airflow/example_dags/tutorial_dag.py for tasks to queue
[2025-03-12T13:52:56.821+0000] {logging_mixin.py:190} INFO - [2025-03-12T13:52:56.820+0000] {dagbag.py:588} INFO - Filling up the DagBag from /home/airflow/.local/lib/python3.12/site-packages/airflow/example_dags/tutorial_dag.py
[2025-03-12T13:52:56.835+0000] {processor.py:925} INFO - DAG(s) 'tutorial_dag' retrieved from /home/airflow/.local/lib/python3.12/site-packages/airflow/example_dags/tutorial_dag.py
[2025-03-12T13:52:56.871+0000] {logging_mixin.py:190} INFO - [2025-03-12T13:52:56.870+0000] {dag.py:3239} INFO - Sync 1 DAGs
[2025-03-12T13:52:56.903+0000] {logging_mixin.py:190} INFO - [2025-03-12T13:52:56.902+0000] {dag.py:4180} INFO - Setting next_dagrun for tutorial_dag to None, run_after=None
[2025-03-12T13:52:56.947+0000] {processor.py:208} INFO - Processing /home/airflow/.local/lib/python3.12/site-packages/airflow/example_dags/tutorial_dag.py took 0.143 seconds
[2025-03-12T13:53:28.981+0000] {processor.py:186} INFO - Started process (PID=3979) to work on /home/airflow/.local/lib/python3.12/site-packages/airflow/example_dags/tutorial_dag.py
[2025-03-12T13:53:28.982+0000] {processor.py:914} INFO - Processing file /home/airflow/.local/lib/python3.12/site-packages/airflow/example_dags/tutorial_dag.py for tasks to queue
[2025-03-12T13:53:28.985+0000] {logging_mixin.py:190} INFO - [2025-03-12T13:53:28.985+0000] {dagbag.py:588} INFO - Filling up the DagBag from /home/airflow/.local/lib/python3.12/site-packages/airflow/example_dags/tutorial_dag.py
[2025-03-12T13:53:28.992+0000] {processor.py:925} INFO - DAG(s) 'tutorial_dag' retrieved from /home/airflow/.local/lib/python3.12/site-packages/airflow/example_dags/tutorial_dag.py
[2025-03-12T13:53:29.013+0000] {logging_mixin.py:190} INFO - [2025-03-12T13:53:29.013+0000] {dag.py:3239} INFO - Sync 1 DAGs
[2025-03-12T13:53:29.029+0000] {logging_mixin.py:190} INFO - [2025-03-12T13:53:29.029+0000] {dag.py:4180} INFO - Setting next_dagrun for tutorial_dag to None, run_after=None
[2025-03-12T13:53:29.047+0000] {processor.py:208} INFO - Processing /home/airflow/.local/lib/python3.12/site-packages/airflow/example_dags/tutorial_dag.py took 0.071 seconds
[2025-03-12T13:54:01.358+0000] {processor.py:186} INFO - Started process (PID=4283) to work on /home/airflow/.local/lib/python3.12/site-packages/airflow/example_dags/tutorial_dag.py
[2025-03-12T13:54:01.359+0000] {processor.py:914} INFO - Processing file /home/airflow/.local/lib/python3.12/site-packages/airflow/example_dags/tutorial_dag.py for tasks to queue
[2025-03-12T13:54:01.362+0000] {logging_mixin.py:190} INFO - [2025-03-12T13:54:01.361+0000] {dagbag.py:588} INFO - Filling up the DagBag from /home/airflow/.local/lib/python3.12/site-packages/airflow/example_dags/tutorial_dag.py
[2025-03-12T13:54:01.370+0000] {processor.py:925} INFO - DAG(s) 'tutorial_dag' retrieved from /home/airflow/.local/lib/python3.12/site-packages/airflow/example_dags/tutorial_dag.py
[2025-03-12T13:54:01.402+0000] {logging_mixin.py:190} INFO - [2025-03-12T13:54:01.402+0000] {dag.py:3239} INFO - Sync 1 DAGs
[2025-03-12T13:54:01.422+0000] {logging_mixin.py:190} INFO - [2025-03-12T13:54:01.422+0000] {dag.py:4180} INFO - Setting next_dagrun for tutorial_dag to None, run_after=None
[2025-03-12T13:54:01.447+0000] {processor.py:208} INFO - Processing /home/airflow/.local/lib/python3.12/site-packages/airflow/example_dags/tutorial_dag.py took 0.097 seconds
[2025-03-12T13:54:35.036+0000] {processor.py:186} INFO - Started process (PID=4589) to work on /home/airflow/.local/lib/python3.12/site-packages/airflow/example_dags/tutorial_dag.py
[2025-03-12T13:54:35.037+0000] {processor.py:914} INFO - Processing file /home/airflow/.local/lib/python3.12/site-packages/airflow/example_dags/tutorial_dag.py for tasks to queue
[2025-03-12T13:54:35.040+0000] {logging_mixin.py:190} INFO - [2025-03-12T13:54:35.040+0000] {dagbag.py:588} INFO - Filling up the DagBag from /home/airflow/.local/lib/python3.12/site-packages/airflow/example_dags/tutorial_dag.py
[2025-03-12T13:54:35.047+0000] {processor.py:925} INFO - DAG(s) 'tutorial_dag' retrieved from /home/airflow/.local/lib/python3.12/site-packages/airflow/example_dags/tutorial_dag.py
[2025-03-12T13:54:35.067+0000] {logging_mixin.py:190} INFO - [2025-03-12T13:54:35.066+0000] {dag.py:3239} INFO - Sync 1 DAGs
[2025-03-12T13:54:35.083+0000] {logging_mixin.py:190} INFO - [2025-03-12T13:54:35.083+0000] {dag.py:4180} INFO - Setting next_dagrun for tutorial_dag to None, run_after=None
[2025-03-12T13:54:35.106+0000] {processor.py:208} INFO - Processing /home/airflow/.local/lib/python3.12/site-packages/airflow/example_dags/tutorial_dag.py took 0.077 seconds
[2025-03-12T13:55:09.081+0000] {processor.py:186} INFO - Started process (PID=4897) to work on /home/airflow/.local/lib/python3.12/site-packages/airflow/example_dags/tutorial_dag.py
[2025-03-12T13:55:09.082+0000] {processor.py:914} INFO - Processing file /home/airflow/.local/lib/python3.12/site-packages/airflow/example_dags/tutorial_dag.py for tasks to queue
[2025-03-12T13:55:09.084+0000] {logging_mixin.py:190} INFO - [2025-03-12T13:55:09.083+0000] {dagbag.py:588} INFO - Filling up the DagBag from /home/airflow/.local/lib/python3.12/site-packages/airflow/example_dags/tutorial_dag.py
[2025-03-12T13:55:09.091+0000] {processor.py:925} INFO - DAG(s) 'tutorial_dag' retrieved from /home/airflow/.local/lib/python3.12/site-packages/airflow/example_dags/tutorial_dag.py
[2025-03-12T13:55:09.107+0000] {logging_mixin.py:190} INFO - [2025-03-12T13:55:09.107+0000] {dag.py:3239} INFO - Sync 1 DAGs
[2025-03-12T13:55:09.121+0000] {logging_mixin.py:190} INFO - [2025-03-12T13:55:09.121+0000] {dag.py:4180} INFO - Setting next_dagrun for tutorial_dag to None, run_after=None
[2025-03-12T13:55:09.135+0000] {processor.py:208} INFO - Processing /home/airflow/.local/lib/python3.12/site-packages/airflow/example_dags/tutorial_dag.py took 0.058 seconds
[2025-03-12T13:55:40.977+0000] {processor.py:186} INFO - Started process (PID=5201) to work on /home/airflow/.local/lib/python3.12/site-packages/airflow/example_dags/tutorial_dag.py
[2025-03-12T13:55:40.978+0000] {processor.py:914} INFO - Processing file /home/airflow/.local/lib/python3.12/site-packages/airflow/example_dags/tutorial_dag.py for tasks to queue
[2025-03-12T13:55:40.980+0000] {logging_mixin.py:190} INFO - [2025-03-12T13:55:40.980+0000] {dagbag.py:588} INFO - Filling up the DagBag from /home/airflow/.local/lib/python3.12/site-packages/airflow/example_dags/tutorial_dag.py
[2025-03-12T13:55:40.986+0000] {processor.py:925} INFO - DAG(s) 'tutorial_dag' retrieved from /home/airflow/.local/lib/python3.12/site-packages/airflow/example_dags/tutorial_dag.py
[2025-03-12T13:55:41.002+0000] {logging_mixin.py:190} INFO - [2025-03-12T13:55:41.001+0000] {dag.py:3239} INFO - Sync 1 DAGs
[2025-03-12T13:55:41.014+0000] {logging_mixin.py:190} INFO - [2025-03-12T13:55:41.014+0000] {dag.py:4180} INFO - Setting next_dagrun for tutorial_dag to None, run_after=None
[2025-03-12T13:55:41.033+0000] {processor.py:208} INFO - Processing /home/airflow/.local/lib/python3.12/site-packages/airflow/example_dags/tutorial_dag.py took 0.060 seconds
[2025-03-12T13:56:14.900+0000] {processor.py:186} INFO - Started process (PID=5507) to work on /home/airflow/.local/lib/python3.12/site-packages/airflow/example_dags/tutorial_dag.py
[2025-03-12T13:56:14.901+0000] {processor.py:914} INFO - Processing file /home/airflow/.local/lib/python3.12/site-packages/airflow/example_dags/tutorial_dag.py for tasks to queue
[2025-03-12T13:56:14.903+0000] {logging_mixin.py:190} INFO - [2025-03-12T13:56:14.902+0000] {dagbag.py:588} INFO - Filling up the DagBag from /home/airflow/.local/lib/python3.12/site-packages/airflow/example_dags/tutorial_dag.py
[2025-03-12T13:56:14.909+0000] {processor.py:925} INFO - DAG(s) 'tutorial_dag' retrieved from /home/airflow/.local/lib/python3.12/site-packages/airflow/example_dags/tutorial_dag.py
[2025-03-12T13:56:14.925+0000] {logging_mixin.py:190} INFO - [2025-03-12T13:56:14.925+0000] {dag.py:3239} INFO - Sync 1 DAGs
[2025-03-12T13:56:14.939+0000] {logging_mixin.py:190} INFO - [2025-03-12T13:56:14.938+0000] {dag.py:4180} INFO - Setting next_dagrun for tutorial_dag to None, run_after=None
[2025-03-12T13:56:14.954+0000] {processor.py:208} INFO - Processing /home/airflow/.local/lib/python3.12/site-packages/airflow/example_dags/tutorial_dag.py took 0.058 seconds
[2025-03-12T13:56:48.398+0000] {processor.py:186} INFO - Started process (PID=5815) to work on /home/airflow/.local/lib/python3.12/site-packages/airflow/example_dags/tutorial_dag.py
[2025-03-12T13:56:48.399+0000] {processor.py:914} INFO - Processing file /home/airflow/.local/lib/python3.12/site-packages/airflow/example_dags/tutorial_dag.py for tasks to queue
[2025-03-12T13:56:48.401+0000] {logging_mixin.py:190} INFO - [2025-03-12T13:56:48.401+0000] {dagbag.py:588} INFO - Filling up the DagBag from /home/airflow/.local/lib/python3.12/site-packages/airflow/example_dags/tutorial_dag.py
[2025-03-12T13:56:48.406+0000] {processor.py:925} INFO - DAG(s) 'tutorial_dag' retrieved from /home/airflow/.local/lib/python3.12/site-packages/airflow/example_dags/tutorial_dag.py
[2025-03-12T13:56:48.420+0000] {logging_mixin.py:190} INFO - [2025-03-12T13:56:48.420+0000] {dag.py:3239} INFO - Sync 1 DAGs
[2025-03-12T13:56:48.431+0000] {logging_mixin.py:190} INFO - [2025-03-12T13:56:48.431+0000] {dag.py:4180} INFO - Setting next_dagrun for tutorial_dag to None, run_after=None
[2025-03-12T13:56:48.445+0000] {processor.py:208} INFO - Processing /home/airflow/.local/lib/python3.12/site-packages/airflow/example_dags/tutorial_dag.py took 0.051 seconds
[2025-03-12T13:57:21.401+0000] {processor.py:186} INFO - Started process (PID=6119) to work on /home/airflow/.local/lib/python3.12/site-packages/airflow/example_dags/tutorial_dag.py
[2025-03-12T13:57:21.402+0000] {processor.py:914} INFO - Processing file /home/airflow/.local/lib/python3.12/site-packages/airflow/example_dags/tutorial_dag.py for tasks to queue
[2025-03-12T13:57:21.404+0000] {logging_mixin.py:190} INFO - [2025-03-12T13:57:21.404+0000] {dagbag.py:588} INFO - Filling up the DagBag from /home/airflow/.local/lib/python3.12/site-packages/airflow/example_dags/tutorial_dag.py
[2025-03-12T13:57:21.410+0000] {processor.py:925} INFO - DAG(s) 'tutorial_dag' retrieved from /home/airflow/.local/lib/python3.12/site-packages/airflow/example_dags/tutorial_dag.py
[2025-03-12T13:57:21.427+0000] {logging_mixin.py:190} INFO - [2025-03-12T13:57:21.426+0000] {dag.py:3239} INFO - Sync 1 DAGs
[2025-03-12T13:57:21.438+0000] {logging_mixin.py:190} INFO - [2025-03-12T13:57:21.438+0000] {dag.py:4180} INFO - Setting next_dagrun for tutorial_dag to None, run_after=None
[2025-03-12T13:57:21.455+0000] {processor.py:208} INFO - Processing /home/airflow/.local/lib/python3.12/site-packages/airflow/example_dags/tutorial_dag.py took 0.058 seconds
[2025-03-12T13:57:55.251+0000] {processor.py:186} INFO - Started process (PID=6425) to work on /home/airflow/.local/lib/python3.12/site-packages/airflow/example_dags/tutorial_dag.py
[2025-03-12T13:57:55.252+0000] {processor.py:914} INFO - Processing file /home/airflow/.local/lib/python3.12/site-packages/airflow/example_dags/tutorial_dag.py for tasks to queue
[2025-03-12T13:57:55.254+0000] {logging_mixin.py:190} INFO - [2025-03-12T13:57:55.253+0000] {dagbag.py:588} INFO - Filling up the DagBag from /home/airflow/.local/lib/python3.12/site-packages/airflow/example_dags/tutorial_dag.py
[2025-03-12T13:57:55.259+0000] {processor.py:925} INFO - DAG(s) 'tutorial_dag' retrieved from /home/airflow/.local/lib/python3.12/site-packages/airflow/example_dags/tutorial_dag.py
[2025-03-12T13:57:55.276+0000] {logging_mixin.py:190} INFO - [2025-03-12T13:57:55.275+0000] {dag.py:3239} INFO - Sync 1 DAGs
[2025-03-12T13:57:55.287+0000] {logging_mixin.py:190} INFO - [2025-03-12T13:57:55.287+0000] {dag.py:4180} INFO - Setting next_dagrun for tutorial_dag to None, run_after=None
[2025-03-12T13:57:55.302+0000] {processor.py:208} INFO - Processing /home/airflow/.local/lib/python3.12/site-packages/airflow/example_dags/tutorial_dag.py took 0.055 seconds
[2025-03-12T13:58:28.262+0000] {processor.py:186} INFO - Started process (PID=6731) to work on /home/airflow/.local/lib/python3.12/site-packages/airflow/example_dags/tutorial_dag.py
[2025-03-12T13:58:28.263+0000] {processor.py:914} INFO - Processing file /home/airflow/.local/lib/python3.12/site-packages/airflow/example_dags/tutorial_dag.py for tasks to queue
[2025-03-12T13:58:28.265+0000] {logging_mixin.py:190} INFO - [2025-03-12T13:58:28.265+0000] {dagbag.py:588} INFO - Filling up the DagBag from /home/airflow/.local/lib/python3.12/site-packages/airflow/example_dags/tutorial_dag.py
[2025-03-12T13:58:28.273+0000] {processor.py:925} INFO - DAG(s) 'tutorial_dag' retrieved from /home/airflow/.local/lib/python3.12/site-packages/airflow/example_dags/tutorial_dag.py
[2025-03-12T13:58:28.288+0000] {logging_mixin.py:190} INFO - [2025-03-12T13:58:28.288+0000] {dag.py:3239} INFO - Sync 1 DAGs
[2025-03-12T13:58:28.299+0000] {logging_mixin.py:190} INFO - [2025-03-12T13:58:28.299+0000] {dag.py:4180} INFO - Setting next_dagrun for tutorial_dag to None, run_after=None
[2025-03-12T13:58:28.314+0000] {processor.py:208} INFO - Processing /home/airflow/.local/lib/python3.12/site-packages/airflow/example_dags/tutorial_dag.py took 0.056 seconds
[2025-03-12T13:59:01.897+0000] {processor.py:186} INFO - Started process (PID=7037) to work on /home/airflow/.local/lib/python3.12/site-packages/airflow/example_dags/tutorial_dag.py
[2025-03-12T13:59:01.899+0000] {processor.py:914} INFO - Processing file /home/airflow/.local/lib/python3.12/site-packages/airflow/example_dags/tutorial_dag.py for tasks to queue
[2025-03-12T13:59:01.902+0000] {logging_mixin.py:190} INFO - [2025-03-12T13:59:01.902+0000] {dagbag.py:588} INFO - Filling up the DagBag from /home/airflow/.local/lib/python3.12/site-packages/airflow/example_dags/tutorial_dag.py
[2025-03-12T13:59:01.913+0000] {processor.py:925} INFO - DAG(s) 'tutorial_dag' retrieved from /home/airflow/.local/lib/python3.12/site-packages/airflow/example_dags/tutorial_dag.py
[2025-03-12T13:59:01.946+0000] {logging_mixin.py:190} INFO - [2025-03-12T13:59:01.946+0000] {dag.py:3239} INFO - Sync 1 DAGs
[2025-03-12T13:59:01.977+0000] {logging_mixin.py:190} INFO - [2025-03-12T13:59:01.977+0000] {dag.py:4180} INFO - Setting next_dagrun for tutorial_dag to None, run_after=None
[2025-03-12T13:59:02.013+0000] {processor.py:208} INFO - Processing /home/airflow/.local/lib/python3.12/site-packages/airflow/example_dags/tutorial_dag.py took 0.123 seconds
[2025-03-12T13:59:34.574+0000] {processor.py:186} INFO - Started process (PID=7343) to work on /home/airflow/.local/lib/python3.12/site-packages/airflow/example_dags/tutorial_dag.py
[2025-03-12T13:59:34.574+0000] {processor.py:914} INFO - Processing file /home/airflow/.local/lib/python3.12/site-packages/airflow/example_dags/tutorial_dag.py for tasks to queue
[2025-03-12T13:59:34.576+0000] {logging_mixin.py:190} INFO - [2025-03-12T13:59:34.576+0000] {dagbag.py:588} INFO - Filling up the DagBag from /home/airflow/.local/lib/python3.12/site-packages/airflow/example_dags/tutorial_dag.py
[2025-03-12T13:59:34.581+0000] {processor.py:925} INFO - DAG(s) 'tutorial_dag' retrieved from /home/airflow/.local/lib/python3.12/site-packages/airflow/example_dags/tutorial_dag.py
[2025-03-12T13:59:34.597+0000] {logging_mixin.py:190} INFO - [2025-03-12T13:59:34.596+0000] {dag.py:3239} INFO - Sync 1 DAGs
[2025-03-12T13:59:34.606+0000] {logging_mixin.py:190} INFO - [2025-03-12T13:59:34.606+0000] {dag.py:4180} INFO - Setting next_dagrun for tutorial_dag to None, run_after=None
[2025-03-12T13:59:34.621+0000] {processor.py:208} INFO - Processing /home/airflow/.local/lib/python3.12/site-packages/airflow/example_dags/tutorial_dag.py took 0.052 seconds
[2025-03-12T14:00:08.399+0000] {processor.py:186} INFO - Started process (PID=7649) to work on /home/airflow/.local/lib/python3.12/site-packages/airflow/example_dags/tutorial_dag.py
[2025-03-12T14:00:08.400+0000] {processor.py:914} INFO - Processing file /home/airflow/.local/lib/python3.12/site-packages/airflow/example_dags/tutorial_dag.py for tasks to queue
[2025-03-12T14:00:08.402+0000] {logging_mixin.py:190} INFO - [2025-03-12T14:00:08.402+0000] {dagbag.py:588} INFO - Filling up the DagBag from /home/airflow/.local/lib/python3.12/site-packages/airflow/example_dags/tutorial_dag.py
[2025-03-12T14:00:08.408+0000] {processor.py:925} INFO - DAG(s) 'tutorial_dag' retrieved from /home/airflow/.local/lib/python3.12/site-packages/airflow/example_dags/tutorial_dag.py
[2025-03-12T14:00:08.423+0000] {logging_mixin.py:190} INFO - [2025-03-12T14:00:08.423+0000] {dag.py:3239} INFO - Sync 1 DAGs
[2025-03-12T14:00:08.433+0000] {logging_mixin.py:190} INFO - [2025-03-12T14:00:08.433+0000] {dag.py:4180} INFO - Setting next_dagrun for tutorial_dag to None, run_after=None
[2025-03-12T14:00:08.448+0000] {processor.py:208} INFO - Processing /home/airflow/.local/lib/python3.12/site-packages/airflow/example_dags/tutorial_dag.py took 0.053 seconds
[2025-03-12T14:00:41.115+0000] {processor.py:186} INFO - Started process (PID=7955) to work on /home/airflow/.local/lib/python3.12/site-packages/airflow/example_dags/tutorial_dag.py
[2025-03-12T14:00:41.116+0000] {processor.py:914} INFO - Processing file /home/airflow/.local/lib/python3.12/site-packages/airflow/example_dags/tutorial_dag.py for tasks to queue
[2025-03-12T14:00:41.117+0000] {logging_mixin.py:190} INFO - [2025-03-12T14:00:41.117+0000] {dagbag.py:588} INFO - Filling up the DagBag from /home/airflow/.local/lib/python3.12/site-packages/airflow/example_dags/tutorial_dag.py
[2025-03-12T14:00:41.123+0000] {processor.py:925} INFO - DAG(s) 'tutorial_dag' retrieved from /home/airflow/.local/lib/python3.12/site-packages/airflow/example_dags/tutorial_dag.py
[2025-03-12T14:00:41.139+0000] {logging_mixin.py:190} INFO - [2025-03-12T14:00:41.139+0000] {dag.py:3239} INFO - Sync 1 DAGs
[2025-03-12T14:00:41.149+0000] {logging_mixin.py:190} INFO - [2025-03-12T14:00:41.149+0000] {dag.py:4180} INFO - Setting next_dagrun for tutorial_dag to None, run_after=None
[2025-03-12T14:00:41.164+0000] {processor.py:208} INFO - Processing /home/airflow/.local/lib/python3.12/site-packages/airflow/example_dags/tutorial_dag.py took 0.053 seconds
[2025-03-12T14:01:15.122+0000] {processor.py:186} INFO - Started process (PID=8263) to work on /home/airflow/.local/lib/python3.12/site-packages/airflow/example_dags/tutorial_dag.py
[2025-03-12T14:01:15.123+0000] {processor.py:914} INFO - Processing file /home/airflow/.local/lib/python3.12/site-packages/airflow/example_dags/tutorial_dag.py for tasks to queue
[2025-03-12T14:01:15.125+0000] {logging_mixin.py:190} INFO - [2025-03-12T14:01:15.125+0000] {dagbag.py:588} INFO - Filling up the DagBag from /home/airflow/.local/lib/python3.12/site-packages/airflow/example_dags/tutorial_dag.py
[2025-03-12T14:01:15.130+0000] {processor.py:925} INFO - DAG(s) 'tutorial_dag' retrieved from /home/airflow/.local/lib/python3.12/site-packages/airflow/example_dags/tutorial_dag.py
[2025-03-12T14:01:15.145+0000] {logging_mixin.py:190} INFO - [2025-03-12T14:01:15.145+0000] {dag.py:3239} INFO - Sync 1 DAGs
[2025-03-12T14:01:15.155+0000] {logging_mixin.py:190} INFO - [2025-03-12T14:01:15.154+0000] {dag.py:4180} INFO - Setting next_dagrun for tutorial_dag to None, run_after=None
[2025-03-12T14:01:15.169+0000] {processor.py:208} INFO - Processing /home/airflow/.local/lib/python3.12/site-packages/airflow/example_dags/tutorial_dag.py took 0.051 seconds
[2025-03-12T14:01:47.686+0000] {processor.py:186} INFO - Started process (PID=8568) to work on /home/airflow/.local/lib/python3.12/site-packages/airflow/example_dags/tutorial_dag.py
[2025-03-12T14:01:47.687+0000] {processor.py:914} INFO - Processing file /home/airflow/.local/lib/python3.12/site-packages/airflow/example_dags/tutorial_dag.py for tasks to queue
[2025-03-12T14:01:47.690+0000] {logging_mixin.py:190} INFO - [2025-03-12T14:01:47.689+0000] {dagbag.py:588} INFO - Filling up the DagBag from /home/airflow/.local/lib/python3.12/site-packages/airflow/example_dags/tutorial_dag.py
[2025-03-12T14:01:47.700+0000] {processor.py:925} INFO - DAG(s) 'tutorial_dag' retrieved from /home/airflow/.local/lib/python3.12/site-packages/airflow/example_dags/tutorial_dag.py
[2025-03-12T14:01:47.719+0000] {logging_mixin.py:190} INFO - [2025-03-12T14:01:47.719+0000] {dag.py:3239} INFO - Sync 1 DAGs
[2025-03-12T14:01:47.735+0000] {logging_mixin.py:190} INFO - [2025-03-12T14:01:47.735+0000] {dag.py:4180} INFO - Setting next_dagrun for tutorial_dag to None, run_after=None
[2025-03-12T14:01:47.759+0000] {processor.py:208} INFO - Processing /home/airflow/.local/lib/python3.12/site-packages/airflow/example_dags/tutorial_dag.py took 0.078 seconds
[2025-03-12T14:02:21.525+0000] {processor.py:186} INFO - Started process (PID=8874) to work on /home/airflow/.local/lib/python3.12/site-packages/airflow/example_dags/tutorial_dag.py
[2025-03-12T14:02:21.526+0000] {processor.py:914} INFO - Processing file /home/airflow/.local/lib/python3.12/site-packages/airflow/example_dags/tutorial_dag.py for tasks to queue
[2025-03-12T14:02:21.527+0000] {logging_mixin.py:190} INFO - [2025-03-12T14:02:21.527+0000] {dagbag.py:588} INFO - Filling up the DagBag from /home/airflow/.local/lib/python3.12/site-packages/airflow/example_dags/tutorial_dag.py
[2025-03-12T14:02:21.533+0000] {processor.py:925} INFO - DAG(s) 'tutorial_dag' retrieved from /home/airflow/.local/lib/python3.12/site-packages/airflow/example_dags/tutorial_dag.py
[2025-03-12T14:02:21.548+0000] {logging_mixin.py:190} INFO - [2025-03-12T14:02:21.547+0000] {dag.py:3239} INFO - Sync 1 DAGs
[2025-03-12T14:02:21.558+0000] {logging_mixin.py:190} INFO - [2025-03-12T14:02:21.558+0000] {dag.py:4180} INFO - Setting next_dagrun for tutorial_dag to None, run_after=None
[2025-03-12T14:02:21.573+0000] {processor.py:208} INFO - Processing /home/airflow/.local/lib/python3.12/site-packages/airflow/example_dags/tutorial_dag.py took 0.052 seconds
[2025-03-12T14:02:55.289+0000] {processor.py:186} INFO - Started process (PID=9182) to work on /home/airflow/.local/lib/python3.12/site-packages/airflow/example_dags/tutorial_dag.py
[2025-03-12T14:02:55.290+0000] {processor.py:914} INFO - Processing file /home/airflow/.local/lib/python3.12/site-packages/airflow/example_dags/tutorial_dag.py for tasks to queue
[2025-03-12T14:02:55.292+0000] {logging_mixin.py:190} INFO - [2025-03-12T14:02:55.292+0000] {dagbag.py:588} INFO - Filling up the DagBag from /home/airflow/.local/lib/python3.12/site-packages/airflow/example_dags/tutorial_dag.py
[2025-03-12T14:02:55.298+0000] {processor.py:925} INFO - DAG(s) 'tutorial_dag' retrieved from /home/airflow/.local/lib/python3.12/site-packages/airflow/example_dags/tutorial_dag.py
[2025-03-12T14:02:55.314+0000] {logging_mixin.py:190} INFO - [2025-03-12T14:02:55.314+0000] {dag.py:3239} INFO - Sync 1 DAGs
[2025-03-12T14:02:55.326+0000] {logging_mixin.py:190} INFO - [2025-03-12T14:02:55.326+0000] {dag.py:4180} INFO - Setting next_dagrun for tutorial_dag to None, run_after=None
[2025-03-12T14:02:55.341+0000] {processor.py:208} INFO - Processing /home/airflow/.local/lib/python3.12/site-packages/airflow/example_dags/tutorial_dag.py took 0.056 seconds
[2025-03-12T14:03:27.834+0000] {processor.py:186} INFO - Started process (PID=9486) to work on /home/airflow/.local/lib/python3.12/site-packages/airflow/example_dags/tutorial_dag.py
[2025-03-12T14:03:27.835+0000] {processor.py:914} INFO - Processing file /home/airflow/.local/lib/python3.12/site-packages/airflow/example_dags/tutorial_dag.py for tasks to queue
[2025-03-12T14:03:27.838+0000] {logging_mixin.py:190} INFO - [2025-03-12T14:03:27.837+0000] {dagbag.py:588} INFO - Filling up the DagBag from /home/airflow/.local/lib/python3.12/site-packages/airflow/example_dags/tutorial_dag.py
[2025-03-12T14:03:27.847+0000] {processor.py:925} INFO - DAG(s) 'tutorial_dag' retrieved from /home/airflow/.local/lib/python3.12/site-packages/airflow/example_dags/tutorial_dag.py
[2025-03-12T14:03:27.870+0000] {logging_mixin.py:190} INFO - [2025-03-12T14:03:27.870+0000] {dag.py:3239} INFO - Sync 1 DAGs
[2025-03-12T14:03:27.887+0000] {logging_mixin.py:190} INFO - [2025-03-12T14:03:27.887+0000] {dag.py:4180} INFO - Setting next_dagrun for tutorial_dag to None, run_after=None
[2025-03-12T14:03:27.905+0000] {processor.py:208} INFO - Processing /home/airflow/.local/lib/python3.12/site-packages/airflow/example_dags/tutorial_dag.py took 0.076 seconds
[2025-03-12T14:04:02.816+0000] {processor.py:186} INFO - Started process (PID=9792) to work on /home/airflow/.local/lib/python3.12/site-packages/airflow/example_dags/tutorial_dag.py
[2025-03-12T14:04:02.818+0000] {processor.py:914} INFO - Processing file /home/airflow/.local/lib/python3.12/site-packages/airflow/example_dags/tutorial_dag.py for tasks to queue
[2025-03-12T14:04:02.822+0000] {logging_mixin.py:190} INFO - [2025-03-12T14:04:02.821+0000] {dagbag.py:588} INFO - Filling up the DagBag from /home/airflow/.local/lib/python3.12/site-packages/airflow/example_dags/tutorial_dag.py
[2025-03-12T14:04:02.832+0000] {processor.py:925} INFO - DAG(s) 'tutorial_dag' retrieved from /home/airflow/.local/lib/python3.12/site-packages/airflow/example_dags/tutorial_dag.py
[2025-03-12T14:04:02.863+0000] {logging_mixin.py:190} INFO - [2025-03-12T14:04:02.863+0000] {dag.py:3239} INFO - Sync 1 DAGs
[2025-03-12T14:04:02.889+0000] {logging_mixin.py:190} INFO - [2025-03-12T14:04:02.889+0000] {dag.py:4180} INFO - Setting next_dagrun for tutorial_dag to None, run_after=None
[2025-03-12T14:04:02.922+0000] {processor.py:208} INFO - Processing /home/airflow/.local/lib/python3.12/site-packages/airflow/example_dags/tutorial_dag.py took 0.113 seconds
[2025-03-12T14:04:34.280+0000] {processor.py:186} INFO - Started process (PID=10098) to work on /home/airflow/.local/lib/python3.12/site-packages/airflow/example_dags/tutorial_dag.py
[2025-03-12T14:04:34.281+0000] {processor.py:914} INFO - Processing file /home/airflow/.local/lib/python3.12/site-packages/airflow/example_dags/tutorial_dag.py for tasks to queue
[2025-03-12T14:04:34.283+0000] {logging_mixin.py:190} INFO - [2025-03-12T14:04:34.283+0000] {dagbag.py:588} INFO - Filling up the DagBag from /home/airflow/.local/lib/python3.12/site-packages/airflow/example_dags/tutorial_dag.py
[2025-03-12T14:04:34.288+0000] {processor.py:925} INFO - DAG(s) 'tutorial_dag' retrieved from /home/airflow/.local/lib/python3.12/site-packages/airflow/example_dags/tutorial_dag.py
[2025-03-12T14:04:34.304+0000] {logging_mixin.py:190} INFO - [2025-03-12T14:04:34.304+0000] {dag.py:3239} INFO - Sync 1 DAGs
[2025-03-12T14:04:34.315+0000] {logging_mixin.py:190} INFO - [2025-03-12T14:04:34.315+0000] {dag.py:4180} INFO - Setting next_dagrun for tutorial_dag to None, run_after=None
[2025-03-12T14:04:34.331+0000] {processor.py:208} INFO - Processing /home/airflow/.local/lib/python3.12/site-packages/airflow/example_dags/tutorial_dag.py took 0.055 seconds
[2025-03-12T14:05:07.539+0000] {processor.py:186} INFO - Started process (PID=10404) to work on /home/airflow/.local/lib/python3.12/site-packages/airflow/example_dags/tutorial_dag.py
[2025-03-12T14:05:07.540+0000] {processor.py:914} INFO - Processing file /home/airflow/.local/lib/python3.12/site-packages/airflow/example_dags/tutorial_dag.py for tasks to queue
[2025-03-12T14:05:07.543+0000] {logging_mixin.py:190} INFO - [2025-03-12T14:05:07.542+0000] {dagbag.py:588} INFO - Filling up the DagBag from /home/airflow/.local/lib/python3.12/site-packages/airflow/example_dags/tutorial_dag.py
[2025-03-12T14:05:07.551+0000] {processor.py:925} INFO - DAG(s) 'tutorial_dag' retrieved from /home/airflow/.local/lib/python3.12/site-packages/airflow/example_dags/tutorial_dag.py
[2025-03-12T14:05:07.570+0000] {logging_mixin.py:190} INFO - [2025-03-12T14:05:07.570+0000] {dag.py:3239} INFO - Sync 1 DAGs
[2025-03-12T14:05:07.586+0000] {logging_mixin.py:190} INFO - [2025-03-12T14:05:07.586+0000] {dag.py:4180} INFO - Setting next_dagrun for tutorial_dag to None, run_after=None
[2025-03-12T14:05:07.616+0000] {processor.py:208} INFO - Processing /home/airflow/.local/lib/python3.12/site-packages/airflow/example_dags/tutorial_dag.py took 0.083 seconds
[2025-03-12T14:05:41.882+0000] {processor.py:186} INFO - Started process (PID=10715) to work on /home/airflow/.local/lib/python3.12/site-packages/airflow/example_dags/tutorial_dag.py
[2025-03-12T14:05:41.883+0000] {processor.py:914} INFO - Processing file /home/airflow/.local/lib/python3.12/site-packages/airflow/example_dags/tutorial_dag.py for tasks to queue
[2025-03-12T14:05:41.885+0000] {logging_mixin.py:190} INFO - [2025-03-12T14:05:41.885+0000] {dagbag.py:588} INFO - Filling up the DagBag from /home/airflow/.local/lib/python3.12/site-packages/airflow/example_dags/tutorial_dag.py
[2025-03-12T14:05:41.892+0000] {processor.py:925} INFO - DAG(s) 'tutorial_dag' retrieved from /home/airflow/.local/lib/python3.12/site-packages/airflow/example_dags/tutorial_dag.py
[2025-03-12T14:05:41.910+0000] {logging_mixin.py:190} INFO - [2025-03-12T14:05:41.909+0000] {dag.py:3239} INFO - Sync 1 DAGs
[2025-03-12T14:05:41.922+0000] {logging_mixin.py:190} INFO - [2025-03-12T14:05:41.922+0000] {dag.py:4180} INFO - Setting next_dagrun for tutorial_dag to None, run_after=None
[2025-03-12T14:05:41.940+0000] {processor.py:208} INFO - Processing /home/airflow/.local/lib/python3.12/site-packages/airflow/example_dags/tutorial_dag.py took 0.063 seconds
[2025-03-12T14:06:14.334+0000] {processor.py:186} INFO - Started process (PID=11021) to work on /home/airflow/.local/lib/python3.12/site-packages/airflow/example_dags/tutorial_dag.py
[2025-03-12T14:06:14.335+0000] {processor.py:914} INFO - Processing file /home/airflow/.local/lib/python3.12/site-packages/airflow/example_dags/tutorial_dag.py for tasks to queue
[2025-03-12T14:06:14.337+0000] {logging_mixin.py:190} INFO - [2025-03-12T14:06:14.336+0000] {dagbag.py:588} INFO - Filling up the DagBag from /home/airflow/.local/lib/python3.12/site-packages/airflow/example_dags/tutorial_dag.py
[2025-03-12T14:06:14.342+0000] {processor.py:925} INFO - DAG(s) 'tutorial_dag' retrieved from /home/airflow/.local/lib/python3.12/site-packages/airflow/example_dags/tutorial_dag.py
[2025-03-12T14:06:14.358+0000] {logging_mixin.py:190} INFO - [2025-03-12T14:06:14.358+0000] {dag.py:3239} INFO - Sync 1 DAGs
[2025-03-12T14:06:14.369+0000] {logging_mixin.py:190} INFO - [2025-03-12T14:06:14.369+0000] {dag.py:4180} INFO - Setting next_dagrun for tutorial_dag to None, run_after=None
[2025-03-12T14:06:14.384+0000] {processor.py:208} INFO - Processing /home/airflow/.local/lib/python3.12/site-packages/airflow/example_dags/tutorial_dag.py took 0.055 seconds
[2025-03-12T14:06:48.149+0000] {processor.py:186} INFO - Started process (PID=11327) to work on /home/airflow/.local/lib/python3.12/site-packages/airflow/example_dags/tutorial_dag.py
[2025-03-12T14:06:48.150+0000] {processor.py:914} INFO - Processing file /home/airflow/.local/lib/python3.12/site-packages/airflow/example_dags/tutorial_dag.py for tasks to queue
[2025-03-12T14:06:48.152+0000] {logging_mixin.py:190} INFO - [2025-03-12T14:06:48.151+0000] {dagbag.py:588} INFO - Filling up the DagBag from /home/airflow/.local/lib/python3.12/site-packages/airflow/example_dags/tutorial_dag.py
[2025-03-12T14:06:48.157+0000] {processor.py:925} INFO - DAG(s) 'tutorial_dag' retrieved from /home/airflow/.local/lib/python3.12/site-packages/airflow/example_dags/tutorial_dag.py
[2025-03-12T14:06:48.172+0000] {logging_mixin.py:190} INFO - [2025-03-12T14:06:48.172+0000] {dag.py:3239} INFO - Sync 1 DAGs
[2025-03-12T14:06:48.182+0000] {logging_mixin.py:190} INFO - [2025-03-12T14:06:48.182+0000] {dag.py:4180} INFO - Setting next_dagrun for tutorial_dag to None, run_after=None
[2025-03-12T14:06:48.197+0000] {processor.py:208} INFO - Processing /home/airflow/.local/lib/python3.12/site-packages/airflow/example_dags/tutorial_dag.py took 0.052 seconds
[2025-03-12T14:07:21.734+0000] {processor.py:186} INFO - Started process (PID=11633) to work on /home/airflow/.local/lib/python3.12/site-packages/airflow/example_dags/tutorial_dag.py
[2025-03-12T14:07:21.734+0000] {processor.py:914} INFO - Processing file /home/airflow/.local/lib/python3.12/site-packages/airflow/example_dags/tutorial_dag.py for tasks to queue
[2025-03-12T14:07:21.736+0000] {logging_mixin.py:190} INFO - [2025-03-12T14:07:21.736+0000] {dagbag.py:588} INFO - Filling up the DagBag from /home/airflow/.local/lib/python3.12/site-packages/airflow/example_dags/tutorial_dag.py
[2025-03-12T14:07:21.742+0000] {processor.py:925} INFO - DAG(s) 'tutorial_dag' retrieved from /home/airflow/.local/lib/python3.12/site-packages/airflow/example_dags/tutorial_dag.py
[2025-03-12T14:07:21.758+0000] {logging_mixin.py:190} INFO - [2025-03-12T14:07:21.758+0000] {dag.py:3239} INFO - Sync 1 DAGs
[2025-03-12T14:07:21.770+0000] {logging_mixin.py:190} INFO - [2025-03-12T14:07:21.770+0000] {dag.py:4180} INFO - Setting next_dagrun for tutorial_dag to None, run_after=None
[2025-03-12T14:07:21.785+0000] {processor.py:208} INFO - Processing /home/airflow/.local/lib/python3.12/site-packages/airflow/example_dags/tutorial_dag.py took 0.056 seconds
[2025-03-12T14:07:54.610+0000] {processor.py:186} INFO - Started process (PID=11939) to work on /home/airflow/.local/lib/python3.12/site-packages/airflow/example_dags/tutorial_dag.py
[2025-03-12T14:07:54.611+0000] {processor.py:914} INFO - Processing file /home/airflow/.local/lib/python3.12/site-packages/airflow/example_dags/tutorial_dag.py for tasks to queue
[2025-03-12T14:07:54.612+0000] {logging_mixin.py:190} INFO - [2025-03-12T14:07:54.612+0000] {dagbag.py:588} INFO - Filling up the DagBag from /home/airflow/.local/lib/python3.12/site-packages/airflow/example_dags/tutorial_dag.py
[2025-03-12T14:07:54.619+0000] {processor.py:925} INFO - DAG(s) 'tutorial_dag' retrieved from /home/airflow/.local/lib/python3.12/site-packages/airflow/example_dags/tutorial_dag.py
[2025-03-12T14:07:54.636+0000] {logging_mixin.py:190} INFO - [2025-03-12T14:07:54.635+0000] {dag.py:3239} INFO - Sync 1 DAGs
[2025-03-12T14:07:54.646+0000] {logging_mixin.py:190} INFO - [2025-03-12T14:07:54.646+0000] {dag.py:4180} INFO - Setting next_dagrun for tutorial_dag to None, run_after=None
[2025-03-12T14:07:54.662+0000] {processor.py:208} INFO - Processing /home/airflow/.local/lib/python3.12/site-packages/airflow/example_dags/tutorial_dag.py took 0.056 seconds
[2025-03-12T14:08:28.939+0000] {processor.py:186} INFO - Started process (PID=12247) to work on /home/airflow/.local/lib/python3.12/site-packages/airflow/example_dags/tutorial_dag.py
[2025-03-12T14:08:28.940+0000] {processor.py:914} INFO - Processing file /home/airflow/.local/lib/python3.12/site-packages/airflow/example_dags/tutorial_dag.py for tasks to queue
[2025-03-12T14:08:28.942+0000] {logging_mixin.py:190} INFO - [2025-03-12T14:08:28.941+0000] {dagbag.py:588} INFO - Filling up the DagBag from /home/airflow/.local/lib/python3.12/site-packages/airflow/example_dags/tutorial_dag.py
[2025-03-12T14:08:28.947+0000] {processor.py:925} INFO - DAG(s) 'tutorial_dag' retrieved from /home/airflow/.local/lib/python3.12/site-packages/airflow/example_dags/tutorial_dag.py
[2025-03-12T14:08:28.962+0000] {logging_mixin.py:190} INFO - [2025-03-12T14:08:28.962+0000] {dag.py:3239} INFO - Sync 1 DAGs
[2025-03-12T14:08:28.972+0000] {logging_mixin.py:190} INFO - [2025-03-12T14:08:28.972+0000] {dag.py:4180} INFO - Setting next_dagrun for tutorial_dag to None, run_after=None
[2025-03-12T14:08:28.987+0000] {processor.py:208} INFO - Processing /home/airflow/.local/lib/python3.12/site-packages/airflow/example_dags/tutorial_dag.py took 0.051 seconds
[2025-03-12T14:09:01.569+0000] {processor.py:186} INFO - Started process (PID=12551) to work on /home/airflow/.local/lib/python3.12/site-packages/airflow/example_dags/tutorial_dag.py
[2025-03-12T14:09:01.570+0000] {processor.py:914} INFO - Processing file /home/airflow/.local/lib/python3.12/site-packages/airflow/example_dags/tutorial_dag.py for tasks to queue
[2025-03-12T14:09:01.572+0000] {logging_mixin.py:190} INFO - [2025-03-12T14:09:01.571+0000] {dagbag.py:588} INFO - Filling up the DagBag from /home/airflow/.local/lib/python3.12/site-packages/airflow/example_dags/tutorial_dag.py
[2025-03-12T14:09:01.578+0000] {processor.py:925} INFO - DAG(s) 'tutorial_dag' retrieved from /home/airflow/.local/lib/python3.12/site-packages/airflow/example_dags/tutorial_dag.py
[2025-03-12T14:09:01.595+0000] {logging_mixin.py:190} INFO - [2025-03-12T14:09:01.595+0000] {dag.py:3239} INFO - Sync 1 DAGs
[2025-03-12T14:09:01.606+0000] {logging_mixin.py:190} INFO - [2025-03-12T14:09:01.605+0000] {dag.py:4180} INFO - Setting next_dagrun for tutorial_dag to None, run_after=None
[2025-03-12T14:09:01.622+0000] {processor.py:208} INFO - Processing /home/airflow/.local/lib/python3.12/site-packages/airflow/example_dags/tutorial_dag.py took 0.057 seconds
[2025-03-12T14:09:35.194+0000] {processor.py:186} INFO - Started process (PID=12857) to work on /home/airflow/.local/lib/python3.12/site-packages/airflow/example_dags/tutorial_dag.py
[2025-03-12T14:09:35.195+0000] {processor.py:914} INFO - Processing file /home/airflow/.local/lib/python3.12/site-packages/airflow/example_dags/tutorial_dag.py for tasks to queue
[2025-03-12T14:09:35.197+0000] {logging_mixin.py:190} INFO - [2025-03-12T14:09:35.197+0000] {dagbag.py:588} INFO - Filling up the DagBag from /home/airflow/.local/lib/python3.12/site-packages/airflow/example_dags/tutorial_dag.py
[2025-03-12T14:09:35.203+0000] {processor.py:925} INFO - DAG(s) 'tutorial_dag' retrieved from /home/airflow/.local/lib/python3.12/site-packages/airflow/example_dags/tutorial_dag.py
[2025-03-12T14:09:35.220+0000] {logging_mixin.py:190} INFO - [2025-03-12T14:09:35.219+0000] {dag.py:3239} INFO - Sync 1 DAGs
[2025-03-12T14:09:35.231+0000] {logging_mixin.py:190} INFO - [2025-03-12T14:09:35.231+0000] {dag.py:4180} INFO - Setting next_dagrun for tutorial_dag to None, run_after=None
[2025-03-12T14:09:35.248+0000] {processor.py:208} INFO - Processing /home/airflow/.local/lib/python3.12/site-packages/airflow/example_dags/tutorial_dag.py took 0.059 seconds
[2025-03-12T14:10:08.159+0000] {processor.py:186} INFO - Started process (PID=13163) to work on /home/airflow/.local/lib/python3.12/site-packages/airflow/example_dags/tutorial_dag.py
[2025-03-12T14:10:08.160+0000] {processor.py:914} INFO - Processing file /home/airflow/.local/lib/python3.12/site-packages/airflow/example_dags/tutorial_dag.py for tasks to queue
[2025-03-12T14:10:08.162+0000] {logging_mixin.py:190} INFO - [2025-03-12T14:10:08.162+0000] {dagbag.py:588} INFO - Filling up the DagBag from /home/airflow/.local/lib/python3.12/site-packages/airflow/example_dags/tutorial_dag.py
[2025-03-12T14:10:08.168+0000] {processor.py:925} INFO - DAG(s) 'tutorial_dag' retrieved from /home/airflow/.local/lib/python3.12/site-packages/airflow/example_dags/tutorial_dag.py
[2025-03-12T14:10:08.187+0000] {logging_mixin.py:190} INFO - [2025-03-12T14:10:08.187+0000] {dag.py:3239} INFO - Sync 1 DAGs
[2025-03-12T14:10:08.200+0000] {logging_mixin.py:190} INFO - [2025-03-12T14:10:08.200+0000] {dag.py:4180} INFO - Setting next_dagrun for tutorial_dag to None, run_after=None
[2025-03-12T14:10:08.218+0000] {processor.py:208} INFO - Processing /home/airflow/.local/lib/python3.12/site-packages/airflow/example_dags/tutorial_dag.py took 0.064 seconds
[2025-03-12T14:10:40.900+0000] {processor.py:186} INFO - Started process (PID=13469) to work on /home/airflow/.local/lib/python3.12/site-packages/airflow/example_dags/tutorial_dag.py
[2025-03-12T14:10:40.901+0000] {processor.py:914} INFO - Processing file /home/airflow/.local/lib/python3.12/site-packages/airflow/example_dags/tutorial_dag.py for tasks to queue
[2025-03-12T14:10:40.903+0000] {logging_mixin.py:190} INFO - [2025-03-12T14:10:40.902+0000] {dagbag.py:588} INFO - Filling up the DagBag from /home/airflow/.local/lib/python3.12/site-packages/airflow/example_dags/tutorial_dag.py
[2025-03-12T14:10:40.909+0000] {processor.py:925} INFO - DAG(s) 'tutorial_dag' retrieved from /home/airflow/.local/lib/python3.12/site-packages/airflow/example_dags/tutorial_dag.py
[2025-03-12T14:10:40.925+0000] {logging_mixin.py:190} INFO - [2025-03-12T14:10:40.925+0000] {dag.py:3239} INFO - Sync 1 DAGs
[2025-03-12T14:10:40.937+0000] {logging_mixin.py:190} INFO - [2025-03-12T14:10:40.937+0000] {dag.py:4180} INFO - Setting next_dagrun for tutorial_dag to None, run_after=None
[2025-03-12T14:10:40.953+0000] {processor.py:208} INFO - Processing /home/airflow/.local/lib/python3.12/site-packages/airflow/example_dags/tutorial_dag.py took 0.057 seconds
[2025-03-12T14:11:14.796+0000] {processor.py:186} INFO - Started process (PID=13775) to work on /home/airflow/.local/lib/python3.12/site-packages/airflow/example_dags/tutorial_dag.py
[2025-03-12T14:11:14.797+0000] {processor.py:914} INFO - Processing file /home/airflow/.local/lib/python3.12/site-packages/airflow/example_dags/tutorial_dag.py for tasks to queue
[2025-03-12T14:11:14.799+0000] {logging_mixin.py:190} INFO - [2025-03-12T14:11:14.799+0000] {dagbag.py:588} INFO - Filling up the DagBag from /home/airflow/.local/lib/python3.12/site-packages/airflow/example_dags/tutorial_dag.py
[2025-03-12T14:11:14.805+0000] {processor.py:925} INFO - DAG(s) 'tutorial_dag' retrieved from /home/airflow/.local/lib/python3.12/site-packages/airflow/example_dags/tutorial_dag.py
[2025-03-12T14:11:14.822+0000] {logging_mixin.py:190} INFO - [2025-03-12T14:11:14.821+0000] {dag.py:3239} INFO - Sync 1 DAGs
[2025-03-12T14:11:14.833+0000] {logging_mixin.py:190} INFO - [2025-03-12T14:11:14.833+0000] {dag.py:4180} INFO - Setting next_dagrun for tutorial_dag to None, run_after=None
[2025-03-12T14:11:14.852+0000] {processor.py:208} INFO - Processing /home/airflow/.local/lib/python3.12/site-packages/airflow/example_dags/tutorial_dag.py took 0.060 seconds
[2025-03-12T14:11:48.288+0000] {processor.py:186} INFO - Started process (PID=14082) to work on /home/airflow/.local/lib/python3.12/site-packages/airflow/example_dags/tutorial_dag.py
[2025-03-12T14:11:48.289+0000] {processor.py:914} INFO - Processing file /home/airflow/.local/lib/python3.12/site-packages/airflow/example_dags/tutorial_dag.py for tasks to queue
[2025-03-12T14:11:48.290+0000] {logging_mixin.py:190} INFO - [2025-03-12T14:11:48.290+0000] {dagbag.py:588} INFO - Filling up the DagBag from /home/airflow/.local/lib/python3.12/site-packages/airflow/example_dags/tutorial_dag.py
[2025-03-12T14:11:48.296+0000] {processor.py:925} INFO - DAG(s) 'tutorial_dag' retrieved from /home/airflow/.local/lib/python3.12/site-packages/airflow/example_dags/tutorial_dag.py
[2025-03-12T14:11:48.312+0000] {logging_mixin.py:190} INFO - [2025-03-12T14:11:48.311+0000] {dag.py:3239} INFO - Sync 1 DAGs
[2025-03-12T14:11:48.322+0000] {logging_mixin.py:190} INFO - [2025-03-12T14:11:48.322+0000] {dag.py:4180} INFO - Setting next_dagrun for tutorial_dag to None, run_after=None
[2025-03-12T14:11:48.337+0000] {processor.py:208} INFO - Processing /home/airflow/.local/lib/python3.12/site-packages/airflow/example_dags/tutorial_dag.py took 0.053 seconds
[2025-03-12T14:12:22.191+0000] {processor.py:186} INFO - Started process (PID=14388) to work on /home/airflow/.local/lib/python3.12/site-packages/airflow/example_dags/tutorial_dag.py
[2025-03-12T14:12:22.191+0000] {processor.py:914} INFO - Processing file /home/airflow/.local/lib/python3.12/site-packages/airflow/example_dags/tutorial_dag.py for tasks to queue
[2025-03-12T14:12:22.193+0000] {logging_mixin.py:190} INFO - [2025-03-12T14:12:22.193+0000] {dagbag.py:588} INFO - Filling up the DagBag from /home/airflow/.local/lib/python3.12/site-packages/airflow/example_dags/tutorial_dag.py
[2025-03-12T14:12:22.198+0000] {processor.py:925} INFO - DAG(s) 'tutorial_dag' retrieved from /home/airflow/.local/lib/python3.12/site-packages/airflow/example_dags/tutorial_dag.py
[2025-03-12T14:12:22.213+0000] {logging_mixin.py:190} INFO - [2025-03-12T14:12:22.213+0000] {dag.py:3239} INFO - Sync 1 DAGs
[2025-03-12T14:12:22.223+0000] {logging_mixin.py:190} INFO - [2025-03-12T14:12:22.223+0000] {dag.py:4180} INFO - Setting next_dagrun for tutorial_dag to None, run_after=None
[2025-03-12T14:12:22.237+0000] {processor.py:208} INFO - Processing /home/airflow/.local/lib/python3.12/site-packages/airflow/example_dags/tutorial_dag.py took 0.050 seconds
[2025-03-12T14:14:04.824+0000] {processor.py:186} INFO - Started process (PID=323) to work on /home/airflow/.local/lib/python3.12/site-packages/airflow/example_dags/tutorial_dag.py
[2025-03-12T14:14:04.825+0000] {processor.py:914} INFO - Processing file /home/airflow/.local/lib/python3.12/site-packages/airflow/example_dags/tutorial_dag.py for tasks to queue
[2025-03-12T14:14:04.827+0000] {logging_mixin.py:190} INFO - [2025-03-12T14:14:04.827+0000] {dagbag.py:588} INFO - Filling up the DagBag from /home/airflow/.local/lib/python3.12/site-packages/airflow/example_dags/tutorial_dag.py
[2025-03-12T14:14:04.839+0000] {processor.py:925} INFO - DAG(s) 'tutorial_dag' retrieved from /home/airflow/.local/lib/python3.12/site-packages/airflow/example_dags/tutorial_dag.py
[2025-03-12T14:14:04.953+0000] {logging_mixin.py:190} INFO - [2025-03-12T14:14:04.952+0000] {override.py:1912} INFO - Created Permission View: can read on DAG:tutorial_dag
[2025-03-12T14:14:04.963+0000] {logging_mixin.py:190} INFO - [2025-03-12T14:14:04.963+0000] {override.py:1912} INFO - Created Permission View: can edit on DAG:tutorial_dag
[2025-03-12T14:14:04.970+0000] {logging_mixin.py:190} INFO - [2025-03-12T14:14:04.970+0000] {override.py:1912} INFO - Created Permission View: can delete on DAG:tutorial_dag
[2025-03-12T14:14:04.979+0000] {logging_mixin.py:190} INFO - [2025-03-12T14:14:04.979+0000] {override.py:1912} INFO - Created Permission View: can create on DAG Run:tutorial_dag
[2025-03-12T14:14:04.987+0000] {logging_mixin.py:190} INFO - [2025-03-12T14:14:04.986+0000] {override.py:1912} INFO - Created Permission View: can read on DAG Run:tutorial_dag
[2025-03-12T14:14:04.994+0000] {logging_mixin.py:190} INFO - [2025-03-12T14:14:04.994+0000] {override.py:1912} INFO - Created Permission View: menu access on DAG Run:tutorial_dag
[2025-03-12T14:14:05.002+0000] {logging_mixin.py:190} INFO - [2025-03-12T14:14:05.002+0000] {override.py:1912} INFO - Created Permission View: can delete on DAG Run:tutorial_dag
[2025-03-12T14:14:05.003+0000] {logging_mixin.py:190} INFO - [2025-03-12T14:14:05.003+0000] {dag.py:3239} INFO - Sync 1 DAGs
[2025-03-12T14:14:05.017+0000] {logging_mixin.py:190} INFO - [2025-03-12T14:14:05.017+0000] {dag.py:3262} INFO - Creating ORM DAG for tutorial_dag
[2025-03-12T14:14:05.018+0000] {logging_mixin.py:190} INFO - [2025-03-12T14:14:05.018+0000] {dag.py:4180} INFO - Setting next_dagrun for tutorial_dag to None, run_after=None
[2025-03-12T14:14:05.037+0000] {processor.py:208} INFO - Processing /home/airflow/.local/lib/python3.12/site-packages/airflow/example_dags/tutorial_dag.py took 0.219 seconds
[2025-03-12T14:14:35.184+0000] {processor.py:186} INFO - Started process (PID=618) to work on /home/airflow/.local/lib/python3.12/site-packages/airflow/example_dags/tutorial_dag.py
[2025-03-12T14:14:35.185+0000] {processor.py:914} INFO - Processing file /home/airflow/.local/lib/python3.12/site-packages/airflow/example_dags/tutorial_dag.py for tasks to queue
[2025-03-12T14:14:35.187+0000] {logging_mixin.py:190} INFO - [2025-03-12T14:14:35.186+0000] {dagbag.py:588} INFO - Filling up the DagBag from /home/airflow/.local/lib/python3.12/site-packages/airflow/example_dags/tutorial_dag.py
[2025-03-12T14:14:35.192+0000] {processor.py:925} INFO - DAG(s) 'tutorial_dag' retrieved from /home/airflow/.local/lib/python3.12/site-packages/airflow/example_dags/tutorial_dag.py
[2025-03-12T14:14:35.207+0000] {logging_mixin.py:190} INFO - [2025-03-12T14:14:35.207+0000] {dag.py:3239} INFO - Sync 1 DAGs
[2025-03-12T14:14:35.218+0000] {logging_mixin.py:190} INFO - [2025-03-12T14:14:35.218+0000] {dag.py:4180} INFO - Setting next_dagrun for tutorial_dag to None, run_after=None
[2025-03-12T14:14:35.233+0000] {processor.py:208} INFO - Processing /home/airflow/.local/lib/python3.12/site-packages/airflow/example_dags/tutorial_dag.py took 0.053 seconds
[2025-03-12T14:15:08.204+0000] {processor.py:186} INFO - Started process (PID=926) to work on /home/airflow/.local/lib/python3.12/site-packages/airflow/example_dags/tutorial_dag.py
[2025-03-12T14:15:08.204+0000] {processor.py:914} INFO - Processing file /home/airflow/.local/lib/python3.12/site-packages/airflow/example_dags/tutorial_dag.py for tasks to queue
[2025-03-12T14:15:08.206+0000] {logging_mixin.py:190} INFO - [2025-03-12T14:15:08.206+0000] {dagbag.py:588} INFO - Filling up the DagBag from /home/airflow/.local/lib/python3.12/site-packages/airflow/example_dags/tutorial_dag.py
[2025-03-12T14:15:08.212+0000] {processor.py:925} INFO - DAG(s) 'tutorial_dag' retrieved from /home/airflow/.local/lib/python3.12/site-packages/airflow/example_dags/tutorial_dag.py
[2025-03-12T14:15:08.226+0000] {logging_mixin.py:190} INFO - [2025-03-12T14:15:08.226+0000] {dag.py:3239} INFO - Sync 1 DAGs
[2025-03-12T14:15:08.238+0000] {logging_mixin.py:190} INFO - [2025-03-12T14:15:08.237+0000] {dag.py:4180} INFO - Setting next_dagrun for tutorial_dag to None, run_after=None
[2025-03-12T14:15:08.252+0000] {processor.py:208} INFO - Processing /home/airflow/.local/lib/python3.12/site-packages/airflow/example_dags/tutorial_dag.py took 0.053 seconds
[2025-03-12T14:15:41.933+0000] {processor.py:186} INFO - Started process (PID=1235) to work on /home/airflow/.local/lib/python3.12/site-packages/airflow/example_dags/tutorial_dag.py
[2025-03-12T14:15:41.934+0000] {processor.py:914} INFO - Processing file /home/airflow/.local/lib/python3.12/site-packages/airflow/example_dags/tutorial_dag.py for tasks to queue
[2025-03-12T14:15:41.935+0000] {logging_mixin.py:190} INFO - [2025-03-12T14:15:41.935+0000] {dagbag.py:588} INFO - Filling up the DagBag from /home/airflow/.local/lib/python3.12/site-packages/airflow/example_dags/tutorial_dag.py
[2025-03-12T14:15:41.942+0000] {processor.py:925} INFO - DAG(s) 'tutorial_dag' retrieved from /home/airflow/.local/lib/python3.12/site-packages/airflow/example_dags/tutorial_dag.py
[2025-03-12T14:15:41.958+0000] {logging_mixin.py:190} INFO - [2025-03-12T14:15:41.958+0000] {dag.py:3239} INFO - Sync 1 DAGs
[2025-03-12T14:15:41.968+0000] {logging_mixin.py:190} INFO - [2025-03-12T14:15:41.967+0000] {dag.py:4180} INFO - Setting next_dagrun for tutorial_dag to None, run_after=None
[2025-03-12T14:15:41.984+0000] {processor.py:208} INFO - Processing /home/airflow/.local/lib/python3.12/site-packages/airflow/example_dags/tutorial_dag.py took 0.055 seconds
[2025-03-12T14:16:15.964+0000] {processor.py:186} INFO - Started process (PID=1550) to work on /home/airflow/.local/lib/python3.12/site-packages/airflow/example_dags/tutorial_dag.py
[2025-03-12T14:16:15.965+0000] {processor.py:914} INFO - Processing file /home/airflow/.local/lib/python3.12/site-packages/airflow/example_dags/tutorial_dag.py for tasks to queue
[2025-03-12T14:16:15.967+0000] {logging_mixin.py:190} INFO - [2025-03-12T14:16:15.967+0000] {dagbag.py:588} INFO - Filling up the DagBag from /home/airflow/.local/lib/python3.12/site-packages/airflow/example_dags/tutorial_dag.py
[2025-03-12T14:16:15.977+0000] {processor.py:925} INFO - DAG(s) 'tutorial_dag' retrieved from /home/airflow/.local/lib/python3.12/site-packages/airflow/example_dags/tutorial_dag.py
[2025-03-12T14:16:16.006+0000] {logging_mixin.py:190} INFO - [2025-03-12T14:16:16.006+0000] {dag.py:3239} INFO - Sync 1 DAGs
[2025-03-12T14:16:16.027+0000] {logging_mixin.py:190} INFO - [2025-03-12T14:16:16.026+0000] {dag.py:4180} INFO - Setting next_dagrun for tutorial_dag to None, run_after=None
[2025-03-12T14:16:16.050+0000] {processor.py:208} INFO - Processing /home/airflow/.local/lib/python3.12/site-packages/airflow/example_dags/tutorial_dag.py took 0.093 seconds
[2025-03-12T14:16:48.682+0000] {processor.py:186} INFO - Started process (PID=1848) to work on /home/airflow/.local/lib/python3.12/site-packages/airflow/example_dags/tutorial_dag.py
[2025-03-12T14:16:48.683+0000] {processor.py:914} INFO - Processing file /home/airflow/.local/lib/python3.12/site-packages/airflow/example_dags/tutorial_dag.py for tasks to queue
[2025-03-12T14:16:48.685+0000] {logging_mixin.py:190} INFO - [2025-03-12T14:16:48.685+0000] {dagbag.py:588} INFO - Filling up the DagBag from /home/airflow/.local/lib/python3.12/site-packages/airflow/example_dags/tutorial_dag.py
[2025-03-12T14:16:48.693+0000] {processor.py:925} INFO - DAG(s) 'tutorial_dag' retrieved from /home/airflow/.local/lib/python3.12/site-packages/airflow/example_dags/tutorial_dag.py
[2025-03-12T14:16:48.712+0000] {logging_mixin.py:190} INFO - [2025-03-12T14:16:48.711+0000] {dag.py:3239} INFO - Sync 1 DAGs
[2025-03-12T14:16:48.724+0000] {logging_mixin.py:190} INFO - [2025-03-12T14:16:48.724+0000] {dag.py:4180} INFO - Setting next_dagrun for tutorial_dag to None, run_after=None
[2025-03-12T14:16:48.745+0000] {processor.py:208} INFO - Processing /home/airflow/.local/lib/python3.12/site-packages/airflow/example_dags/tutorial_dag.py took 0.068 seconds
[2025-03-12T14:17:22.348+0000] {processor.py:186} INFO - Started process (PID=2162) to work on /home/airflow/.local/lib/python3.12/site-packages/airflow/example_dags/tutorial_dag.py
[2025-03-12T14:17:22.349+0000] {processor.py:914} INFO - Processing file /home/airflow/.local/lib/python3.12/site-packages/airflow/example_dags/tutorial_dag.py for tasks to queue
[2025-03-12T14:17:22.351+0000] {logging_mixin.py:190} INFO - [2025-03-12T14:17:22.350+0000] {dagbag.py:588} INFO - Filling up the DagBag from /home/airflow/.local/lib/python3.12/site-packages/airflow/example_dags/tutorial_dag.py
[2025-03-12T14:17:22.356+0000] {processor.py:925} INFO - DAG(s) 'tutorial_dag' retrieved from /home/airflow/.local/lib/python3.12/site-packages/airflow/example_dags/tutorial_dag.py
[2025-03-12T14:17:22.372+0000] {logging_mixin.py:190} INFO - [2025-03-12T14:17:22.372+0000] {dag.py:3239} INFO - Sync 1 DAGs
[2025-03-12T14:17:22.384+0000] {logging_mixin.py:190} INFO - [2025-03-12T14:17:22.384+0000] {dag.py:4180} INFO - Setting next_dagrun for tutorial_dag to None, run_after=None
[2025-03-12T14:17:22.399+0000] {processor.py:208} INFO - Processing /home/airflow/.local/lib/python3.12/site-packages/airflow/example_dags/tutorial_dag.py took 0.055 seconds
[2025-03-12T14:17:55.523+0000] {processor.py:186} INFO - Started process (PID=2462) to work on /home/airflow/.local/lib/python3.12/site-packages/airflow/example_dags/tutorial_dag.py
[2025-03-12T14:17:55.524+0000] {processor.py:914} INFO - Processing file /home/airflow/.local/lib/python3.12/site-packages/airflow/example_dags/tutorial_dag.py for tasks to queue
[2025-03-12T14:17:55.526+0000] {logging_mixin.py:190} INFO - [2025-03-12T14:17:55.525+0000] {dagbag.py:588} INFO - Filling up the DagBag from /home/airflow/.local/lib/python3.12/site-packages/airflow/example_dags/tutorial_dag.py
[2025-03-12T14:17:55.531+0000] {processor.py:925} INFO - DAG(s) 'tutorial_dag' retrieved from /home/airflow/.local/lib/python3.12/site-packages/airflow/example_dags/tutorial_dag.py
[2025-03-12T14:17:55.548+0000] {logging_mixin.py:190} INFO - [2025-03-12T14:17:55.548+0000] {dag.py:3239} INFO - Sync 1 DAGs
[2025-03-12T14:17:55.559+0000] {logging_mixin.py:190} INFO - [2025-03-12T14:17:55.559+0000] {dag.py:4180} INFO - Setting next_dagrun for tutorial_dag to None, run_after=None
[2025-03-12T14:17:55.576+0000] {processor.py:208} INFO - Processing /home/airflow/.local/lib/python3.12/site-packages/airflow/example_dags/tutorial_dag.py took 0.058 seconds
[2025-03-12T14:18:28.388+0000] {processor.py:186} INFO - Started process (PID=2766) to work on /home/airflow/.local/lib/python3.12/site-packages/airflow/example_dags/tutorial_dag.py
[2025-03-12T14:18:28.388+0000] {processor.py:914} INFO - Processing file /home/airflow/.local/lib/python3.12/site-packages/airflow/example_dags/tutorial_dag.py for tasks to queue
[2025-03-12T14:18:28.390+0000] {logging_mixin.py:190} INFO - [2025-03-12T14:18:28.390+0000] {dagbag.py:588} INFO - Filling up the DagBag from /home/airflow/.local/lib/python3.12/site-packages/airflow/example_dags/tutorial_dag.py
[2025-03-12T14:18:28.396+0000] {processor.py:925} INFO - DAG(s) 'tutorial_dag' retrieved from /home/airflow/.local/lib/python3.12/site-packages/airflow/example_dags/tutorial_dag.py
[2025-03-12T14:18:28.413+0000] {logging_mixin.py:190} INFO - [2025-03-12T14:18:28.413+0000] {dag.py:3239} INFO - Sync 1 DAGs
[2025-03-12T14:18:28.425+0000] {logging_mixin.py:190} INFO - [2025-03-12T14:18:28.424+0000] {dag.py:4180} INFO - Setting next_dagrun for tutorial_dag to None, run_after=None
[2025-03-12T14:18:28.441+0000] {processor.py:208} INFO - Processing /home/airflow/.local/lib/python3.12/site-packages/airflow/example_dags/tutorial_dag.py took 0.058 seconds
[2025-03-12T14:19:01.098+0000] {processor.py:186} INFO - Started process (PID=3072) to work on /home/airflow/.local/lib/python3.12/site-packages/airflow/example_dags/tutorial_dag.py
[2025-03-12T14:19:01.099+0000] {processor.py:914} INFO - Processing file /home/airflow/.local/lib/python3.12/site-packages/airflow/example_dags/tutorial_dag.py for tasks to queue
[2025-03-12T14:19:01.101+0000] {logging_mixin.py:190} INFO - [2025-03-12T14:19:01.100+0000] {dagbag.py:588} INFO - Filling up the DagBag from /home/airflow/.local/lib/python3.12/site-packages/airflow/example_dags/tutorial_dag.py
[2025-03-12T14:19:01.107+0000] {processor.py:925} INFO - DAG(s) 'tutorial_dag' retrieved from /home/airflow/.local/lib/python3.12/site-packages/airflow/example_dags/tutorial_dag.py
[2025-03-12T14:19:01.123+0000] {logging_mixin.py:190} INFO - [2025-03-12T14:19:01.123+0000] {dag.py:3239} INFO - Sync 1 DAGs
[2025-03-12T14:19:01.135+0000] {logging_mixin.py:190} INFO - [2025-03-12T14:19:01.134+0000] {dag.py:4180} INFO - Setting next_dagrun for tutorial_dag to None, run_after=None
[2025-03-12T14:19:01.151+0000] {processor.py:208} INFO - Processing /home/airflow/.local/lib/python3.12/site-packages/airflow/example_dags/tutorial_dag.py took 0.058 seconds
[2025-03-12T14:19:35.391+0000] {processor.py:186} INFO - Started process (PID=3378) to work on /home/airflow/.local/lib/python3.12/site-packages/airflow/example_dags/tutorial_dag.py
[2025-03-12T14:19:35.392+0000] {processor.py:914} INFO - Processing file /home/airflow/.local/lib/python3.12/site-packages/airflow/example_dags/tutorial_dag.py for tasks to queue
[2025-03-12T14:19:35.394+0000] {logging_mixin.py:190} INFO - [2025-03-12T14:19:35.394+0000] {dagbag.py:588} INFO - Filling up the DagBag from /home/airflow/.local/lib/python3.12/site-packages/airflow/example_dags/tutorial_dag.py
[2025-03-12T14:19:35.400+0000] {processor.py:925} INFO - DAG(s) 'tutorial_dag' retrieved from /home/airflow/.local/lib/python3.12/site-packages/airflow/example_dags/tutorial_dag.py
[2025-03-12T14:19:35.416+0000] {logging_mixin.py:190} INFO - [2025-03-12T14:19:35.415+0000] {dag.py:3239} INFO - Sync 1 DAGs
[2025-03-12T14:19:35.425+0000] {logging_mixin.py:190} INFO - [2025-03-12T14:19:35.425+0000] {dag.py:4180} INFO - Setting next_dagrun for tutorial_dag to None, run_after=None
[2025-03-12T14:19:35.441+0000] {processor.py:208} INFO - Processing /home/airflow/.local/lib/python3.12/site-packages/airflow/example_dags/tutorial_dag.py took 0.054 seconds
