[2025-03-12T13:44:55.923+0000] {processor.py:186} INFO - Started process (PID=213) to work on /home/airflow/.local/lib/python3.12/site-packages/airflow/example_dags/tutorial.py
[2025-03-12T13:44:55.925+0000] {processor.py:914} INFO - Processing file /home/airflow/.local/lib/python3.12/site-packages/airflow/example_dags/tutorial.py for tasks to queue
[2025-03-12T13:44:55.927+0000] {logging_mixin.py:190} INFO - [2025-03-12T13:44:55.926+0000] {dagbag.py:588} INFO - Filling up the DagBag from /home/airflow/.local/lib/python3.12/site-packages/airflow/example_dags/tutorial.py
[2025-03-12T13:44:55.935+0000] {processor.py:925} INFO - DAG(s) 'tutorial' retrieved from /home/airflow/.local/lib/python3.12/site-packages/airflow/example_dags/tutorial.py
[2025-03-12T13:44:56.032+0000] {logging_mixin.py:190} INFO - [2025-03-12T13:44:56.032+0000] {override.py:1912} INFO - Created Permission View: can edit on DAG:tutorial
[2025-03-12T13:44:56.043+0000] {logging_mixin.py:190} INFO - [2025-03-12T13:44:56.043+0000] {override.py:1912} INFO - Created Permission View: can delete on DAG:tutorial
[2025-03-12T13:44:56.050+0000] {logging_mixin.py:190} INFO - [2025-03-12T13:44:56.050+0000] {override.py:1912} INFO - Created Permission View: can read on DAG:tutorial
[2025-03-12T13:44:56.059+0000] {logging_mixin.py:190} INFO - [2025-03-12T13:44:56.058+0000] {override.py:1912} INFO - Created Permission View: can delete on DAG Run:tutorial
[2025-03-12T13:44:56.066+0000] {logging_mixin.py:190} INFO - [2025-03-12T13:44:56.066+0000] {override.py:1912} INFO - Created Permission View: menu access on DAG Run:tutorial
[2025-03-12T13:44:56.073+0000] {logging_mixin.py:190} INFO - [2025-03-12T13:44:56.073+0000] {override.py:1912} INFO - Created Permission View: can create on DAG Run:tutorial
[2025-03-12T13:44:56.080+0000] {logging_mixin.py:190} INFO - [2025-03-12T13:44:56.079+0000] {override.py:1912} INFO - Created Permission View: can read on DAG Run:tutorial
[2025-03-12T13:44:56.080+0000] {logging_mixin.py:190} INFO - [2025-03-12T13:44:56.080+0000] {dag.py:3239} INFO - Sync 1 DAGs
[2025-03-12T13:44:56.092+0000] {logging_mixin.py:190} INFO - [2025-03-12T13:44:56.092+0000] {dag.py:3262} INFO - Creating ORM DAG for tutorial
[2025-03-12T13:44:56.100+0000] {logging_mixin.py:190} INFO - [2025-03-12T13:44:56.100+0000] {dag.py:4180} INFO - Setting next_dagrun for tutorial to 2025-03-11 00:00:00+00:00, run_after=2025-03-12 00:00:00+00:00
[2025-03-12T13:44:56.115+0000] {processor.py:208} INFO - Processing /home/airflow/.local/lib/python3.12/site-packages/airflow/example_dags/tutorial.py took 0.199 seconds
[2025-03-12T13:45:26.483+0000] {processor.py:186} INFO - Started process (PID=519) to work on /home/airflow/.local/lib/python3.12/site-packages/airflow/example_dags/tutorial.py
[2025-03-12T13:45:26.484+0000] {processor.py:914} INFO - Processing file /home/airflow/.local/lib/python3.12/site-packages/airflow/example_dags/tutorial.py for tasks to queue
[2025-03-12T13:45:26.485+0000] {logging_mixin.py:190} INFO - [2025-03-12T13:45:26.485+0000] {dagbag.py:588} INFO - Filling up the DagBag from /home/airflow/.local/lib/python3.12/site-packages/airflow/example_dags/tutorial.py
[2025-03-12T13:45:26.491+0000] {processor.py:925} INFO - DAG(s) 'tutorial' retrieved from /home/airflow/.local/lib/python3.12/site-packages/airflow/example_dags/tutorial.py
[2025-03-12T13:45:26.506+0000] {logging_mixin.py:190} INFO - [2025-03-12T13:45:26.506+0000] {dag.py:3239} INFO - Sync 1 DAGs
[2025-03-12T13:45:26.522+0000] {logging_mixin.py:190} INFO - [2025-03-12T13:45:26.522+0000] {dag.py:4180} INFO - Setting next_dagrun for tutorial to 2025-03-11 00:00:00+00:00, run_after=2025-03-12 00:00:00+00:00
[2025-03-12T13:45:26.535+0000] {processor.py:208} INFO - Processing /home/airflow/.local/lib/python3.12/site-packages/airflow/example_dags/tutorial.py took 0.056 seconds
[2025-03-12T13:45:57.175+0000] {processor.py:186} INFO - Started process (PID=825) to work on /home/airflow/.local/lib/python3.12/site-packages/airflow/example_dags/tutorial.py
[2025-03-12T13:45:57.176+0000] {processor.py:914} INFO - Processing file /home/airflow/.local/lib/python3.12/site-packages/airflow/example_dags/tutorial.py for tasks to queue
[2025-03-12T13:45:57.178+0000] {logging_mixin.py:190} INFO - [2025-03-12T13:45:57.178+0000] {dagbag.py:588} INFO - Filling up the DagBag from /home/airflow/.local/lib/python3.12/site-packages/airflow/example_dags/tutorial.py
[2025-03-12T13:45:57.184+0000] {processor.py:925} INFO - DAG(s) 'tutorial' retrieved from /home/airflow/.local/lib/python3.12/site-packages/airflow/example_dags/tutorial.py
[2025-03-12T13:45:57.201+0000] {logging_mixin.py:190} INFO - [2025-03-12T13:45:57.201+0000] {dag.py:3239} INFO - Sync 1 DAGs
[2025-03-12T13:45:57.220+0000] {logging_mixin.py:190} INFO - [2025-03-12T13:45:57.219+0000] {dag.py:4180} INFO - Setting next_dagrun for tutorial to 2025-03-11 00:00:00+00:00, run_after=2025-03-12 00:00:00+00:00
[2025-03-12T13:45:57.237+0000] {processor.py:208} INFO - Processing /home/airflow/.local/lib/python3.12/site-packages/airflow/example_dags/tutorial.py took 0.066 seconds
[2025-03-12T13:47:01.165+0000] {processor.py:186} INFO - Started process (PID=200) to work on /home/airflow/.local/lib/python3.12/site-packages/airflow/example_dags/tutorial.py
[2025-03-12T13:47:01.166+0000] {processor.py:914} INFO - Processing file /home/airflow/.local/lib/python3.12/site-packages/airflow/example_dags/tutorial.py for tasks to queue
[2025-03-12T13:47:01.168+0000] {logging_mixin.py:190} INFO - [2025-03-12T13:47:01.168+0000] {dagbag.py:588} INFO - Filling up the DagBag from /home/airflow/.local/lib/python3.12/site-packages/airflow/example_dags/tutorial.py
[2025-03-12T13:47:01.175+0000] {processor.py:925} INFO - DAG(s) 'tutorial' retrieved from /home/airflow/.local/lib/python3.12/site-packages/airflow/example_dags/tutorial.py
[2025-03-12T13:47:01.200+0000] {logging_mixin.py:190} INFO - [2025-03-12T13:47:01.200+0000] {dag.py:3239} INFO - Sync 1 DAGs
[2025-03-12T13:47:01.224+0000] {logging_mixin.py:190} INFO - [2025-03-12T13:47:01.224+0000] {dag.py:4180} INFO - Setting next_dagrun for tutorial to 2025-03-11 00:00:00+00:00, run_after=2025-03-12 00:00:00+00:00
[2025-03-12T13:47:01.243+0000] {processor.py:208} INFO - Processing /home/airflow/.local/lib/python3.12/site-packages/airflow/example_dags/tutorial.py took 0.083 seconds
[2025-03-12T13:47:31.376+0000] {processor.py:186} INFO - Started process (PID=504) to work on /home/airflow/.local/lib/python3.12/site-packages/airflow/example_dags/tutorial.py
[2025-03-12T13:47:31.376+0000] {processor.py:914} INFO - Processing file /home/airflow/.local/lib/python3.12/site-packages/airflow/example_dags/tutorial.py for tasks to queue
[2025-03-12T13:47:31.378+0000] {logging_mixin.py:190} INFO - [2025-03-12T13:47:31.378+0000] {dagbag.py:588} INFO - Filling up the DagBag from /home/airflow/.local/lib/python3.12/site-packages/airflow/example_dags/tutorial.py
[2025-03-12T13:47:31.384+0000] {processor.py:925} INFO - DAG(s) 'tutorial' retrieved from /home/airflow/.local/lib/python3.12/site-packages/airflow/example_dags/tutorial.py
[2025-03-12T13:47:31.400+0000] {logging_mixin.py:190} INFO - [2025-03-12T13:47:31.400+0000] {dag.py:3239} INFO - Sync 1 DAGs
[2025-03-12T13:47:31.417+0000] {logging_mixin.py:190} INFO - [2025-03-12T13:47:31.417+0000] {dag.py:4180} INFO - Setting next_dagrun for tutorial to 2025-03-11 00:00:00+00:00, run_after=2025-03-12 00:00:00+00:00
[2025-03-12T13:47:31.432+0000] {processor.py:208} INFO - Processing /home/airflow/.local/lib/python3.12/site-packages/airflow/example_dags/tutorial.py took 0.061 seconds
[2025-03-12T13:48:01.636+0000] {processor.py:186} INFO - Started process (PID=812) to work on /home/airflow/.local/lib/python3.12/site-packages/airflow/example_dags/tutorial.py
[2025-03-12T13:48:01.637+0000] {processor.py:914} INFO - Processing file /home/airflow/.local/lib/python3.12/site-packages/airflow/example_dags/tutorial.py for tasks to queue
[2025-03-12T13:48:01.639+0000] {logging_mixin.py:190} INFO - [2025-03-12T13:48:01.638+0000] {dagbag.py:588} INFO - Filling up the DagBag from /home/airflow/.local/lib/python3.12/site-packages/airflow/example_dags/tutorial.py
[2025-03-12T13:48:01.645+0000] {processor.py:925} INFO - DAG(s) 'tutorial' retrieved from /home/airflow/.local/lib/python3.12/site-packages/airflow/example_dags/tutorial.py
[2025-03-12T13:48:01.658+0000] {logging_mixin.py:190} INFO - [2025-03-12T13:48:01.658+0000] {dag.py:3239} INFO - Sync 1 DAGs
[2025-03-12T13:48:01.675+0000] {logging_mixin.py:190} INFO - [2025-03-12T13:48:01.675+0000] {dag.py:4180} INFO - Setting next_dagrun for tutorial to 2025-03-11 00:00:00+00:00, run_after=2025-03-12 00:00:00+00:00
[2025-03-12T13:48:01.689+0000] {processor.py:208} INFO - Processing /home/airflow/.local/lib/python3.12/site-packages/airflow/example_dags/tutorial.py took 0.056 seconds
[2025-03-12T13:48:31.937+0000] {processor.py:186} INFO - Started process (PID=1118) to work on /home/airflow/.local/lib/python3.12/site-packages/airflow/example_dags/tutorial.py
[2025-03-12T13:48:31.938+0000] {processor.py:914} INFO - Processing file /home/airflow/.local/lib/python3.12/site-packages/airflow/example_dags/tutorial.py for tasks to queue
[2025-03-12T13:48:31.940+0000] {logging_mixin.py:190} INFO - [2025-03-12T13:48:31.940+0000] {dagbag.py:588} INFO - Filling up the DagBag from /home/airflow/.local/lib/python3.12/site-packages/airflow/example_dags/tutorial.py
[2025-03-12T13:48:31.946+0000] {processor.py:925} INFO - DAG(s) 'tutorial' retrieved from /home/airflow/.local/lib/python3.12/site-packages/airflow/example_dags/tutorial.py
[2025-03-12T13:48:31.961+0000] {logging_mixin.py:190} INFO - [2025-03-12T13:48:31.961+0000] {dag.py:3239} INFO - Sync 1 DAGs
[2025-03-12T13:48:31.977+0000] {logging_mixin.py:190} INFO - [2025-03-12T13:48:31.977+0000] {dag.py:4180} INFO - Setting next_dagrun for tutorial to 2025-03-11 00:00:00+00:00, run_after=2025-03-12 00:00:00+00:00
[2025-03-12T13:48:31.993+0000] {processor.py:208} INFO - Processing /home/airflow/.local/lib/python3.12/site-packages/airflow/example_dags/tutorial.py took 0.059 seconds
[2025-03-12T13:49:02.597+0000] {processor.py:186} INFO - Started process (PID=1425) to work on /home/airflow/.local/lib/python3.12/site-packages/airflow/example_dags/tutorial.py
[2025-03-12T13:49:02.598+0000] {processor.py:914} INFO - Processing file /home/airflow/.local/lib/python3.12/site-packages/airflow/example_dags/tutorial.py for tasks to queue
[2025-03-12T13:49:02.600+0000] {logging_mixin.py:190} INFO - [2025-03-12T13:49:02.600+0000] {dagbag.py:588} INFO - Filling up the DagBag from /home/airflow/.local/lib/python3.12/site-packages/airflow/example_dags/tutorial.py
[2025-03-12T13:49:02.606+0000] {processor.py:925} INFO - DAG(s) 'tutorial' retrieved from /home/airflow/.local/lib/python3.12/site-packages/airflow/example_dags/tutorial.py
[2025-03-12T13:49:02.621+0000] {logging_mixin.py:190} INFO - [2025-03-12T13:49:02.621+0000] {dag.py:3239} INFO - Sync 1 DAGs
[2025-03-12T13:49:02.639+0000] {logging_mixin.py:190} INFO - [2025-03-12T13:49:02.638+0000] {dag.py:4180} INFO - Setting next_dagrun for tutorial to 2025-03-11 00:00:00+00:00, run_after=2025-03-12 00:00:00+00:00
[2025-03-12T13:49:02.654+0000] {processor.py:208} INFO - Processing /home/airflow/.local/lib/python3.12/site-packages/airflow/example_dags/tutorial.py took 0.061 seconds
[2025-03-12T13:49:33.430+0000] {processor.py:186} INFO - Started process (PID=1731) to work on /home/airflow/.local/lib/python3.12/site-packages/airflow/example_dags/tutorial.py
[2025-03-12T13:49:33.431+0000] {processor.py:914} INFO - Processing file /home/airflow/.local/lib/python3.12/site-packages/airflow/example_dags/tutorial.py for tasks to queue
[2025-03-12T13:49:33.433+0000] {logging_mixin.py:190} INFO - [2025-03-12T13:49:33.432+0000] {dagbag.py:588} INFO - Filling up the DagBag from /home/airflow/.local/lib/python3.12/site-packages/airflow/example_dags/tutorial.py
[2025-03-12T13:49:33.438+0000] {processor.py:925} INFO - DAG(s) 'tutorial' retrieved from /home/airflow/.local/lib/python3.12/site-packages/airflow/example_dags/tutorial.py
[2025-03-12T13:49:33.453+0000] {logging_mixin.py:190} INFO - [2025-03-12T13:49:33.453+0000] {dag.py:3239} INFO - Sync 1 DAGs
[2025-03-12T13:49:33.470+0000] {logging_mixin.py:190} INFO - [2025-03-12T13:49:33.470+0000] {dag.py:4180} INFO - Setting next_dagrun for tutorial to 2025-03-11 00:00:00+00:00, run_after=2025-03-12 00:00:00+00:00
[2025-03-12T13:49:33.486+0000] {processor.py:208} INFO - Processing /home/airflow/.local/lib/python3.12/site-packages/airflow/example_dags/tutorial.py took 0.060 seconds
[2025-03-12T13:50:06.261+0000] {processor.py:186} INFO - Started process (PID=2037) to work on /home/airflow/.local/lib/python3.12/site-packages/airflow/example_dags/tutorial.py
[2025-03-12T13:50:06.262+0000] {processor.py:914} INFO - Processing file /home/airflow/.local/lib/python3.12/site-packages/airflow/example_dags/tutorial.py for tasks to queue
[2025-03-12T13:50:06.263+0000] {logging_mixin.py:190} INFO - [2025-03-12T13:50:06.263+0000] {dagbag.py:588} INFO - Filling up the DagBag from /home/airflow/.local/lib/python3.12/site-packages/airflow/example_dags/tutorial.py
[2025-03-12T13:50:06.269+0000] {processor.py:925} INFO - DAG(s) 'tutorial' retrieved from /home/airflow/.local/lib/python3.12/site-packages/airflow/example_dags/tutorial.py
[2025-03-12T13:50:06.283+0000] {logging_mixin.py:190} INFO - [2025-03-12T13:50:06.283+0000] {dag.py:3239} INFO - Sync 1 DAGs
[2025-03-12T13:50:06.298+0000] {logging_mixin.py:190} INFO - [2025-03-12T13:50:06.298+0000] {dag.py:4180} INFO - Setting next_dagrun for tutorial to 2025-03-11 00:00:00+00:00, run_after=2025-03-12 00:00:00+00:00
[2025-03-12T13:50:06.313+0000] {processor.py:208} INFO - Processing /home/airflow/.local/lib/python3.12/site-packages/airflow/example_dags/tutorial.py took 0.057 seconds
[2025-03-12T13:50:40.440+0000] {processor.py:186} INFO - Started process (PID=2344) to work on /home/airflow/.local/lib/python3.12/site-packages/airflow/example_dags/tutorial.py
[2025-03-12T13:50:40.441+0000] {processor.py:914} INFO - Processing file /home/airflow/.local/lib/python3.12/site-packages/airflow/example_dags/tutorial.py for tasks to queue
[2025-03-12T13:50:40.443+0000] {logging_mixin.py:190} INFO - [2025-03-12T13:50:40.443+0000] {dagbag.py:588} INFO - Filling up the DagBag from /home/airflow/.local/lib/python3.12/site-packages/airflow/example_dags/tutorial.py
[2025-03-12T13:50:40.449+0000] {processor.py:925} INFO - DAG(s) 'tutorial' retrieved from /home/airflow/.local/lib/python3.12/site-packages/airflow/example_dags/tutorial.py
[2025-03-12T13:50:40.465+0000] {logging_mixin.py:190} INFO - [2025-03-12T13:50:40.464+0000] {dag.py:3239} INFO - Sync 1 DAGs
[2025-03-12T13:50:40.481+0000] {logging_mixin.py:190} INFO - [2025-03-12T13:50:40.481+0000] {dag.py:4180} INFO - Setting next_dagrun for tutorial to 2025-03-11 00:00:00+00:00, run_after=2025-03-12 00:00:00+00:00
[2025-03-12T13:50:40.497+0000] {processor.py:208} INFO - Processing /home/airflow/.local/lib/python3.12/site-packages/airflow/example_dags/tutorial.py took 0.061 seconds
[2025-03-12T13:51:13.400+0000] {processor.py:186} INFO - Started process (PID=2650) to work on /home/airflow/.local/lib/python3.12/site-packages/airflow/example_dags/tutorial.py
[2025-03-12T13:51:13.401+0000] {processor.py:914} INFO - Processing file /home/airflow/.local/lib/python3.12/site-packages/airflow/example_dags/tutorial.py for tasks to queue
[2025-03-12T13:51:13.403+0000] {logging_mixin.py:190} INFO - [2025-03-12T13:51:13.403+0000] {dagbag.py:588} INFO - Filling up the DagBag from /home/airflow/.local/lib/python3.12/site-packages/airflow/example_dags/tutorial.py
[2025-03-12T13:51:13.409+0000] {processor.py:925} INFO - DAG(s) 'tutorial' retrieved from /home/airflow/.local/lib/python3.12/site-packages/airflow/example_dags/tutorial.py
[2025-03-12T13:51:13.423+0000] {logging_mixin.py:190} INFO - [2025-03-12T13:51:13.423+0000] {dag.py:3239} INFO - Sync 1 DAGs
[2025-03-12T13:51:13.441+0000] {logging_mixin.py:190} INFO - [2025-03-12T13:51:13.441+0000] {dag.py:4180} INFO - Setting next_dagrun for tutorial to 2025-03-11 00:00:00+00:00, run_after=2025-03-12 00:00:00+00:00
[2025-03-12T13:51:13.456+0000] {processor.py:208} INFO - Processing /home/airflow/.local/lib/python3.12/site-packages/airflow/example_dags/tutorial.py took 0.059 seconds
[2025-03-12T13:51:46.129+0000] {processor.py:186} INFO - Started process (PID=2956) to work on /home/airflow/.local/lib/python3.12/site-packages/airflow/example_dags/tutorial.py
[2025-03-12T13:51:46.130+0000] {processor.py:914} INFO - Processing file /home/airflow/.local/lib/python3.12/site-packages/airflow/example_dags/tutorial.py for tasks to queue
[2025-03-12T13:51:46.132+0000] {logging_mixin.py:190} INFO - [2025-03-12T13:51:46.132+0000] {dagbag.py:588} INFO - Filling up the DagBag from /home/airflow/.local/lib/python3.12/site-packages/airflow/example_dags/tutorial.py
[2025-03-12T13:51:46.138+0000] {processor.py:925} INFO - DAG(s) 'tutorial' retrieved from /home/airflow/.local/lib/python3.12/site-packages/airflow/example_dags/tutorial.py
[2025-03-12T13:51:46.155+0000] {logging_mixin.py:190} INFO - [2025-03-12T13:51:46.155+0000] {dag.py:3239} INFO - Sync 1 DAGs
[2025-03-12T13:51:46.176+0000] {logging_mixin.py:190} INFO - [2025-03-12T13:51:46.175+0000] {dag.py:4180} INFO - Setting next_dagrun for tutorial to 2025-03-11 00:00:00+00:00, run_after=2025-03-12 00:00:00+00:00
[2025-03-12T13:51:46.193+0000] {processor.py:208} INFO - Processing /home/airflow/.local/lib/python3.12/site-packages/airflow/example_dags/tutorial.py took 0.069 seconds
[2025-03-12T13:52:20.113+0000] {processor.py:186} INFO - Started process (PID=3262) to work on /home/airflow/.local/lib/python3.12/site-packages/airflow/example_dags/tutorial.py
[2025-03-12T13:52:20.114+0000] {processor.py:914} INFO - Processing file /home/airflow/.local/lib/python3.12/site-packages/airflow/example_dags/tutorial.py for tasks to queue
[2025-03-12T13:52:20.115+0000] {logging_mixin.py:190} INFO - [2025-03-12T13:52:20.115+0000] {dagbag.py:588} INFO - Filling up the DagBag from /home/airflow/.local/lib/python3.12/site-packages/airflow/example_dags/tutorial.py
[2025-03-12T13:52:20.121+0000] {processor.py:925} INFO - DAG(s) 'tutorial' retrieved from /home/airflow/.local/lib/python3.12/site-packages/airflow/example_dags/tutorial.py
[2025-03-12T13:52:20.157+0000] {logging_mixin.py:190} INFO - [2025-03-12T13:52:20.157+0000] {dag.py:3239} INFO - Sync 1 DAGs
[2025-03-12T13:52:20.181+0000] {logging_mixin.py:190} INFO - [2025-03-12T13:52:20.180+0000] {dag.py:4180} INFO - Setting next_dagrun for tutorial to 2025-03-11 00:00:00+00:00, run_after=2025-03-12 00:00:00+00:00
[2025-03-12T13:52:20.193+0000] {processor.py:208} INFO - Processing /home/airflow/.local/lib/python3.12/site-packages/airflow/example_dags/tutorial.py took 0.085 seconds
[2025-03-12T13:52:53.732+0000] {processor.py:186} INFO - Started process (PID=3567) to work on /home/airflow/.local/lib/python3.12/site-packages/airflow/example_dags/tutorial.py
[2025-03-12T13:52:53.733+0000] {processor.py:914} INFO - Processing file /home/airflow/.local/lib/python3.12/site-packages/airflow/example_dags/tutorial.py for tasks to queue
[2025-03-12T13:52:53.736+0000] {logging_mixin.py:190} INFO - [2025-03-12T13:52:53.736+0000] {dagbag.py:588} INFO - Filling up the DagBag from /home/airflow/.local/lib/python3.12/site-packages/airflow/example_dags/tutorial.py
[2025-03-12T13:52:53.748+0000] {processor.py:925} INFO - DAG(s) 'tutorial' retrieved from /home/airflow/.local/lib/python3.12/site-packages/airflow/example_dags/tutorial.py
[2025-03-12T13:52:53.773+0000] {logging_mixin.py:190} INFO - [2025-03-12T13:52:53.772+0000] {dag.py:3239} INFO - Sync 1 DAGs
[2025-03-12T13:52:53.806+0000] {logging_mixin.py:190} INFO - [2025-03-12T13:52:53.806+0000] {dag.py:4180} INFO - Setting next_dagrun for tutorial to 2025-03-11 00:00:00+00:00, run_after=2025-03-12 00:00:00+00:00
[2025-03-12T13:52:53.834+0000] {processor.py:208} INFO - Processing /home/airflow/.local/lib/python3.12/site-packages/airflow/example_dags/tutorial.py took 0.109 seconds
[2025-03-12T13:53:26.145+0000] {processor.py:186} INFO - Started process (PID=3874) to work on /home/airflow/.local/lib/python3.12/site-packages/airflow/example_dags/tutorial.py
[2025-03-12T13:53:26.146+0000] {processor.py:914} INFO - Processing file /home/airflow/.local/lib/python3.12/site-packages/airflow/example_dags/tutorial.py for tasks to queue
[2025-03-12T13:53:26.149+0000] {logging_mixin.py:190} INFO - [2025-03-12T13:53:26.149+0000] {dagbag.py:588} INFO - Filling up the DagBag from /home/airflow/.local/lib/python3.12/site-packages/airflow/example_dags/tutorial.py
[2025-03-12T13:53:26.157+0000] {processor.py:925} INFO - DAG(s) 'tutorial' retrieved from /home/airflow/.local/lib/python3.12/site-packages/airflow/example_dags/tutorial.py
[2025-03-12T13:53:26.175+0000] {logging_mixin.py:190} INFO - [2025-03-12T13:53:26.175+0000] {dag.py:3239} INFO - Sync 1 DAGs
[2025-03-12T13:53:26.197+0000] {logging_mixin.py:190} INFO - [2025-03-12T13:53:26.197+0000] {dag.py:4180} INFO - Setting next_dagrun for tutorial to 2025-03-11 00:00:00+00:00, run_after=2025-03-12 00:00:00+00:00
[2025-03-12T13:53:26.214+0000] {processor.py:208} INFO - Processing /home/airflow/.local/lib/python3.12/site-packages/airflow/example_dags/tutorial.py took 0.074 seconds
[2025-03-12T13:53:59.742+0000] {processor.py:186} INFO - Started process (PID=4180) to work on /home/airflow/.local/lib/python3.12/site-packages/airflow/example_dags/tutorial.py
[2025-03-12T13:53:59.743+0000] {processor.py:914} INFO - Processing file /home/airflow/.local/lib/python3.12/site-packages/airflow/example_dags/tutorial.py for tasks to queue
[2025-03-12T13:53:59.745+0000] {logging_mixin.py:190} INFO - [2025-03-12T13:53:59.745+0000] {dagbag.py:588} INFO - Filling up the DagBag from /home/airflow/.local/lib/python3.12/site-packages/airflow/example_dags/tutorial.py
[2025-03-12T13:53:59.751+0000] {processor.py:925} INFO - DAG(s) 'tutorial' retrieved from /home/airflow/.local/lib/python3.12/site-packages/airflow/example_dags/tutorial.py
[2025-03-12T13:53:59.766+0000] {logging_mixin.py:190} INFO - [2025-03-12T13:53:59.766+0000] {dag.py:3239} INFO - Sync 1 DAGs
[2025-03-12T13:53:59.785+0000] {logging_mixin.py:190} INFO - [2025-03-12T13:53:59.785+0000] {dag.py:4180} INFO - Setting next_dagrun for tutorial to 2025-03-11 00:00:00+00:00, run_after=2025-03-12 00:00:00+00:00
[2025-03-12T13:53:59.799+0000] {processor.py:208} INFO - Processing /home/airflow/.local/lib/python3.12/site-packages/airflow/example_dags/tutorial.py took 0.061 seconds
[2025-03-12T13:54:32.996+0000] {processor.py:186} INFO - Started process (PID=4486) to work on /home/airflow/.local/lib/python3.12/site-packages/airflow/example_dags/tutorial.py
[2025-03-12T13:54:32.997+0000] {processor.py:914} INFO - Processing file /home/airflow/.local/lib/python3.12/site-packages/airflow/example_dags/tutorial.py for tasks to queue
[2025-03-12T13:54:32.999+0000] {logging_mixin.py:190} INFO - [2025-03-12T13:54:32.999+0000] {dagbag.py:588} INFO - Filling up the DagBag from /home/airflow/.local/lib/python3.12/site-packages/airflow/example_dags/tutorial.py
[2025-03-12T13:54:33.007+0000] {processor.py:925} INFO - DAG(s) 'tutorial' retrieved from /home/airflow/.local/lib/python3.12/site-packages/airflow/example_dags/tutorial.py
[2025-03-12T13:54:33.025+0000] {logging_mixin.py:190} INFO - [2025-03-12T13:54:33.025+0000] {dag.py:3239} INFO - Sync 1 DAGs
[2025-03-12T13:54:33.048+0000] {logging_mixin.py:190} INFO - [2025-03-12T13:54:33.047+0000] {dag.py:4180} INFO - Setting next_dagrun for tutorial to 2025-03-11 00:00:00+00:00, run_after=2025-03-12 00:00:00+00:00
[2025-03-12T13:54:33.064+0000] {processor.py:208} INFO - Processing /home/airflow/.local/lib/python3.12/site-packages/airflow/example_dags/tutorial.py took 0.073 seconds
[2025-03-12T13:55:07.108+0000] {processor.py:186} INFO - Started process (PID=4792) to work on /home/airflow/.local/lib/python3.12/site-packages/airflow/example_dags/tutorial.py
[2025-03-12T13:55:07.109+0000] {processor.py:914} INFO - Processing file /home/airflow/.local/lib/python3.12/site-packages/airflow/example_dags/tutorial.py for tasks to queue
[2025-03-12T13:55:07.112+0000] {logging_mixin.py:190} INFO - [2025-03-12T13:55:07.111+0000] {dagbag.py:588} INFO - Filling up the DagBag from /home/airflow/.local/lib/python3.12/site-packages/airflow/example_dags/tutorial.py
[2025-03-12T13:55:07.120+0000] {processor.py:925} INFO - DAG(s) 'tutorial' retrieved from /home/airflow/.local/lib/python3.12/site-packages/airflow/example_dags/tutorial.py
[2025-03-12T13:55:07.138+0000] {logging_mixin.py:190} INFO - [2025-03-12T13:55:07.137+0000] {dag.py:3239} INFO - Sync 1 DAGs
[2025-03-12T13:55:07.161+0000] {logging_mixin.py:190} INFO - [2025-03-12T13:55:07.161+0000] {dag.py:4180} INFO - Setting next_dagrun for tutorial to 2025-03-11 00:00:00+00:00, run_after=2025-03-12 00:00:00+00:00
[2025-03-12T13:55:07.189+0000] {processor.py:208} INFO - Processing /home/airflow/.local/lib/python3.12/site-packages/airflow/example_dags/tutorial.py took 0.086 seconds
[2025-03-12T13:55:39.574+0000] {processor.py:186} INFO - Started process (PID=5098) to work on /home/airflow/.local/lib/python3.12/site-packages/airflow/example_dags/tutorial.py
[2025-03-12T13:55:39.576+0000] {processor.py:914} INFO - Processing file /home/airflow/.local/lib/python3.12/site-packages/airflow/example_dags/tutorial.py for tasks to queue
[2025-03-12T13:55:39.578+0000] {logging_mixin.py:190} INFO - [2025-03-12T13:55:39.577+0000] {dagbag.py:588} INFO - Filling up the DagBag from /home/airflow/.local/lib/python3.12/site-packages/airflow/example_dags/tutorial.py
[2025-03-12T13:55:39.583+0000] {processor.py:925} INFO - DAG(s) 'tutorial' retrieved from /home/airflow/.local/lib/python3.12/site-packages/airflow/example_dags/tutorial.py
[2025-03-12T13:55:39.601+0000] {logging_mixin.py:190} INFO - [2025-03-12T13:55:39.601+0000] {dag.py:3239} INFO - Sync 1 DAGs
[2025-03-12T13:55:39.624+0000] {logging_mixin.py:190} INFO - [2025-03-12T13:55:39.623+0000] {dag.py:4180} INFO - Setting next_dagrun for tutorial to 2025-03-11 00:00:00+00:00, run_after=2025-03-12 00:00:00+00:00
[2025-03-12T13:55:39.640+0000] {processor.py:208} INFO - Processing /home/airflow/.local/lib/python3.12/site-packages/airflow/example_dags/tutorial.py took 0.070 seconds
[2025-03-12T13:56:13.349+0000] {processor.py:186} INFO - Started process (PID=5404) to work on /home/airflow/.local/lib/python3.12/site-packages/airflow/example_dags/tutorial.py
[2025-03-12T13:56:13.350+0000] {processor.py:914} INFO - Processing file /home/airflow/.local/lib/python3.12/site-packages/airflow/example_dags/tutorial.py for tasks to queue
[2025-03-12T13:56:13.352+0000] {logging_mixin.py:190} INFO - [2025-03-12T13:56:13.352+0000] {dagbag.py:588} INFO - Filling up the DagBag from /home/airflow/.local/lib/python3.12/site-packages/airflow/example_dags/tutorial.py
[2025-03-12T13:56:13.359+0000] {processor.py:925} INFO - DAG(s) 'tutorial' retrieved from /home/airflow/.local/lib/python3.12/site-packages/airflow/example_dags/tutorial.py
[2025-03-12T13:56:13.377+0000] {logging_mixin.py:190} INFO - [2025-03-12T13:56:13.377+0000] {dag.py:3239} INFO - Sync 1 DAGs
[2025-03-12T13:56:13.400+0000] {logging_mixin.py:190} INFO - [2025-03-12T13:56:13.400+0000] {dag.py:4180} INFO - Setting next_dagrun for tutorial to 2025-03-11 00:00:00+00:00, run_after=2025-03-12 00:00:00+00:00
[2025-03-12T13:56:13.418+0000] {processor.py:208} INFO - Processing /home/airflow/.local/lib/python3.12/site-packages/airflow/example_dags/tutorial.py took 0.074 seconds
[2025-03-12T13:56:46.604+0000] {processor.py:186} INFO - Started process (PID=5710) to work on /home/airflow/.local/lib/python3.12/site-packages/airflow/example_dags/tutorial.py
[2025-03-12T13:56:46.605+0000] {processor.py:914} INFO - Processing file /home/airflow/.local/lib/python3.12/site-packages/airflow/example_dags/tutorial.py for tasks to queue
[2025-03-12T13:56:46.607+0000] {logging_mixin.py:190} INFO - [2025-03-12T13:56:46.607+0000] {dagbag.py:588} INFO - Filling up the DagBag from /home/airflow/.local/lib/python3.12/site-packages/airflow/example_dags/tutorial.py
[2025-03-12T13:56:46.613+0000] {processor.py:925} INFO - DAG(s) 'tutorial' retrieved from /home/airflow/.local/lib/python3.12/site-packages/airflow/example_dags/tutorial.py
[2025-03-12T13:56:46.630+0000] {logging_mixin.py:190} INFO - [2025-03-12T13:56:46.629+0000] {dag.py:3239} INFO - Sync 1 DAGs
[2025-03-12T13:56:46.645+0000] {logging_mixin.py:190} INFO - [2025-03-12T13:56:46.645+0000] {dag.py:4180} INFO - Setting next_dagrun for tutorial to 2025-03-11 00:00:00+00:00, run_after=2025-03-12 00:00:00+00:00
[2025-03-12T13:56:46.660+0000] {processor.py:208} INFO - Processing /home/airflow/.local/lib/python3.12/site-packages/airflow/example_dags/tutorial.py took 0.061 seconds
[2025-03-12T13:57:20.093+0000] {processor.py:186} INFO - Started process (PID=6016) to work on /home/airflow/.local/lib/python3.12/site-packages/airflow/example_dags/tutorial.py
[2025-03-12T13:57:20.094+0000] {processor.py:914} INFO - Processing file /home/airflow/.local/lib/python3.12/site-packages/airflow/example_dags/tutorial.py for tasks to queue
[2025-03-12T13:57:20.096+0000] {logging_mixin.py:190} INFO - [2025-03-12T13:57:20.096+0000] {dagbag.py:588} INFO - Filling up the DagBag from /home/airflow/.local/lib/python3.12/site-packages/airflow/example_dags/tutorial.py
[2025-03-12T13:57:20.102+0000] {processor.py:925} INFO - DAG(s) 'tutorial' retrieved from /home/airflow/.local/lib/python3.12/site-packages/airflow/example_dags/tutorial.py
[2025-03-12T13:57:20.116+0000] {logging_mixin.py:190} INFO - [2025-03-12T13:57:20.116+0000] {dag.py:3239} INFO - Sync 1 DAGs
[2025-03-12T13:57:20.131+0000] {logging_mixin.py:190} INFO - [2025-03-12T13:57:20.131+0000] {dag.py:4180} INFO - Setting next_dagrun for tutorial to 2025-03-11 00:00:00+00:00, run_after=2025-03-12 00:00:00+00:00
[2025-03-12T13:57:20.147+0000] {processor.py:208} INFO - Processing /home/airflow/.local/lib/python3.12/site-packages/airflow/example_dags/tutorial.py took 0.058 seconds
[2025-03-12T13:57:53.715+0000] {processor.py:186} INFO - Started process (PID=6322) to work on /home/airflow/.local/lib/python3.12/site-packages/airflow/example_dags/tutorial.py
[2025-03-12T13:57:53.716+0000] {processor.py:914} INFO - Processing file /home/airflow/.local/lib/python3.12/site-packages/airflow/example_dags/tutorial.py for tasks to queue
[2025-03-12T13:57:53.718+0000] {logging_mixin.py:190} INFO - [2025-03-12T13:57:53.718+0000] {dagbag.py:588} INFO - Filling up the DagBag from /home/airflow/.local/lib/python3.12/site-packages/airflow/example_dags/tutorial.py
[2025-03-12T13:57:53.725+0000] {processor.py:925} INFO - DAG(s) 'tutorial' retrieved from /home/airflow/.local/lib/python3.12/site-packages/airflow/example_dags/tutorial.py
[2025-03-12T13:57:53.740+0000] {logging_mixin.py:190} INFO - [2025-03-12T13:57:53.740+0000] {dag.py:3239} INFO - Sync 1 DAGs
[2025-03-12T13:57:53.755+0000] {logging_mixin.py:190} INFO - [2025-03-12T13:57:53.755+0000] {dag.py:4180} INFO - Setting next_dagrun for tutorial to 2025-03-11 00:00:00+00:00, run_after=2025-03-12 00:00:00+00:00
[2025-03-12T13:57:53.770+0000] {processor.py:208} INFO - Processing /home/airflow/.local/lib/python3.12/site-packages/airflow/example_dags/tutorial.py took 0.059 seconds
[2025-03-12T13:58:26.768+0000] {processor.py:186} INFO - Started process (PID=6628) to work on /home/airflow/.local/lib/python3.12/site-packages/airflow/example_dags/tutorial.py
[2025-03-12T13:58:26.769+0000] {processor.py:914} INFO - Processing file /home/airflow/.local/lib/python3.12/site-packages/airflow/example_dags/tutorial.py for tasks to queue
[2025-03-12T13:58:26.770+0000] {logging_mixin.py:190} INFO - [2025-03-12T13:58:26.770+0000] {dagbag.py:588} INFO - Filling up the DagBag from /home/airflow/.local/lib/python3.12/site-packages/airflow/example_dags/tutorial.py
[2025-03-12T13:58:26.776+0000] {processor.py:925} INFO - DAG(s) 'tutorial' retrieved from /home/airflow/.local/lib/python3.12/site-packages/airflow/example_dags/tutorial.py
[2025-03-12T13:58:26.791+0000] {logging_mixin.py:190} INFO - [2025-03-12T13:58:26.791+0000] {dag.py:3239} INFO - Sync 1 DAGs
[2025-03-12T13:58:26.806+0000] {logging_mixin.py:190} INFO - [2025-03-12T13:58:26.806+0000] {dag.py:4180} INFO - Setting next_dagrun for tutorial to 2025-03-11 00:00:00+00:00, run_after=2025-03-12 00:00:00+00:00
[2025-03-12T13:58:26.820+0000] {processor.py:208} INFO - Processing /home/airflow/.local/lib/python3.12/site-packages/airflow/example_dags/tutorial.py took 0.056 seconds
[2025-03-12T13:59:00.095+0000] {processor.py:186} INFO - Started process (PID=6934) to work on /home/airflow/.local/lib/python3.12/site-packages/airflow/example_dags/tutorial.py
[2025-03-12T13:59:00.096+0000] {processor.py:914} INFO - Processing file /home/airflow/.local/lib/python3.12/site-packages/airflow/example_dags/tutorial.py for tasks to queue
[2025-03-12T13:59:00.097+0000] {logging_mixin.py:190} INFO - [2025-03-12T13:59:00.097+0000] {dagbag.py:588} INFO - Filling up the DagBag from /home/airflow/.local/lib/python3.12/site-packages/airflow/example_dags/tutorial.py
[2025-03-12T13:59:00.104+0000] {processor.py:925} INFO - DAG(s) 'tutorial' retrieved from /home/airflow/.local/lib/python3.12/site-packages/airflow/example_dags/tutorial.py
[2025-03-12T13:59:00.120+0000] {logging_mixin.py:190} INFO - [2025-03-12T13:59:00.119+0000] {dag.py:3239} INFO - Sync 1 DAGs
[2025-03-12T13:59:00.139+0000] {logging_mixin.py:190} INFO - [2025-03-12T13:59:00.139+0000] {dag.py:4180} INFO - Setting next_dagrun for tutorial to 2025-03-11 00:00:00+00:00, run_after=2025-03-12 00:00:00+00:00
[2025-03-12T13:59:00.160+0000] {processor.py:208} INFO - Processing /home/airflow/.local/lib/python3.12/site-packages/airflow/example_dags/tutorial.py took 0.070 seconds
[2025-03-12T13:59:33.169+0000] {processor.py:186} INFO - Started process (PID=7240) to work on /home/airflow/.local/lib/python3.12/site-packages/airflow/example_dags/tutorial.py
[2025-03-12T13:59:33.170+0000] {processor.py:914} INFO - Processing file /home/airflow/.local/lib/python3.12/site-packages/airflow/example_dags/tutorial.py for tasks to queue
[2025-03-12T13:59:33.172+0000] {logging_mixin.py:190} INFO - [2025-03-12T13:59:33.171+0000] {dagbag.py:588} INFO - Filling up the DagBag from /home/airflow/.local/lib/python3.12/site-packages/airflow/example_dags/tutorial.py
[2025-03-12T13:59:33.177+0000] {processor.py:925} INFO - DAG(s) 'tutorial' retrieved from /home/airflow/.local/lib/python3.12/site-packages/airflow/example_dags/tutorial.py
[2025-03-12T13:59:33.191+0000] {logging_mixin.py:190} INFO - [2025-03-12T13:59:33.191+0000] {dag.py:3239} INFO - Sync 1 DAGs
[2025-03-12T13:59:33.208+0000] {logging_mixin.py:190} INFO - [2025-03-12T13:59:33.208+0000] {dag.py:4180} INFO - Setting next_dagrun for tutorial to 2025-03-11 00:00:00+00:00, run_after=2025-03-12 00:00:00+00:00
[2025-03-12T13:59:33.223+0000] {processor.py:208} INFO - Processing /home/airflow/.local/lib/python3.12/site-packages/airflow/example_dags/tutorial.py took 0.058 seconds
[2025-03-12T14:00:06.927+0000] {processor.py:186} INFO - Started process (PID=7546) to work on /home/airflow/.local/lib/python3.12/site-packages/airflow/example_dags/tutorial.py
[2025-03-12T14:00:06.928+0000] {processor.py:914} INFO - Processing file /home/airflow/.local/lib/python3.12/site-packages/airflow/example_dags/tutorial.py for tasks to queue
[2025-03-12T14:00:06.930+0000] {logging_mixin.py:190} INFO - [2025-03-12T14:00:06.929+0000] {dagbag.py:588} INFO - Filling up the DagBag from /home/airflow/.local/lib/python3.12/site-packages/airflow/example_dags/tutorial.py
[2025-03-12T14:00:06.935+0000] {processor.py:925} INFO - DAG(s) 'tutorial' retrieved from /home/airflow/.local/lib/python3.12/site-packages/airflow/example_dags/tutorial.py
[2025-03-12T14:00:06.951+0000] {logging_mixin.py:190} INFO - [2025-03-12T14:00:06.951+0000] {dag.py:3239} INFO - Sync 1 DAGs
[2025-03-12T14:00:06.967+0000] {logging_mixin.py:190} INFO - [2025-03-12T14:00:06.966+0000] {dag.py:4180} INFO - Setting next_dagrun for tutorial to 2025-03-11 00:00:00+00:00, run_after=2025-03-12 00:00:00+00:00
[2025-03-12T14:00:06.981+0000] {processor.py:208} INFO - Processing /home/airflow/.local/lib/python3.12/site-packages/airflow/example_dags/tutorial.py took 0.058 seconds
[2025-03-12T14:00:39.724+0000] {processor.py:186} INFO - Started process (PID=7852) to work on /home/airflow/.local/lib/python3.12/site-packages/airflow/example_dags/tutorial.py
[2025-03-12T14:00:39.735+0000] {processor.py:914} INFO - Processing file /home/airflow/.local/lib/python3.12/site-packages/airflow/example_dags/tutorial.py for tasks to queue
[2025-03-12T14:00:39.737+0000] {logging_mixin.py:190} INFO - [2025-03-12T14:00:39.737+0000] {dagbag.py:588} INFO - Filling up the DagBag from /home/airflow/.local/lib/python3.12/site-packages/airflow/example_dags/tutorial.py
[2025-03-12T14:00:39.744+0000] {processor.py:925} INFO - DAG(s) 'tutorial' retrieved from /home/airflow/.local/lib/python3.12/site-packages/airflow/example_dags/tutorial.py
[2025-03-12T14:00:39.772+0000] {logging_mixin.py:190} INFO - [2025-03-12T14:00:39.772+0000] {dag.py:3239} INFO - Sync 1 DAGs
[2025-03-12T14:00:39.793+0000] {logging_mixin.py:190} INFO - [2025-03-12T14:00:39.792+0000] {dag.py:4180} INFO - Setting next_dagrun for tutorial to 2025-03-11 00:00:00+00:00, run_after=2025-03-12 00:00:00+00:00
[2025-03-12T14:00:39.811+0000] {processor.py:208} INFO - Processing /home/airflow/.local/lib/python3.12/site-packages/airflow/example_dags/tutorial.py took 0.092 seconds
[2025-03-12T14:01:13.416+0000] {processor.py:186} INFO - Started process (PID=8158) to work on /home/airflow/.local/lib/python3.12/site-packages/airflow/example_dags/tutorial.py
[2025-03-12T14:01:13.417+0000] {processor.py:914} INFO - Processing file /home/airflow/.local/lib/python3.12/site-packages/airflow/example_dags/tutorial.py for tasks to queue
[2025-03-12T14:01:13.419+0000] {logging_mixin.py:190} INFO - [2025-03-12T14:01:13.419+0000] {dagbag.py:588} INFO - Filling up the DagBag from /home/airflow/.local/lib/python3.12/site-packages/airflow/example_dags/tutorial.py
[2025-03-12T14:01:13.424+0000] {processor.py:925} INFO - DAG(s) 'tutorial' retrieved from /home/airflow/.local/lib/python3.12/site-packages/airflow/example_dags/tutorial.py
[2025-03-12T14:01:13.440+0000] {logging_mixin.py:190} INFO - [2025-03-12T14:01:13.439+0000] {dag.py:3239} INFO - Sync 1 DAGs
[2025-03-12T14:01:13.456+0000] {logging_mixin.py:190} INFO - [2025-03-12T14:01:13.456+0000] {dag.py:4180} INFO - Setting next_dagrun for tutorial to 2025-03-11 00:00:00+00:00, run_after=2025-03-12 00:00:00+00:00
[2025-03-12T14:01:13.471+0000] {processor.py:208} INFO - Processing /home/airflow/.local/lib/python3.12/site-packages/airflow/example_dags/tutorial.py took 0.059 seconds
[2025-03-12T14:01:46.343+0000] {processor.py:186} INFO - Started process (PID=8463) to work on /home/airflow/.local/lib/python3.12/site-packages/airflow/example_dags/tutorial.py
[2025-03-12T14:01:46.344+0000] {processor.py:914} INFO - Processing file /home/airflow/.local/lib/python3.12/site-packages/airflow/example_dags/tutorial.py for tasks to queue
[2025-03-12T14:01:46.346+0000] {logging_mixin.py:190} INFO - [2025-03-12T14:01:46.346+0000] {dagbag.py:588} INFO - Filling up the DagBag from /home/airflow/.local/lib/python3.12/site-packages/airflow/example_dags/tutorial.py
[2025-03-12T14:01:46.352+0000] {processor.py:925} INFO - DAG(s) 'tutorial' retrieved from /home/airflow/.local/lib/python3.12/site-packages/airflow/example_dags/tutorial.py
[2025-03-12T14:01:46.368+0000] {logging_mixin.py:190} INFO - [2025-03-12T14:01:46.368+0000] {dag.py:3239} INFO - Sync 1 DAGs
[2025-03-12T14:01:46.384+0000] {logging_mixin.py:190} INFO - [2025-03-12T14:01:46.384+0000] {dag.py:4180} INFO - Setting next_dagrun for tutorial to 2025-03-11 00:00:00+00:00, run_after=2025-03-12 00:00:00+00:00
[2025-03-12T14:01:46.399+0000] {processor.py:208} INFO - Processing /home/airflow/.local/lib/python3.12/site-packages/airflow/example_dags/tutorial.py took 0.060 seconds
[2025-03-12T14:02:20.295+0000] {processor.py:186} INFO - Started process (PID=8771) to work on /home/airflow/.local/lib/python3.12/site-packages/airflow/example_dags/tutorial.py
[2025-03-12T14:02:20.296+0000] {processor.py:914} INFO - Processing file /home/airflow/.local/lib/python3.12/site-packages/airflow/example_dags/tutorial.py for tasks to queue
[2025-03-12T14:02:20.298+0000] {logging_mixin.py:190} INFO - [2025-03-12T14:02:20.298+0000] {dagbag.py:588} INFO - Filling up the DagBag from /home/airflow/.local/lib/python3.12/site-packages/airflow/example_dags/tutorial.py
[2025-03-12T14:02:20.305+0000] {processor.py:925} INFO - DAG(s) 'tutorial' retrieved from /home/airflow/.local/lib/python3.12/site-packages/airflow/example_dags/tutorial.py
[2025-03-12T14:02:20.321+0000] {logging_mixin.py:190} INFO - [2025-03-12T14:02:20.320+0000] {dag.py:3239} INFO - Sync 1 DAGs
[2025-03-12T14:02:20.337+0000] {logging_mixin.py:190} INFO - [2025-03-12T14:02:20.337+0000] {dag.py:4180} INFO - Setting next_dagrun for tutorial to 2025-03-11 00:00:00+00:00, run_after=2025-03-12 00:00:00+00:00
[2025-03-12T14:02:20.350+0000] {processor.py:208} INFO - Processing /home/airflow/.local/lib/python3.12/site-packages/airflow/example_dags/tutorial.py took 0.059 seconds
[2025-03-12T14:02:53.305+0000] {processor.py:186} INFO - Started process (PID=9077) to work on /home/airflow/.local/lib/python3.12/site-packages/airflow/example_dags/tutorial.py
[2025-03-12T14:02:53.306+0000] {processor.py:914} INFO - Processing file /home/airflow/.local/lib/python3.12/site-packages/airflow/example_dags/tutorial.py for tasks to queue
[2025-03-12T14:02:53.308+0000] {logging_mixin.py:190} INFO - [2025-03-12T14:02:53.308+0000] {dagbag.py:588} INFO - Filling up the DagBag from /home/airflow/.local/lib/python3.12/site-packages/airflow/example_dags/tutorial.py
[2025-03-12T14:02:53.314+0000] {processor.py:925} INFO - DAG(s) 'tutorial' retrieved from /home/airflow/.local/lib/python3.12/site-packages/airflow/example_dags/tutorial.py
[2025-03-12T14:02:53.330+0000] {logging_mixin.py:190} INFO - [2025-03-12T14:02:53.330+0000] {dag.py:3239} INFO - Sync 1 DAGs
[2025-03-12T14:02:53.345+0000] {logging_mixin.py:190} INFO - [2025-03-12T14:02:53.345+0000] {dag.py:4180} INFO - Setting next_dagrun for tutorial to 2025-03-11 00:00:00+00:00, run_after=2025-03-12 00:00:00+00:00
[2025-03-12T14:02:53.359+0000] {processor.py:208} INFO - Processing /home/airflow/.local/lib/python3.12/site-packages/airflow/example_dags/tutorial.py took 0.059 seconds
[2025-03-12T14:03:26.373+0000] {processor.py:186} INFO - Started process (PID=9381) to work on /home/airflow/.local/lib/python3.12/site-packages/airflow/example_dags/tutorial.py
[2025-03-12T14:03:26.374+0000] {processor.py:914} INFO - Processing file /home/airflow/.local/lib/python3.12/site-packages/airflow/example_dags/tutorial.py for tasks to queue
[2025-03-12T14:03:26.377+0000] {logging_mixin.py:190} INFO - [2025-03-12T14:03:26.377+0000] {dagbag.py:588} INFO - Filling up the DagBag from /home/airflow/.local/lib/python3.12/site-packages/airflow/example_dags/tutorial.py
[2025-03-12T14:03:26.386+0000] {processor.py:925} INFO - DAG(s) 'tutorial' retrieved from /home/airflow/.local/lib/python3.12/site-packages/airflow/example_dags/tutorial.py
[2025-03-12T14:03:26.410+0000] {logging_mixin.py:190} INFO - [2025-03-12T14:03:26.410+0000] {dag.py:3239} INFO - Sync 1 DAGs
[2025-03-12T14:03:26.436+0000] {logging_mixin.py:190} INFO - [2025-03-12T14:03:26.436+0000] {dag.py:4180} INFO - Setting next_dagrun for tutorial to 2025-03-11 00:00:00+00:00, run_after=2025-03-12 00:00:00+00:00
[2025-03-12T14:03:26.452+0000] {processor.py:208} INFO - Processing /home/airflow/.local/lib/python3.12/site-packages/airflow/example_dags/tutorial.py took 0.083 seconds
[2025-03-12T14:04:00.322+0000] {processor.py:186} INFO - Started process (PID=9688) to work on /home/airflow/.local/lib/python3.12/site-packages/airflow/example_dags/tutorial.py
[2025-03-12T14:04:00.323+0000] {processor.py:914} INFO - Processing file /home/airflow/.local/lib/python3.12/site-packages/airflow/example_dags/tutorial.py for tasks to queue
[2025-03-12T14:04:00.326+0000] {logging_mixin.py:190} INFO - [2025-03-12T14:04:00.325+0000] {dagbag.py:588} INFO - Filling up the DagBag from /home/airflow/.local/lib/python3.12/site-packages/airflow/example_dags/tutorial.py
[2025-03-12T14:04:00.335+0000] {processor.py:925} INFO - DAG(s) 'tutorial' retrieved from /home/airflow/.local/lib/python3.12/site-packages/airflow/example_dags/tutorial.py
[2025-03-12T14:04:00.355+0000] {logging_mixin.py:190} INFO - [2025-03-12T14:04:00.355+0000] {dag.py:3239} INFO - Sync 1 DAGs
[2025-03-12T14:04:00.384+0000] {logging_mixin.py:190} INFO - [2025-03-12T14:04:00.384+0000] {dag.py:4180} INFO - Setting next_dagrun for tutorial to 2025-03-11 00:00:00+00:00, run_after=2025-03-12 00:00:00+00:00
[2025-03-12T14:04:00.405+0000] {processor.py:208} INFO - Processing /home/airflow/.local/lib/python3.12/site-packages/airflow/example_dags/tutorial.py took 0.090 seconds
[2025-03-12T14:04:32.796+0000] {processor.py:186} INFO - Started process (PID=9993) to work on /home/airflow/.local/lib/python3.12/site-packages/airflow/example_dags/tutorial.py
[2025-03-12T14:04:32.796+0000] {processor.py:914} INFO - Processing file /home/airflow/.local/lib/python3.12/site-packages/airflow/example_dags/tutorial.py for tasks to queue
[2025-03-12T14:04:32.799+0000] {logging_mixin.py:190} INFO - [2025-03-12T14:04:32.799+0000] {dagbag.py:588} INFO - Filling up the DagBag from /home/airflow/.local/lib/python3.12/site-packages/airflow/example_dags/tutorial.py
[2025-03-12T14:04:32.805+0000] {processor.py:925} INFO - DAG(s) 'tutorial' retrieved from /home/airflow/.local/lib/python3.12/site-packages/airflow/example_dags/tutorial.py
[2025-03-12T14:04:32.824+0000] {logging_mixin.py:190} INFO - [2025-03-12T14:04:32.824+0000] {dag.py:3239} INFO - Sync 1 DAGs
[2025-03-12T14:04:32.847+0000] {logging_mixin.py:190} INFO - [2025-03-12T14:04:32.847+0000] {dag.py:4180} INFO - Setting next_dagrun for tutorial to 2025-03-11 00:00:00+00:00, run_after=2025-03-12 00:00:00+00:00
[2025-03-12T14:04:32.864+0000] {processor.py:208} INFO - Processing /home/airflow/.local/lib/python3.12/site-packages/airflow/example_dags/tutorial.py took 0.073 seconds
[2025-03-12T14:05:06.297+0000] {processor.py:186} INFO - Started process (PID=10299) to work on /home/airflow/.local/lib/python3.12/site-packages/airflow/example_dags/tutorial.py
[2025-03-12T14:05:06.298+0000] {processor.py:914} INFO - Processing file /home/airflow/.local/lib/python3.12/site-packages/airflow/example_dags/tutorial.py for tasks to queue
[2025-03-12T14:05:06.300+0000] {logging_mixin.py:190} INFO - [2025-03-12T14:05:06.300+0000] {dagbag.py:588} INFO - Filling up the DagBag from /home/airflow/.local/lib/python3.12/site-packages/airflow/example_dags/tutorial.py
[2025-03-12T14:05:06.307+0000] {processor.py:925} INFO - DAG(s) 'tutorial' retrieved from /home/airflow/.local/lib/python3.12/site-packages/airflow/example_dags/tutorial.py
[2025-03-12T14:05:06.322+0000] {logging_mixin.py:190} INFO - [2025-03-12T14:05:06.322+0000] {dag.py:3239} INFO - Sync 1 DAGs
[2025-03-12T14:05:06.339+0000] {logging_mixin.py:190} INFO - [2025-03-12T14:05:06.339+0000] {dag.py:4180} INFO - Setting next_dagrun for tutorial to 2025-03-11 00:00:00+00:00, run_after=2025-03-12 00:00:00+00:00
[2025-03-12T14:05:06.354+0000] {processor.py:208} INFO - Processing /home/airflow/.local/lib/python3.12/site-packages/airflow/example_dags/tutorial.py took 0.063 seconds
[2025-03-12T14:05:40.186+0000] {processor.py:186} INFO - Started process (PID=10612) to work on /home/airflow/.local/lib/python3.12/site-packages/airflow/example_dags/tutorial.py
[2025-03-12T14:05:40.187+0000] {processor.py:914} INFO - Processing file /home/airflow/.local/lib/python3.12/site-packages/airflow/example_dags/tutorial.py for tasks to queue
[2025-03-12T14:05:40.189+0000] {logging_mixin.py:190} INFO - [2025-03-12T14:05:40.189+0000] {dagbag.py:588} INFO - Filling up the DagBag from /home/airflow/.local/lib/python3.12/site-packages/airflow/example_dags/tutorial.py
[2025-03-12T14:05:40.195+0000] {processor.py:925} INFO - DAG(s) 'tutorial' retrieved from /home/airflow/.local/lib/python3.12/site-packages/airflow/example_dags/tutorial.py
[2025-03-12T14:05:40.210+0000] {logging_mixin.py:190} INFO - [2025-03-12T14:05:40.210+0000] {dag.py:3239} INFO - Sync 1 DAGs
[2025-03-12T14:05:40.227+0000] {logging_mixin.py:190} INFO - [2025-03-12T14:05:40.227+0000] {dag.py:4180} INFO - Setting next_dagrun for tutorial to 2025-03-11 00:00:00+00:00, run_after=2025-03-12 00:00:00+00:00
[2025-03-12T14:05:40.243+0000] {processor.py:208} INFO - Processing /home/airflow/.local/lib/python3.12/site-packages/airflow/example_dags/tutorial.py took 0.061 seconds
[2025-03-12T14:06:12.971+0000] {processor.py:186} INFO - Started process (PID=10918) to work on /home/airflow/.local/lib/python3.12/site-packages/airflow/example_dags/tutorial.py
[2025-03-12T14:06:12.972+0000] {processor.py:914} INFO - Processing file /home/airflow/.local/lib/python3.12/site-packages/airflow/example_dags/tutorial.py for tasks to queue
[2025-03-12T14:06:12.974+0000] {logging_mixin.py:190} INFO - [2025-03-12T14:06:12.974+0000] {dagbag.py:588} INFO - Filling up the DagBag from /home/airflow/.local/lib/python3.12/site-packages/airflow/example_dags/tutorial.py
[2025-03-12T14:06:12.982+0000] {processor.py:925} INFO - DAG(s) 'tutorial' retrieved from /home/airflow/.local/lib/python3.12/site-packages/airflow/example_dags/tutorial.py
[2025-03-12T14:06:12.999+0000] {logging_mixin.py:190} INFO - [2025-03-12T14:06:12.999+0000] {dag.py:3239} INFO - Sync 1 DAGs
[2025-03-12T14:06:13.021+0000] {logging_mixin.py:190} INFO - [2025-03-12T14:06:13.020+0000] {dag.py:4180} INFO - Setting next_dagrun for tutorial to 2025-03-11 00:00:00+00:00, run_after=2025-03-12 00:00:00+00:00
[2025-03-12T14:06:13.037+0000] {processor.py:208} INFO - Processing /home/airflow/.local/lib/python3.12/site-packages/airflow/example_dags/tutorial.py took 0.070 seconds
[2025-03-12T14:06:46.769+0000] {processor.py:186} INFO - Started process (PID=11224) to work on /home/airflow/.local/lib/python3.12/site-packages/airflow/example_dags/tutorial.py
[2025-03-12T14:06:46.770+0000] {processor.py:914} INFO - Processing file /home/airflow/.local/lib/python3.12/site-packages/airflow/example_dags/tutorial.py for tasks to queue
[2025-03-12T14:06:46.772+0000] {logging_mixin.py:190} INFO - [2025-03-12T14:06:46.771+0000] {dagbag.py:588} INFO - Filling up the DagBag from /home/airflow/.local/lib/python3.12/site-packages/airflow/example_dags/tutorial.py
[2025-03-12T14:06:46.779+0000] {processor.py:925} INFO - DAG(s) 'tutorial' retrieved from /home/airflow/.local/lib/python3.12/site-packages/airflow/example_dags/tutorial.py
[2025-03-12T14:06:46.795+0000] {logging_mixin.py:190} INFO - [2025-03-12T14:06:46.795+0000] {dag.py:3239} INFO - Sync 1 DAGs
[2025-03-12T14:06:46.813+0000] {logging_mixin.py:190} INFO - [2025-03-12T14:06:46.813+0000] {dag.py:4180} INFO - Setting next_dagrun for tutorial to 2025-03-11 00:00:00+00:00, run_after=2025-03-12 00:00:00+00:00
[2025-03-12T14:06:46.829+0000] {processor.py:208} INFO - Processing /home/airflow/.local/lib/python3.12/site-packages/airflow/example_dags/tutorial.py took 0.065 seconds
[2025-03-12T14:07:20.469+0000] {processor.py:186} INFO - Started process (PID=11530) to work on /home/airflow/.local/lib/python3.12/site-packages/airflow/example_dags/tutorial.py
[2025-03-12T14:07:20.470+0000] {processor.py:914} INFO - Processing file /home/airflow/.local/lib/python3.12/site-packages/airflow/example_dags/tutorial.py for tasks to queue
[2025-03-12T14:07:20.472+0000] {logging_mixin.py:190} INFO - [2025-03-12T14:07:20.471+0000] {dagbag.py:588} INFO - Filling up the DagBag from /home/airflow/.local/lib/python3.12/site-packages/airflow/example_dags/tutorial.py
[2025-03-12T14:07:20.478+0000] {processor.py:925} INFO - DAG(s) 'tutorial' retrieved from /home/airflow/.local/lib/python3.12/site-packages/airflow/example_dags/tutorial.py
[2025-03-12T14:07:20.493+0000] {logging_mixin.py:190} INFO - [2025-03-12T14:07:20.493+0000] {dag.py:3239} INFO - Sync 1 DAGs
[2025-03-12T14:07:20.512+0000] {logging_mixin.py:190} INFO - [2025-03-12T14:07:20.512+0000] {dag.py:4180} INFO - Setting next_dagrun for tutorial to 2025-03-11 00:00:00+00:00, run_after=2025-03-12 00:00:00+00:00
[2025-03-12T14:07:20.528+0000] {processor.py:208} INFO - Processing /home/airflow/.local/lib/python3.12/site-packages/airflow/example_dags/tutorial.py took 0.063 seconds
[2025-03-12T14:07:53.366+0000] {processor.py:186} INFO - Started process (PID=11836) to work on /home/airflow/.local/lib/python3.12/site-packages/airflow/example_dags/tutorial.py
[2025-03-12T14:07:53.367+0000] {processor.py:914} INFO - Processing file /home/airflow/.local/lib/python3.12/site-packages/airflow/example_dags/tutorial.py for tasks to queue
[2025-03-12T14:07:53.369+0000] {logging_mixin.py:190} INFO - [2025-03-12T14:07:53.369+0000] {dagbag.py:588} INFO - Filling up the DagBag from /home/airflow/.local/lib/python3.12/site-packages/airflow/example_dags/tutorial.py
[2025-03-12T14:07:53.375+0000] {processor.py:925} INFO - DAG(s) 'tutorial' retrieved from /home/airflow/.local/lib/python3.12/site-packages/airflow/example_dags/tutorial.py
[2025-03-12T14:07:53.392+0000] {logging_mixin.py:190} INFO - [2025-03-12T14:07:53.392+0000] {dag.py:3239} INFO - Sync 1 DAGs
[2025-03-12T14:07:53.412+0000] {logging_mixin.py:190} INFO - [2025-03-12T14:07:53.412+0000] {dag.py:4180} INFO - Setting next_dagrun for tutorial to 2025-03-11 00:00:00+00:00, run_after=2025-03-12 00:00:00+00:00
[2025-03-12T14:07:53.427+0000] {processor.py:208} INFO - Processing /home/airflow/.local/lib/python3.12/site-packages/airflow/example_dags/tutorial.py took 0.068 seconds
[2025-03-12T14:08:27.154+0000] {processor.py:186} INFO - Started process (PID=12142) to work on /home/airflow/.local/lib/python3.12/site-packages/airflow/example_dags/tutorial.py
[2025-03-12T14:08:27.155+0000] {processor.py:914} INFO - Processing file /home/airflow/.local/lib/python3.12/site-packages/airflow/example_dags/tutorial.py for tasks to queue
[2025-03-12T14:08:27.156+0000] {logging_mixin.py:190} INFO - [2025-03-12T14:08:27.156+0000] {dagbag.py:588} INFO - Filling up the DagBag from /home/airflow/.local/lib/python3.12/site-packages/airflow/example_dags/tutorial.py
[2025-03-12T14:08:27.162+0000] {processor.py:925} INFO - DAG(s) 'tutorial' retrieved from /home/airflow/.local/lib/python3.12/site-packages/airflow/example_dags/tutorial.py
[2025-03-12T14:08:27.177+0000] {logging_mixin.py:190} INFO - [2025-03-12T14:08:27.177+0000] {dag.py:3239} INFO - Sync 1 DAGs
[2025-03-12T14:08:27.192+0000] {logging_mixin.py:190} INFO - [2025-03-12T14:08:27.192+0000] {dag.py:4180} INFO - Setting next_dagrun for tutorial to 2025-03-11 00:00:00+00:00, run_after=2025-03-12 00:00:00+00:00
[2025-03-12T14:08:27.207+0000] {processor.py:208} INFO - Processing /home/airflow/.local/lib/python3.12/site-packages/airflow/example_dags/tutorial.py took 0.057 seconds
[2025-03-12T14:09:00.207+0000] {processor.py:186} INFO - Started process (PID=12448) to work on /home/airflow/.local/lib/python3.12/site-packages/airflow/example_dags/tutorial.py
[2025-03-12T14:09:00.208+0000] {processor.py:914} INFO - Processing file /home/airflow/.local/lib/python3.12/site-packages/airflow/example_dags/tutorial.py for tasks to queue
[2025-03-12T14:09:00.210+0000] {logging_mixin.py:190} INFO - [2025-03-12T14:09:00.210+0000] {dagbag.py:588} INFO - Filling up the DagBag from /home/airflow/.local/lib/python3.12/site-packages/airflow/example_dags/tutorial.py
[2025-03-12T14:09:00.216+0000] {processor.py:925} INFO - DAG(s) 'tutorial' retrieved from /home/airflow/.local/lib/python3.12/site-packages/airflow/example_dags/tutorial.py
[2025-03-12T14:09:00.231+0000] {logging_mixin.py:190} INFO - [2025-03-12T14:09:00.231+0000] {dag.py:3239} INFO - Sync 1 DAGs
[2025-03-12T14:09:00.248+0000] {logging_mixin.py:190} INFO - [2025-03-12T14:09:00.248+0000] {dag.py:4180} INFO - Setting next_dagrun for tutorial to 2025-03-11 00:00:00+00:00, run_after=2025-03-12 00:00:00+00:00
[2025-03-12T14:09:00.263+0000] {processor.py:208} INFO - Processing /home/airflow/.local/lib/python3.12/site-packages/airflow/example_dags/tutorial.py took 0.060 seconds
[2025-03-12T14:09:33.747+0000] {processor.py:186} INFO - Started process (PID=12754) to work on /home/airflow/.local/lib/python3.12/site-packages/airflow/example_dags/tutorial.py
[2025-03-12T14:09:33.748+0000] {processor.py:914} INFO - Processing file /home/airflow/.local/lib/python3.12/site-packages/airflow/example_dags/tutorial.py for tasks to queue
[2025-03-12T14:09:33.750+0000] {logging_mixin.py:190} INFO - [2025-03-12T14:09:33.750+0000] {dagbag.py:588} INFO - Filling up the DagBag from /home/airflow/.local/lib/python3.12/site-packages/airflow/example_dags/tutorial.py
[2025-03-12T14:09:33.756+0000] {processor.py:925} INFO - DAG(s) 'tutorial' retrieved from /home/airflow/.local/lib/python3.12/site-packages/airflow/example_dags/tutorial.py
[2025-03-12T14:09:33.771+0000] {logging_mixin.py:190} INFO - [2025-03-12T14:09:33.771+0000] {dag.py:3239} INFO - Sync 1 DAGs
[2025-03-12T14:09:33.787+0000] {logging_mixin.py:190} INFO - [2025-03-12T14:09:33.787+0000] {dag.py:4180} INFO - Setting next_dagrun for tutorial to 2025-03-11 00:00:00+00:00, run_after=2025-03-12 00:00:00+00:00
[2025-03-12T14:09:33.800+0000] {processor.py:208} INFO - Processing /home/airflow/.local/lib/python3.12/site-packages/airflow/example_dags/tutorial.py took 0.057 seconds
[2025-03-12T14:10:06.663+0000] {processor.py:186} INFO - Started process (PID=13060) to work on /home/airflow/.local/lib/python3.12/site-packages/airflow/example_dags/tutorial.py
[2025-03-12T14:10:06.664+0000] {processor.py:914} INFO - Processing file /home/airflow/.local/lib/python3.12/site-packages/airflow/example_dags/tutorial.py for tasks to queue
[2025-03-12T14:10:06.666+0000] {logging_mixin.py:190} INFO - [2025-03-12T14:10:06.665+0000] {dagbag.py:588} INFO - Filling up the DagBag from /home/airflow/.local/lib/python3.12/site-packages/airflow/example_dags/tutorial.py
[2025-03-12T14:10:06.671+0000] {processor.py:925} INFO - DAG(s) 'tutorial' retrieved from /home/airflow/.local/lib/python3.12/site-packages/airflow/example_dags/tutorial.py
[2025-03-12T14:10:06.686+0000] {logging_mixin.py:190} INFO - [2025-03-12T14:10:06.685+0000] {dag.py:3239} INFO - Sync 1 DAGs
[2025-03-12T14:10:06.705+0000] {logging_mixin.py:190} INFO - [2025-03-12T14:10:06.705+0000] {dag.py:4180} INFO - Setting next_dagrun for tutorial to 2025-03-11 00:00:00+00:00, run_after=2025-03-12 00:00:00+00:00
[2025-03-12T14:10:06.722+0000] {processor.py:208} INFO - Processing /home/airflow/.local/lib/python3.12/site-packages/airflow/example_dags/tutorial.py took 0.063 seconds
[2025-03-12T14:10:39.600+0000] {processor.py:186} INFO - Started process (PID=13366) to work on /home/airflow/.local/lib/python3.12/site-packages/airflow/example_dags/tutorial.py
[2025-03-12T14:10:39.601+0000] {processor.py:914} INFO - Processing file /home/airflow/.local/lib/python3.12/site-packages/airflow/example_dags/tutorial.py for tasks to queue
[2025-03-12T14:10:39.603+0000] {logging_mixin.py:190} INFO - [2025-03-12T14:10:39.603+0000] {dagbag.py:588} INFO - Filling up the DagBag from /home/airflow/.local/lib/python3.12/site-packages/airflow/example_dags/tutorial.py
[2025-03-12T14:10:39.609+0000] {processor.py:925} INFO - DAG(s) 'tutorial' retrieved from /home/airflow/.local/lib/python3.12/site-packages/airflow/example_dags/tutorial.py
[2025-03-12T14:10:39.625+0000] {logging_mixin.py:190} INFO - [2025-03-12T14:10:39.624+0000] {dag.py:3239} INFO - Sync 1 DAGs
[2025-03-12T14:10:39.641+0000] {logging_mixin.py:190} INFO - [2025-03-12T14:10:39.641+0000] {dag.py:4180} INFO - Setting next_dagrun for tutorial to 2025-03-11 00:00:00+00:00, run_after=2025-03-12 00:00:00+00:00
[2025-03-12T14:10:39.657+0000] {processor.py:208} INFO - Processing /home/airflow/.local/lib/python3.12/site-packages/airflow/example_dags/tutorial.py took 0.061 seconds
[2025-03-12T14:11:13.540+0000] {processor.py:186} INFO - Started process (PID=13672) to work on /home/airflow/.local/lib/python3.12/site-packages/airflow/example_dags/tutorial.py
[2025-03-12T14:11:13.541+0000] {processor.py:914} INFO - Processing file /home/airflow/.local/lib/python3.12/site-packages/airflow/example_dags/tutorial.py for tasks to queue
[2025-03-12T14:11:13.543+0000] {logging_mixin.py:190} INFO - [2025-03-12T14:11:13.543+0000] {dagbag.py:588} INFO - Filling up the DagBag from /home/airflow/.local/lib/python3.12/site-packages/airflow/example_dags/tutorial.py
[2025-03-12T14:11:13.549+0000] {processor.py:925} INFO - DAG(s) 'tutorial' retrieved from /home/airflow/.local/lib/python3.12/site-packages/airflow/example_dags/tutorial.py
[2025-03-12T14:11:13.564+0000] {logging_mixin.py:190} INFO - [2025-03-12T14:11:13.564+0000] {dag.py:3239} INFO - Sync 1 DAGs
[2025-03-12T14:11:13.591+0000] {logging_mixin.py:190} INFO - [2025-03-12T14:11:13.591+0000] {dag.py:4180} INFO - Setting next_dagrun for tutorial to 2025-03-11 00:00:00+00:00, run_after=2025-03-12 00:00:00+00:00
[2025-03-12T14:11:13.613+0000] {processor.py:208} INFO - Processing /home/airflow/.local/lib/python3.12/site-packages/airflow/example_dags/tutorial.py took 0.079 seconds
[2025-03-12T14:11:46.703+0000] {processor.py:186} INFO - Started process (PID=13979) to work on /home/airflow/.local/lib/python3.12/site-packages/airflow/example_dags/tutorial.py
[2025-03-12T14:11:46.704+0000] {processor.py:914} INFO - Processing file /home/airflow/.local/lib/python3.12/site-packages/airflow/example_dags/tutorial.py for tasks to queue
[2025-03-12T14:11:46.706+0000] {logging_mixin.py:190} INFO - [2025-03-12T14:11:46.705+0000] {dagbag.py:588} INFO - Filling up the DagBag from /home/airflow/.local/lib/python3.12/site-packages/airflow/example_dags/tutorial.py
[2025-03-12T14:11:46.712+0000] {processor.py:925} INFO - DAG(s) 'tutorial' retrieved from /home/airflow/.local/lib/python3.12/site-packages/airflow/example_dags/tutorial.py
[2025-03-12T14:11:46.726+0000] {logging_mixin.py:190} INFO - [2025-03-12T14:11:46.726+0000] {dag.py:3239} INFO - Sync 1 DAGs
[2025-03-12T14:11:46.745+0000] {logging_mixin.py:190} INFO - [2025-03-12T14:11:46.745+0000] {dag.py:4180} INFO - Setting next_dagrun for tutorial to 2025-03-11 00:00:00+00:00, run_after=2025-03-12 00:00:00+00:00
[2025-03-12T14:11:46.758+0000] {processor.py:208} INFO - Processing /home/airflow/.local/lib/python3.12/site-packages/airflow/example_dags/tutorial.py took 0.059 seconds
[2025-03-12T14:12:20.871+0000] {processor.py:186} INFO - Started process (PID=14285) to work on /home/airflow/.local/lib/python3.12/site-packages/airflow/example_dags/tutorial.py
[2025-03-12T14:12:20.872+0000] {processor.py:914} INFO - Processing file /home/airflow/.local/lib/python3.12/site-packages/airflow/example_dags/tutorial.py for tasks to queue
[2025-03-12T14:12:20.874+0000] {logging_mixin.py:190} INFO - [2025-03-12T14:12:20.874+0000] {dagbag.py:588} INFO - Filling up the DagBag from /home/airflow/.local/lib/python3.12/site-packages/airflow/example_dags/tutorial.py
[2025-03-12T14:12:20.882+0000] {processor.py:925} INFO - DAG(s) 'tutorial' retrieved from /home/airflow/.local/lib/python3.12/site-packages/airflow/example_dags/tutorial.py
[2025-03-12T14:12:20.898+0000] {logging_mixin.py:190} INFO - [2025-03-12T14:12:20.898+0000] {dag.py:3239} INFO - Sync 1 DAGs
[2025-03-12T14:12:20.923+0000] {logging_mixin.py:190} INFO - [2025-03-12T14:12:20.923+0000] {dag.py:4180} INFO - Setting next_dagrun for tutorial to 2025-03-11 00:00:00+00:00, run_after=2025-03-12 00:00:00+00:00
[2025-03-12T14:12:20.939+0000] {processor.py:208} INFO - Processing /home/airflow/.local/lib/python3.12/site-packages/airflow/example_dags/tutorial.py took 0.073 seconds
[2025-03-12T14:14:00.587+0000] {processor.py:186} INFO - Started process (PID=214) to work on /home/airflow/.local/lib/python3.12/site-packages/airflow/example_dags/tutorial.py
[2025-03-12T14:14:00.588+0000] {processor.py:914} INFO - Processing file /home/airflow/.local/lib/python3.12/site-packages/airflow/example_dags/tutorial.py for tasks to queue
[2025-03-12T14:14:00.591+0000] {logging_mixin.py:190} INFO - [2025-03-12T14:14:00.590+0000] {dagbag.py:588} INFO - Filling up the DagBag from /home/airflow/.local/lib/python3.12/site-packages/airflow/example_dags/tutorial.py
[2025-03-12T14:14:00.600+0000] {processor.py:925} INFO - DAG(s) 'tutorial' retrieved from /home/airflow/.local/lib/python3.12/site-packages/airflow/example_dags/tutorial.py
[2025-03-12T14:14:00.708+0000] {logging_mixin.py:190} INFO - [2025-03-12T14:14:00.707+0000] {override.py:1912} INFO - Created Permission View: can read on DAG:tutorial
[2025-03-12T14:14:00.717+0000] {logging_mixin.py:190} INFO - [2025-03-12T14:14:00.717+0000] {override.py:1912} INFO - Created Permission View: can edit on DAG:tutorial
[2025-03-12T14:14:00.725+0000] {logging_mixin.py:190} INFO - [2025-03-12T14:14:00.725+0000] {override.py:1912} INFO - Created Permission View: can delete on DAG:tutorial
[2025-03-12T14:14:00.734+0000] {logging_mixin.py:190} INFO - [2025-03-12T14:14:00.733+0000] {override.py:1912} INFO - Created Permission View: can create on DAG Run:tutorial
[2025-03-12T14:14:00.741+0000] {logging_mixin.py:190} INFO - [2025-03-12T14:14:00.740+0000] {override.py:1912} INFO - Created Permission View: can read on DAG Run:tutorial
[2025-03-12T14:14:00.747+0000] {logging_mixin.py:190} INFO - [2025-03-12T14:14:00.746+0000] {override.py:1912} INFO - Created Permission View: menu access on DAG Run:tutorial
[2025-03-12T14:14:00.753+0000] {logging_mixin.py:190} INFO - [2025-03-12T14:14:00.753+0000] {override.py:1912} INFO - Created Permission View: can delete on DAG Run:tutorial
[2025-03-12T14:14:00.754+0000] {logging_mixin.py:190} INFO - [2025-03-12T14:14:00.754+0000] {dag.py:3239} INFO - Sync 1 DAGs
[2025-03-12T14:14:00.767+0000] {logging_mixin.py:190} INFO - [2025-03-12T14:14:00.767+0000] {dag.py:3262} INFO - Creating ORM DAG for tutorial
[2025-03-12T14:14:00.776+0000] {logging_mixin.py:190} INFO - [2025-03-12T14:14:00.776+0000] {dag.py:4180} INFO - Setting next_dagrun for tutorial to 2025-03-11 00:00:00+00:00, run_after=2025-03-12 00:00:00+00:00
[2025-03-12T14:14:00.792+0000] {processor.py:208} INFO - Processing /home/airflow/.local/lib/python3.12/site-packages/airflow/example_dags/tutorial.py took 0.211 seconds
[2025-03-12T14:14:33.010+0000] {processor.py:186} INFO - Started process (PID=520) to work on /home/airflow/.local/lib/python3.12/site-packages/airflow/example_dags/tutorial.py
[2025-03-12T14:14:33.011+0000] {processor.py:914} INFO - Processing file /home/airflow/.local/lib/python3.12/site-packages/airflow/example_dags/tutorial.py for tasks to queue
[2025-03-12T14:14:33.013+0000] {logging_mixin.py:190} INFO - [2025-03-12T14:14:33.013+0000] {dagbag.py:588} INFO - Filling up the DagBag from /home/airflow/.local/lib/python3.12/site-packages/airflow/example_dags/tutorial.py
[2025-03-12T14:14:33.021+0000] {processor.py:925} INFO - DAG(s) 'tutorial' retrieved from /home/airflow/.local/lib/python3.12/site-packages/airflow/example_dags/tutorial.py
[2025-03-12T14:14:33.041+0000] {logging_mixin.py:190} INFO - [2025-03-12T14:14:33.041+0000] {dag.py:3239} INFO - Sync 1 DAGs
[2025-03-12T14:14:33.064+0000] {logging_mixin.py:190} INFO - [2025-03-12T14:14:33.064+0000] {dag.py:4180} INFO - Setting next_dagrun for tutorial to 2025-03-11 00:00:00+00:00, run_after=2025-03-12 00:00:00+00:00
[2025-03-12T14:14:33.082+0000] {processor.py:208} INFO - Processing /home/airflow/.local/lib/python3.12/site-packages/airflow/example_dags/tutorial.py took 0.077 seconds
[2025-03-12T14:15:06.881+0000] {processor.py:186} INFO - Started process (PID=826) to work on /home/airflow/.local/lib/python3.12/site-packages/airflow/example_dags/tutorial.py
[2025-03-12T14:15:06.881+0000] {processor.py:914} INFO - Processing file /home/airflow/.local/lib/python3.12/site-packages/airflow/example_dags/tutorial.py for tasks to queue
[2025-03-12T14:15:06.883+0000] {logging_mixin.py:190} INFO - [2025-03-12T14:15:06.883+0000] {dagbag.py:588} INFO - Filling up the DagBag from /home/airflow/.local/lib/python3.12/site-packages/airflow/example_dags/tutorial.py
[2025-03-12T14:15:06.889+0000] {processor.py:925} INFO - DAG(s) 'tutorial' retrieved from /home/airflow/.local/lib/python3.12/site-packages/airflow/example_dags/tutorial.py
[2025-03-12T14:15:06.904+0000] {logging_mixin.py:190} INFO - [2025-03-12T14:15:06.904+0000] {dag.py:3239} INFO - Sync 1 DAGs
[2025-03-12T14:15:06.923+0000] {logging_mixin.py:190} INFO - [2025-03-12T14:15:06.923+0000] {dag.py:4180} INFO - Setting next_dagrun for tutorial to 2025-03-11 00:00:00+00:00, run_after=2025-03-12 00:00:00+00:00
[2025-03-12T14:15:06.940+0000] {processor.py:208} INFO - Processing /home/airflow/.local/lib/python3.12/site-packages/airflow/example_dags/tutorial.py took 0.064 seconds
[2025-03-12T14:15:40.598+0000] {processor.py:186} INFO - Started process (PID=1132) to work on /home/airflow/.local/lib/python3.12/site-packages/airflow/example_dags/tutorial.py
[2025-03-12T14:15:40.598+0000] {processor.py:914} INFO - Processing file /home/airflow/.local/lib/python3.12/site-packages/airflow/example_dags/tutorial.py for tasks to queue
[2025-03-12T14:15:40.600+0000] {logging_mixin.py:190} INFO - [2025-03-12T14:15:40.600+0000] {dagbag.py:588} INFO - Filling up the DagBag from /home/airflow/.local/lib/python3.12/site-packages/airflow/example_dags/tutorial.py
[2025-03-12T14:15:40.607+0000] {processor.py:925} INFO - DAG(s) 'tutorial' retrieved from /home/airflow/.local/lib/python3.12/site-packages/airflow/example_dags/tutorial.py
[2025-03-12T14:15:40.623+0000] {logging_mixin.py:190} INFO - [2025-03-12T14:15:40.622+0000] {dag.py:3239} INFO - Sync 1 DAGs
[2025-03-12T14:15:40.640+0000] {logging_mixin.py:190} INFO - [2025-03-12T14:15:40.639+0000] {dag.py:4180} INFO - Setting next_dagrun for tutorial to 2025-03-11 00:00:00+00:00, run_after=2025-03-12 00:00:00+00:00
[2025-03-12T14:15:40.654+0000] {processor.py:208} INFO - Processing /home/airflow/.local/lib/python3.12/site-packages/airflow/example_dags/tutorial.py took 0.061 seconds
[2025-03-12T14:16:13.686+0000] {processor.py:186} INFO - Started process (PID=1438) to work on /home/airflow/.local/lib/python3.12/site-packages/airflow/example_dags/tutorial.py
[2025-03-12T14:16:13.687+0000] {processor.py:914} INFO - Processing file /home/airflow/.local/lib/python3.12/site-packages/airflow/example_dags/tutorial.py for tasks to queue
[2025-03-12T14:16:13.688+0000] {logging_mixin.py:190} INFO - [2025-03-12T14:16:13.688+0000] {dagbag.py:588} INFO - Filling up the DagBag from /home/airflow/.local/lib/python3.12/site-packages/airflow/example_dags/tutorial.py
[2025-03-12T14:16:13.694+0000] {processor.py:925} INFO - DAG(s) 'tutorial' retrieved from /home/airflow/.local/lib/python3.12/site-packages/airflow/example_dags/tutorial.py
[2025-03-12T14:16:13.710+0000] {logging_mixin.py:190} INFO - [2025-03-12T14:16:13.710+0000] {dag.py:3239} INFO - Sync 1 DAGs
[2025-03-12T14:16:13.725+0000] {logging_mixin.py:190} INFO - [2025-03-12T14:16:13.725+0000] {dag.py:4180} INFO - Setting next_dagrun for tutorial to 2025-03-11 00:00:00+00:00, run_after=2025-03-12 00:00:00+00:00
[2025-03-12T14:16:13.741+0000] {processor.py:208} INFO - Processing /home/airflow/.local/lib/python3.12/site-packages/airflow/example_dags/tutorial.py took 0.059 seconds
[2025-03-12T14:16:47.223+0000] {processor.py:186} INFO - Started process (PID=1745) to work on /home/airflow/.local/lib/python3.12/site-packages/airflow/example_dags/tutorial.py
[2025-03-12T14:16:47.224+0000] {processor.py:914} INFO - Processing file /home/airflow/.local/lib/python3.12/site-packages/airflow/example_dags/tutorial.py for tasks to queue
[2025-03-12T14:16:47.226+0000] {logging_mixin.py:190} INFO - [2025-03-12T14:16:47.226+0000] {dagbag.py:588} INFO - Filling up the DagBag from /home/airflow/.local/lib/python3.12/site-packages/airflow/example_dags/tutorial.py
[2025-03-12T14:16:47.232+0000] {processor.py:925} INFO - DAG(s) 'tutorial' retrieved from /home/airflow/.local/lib/python3.12/site-packages/airflow/example_dags/tutorial.py
[2025-03-12T14:16:47.248+0000] {logging_mixin.py:190} INFO - [2025-03-12T14:16:47.248+0000] {dag.py:3239} INFO - Sync 1 DAGs
[2025-03-12T14:16:47.269+0000] {logging_mixin.py:190} INFO - [2025-03-12T14:16:47.269+0000] {dag.py:4180} INFO - Setting next_dagrun for tutorial to 2025-03-11 00:00:00+00:00, run_after=2025-03-12 00:00:00+00:00
[2025-03-12T14:16:47.287+0000] {processor.py:208} INFO - Processing /home/airflow/.local/lib/python3.12/site-packages/airflow/example_dags/tutorial.py took 0.068 seconds
[2025-03-12T14:17:20.321+0000] {processor.py:186} INFO - Started process (PID=2051) to work on /home/airflow/.local/lib/python3.12/site-packages/airflow/example_dags/tutorial.py
[2025-03-12T14:17:20.322+0000] {processor.py:914} INFO - Processing file /home/airflow/.local/lib/python3.12/site-packages/airflow/example_dags/tutorial.py for tasks to queue
[2025-03-12T14:17:20.324+0000] {logging_mixin.py:190} INFO - [2025-03-12T14:17:20.324+0000] {dagbag.py:588} INFO - Filling up the DagBag from /home/airflow/.local/lib/python3.12/site-packages/airflow/example_dags/tutorial.py
[2025-03-12T14:17:20.330+0000] {processor.py:925} INFO - DAG(s) 'tutorial' retrieved from /home/airflow/.local/lib/python3.12/site-packages/airflow/example_dags/tutorial.py
[2025-03-12T14:17:20.345+0000] {logging_mixin.py:190} INFO - [2025-03-12T14:17:20.345+0000] {dag.py:3239} INFO - Sync 1 DAGs
[2025-03-12T14:17:20.363+0000] {logging_mixin.py:190} INFO - [2025-03-12T14:17:20.362+0000] {dag.py:4180} INFO - Setting next_dagrun for tutorial to 2025-03-11 00:00:00+00:00, run_after=2025-03-12 00:00:00+00:00
[2025-03-12T14:17:20.377+0000] {processor.py:208} INFO - Processing /home/airflow/.local/lib/python3.12/site-packages/airflow/example_dags/tutorial.py took 0.060 seconds
[2025-03-12T14:17:53.728+0000] {processor.py:186} INFO - Started process (PID=2357) to work on /home/airflow/.local/lib/python3.12/site-packages/airflow/example_dags/tutorial.py
[2025-03-12T14:17:53.729+0000] {processor.py:914} INFO - Processing file /home/airflow/.local/lib/python3.12/site-packages/airflow/example_dags/tutorial.py for tasks to queue
[2025-03-12T14:17:53.731+0000] {logging_mixin.py:190} INFO - [2025-03-12T14:17:53.731+0000] {dagbag.py:588} INFO - Filling up the DagBag from /home/airflow/.local/lib/python3.12/site-packages/airflow/example_dags/tutorial.py
[2025-03-12T14:17:53.737+0000] {processor.py:925} INFO - DAG(s) 'tutorial' retrieved from /home/airflow/.local/lib/python3.12/site-packages/airflow/example_dags/tutorial.py
[2025-03-12T14:17:53.751+0000] {logging_mixin.py:190} INFO - [2025-03-12T14:17:53.751+0000] {dag.py:3239} INFO - Sync 1 DAGs
[2025-03-12T14:17:53.770+0000] {logging_mixin.py:190} INFO - [2025-03-12T14:17:53.770+0000] {dag.py:4180} INFO - Setting next_dagrun for tutorial to 2025-03-11 00:00:00+00:00, run_after=2025-03-12 00:00:00+00:00
[2025-03-12T14:17:53.784+0000] {processor.py:208} INFO - Processing /home/airflow/.local/lib/python3.12/site-packages/airflow/example_dags/tutorial.py took 0.060 seconds
[2025-03-12T14:18:27.099+0000] {processor.py:186} INFO - Started process (PID=2663) to work on /home/airflow/.local/lib/python3.12/site-packages/airflow/example_dags/tutorial.py
[2025-03-12T14:18:27.100+0000] {processor.py:914} INFO - Processing file /home/airflow/.local/lib/python3.12/site-packages/airflow/example_dags/tutorial.py for tasks to queue
[2025-03-12T14:18:27.103+0000] {logging_mixin.py:190} INFO - [2025-03-12T14:18:27.103+0000] {dagbag.py:588} INFO - Filling up the DagBag from /home/airflow/.local/lib/python3.12/site-packages/airflow/example_dags/tutorial.py
[2025-03-12T14:18:27.111+0000] {processor.py:925} INFO - DAG(s) 'tutorial' retrieved from /home/airflow/.local/lib/python3.12/site-packages/airflow/example_dags/tutorial.py
[2025-03-12T14:18:27.131+0000] {logging_mixin.py:190} INFO - [2025-03-12T14:18:27.130+0000] {dag.py:3239} INFO - Sync 1 DAGs
[2025-03-12T14:18:27.152+0000] {logging_mixin.py:190} INFO - [2025-03-12T14:18:27.152+0000] {dag.py:4180} INFO - Setting next_dagrun for tutorial to 2025-03-11 00:00:00+00:00, run_after=2025-03-12 00:00:00+00:00
[2025-03-12T14:18:27.170+0000] {processor.py:208} INFO - Processing /home/airflow/.local/lib/python3.12/site-packages/airflow/example_dags/tutorial.py took 0.075 seconds
[2025-03-12T14:18:59.828+0000] {processor.py:186} INFO - Started process (PID=2969) to work on /home/airflow/.local/lib/python3.12/site-packages/airflow/example_dags/tutorial.py
[2025-03-12T14:18:59.829+0000] {processor.py:914} INFO - Processing file /home/airflow/.local/lib/python3.12/site-packages/airflow/example_dags/tutorial.py for tasks to queue
[2025-03-12T14:18:59.831+0000] {logging_mixin.py:190} INFO - [2025-03-12T14:18:59.830+0000] {dagbag.py:588} INFO - Filling up the DagBag from /home/airflow/.local/lib/python3.12/site-packages/airflow/example_dags/tutorial.py
[2025-03-12T14:18:59.837+0000] {processor.py:925} INFO - DAG(s) 'tutorial' retrieved from /home/airflow/.local/lib/python3.12/site-packages/airflow/example_dags/tutorial.py
[2025-03-12T14:18:59.852+0000] {logging_mixin.py:190} INFO - [2025-03-12T14:18:59.851+0000] {dag.py:3239} INFO - Sync 1 DAGs
[2025-03-12T14:18:59.867+0000] {logging_mixin.py:190} INFO - [2025-03-12T14:18:59.867+0000] {dag.py:4180} INFO - Setting next_dagrun for tutorial to 2025-03-11 00:00:00+00:00, run_after=2025-03-12 00:00:00+00:00
[2025-03-12T14:18:59.882+0000] {processor.py:208} INFO - Processing /home/airflow/.local/lib/python3.12/site-packages/airflow/example_dags/tutorial.py took 0.058 seconds
[2025-03-12T14:19:33.896+0000] {processor.py:186} INFO - Started process (PID=3275) to work on /home/airflow/.local/lib/python3.12/site-packages/airflow/example_dags/tutorial.py
[2025-03-12T14:19:33.896+0000] {processor.py:914} INFO - Processing file /home/airflow/.local/lib/python3.12/site-packages/airflow/example_dags/tutorial.py for tasks to queue
[2025-03-12T14:19:33.898+0000] {logging_mixin.py:190} INFO - [2025-03-12T14:19:33.898+0000] {dagbag.py:588} INFO - Filling up the DagBag from /home/airflow/.local/lib/python3.12/site-packages/airflow/example_dags/tutorial.py
[2025-03-12T14:19:33.905+0000] {processor.py:925} INFO - DAG(s) 'tutorial' retrieved from /home/airflow/.local/lib/python3.12/site-packages/airflow/example_dags/tutorial.py
[2025-03-12T14:19:33.921+0000] {logging_mixin.py:190} INFO - [2025-03-12T14:19:33.921+0000] {dag.py:3239} INFO - Sync 1 DAGs
[2025-03-12T14:19:33.938+0000] {logging_mixin.py:190} INFO - [2025-03-12T14:19:33.938+0000] {dag.py:4180} INFO - Setting next_dagrun for tutorial to 2025-03-11 00:00:00+00:00, run_after=2025-03-12 00:00:00+00:00
[2025-03-12T14:19:33.953+0000] {processor.py:208} INFO - Processing /home/airflow/.local/lib/python3.12/site-packages/airflow/example_dags/tutorial.py took 0.061 seconds
