[2025-03-07T14:35:25.423+0000] {local_task_job_runner.py:123} INFO - ::group::Pre task execution logs
[2025-03-07T14:35:25.435+0000] {taskinstance.py:2614} INFO - Dependencies all met for dep_context=non-requeueable deps ti=<TaskInstance: A_First_dag_python_operator_v01.first_task manual__2025-03-07T14:35:23.734385+00:00 [queued]>
[2025-03-07T14:35:25.442+0000] {taskinstance.py:2614} INFO - Dependencies all met for dep_context=requeueable deps ti=<TaskInstance: A_First_dag_python_operator_v01.first_task manual__2025-03-07T14:35:23.734385+00:00 [queued]>
[2025-03-07T14:35:25.443+0000] {taskinstance.py:2867} INFO - Starting attempt 1 of 5
[2025-03-07T14:35:25.455+0000] {taskinstance.py:2890} INFO - Executing <Task(PythonOperator): first_task> on 2025-03-07 14:35:23.734385+00:00
[2025-03-07T14:35:25.462+0000] {standard_task_runner.py:104} INFO - Running: ['***', 'tasks', 'run', 'A_First_dag_python_operator_v01', 'first_task', 'manual__2025-03-07T14:35:23.734385+00:00', '--job-id', '44', '--raw', '--subdir', 'DAGS_FOLDER/create_dag_with_python_operator.py', '--cfg-path', '/tmp/tmpl49bqrx2']
[2025-03-07T14:35:25.463+0000] {logging_mixin.py:190} WARNING - /home/***/.local/lib/python3.12/site-packages/***/task/task_runner/standard_task_runner.py:70 DeprecationWarning: This process (pid=97262) is multi-threaded, use of fork() may lead to deadlocks in the child.
[2025-03-07T14:35:25.463+0000] {standard_task_runner.py:105} INFO - Job 44: Subtask first_task
[2025-03-07T14:35:25.464+0000] {standard_task_runner.py:72} INFO - Started process 97263 to run task
[2025-03-07T14:35:25.511+0000] {task_command.py:467} INFO - Running <TaskInstance: A_First_dag_python_operator_v01.first_task manual__2025-03-07T14:35:23.734385+00:00 [running]> on host 9462f8147d13
[2025-03-07T14:35:25.583+0000] {taskinstance.py:3134} INFO - Exporting env vars: AIRFLOW_CTX_DAG_OWNER='***' AIRFLOW_CTX_DAG_ID='A_First_dag_python_operator_v01' AIRFLOW_CTX_TASK_ID='first_task' AIRFLOW_CTX_EXECUTION_DATE='2025-03-07T14:35:23.734385+00:00' AIRFLOW_CTX_TRY_NUMBER='1' AIRFLOW_CTX_DAG_RUN_ID='manual__2025-03-07T14:35:23.734385+00:00'
[2025-03-07T14:35:25.585+0000] {logging_mixin.py:190} INFO - Task instance is in running state
[2025-03-07T14:35:25.585+0000] {logging_mixin.py:190} INFO -  Previous state of the Task instance: queued
[2025-03-07T14:35:25.586+0000] {logging_mixin.py:190} INFO - Current task name:first_task state:running start_date:2025-03-07 14:35:25.436428+00:00
[2025-03-07T14:35:25.587+0000] {logging_mixin.py:190} INFO - Dag name:A_First_dag_python_operator_v01 and current dag run status:running
[2025-03-07T14:35:25.587+0000] {taskinstance.py:732} INFO - ::endgroup::
[2025-03-07T14:35:25.588+0000] {logging_mixin.py:190} INFO - Hello from the greet functionhi, my name is Mr Cop, my name is Mr Copand I am your Lecturer
[2025-03-07T14:35:25.589+0000] {python.py:240} INFO - Done. Returned value was: None
[2025-03-07T14:35:25.596+0000] {taskinstance.py:341} INFO - ::group::Post task execution logs
[2025-03-07T14:35:25.597+0000] {taskinstance.py:353} INFO - Marking task as SUCCESS. dag_id=A_First_dag_python_operator_v01, task_id=first_task, run_id=manual__2025-03-07T14:35:23.734385+00:00, execution_date=20250307T143523, start_date=20250307T143525, end_date=20250307T143525
[2025-03-07T14:35:25.616+0000] {logging_mixin.py:190} INFO - Task instance in success state
[2025-03-07T14:35:25.616+0000] {logging_mixin.py:190} INFO -  Previous state of the Task instance: running
[2025-03-07T14:35:25.617+0000] {logging_mixin.py:190} INFO - Dag name:A_First_dag_python_operator_v01 queued_at:2025-03-07 14:35:23.742578+00:00
[2025-03-07T14:35:25.617+0000] {logging_mixin.py:190} INFO - Task hostname:9462f8147d13 operator:PythonOperator
[2025-03-07T14:35:25.639+0000] {local_task_job_runner.py:266} INFO - Task exited with return code 0
[2025-03-07T14:35:25.650+0000] {taskinstance.py:3901} INFO - 0 downstream tasks scheduled from follow-on schedule check
[2025-03-07T14:35:25.653+0000] {local_task_job_runner.py:245} INFO - ::endgroup::
